[2025-08-06T13:56:56.618-0400] {processor.py:186} INFO - Started process (PID=17644) to work on /home/huynguyen2741/airflow_venv/lib/python3.12/site-packages/airflow/example_dags/subdags/subdag.py
[2025-08-06T13:56:56.620-0400] {processor.py:914} INFO - Processing file /home/huynguyen2741/airflow_venv/lib/python3.12/site-packages/airflow/example_dags/subdags/subdag.py for tasks to queue
[2025-08-06T13:56:56.622-0400] {logging_mixin.py:190} INFO - [2025-08-06T13:56:56.622-0400] {dagbag.py:588} INFO - Filling up the DagBag from /home/huynguyen2741/airflow_venv/lib/python3.12/site-packages/airflow/example_dags/subdags/subdag.py
[2025-08-06T13:56:56.626-0400] {processor.py:927} WARNING - No viable dags retrieved from /home/huynguyen2741/airflow_venv/lib/python3.12/site-packages/airflow/example_dags/subdags/subdag.py
[2025-08-06T13:56:56.638-0400] {processor.py:208} INFO - Processing /home/huynguyen2741/airflow_venv/lib/python3.12/site-packages/airflow/example_dags/subdags/subdag.py took 0.028 seconds
[2025-08-06T13:58:05.230-0400] {processor.py:186} INFO - Started process (PID=17895) to work on /home/huynguyen2741/airflow_venv/lib/python3.12/site-packages/airflow/example_dags/subdags/subdag.py
[2025-08-06T13:58:05.232-0400] {processor.py:914} INFO - Processing file /home/huynguyen2741/airflow_venv/lib/python3.12/site-packages/airflow/example_dags/subdags/subdag.py for tasks to queue
[2025-08-06T13:58:05.234-0400] {logging_mixin.py:190} INFO - [2025-08-06T13:58:05.233-0400] {dagbag.py:588} INFO - Filling up the DagBag from /home/huynguyen2741/airflow_venv/lib/python3.12/site-packages/airflow/example_dags/subdags/subdag.py
[2025-08-06T13:58:05.236-0400] {processor.py:927} WARNING - No viable dags retrieved from /home/huynguyen2741/airflow_venv/lib/python3.12/site-packages/airflow/example_dags/subdags/subdag.py
[2025-08-06T13:58:05.246-0400] {processor.py:208} INFO - Processing /home/huynguyen2741/airflow_venv/lib/python3.12/site-packages/airflow/example_dags/subdags/subdag.py took 0.022 seconds
[2025-08-06T13:59:04.689-0400] {processor.py:186} INFO - Started process (PID=18109) to work on /home/huynguyen2741/airflow_venv/lib/python3.12/site-packages/airflow/example_dags/subdags/subdag.py
[2025-08-06T13:59:04.690-0400] {processor.py:914} INFO - Processing file /home/huynguyen2741/airflow_venv/lib/python3.12/site-packages/airflow/example_dags/subdags/subdag.py for tasks to queue
[2025-08-06T13:59:04.692-0400] {logging_mixin.py:190} INFO - [2025-08-06T13:59:04.692-0400] {dagbag.py:588} INFO - Filling up the DagBag from /home/huynguyen2741/airflow_venv/lib/python3.12/site-packages/airflow/example_dags/subdags/subdag.py
[2025-08-06T13:59:04.694-0400] {processor.py:927} WARNING - No viable dags retrieved from /home/huynguyen2741/airflow_venv/lib/python3.12/site-packages/airflow/example_dags/subdags/subdag.py
[2025-08-06T13:59:04.701-0400] {processor.py:208} INFO - Processing /home/huynguyen2741/airflow_venv/lib/python3.12/site-packages/airflow/example_dags/subdags/subdag.py took 0.017 seconds
[2025-08-06T14:00:07.691-0400] {processor.py:186} INFO - Started process (PID=18328) to work on /home/huynguyen2741/airflow_venv/lib/python3.12/site-packages/airflow/example_dags/subdags/subdag.py
[2025-08-06T14:00:07.695-0400] {processor.py:914} INFO - Processing file /home/huynguyen2741/airflow_venv/lib/python3.12/site-packages/airflow/example_dags/subdags/subdag.py for tasks to queue
[2025-08-06T14:00:07.697-0400] {logging_mixin.py:190} INFO - [2025-08-06T14:00:07.697-0400] {dagbag.py:588} INFO - Filling up the DagBag from /home/huynguyen2741/airflow_venv/lib/python3.12/site-packages/airflow/example_dags/subdags/subdag.py
[2025-08-06T14:00:07.699-0400] {processor.py:927} WARNING - No viable dags retrieved from /home/huynguyen2741/airflow_venv/lib/python3.12/site-packages/airflow/example_dags/subdags/subdag.py
[2025-08-06T14:00:07.706-0400] {processor.py:208} INFO - Processing /home/huynguyen2741/airflow_venv/lib/python3.12/site-packages/airflow/example_dags/subdags/subdag.py took 0.020 seconds
[2025-08-06T14:01:08.644-0400] {processor.py:186} INFO - Started process (PID=18555) to work on /home/huynguyen2741/airflow_venv/lib/python3.12/site-packages/airflow/example_dags/subdags/subdag.py
[2025-08-06T14:01:08.645-0400] {processor.py:914} INFO - Processing file /home/huynguyen2741/airflow_venv/lib/python3.12/site-packages/airflow/example_dags/subdags/subdag.py for tasks to queue
[2025-08-06T14:01:08.647-0400] {logging_mixin.py:190} INFO - [2025-08-06T14:01:08.646-0400] {dagbag.py:588} INFO - Filling up the DagBag from /home/huynguyen2741/airflow_venv/lib/python3.12/site-packages/airflow/example_dags/subdags/subdag.py
[2025-08-06T14:01:08.649-0400] {processor.py:927} WARNING - No viable dags retrieved from /home/huynguyen2741/airflow_venv/lib/python3.12/site-packages/airflow/example_dags/subdags/subdag.py
[2025-08-06T14:01:08.656-0400] {processor.py:208} INFO - Processing /home/huynguyen2741/airflow_venv/lib/python3.12/site-packages/airflow/example_dags/subdags/subdag.py took 0.017 seconds
[2025-08-06T14:02:11.942-0400] {processor.py:186} INFO - Started process (PID=18782) to work on /home/huynguyen2741/airflow_venv/lib/python3.12/site-packages/airflow/example_dags/subdags/subdag.py
[2025-08-06T14:02:11.946-0400] {processor.py:914} INFO - Processing file /home/huynguyen2741/airflow_venv/lib/python3.12/site-packages/airflow/example_dags/subdags/subdag.py for tasks to queue
[2025-08-06T14:02:11.947-0400] {logging_mixin.py:190} INFO - [2025-08-06T14:02:11.947-0400] {dagbag.py:588} INFO - Filling up the DagBag from /home/huynguyen2741/airflow_venv/lib/python3.12/site-packages/airflow/example_dags/subdags/subdag.py
[2025-08-06T14:02:11.949-0400] {processor.py:927} WARNING - No viable dags retrieved from /home/huynguyen2741/airflow_venv/lib/python3.12/site-packages/airflow/example_dags/subdags/subdag.py
[2025-08-06T14:02:11.957-0400] {processor.py:208} INFO - Processing /home/huynguyen2741/airflow_venv/lib/python3.12/site-packages/airflow/example_dags/subdags/subdag.py took 0.019 seconds
[2025-08-06T14:03:13.290-0400] {processor.py:186} INFO - Started process (PID=19023) to work on /home/huynguyen2741/airflow_venv/lib/python3.12/site-packages/airflow/example_dags/subdags/subdag.py
[2025-08-06T14:03:13.291-0400] {processor.py:914} INFO - Processing file /home/huynguyen2741/airflow_venv/lib/python3.12/site-packages/airflow/example_dags/subdags/subdag.py for tasks to queue
[2025-08-06T14:03:13.293-0400] {logging_mixin.py:190} INFO - [2025-08-06T14:03:13.292-0400] {dagbag.py:588} INFO - Filling up the DagBag from /home/huynguyen2741/airflow_venv/lib/python3.12/site-packages/airflow/example_dags/subdags/subdag.py
[2025-08-06T14:03:13.294-0400] {processor.py:927} WARNING - No viable dags retrieved from /home/huynguyen2741/airflow_venv/lib/python3.12/site-packages/airflow/example_dags/subdags/subdag.py
[2025-08-06T14:03:13.303-0400] {processor.py:208} INFO - Processing /home/huynguyen2741/airflow_venv/lib/python3.12/site-packages/airflow/example_dags/subdags/subdag.py took 0.017 seconds
[2025-08-06T14:04:16.389-0400] {processor.py:186} INFO - Started process (PID=19243) to work on /home/huynguyen2741/airflow_venv/lib/python3.12/site-packages/airflow/example_dags/subdags/subdag.py
[2025-08-06T14:04:16.390-0400] {processor.py:914} INFO - Processing file /home/huynguyen2741/airflow_venv/lib/python3.12/site-packages/airflow/example_dags/subdags/subdag.py for tasks to queue
[2025-08-06T14:04:16.392-0400] {logging_mixin.py:190} INFO - [2025-08-06T14:04:16.391-0400] {dagbag.py:588} INFO - Filling up the DagBag from /home/huynguyen2741/airflow_venv/lib/python3.12/site-packages/airflow/example_dags/subdags/subdag.py
[2025-08-06T14:04:16.394-0400] {processor.py:927} WARNING - No viable dags retrieved from /home/huynguyen2741/airflow_venv/lib/python3.12/site-packages/airflow/example_dags/subdags/subdag.py
[2025-08-06T14:04:16.401-0400] {processor.py:208} INFO - Processing /home/huynguyen2741/airflow_venv/lib/python3.12/site-packages/airflow/example_dags/subdags/subdag.py took 0.016 seconds
[2025-08-06T14:05:16.898-0400] {processor.py:186} INFO - Started process (PID=19553) to work on /home/huynguyen2741/airflow_venv/lib/python3.12/site-packages/airflow/example_dags/subdags/subdag.py
[2025-08-06T14:05:16.899-0400] {processor.py:914} INFO - Processing file /home/huynguyen2741/airflow_venv/lib/python3.12/site-packages/airflow/example_dags/subdags/subdag.py for tasks to queue
[2025-08-06T14:05:16.900-0400] {logging_mixin.py:190} INFO - [2025-08-06T14:05:16.900-0400] {dagbag.py:588} INFO - Filling up the DagBag from /home/huynguyen2741/airflow_venv/lib/python3.12/site-packages/airflow/example_dags/subdags/subdag.py
[2025-08-06T14:05:16.902-0400] {processor.py:927} WARNING - No viable dags retrieved from /home/huynguyen2741/airflow_venv/lib/python3.12/site-packages/airflow/example_dags/subdags/subdag.py
[2025-08-06T14:05:16.910-0400] {processor.py:208} INFO - Processing /home/huynguyen2741/airflow_venv/lib/python3.12/site-packages/airflow/example_dags/subdags/subdag.py took 0.015 seconds
[2025-08-06T14:06:20.417-0400] {processor.py:186} INFO - Started process (PID=19842) to work on /home/huynguyen2741/airflow_venv/lib/python3.12/site-packages/airflow/example_dags/subdags/subdag.py
[2025-08-06T14:06:20.426-0400] {processor.py:914} INFO - Processing file /home/huynguyen2741/airflow_venv/lib/python3.12/site-packages/airflow/example_dags/subdags/subdag.py for tasks to queue
[2025-08-06T14:06:20.428-0400] {logging_mixin.py:190} INFO - [2025-08-06T14:06:20.427-0400] {dagbag.py:588} INFO - Filling up the DagBag from /home/huynguyen2741/airflow_venv/lib/python3.12/site-packages/airflow/example_dags/subdags/subdag.py
[2025-08-06T14:06:20.430-0400] {processor.py:927} WARNING - No viable dags retrieved from /home/huynguyen2741/airflow_venv/lib/python3.12/site-packages/airflow/example_dags/subdags/subdag.py
[2025-08-06T14:06:20.438-0400] {processor.py:208} INFO - Processing /home/huynguyen2741/airflow_venv/lib/python3.12/site-packages/airflow/example_dags/subdags/subdag.py took 0.025 seconds
[2025-08-06T14:07:28.988-0400] {processor.py:186} INFO - Started process (PID=20085) to work on /home/huynguyen2741/airflow_venv/lib/python3.12/site-packages/airflow/example_dags/subdags/subdag.py
[2025-08-06T14:07:28.992-0400] {processor.py:914} INFO - Processing file /home/huynguyen2741/airflow_venv/lib/python3.12/site-packages/airflow/example_dags/subdags/subdag.py for tasks to queue
[2025-08-06T14:07:28.994-0400] {logging_mixin.py:190} INFO - [2025-08-06T14:07:28.993-0400] {dagbag.py:588} INFO - Filling up the DagBag from /home/huynguyen2741/airflow_venv/lib/python3.12/site-packages/airflow/example_dags/subdags/subdag.py
[2025-08-06T14:07:28.995-0400] {processor.py:927} WARNING - No viable dags retrieved from /home/huynguyen2741/airflow_venv/lib/python3.12/site-packages/airflow/example_dags/subdags/subdag.py
[2025-08-06T14:07:29.004-0400] {processor.py:208} INFO - Processing /home/huynguyen2741/airflow_venv/lib/python3.12/site-packages/airflow/example_dags/subdags/subdag.py took 0.020 seconds
[2025-08-06T14:08:36.072-0400] {processor.py:186} INFO - Started process (PID=20388) to work on /home/huynguyen2741/airflow_venv/lib/python3.12/site-packages/airflow/example_dags/subdags/subdag.py
[2025-08-06T14:08:36.073-0400] {processor.py:914} INFO - Processing file /home/huynguyen2741/airflow_venv/lib/python3.12/site-packages/airflow/example_dags/subdags/subdag.py for tasks to queue
[2025-08-06T14:08:36.075-0400] {logging_mixin.py:190} INFO - [2025-08-06T14:08:36.074-0400] {dagbag.py:588} INFO - Filling up the DagBag from /home/huynguyen2741/airflow_venv/lib/python3.12/site-packages/airflow/example_dags/subdags/subdag.py
[2025-08-06T14:08:36.076-0400] {processor.py:927} WARNING - No viable dags retrieved from /home/huynguyen2741/airflow_venv/lib/python3.12/site-packages/airflow/example_dags/subdags/subdag.py
[2025-08-06T14:08:36.084-0400] {processor.py:208} INFO - Processing /home/huynguyen2741/airflow_venv/lib/python3.12/site-packages/airflow/example_dags/subdags/subdag.py took 0.016 seconds
[2025-08-06T14:09:48.236-0400] {processor.py:186} INFO - Started process (PID=20891) to work on /home/huynguyen2741/airflow_venv/lib/python3.12/site-packages/airflow/example_dags/subdags/subdag.py
[2025-08-06T14:09:48.237-0400] {processor.py:914} INFO - Processing file /home/huynguyen2741/airflow_venv/lib/python3.12/site-packages/airflow/example_dags/subdags/subdag.py for tasks to queue
[2025-08-06T14:09:48.239-0400] {logging_mixin.py:190} INFO - [2025-08-06T14:09:48.239-0400] {dagbag.py:588} INFO - Filling up the DagBag from /home/huynguyen2741/airflow_venv/lib/python3.12/site-packages/airflow/example_dags/subdags/subdag.py
[2025-08-06T14:09:48.241-0400] {processor.py:927} WARNING - No viable dags retrieved from /home/huynguyen2741/airflow_venv/lib/python3.12/site-packages/airflow/example_dags/subdags/subdag.py
[2025-08-06T14:09:48.248-0400] {processor.py:208} INFO - Processing /home/huynguyen2741/airflow_venv/lib/python3.12/site-packages/airflow/example_dags/subdags/subdag.py took 0.017 seconds
[2025-08-06T14:10:44.292-0400] {processor.py:186} INFO - Started process (PID=21236) to work on /home/huynguyen2741/airflow_venv/lib/python3.12/site-packages/airflow/example_dags/subdags/subdag.py
[2025-08-06T14:10:44.293-0400] {processor.py:914} INFO - Processing file /home/huynguyen2741/airflow_venv/lib/python3.12/site-packages/airflow/example_dags/subdags/subdag.py for tasks to queue
[2025-08-06T14:10:44.295-0400] {logging_mixin.py:190} INFO - [2025-08-06T14:10:44.295-0400] {dagbag.py:588} INFO - Filling up the DagBag from /home/huynguyen2741/airflow_venv/lib/python3.12/site-packages/airflow/example_dags/subdags/subdag.py
[2025-08-06T14:10:44.297-0400] {processor.py:927} WARNING - No viable dags retrieved from /home/huynguyen2741/airflow_venv/lib/python3.12/site-packages/airflow/example_dags/subdags/subdag.py
[2025-08-06T14:10:44.305-0400] {processor.py:208} INFO - Processing /home/huynguyen2741/airflow_venv/lib/python3.12/site-packages/airflow/example_dags/subdags/subdag.py took 0.018 seconds
[2025-08-06T14:11:51.340-0400] {processor.py:186} INFO - Started process (PID=21478) to work on /home/huynguyen2741/airflow_venv/lib/python3.12/site-packages/airflow/example_dags/subdags/subdag.py
[2025-08-06T14:11:51.344-0400] {processor.py:914} INFO - Processing file /home/huynguyen2741/airflow_venv/lib/python3.12/site-packages/airflow/example_dags/subdags/subdag.py for tasks to queue
[2025-08-06T14:11:51.345-0400] {logging_mixin.py:190} INFO - [2025-08-06T14:11:51.345-0400] {dagbag.py:588} INFO - Filling up the DagBag from /home/huynguyen2741/airflow_venv/lib/python3.12/site-packages/airflow/example_dags/subdags/subdag.py
[2025-08-06T14:11:51.347-0400] {processor.py:927} WARNING - No viable dags retrieved from /home/huynguyen2741/airflow_venv/lib/python3.12/site-packages/airflow/example_dags/subdags/subdag.py
[2025-08-06T14:11:51.355-0400] {processor.py:208} INFO - Processing /home/huynguyen2741/airflow_venv/lib/python3.12/site-packages/airflow/example_dags/subdags/subdag.py took 0.019 seconds
[2025-08-06T14:12:54.538-0400] {processor.py:186} INFO - Started process (PID=21892) to work on /home/huynguyen2741/airflow_venv/lib/python3.12/site-packages/airflow/example_dags/subdags/subdag.py
[2025-08-06T14:12:54.542-0400] {processor.py:914} INFO - Processing file /home/huynguyen2741/airflow_venv/lib/python3.12/site-packages/airflow/example_dags/subdags/subdag.py for tasks to queue
[2025-08-06T14:12:54.543-0400] {logging_mixin.py:190} INFO - [2025-08-06T14:12:54.543-0400] {dagbag.py:588} INFO - Filling up the DagBag from /home/huynguyen2741/airflow_venv/lib/python3.12/site-packages/airflow/example_dags/subdags/subdag.py
[2025-08-06T14:12:54.545-0400] {processor.py:927} WARNING - No viable dags retrieved from /home/huynguyen2741/airflow_venv/lib/python3.12/site-packages/airflow/example_dags/subdags/subdag.py
[2025-08-06T14:12:54.555-0400] {processor.py:208} INFO - Processing /home/huynguyen2741/airflow_venv/lib/python3.12/site-packages/airflow/example_dags/subdags/subdag.py took 0.021 seconds
[2025-08-06T14:14:00.177-0400] {processor.py:186} INFO - Started process (PID=22337) to work on /home/huynguyen2741/airflow_venv/lib/python3.12/site-packages/airflow/example_dags/subdags/subdag.py
[2025-08-06T14:14:00.179-0400] {processor.py:914} INFO - Processing file /home/huynguyen2741/airflow_venv/lib/python3.12/site-packages/airflow/example_dags/subdags/subdag.py for tasks to queue
[2025-08-06T14:14:00.180-0400] {logging_mixin.py:190} INFO - [2025-08-06T14:14:00.180-0400] {dagbag.py:588} INFO - Filling up the DagBag from /home/huynguyen2741/airflow_venv/lib/python3.12/site-packages/airflow/example_dags/subdags/subdag.py
[2025-08-06T14:14:00.182-0400] {processor.py:927} WARNING - No viable dags retrieved from /home/huynguyen2741/airflow_venv/lib/python3.12/site-packages/airflow/example_dags/subdags/subdag.py
[2025-08-06T14:14:00.190-0400] {processor.py:208} INFO - Processing /home/huynguyen2741/airflow_venv/lib/python3.12/site-packages/airflow/example_dags/subdags/subdag.py took 0.017 seconds
[2025-08-06T14:15:04.942-0400] {processor.py:186} INFO - Started process (PID=22682) to work on /home/huynguyen2741/airflow_venv/lib/python3.12/site-packages/airflow/example_dags/subdags/subdag.py
[2025-08-06T14:15:04.946-0400] {processor.py:914} INFO - Processing file /home/huynguyen2741/airflow_venv/lib/python3.12/site-packages/airflow/example_dags/subdags/subdag.py for tasks to queue
[2025-08-06T14:15:04.947-0400] {logging_mixin.py:190} INFO - [2025-08-06T14:15:04.946-0400] {dagbag.py:588} INFO - Filling up the DagBag from /home/huynguyen2741/airflow_venv/lib/python3.12/site-packages/airflow/example_dags/subdags/subdag.py
[2025-08-06T14:15:04.949-0400] {processor.py:927} WARNING - No viable dags retrieved from /home/huynguyen2741/airflow_venv/lib/python3.12/site-packages/airflow/example_dags/subdags/subdag.py
[2025-08-06T14:15:04.960-0400] {processor.py:208} INFO - Processing /home/huynguyen2741/airflow_venv/lib/python3.12/site-packages/airflow/example_dags/subdags/subdag.py took 0.023 seconds
[2025-08-06T14:16:02.327-0400] {processor.py:186} INFO - Started process (PID=23029) to work on /home/huynguyen2741/airflow_venv/lib/python3.12/site-packages/airflow/example_dags/subdags/subdag.py
[2025-08-06T14:16:02.328-0400] {processor.py:914} INFO - Processing file /home/huynguyen2741/airflow_venv/lib/python3.12/site-packages/airflow/example_dags/subdags/subdag.py for tasks to queue
[2025-08-06T14:16:02.329-0400] {logging_mixin.py:190} INFO - [2025-08-06T14:16:02.329-0400] {dagbag.py:588} INFO - Filling up the DagBag from /home/huynguyen2741/airflow_venv/lib/python3.12/site-packages/airflow/example_dags/subdags/subdag.py
[2025-08-06T14:16:02.331-0400] {processor.py:927} WARNING - No viable dags retrieved from /home/huynguyen2741/airflow_venv/lib/python3.12/site-packages/airflow/example_dags/subdags/subdag.py
[2025-08-06T14:16:02.339-0400] {processor.py:208} INFO - Processing /home/huynguyen2741/airflow_venv/lib/python3.12/site-packages/airflow/example_dags/subdags/subdag.py took 0.017 seconds
[2025-08-06T14:17:09.718-0400] {processor.py:186} INFO - Started process (PID=23283) to work on /home/huynguyen2741/airflow_venv/lib/python3.12/site-packages/airflow/example_dags/subdags/subdag.py
[2025-08-06T14:17:09.719-0400] {processor.py:914} INFO - Processing file /home/huynguyen2741/airflow_venv/lib/python3.12/site-packages/airflow/example_dags/subdags/subdag.py for tasks to queue
[2025-08-06T14:17:09.721-0400] {logging_mixin.py:190} INFO - [2025-08-06T14:17:09.721-0400] {dagbag.py:588} INFO - Filling up the DagBag from /home/huynguyen2741/airflow_venv/lib/python3.12/site-packages/airflow/example_dags/subdags/subdag.py
[2025-08-06T14:17:09.723-0400] {processor.py:927} WARNING - No viable dags retrieved from /home/huynguyen2741/airflow_venv/lib/python3.12/site-packages/airflow/example_dags/subdags/subdag.py
[2025-08-06T14:17:09.732-0400] {processor.py:208} INFO - Processing /home/huynguyen2741/airflow_venv/lib/python3.12/site-packages/airflow/example_dags/subdags/subdag.py took 0.018 seconds
[2025-08-06T14:18:15.083-0400] {processor.py:186} INFO - Started process (PID=23516) to work on /home/huynguyen2741/airflow_venv/lib/python3.12/site-packages/airflow/example_dags/subdags/subdag.py
[2025-08-06T14:18:15.084-0400] {processor.py:914} INFO - Processing file /home/huynguyen2741/airflow_venv/lib/python3.12/site-packages/airflow/example_dags/subdags/subdag.py for tasks to queue
[2025-08-06T14:18:15.085-0400] {logging_mixin.py:190} INFO - [2025-08-06T14:18:15.084-0400] {dagbag.py:588} INFO - Filling up the DagBag from /home/huynguyen2741/airflow_venv/lib/python3.12/site-packages/airflow/example_dags/subdags/subdag.py
[2025-08-06T14:18:15.087-0400] {processor.py:927} WARNING - No viable dags retrieved from /home/huynguyen2741/airflow_venv/lib/python3.12/site-packages/airflow/example_dags/subdags/subdag.py
[2025-08-06T14:18:15.095-0400] {processor.py:208} INFO - Processing /home/huynguyen2741/airflow_venv/lib/python3.12/site-packages/airflow/example_dags/subdags/subdag.py took 0.017 seconds
[2025-08-06T14:19:23.276-0400] {processor.py:186} INFO - Started process (PID=23793) to work on /home/huynguyen2741/airflow_venv/lib/python3.12/site-packages/airflow/example_dags/subdags/subdag.py
[2025-08-06T14:19:23.281-0400] {processor.py:914} INFO - Processing file /home/huynguyen2741/airflow_venv/lib/python3.12/site-packages/airflow/example_dags/subdags/subdag.py for tasks to queue
[2025-08-06T14:19:23.282-0400] {logging_mixin.py:190} INFO - [2025-08-06T14:19:23.281-0400] {dagbag.py:588} INFO - Filling up the DagBag from /home/huynguyen2741/airflow_venv/lib/python3.12/site-packages/airflow/example_dags/subdags/subdag.py
[2025-08-06T14:19:23.284-0400] {processor.py:927} WARNING - No viable dags retrieved from /home/huynguyen2741/airflow_venv/lib/python3.12/site-packages/airflow/example_dags/subdags/subdag.py
[2025-08-06T14:19:23.291-0400] {processor.py:208} INFO - Processing /home/huynguyen2741/airflow_venv/lib/python3.12/site-packages/airflow/example_dags/subdags/subdag.py took 0.019 seconds
[2025-08-06T14:20:26.697-0400] {processor.py:186} INFO - Started process (PID=24014) to work on /home/huynguyen2741/airflow_venv/lib/python3.12/site-packages/airflow/example_dags/subdags/subdag.py
[2025-08-06T14:20:26.699-0400] {processor.py:914} INFO - Processing file /home/huynguyen2741/airflow_venv/lib/python3.12/site-packages/airflow/example_dags/subdags/subdag.py for tasks to queue
[2025-08-06T14:20:26.699-0400] {logging_mixin.py:190} INFO - [2025-08-06T14:20:26.699-0400] {dagbag.py:588} INFO - Filling up the DagBag from /home/huynguyen2741/airflow_venv/lib/python3.12/site-packages/airflow/example_dags/subdags/subdag.py
[2025-08-06T14:20:26.702-0400] {processor.py:927} WARNING - No viable dags retrieved from /home/huynguyen2741/airflow_venv/lib/python3.12/site-packages/airflow/example_dags/subdags/subdag.py
[2025-08-06T14:20:26.711-0400] {processor.py:208} INFO - Processing /home/huynguyen2741/airflow_venv/lib/python3.12/site-packages/airflow/example_dags/subdags/subdag.py took 0.018 seconds
[2025-08-06T14:21:35.681-0400] {processor.py:186} INFO - Started process (PID=24259) to work on /home/huynguyen2741/airflow_venv/lib/python3.12/site-packages/airflow/example_dags/subdags/subdag.py
[2025-08-06T14:21:35.684-0400] {processor.py:914} INFO - Processing file /home/huynguyen2741/airflow_venv/lib/python3.12/site-packages/airflow/example_dags/subdags/subdag.py for tasks to queue
[2025-08-06T14:21:35.685-0400] {logging_mixin.py:190} INFO - [2025-08-06T14:21:35.685-0400] {dagbag.py:588} INFO - Filling up the DagBag from /home/huynguyen2741/airflow_venv/lib/python3.12/site-packages/airflow/example_dags/subdags/subdag.py
[2025-08-06T14:21:35.687-0400] {processor.py:927} WARNING - No viable dags retrieved from /home/huynguyen2741/airflow_venv/lib/python3.12/site-packages/airflow/example_dags/subdags/subdag.py
[2025-08-06T14:21:35.695-0400] {processor.py:208} INFO - Processing /home/huynguyen2741/airflow_venv/lib/python3.12/site-packages/airflow/example_dags/subdags/subdag.py took 0.018 seconds
[2025-08-06T14:22:36.602-0400] {processor.py:186} INFO - Started process (PID=24597) to work on /home/huynguyen2741/airflow_venv/lib/python3.12/site-packages/airflow/example_dags/subdags/subdag.py
[2025-08-06T14:22:36.612-0400] {processor.py:914} INFO - Processing file /home/huynguyen2741/airflow_venv/lib/python3.12/site-packages/airflow/example_dags/subdags/subdag.py for tasks to queue
[2025-08-06T14:22:36.614-0400] {logging_mixin.py:190} INFO - [2025-08-06T14:22:36.613-0400] {dagbag.py:588} INFO - Filling up the DagBag from /home/huynguyen2741/airflow_venv/lib/python3.12/site-packages/airflow/example_dags/subdags/subdag.py
[2025-08-06T14:22:36.615-0400] {processor.py:927} WARNING - No viable dags retrieved from /home/huynguyen2741/airflow_venv/lib/python3.12/site-packages/airflow/example_dags/subdags/subdag.py
[2025-08-06T14:22:36.623-0400] {processor.py:208} INFO - Processing /home/huynguyen2741/airflow_venv/lib/python3.12/site-packages/airflow/example_dags/subdags/subdag.py took 0.025 seconds
[2025-08-06T14:23:38.346-0400] {processor.py:186} INFO - Started process (PID=25077) to work on /home/huynguyen2741/airflow_venv/lib/python3.12/site-packages/airflow/example_dags/subdags/subdag.py
[2025-08-06T14:23:38.356-0400] {processor.py:914} INFO - Processing file /home/huynguyen2741/airflow_venv/lib/python3.12/site-packages/airflow/example_dags/subdags/subdag.py for tasks to queue
[2025-08-06T14:23:38.357-0400] {logging_mixin.py:190} INFO - [2025-08-06T14:23:38.357-0400] {dagbag.py:588} INFO - Filling up the DagBag from /home/huynguyen2741/airflow_venv/lib/python3.12/site-packages/airflow/example_dags/subdags/subdag.py
[2025-08-06T14:23:38.359-0400] {processor.py:927} WARNING - No viable dags retrieved from /home/huynguyen2741/airflow_venv/lib/python3.12/site-packages/airflow/example_dags/subdags/subdag.py
[2025-08-06T14:23:38.367-0400] {processor.py:208} INFO - Processing /home/huynguyen2741/airflow_venv/lib/python3.12/site-packages/airflow/example_dags/subdags/subdag.py took 0.027 seconds
[2025-08-06T14:24:48.771-0400] {processor.py:186} INFO - Started process (PID=25354) to work on /home/huynguyen2741/airflow_venv/lib/python3.12/site-packages/airflow/example_dags/subdags/subdag.py
[2025-08-06T14:24:48.781-0400] {processor.py:914} INFO - Processing file /home/huynguyen2741/airflow_venv/lib/python3.12/site-packages/airflow/example_dags/subdags/subdag.py for tasks to queue
[2025-08-06T14:24:48.782-0400] {logging_mixin.py:190} INFO - [2025-08-06T14:24:48.781-0400] {dagbag.py:588} INFO - Filling up the DagBag from /home/huynguyen2741/airflow_venv/lib/python3.12/site-packages/airflow/example_dags/subdags/subdag.py
[2025-08-06T14:24:48.784-0400] {processor.py:927} WARNING - No viable dags retrieved from /home/huynguyen2741/airflow_venv/lib/python3.12/site-packages/airflow/example_dags/subdags/subdag.py
[2025-08-06T14:24:48.791-0400] {processor.py:208} INFO - Processing /home/huynguyen2741/airflow_venv/lib/python3.12/site-packages/airflow/example_dags/subdags/subdag.py took 0.026 seconds
[2025-08-06T14:25:49.318-0400] {processor.py:186} INFO - Started process (PID=25676) to work on /home/huynguyen2741/airflow_venv/lib/python3.12/site-packages/airflow/example_dags/subdags/subdag.py
[2025-08-06T14:25:49.328-0400] {processor.py:914} INFO - Processing file /home/huynguyen2741/airflow_venv/lib/python3.12/site-packages/airflow/example_dags/subdags/subdag.py for tasks to queue
[2025-08-06T14:25:49.329-0400] {logging_mixin.py:190} INFO - [2025-08-06T14:25:49.329-0400] {dagbag.py:588} INFO - Filling up the DagBag from /home/huynguyen2741/airflow_venv/lib/python3.12/site-packages/airflow/example_dags/subdags/subdag.py
[2025-08-06T14:25:49.331-0400] {processor.py:927} WARNING - No viable dags retrieved from /home/huynguyen2741/airflow_venv/lib/python3.12/site-packages/airflow/example_dags/subdags/subdag.py
[2025-08-06T14:25:49.338-0400] {processor.py:208} INFO - Processing /home/huynguyen2741/airflow_venv/lib/python3.12/site-packages/airflow/example_dags/subdags/subdag.py took 0.026 seconds
[2025-08-06T14:26:53.419-0400] {processor.py:186} INFO - Started process (PID=25947) to work on /home/huynguyen2741/airflow_venv/lib/python3.12/site-packages/airflow/example_dags/subdags/subdag.py
[2025-08-06T14:26:53.423-0400] {processor.py:914} INFO - Processing file /home/huynguyen2741/airflow_venv/lib/python3.12/site-packages/airflow/example_dags/subdags/subdag.py for tasks to queue
[2025-08-06T14:26:53.424-0400] {logging_mixin.py:190} INFO - [2025-08-06T14:26:53.424-0400] {dagbag.py:588} INFO - Filling up the DagBag from /home/huynguyen2741/airflow_venv/lib/python3.12/site-packages/airflow/example_dags/subdags/subdag.py
[2025-08-06T14:26:53.426-0400] {processor.py:927} WARNING - No viable dags retrieved from /home/huynguyen2741/airflow_venv/lib/python3.12/site-packages/airflow/example_dags/subdags/subdag.py
[2025-08-06T14:26:53.435-0400] {processor.py:208} INFO - Processing /home/huynguyen2741/airflow_venv/lib/python3.12/site-packages/airflow/example_dags/subdags/subdag.py took 0.021 seconds
[2025-08-06T14:28:02.517-0400] {processor.py:186} INFO - Started process (PID=26246) to work on /home/huynguyen2741/airflow_venv/lib/python3.12/site-packages/airflow/example_dags/subdags/subdag.py
[2025-08-06T14:28:02.521-0400] {processor.py:914} INFO - Processing file /home/huynguyen2741/airflow_venv/lib/python3.12/site-packages/airflow/example_dags/subdags/subdag.py for tasks to queue
[2025-08-06T14:28:02.522-0400] {logging_mixin.py:190} INFO - [2025-08-06T14:28:02.522-0400] {dagbag.py:588} INFO - Filling up the DagBag from /home/huynguyen2741/airflow_venv/lib/python3.12/site-packages/airflow/example_dags/subdags/subdag.py
[2025-08-06T14:28:02.524-0400] {processor.py:927} WARNING - No viable dags retrieved from /home/huynguyen2741/airflow_venv/lib/python3.12/site-packages/airflow/example_dags/subdags/subdag.py
[2025-08-06T14:28:02.531-0400] {processor.py:208} INFO - Processing /home/huynguyen2741/airflow_venv/lib/python3.12/site-packages/airflow/example_dags/subdags/subdag.py took 0.020 seconds
[2025-08-06T14:29:09.695-0400] {processor.py:186} INFO - Started process (PID=26522) to work on /home/huynguyen2741/airflow_venv/lib/python3.12/site-packages/airflow/example_dags/subdags/subdag.py
[2025-08-06T14:29:09.696-0400] {processor.py:914} INFO - Processing file /home/huynguyen2741/airflow_venv/lib/python3.12/site-packages/airflow/example_dags/subdags/subdag.py for tasks to queue
[2025-08-06T14:29:09.697-0400] {logging_mixin.py:190} INFO - [2025-08-06T14:29:09.697-0400] {dagbag.py:588} INFO - Filling up the DagBag from /home/huynguyen2741/airflow_venv/lib/python3.12/site-packages/airflow/example_dags/subdags/subdag.py
[2025-08-06T14:29:09.699-0400] {processor.py:927} WARNING - No viable dags retrieved from /home/huynguyen2741/airflow_venv/lib/python3.12/site-packages/airflow/example_dags/subdags/subdag.py
[2025-08-06T14:29:09.708-0400] {processor.py:208} INFO - Processing /home/huynguyen2741/airflow_venv/lib/python3.12/site-packages/airflow/example_dags/subdags/subdag.py took 0.018 seconds
[2025-08-06T14:30:21.281-0400] {processor.py:186} INFO - Started process (PID=26921) to work on /home/huynguyen2741/airflow_venv/lib/python3.12/site-packages/airflow/example_dags/subdags/subdag.py
[2025-08-06T14:30:21.291-0400] {processor.py:914} INFO - Processing file /home/huynguyen2741/airflow_venv/lib/python3.12/site-packages/airflow/example_dags/subdags/subdag.py for tasks to queue
[2025-08-06T14:30:21.292-0400] {logging_mixin.py:190} INFO - [2025-08-06T14:30:21.292-0400] {dagbag.py:588} INFO - Filling up the DagBag from /home/huynguyen2741/airflow_venv/lib/python3.12/site-packages/airflow/example_dags/subdags/subdag.py
[2025-08-06T14:30:21.294-0400] {processor.py:927} WARNING - No viable dags retrieved from /home/huynguyen2741/airflow_venv/lib/python3.12/site-packages/airflow/example_dags/subdags/subdag.py
[2025-08-06T14:30:21.302-0400] {processor.py:208} INFO - Processing /home/huynguyen2741/airflow_venv/lib/python3.12/site-packages/airflow/example_dags/subdags/subdag.py took 0.026 seconds
[2025-08-06T14:31:35.661-0400] {processor.py:186} INFO - Started process (PID=27233) to work on /home/huynguyen2741/airflow_venv/lib/python3.12/site-packages/airflow/example_dags/subdags/subdag.py
[2025-08-06T14:31:35.662-0400] {processor.py:914} INFO - Processing file /home/huynguyen2741/airflow_venv/lib/python3.12/site-packages/airflow/example_dags/subdags/subdag.py for tasks to queue
[2025-08-06T14:31:35.663-0400] {logging_mixin.py:190} INFO - [2025-08-06T14:31:35.663-0400] {dagbag.py:588} INFO - Filling up the DagBag from /home/huynguyen2741/airflow_venv/lib/python3.12/site-packages/airflow/example_dags/subdags/subdag.py
[2025-08-06T14:31:35.665-0400] {processor.py:927} WARNING - No viable dags retrieved from /home/huynguyen2741/airflow_venv/lib/python3.12/site-packages/airflow/example_dags/subdags/subdag.py
[2025-08-06T14:31:35.673-0400] {processor.py:208} INFO - Processing /home/huynguyen2741/airflow_venv/lib/python3.12/site-packages/airflow/example_dags/subdags/subdag.py took 0.018 seconds
[2025-08-06T14:32:45.608-0400] {processor.py:186} INFO - Started process (PID=27484) to work on /home/huynguyen2741/airflow_venv/lib/python3.12/site-packages/airflow/example_dags/subdags/subdag.py
[2025-08-06T14:32:45.609-0400] {processor.py:914} INFO - Processing file /home/huynguyen2741/airflow_venv/lib/python3.12/site-packages/airflow/example_dags/subdags/subdag.py for tasks to queue
[2025-08-06T14:32:45.611-0400] {logging_mixin.py:190} INFO - [2025-08-06T14:32:45.610-0400] {dagbag.py:588} INFO - Filling up the DagBag from /home/huynguyen2741/airflow_venv/lib/python3.12/site-packages/airflow/example_dags/subdags/subdag.py
[2025-08-06T14:32:45.612-0400] {processor.py:927} WARNING - No viable dags retrieved from /home/huynguyen2741/airflow_venv/lib/python3.12/site-packages/airflow/example_dags/subdags/subdag.py
[2025-08-06T14:32:45.621-0400] {processor.py:208} INFO - Processing /home/huynguyen2741/airflow_venv/lib/python3.12/site-packages/airflow/example_dags/subdags/subdag.py took 0.018 seconds
[2025-08-06T14:33:55.078-0400] {processor.py:186} INFO - Started process (PID=27817) to work on /home/huynguyen2741/airflow_venv/lib/python3.12/site-packages/airflow/example_dags/subdags/subdag.py
[2025-08-06T14:33:55.088-0400] {processor.py:914} INFO - Processing file /home/huynguyen2741/airflow_venv/lib/python3.12/site-packages/airflow/example_dags/subdags/subdag.py for tasks to queue
[2025-08-06T14:33:55.089-0400] {logging_mixin.py:190} INFO - [2025-08-06T14:33:55.089-0400] {dagbag.py:588} INFO - Filling up the DagBag from /home/huynguyen2741/airflow_venv/lib/python3.12/site-packages/airflow/example_dags/subdags/subdag.py
[2025-08-06T14:33:55.091-0400] {processor.py:927} WARNING - No viable dags retrieved from /home/huynguyen2741/airflow_venv/lib/python3.12/site-packages/airflow/example_dags/subdags/subdag.py
[2025-08-06T14:33:55.100-0400] {processor.py:208} INFO - Processing /home/huynguyen2741/airflow_venv/lib/python3.12/site-packages/airflow/example_dags/subdags/subdag.py took 0.028 seconds
[2025-08-06T14:34:55.133-0400] {processor.py:186} INFO - Started process (PID=28222) to work on /home/huynguyen2741/airflow_venv/lib/python3.12/site-packages/airflow/example_dags/subdags/subdag.py
[2025-08-06T14:34:55.138-0400] {processor.py:914} INFO - Processing file /home/huynguyen2741/airflow_venv/lib/python3.12/site-packages/airflow/example_dags/subdags/subdag.py for tasks to queue
[2025-08-06T14:34:55.139-0400] {logging_mixin.py:190} INFO - [2025-08-06T14:34:55.139-0400] {dagbag.py:588} INFO - Filling up the DagBag from /home/huynguyen2741/airflow_venv/lib/python3.12/site-packages/airflow/example_dags/subdags/subdag.py
[2025-08-06T14:34:55.141-0400] {processor.py:927} WARNING - No viable dags retrieved from /home/huynguyen2741/airflow_venv/lib/python3.12/site-packages/airflow/example_dags/subdags/subdag.py
[2025-08-06T14:34:55.149-0400] {processor.py:208} INFO - Processing /home/huynguyen2741/airflow_venv/lib/python3.12/site-packages/airflow/example_dags/subdags/subdag.py took 0.021 seconds
[2025-08-06T14:35:47.929-0400] {processor.py:186} INFO - Started process (PID=28458) to work on /home/huynguyen2741/airflow_venv/lib/python3.12/site-packages/airflow/example_dags/subdags/subdag.py
[2025-08-06T14:35:47.933-0400] {processor.py:914} INFO - Processing file /home/huynguyen2741/airflow_venv/lib/python3.12/site-packages/airflow/example_dags/subdags/subdag.py for tasks to queue
[2025-08-06T14:35:47.934-0400] {logging_mixin.py:190} INFO - [2025-08-06T14:35:47.934-0400] {dagbag.py:588} INFO - Filling up the DagBag from /home/huynguyen2741/airflow_venv/lib/python3.12/site-packages/airflow/example_dags/subdags/subdag.py
[2025-08-06T14:35:47.936-0400] {processor.py:927} WARNING - No viable dags retrieved from /home/huynguyen2741/airflow_venv/lib/python3.12/site-packages/airflow/example_dags/subdags/subdag.py
[2025-08-06T14:35:47.945-0400] {processor.py:208} INFO - Processing /home/huynguyen2741/airflow_venv/lib/python3.12/site-packages/airflow/example_dags/subdags/subdag.py took 0.021 seconds
[2025-08-06T14:36:52.816-0400] {processor.py:186} INFO - Started process (PID=28694) to work on /home/huynguyen2741/airflow_venv/lib/python3.12/site-packages/airflow/example_dags/subdags/subdag.py
[2025-08-06T14:36:52.821-0400] {processor.py:914} INFO - Processing file /home/huynguyen2741/airflow_venv/lib/python3.12/site-packages/airflow/example_dags/subdags/subdag.py for tasks to queue
[2025-08-06T14:36:52.822-0400] {logging_mixin.py:190} INFO - [2025-08-06T14:36:52.822-0400] {dagbag.py:588} INFO - Filling up the DagBag from /home/huynguyen2741/airflow_venv/lib/python3.12/site-packages/airflow/example_dags/subdags/subdag.py
[2025-08-06T14:36:52.824-0400] {processor.py:927} WARNING - No viable dags retrieved from /home/huynguyen2741/airflow_venv/lib/python3.12/site-packages/airflow/example_dags/subdags/subdag.py
[2025-08-06T14:36:52.833-0400] {processor.py:208} INFO - Processing /home/huynguyen2741/airflow_venv/lib/python3.12/site-packages/airflow/example_dags/subdags/subdag.py took 0.022 seconds
[2025-08-06T14:37:59.858-0400] {processor.py:186} INFO - Started process (PID=28943) to work on /home/huynguyen2741/airflow_venv/lib/python3.12/site-packages/airflow/example_dags/subdags/subdag.py
[2025-08-06T14:37:59.867-0400] {processor.py:914} INFO - Processing file /home/huynguyen2741/airflow_venv/lib/python3.12/site-packages/airflow/example_dags/subdags/subdag.py for tasks to queue
[2025-08-06T14:37:59.869-0400] {logging_mixin.py:190} INFO - [2025-08-06T14:37:59.869-0400] {dagbag.py:588} INFO - Filling up the DagBag from /home/huynguyen2741/airflow_venv/lib/python3.12/site-packages/airflow/example_dags/subdags/subdag.py
[2025-08-06T14:37:59.871-0400] {processor.py:927} WARNING - No viable dags retrieved from /home/huynguyen2741/airflow_venv/lib/python3.12/site-packages/airflow/example_dags/subdags/subdag.py
[2025-08-06T14:37:59.878-0400] {processor.py:208} INFO - Processing /home/huynguyen2741/airflow_venv/lib/python3.12/site-packages/airflow/example_dags/subdags/subdag.py took 0.026 seconds
[2025-08-06T14:39:07.559-0400] {processor.py:186} INFO - Started process (PID=29242) to work on /home/huynguyen2741/airflow_venv/lib/python3.12/site-packages/airflow/example_dags/subdags/subdag.py
[2025-08-06T14:39:07.564-0400] {processor.py:914} INFO - Processing file /home/huynguyen2741/airflow_venv/lib/python3.12/site-packages/airflow/example_dags/subdags/subdag.py for tasks to queue
[2025-08-06T14:39:07.565-0400] {logging_mixin.py:190} INFO - [2025-08-06T14:39:07.565-0400] {dagbag.py:588} INFO - Filling up the DagBag from /home/huynguyen2741/airflow_venv/lib/python3.12/site-packages/airflow/example_dags/subdags/subdag.py
[2025-08-06T14:39:07.567-0400] {processor.py:927} WARNING - No viable dags retrieved from /home/huynguyen2741/airflow_venv/lib/python3.12/site-packages/airflow/example_dags/subdags/subdag.py
[2025-08-06T14:39:07.574-0400] {processor.py:208} INFO - Processing /home/huynguyen2741/airflow_venv/lib/python3.12/site-packages/airflow/example_dags/subdags/subdag.py took 0.020 seconds
[2025-08-06T14:40:10.649-0400] {processor.py:186} INFO - Started process (PID=29462) to work on /home/huynguyen2741/airflow_venv/lib/python3.12/site-packages/airflow/example_dags/subdags/subdag.py
[2025-08-06T14:40:10.651-0400] {processor.py:914} INFO - Processing file /home/huynguyen2741/airflow_venv/lib/python3.12/site-packages/airflow/example_dags/subdags/subdag.py for tasks to queue
[2025-08-06T14:40:10.652-0400] {logging_mixin.py:190} INFO - [2025-08-06T14:40:10.651-0400] {dagbag.py:588} INFO - Filling up the DagBag from /home/huynguyen2741/airflow_venv/lib/python3.12/site-packages/airflow/example_dags/subdags/subdag.py
[2025-08-06T14:40:10.653-0400] {processor.py:927} WARNING - No viable dags retrieved from /home/huynguyen2741/airflow_venv/lib/python3.12/site-packages/airflow/example_dags/subdags/subdag.py
[2025-08-06T14:40:10.661-0400] {processor.py:208} INFO - Processing /home/huynguyen2741/airflow_venv/lib/python3.12/site-packages/airflow/example_dags/subdags/subdag.py took 0.017 seconds
[2025-08-06T14:41:20.286-0400] {processor.py:186} INFO - Started process (PID=29761) to work on /home/huynguyen2741/airflow_venv/lib/python3.12/site-packages/airflow/example_dags/subdags/subdag.py
[2025-08-06T14:41:20.291-0400] {processor.py:914} INFO - Processing file /home/huynguyen2741/airflow_venv/lib/python3.12/site-packages/airflow/example_dags/subdags/subdag.py for tasks to queue
[2025-08-06T14:41:20.292-0400] {logging_mixin.py:190} INFO - [2025-08-06T14:41:20.292-0400] {dagbag.py:588} INFO - Filling up the DagBag from /home/huynguyen2741/airflow_venv/lib/python3.12/site-packages/airflow/example_dags/subdags/subdag.py
[2025-08-06T14:41:20.294-0400] {processor.py:927} WARNING - No viable dags retrieved from /home/huynguyen2741/airflow_venv/lib/python3.12/site-packages/airflow/example_dags/subdags/subdag.py
[2025-08-06T14:41:20.305-0400] {processor.py:208} INFO - Processing /home/huynguyen2741/airflow_venv/lib/python3.12/site-packages/airflow/example_dags/subdags/subdag.py took 0.024 seconds
[2025-08-06T14:42:18.901-0400] {processor.py:186} INFO - Started process (PID=29982) to work on /home/huynguyen2741/airflow_venv/lib/python3.12/site-packages/airflow/example_dags/subdags/subdag.py
[2025-08-06T14:42:18.902-0400] {processor.py:914} INFO - Processing file /home/huynguyen2741/airflow_venv/lib/python3.12/site-packages/airflow/example_dags/subdags/subdag.py for tasks to queue
[2025-08-06T14:42:18.903-0400] {logging_mixin.py:190} INFO - [2025-08-06T14:42:18.902-0400] {dagbag.py:588} INFO - Filling up the DagBag from /home/huynguyen2741/airflow_venv/lib/python3.12/site-packages/airflow/example_dags/subdags/subdag.py
[2025-08-06T14:42:18.904-0400] {processor.py:927} WARNING - No viable dags retrieved from /home/huynguyen2741/airflow_venv/lib/python3.12/site-packages/airflow/example_dags/subdags/subdag.py
[2025-08-06T14:42:18.912-0400] {processor.py:208} INFO - Processing /home/huynguyen2741/airflow_venv/lib/python3.12/site-packages/airflow/example_dags/subdags/subdag.py took 0.016 seconds
[2025-08-06T14:43:22.723-0400] {processor.py:186} INFO - Started process (PID=30217) to work on /home/huynguyen2741/airflow_venv/lib/python3.12/site-packages/airflow/example_dags/subdags/subdag.py
[2025-08-06T14:43:22.724-0400] {processor.py:914} INFO - Processing file /home/huynguyen2741/airflow_venv/lib/python3.12/site-packages/airflow/example_dags/subdags/subdag.py for tasks to queue
[2025-08-06T14:43:22.725-0400] {logging_mixin.py:190} INFO - [2025-08-06T14:43:22.725-0400] {dagbag.py:588} INFO - Filling up the DagBag from /home/huynguyen2741/airflow_venv/lib/python3.12/site-packages/airflow/example_dags/subdags/subdag.py
[2025-08-06T14:43:22.727-0400] {processor.py:927} WARNING - No viable dags retrieved from /home/huynguyen2741/airflow_venv/lib/python3.12/site-packages/airflow/example_dags/subdags/subdag.py
[2025-08-06T14:43:22.735-0400] {processor.py:208} INFO - Processing /home/huynguyen2741/airflow_venv/lib/python3.12/site-packages/airflow/example_dags/subdags/subdag.py took 0.017 seconds
[2025-08-06T14:44:28.149-0400] {processor.py:186} INFO - Started process (PID=30486) to work on /home/huynguyen2741/airflow_venv/lib/python3.12/site-packages/airflow/example_dags/subdags/subdag.py
[2025-08-06T14:44:28.151-0400] {processor.py:914} INFO - Processing file /home/huynguyen2741/airflow_venv/lib/python3.12/site-packages/airflow/example_dags/subdags/subdag.py for tasks to queue
[2025-08-06T14:44:28.152-0400] {logging_mixin.py:190} INFO - [2025-08-06T14:44:28.151-0400] {dagbag.py:588} INFO - Filling up the DagBag from /home/huynguyen2741/airflow_venv/lib/python3.12/site-packages/airflow/example_dags/subdags/subdag.py
[2025-08-06T14:44:28.154-0400] {processor.py:927} WARNING - No viable dags retrieved from /home/huynguyen2741/airflow_venv/lib/python3.12/site-packages/airflow/example_dags/subdags/subdag.py
[2025-08-06T14:44:28.163-0400] {processor.py:208} INFO - Processing /home/huynguyen2741/airflow_venv/lib/python3.12/site-packages/airflow/example_dags/subdags/subdag.py took 0.019 seconds
[2025-08-06T14:45:26.063-0400] {processor.py:186} INFO - Started process (PID=30714) to work on /home/huynguyen2741/airflow_venv/lib/python3.12/site-packages/airflow/example_dags/subdags/subdag.py
[2025-08-06T14:45:26.074-0400] {processor.py:914} INFO - Processing file /home/huynguyen2741/airflow_venv/lib/python3.12/site-packages/airflow/example_dags/subdags/subdag.py for tasks to queue
[2025-08-06T14:45:26.075-0400] {logging_mixin.py:190} INFO - [2025-08-06T14:45:26.075-0400] {dagbag.py:588} INFO - Filling up the DagBag from /home/huynguyen2741/airflow_venv/lib/python3.12/site-packages/airflow/example_dags/subdags/subdag.py
[2025-08-06T14:45:26.077-0400] {processor.py:927} WARNING - No viable dags retrieved from /home/huynguyen2741/airflow_venv/lib/python3.12/site-packages/airflow/example_dags/subdags/subdag.py
[2025-08-06T14:45:26.085-0400] {processor.py:208} INFO - Processing /home/huynguyen2741/airflow_venv/lib/python3.12/site-packages/airflow/example_dags/subdags/subdag.py took 0.027 seconds
[2025-08-06T14:46:23.709-0400] {processor.py:186} INFO - Started process (PID=30963) to work on /home/huynguyen2741/airflow_venv/lib/python3.12/site-packages/airflow/example_dags/subdags/subdag.py
[2025-08-06T14:46:23.710-0400] {processor.py:914} INFO - Processing file /home/huynguyen2741/airflow_venv/lib/python3.12/site-packages/airflow/example_dags/subdags/subdag.py for tasks to queue
[2025-08-06T14:46:23.711-0400] {logging_mixin.py:190} INFO - [2025-08-06T14:46:23.711-0400] {dagbag.py:588} INFO - Filling up the DagBag from /home/huynguyen2741/airflow_venv/lib/python3.12/site-packages/airflow/example_dags/subdags/subdag.py
[2025-08-06T14:46:23.713-0400] {processor.py:927} WARNING - No viable dags retrieved from /home/huynguyen2741/airflow_venv/lib/python3.12/site-packages/airflow/example_dags/subdags/subdag.py
[2025-08-06T14:46:23.721-0400] {processor.py:208} INFO - Processing /home/huynguyen2741/airflow_venv/lib/python3.12/site-packages/airflow/example_dags/subdags/subdag.py took 0.019 seconds
[2025-08-06T14:47:28.290-0400] {processor.py:186} INFO - Started process (PID=31254) to work on /home/huynguyen2741/airflow_venv/lib/python3.12/site-packages/airflow/example_dags/subdags/subdag.py
[2025-08-06T14:47:28.295-0400] {processor.py:914} INFO - Processing file /home/huynguyen2741/airflow_venv/lib/python3.12/site-packages/airflow/example_dags/subdags/subdag.py for tasks to queue
[2025-08-06T14:47:28.296-0400] {logging_mixin.py:190} INFO - [2025-08-06T14:47:28.296-0400] {dagbag.py:588} INFO - Filling up the DagBag from /home/huynguyen2741/airflow_venv/lib/python3.12/site-packages/airflow/example_dags/subdags/subdag.py
[2025-08-06T14:47:28.298-0400] {processor.py:927} WARNING - No viable dags retrieved from /home/huynguyen2741/airflow_venv/lib/python3.12/site-packages/airflow/example_dags/subdags/subdag.py
[2025-08-06T14:47:28.306-0400] {processor.py:208} INFO - Processing /home/huynguyen2741/airflow_venv/lib/python3.12/site-packages/airflow/example_dags/subdags/subdag.py took 0.021 seconds
[2025-08-06T14:48:23.807-0400] {processor.py:186} INFO - Started process (PID=31649) to work on /home/huynguyen2741/airflow_venv/lib/python3.12/site-packages/airflow/example_dags/subdags/subdag.py
[2025-08-06T14:48:23.808-0400] {processor.py:914} INFO - Processing file /home/huynguyen2741/airflow_venv/lib/python3.12/site-packages/airflow/example_dags/subdags/subdag.py for tasks to queue
[2025-08-06T14:48:23.809-0400] {logging_mixin.py:190} INFO - [2025-08-06T14:48:23.809-0400] {dagbag.py:588} INFO - Filling up the DagBag from /home/huynguyen2741/airflow_venv/lib/python3.12/site-packages/airflow/example_dags/subdags/subdag.py
[2025-08-06T14:48:23.811-0400] {processor.py:927} WARNING - No viable dags retrieved from /home/huynguyen2741/airflow_venv/lib/python3.12/site-packages/airflow/example_dags/subdags/subdag.py
[2025-08-06T14:48:23.820-0400] {processor.py:208} INFO - Processing /home/huynguyen2741/airflow_venv/lib/python3.12/site-packages/airflow/example_dags/subdags/subdag.py took 0.018 seconds
[2025-08-06T14:49:04.838-0400] {processor.py:186} INFO - Started process (PID=31805) to work on /home/huynguyen2741/airflow_venv/lib/python3.12/site-packages/airflow/example_dags/subdags/subdag.py
[2025-08-06T14:49:04.842-0400] {processor.py:914} INFO - Processing file /home/huynguyen2741/airflow_venv/lib/python3.12/site-packages/airflow/example_dags/subdags/subdag.py for tasks to queue
[2025-08-06T14:49:04.843-0400] {logging_mixin.py:190} INFO - [2025-08-06T14:49:04.843-0400] {dagbag.py:588} INFO - Filling up the DagBag from /home/huynguyen2741/airflow_venv/lib/python3.12/site-packages/airflow/example_dags/subdags/subdag.py
[2025-08-06T14:49:04.845-0400] {processor.py:927} WARNING - No viable dags retrieved from /home/huynguyen2741/airflow_venv/lib/python3.12/site-packages/airflow/example_dags/subdags/subdag.py
[2025-08-06T14:49:04.853-0400] {processor.py:208} INFO - Processing /home/huynguyen2741/airflow_venv/lib/python3.12/site-packages/airflow/example_dags/subdags/subdag.py took 0.020 seconds
[2025-08-06T14:50:07.841-0400] {processor.py:186} INFO - Started process (PID=32031) to work on /home/huynguyen2741/airflow_venv/lib/python3.12/site-packages/airflow/example_dags/subdags/subdag.py
[2025-08-06T14:50:07.843-0400] {processor.py:914} INFO - Processing file /home/huynguyen2741/airflow_venv/lib/python3.12/site-packages/airflow/example_dags/subdags/subdag.py for tasks to queue
[2025-08-06T14:50:07.844-0400] {logging_mixin.py:190} INFO - [2025-08-06T14:50:07.844-0400] {dagbag.py:588} INFO - Filling up the DagBag from /home/huynguyen2741/airflow_venv/lib/python3.12/site-packages/airflow/example_dags/subdags/subdag.py
[2025-08-06T14:50:07.846-0400] {processor.py:927} WARNING - No viable dags retrieved from /home/huynguyen2741/airflow_venv/lib/python3.12/site-packages/airflow/example_dags/subdags/subdag.py
[2025-08-06T14:50:07.854-0400] {processor.py:208} INFO - Processing /home/huynguyen2741/airflow_venv/lib/python3.12/site-packages/airflow/example_dags/subdags/subdag.py took 0.017 seconds
[2025-08-06T14:51:07.842-0400] {processor.py:186} INFO - Started process (PID=32253) to work on /home/huynguyen2741/airflow_venv/lib/python3.12/site-packages/airflow/example_dags/subdags/subdag.py
[2025-08-06T14:51:07.846-0400] {processor.py:914} INFO - Processing file /home/huynguyen2741/airflow_venv/lib/python3.12/site-packages/airflow/example_dags/subdags/subdag.py for tasks to queue
[2025-08-06T14:51:07.848-0400] {logging_mixin.py:190} INFO - [2025-08-06T14:51:07.847-0400] {dagbag.py:588} INFO - Filling up the DagBag from /home/huynguyen2741/airflow_venv/lib/python3.12/site-packages/airflow/example_dags/subdags/subdag.py
[2025-08-06T14:51:07.849-0400] {processor.py:927} WARNING - No viable dags retrieved from /home/huynguyen2741/airflow_venv/lib/python3.12/site-packages/airflow/example_dags/subdags/subdag.py
[2025-08-06T14:51:07.857-0400] {processor.py:208} INFO - Processing /home/huynguyen2741/airflow_venv/lib/python3.12/site-packages/airflow/example_dags/subdags/subdag.py took 0.020 seconds
[2025-08-06T14:52:10.939-0400] {processor.py:186} INFO - Started process (PID=32514) to work on /home/huynguyen2741/airflow_venv/lib/python3.12/site-packages/airflow/example_dags/subdags/subdag.py
[2025-08-06T14:52:10.943-0400] {processor.py:914} INFO - Processing file /home/huynguyen2741/airflow_venv/lib/python3.12/site-packages/airflow/example_dags/subdags/subdag.py for tasks to queue
[2025-08-06T14:52:10.945-0400] {logging_mixin.py:190} INFO - [2025-08-06T14:52:10.945-0400] {dagbag.py:588} INFO - Filling up the DagBag from /home/huynguyen2741/airflow_venv/lib/python3.12/site-packages/airflow/example_dags/subdags/subdag.py
[2025-08-06T14:52:10.947-0400] {processor.py:927} WARNING - No viable dags retrieved from /home/huynguyen2741/airflow_venv/lib/python3.12/site-packages/airflow/example_dags/subdags/subdag.py
[2025-08-06T14:52:10.957-0400] {processor.py:208} INFO - Processing /home/huynguyen2741/airflow_venv/lib/python3.12/site-packages/airflow/example_dags/subdags/subdag.py took 0.024 seconds
[2025-08-06T14:53:13.902-0400] {processor.py:186} INFO - Started process (PID=32811) to work on /home/huynguyen2741/airflow_venv/lib/python3.12/site-packages/airflow/example_dags/subdags/subdag.py
[2025-08-06T14:53:13.903-0400] {processor.py:914} INFO - Processing file /home/huynguyen2741/airflow_venv/lib/python3.12/site-packages/airflow/example_dags/subdags/subdag.py for tasks to queue
[2025-08-06T14:53:13.904-0400] {logging_mixin.py:190} INFO - [2025-08-06T14:53:13.904-0400] {dagbag.py:588} INFO - Filling up the DagBag from /home/huynguyen2741/airflow_venv/lib/python3.12/site-packages/airflow/example_dags/subdags/subdag.py
[2025-08-06T14:53:13.906-0400] {processor.py:927} WARNING - No viable dags retrieved from /home/huynguyen2741/airflow_venv/lib/python3.12/site-packages/airflow/example_dags/subdags/subdag.py
[2025-08-06T14:53:13.914-0400] {processor.py:208} INFO - Processing /home/huynguyen2741/airflow_venv/lib/python3.12/site-packages/airflow/example_dags/subdags/subdag.py took 0.017 seconds
[2025-08-06T14:54:15.299-0400] {processor.py:186} INFO - Started process (PID=33227) to work on /home/huynguyen2741/airflow_venv/lib/python3.12/site-packages/airflow/example_dags/subdags/subdag.py
[2025-08-06T14:54:15.303-0400] {processor.py:914} INFO - Processing file /home/huynguyen2741/airflow_venv/lib/python3.12/site-packages/airflow/example_dags/subdags/subdag.py for tasks to queue
[2025-08-06T14:54:15.305-0400] {logging_mixin.py:190} INFO - [2025-08-06T14:54:15.304-0400] {dagbag.py:588} INFO - Filling up the DagBag from /home/huynguyen2741/airflow_venv/lib/python3.12/site-packages/airflow/example_dags/subdags/subdag.py
[2025-08-06T14:54:15.306-0400] {processor.py:927} WARNING - No viable dags retrieved from /home/huynguyen2741/airflow_venv/lib/python3.12/site-packages/airflow/example_dags/subdags/subdag.py
[2025-08-06T14:54:15.314-0400] {processor.py:208} INFO - Processing /home/huynguyen2741/airflow_venv/lib/python3.12/site-packages/airflow/example_dags/subdags/subdag.py took 0.021 seconds
[2025-08-06T14:55:08.031-0400] {processor.py:186} INFO - Started process (PID=33543) to work on /home/huynguyen2741/airflow_venv/lib/python3.12/site-packages/airflow/example_dags/subdags/subdag.py
[2025-08-06T14:55:08.032-0400] {processor.py:914} INFO - Processing file /home/huynguyen2741/airflow_venv/lib/python3.12/site-packages/airflow/example_dags/subdags/subdag.py for tasks to queue
[2025-08-06T14:55:08.034-0400] {logging_mixin.py:190} INFO - [2025-08-06T14:55:08.033-0400] {dagbag.py:588} INFO - Filling up the DagBag from /home/huynguyen2741/airflow_venv/lib/python3.12/site-packages/airflow/example_dags/subdags/subdag.py
[2025-08-06T14:55:08.036-0400] {processor.py:927} WARNING - No viable dags retrieved from /home/huynguyen2741/airflow_venv/lib/python3.12/site-packages/airflow/example_dags/subdags/subdag.py
[2025-08-06T14:55:08.044-0400] {processor.py:208} INFO - Processing /home/huynguyen2741/airflow_venv/lib/python3.12/site-packages/airflow/example_dags/subdags/subdag.py took 0.018 seconds
[2025-08-06T14:56:10.243-0400] {processor.py:186} INFO - Started process (PID=33831) to work on /home/huynguyen2741/airflow_venv/lib/python3.12/site-packages/airflow/example_dags/subdags/subdag.py
[2025-08-06T14:56:10.248-0400] {processor.py:914} INFO - Processing file /home/huynguyen2741/airflow_venv/lib/python3.12/site-packages/airflow/example_dags/subdags/subdag.py for tasks to queue
[2025-08-06T14:56:10.249-0400] {logging_mixin.py:190} INFO - [2025-08-06T14:56:10.249-0400] {dagbag.py:588} INFO - Filling up the DagBag from /home/huynguyen2741/airflow_venv/lib/python3.12/site-packages/airflow/example_dags/subdags/subdag.py
[2025-08-06T14:56:10.251-0400] {processor.py:927} WARNING - No viable dags retrieved from /home/huynguyen2741/airflow_venv/lib/python3.12/site-packages/airflow/example_dags/subdags/subdag.py
[2025-08-06T14:56:10.259-0400] {processor.py:208} INFO - Processing /home/huynguyen2741/airflow_venv/lib/python3.12/site-packages/airflow/example_dags/subdags/subdag.py took 0.021 seconds
[2025-08-06T14:57:14.933-0400] {processor.py:186} INFO - Started process (PID=34110) to work on /home/huynguyen2741/airflow_venv/lib/python3.12/site-packages/airflow/example_dags/subdags/subdag.py
[2025-08-06T14:57:14.938-0400] {processor.py:914} INFO - Processing file /home/huynguyen2741/airflow_venv/lib/python3.12/site-packages/airflow/example_dags/subdags/subdag.py for tasks to queue
[2025-08-06T14:57:14.939-0400] {logging_mixin.py:190} INFO - [2025-08-06T14:57:14.939-0400] {dagbag.py:588} INFO - Filling up the DagBag from /home/huynguyen2741/airflow_venv/lib/python3.12/site-packages/airflow/example_dags/subdags/subdag.py
[2025-08-06T14:57:14.941-0400] {processor.py:927} WARNING - No viable dags retrieved from /home/huynguyen2741/airflow_venv/lib/python3.12/site-packages/airflow/example_dags/subdags/subdag.py
[2025-08-06T14:57:14.949-0400] {processor.py:208} INFO - Processing /home/huynguyen2741/airflow_venv/lib/python3.12/site-packages/airflow/example_dags/subdags/subdag.py took 0.021 seconds
[2025-08-06T14:58:13.317-0400] {processor.py:186} INFO - Started process (PID=34357) to work on /home/huynguyen2741/airflow_venv/lib/python3.12/site-packages/airflow/example_dags/subdags/subdag.py
[2025-08-06T14:58:13.327-0400] {processor.py:914} INFO - Processing file /home/huynguyen2741/airflow_venv/lib/python3.12/site-packages/airflow/example_dags/subdags/subdag.py for tasks to queue
[2025-08-06T14:58:13.328-0400] {logging_mixin.py:190} INFO - [2025-08-06T14:58:13.328-0400] {dagbag.py:588} INFO - Filling up the DagBag from /home/huynguyen2741/airflow_venv/lib/python3.12/site-packages/airflow/example_dags/subdags/subdag.py
[2025-08-06T14:58:13.330-0400] {processor.py:927} WARNING - No viable dags retrieved from /home/huynguyen2741/airflow_venv/lib/python3.12/site-packages/airflow/example_dags/subdags/subdag.py
[2025-08-06T14:58:13.338-0400] {processor.py:208} INFO - Processing /home/huynguyen2741/airflow_venv/lib/python3.12/site-packages/airflow/example_dags/subdags/subdag.py took 0.026 seconds
[2025-08-06T14:59:15.682-0400] {processor.py:186} INFO - Started process (PID=34619) to work on /home/huynguyen2741/airflow_venv/lib/python3.12/site-packages/airflow/example_dags/subdags/subdag.py
[2025-08-06T14:59:15.683-0400] {processor.py:914} INFO - Processing file /home/huynguyen2741/airflow_venv/lib/python3.12/site-packages/airflow/example_dags/subdags/subdag.py for tasks to queue
[2025-08-06T14:59:15.685-0400] {logging_mixin.py:190} INFO - [2025-08-06T14:59:15.684-0400] {dagbag.py:588} INFO - Filling up the DagBag from /home/huynguyen2741/airflow_venv/lib/python3.12/site-packages/airflow/example_dags/subdags/subdag.py
[2025-08-06T14:59:15.687-0400] {processor.py:927} WARNING - No viable dags retrieved from /home/huynguyen2741/airflow_venv/lib/python3.12/site-packages/airflow/example_dags/subdags/subdag.py
[2025-08-06T14:59:15.695-0400] {processor.py:208} INFO - Processing /home/huynguyen2741/airflow_venv/lib/python3.12/site-packages/airflow/example_dags/subdags/subdag.py took 0.018 seconds
[2025-08-06T15:00:20.218-0400] {processor.py:186} INFO - Started process (PID=34849) to work on /home/huynguyen2741/airflow_venv/lib/python3.12/site-packages/airflow/example_dags/subdags/subdag.py
[2025-08-06T15:00:20.228-0400] {processor.py:914} INFO - Processing file /home/huynguyen2741/airflow_venv/lib/python3.12/site-packages/airflow/example_dags/subdags/subdag.py for tasks to queue
[2025-08-06T15:00:20.229-0400] {logging_mixin.py:190} INFO - [2025-08-06T15:00:20.229-0400] {dagbag.py:588} INFO - Filling up the DagBag from /home/huynguyen2741/airflow_venv/lib/python3.12/site-packages/airflow/example_dags/subdags/subdag.py
[2025-08-06T15:00:20.231-0400] {processor.py:927} WARNING - No viable dags retrieved from /home/huynguyen2741/airflow_venv/lib/python3.12/site-packages/airflow/example_dags/subdags/subdag.py
[2025-08-06T15:00:20.239-0400] {processor.py:208} INFO - Processing /home/huynguyen2741/airflow_venv/lib/python3.12/site-packages/airflow/example_dags/subdags/subdag.py took 0.026 seconds
