[2025-08-06T13:56:52.801-0400] {processor.py:186} INFO - Started process (PID=17601) to work on /home/huynguyen2741/airflow_venv/lib/python3.12/site-packages/airflow/example_dags/plugins/decreasing_priority_weight_strategy.py
[2025-08-06T13:56:52.802-0400] {processor.py:914} INFO - Processing file /home/huynguyen2741/airflow_venv/lib/python3.12/site-packages/airflow/example_dags/plugins/decreasing_priority_weight_strategy.py for tasks to queue
[2025-08-06T13:56:52.803-0400] {logging_mixin.py:190} INFO - [2025-08-06T13:56:52.803-0400] {dagbag.py:588} INFO - Filling up the DagBag from /home/huynguyen2741/airflow_venv/lib/python3.12/site-packages/airflow/example_dags/plugins/decreasing_priority_weight_strategy.py
[2025-08-06T13:56:52.805-0400] {processor.py:927} WARNING - No viable dags retrieved from /home/huynguyen2741/airflow_venv/lib/python3.12/site-packages/airflow/example_dags/plugins/decreasing_priority_weight_strategy.py
[2025-08-06T13:56:52.817-0400] {processor.py:208} INFO - Processing /home/huynguyen2741/airflow_venv/lib/python3.12/site-packages/airflow/example_dags/plugins/decreasing_priority_weight_strategy.py took 0.020 seconds
[2025-08-06T13:58:01.219-0400] {processor.py:186} INFO - Started process (PID=17882) to work on /home/huynguyen2741/airflow_venv/lib/python3.12/site-packages/airflow/example_dags/plugins/decreasing_priority_weight_strategy.py
[2025-08-06T13:58:01.223-0400] {processor.py:914} INFO - Processing file /home/huynguyen2741/airflow_venv/lib/python3.12/site-packages/airflow/example_dags/plugins/decreasing_priority_weight_strategy.py for tasks to queue
[2025-08-06T13:58:01.226-0400] {logging_mixin.py:190} INFO - [2025-08-06T13:58:01.226-0400] {dagbag.py:588} INFO - Filling up the DagBag from /home/huynguyen2741/airflow_venv/lib/python3.12/site-packages/airflow/example_dags/plugins/decreasing_priority_weight_strategy.py
[2025-08-06T13:58:01.229-0400] {processor.py:927} WARNING - No viable dags retrieved from /home/huynguyen2741/airflow_venv/lib/python3.12/site-packages/airflow/example_dags/plugins/decreasing_priority_weight_strategy.py
[2025-08-06T13:58:01.240-0400] {processor.py:208} INFO - Processing /home/huynguyen2741/airflow_venv/lib/python3.12/site-packages/airflow/example_dags/plugins/decreasing_priority_weight_strategy.py took 0.025 seconds
[2025-08-06T13:59:01.137-0400] {processor.py:186} INFO - Started process (PID=18093) to work on /home/huynguyen2741/airflow_venv/lib/python3.12/site-packages/airflow/example_dags/plugins/decreasing_priority_weight_strategy.py
[2025-08-06T13:59:01.138-0400] {processor.py:914} INFO - Processing file /home/huynguyen2741/airflow_venv/lib/python3.12/site-packages/airflow/example_dags/plugins/decreasing_priority_weight_strategy.py for tasks to queue
[2025-08-06T13:59:01.140-0400] {logging_mixin.py:190} INFO - [2025-08-06T13:59:01.139-0400] {dagbag.py:588} INFO - Filling up the DagBag from /home/huynguyen2741/airflow_venv/lib/python3.12/site-packages/airflow/example_dags/plugins/decreasing_priority_weight_strategy.py
[2025-08-06T13:59:01.142-0400] {processor.py:927} WARNING - No viable dags retrieved from /home/huynguyen2741/airflow_venv/lib/python3.12/site-packages/airflow/example_dags/plugins/decreasing_priority_weight_strategy.py
[2025-08-06T13:59:01.149-0400] {processor.py:208} INFO - Processing /home/huynguyen2741/airflow_venv/lib/python3.12/site-packages/airflow/example_dags/plugins/decreasing_priority_weight_strategy.py took 0.017 seconds
[2025-08-06T14:00:00.766-0400] {processor.py:186} INFO - Started process (PID=18318) to work on /home/huynguyen2741/airflow_venv/lib/python3.12/site-packages/airflow/example_dags/plugins/decreasing_priority_weight_strategy.py
[2025-08-06T14:00:00.769-0400] {processor.py:914} INFO - Processing file /home/huynguyen2741/airflow_venv/lib/python3.12/site-packages/airflow/example_dags/plugins/decreasing_priority_weight_strategy.py for tasks to queue
[2025-08-06T14:00:00.771-0400] {logging_mixin.py:190} INFO - [2025-08-06T14:00:00.770-0400] {dagbag.py:588} INFO - Filling up the DagBag from /home/huynguyen2741/airflow_venv/lib/python3.12/site-packages/airflow/example_dags/plugins/decreasing_priority_weight_strategy.py
[2025-08-06T14:00:00.772-0400] {processor.py:927} WARNING - No viable dags retrieved from /home/huynguyen2741/airflow_venv/lib/python3.12/site-packages/airflow/example_dags/plugins/decreasing_priority_weight_strategy.py
[2025-08-06T14:00:00.780-0400] {processor.py:208} INFO - Processing /home/huynguyen2741/airflow_venv/lib/python3.12/site-packages/airflow/example_dags/plugins/decreasing_priority_weight_strategy.py took 0.018 seconds
[2025-08-06T14:01:05.223-0400] {processor.py:186} INFO - Started process (PID=18545) to work on /home/huynguyen2741/airflow_venv/lib/python3.12/site-packages/airflow/example_dags/plugins/decreasing_priority_weight_strategy.py
[2025-08-06T14:01:05.224-0400] {processor.py:914} INFO - Processing file /home/huynguyen2741/airflow_venv/lib/python3.12/site-packages/airflow/example_dags/plugins/decreasing_priority_weight_strategy.py for tasks to queue
[2025-08-06T14:01:05.225-0400] {logging_mixin.py:190} INFO - [2025-08-06T14:01:05.225-0400] {dagbag.py:588} INFO - Filling up the DagBag from /home/huynguyen2741/airflow_venv/lib/python3.12/site-packages/airflow/example_dags/plugins/decreasing_priority_weight_strategy.py
[2025-08-06T14:01:05.228-0400] {processor.py:927} WARNING - No viable dags retrieved from /home/huynguyen2741/airflow_venv/lib/python3.12/site-packages/airflow/example_dags/plugins/decreasing_priority_weight_strategy.py
[2025-08-06T14:01:05.235-0400] {processor.py:208} INFO - Processing /home/huynguyen2741/airflow_venv/lib/python3.12/site-packages/airflow/example_dags/plugins/decreasing_priority_weight_strategy.py took 0.017 seconds
[2025-08-06T14:02:09.068-0400] {processor.py:186} INFO - Started process (PID=18766) to work on /home/huynguyen2741/airflow_venv/lib/python3.12/site-packages/airflow/example_dags/plugins/decreasing_priority_weight_strategy.py
[2025-08-06T14:02:09.071-0400] {processor.py:914} INFO - Processing file /home/huynguyen2741/airflow_venv/lib/python3.12/site-packages/airflow/example_dags/plugins/decreasing_priority_weight_strategy.py for tasks to queue
[2025-08-06T14:02:09.073-0400] {logging_mixin.py:190} INFO - [2025-08-06T14:02:09.073-0400] {dagbag.py:588} INFO - Filling up the DagBag from /home/huynguyen2741/airflow_venv/lib/python3.12/site-packages/airflow/example_dags/plugins/decreasing_priority_weight_strategy.py
[2025-08-06T14:02:09.075-0400] {processor.py:927} WARNING - No viable dags retrieved from /home/huynguyen2741/airflow_venv/lib/python3.12/site-packages/airflow/example_dags/plugins/decreasing_priority_weight_strategy.py
[2025-08-06T14:02:09.083-0400] {processor.py:208} INFO - Processing /home/huynguyen2741/airflow_venv/lib/python3.12/site-packages/airflow/example_dags/plugins/decreasing_priority_weight_strategy.py took 0.019 seconds
[2025-08-06T14:03:10.425-0400] {processor.py:186} INFO - Started process (PID=19013) to work on /home/huynguyen2741/airflow_venv/lib/python3.12/site-packages/airflow/example_dags/plugins/decreasing_priority_weight_strategy.py
[2025-08-06T14:03:10.435-0400] {processor.py:914} INFO - Processing file /home/huynguyen2741/airflow_venv/lib/python3.12/site-packages/airflow/example_dags/plugins/decreasing_priority_weight_strategy.py for tasks to queue
[2025-08-06T14:03:10.437-0400] {logging_mixin.py:190} INFO - [2025-08-06T14:03:10.437-0400] {dagbag.py:588} INFO - Filling up the DagBag from /home/huynguyen2741/airflow_venv/lib/python3.12/site-packages/airflow/example_dags/plugins/decreasing_priority_weight_strategy.py
[2025-08-06T14:03:10.439-0400] {processor.py:927} WARNING - No viable dags retrieved from /home/huynguyen2741/airflow_venv/lib/python3.12/site-packages/airflow/example_dags/plugins/decreasing_priority_weight_strategy.py
[2025-08-06T14:03:10.447-0400] {processor.py:208} INFO - Processing /home/huynguyen2741/airflow_venv/lib/python3.12/site-packages/airflow/example_dags/plugins/decreasing_priority_weight_strategy.py took 0.029 seconds
[2025-08-06T14:03:46.906-0400] {processor.py:186} INFO - Started process (PID=19143) to work on /home/huynguyen2741/airflow_venv/lib/python3.12/site-packages/airflow/example_dags/plugins/decreasing_priority_weight_strategy.py
[2025-08-06T14:03:46.907-0400] {processor.py:914} INFO - Processing file /home/huynguyen2741/airflow_venv/lib/python3.12/site-packages/airflow/example_dags/plugins/decreasing_priority_weight_strategy.py for tasks to queue
[2025-08-06T14:03:46.909-0400] {logging_mixin.py:190} INFO - [2025-08-06T14:03:46.908-0400] {dagbag.py:588} INFO - Filling up the DagBag from /home/huynguyen2741/airflow_venv/lib/python3.12/site-packages/airflow/example_dags/plugins/decreasing_priority_weight_strategy.py
[2025-08-06T14:03:46.911-0400] {processor.py:927} WARNING - No viable dags retrieved from /home/huynguyen2741/airflow_venv/lib/python3.12/site-packages/airflow/example_dags/plugins/decreasing_priority_weight_strategy.py
[2025-08-06T14:03:46.919-0400] {processor.py:208} INFO - Processing /home/huynguyen2741/airflow_venv/lib/python3.12/site-packages/airflow/example_dags/plugins/decreasing_priority_weight_strategy.py took 0.017 seconds
[2025-08-06T14:04:44.540-0400] {processor.py:186} INFO - Started process (PID=19357) to work on /home/huynguyen2741/airflow_venv/lib/python3.12/site-packages/airflow/example_dags/plugins/decreasing_priority_weight_strategy.py
[2025-08-06T14:04:44.549-0400] {processor.py:914} INFO - Processing file /home/huynguyen2741/airflow_venv/lib/python3.12/site-packages/airflow/example_dags/plugins/decreasing_priority_weight_strategy.py for tasks to queue
[2025-08-06T14:04:44.551-0400] {logging_mixin.py:190} INFO - [2025-08-06T14:04:44.551-0400] {dagbag.py:588} INFO - Filling up the DagBag from /home/huynguyen2741/airflow_venv/lib/python3.12/site-packages/airflow/example_dags/plugins/decreasing_priority_weight_strategy.py
[2025-08-06T14:04:44.553-0400] {processor.py:927} WARNING - No viable dags retrieved from /home/huynguyen2741/airflow_venv/lib/python3.12/site-packages/airflow/example_dags/plugins/decreasing_priority_weight_strategy.py
[2025-08-06T14:04:44.561-0400] {processor.py:208} INFO - Processing /home/huynguyen2741/airflow_venv/lib/python3.12/site-packages/airflow/example_dags/plugins/decreasing_priority_weight_strategy.py took 0.025 seconds
[2025-08-06T14:05:49.415-0400] {processor.py:186} INFO - Started process (PID=19736) to work on /home/huynguyen2741/airflow_venv/lib/python3.12/site-packages/airflow/example_dags/plugins/decreasing_priority_weight_strategy.py
[2025-08-06T14:05:49.424-0400] {processor.py:914} INFO - Processing file /home/huynguyen2741/airflow_venv/lib/python3.12/site-packages/airflow/example_dags/plugins/decreasing_priority_weight_strategy.py for tasks to queue
[2025-08-06T14:05:49.426-0400] {logging_mixin.py:190} INFO - [2025-08-06T14:05:49.426-0400] {dagbag.py:588} INFO - Filling up the DagBag from /home/huynguyen2741/airflow_venv/lib/python3.12/site-packages/airflow/example_dags/plugins/decreasing_priority_weight_strategy.py
[2025-08-06T14:05:49.428-0400] {processor.py:927} WARNING - No viable dags retrieved from /home/huynguyen2741/airflow_venv/lib/python3.12/site-packages/airflow/example_dags/plugins/decreasing_priority_weight_strategy.py
[2025-08-06T14:05:49.436-0400] {processor.py:208} INFO - Processing /home/huynguyen2741/airflow_venv/lib/python3.12/site-packages/airflow/example_dags/plugins/decreasing_priority_weight_strategy.py took 0.025 seconds
[2025-08-06T14:06:55.002-0400] {processor.py:186} INFO - Started process (PID=19963) to work on /home/huynguyen2741/airflow_venv/lib/python3.12/site-packages/airflow/example_dags/plugins/decreasing_priority_weight_strategy.py
[2025-08-06T14:06:55.006-0400] {processor.py:914} INFO - Processing file /home/huynguyen2741/airflow_venv/lib/python3.12/site-packages/airflow/example_dags/plugins/decreasing_priority_weight_strategy.py for tasks to queue
[2025-08-06T14:06:55.008-0400] {logging_mixin.py:190} INFO - [2025-08-06T14:06:55.008-0400] {dagbag.py:588} INFO - Filling up the DagBag from /home/huynguyen2741/airflow_venv/lib/python3.12/site-packages/airflow/example_dags/plugins/decreasing_priority_weight_strategy.py
[2025-08-06T14:06:55.010-0400] {processor.py:927} WARNING - No viable dags retrieved from /home/huynguyen2741/airflow_venv/lib/python3.12/site-packages/airflow/example_dags/plugins/decreasing_priority_weight_strategy.py
[2025-08-06T14:06:55.018-0400] {processor.py:208} INFO - Processing /home/huynguyen2741/airflow_venv/lib/python3.12/site-packages/airflow/example_dags/plugins/decreasing_priority_weight_strategy.py took 0.020 seconds
[2025-08-06T14:08:02.240-0400] {processor.py:186} INFO - Started process (PID=20232) to work on /home/huynguyen2741/airflow_venv/lib/python3.12/site-packages/airflow/example_dags/plugins/decreasing_priority_weight_strategy.py
[2025-08-06T14:08:02.241-0400] {processor.py:914} INFO - Processing file /home/huynguyen2741/airflow_venv/lib/python3.12/site-packages/airflow/example_dags/plugins/decreasing_priority_weight_strategy.py for tasks to queue
[2025-08-06T14:08:02.242-0400] {logging_mixin.py:190} INFO - [2025-08-06T14:08:02.242-0400] {dagbag.py:588} INFO - Filling up the DagBag from /home/huynguyen2741/airflow_venv/lib/python3.12/site-packages/airflow/example_dags/plugins/decreasing_priority_weight_strategy.py
[2025-08-06T14:08:02.244-0400] {processor.py:927} WARNING - No viable dags retrieved from /home/huynguyen2741/airflow_venv/lib/python3.12/site-packages/airflow/example_dags/plugins/decreasing_priority_weight_strategy.py
[2025-08-06T14:08:02.252-0400] {processor.py:208} INFO - Processing /home/huynguyen2741/airflow_venv/lib/python3.12/site-packages/airflow/example_dags/plugins/decreasing_priority_weight_strategy.py took 0.016 seconds
[2025-08-06T14:09:09.646-0400] {processor.py:186} INFO - Started process (PID=20619) to work on /home/huynguyen2741/airflow_venv/lib/python3.12/site-packages/airflow/example_dags/plugins/decreasing_priority_weight_strategy.py
[2025-08-06T14:09:09.647-0400] {processor.py:914} INFO - Processing file /home/huynguyen2741/airflow_venv/lib/python3.12/site-packages/airflow/example_dags/plugins/decreasing_priority_weight_strategy.py for tasks to queue
[2025-08-06T14:09:09.649-0400] {logging_mixin.py:190} INFO - [2025-08-06T14:09:09.649-0400] {dagbag.py:588} INFO - Filling up the DagBag from /home/huynguyen2741/airflow_venv/lib/python3.12/site-packages/airflow/example_dags/plugins/decreasing_priority_weight_strategy.py
[2025-08-06T14:09:09.651-0400] {processor.py:927} WARNING - No viable dags retrieved from /home/huynguyen2741/airflow_venv/lib/python3.12/site-packages/airflow/example_dags/plugins/decreasing_priority_weight_strategy.py
[2025-08-06T14:09:09.659-0400] {processor.py:208} INFO - Processing /home/huynguyen2741/airflow_venv/lib/python3.12/site-packages/airflow/example_dags/plugins/decreasing_priority_weight_strategy.py took 0.016 seconds
[2025-08-06T14:09:47.638-0400] {processor.py:186} INFO - Started process (PID=20881) to work on /home/huynguyen2741/airflow_venv/lib/python3.12/site-packages/airflow/example_dags/plugins/decreasing_priority_weight_strategy.py
[2025-08-06T14:09:47.638-0400] {processor.py:914} INFO - Processing file /home/huynguyen2741/airflow_venv/lib/python3.12/site-packages/airflow/example_dags/plugins/decreasing_priority_weight_strategy.py for tasks to queue
[2025-08-06T14:09:47.640-0400] {logging_mixin.py:190} INFO - [2025-08-06T14:09:47.640-0400] {dagbag.py:588} INFO - Filling up the DagBag from /home/huynguyen2741/airflow_venv/lib/python3.12/site-packages/airflow/example_dags/plugins/decreasing_priority_weight_strategy.py
[2025-08-06T14:09:47.642-0400] {processor.py:927} WARNING - No viable dags retrieved from /home/huynguyen2741/airflow_venv/lib/python3.12/site-packages/airflow/example_dags/plugins/decreasing_priority_weight_strategy.py
[2025-08-06T14:09:47.650-0400] {processor.py:208} INFO - Processing /home/huynguyen2741/airflow_venv/lib/python3.12/site-packages/airflow/example_dags/plugins/decreasing_priority_weight_strategy.py took 0.016 seconds
[2025-08-06T14:10:43.156-0400] {processor.py:186} INFO - Started process (PID=21235) to work on /home/huynguyen2741/airflow_venv/lib/python3.12/site-packages/airflow/example_dags/plugins/decreasing_priority_weight_strategy.py
[2025-08-06T14:10:43.157-0400] {processor.py:914} INFO - Processing file /home/huynguyen2741/airflow_venv/lib/python3.12/site-packages/airflow/example_dags/plugins/decreasing_priority_weight_strategy.py for tasks to queue
[2025-08-06T14:10:43.159-0400] {logging_mixin.py:190} INFO - [2025-08-06T14:10:43.158-0400] {dagbag.py:588} INFO - Filling up the DagBag from /home/huynguyen2741/airflow_venv/lib/python3.12/site-packages/airflow/example_dags/plugins/decreasing_priority_weight_strategy.py
[2025-08-06T14:10:43.161-0400] {processor.py:927} WARNING - No viable dags retrieved from /home/huynguyen2741/airflow_venv/lib/python3.12/site-packages/airflow/example_dags/plugins/decreasing_priority_weight_strategy.py
[2025-08-06T14:10:43.168-0400] {processor.py:208} INFO - Processing /home/huynguyen2741/airflow_venv/lib/python3.12/site-packages/airflow/example_dags/plugins/decreasing_priority_weight_strategy.py took 0.017 seconds
[2025-08-06T14:11:49.079-0400] {processor.py:186} INFO - Started process (PID=21467) to work on /home/huynguyen2741/airflow_venv/lib/python3.12/site-packages/airflow/example_dags/plugins/decreasing_priority_weight_strategy.py
[2025-08-06T14:11:49.083-0400] {processor.py:914} INFO - Processing file /home/huynguyen2741/airflow_venv/lib/python3.12/site-packages/airflow/example_dags/plugins/decreasing_priority_weight_strategy.py for tasks to queue
[2025-08-06T14:11:49.084-0400] {logging_mixin.py:190} INFO - [2025-08-06T14:11:49.083-0400] {dagbag.py:588} INFO - Filling up the DagBag from /home/huynguyen2741/airflow_venv/lib/python3.12/site-packages/airflow/example_dags/plugins/decreasing_priority_weight_strategy.py
[2025-08-06T14:11:49.086-0400] {processor.py:927} WARNING - No viable dags retrieved from /home/huynguyen2741/airflow_venv/lib/python3.12/site-packages/airflow/example_dags/plugins/decreasing_priority_weight_strategy.py
[2025-08-06T14:11:49.095-0400] {processor.py:208} INFO - Processing /home/huynguyen2741/airflow_venv/lib/python3.12/site-packages/airflow/example_dags/plugins/decreasing_priority_weight_strategy.py took 0.020 seconds
[2025-08-06T14:12:52.280-0400] {processor.py:186} INFO - Started process (PID=21872) to work on /home/huynguyen2741/airflow_venv/lib/python3.12/site-packages/airflow/example_dags/plugins/decreasing_priority_weight_strategy.py
[2025-08-06T14:12:52.281-0400] {processor.py:914} INFO - Processing file /home/huynguyen2741/airflow_venv/lib/python3.12/site-packages/airflow/example_dags/plugins/decreasing_priority_weight_strategy.py for tasks to queue
[2025-08-06T14:12:52.282-0400] {logging_mixin.py:190} INFO - [2025-08-06T14:12:52.282-0400] {dagbag.py:588} INFO - Filling up the DagBag from /home/huynguyen2741/airflow_venv/lib/python3.12/site-packages/airflow/example_dags/plugins/decreasing_priority_weight_strategy.py
[2025-08-06T14:12:52.284-0400] {processor.py:927} WARNING - No viable dags retrieved from /home/huynguyen2741/airflow_venv/lib/python3.12/site-packages/airflow/example_dags/plugins/decreasing_priority_weight_strategy.py
[2025-08-06T14:12:52.294-0400] {processor.py:208} INFO - Processing /home/huynguyen2741/airflow_venv/lib/python3.12/site-packages/airflow/example_dags/plugins/decreasing_priority_weight_strategy.py took 0.019 seconds
[2025-08-06T14:13:58.568-0400] {processor.py:186} INFO - Started process (PID=22320) to work on /home/huynguyen2741/airflow_venv/lib/python3.12/site-packages/airflow/example_dags/plugins/decreasing_priority_weight_strategy.py
[2025-08-06T14:13:58.572-0400] {processor.py:914} INFO - Processing file /home/huynguyen2741/airflow_venv/lib/python3.12/site-packages/airflow/example_dags/plugins/decreasing_priority_weight_strategy.py for tasks to queue
[2025-08-06T14:13:58.573-0400] {logging_mixin.py:190} INFO - [2025-08-06T14:13:58.573-0400] {dagbag.py:588} INFO - Filling up the DagBag from /home/huynguyen2741/airflow_venv/lib/python3.12/site-packages/airflow/example_dags/plugins/decreasing_priority_weight_strategy.py
[2025-08-06T14:13:58.575-0400] {processor.py:927} WARNING - No viable dags retrieved from /home/huynguyen2741/airflow_venv/lib/python3.12/site-packages/airflow/example_dags/plugins/decreasing_priority_weight_strategy.py
[2025-08-06T14:13:58.585-0400] {processor.py:208} INFO - Processing /home/huynguyen2741/airflow_venv/lib/python3.12/site-packages/airflow/example_dags/plugins/decreasing_priority_weight_strategy.py took 0.021 seconds
[2025-08-06T14:15:02.677-0400] {processor.py:186} INFO - Started process (PID=22673) to work on /home/huynguyen2741/airflow_venv/lib/python3.12/site-packages/airflow/example_dags/plugins/decreasing_priority_weight_strategy.py
[2025-08-06T14:15:02.681-0400] {processor.py:914} INFO - Processing file /home/huynguyen2741/airflow_venv/lib/python3.12/site-packages/airflow/example_dags/plugins/decreasing_priority_weight_strategy.py for tasks to queue
[2025-08-06T14:15:02.682-0400] {logging_mixin.py:190} INFO - [2025-08-06T14:15:02.682-0400] {dagbag.py:588} INFO - Filling up the DagBag from /home/huynguyen2741/airflow_venv/lib/python3.12/site-packages/airflow/example_dags/plugins/decreasing_priority_weight_strategy.py
[2025-08-06T14:15:02.684-0400] {processor.py:927} WARNING - No viable dags retrieved from /home/huynguyen2741/airflow_venv/lib/python3.12/site-packages/airflow/example_dags/plugins/decreasing_priority_weight_strategy.py
[2025-08-06T14:15:02.694-0400] {processor.py:208} INFO - Processing /home/huynguyen2741/airflow_venv/lib/python3.12/site-packages/airflow/example_dags/plugins/decreasing_priority_weight_strategy.py took 0.021 seconds
[2025-08-06T14:16:01.039-0400] {processor.py:186} INFO - Started process (PID=23027) to work on /home/huynguyen2741/airflow_venv/lib/python3.12/site-packages/airflow/example_dags/plugins/decreasing_priority_weight_strategy.py
[2025-08-06T14:16:01.040-0400] {processor.py:914} INFO - Processing file /home/huynguyen2741/airflow_venv/lib/python3.12/site-packages/airflow/example_dags/plugins/decreasing_priority_weight_strategy.py for tasks to queue
[2025-08-06T14:16:01.041-0400] {logging_mixin.py:190} INFO - [2025-08-06T14:16:01.040-0400] {dagbag.py:588} INFO - Filling up the DagBag from /home/huynguyen2741/airflow_venv/lib/python3.12/site-packages/airflow/example_dags/plugins/decreasing_priority_weight_strategy.py
[2025-08-06T14:16:01.043-0400] {processor.py:927} WARNING - No viable dags retrieved from /home/huynguyen2741/airflow_venv/lib/python3.12/site-packages/airflow/example_dags/plugins/decreasing_priority_weight_strategy.py
[2025-08-06T14:16:01.051-0400] {processor.py:208} INFO - Processing /home/huynguyen2741/airflow_venv/lib/python3.12/site-packages/airflow/example_dags/plugins/decreasing_priority_weight_strategy.py took 0.018 seconds
[2025-08-06T14:17:07.460-0400] {processor.py:186} INFO - Started process (PID=23272) to work on /home/huynguyen2741/airflow_venv/lib/python3.12/site-packages/airflow/example_dags/plugins/decreasing_priority_weight_strategy.py
[2025-08-06T14:17:07.461-0400] {processor.py:914} INFO - Processing file /home/huynguyen2741/airflow_venv/lib/python3.12/site-packages/airflow/example_dags/plugins/decreasing_priority_weight_strategy.py for tasks to queue
[2025-08-06T14:17:07.462-0400] {logging_mixin.py:190} INFO - [2025-08-06T14:17:07.462-0400] {dagbag.py:588} INFO - Filling up the DagBag from /home/huynguyen2741/airflow_venv/lib/python3.12/site-packages/airflow/example_dags/plugins/decreasing_priority_weight_strategy.py
[2025-08-06T14:17:07.465-0400] {processor.py:927} WARNING - No viable dags retrieved from /home/huynguyen2741/airflow_venv/lib/python3.12/site-packages/airflow/example_dags/plugins/decreasing_priority_weight_strategy.py
[2025-08-06T14:17:07.476-0400] {processor.py:208} INFO - Processing /home/huynguyen2741/airflow_venv/lib/python3.12/site-packages/airflow/example_dags/plugins/decreasing_priority_weight_strategy.py took 0.022 seconds
[2025-08-06T14:18:13.343-0400] {processor.py:186} INFO - Started process (PID=23508) to work on /home/huynguyen2741/airflow_venv/lib/python3.12/site-packages/airflow/example_dags/plugins/decreasing_priority_weight_strategy.py
[2025-08-06T14:18:13.344-0400] {processor.py:914} INFO - Processing file /home/huynguyen2741/airflow_venv/lib/python3.12/site-packages/airflow/example_dags/plugins/decreasing_priority_weight_strategy.py for tasks to queue
[2025-08-06T14:18:13.345-0400] {logging_mixin.py:190} INFO - [2025-08-06T14:18:13.344-0400] {dagbag.py:588} INFO - Filling up the DagBag from /home/huynguyen2741/airflow_venv/lib/python3.12/site-packages/airflow/example_dags/plugins/decreasing_priority_weight_strategy.py
[2025-08-06T14:18:13.347-0400] {processor.py:927} WARNING - No viable dags retrieved from /home/huynguyen2741/airflow_venv/lib/python3.12/site-packages/airflow/example_dags/plugins/decreasing_priority_weight_strategy.py
[2025-08-06T14:18:13.358-0400] {processor.py:208} INFO - Processing /home/huynguyen2741/airflow_venv/lib/python3.12/site-packages/airflow/example_dags/plugins/decreasing_priority_weight_strategy.py took 0.020 seconds
[2025-08-06T14:19:21.016-0400] {processor.py:186} INFO - Started process (PID=23785) to work on /home/huynguyen2741/airflow_venv/lib/python3.12/site-packages/airflow/example_dags/plugins/decreasing_priority_weight_strategy.py
[2025-08-06T14:19:21.020-0400] {processor.py:914} INFO - Processing file /home/huynguyen2741/airflow_venv/lib/python3.12/site-packages/airflow/example_dags/plugins/decreasing_priority_weight_strategy.py for tasks to queue
[2025-08-06T14:19:21.021-0400] {logging_mixin.py:190} INFO - [2025-08-06T14:19:21.021-0400] {dagbag.py:588} INFO - Filling up the DagBag from /home/huynguyen2741/airflow_venv/lib/python3.12/site-packages/airflow/example_dags/plugins/decreasing_priority_weight_strategy.py
[2025-08-06T14:19:21.023-0400] {processor.py:927} WARNING - No viable dags retrieved from /home/huynguyen2741/airflow_venv/lib/python3.12/site-packages/airflow/example_dags/plugins/decreasing_priority_weight_strategy.py
[2025-08-06T14:19:21.031-0400] {processor.py:208} INFO - Processing /home/huynguyen2741/airflow_venv/lib/python3.12/site-packages/airflow/example_dags/plugins/decreasing_priority_weight_strategy.py took 0.020 seconds
[2025-08-06T14:20:24.418-0400] {processor.py:186} INFO - Started process (PID=24006) to work on /home/huynguyen2741/airflow_venv/lib/python3.12/site-packages/airflow/example_dags/plugins/decreasing_priority_weight_strategy.py
[2025-08-06T14:20:24.419-0400] {processor.py:914} INFO - Processing file /home/huynguyen2741/airflow_venv/lib/python3.12/site-packages/airflow/example_dags/plugins/decreasing_priority_weight_strategy.py for tasks to queue
[2025-08-06T14:20:24.420-0400] {logging_mixin.py:190} INFO - [2025-08-06T14:20:24.420-0400] {dagbag.py:588} INFO - Filling up the DagBag from /home/huynguyen2741/airflow_venv/lib/python3.12/site-packages/airflow/example_dags/plugins/decreasing_priority_weight_strategy.py
[2025-08-06T14:20:24.422-0400] {processor.py:927} WARNING - No viable dags retrieved from /home/huynguyen2741/airflow_venv/lib/python3.12/site-packages/airflow/example_dags/plugins/decreasing_priority_weight_strategy.py
[2025-08-06T14:20:24.430-0400] {processor.py:208} INFO - Processing /home/huynguyen2741/airflow_venv/lib/python3.12/site-packages/airflow/example_dags/plugins/decreasing_priority_weight_strategy.py took 0.017 seconds
[2025-08-06T14:21:29.839-0400] {processor.py:186} INFO - Started process (PID=24251) to work on /home/huynguyen2741/airflow_venv/lib/python3.12/site-packages/airflow/example_dags/plugins/decreasing_priority_weight_strategy.py
[2025-08-06T14:21:29.840-0400] {processor.py:914} INFO - Processing file /home/huynguyen2741/airflow_venv/lib/python3.12/site-packages/airflow/example_dags/plugins/decreasing_priority_weight_strategy.py for tasks to queue
[2025-08-06T14:21:29.841-0400] {logging_mixin.py:190} INFO - [2025-08-06T14:21:29.841-0400] {dagbag.py:588} INFO - Filling up the DagBag from /home/huynguyen2741/airflow_venv/lib/python3.12/site-packages/airflow/example_dags/plugins/decreasing_priority_weight_strategy.py
[2025-08-06T14:21:29.843-0400] {processor.py:927} WARNING - No viable dags retrieved from /home/huynguyen2741/airflow_venv/lib/python3.12/site-packages/airflow/example_dags/plugins/decreasing_priority_weight_strategy.py
[2025-08-06T14:21:29.852-0400] {processor.py:208} INFO - Processing /home/huynguyen2741/airflow_venv/lib/python3.12/site-packages/airflow/example_dags/plugins/decreasing_priority_weight_strategy.py took 0.017 seconds
[2025-08-06T14:22:34.613-0400] {processor.py:186} INFO - Started process (PID=24589) to work on /home/huynguyen2741/airflow_venv/lib/python3.12/site-packages/airflow/example_dags/plugins/decreasing_priority_weight_strategy.py
[2025-08-06T14:22:34.614-0400] {processor.py:914} INFO - Processing file /home/huynguyen2741/airflow_venv/lib/python3.12/site-packages/airflow/example_dags/plugins/decreasing_priority_weight_strategy.py for tasks to queue
[2025-08-06T14:22:34.615-0400] {logging_mixin.py:190} INFO - [2025-08-06T14:22:34.615-0400] {dagbag.py:588} INFO - Filling up the DagBag from /home/huynguyen2741/airflow_venv/lib/python3.12/site-packages/airflow/example_dags/plugins/decreasing_priority_weight_strategy.py
[2025-08-06T14:22:34.617-0400] {processor.py:927} WARNING - No viable dags retrieved from /home/huynguyen2741/airflow_venv/lib/python3.12/site-packages/airflow/example_dags/plugins/decreasing_priority_weight_strategy.py
[2025-08-06T14:22:34.626-0400] {processor.py:208} INFO - Processing /home/huynguyen2741/airflow_venv/lib/python3.12/site-packages/airflow/example_dags/plugins/decreasing_priority_weight_strategy.py took 0.018 seconds
[2025-08-06T14:23:36.085-0400] {processor.py:186} INFO - Started process (PID=25057) to work on /home/huynguyen2741/airflow_venv/lib/python3.12/site-packages/airflow/example_dags/plugins/decreasing_priority_weight_strategy.py
[2025-08-06T14:23:36.086-0400] {processor.py:914} INFO - Processing file /home/huynguyen2741/airflow_venv/lib/python3.12/site-packages/airflow/example_dags/plugins/decreasing_priority_weight_strategy.py for tasks to queue
[2025-08-06T14:23:36.087-0400] {logging_mixin.py:190} INFO - [2025-08-06T14:23:36.086-0400] {dagbag.py:588} INFO - Filling up the DagBag from /home/huynguyen2741/airflow_venv/lib/python3.12/site-packages/airflow/example_dags/plugins/decreasing_priority_weight_strategy.py
[2025-08-06T14:23:36.088-0400] {processor.py:927} WARNING - No viable dags retrieved from /home/huynguyen2741/airflow_venv/lib/python3.12/site-packages/airflow/example_dags/plugins/decreasing_priority_weight_strategy.py
[2025-08-06T14:23:36.096-0400] {processor.py:208} INFO - Processing /home/huynguyen2741/airflow_venv/lib/python3.12/site-packages/airflow/example_dags/plugins/decreasing_priority_weight_strategy.py took 0.017 seconds
[2025-08-06T14:24:47.041-0400] {processor.py:186} INFO - Started process (PID=25346) to work on /home/huynguyen2741/airflow_venv/lib/python3.12/site-packages/airflow/example_dags/plugins/decreasing_priority_weight_strategy.py
[2025-08-06T14:24:47.051-0400] {processor.py:914} INFO - Processing file /home/huynguyen2741/airflow_venv/lib/python3.12/site-packages/airflow/example_dags/plugins/decreasing_priority_weight_strategy.py for tasks to queue
[2025-08-06T14:24:47.052-0400] {logging_mixin.py:190} INFO - [2025-08-06T14:24:47.052-0400] {dagbag.py:588} INFO - Filling up the DagBag from /home/huynguyen2741/airflow_venv/lib/python3.12/site-packages/airflow/example_dags/plugins/decreasing_priority_weight_strategy.py
[2025-08-06T14:24:47.054-0400] {processor.py:927} WARNING - No viable dags retrieved from /home/huynguyen2741/airflow_venv/lib/python3.12/site-packages/airflow/example_dags/plugins/decreasing_priority_weight_strategy.py
[2025-08-06T14:24:47.063-0400] {processor.py:208} INFO - Processing /home/huynguyen2741/airflow_venv/lib/python3.12/site-packages/airflow/example_dags/plugins/decreasing_priority_weight_strategy.py took 0.027 seconds
[2025-08-06T14:25:47.047-0400] {processor.py:186} INFO - Started process (PID=25668) to work on /home/huynguyen2741/airflow_venv/lib/python3.12/site-packages/airflow/example_dags/plugins/decreasing_priority_weight_strategy.py
[2025-08-06T14:25:47.048-0400] {processor.py:914} INFO - Processing file /home/huynguyen2741/airflow_venv/lib/python3.12/site-packages/airflow/example_dags/plugins/decreasing_priority_weight_strategy.py for tasks to queue
[2025-08-06T14:25:47.050-0400] {logging_mixin.py:190} INFO - [2025-08-06T14:25:47.049-0400] {dagbag.py:588} INFO - Filling up the DagBag from /home/huynguyen2741/airflow_venv/lib/python3.12/site-packages/airflow/example_dags/plugins/decreasing_priority_weight_strategy.py
[2025-08-06T14:25:47.051-0400] {processor.py:927} WARNING - No viable dags retrieved from /home/huynguyen2741/airflow_venv/lib/python3.12/site-packages/airflow/example_dags/plugins/decreasing_priority_weight_strategy.py
[2025-08-06T14:25:47.060-0400] {processor.py:208} INFO - Processing /home/huynguyen2741/airflow_venv/lib/python3.12/site-packages/airflow/example_dags/plugins/decreasing_priority_weight_strategy.py took 0.018 seconds
[2025-08-06T14:26:51.718-0400] {processor.py:186} INFO - Started process (PID=25939) to work on /home/huynguyen2741/airflow_venv/lib/python3.12/site-packages/airflow/example_dags/plugins/decreasing_priority_weight_strategy.py
[2025-08-06T14:26:51.723-0400] {processor.py:914} INFO - Processing file /home/huynguyen2741/airflow_venv/lib/python3.12/site-packages/airflow/example_dags/plugins/decreasing_priority_weight_strategy.py for tasks to queue
[2025-08-06T14:26:51.724-0400] {logging_mixin.py:190} INFO - [2025-08-06T14:26:51.723-0400] {dagbag.py:588} INFO - Filling up the DagBag from /home/huynguyen2741/airflow_venv/lib/python3.12/site-packages/airflow/example_dags/plugins/decreasing_priority_weight_strategy.py
[2025-08-06T14:26:51.726-0400] {processor.py:927} WARNING - No viable dags retrieved from /home/huynguyen2741/airflow_venv/lib/python3.12/site-packages/airflow/example_dags/plugins/decreasing_priority_weight_strategy.py
[2025-08-06T14:26:51.733-0400] {processor.py:208} INFO - Processing /home/huynguyen2741/airflow_venv/lib/python3.12/site-packages/airflow/example_dags/plugins/decreasing_priority_weight_strategy.py took 0.020 seconds
[2025-08-06T14:28:00.920-0400] {processor.py:186} INFO - Started process (PID=26235) to work on /home/huynguyen2741/airflow_venv/lib/python3.12/site-packages/airflow/example_dags/plugins/decreasing_priority_weight_strategy.py
[2025-08-06T14:28:00.921-0400] {processor.py:914} INFO - Processing file /home/huynguyen2741/airflow_venv/lib/python3.12/site-packages/airflow/example_dags/plugins/decreasing_priority_weight_strategy.py for tasks to queue
[2025-08-06T14:28:00.922-0400] {logging_mixin.py:190} INFO - [2025-08-06T14:28:00.922-0400] {dagbag.py:588} INFO - Filling up the DagBag from /home/huynguyen2741/airflow_venv/lib/python3.12/site-packages/airflow/example_dags/plugins/decreasing_priority_weight_strategy.py
[2025-08-06T14:28:00.924-0400] {processor.py:927} WARNING - No viable dags retrieved from /home/huynguyen2741/airflow_venv/lib/python3.12/site-packages/airflow/example_dags/plugins/decreasing_priority_weight_strategy.py
[2025-08-06T14:28:00.931-0400] {processor.py:208} INFO - Processing /home/huynguyen2741/airflow_venv/lib/python3.12/site-packages/airflow/example_dags/plugins/decreasing_priority_weight_strategy.py took 0.017 seconds
[2025-08-06T14:29:07.951-0400] {processor.py:186} INFO - Started process (PID=26514) to work on /home/huynguyen2741/airflow_venv/lib/python3.12/site-packages/airflow/example_dags/plugins/decreasing_priority_weight_strategy.py
[2025-08-06T14:29:07.955-0400] {processor.py:914} INFO - Processing file /home/huynguyen2741/airflow_venv/lib/python3.12/site-packages/airflow/example_dags/plugins/decreasing_priority_weight_strategy.py for tasks to queue
[2025-08-06T14:29:07.956-0400] {logging_mixin.py:190} INFO - [2025-08-06T14:29:07.956-0400] {dagbag.py:588} INFO - Filling up the DagBag from /home/huynguyen2741/airflow_venv/lib/python3.12/site-packages/airflow/example_dags/plugins/decreasing_priority_weight_strategy.py
[2025-08-06T14:29:07.959-0400] {processor.py:927} WARNING - No viable dags retrieved from /home/huynguyen2741/airflow_venv/lib/python3.12/site-packages/airflow/example_dags/plugins/decreasing_priority_weight_strategy.py
[2025-08-06T14:29:07.966-0400] {processor.py:208} INFO - Processing /home/huynguyen2741/airflow_venv/lib/python3.12/site-packages/airflow/example_dags/plugins/decreasing_priority_weight_strategy.py took 0.021 seconds
[2025-08-06T14:30:16.555-0400] {processor.py:186} INFO - Started process (PID=26873) to work on /home/huynguyen2741/airflow_venv/lib/python3.12/site-packages/airflow/example_dags/plugins/decreasing_priority_weight_strategy.py
[2025-08-06T14:30:16.557-0400] {processor.py:914} INFO - Processing file /home/huynguyen2741/airflow_venv/lib/python3.12/site-packages/airflow/example_dags/plugins/decreasing_priority_weight_strategy.py for tasks to queue
[2025-08-06T14:30:16.558-0400] {logging_mixin.py:190} INFO - [2025-08-06T14:30:16.558-0400] {dagbag.py:588} INFO - Filling up the DagBag from /home/huynguyen2741/airflow_venv/lib/python3.12/site-packages/airflow/example_dags/plugins/decreasing_priority_weight_strategy.py
[2025-08-06T14:30:16.560-0400] {processor.py:927} WARNING - No viable dags retrieved from /home/huynguyen2741/airflow_venv/lib/python3.12/site-packages/airflow/example_dags/plugins/decreasing_priority_weight_strategy.py
[2025-08-06T14:30:16.569-0400] {processor.py:208} INFO - Processing /home/huynguyen2741/airflow_venv/lib/python3.12/site-packages/airflow/example_dags/plugins/decreasing_priority_weight_strategy.py took 0.021 seconds
[2025-08-06T14:30:53.884-0400] {processor.py:186} INFO - Started process (PID=27077) to work on /home/huynguyen2741/airflow_venv/lib/python3.12/site-packages/airflow/example_dags/plugins/decreasing_priority_weight_strategy.py
[2025-08-06T14:30:53.889-0400] {processor.py:914} INFO - Processing file /home/huynguyen2741/airflow_venv/lib/python3.12/site-packages/airflow/example_dags/plugins/decreasing_priority_weight_strategy.py for tasks to queue
[2025-08-06T14:30:53.890-0400] {logging_mixin.py:190} INFO - [2025-08-06T14:30:53.890-0400] {dagbag.py:588} INFO - Filling up the DagBag from /home/huynguyen2741/airflow_venv/lib/python3.12/site-packages/airflow/example_dags/plugins/decreasing_priority_weight_strategy.py
[2025-08-06T14:30:53.892-0400] {processor.py:927} WARNING - No viable dags retrieved from /home/huynguyen2741/airflow_venv/lib/python3.12/site-packages/airflow/example_dags/plugins/decreasing_priority_weight_strategy.py
[2025-08-06T14:30:53.900-0400] {processor.py:208} INFO - Processing /home/huynguyen2741/airflow_venv/lib/python3.12/site-packages/airflow/example_dags/plugins/decreasing_priority_weight_strategy.py took 0.021 seconds
[2025-08-06T14:31:32.806-0400] {processor.py:186} INFO - Started process (PID=27218) to work on /home/huynguyen2741/airflow_venv/lib/python3.12/site-packages/airflow/example_dags/plugins/decreasing_priority_weight_strategy.py
[2025-08-06T14:31:32.806-0400] {processor.py:914} INFO - Processing file /home/huynguyen2741/airflow_venv/lib/python3.12/site-packages/airflow/example_dags/plugins/decreasing_priority_weight_strategy.py for tasks to queue
[2025-08-06T14:31:32.807-0400] {logging_mixin.py:190} INFO - [2025-08-06T14:31:32.807-0400] {dagbag.py:588} INFO - Filling up the DagBag from /home/huynguyen2741/airflow_venv/lib/python3.12/site-packages/airflow/example_dags/plugins/decreasing_priority_weight_strategy.py
[2025-08-06T14:31:32.809-0400] {processor.py:927} WARNING - No viable dags retrieved from /home/huynguyen2741/airflow_venv/lib/python3.12/site-packages/airflow/example_dags/plugins/decreasing_priority_weight_strategy.py
[2025-08-06T14:31:32.817-0400] {processor.py:208} INFO - Processing /home/huynguyen2741/airflow_venv/lib/python3.12/site-packages/airflow/example_dags/plugins/decreasing_priority_weight_strategy.py took 0.017 seconds
[2025-08-06T14:32:42.744-0400] {processor.py:186} INFO - Started process (PID=27474) to work on /home/huynguyen2741/airflow_venv/lib/python3.12/site-packages/airflow/example_dags/plugins/decreasing_priority_weight_strategy.py
[2025-08-06T14:32:42.754-0400] {processor.py:914} INFO - Processing file /home/huynguyen2741/airflow_venv/lib/python3.12/site-packages/airflow/example_dags/plugins/decreasing_priority_weight_strategy.py for tasks to queue
[2025-08-06T14:32:42.755-0400] {logging_mixin.py:190} INFO - [2025-08-06T14:32:42.755-0400] {dagbag.py:588} INFO - Filling up the DagBag from /home/huynguyen2741/airflow_venv/lib/python3.12/site-packages/airflow/example_dags/plugins/decreasing_priority_weight_strategy.py
[2025-08-06T14:32:42.757-0400] {processor.py:927} WARNING - No viable dags retrieved from /home/huynguyen2741/airflow_venv/lib/python3.12/site-packages/airflow/example_dags/plugins/decreasing_priority_weight_strategy.py
[2025-08-06T14:32:42.766-0400] {processor.py:208} INFO - Processing /home/huynguyen2741/airflow_venv/lib/python3.12/site-packages/airflow/example_dags/plugins/decreasing_priority_weight_strategy.py took 0.027 seconds
[2025-08-06T14:33:52.787-0400] {processor.py:186} INFO - Started process (PID=27803) to work on /home/huynguyen2741/airflow_venv/lib/python3.12/site-packages/airflow/example_dags/plugins/decreasing_priority_weight_strategy.py
[2025-08-06T14:33:52.797-0400] {processor.py:914} INFO - Processing file /home/huynguyen2741/airflow_venv/lib/python3.12/site-packages/airflow/example_dags/plugins/decreasing_priority_weight_strategy.py for tasks to queue
[2025-08-06T14:33:52.799-0400] {logging_mixin.py:190} INFO - [2025-08-06T14:33:52.798-0400] {dagbag.py:588} INFO - Filling up the DagBag from /home/huynguyen2741/airflow_venv/lib/python3.12/site-packages/airflow/example_dags/plugins/decreasing_priority_weight_strategy.py
[2025-08-06T14:33:52.801-0400] {processor.py:927} WARNING - No viable dags retrieved from /home/huynguyen2741/airflow_venv/lib/python3.12/site-packages/airflow/example_dags/plugins/decreasing_priority_weight_strategy.py
[2025-08-06T14:33:52.812-0400] {processor.py:208} INFO - Processing /home/huynguyen2741/airflow_venv/lib/python3.12/site-packages/airflow/example_dags/plugins/decreasing_priority_weight_strategy.py took 0.035 seconds
[2025-08-06T14:34:50.607-0400] {processor.py:186} INFO - Started process (PID=28206) to work on /home/huynguyen2741/airflow_venv/lib/python3.12/site-packages/airflow/example_dags/plugins/decreasing_priority_weight_strategy.py
[2025-08-06T14:34:50.617-0400] {processor.py:914} INFO - Processing file /home/huynguyen2741/airflow_venv/lib/python3.12/site-packages/airflow/example_dags/plugins/decreasing_priority_weight_strategy.py for tasks to queue
[2025-08-06T14:34:50.618-0400] {logging_mixin.py:190} INFO - [2025-08-06T14:34:50.618-0400] {dagbag.py:588} INFO - Filling up the DagBag from /home/huynguyen2741/airflow_venv/lib/python3.12/site-packages/airflow/example_dags/plugins/decreasing_priority_weight_strategy.py
[2025-08-06T14:34:50.620-0400] {processor.py:927} WARNING - No viable dags retrieved from /home/huynguyen2741/airflow_venv/lib/python3.12/site-packages/airflow/example_dags/plugins/decreasing_priority_weight_strategy.py
[2025-08-06T14:34:50.628-0400] {processor.py:208} INFO - Processing /home/huynguyen2741/airflow_venv/lib/python3.12/site-packages/airflow/example_dags/plugins/decreasing_priority_weight_strategy.py took 0.026 seconds
[2025-08-06T14:35:44.488-0400] {processor.py:186} INFO - Started process (PID=28448) to work on /home/huynguyen2741/airflow_venv/lib/python3.12/site-packages/airflow/example_dags/plugins/decreasing_priority_weight_strategy.py
[2025-08-06T14:35:44.489-0400] {processor.py:914} INFO - Processing file /home/huynguyen2741/airflow_venv/lib/python3.12/site-packages/airflow/example_dags/plugins/decreasing_priority_weight_strategy.py for tasks to queue
[2025-08-06T14:35:44.490-0400] {logging_mixin.py:190} INFO - [2025-08-06T14:35:44.490-0400] {dagbag.py:588} INFO - Filling up the DagBag from /home/huynguyen2741/airflow_venv/lib/python3.12/site-packages/airflow/example_dags/plugins/decreasing_priority_weight_strategy.py
[2025-08-06T14:35:44.492-0400] {processor.py:927} WARNING - No viable dags retrieved from /home/huynguyen2741/airflow_venv/lib/python3.12/site-packages/airflow/example_dags/plugins/decreasing_priority_weight_strategy.py
[2025-08-06T14:35:44.500-0400] {processor.py:208} INFO - Processing /home/huynguyen2741/airflow_venv/lib/python3.12/site-packages/airflow/example_dags/plugins/decreasing_priority_weight_strategy.py took 0.017 seconds
[2025-08-06T14:36:50.469-0400] {processor.py:186} INFO - Started process (PID=28682) to work on /home/huynguyen2741/airflow_venv/lib/python3.12/site-packages/airflow/example_dags/plugins/decreasing_priority_weight_strategy.py
[2025-08-06T14:36:50.473-0400] {processor.py:914} INFO - Processing file /home/huynguyen2741/airflow_venv/lib/python3.12/site-packages/airflow/example_dags/plugins/decreasing_priority_weight_strategy.py for tasks to queue
[2025-08-06T14:36:50.474-0400] {logging_mixin.py:190} INFO - [2025-08-06T14:36:50.474-0400] {dagbag.py:588} INFO - Filling up the DagBag from /home/huynguyen2741/airflow_venv/lib/python3.12/site-packages/airflow/example_dags/plugins/decreasing_priority_weight_strategy.py
[2025-08-06T14:36:50.476-0400] {processor.py:927} WARNING - No viable dags retrieved from /home/huynguyen2741/airflow_venv/lib/python3.12/site-packages/airflow/example_dags/plugins/decreasing_priority_weight_strategy.py
[2025-08-06T14:36:50.485-0400] {processor.py:208} INFO - Processing /home/huynguyen2741/airflow_venv/lib/python3.12/site-packages/airflow/example_dags/plugins/decreasing_priority_weight_strategy.py took 0.021 seconds
[2025-08-06T14:37:56.451-0400] {processor.py:186} INFO - Started process (PID=28933) to work on /home/huynguyen2741/airflow_venv/lib/python3.12/site-packages/airflow/example_dags/plugins/decreasing_priority_weight_strategy.py
[2025-08-06T14:37:56.453-0400] {processor.py:914} INFO - Processing file /home/huynguyen2741/airflow_venv/lib/python3.12/site-packages/airflow/example_dags/plugins/decreasing_priority_weight_strategy.py for tasks to queue
[2025-08-06T14:37:56.454-0400] {logging_mixin.py:190} INFO - [2025-08-06T14:37:56.453-0400] {dagbag.py:588} INFO - Filling up the DagBag from /home/huynguyen2741/airflow_venv/lib/python3.12/site-packages/airflow/example_dags/plugins/decreasing_priority_weight_strategy.py
[2025-08-06T14:37:56.456-0400] {processor.py:927} WARNING - No viable dags retrieved from /home/huynguyen2741/airflow_venv/lib/python3.12/site-packages/airflow/example_dags/plugins/decreasing_priority_weight_strategy.py
[2025-08-06T14:37:56.467-0400] {processor.py:208} INFO - Processing /home/huynguyen2741/airflow_venv/lib/python3.12/site-packages/airflow/example_dags/plugins/decreasing_priority_weight_strategy.py took 0.022 seconds
[2025-08-06T14:39:05.342-0400] {processor.py:186} INFO - Started process (PID=29232) to work on /home/huynguyen2741/airflow_venv/lib/python3.12/site-packages/airflow/example_dags/plugins/decreasing_priority_weight_strategy.py
[2025-08-06T14:39:05.343-0400] {processor.py:914} INFO - Processing file /home/huynguyen2741/airflow_venv/lib/python3.12/site-packages/airflow/example_dags/plugins/decreasing_priority_weight_strategy.py for tasks to queue
[2025-08-06T14:39:05.344-0400] {logging_mixin.py:190} INFO - [2025-08-06T14:39:05.344-0400] {dagbag.py:588} INFO - Filling up the DagBag from /home/huynguyen2741/airflow_venv/lib/python3.12/site-packages/airflow/example_dags/plugins/decreasing_priority_weight_strategy.py
[2025-08-06T14:39:05.346-0400] {processor.py:927} WARNING - No viable dags retrieved from /home/huynguyen2741/airflow_venv/lib/python3.12/site-packages/airflow/example_dags/plugins/decreasing_priority_weight_strategy.py
[2025-08-06T14:39:05.355-0400] {processor.py:208} INFO - Processing /home/huynguyen2741/airflow_venv/lib/python3.12/site-packages/airflow/example_dags/plugins/decreasing_priority_weight_strategy.py took 0.018 seconds
[2025-08-06T14:40:06.650-0400] {processor.py:186} INFO - Started process (PID=29446) to work on /home/huynguyen2741/airflow_venv/lib/python3.12/site-packages/airflow/example_dags/plugins/decreasing_priority_weight_strategy.py
[2025-08-06T14:40:06.654-0400] {processor.py:914} INFO - Processing file /home/huynguyen2741/airflow_venv/lib/python3.12/site-packages/airflow/example_dags/plugins/decreasing_priority_weight_strategy.py for tasks to queue
[2025-08-06T14:40:06.655-0400] {logging_mixin.py:190} INFO - [2025-08-06T14:40:06.655-0400] {dagbag.py:588} INFO - Filling up the DagBag from /home/huynguyen2741/airflow_venv/lib/python3.12/site-packages/airflow/example_dags/plugins/decreasing_priority_weight_strategy.py
[2025-08-06T14:40:06.657-0400] {processor.py:927} WARNING - No viable dags retrieved from /home/huynguyen2741/airflow_venv/lib/python3.12/site-packages/airflow/example_dags/plugins/decreasing_priority_weight_strategy.py
[2025-08-06T14:40:06.664-0400] {processor.py:208} INFO - Processing /home/huynguyen2741/airflow_venv/lib/python3.12/site-packages/airflow/example_dags/plugins/decreasing_priority_weight_strategy.py took 0.020 seconds
[2025-08-06T14:41:13.292-0400] {processor.py:186} INFO - Started process (PID=29751) to work on /home/huynguyen2741/airflow_venv/lib/python3.12/site-packages/airflow/example_dags/plugins/decreasing_priority_weight_strategy.py
[2025-08-06T14:41:13.296-0400] {processor.py:914} INFO - Processing file /home/huynguyen2741/airflow_venv/lib/python3.12/site-packages/airflow/example_dags/plugins/decreasing_priority_weight_strategy.py for tasks to queue
[2025-08-06T14:41:13.297-0400] {logging_mixin.py:190} INFO - [2025-08-06T14:41:13.297-0400] {dagbag.py:588} INFO - Filling up the DagBag from /home/huynguyen2741/airflow_venv/lib/python3.12/site-packages/airflow/example_dags/plugins/decreasing_priority_weight_strategy.py
[2025-08-06T14:41:13.299-0400] {processor.py:927} WARNING - No viable dags retrieved from /home/huynguyen2741/airflow_venv/lib/python3.12/site-packages/airflow/example_dags/plugins/decreasing_priority_weight_strategy.py
[2025-08-06T14:41:13.306-0400] {processor.py:208} INFO - Processing /home/huynguyen2741/airflow_venv/lib/python3.12/site-packages/airflow/example_dags/plugins/decreasing_priority_weight_strategy.py took 0.020 seconds
[2025-08-06T14:42:14.369-0400] {processor.py:186} INFO - Started process (PID=29966) to work on /home/huynguyen2741/airflow_venv/lib/python3.12/site-packages/airflow/example_dags/plugins/decreasing_priority_weight_strategy.py
[2025-08-06T14:42:14.379-0400] {processor.py:914} INFO - Processing file /home/huynguyen2741/airflow_venv/lib/python3.12/site-packages/airflow/example_dags/plugins/decreasing_priority_weight_strategy.py for tasks to queue
[2025-08-06T14:42:14.380-0400] {logging_mixin.py:190} INFO - [2025-08-06T14:42:14.380-0400] {dagbag.py:588} INFO - Filling up the DagBag from /home/huynguyen2741/airflow_venv/lib/python3.12/site-packages/airflow/example_dags/plugins/decreasing_priority_weight_strategy.py
[2025-08-06T14:42:14.382-0400] {processor.py:927} WARNING - No viable dags retrieved from /home/huynguyen2741/airflow_venv/lib/python3.12/site-packages/airflow/example_dags/plugins/decreasing_priority_weight_strategy.py
[2025-08-06T14:42:14.390-0400] {processor.py:208} INFO - Processing /home/huynguyen2741/airflow_venv/lib/python3.12/site-packages/airflow/example_dags/plugins/decreasing_priority_weight_strategy.py took 0.026 seconds
[2025-08-06T14:43:18.185-0400] {processor.py:186} INFO - Started process (PID=30201) to work on /home/huynguyen2741/airflow_venv/lib/python3.12/site-packages/airflow/example_dags/plugins/decreasing_priority_weight_strategy.py
[2025-08-06T14:43:18.187-0400] {processor.py:914} INFO - Processing file /home/huynguyen2741/airflow_venv/lib/python3.12/site-packages/airflow/example_dags/plugins/decreasing_priority_weight_strategy.py for tasks to queue
[2025-08-06T14:43:18.189-0400] {logging_mixin.py:190} INFO - [2025-08-06T14:43:18.188-0400] {dagbag.py:588} INFO - Filling up the DagBag from /home/huynguyen2741/airflow_venv/lib/python3.12/site-packages/airflow/example_dags/plugins/decreasing_priority_weight_strategy.py
[2025-08-06T14:43:18.191-0400] {processor.py:927} WARNING - No viable dags retrieved from /home/huynguyen2741/airflow_venv/lib/python3.12/site-packages/airflow/example_dags/plugins/decreasing_priority_weight_strategy.py
[2025-08-06T14:43:18.199-0400] {processor.py:208} INFO - Processing /home/huynguyen2741/airflow_venv/lib/python3.12/site-packages/airflow/example_dags/plugins/decreasing_priority_weight_strategy.py took 0.024 seconds
[2025-08-06T14:43:56.155-0400] {processor.py:186} INFO - Started process (PID=30330) to work on /home/huynguyen2741/airflow_venv/lib/python3.12/site-packages/airflow/example_dags/plugins/decreasing_priority_weight_strategy.py
[2025-08-06T14:43:56.166-0400] {processor.py:914} INFO - Processing file /home/huynguyen2741/airflow_venv/lib/python3.12/site-packages/airflow/example_dags/plugins/decreasing_priority_weight_strategy.py for tasks to queue
[2025-08-06T14:43:56.168-0400] {logging_mixin.py:190} INFO - [2025-08-06T14:43:56.168-0400] {dagbag.py:588} INFO - Filling up the DagBag from /home/huynguyen2741/airflow_venv/lib/python3.12/site-packages/airflow/example_dags/plugins/decreasing_priority_weight_strategy.py
[2025-08-06T14:43:56.170-0400] {processor.py:927} WARNING - No viable dags retrieved from /home/huynguyen2741/airflow_venv/lib/python3.12/site-packages/airflow/example_dags/plugins/decreasing_priority_weight_strategy.py
[2025-08-06T14:43:56.180-0400] {processor.py:208} INFO - Processing /home/huynguyen2741/airflow_venv/lib/python3.12/site-packages/airflow/example_dags/plugins/decreasing_priority_weight_strategy.py took 0.031 seconds
[2025-08-06T14:44:53.064-0400] {processor.py:186} INFO - Started process (PID=30578) to work on /home/huynguyen2741/airflow_venv/lib/python3.12/site-packages/airflow/example_dags/plugins/decreasing_priority_weight_strategy.py
[2025-08-06T14:44:53.067-0400] {processor.py:914} INFO - Processing file /home/huynguyen2741/airflow_venv/lib/python3.12/site-packages/airflow/example_dags/plugins/decreasing_priority_weight_strategy.py for tasks to queue
[2025-08-06T14:44:53.068-0400] {logging_mixin.py:190} INFO - [2025-08-06T14:44:53.068-0400] {dagbag.py:588} INFO - Filling up the DagBag from /home/huynguyen2741/airflow_venv/lib/python3.12/site-packages/airflow/example_dags/plugins/decreasing_priority_weight_strategy.py
[2025-08-06T14:44:53.070-0400] {processor.py:927} WARNING - No viable dags retrieved from /home/huynguyen2741/airflow_venv/lib/python3.12/site-packages/airflow/example_dags/plugins/decreasing_priority_weight_strategy.py
[2025-08-06T14:44:53.078-0400] {processor.py:208} INFO - Processing /home/huynguyen2741/airflow_venv/lib/python3.12/site-packages/airflow/example_dags/plugins/decreasing_priority_weight_strategy.py took 0.020 seconds
[2025-08-06T14:45:50.858-0400] {processor.py:186} INFO - Started process (PID=30841) to work on /home/huynguyen2741/airflow_venv/lib/python3.12/site-packages/airflow/example_dags/plugins/decreasing_priority_weight_strategy.py
[2025-08-06T14:45:50.859-0400] {processor.py:914} INFO - Processing file /home/huynguyen2741/airflow_venv/lib/python3.12/site-packages/airflow/example_dags/plugins/decreasing_priority_weight_strategy.py for tasks to queue
[2025-08-06T14:45:50.860-0400] {logging_mixin.py:190} INFO - [2025-08-06T14:45:50.859-0400] {dagbag.py:588} INFO - Filling up the DagBag from /home/huynguyen2741/airflow_venv/lib/python3.12/site-packages/airflow/example_dags/plugins/decreasing_priority_weight_strategy.py
[2025-08-06T14:45:50.862-0400] {processor.py:927} WARNING - No viable dags retrieved from /home/huynguyen2741/airflow_venv/lib/python3.12/site-packages/airflow/example_dags/plugins/decreasing_priority_weight_strategy.py
[2025-08-06T14:45:50.875-0400] {processor.py:208} INFO - Processing /home/huynguyen2741/airflow_venv/lib/python3.12/site-packages/airflow/example_dags/plugins/decreasing_priority_weight_strategy.py took 0.023 seconds
[2025-08-06T14:46:54.339-0400] {processor.py:186} INFO - Started process (PID=31128) to work on /home/huynguyen2741/airflow_venv/lib/python3.12/site-packages/airflow/example_dags/plugins/decreasing_priority_weight_strategy.py
[2025-08-06T14:46:54.340-0400] {processor.py:914} INFO - Processing file /home/huynguyen2741/airflow_venv/lib/python3.12/site-packages/airflow/example_dags/plugins/decreasing_priority_weight_strategy.py for tasks to queue
[2025-08-06T14:46:54.341-0400] {logging_mixin.py:190} INFO - [2025-08-06T14:46:54.340-0400] {dagbag.py:588} INFO - Filling up the DagBag from /home/huynguyen2741/airflow_venv/lib/python3.12/site-packages/airflow/example_dags/plugins/decreasing_priority_weight_strategy.py
[2025-08-06T14:46:54.343-0400] {processor.py:927} WARNING - No viable dags retrieved from /home/huynguyen2741/airflow_venv/lib/python3.12/site-packages/airflow/example_dags/plugins/decreasing_priority_weight_strategy.py
[2025-08-06T14:46:54.350-0400] {processor.py:208} INFO - Processing /home/huynguyen2741/airflow_venv/lib/python3.12/site-packages/airflow/example_dags/plugins/decreasing_priority_weight_strategy.py took 0.017 seconds
[2025-08-06T14:48:19.810-0400] {processor.py:186} INFO - Started process (PID=31633) to work on /home/huynguyen2741/airflow_venv/lib/python3.12/site-packages/airflow/example_dags/plugins/decreasing_priority_weight_strategy.py
[2025-08-06T14:48:19.815-0400] {processor.py:914} INFO - Processing file /home/huynguyen2741/airflow_venv/lib/python3.12/site-packages/airflow/example_dags/plugins/decreasing_priority_weight_strategy.py for tasks to queue
[2025-08-06T14:48:19.817-0400] {logging_mixin.py:190} INFO - [2025-08-06T14:48:19.816-0400] {dagbag.py:588} INFO - Filling up the DagBag from /home/huynguyen2741/airflow_venv/lib/python3.12/site-packages/airflow/example_dags/plugins/decreasing_priority_weight_strategy.py
[2025-08-06T14:48:19.820-0400] {processor.py:927} WARNING - No viable dags retrieved from /home/huynguyen2741/airflow_venv/lib/python3.12/site-packages/airflow/example_dags/plugins/decreasing_priority_weight_strategy.py
[2025-08-06T14:48:19.833-0400] {processor.py:208} INFO - Processing /home/huynguyen2741/airflow_venv/lib/python3.12/site-packages/airflow/example_dags/plugins/decreasing_priority_weight_strategy.py took 0.039 seconds
[2025-08-06T14:49:00.301-0400] {processor.py:186} INFO - Started process (PID=31789) to work on /home/huynguyen2741/airflow_venv/lib/python3.12/site-packages/airflow/example_dags/plugins/decreasing_priority_weight_strategy.py
[2025-08-06T14:49:00.302-0400] {processor.py:914} INFO - Processing file /home/huynguyen2741/airflow_venv/lib/python3.12/site-packages/airflow/example_dags/plugins/decreasing_priority_weight_strategy.py for tasks to queue
[2025-08-06T14:49:00.303-0400] {logging_mixin.py:190} INFO - [2025-08-06T14:49:00.302-0400] {dagbag.py:588} INFO - Filling up the DagBag from /home/huynguyen2741/airflow_venv/lib/python3.12/site-packages/airflow/example_dags/plugins/decreasing_priority_weight_strategy.py
[2025-08-06T14:49:00.305-0400] {processor.py:927} WARNING - No viable dags retrieved from /home/huynguyen2741/airflow_venv/lib/python3.12/site-packages/airflow/example_dags/plugins/decreasing_priority_weight_strategy.py
[2025-08-06T14:49:00.312-0400] {processor.py:208} INFO - Processing /home/huynguyen2741/airflow_venv/lib/python3.12/site-packages/airflow/example_dags/plugins/decreasing_priority_weight_strategy.py took 0.017 seconds
[2025-08-06T14:50:00.956-0400] {processor.py:186} INFO - Started process (PID=32015) to work on /home/huynguyen2741/airflow_venv/lib/python3.12/site-packages/airflow/example_dags/plugins/decreasing_priority_weight_strategy.py
[2025-08-06T14:50:00.957-0400] {processor.py:914} INFO - Processing file /home/huynguyen2741/airflow_venv/lib/python3.12/site-packages/airflow/example_dags/plugins/decreasing_priority_weight_strategy.py for tasks to queue
[2025-08-06T14:50:00.958-0400] {logging_mixin.py:190} INFO - [2025-08-06T14:50:00.958-0400] {dagbag.py:588} INFO - Filling up the DagBag from /home/huynguyen2741/airflow_venv/lib/python3.12/site-packages/airflow/example_dags/plugins/decreasing_priority_weight_strategy.py
[2025-08-06T14:50:00.960-0400] {processor.py:927} WARNING - No viable dags retrieved from /home/huynguyen2741/airflow_venv/lib/python3.12/site-packages/airflow/example_dags/plugins/decreasing_priority_weight_strategy.py
[2025-08-06T14:50:00.967-0400] {processor.py:208} INFO - Processing /home/huynguyen2741/airflow_venv/lib/python3.12/site-packages/airflow/example_dags/plugins/decreasing_priority_weight_strategy.py took 0.017 seconds
[2025-08-06T14:51:04.487-0400] {processor.py:186} INFO - Started process (PID=32243) to work on /home/huynguyen2741/airflow_venv/lib/python3.12/site-packages/airflow/example_dags/plugins/decreasing_priority_weight_strategy.py
[2025-08-06T14:51:04.491-0400] {processor.py:914} INFO - Processing file /home/huynguyen2741/airflow_venv/lib/python3.12/site-packages/airflow/example_dags/plugins/decreasing_priority_weight_strategy.py for tasks to queue
[2025-08-06T14:51:04.493-0400] {logging_mixin.py:190} INFO - [2025-08-06T14:51:04.492-0400] {dagbag.py:588} INFO - Filling up the DagBag from /home/huynguyen2741/airflow_venv/lib/python3.12/site-packages/airflow/example_dags/plugins/decreasing_priority_weight_strategy.py
[2025-08-06T14:51:04.494-0400] {processor.py:927} WARNING - No viable dags retrieved from /home/huynguyen2741/airflow_venv/lib/python3.12/site-packages/airflow/example_dags/plugins/decreasing_priority_weight_strategy.py
[2025-08-06T14:51:04.502-0400] {processor.py:208} INFO - Processing /home/huynguyen2741/airflow_venv/lib/python3.12/site-packages/airflow/example_dags/plugins/decreasing_priority_weight_strategy.py took 0.020 seconds
[2025-08-06T14:52:07.299-0400] {processor.py:186} INFO - Started process (PID=32498) to work on /home/huynguyen2741/airflow_venv/lib/python3.12/site-packages/airflow/example_dags/plugins/decreasing_priority_weight_strategy.py
[2025-08-06T14:52:07.303-0400] {processor.py:914} INFO - Processing file /home/huynguyen2741/airflow_venv/lib/python3.12/site-packages/airflow/example_dags/plugins/decreasing_priority_weight_strategy.py for tasks to queue
[2025-08-06T14:52:07.305-0400] {logging_mixin.py:190} INFO - [2025-08-06T14:52:07.304-0400] {dagbag.py:588} INFO - Filling up the DagBag from /home/huynguyen2741/airflow_venv/lib/python3.12/site-packages/airflow/example_dags/plugins/decreasing_priority_weight_strategy.py
[2025-08-06T14:52:07.306-0400] {processor.py:927} WARNING - No viable dags retrieved from /home/huynguyen2741/airflow_venv/lib/python3.12/site-packages/airflow/example_dags/plugins/decreasing_priority_weight_strategy.py
[2025-08-06T14:52:07.314-0400] {processor.py:208} INFO - Processing /home/huynguyen2741/airflow_venv/lib/python3.12/site-packages/airflow/example_dags/plugins/decreasing_priority_weight_strategy.py took 0.020 seconds
[2025-08-06T14:53:10.098-0400] {processor.py:186} INFO - Started process (PID=32795) to work on /home/huynguyen2741/airflow_venv/lib/python3.12/site-packages/airflow/example_dags/plugins/decreasing_priority_weight_strategy.py
[2025-08-06T14:53:10.102-0400] {processor.py:914} INFO - Processing file /home/huynguyen2741/airflow_venv/lib/python3.12/site-packages/airflow/example_dags/plugins/decreasing_priority_weight_strategy.py for tasks to queue
[2025-08-06T14:53:10.103-0400] {logging_mixin.py:190} INFO - [2025-08-06T14:53:10.103-0400] {dagbag.py:588} INFO - Filling up the DagBag from /home/huynguyen2741/airflow_venv/lib/python3.12/site-packages/airflow/example_dags/plugins/decreasing_priority_weight_strategy.py
[2025-08-06T14:53:10.105-0400] {processor.py:927} WARNING - No viable dags retrieved from /home/huynguyen2741/airflow_venv/lib/python3.12/site-packages/airflow/example_dags/plugins/decreasing_priority_weight_strategy.py
[2025-08-06T14:53:10.114-0400] {processor.py:208} INFO - Processing /home/huynguyen2741/airflow_venv/lib/python3.12/site-packages/airflow/example_dags/plugins/decreasing_priority_weight_strategy.py took 0.022 seconds
[2025-08-06T14:54:12.704-0400] {processor.py:186} INFO - Started process (PID=33217) to work on /home/huynguyen2741/airflow_venv/lib/python3.12/site-packages/airflow/example_dags/plugins/decreasing_priority_weight_strategy.py
[2025-08-06T14:54:12.705-0400] {processor.py:914} INFO - Processing file /home/huynguyen2741/airflow_venv/lib/python3.12/site-packages/airflow/example_dags/plugins/decreasing_priority_weight_strategy.py for tasks to queue
[2025-08-06T14:54:12.706-0400] {logging_mixin.py:190} INFO - [2025-08-06T14:54:12.706-0400] {dagbag.py:588} INFO - Filling up the DagBag from /home/huynguyen2741/airflow_venv/lib/python3.12/site-packages/airflow/example_dags/plugins/decreasing_priority_weight_strategy.py
[2025-08-06T14:54:12.708-0400] {processor.py:927} WARNING - No viable dags retrieved from /home/huynguyen2741/airflow_venv/lib/python3.12/site-packages/airflow/example_dags/plugins/decreasing_priority_weight_strategy.py
[2025-08-06T14:54:12.717-0400] {processor.py:208} INFO - Processing /home/huynguyen2741/airflow_venv/lib/python3.12/site-packages/airflow/example_dags/plugins/decreasing_priority_weight_strategy.py took 0.018 seconds
[2025-08-06T14:55:04.031-0400] {processor.py:186} INFO - Started process (PID=33527) to work on /home/huynguyen2741/airflow_venv/lib/python3.12/site-packages/airflow/example_dags/plugins/decreasing_priority_weight_strategy.py
[2025-08-06T14:55:04.032-0400] {processor.py:914} INFO - Processing file /home/huynguyen2741/airflow_venv/lib/python3.12/site-packages/airflow/example_dags/plugins/decreasing_priority_weight_strategy.py for tasks to queue
[2025-08-06T14:55:04.033-0400] {logging_mixin.py:190} INFO - [2025-08-06T14:55:04.033-0400] {dagbag.py:588} INFO - Filling up the DagBag from /home/huynguyen2741/airflow_venv/lib/python3.12/site-packages/airflow/example_dags/plugins/decreasing_priority_weight_strategy.py
[2025-08-06T14:55:04.035-0400] {processor.py:927} WARNING - No viable dags retrieved from /home/huynguyen2741/airflow_venv/lib/python3.12/site-packages/airflow/example_dags/plugins/decreasing_priority_weight_strategy.py
[2025-08-06T14:55:04.043-0400] {processor.py:208} INFO - Processing /home/huynguyen2741/airflow_venv/lib/python3.12/site-packages/airflow/example_dags/plugins/decreasing_priority_weight_strategy.py took 0.018 seconds
[2025-08-06T14:56:07.390-0400] {processor.py:186} INFO - Started process (PID=33803) to work on /home/huynguyen2741/airflow_venv/lib/python3.12/site-packages/airflow/example_dags/plugins/decreasing_priority_weight_strategy.py
[2025-08-06T14:56:07.394-0400] {processor.py:914} INFO - Processing file /home/huynguyen2741/airflow_venv/lib/python3.12/site-packages/airflow/example_dags/plugins/decreasing_priority_weight_strategy.py for tasks to queue
[2025-08-06T14:56:07.395-0400] {logging_mixin.py:190} INFO - [2025-08-06T14:56:07.395-0400] {dagbag.py:588} INFO - Filling up the DagBag from /home/huynguyen2741/airflow_venv/lib/python3.12/site-packages/airflow/example_dags/plugins/decreasing_priority_weight_strategy.py
[2025-08-06T14:56:07.397-0400] {processor.py:927} WARNING - No viable dags retrieved from /home/huynguyen2741/airflow_venv/lib/python3.12/site-packages/airflow/example_dags/plugins/decreasing_priority_weight_strategy.py
[2025-08-06T14:56:07.405-0400] {processor.py:208} INFO - Processing /home/huynguyen2741/airflow_venv/lib/python3.12/site-packages/airflow/example_dags/plugins/decreasing_priority_weight_strategy.py took 0.021 seconds
[2025-08-06T14:57:10.917-0400] {processor.py:186} INFO - Started process (PID=34094) to work on /home/huynguyen2741/airflow_venv/lib/python3.12/site-packages/airflow/example_dags/plugins/decreasing_priority_weight_strategy.py
[2025-08-06T14:57:10.918-0400] {processor.py:914} INFO - Processing file /home/huynguyen2741/airflow_venv/lib/python3.12/site-packages/airflow/example_dags/plugins/decreasing_priority_weight_strategy.py for tasks to queue
[2025-08-06T14:57:10.919-0400] {logging_mixin.py:190} INFO - [2025-08-06T14:57:10.919-0400] {dagbag.py:588} INFO - Filling up the DagBag from /home/huynguyen2741/airflow_venv/lib/python3.12/site-packages/airflow/example_dags/plugins/decreasing_priority_weight_strategy.py
[2025-08-06T14:57:10.921-0400] {processor.py:927} WARNING - No viable dags retrieved from /home/huynguyen2741/airflow_venv/lib/python3.12/site-packages/airflow/example_dags/plugins/decreasing_priority_weight_strategy.py
[2025-08-06T14:57:10.929-0400] {processor.py:208} INFO - Processing /home/huynguyen2741/airflow_venv/lib/python3.12/site-packages/airflow/example_dags/plugins/decreasing_priority_weight_strategy.py took 0.017 seconds
[2025-08-06T14:58:09.779-0400] {processor.py:186} INFO - Started process (PID=34347) to work on /home/huynguyen2741/airflow_venv/lib/python3.12/site-packages/airflow/example_dags/plugins/decreasing_priority_weight_strategy.py
[2025-08-06T14:58:09.783-0400] {processor.py:914} INFO - Processing file /home/huynguyen2741/airflow_venv/lib/python3.12/site-packages/airflow/example_dags/plugins/decreasing_priority_weight_strategy.py for tasks to queue
[2025-08-06T14:58:09.784-0400] {logging_mixin.py:190} INFO - [2025-08-06T14:58:09.783-0400] {dagbag.py:588} INFO - Filling up the DagBag from /home/huynguyen2741/airflow_venv/lib/python3.12/site-packages/airflow/example_dags/plugins/decreasing_priority_weight_strategy.py
[2025-08-06T14:58:09.786-0400] {processor.py:927} WARNING - No viable dags retrieved from /home/huynguyen2741/airflow_venv/lib/python3.12/site-packages/airflow/example_dags/plugins/decreasing_priority_weight_strategy.py
[2025-08-06T14:58:09.796-0400] {processor.py:208} INFO - Processing /home/huynguyen2741/airflow_venv/lib/python3.12/site-packages/airflow/example_dags/plugins/decreasing_priority_weight_strategy.py took 0.023 seconds
[2025-08-06T14:59:11.313-0400] {processor.py:186} INFO - Started process (PID=34603) to work on /home/huynguyen2741/airflow_venv/lib/python3.12/site-packages/airflow/example_dags/plugins/decreasing_priority_weight_strategy.py
[2025-08-06T14:59:11.315-0400] {processor.py:914} INFO - Processing file /home/huynguyen2741/airflow_venv/lib/python3.12/site-packages/airflow/example_dags/plugins/decreasing_priority_weight_strategy.py for tasks to queue
[2025-08-06T14:59:11.316-0400] {logging_mixin.py:190} INFO - [2025-08-06T14:59:11.315-0400] {dagbag.py:588} INFO - Filling up the DagBag from /home/huynguyen2741/airflow_venv/lib/python3.12/site-packages/airflow/example_dags/plugins/decreasing_priority_weight_strategy.py
[2025-08-06T14:59:11.318-0400] {processor.py:927} WARNING - No viable dags retrieved from /home/huynguyen2741/airflow_venv/lib/python3.12/site-packages/airflow/example_dags/plugins/decreasing_priority_weight_strategy.py
[2025-08-06T14:59:11.326-0400] {processor.py:208} INFO - Processing /home/huynguyen2741/airflow_venv/lib/python3.12/site-packages/airflow/example_dags/plugins/decreasing_priority_weight_strategy.py took 0.019 seconds
[2025-08-06T14:59:48.204-0400] {processor.py:186} INFO - Started process (PID=34734) to work on /home/huynguyen2741/airflow_venv/lib/python3.12/site-packages/airflow/example_dags/plugins/decreasing_priority_weight_strategy.py
[2025-08-06T14:59:48.204-0400] {processor.py:914} INFO - Processing file /home/huynguyen2741/airflow_venv/lib/python3.12/site-packages/airflow/example_dags/plugins/decreasing_priority_weight_strategy.py for tasks to queue
[2025-08-06T14:59:48.205-0400] {logging_mixin.py:190} INFO - [2025-08-06T14:59:48.205-0400] {dagbag.py:588} INFO - Filling up the DagBag from /home/huynguyen2741/airflow_venv/lib/python3.12/site-packages/airflow/example_dags/plugins/decreasing_priority_weight_strategy.py
[2025-08-06T14:59:48.207-0400] {processor.py:927} WARNING - No viable dags retrieved from /home/huynguyen2741/airflow_venv/lib/python3.12/site-packages/airflow/example_dags/plugins/decreasing_priority_weight_strategy.py
[2025-08-06T14:59:48.215-0400] {processor.py:208} INFO - Processing /home/huynguyen2741/airflow_venv/lib/python3.12/site-packages/airflow/example_dags/plugins/decreasing_priority_weight_strategy.py took 0.016 seconds
