[2025-08-06T14:47:37.812-0400] {local_task_job_runner.py:123} INFO - ::group::Pre task execution logs
[2025-08-06T14:47:37.821-0400] {taskinstance.py:2631} INFO - Dependencies all met for dep_context=non-requeueable deps ti=<TaskInstance: dbt_dag1.dbt_tasks.dbt_run manual__2025-08-06T18:47:28.830917+00:00 [queued]>
[2025-08-06T14:47:37.826-0400] {taskinstance.py:2631} INFO - Dependencies all met for dep_context=requeueable deps ti=<TaskInstance: dbt_dag1.dbt_tasks.dbt_run manual__2025-08-06T18:47:28.830917+00:00 [queued]>
[2025-08-06T14:47:37.827-0400] {taskinstance.py:2884} INFO - Starting attempt 1 of 6
[2025-08-06T14:47:37.838-0400] {taskinstance.py:2907} INFO - Executing <Task(BashOperator): dbt_tasks.dbt_run> on 2025-08-06 18:47:28.830917+00:00
[2025-08-06T14:47:37.842-0400] {standard_task_runner.py:72} INFO - Started process 31358 to run task
[2025-08-06T14:47:37.844-0400] {standard_task_runner.py:104} INFO - Running: ['airflow', 'tasks', 'run', 'dbt_dag1', 'dbt_tasks.dbt_run', 'manual__2025-08-06T18:47:28.830917+00:00', '--job-id', '9', '--raw', '--subdir', 'DAGS_FOLDER/dbt_dag.py', '--cfg-path', '/tmp/tmpvszqtwxf']
[2025-08-06T14:47:37.845-0400] {standard_task_runner.py:105} INFO - Job 9: Subtask dbt_tasks.dbt_run
[2025-08-06T14:47:37.877-0400] {task_command.py:467} INFO - Running <TaskInstance: dbt_dag1.dbt_tasks.dbt_run manual__2025-08-06T18:47:28.830917+00:00 [running]> on host LAPTOP-OO6HSLFU.localdomain
[2025-08-06T14:47:37.920-0400] {taskinstance.py:3157} INFO - Exporting env vars: AIRFLOW_CTX_DAG_OWNER='huy' AIRFLOW_CTX_DAG_ID='dbt_dag1' AIRFLOW_CTX_TASK_ID='dbt_tasks.dbt_run' AIRFLOW_CTX_EXECUTION_DATE='2025-08-06T18:47:28.830917+00:00' AIRFLOW_CTX_TRY_NUMBER='1' AIRFLOW_CTX_DAG_RUN_ID='manual__2025-08-06T18:47:28.830917+00:00'
[2025-08-06T14:47:37.921-0400] {logging_mixin.py:190} INFO - Task instance is in running state
[2025-08-06T14:47:37.921-0400] {logging_mixin.py:190} INFO -  Previous state of the Task instance: queued
[2025-08-06T14:47:37.921-0400] {logging_mixin.py:190} INFO - Current task name:dbt_tasks.dbt_run state:running start_date:2025-08-06 18:47:37.821781+00:00
[2025-08-06T14:47:37.921-0400] {logging_mixin.py:190} INFO - Dag name:dbt_dag1 and current dag run status:running
[2025-08-06T14:47:37.921-0400] {taskinstance.py:740} INFO - ::endgroup::
[2025-08-06T14:47:37.922-0400] {subprocess.py:78} INFO - Tmp dir root location: /tmp
[2025-08-06T14:47:37.923-0400] {subprocess.py:88} INFO - Running command: ['/usr/bin/bash', '-c', 'dbt run --project-dir /mnt/c/project/DBT/moviesDBT/dbt --profiles-dir /mnt/c/Users/huyng/.dbt']
[2025-08-06T14:47:37.929-0400] {subprocess.py:99} INFO - Output:
[2025-08-06T14:47:39.020-0400] {subprocess.py:106} INFO - [0m18:47:39  Running with dbt=1.8.8
[2025-08-06T14:47:39.380-0400] {subprocess.py:106} INFO - [0m18:47:39  Registered adapter: snowflake=1.8.4
[2025-08-06T14:47:40.318-0400] {subprocess.py:106} INFO - [0m18:47:40  [[33mWARNING[0m]: Configuration paths exist in your dbt_project.yml file which do not apply to any resources.
[2025-08-06T14:47:40.318-0400] {subprocess.py:106} INFO - There are 2 unused configuration paths:
[2025-08-06T14:47:40.319-0400] {subprocess.py:106} INFO - - models.moviesDBT.dim
[2025-08-06T14:47:40.319-0400] {subprocess.py:106} INFO - - models.moviesDBT.fact
[2025-08-06T14:47:40.483-0400] {subprocess.py:106} INFO - [0m18:47:40  Found 1 model, 1 snapshot, 6 sources, 570 macros
[2025-08-06T14:47:40.485-0400] {subprocess.py:106} INFO - [0m18:47:40
[2025-08-06T14:47:44.855-0400] {subprocess.py:106} INFO - [0m18:47:44  Concurrency: 1 threads (target='dev')
[2025-08-06T14:47:44.856-0400] {subprocess.py:106} INFO - [0m18:47:44
[2025-08-06T14:47:44.861-0400] {subprocess.py:106} INFO - [0m18:47:44  1 of 1 START sql table model DEV.stage_tag ..................................... [RUN]
[2025-08-06T14:47:46.669-0400] {subprocess.py:106} INFO - [0m18:47:46  1 of 1 OK created sql table model DEV.stage_tag ................................ [[32mSUCCESS 1[0m in 1.80s]
[2025-08-06T14:47:46.675-0400] {subprocess.py:106} INFO - [0m18:47:46
[2025-08-06T14:47:46.676-0400] {subprocess.py:106} INFO - [0m18:47:46  Finished running 1 table model in 0 hours 0 minutes and 6.19 seconds (6.19s).
[2025-08-06T14:47:46.739-0400] {subprocess.py:106} INFO - [0m18:47:46
[2025-08-06T14:47:46.740-0400] {subprocess.py:106} INFO - [0m18:47:46  [32mCompleted successfully[0m
[2025-08-06T14:47:46.741-0400] {subprocess.py:106} INFO - [0m18:47:46
[2025-08-06T14:47:46.742-0400] {subprocess.py:106} INFO - [0m18:47:46  Done. PASS=1 WARN=0 ERROR=0 SKIP=0 TOTAL=1
[2025-08-06T14:47:47.307-0400] {subprocess.py:110} INFO - Command exited with return code 0
[2025-08-06T14:47:47.330-0400] {taskinstance.py:349} INFO - ::group::Post task execution logs
[2025-08-06T14:47:47.331-0400] {taskinstance.py:361} INFO - Marking task as SUCCESS. dag_id=dbt_dag1, task_id=dbt_tasks.dbt_run, run_id=manual__2025-08-06T18:47:28.830917+00:00, execution_date=20250806T184728, start_date=20250806T184737, end_date=20250806T184747
[2025-08-06T14:47:47.348-0400] {logging_mixin.py:190} INFO - Task instance in success state
[2025-08-06T14:47:47.348-0400] {logging_mixin.py:190} INFO -  Previous state of the Task instance: running
[2025-08-06T14:47:47.348-0400] {logging_mixin.py:190} INFO - Dag name:dbt_dag1 queued_at:2025-08-06 18:47:28.837183+00:00
[2025-08-06T14:47:47.348-0400] {logging_mixin.py:190} INFO - Task hostname:LAPTOP-OO6HSLFU.localdomain operator:BashOperator
[2025-08-06T14:47:47.356-0400] {local_task_job_runner.py:266} INFO - Task exited with return code 0
[2025-08-06T14:47:47.366-0400] {taskinstance.py:3924} INFO - 1 downstream tasks scheduled from follow-on schedule check
[2025-08-06T14:47:47.372-0400] {local_task_job_runner.py:245} INFO - ::endgroup::
