[2025-08-06T13:57:49.807-0400] {processor.py:186} INFO - Started process (PID=17832) to work on /home/huynguyen2741/airflow_venv/lib/python3.12/site-packages/airflow/example_dags/example_bash_decorator.py
[2025-08-06T13:57:49.808-0400] {processor.py:914} INFO - Processing file /home/huynguyen2741/airflow_venv/lib/python3.12/site-packages/airflow/example_dags/example_bash_decorator.py for tasks to queue
[2025-08-06T13:57:49.809-0400] {logging_mixin.py:190} INFO - [2025-08-06T13:57:49.809-0400] {dagbag.py:588} INFO - Filling up the DagBag from /home/huynguyen2741/airflow_venv/lib/python3.12/site-packages/airflow/example_dags/example_bash_decorator.py
[2025-08-06T13:57:49.821-0400] {processor.py:925} INFO - DAG(s) 'example_bash_decorator' retrieved from /home/huynguyen2741/airflow_venv/lib/python3.12/site-packages/airflow/example_dags/example_bash_decorator.py
[2025-08-06T13:57:49.921-0400] {logging_mixin.py:190} INFO - [2025-08-06T13:57:49.921-0400] {override.py:1930} INFO - Created Permission View: can edit on DAG:example_bash_decorator
[2025-08-06T13:57:49.932-0400] {logging_mixin.py:190} INFO - [2025-08-06T13:57:49.932-0400] {override.py:1930} INFO - Created Permission View: can read on DAG:example_bash_decorator
[2025-08-06T13:57:49.941-0400] {logging_mixin.py:190} INFO - [2025-08-06T13:57:49.941-0400] {override.py:1930} INFO - Created Permission View: can delete on DAG:example_bash_decorator
[2025-08-06T13:57:49.957-0400] {logging_mixin.py:190} INFO - [2025-08-06T13:57:49.957-0400] {override.py:1930} INFO - Created Permission View: menu access on DAG Run:example_bash_decorator
[2025-08-06T13:57:49.967-0400] {logging_mixin.py:190} INFO - [2025-08-06T13:57:49.966-0400] {override.py:1930} INFO - Created Permission View: can read on DAG Run:example_bash_decorator
[2025-08-06T13:57:49.976-0400] {logging_mixin.py:190} INFO - [2025-08-06T13:57:49.976-0400] {override.py:1930} INFO - Created Permission View: can create on DAG Run:example_bash_decorator
[2025-08-06T13:57:49.985-0400] {logging_mixin.py:190} INFO - [2025-08-06T13:57:49.985-0400] {override.py:1930} INFO - Created Permission View: can delete on DAG Run:example_bash_decorator
[2025-08-06T13:57:49.985-0400] {logging_mixin.py:190} INFO - [2025-08-06T13:57:49.985-0400] {dag.py:3239} INFO - Sync 1 DAGs
[2025-08-06T13:57:49.994-0400] {logging_mixin.py:190} INFO - [2025-08-06T13:57:49.994-0400] {dag.py:3262} INFO - Creating ORM DAG for example_bash_decorator
[2025-08-06T13:57:49.994-0400] {logging_mixin.py:190} INFO - [2025-08-06T13:57:49.994-0400] {dag.py:4180} INFO - Setting next_dagrun for example_bash_decorator to None, run_after=None
[2025-08-06T13:57:50.010-0400] {processor.py:208} INFO - Processing /home/huynguyen2741/airflow_venv/lib/python3.12/site-packages/airflow/example_dags/example_bash_decorator.py took 0.208 seconds
[2025-08-06T13:58:57.282-0400] {processor.py:186} INFO - Started process (PID=18081) to work on /home/huynguyen2741/airflow_venv/lib/python3.12/site-packages/airflow/example_dags/example_bash_decorator.py
[2025-08-06T13:58:57.284-0400] {processor.py:914} INFO - Processing file /home/huynguyen2741/airflow_venv/lib/python3.12/site-packages/airflow/example_dags/example_bash_decorator.py for tasks to queue
[2025-08-06T13:58:57.285-0400] {logging_mixin.py:190} INFO - [2025-08-06T13:58:57.285-0400] {dagbag.py:588} INFO - Filling up the DagBag from /home/huynguyen2741/airflow_venv/lib/python3.12/site-packages/airflow/example_dags/example_bash_decorator.py
[2025-08-06T13:58:57.296-0400] {processor.py:925} INFO - DAG(s) 'example_bash_decorator' retrieved from /home/huynguyen2741/airflow_venv/lib/python3.12/site-packages/airflow/example_dags/example_bash_decorator.py
[2025-08-06T13:58:57.308-0400] {logging_mixin.py:190} INFO - [2025-08-06T13:58:57.308-0400] {dag.py:3239} INFO - Sync 1 DAGs
[2025-08-06T13:58:57.316-0400] {logging_mixin.py:190} INFO - [2025-08-06T13:58:57.316-0400] {dag.py:4180} INFO - Setting next_dagrun for example_bash_decorator to None, run_after=None
[2025-08-06T13:58:57.331-0400] {processor.py:208} INFO - Processing /home/huynguyen2741/airflow_venv/lib/python3.12/site-packages/airflow/example_dags/example_bash_decorator.py took 0.053 seconds
[2025-08-06T13:59:55.206-0400] {processor.py:186} INFO - Started process (PID=18295) to work on /home/huynguyen2741/airflow_venv/lib/python3.12/site-packages/airflow/example_dags/example_bash_decorator.py
[2025-08-06T13:59:55.207-0400] {processor.py:914} INFO - Processing file /home/huynguyen2741/airflow_venv/lib/python3.12/site-packages/airflow/example_dags/example_bash_decorator.py for tasks to queue
[2025-08-06T13:59:55.209-0400] {logging_mixin.py:190} INFO - [2025-08-06T13:59:55.208-0400] {dagbag.py:588} INFO - Filling up the DagBag from /home/huynguyen2741/airflow_venv/lib/python3.12/site-packages/airflow/example_dags/example_bash_decorator.py
[2025-08-06T13:59:55.219-0400] {processor.py:925} INFO - DAG(s) 'example_bash_decorator' retrieved from /home/huynguyen2741/airflow_venv/lib/python3.12/site-packages/airflow/example_dags/example_bash_decorator.py
[2025-08-06T13:59:55.233-0400] {logging_mixin.py:190} INFO - [2025-08-06T13:59:55.233-0400] {dag.py:3239} INFO - Sync 1 DAGs
[2025-08-06T13:59:55.242-0400] {logging_mixin.py:190} INFO - [2025-08-06T13:59:55.242-0400] {dag.py:4180} INFO - Setting next_dagrun for example_bash_decorator to None, run_after=None
[2025-08-06T13:59:55.259-0400] {processor.py:208} INFO - Processing /home/huynguyen2741/airflow_venv/lib/python3.12/site-packages/airflow/example_dags/example_bash_decorator.py took 0.057 seconds
[2025-08-06T14:00:57.832-0400] {processor.py:186} INFO - Started process (PID=18514) to work on /home/huynguyen2741/airflow_venv/lib/python3.12/site-packages/airflow/example_dags/example_bash_decorator.py
[2025-08-06T14:00:57.833-0400] {processor.py:914} INFO - Processing file /home/huynguyen2741/airflow_venv/lib/python3.12/site-packages/airflow/example_dags/example_bash_decorator.py for tasks to queue
[2025-08-06T14:00:57.835-0400] {logging_mixin.py:190} INFO - [2025-08-06T14:00:57.834-0400] {dagbag.py:588} INFO - Filling up the DagBag from /home/huynguyen2741/airflow_venv/lib/python3.12/site-packages/airflow/example_dags/example_bash_decorator.py
[2025-08-06T14:00:57.845-0400] {processor.py:925} INFO - DAG(s) 'example_bash_decorator' retrieved from /home/huynguyen2741/airflow_venv/lib/python3.12/site-packages/airflow/example_dags/example_bash_decorator.py
[2025-08-06T14:00:57.858-0400] {logging_mixin.py:190} INFO - [2025-08-06T14:00:57.858-0400] {dag.py:3239} INFO - Sync 1 DAGs
[2025-08-06T14:00:57.867-0400] {logging_mixin.py:190} INFO - [2025-08-06T14:00:57.867-0400] {dag.py:4180} INFO - Setting next_dagrun for example_bash_decorator to None, run_after=None
[2025-08-06T14:00:57.883-0400] {processor.py:208} INFO - Processing /home/huynguyen2741/airflow_venv/lib/python3.12/site-packages/airflow/example_dags/example_bash_decorator.py took 0.056 seconds
[2025-08-06T14:02:03.940-0400] {processor.py:186} INFO - Started process (PID=18748) to work on /home/huynguyen2741/airflow_venv/lib/python3.12/site-packages/airflow/example_dags/example_bash_decorator.py
[2025-08-06T14:02:03.944-0400] {processor.py:914} INFO - Processing file /home/huynguyen2741/airflow_venv/lib/python3.12/site-packages/airflow/example_dags/example_bash_decorator.py for tasks to queue
[2025-08-06T14:02:03.945-0400] {logging_mixin.py:190} INFO - [2025-08-06T14:02:03.945-0400] {dagbag.py:588} INFO - Filling up the DagBag from /home/huynguyen2741/airflow_venv/lib/python3.12/site-packages/airflow/example_dags/example_bash_decorator.py
[2025-08-06T14:02:03.956-0400] {processor.py:925} INFO - DAG(s) 'example_bash_decorator' retrieved from /home/huynguyen2741/airflow_venv/lib/python3.12/site-packages/airflow/example_dags/example_bash_decorator.py
[2025-08-06T14:02:03.970-0400] {logging_mixin.py:190} INFO - [2025-08-06T14:02:03.970-0400] {dag.py:3239} INFO - Sync 1 DAGs
[2025-08-06T14:02:03.980-0400] {logging_mixin.py:190} INFO - [2025-08-06T14:02:03.980-0400] {dag.py:4180} INFO - Setting next_dagrun for example_bash_decorator to None, run_after=None
[2025-08-06T14:02:03.996-0400] {processor.py:208} INFO - Processing /home/huynguyen2741/airflow_venv/lib/python3.12/site-packages/airflow/example_dags/example_bash_decorator.py took 0.061 seconds
[2025-08-06T14:03:00.577-0400] {processor.py:186} INFO - Started process (PID=18989) to work on /home/huynguyen2741/airflow_venv/lib/python3.12/site-packages/airflow/example_dags/example_bash_decorator.py
[2025-08-06T14:03:00.582-0400] {processor.py:914} INFO - Processing file /home/huynguyen2741/airflow_venv/lib/python3.12/site-packages/airflow/example_dags/example_bash_decorator.py for tasks to queue
[2025-08-06T14:03:00.583-0400] {logging_mixin.py:190} INFO - [2025-08-06T14:03:00.583-0400] {dagbag.py:588} INFO - Filling up the DagBag from /home/huynguyen2741/airflow_venv/lib/python3.12/site-packages/airflow/example_dags/example_bash_decorator.py
[2025-08-06T14:03:00.593-0400] {processor.py:925} INFO - DAG(s) 'example_bash_decorator' retrieved from /home/huynguyen2741/airflow_venv/lib/python3.12/site-packages/airflow/example_dags/example_bash_decorator.py
[2025-08-06T14:03:00.606-0400] {logging_mixin.py:190} INFO - [2025-08-06T14:03:00.606-0400] {dag.py:3239} INFO - Sync 1 DAGs
[2025-08-06T14:03:00.615-0400] {logging_mixin.py:190} INFO - [2025-08-06T14:03:00.615-0400] {dag.py:4180} INFO - Setting next_dagrun for example_bash_decorator to None, run_after=None
[2025-08-06T14:03:00.631-0400] {processor.py:208} INFO - Processing /home/huynguyen2741/airflow_venv/lib/python3.12/site-packages/airflow/example_dags/example_bash_decorator.py took 0.058 seconds
[2025-08-06T14:04:06.224-0400] {processor.py:186} INFO - Started process (PID=19218) to work on /home/huynguyen2741/airflow_venv/lib/python3.12/site-packages/airflow/example_dags/example_bash_decorator.py
[2025-08-06T14:04:06.234-0400] {processor.py:914} INFO - Processing file /home/huynguyen2741/airflow_venv/lib/python3.12/site-packages/airflow/example_dags/example_bash_decorator.py for tasks to queue
[2025-08-06T14:04:06.235-0400] {logging_mixin.py:190} INFO - [2025-08-06T14:04:06.235-0400] {dagbag.py:588} INFO - Filling up the DagBag from /home/huynguyen2741/airflow_venv/lib/python3.12/site-packages/airflow/example_dags/example_bash_decorator.py
[2025-08-06T14:04:06.246-0400] {processor.py:925} INFO - DAG(s) 'example_bash_decorator' retrieved from /home/huynguyen2741/airflow_venv/lib/python3.12/site-packages/airflow/example_dags/example_bash_decorator.py
[2025-08-06T14:04:06.258-0400] {logging_mixin.py:190} INFO - [2025-08-06T14:04:06.258-0400] {dag.py:3239} INFO - Sync 1 DAGs
[2025-08-06T14:04:06.265-0400] {logging_mixin.py:190} INFO - [2025-08-06T14:04:06.265-0400] {dag.py:4180} INFO - Setting next_dagrun for example_bash_decorator to None, run_after=None
[2025-08-06T14:04:06.280-0400] {processor.py:208} INFO - Processing /home/huynguyen2741/airflow_venv/lib/python3.12/site-packages/airflow/example_dags/example_bash_decorator.py took 0.059 seconds
[2025-08-06T14:05:07.823-0400] {processor.py:186} INFO - Started process (PID=19452) to work on /home/huynguyen2741/airflow_venv/lib/python3.12/site-packages/airflow/example_dags/example_bash_decorator.py
[2025-08-06T14:05:07.827-0400] {processor.py:914} INFO - Processing file /home/huynguyen2741/airflow_venv/lib/python3.12/site-packages/airflow/example_dags/example_bash_decorator.py for tasks to queue
[2025-08-06T14:05:07.829-0400] {logging_mixin.py:190} INFO - [2025-08-06T14:05:07.829-0400] {dagbag.py:588} INFO - Filling up the DagBag from /home/huynguyen2741/airflow_venv/lib/python3.12/site-packages/airflow/example_dags/example_bash_decorator.py
[2025-08-06T14:05:07.840-0400] {processor.py:925} INFO - DAG(s) 'example_bash_decorator' retrieved from /home/huynguyen2741/airflow_venv/lib/python3.12/site-packages/airflow/example_dags/example_bash_decorator.py
[2025-08-06T14:05:07.855-0400] {logging_mixin.py:190} INFO - [2025-08-06T14:05:07.855-0400] {dag.py:3239} INFO - Sync 1 DAGs
[2025-08-06T14:05:07.864-0400] {logging_mixin.py:190} INFO - [2025-08-06T14:05:07.864-0400] {dag.py:4180} INFO - Setting next_dagrun for example_bash_decorator to None, run_after=None
[2025-08-06T14:05:07.988-0400] {processor.py:208} INFO - Processing /home/huynguyen2741/airflow_venv/lib/python3.12/site-packages/airflow/example_dags/example_bash_decorator.py took 0.169 seconds
[2025-08-06T14:06:12.418-0400] {processor.py:186} INFO - Started process (PID=19810) to work on /home/huynguyen2741/airflow_venv/lib/python3.12/site-packages/airflow/example_dags/example_bash_decorator.py
[2025-08-06T14:06:12.421-0400] {processor.py:914} INFO - Processing file /home/huynguyen2741/airflow_venv/lib/python3.12/site-packages/airflow/example_dags/example_bash_decorator.py for tasks to queue
[2025-08-06T14:06:12.422-0400] {logging_mixin.py:190} INFO - [2025-08-06T14:06:12.422-0400] {dagbag.py:588} INFO - Filling up the DagBag from /home/huynguyen2741/airflow_venv/lib/python3.12/site-packages/airflow/example_dags/example_bash_decorator.py
[2025-08-06T14:06:12.433-0400] {processor.py:925} INFO - DAG(s) 'example_bash_decorator' retrieved from /home/huynguyen2741/airflow_venv/lib/python3.12/site-packages/airflow/example_dags/example_bash_decorator.py
[2025-08-06T14:06:12.446-0400] {logging_mixin.py:190} INFO - [2025-08-06T14:06:12.446-0400] {dag.py:3239} INFO - Sync 1 DAGs
[2025-08-06T14:06:12.454-0400] {logging_mixin.py:190} INFO - [2025-08-06T14:06:12.454-0400] {dag.py:4180} INFO - Setting next_dagrun for example_bash_decorator to None, run_after=None
[2025-08-06T14:06:12.469-0400] {processor.py:208} INFO - Processing /home/huynguyen2741/airflow_venv/lib/python3.12/site-packages/airflow/example_dags/example_bash_decorator.py took 0.055 seconds
[2025-08-06T14:07:20.735-0400] {processor.py:186} INFO - Started process (PID=20052) to work on /home/huynguyen2741/airflow_venv/lib/python3.12/site-packages/airflow/example_dags/example_bash_decorator.py
[2025-08-06T14:07:20.745-0400] {processor.py:914} INFO - Processing file /home/huynguyen2741/airflow_venv/lib/python3.12/site-packages/airflow/example_dags/example_bash_decorator.py for tasks to queue
[2025-08-06T14:07:20.747-0400] {logging_mixin.py:190} INFO - [2025-08-06T14:07:20.747-0400] {dagbag.py:588} INFO - Filling up the DagBag from /home/huynguyen2741/airflow_venv/lib/python3.12/site-packages/airflow/example_dags/example_bash_decorator.py
[2025-08-06T14:07:20.758-0400] {processor.py:925} INFO - DAG(s) 'example_bash_decorator' retrieved from /home/huynguyen2741/airflow_venv/lib/python3.12/site-packages/airflow/example_dags/example_bash_decorator.py
[2025-08-06T14:07:20.771-0400] {logging_mixin.py:190} INFO - [2025-08-06T14:07:20.771-0400] {dag.py:3239} INFO - Sync 1 DAGs
[2025-08-06T14:07:20.778-0400] {logging_mixin.py:190} INFO - [2025-08-06T14:07:20.778-0400] {dag.py:4180} INFO - Setting next_dagrun for example_bash_decorator to None, run_after=None
[2025-08-06T14:07:20.793-0400] {processor.py:208} INFO - Processing /home/huynguyen2741/airflow_venv/lib/python3.12/site-packages/airflow/example_dags/example_bash_decorator.py took 0.062 seconds
[2025-08-06T14:08:28.297-0400] {processor.py:186} INFO - Started process (PID=20362) to work on /home/huynguyen2741/airflow_venv/lib/python3.12/site-packages/airflow/example_dags/example_bash_decorator.py
[2025-08-06T14:08:28.298-0400] {processor.py:914} INFO - Processing file /home/huynguyen2741/airflow_venv/lib/python3.12/site-packages/airflow/example_dags/example_bash_decorator.py for tasks to queue
[2025-08-06T14:08:28.299-0400] {logging_mixin.py:190} INFO - [2025-08-06T14:08:28.299-0400] {dagbag.py:588} INFO - Filling up the DagBag from /home/huynguyen2741/airflow_venv/lib/python3.12/site-packages/airflow/example_dags/example_bash_decorator.py
[2025-08-06T14:08:28.310-0400] {processor.py:925} INFO - DAG(s) 'example_bash_decorator' retrieved from /home/huynguyen2741/airflow_venv/lib/python3.12/site-packages/airflow/example_dags/example_bash_decorator.py
[2025-08-06T14:08:28.323-0400] {logging_mixin.py:190} INFO - [2025-08-06T14:08:28.323-0400] {dag.py:3239} INFO - Sync 1 DAGs
[2025-08-06T14:08:28.333-0400] {logging_mixin.py:190} INFO - [2025-08-06T14:08:28.333-0400] {dag.py:4180} INFO - Setting next_dagrun for example_bash_decorator to None, run_after=None
[2025-08-06T14:08:28.350-0400] {processor.py:208} INFO - Processing /home/huynguyen2741/airflow_venv/lib/python3.12/site-packages/airflow/example_dags/example_bash_decorator.py took 0.057 seconds
[2025-08-06T14:09:34.295-0400] {processor.py:186} INFO - Started process (PID=20833) to work on /home/huynguyen2741/airflow_venv/lib/python3.12/site-packages/airflow/example_dags/example_bash_decorator.py
[2025-08-06T14:09:34.296-0400] {processor.py:914} INFO - Processing file /home/huynguyen2741/airflow_venv/lib/python3.12/site-packages/airflow/example_dags/example_bash_decorator.py for tasks to queue
[2025-08-06T14:09:34.298-0400] {logging_mixin.py:190} INFO - [2025-08-06T14:09:34.297-0400] {dagbag.py:588} INFO - Filling up the DagBag from /home/huynguyen2741/airflow_venv/lib/python3.12/site-packages/airflow/example_dags/example_bash_decorator.py
[2025-08-06T14:09:34.409-0400] {processor.py:925} INFO - DAG(s) 'example_bash_decorator' retrieved from /home/huynguyen2741/airflow_venv/lib/python3.12/site-packages/airflow/example_dags/example_bash_decorator.py
[2025-08-06T14:09:34.420-0400] {logging_mixin.py:190} INFO - [2025-08-06T14:09:34.420-0400] {dag.py:3239} INFO - Sync 1 DAGs
[2025-08-06T14:09:34.427-0400] {logging_mixin.py:190} INFO - [2025-08-06T14:09:34.427-0400] {dag.py:4180} INFO - Setting next_dagrun for example_bash_decorator to None, run_after=None
[2025-08-06T14:09:34.446-0400] {processor.py:208} INFO - Processing /home/huynguyen2741/airflow_venv/lib/python3.12/site-packages/airflow/example_dags/example_bash_decorator.py took 0.155 seconds
[2025-08-06T14:10:35.145-0400] {processor.py:186} INFO - Started process (PID=21179) to work on /home/huynguyen2741/airflow_venv/lib/python3.12/site-packages/airflow/example_dags/example_bash_decorator.py
[2025-08-06T14:10:35.146-0400] {processor.py:914} INFO - Processing file /home/huynguyen2741/airflow_venv/lib/python3.12/site-packages/airflow/example_dags/example_bash_decorator.py for tasks to queue
[2025-08-06T14:10:35.148-0400] {logging_mixin.py:190} INFO - [2025-08-06T14:10:35.147-0400] {dagbag.py:588} INFO - Filling up the DagBag from /home/huynguyen2741/airflow_venv/lib/python3.12/site-packages/airflow/example_dags/example_bash_decorator.py
[2025-08-06T14:10:35.159-0400] {processor.py:925} INFO - DAG(s) 'example_bash_decorator' retrieved from /home/huynguyen2741/airflow_venv/lib/python3.12/site-packages/airflow/example_dags/example_bash_decorator.py
[2025-08-06T14:10:35.172-0400] {logging_mixin.py:190} INFO - [2025-08-06T14:10:35.172-0400] {dag.py:3239} INFO - Sync 1 DAGs
[2025-08-06T14:10:35.181-0400] {logging_mixin.py:190} INFO - [2025-08-06T14:10:35.181-0400] {dag.py:4180} INFO - Setting next_dagrun for example_bash_decorator to None, run_after=None
[2025-08-06T14:10:35.198-0400] {processor.py:208} INFO - Processing /home/huynguyen2741/airflow_venv/lib/python3.12/site-packages/airflow/example_dags/example_bash_decorator.py took 0.057 seconds
[2025-08-06T14:11:38.565-0400] {processor.py:186} INFO - Started process (PID=21423) to work on /home/huynguyen2741/airflow_venv/lib/python3.12/site-packages/airflow/example_dags/example_bash_decorator.py
[2025-08-06T14:11:38.570-0400] {processor.py:914} INFO - Processing file /home/huynguyen2741/airflow_venv/lib/python3.12/site-packages/airflow/example_dags/example_bash_decorator.py for tasks to queue
[2025-08-06T14:11:38.572-0400] {logging_mixin.py:190} INFO - [2025-08-06T14:11:38.571-0400] {dagbag.py:588} INFO - Filling up the DagBag from /home/huynguyen2741/airflow_venv/lib/python3.12/site-packages/airflow/example_dags/example_bash_decorator.py
[2025-08-06T14:11:38.582-0400] {processor.py:925} INFO - DAG(s) 'example_bash_decorator' retrieved from /home/huynguyen2741/airflow_venv/lib/python3.12/site-packages/airflow/example_dags/example_bash_decorator.py
[2025-08-06T14:11:38.594-0400] {logging_mixin.py:190} INFO - [2025-08-06T14:11:38.594-0400] {dag.py:3239} INFO - Sync 1 DAGs
[2025-08-06T14:11:38.602-0400] {logging_mixin.py:190} INFO - [2025-08-06T14:11:38.602-0400] {dag.py:4180} INFO - Setting next_dagrun for example_bash_decorator to None, run_after=None
[2025-08-06T14:11:38.617-0400] {processor.py:208} INFO - Processing /home/huynguyen2741/airflow_venv/lib/python3.12/site-packages/airflow/example_dags/example_bash_decorator.py took 0.056 seconds
[2025-08-06T14:12:43.281-0400] {processor.py:186} INFO - Started process (PID=21807) to work on /home/huynguyen2741/airflow_venv/lib/python3.12/site-packages/airflow/example_dags/example_bash_decorator.py
[2025-08-06T14:12:43.285-0400] {processor.py:914} INFO - Processing file /home/huynguyen2741/airflow_venv/lib/python3.12/site-packages/airflow/example_dags/example_bash_decorator.py for tasks to queue
[2025-08-06T14:12:43.286-0400] {logging_mixin.py:190} INFO - [2025-08-06T14:12:43.286-0400] {dagbag.py:588} INFO - Filling up the DagBag from /home/huynguyen2741/airflow_venv/lib/python3.12/site-packages/airflow/example_dags/example_bash_decorator.py
[2025-08-06T14:12:43.297-0400] {processor.py:925} INFO - DAG(s) 'example_bash_decorator' retrieved from /home/huynguyen2741/airflow_venv/lib/python3.12/site-packages/airflow/example_dags/example_bash_decorator.py
[2025-08-06T14:12:43.310-0400] {logging_mixin.py:190} INFO - [2025-08-06T14:12:43.309-0400] {dag.py:3239} INFO - Sync 1 DAGs
[2025-08-06T14:12:43.318-0400] {logging_mixin.py:190} INFO - [2025-08-06T14:12:43.318-0400] {dag.py:4180} INFO - Setting next_dagrun for example_bash_decorator to None, run_after=None
[2025-08-06T14:12:43.333-0400] {processor.py:208} INFO - Processing /home/huynguyen2741/airflow_venv/lib/python3.12/site-packages/airflow/example_dags/example_bash_decorator.py took 0.056 seconds
[2025-08-06T14:13:44.703-0400] {processor.py:186} INFO - Started process (PID=22255) to work on /home/huynguyen2741/airflow_venv/lib/python3.12/site-packages/airflow/example_dags/example_bash_decorator.py
[2025-08-06T14:13:44.706-0400] {processor.py:914} INFO - Processing file /home/huynguyen2741/airflow_venv/lib/python3.12/site-packages/airflow/example_dags/example_bash_decorator.py for tasks to queue
[2025-08-06T14:13:44.707-0400] {logging_mixin.py:190} INFO - [2025-08-06T14:13:44.707-0400] {dagbag.py:588} INFO - Filling up the DagBag from /home/huynguyen2741/airflow_venv/lib/python3.12/site-packages/airflow/example_dags/example_bash_decorator.py
[2025-08-06T14:13:44.718-0400] {processor.py:925} INFO - DAG(s) 'example_bash_decorator' retrieved from /home/huynguyen2741/airflow_venv/lib/python3.12/site-packages/airflow/example_dags/example_bash_decorator.py
[2025-08-06T14:13:44.729-0400] {logging_mixin.py:190} INFO - [2025-08-06T14:13:44.729-0400] {dag.py:3239} INFO - Sync 1 DAGs
[2025-08-06T14:13:44.737-0400] {logging_mixin.py:190} INFO - [2025-08-06T14:13:44.737-0400] {dag.py:4180} INFO - Setting next_dagrun for example_bash_decorator to None, run_after=None
[2025-08-06T14:13:44.752-0400] {processor.py:208} INFO - Processing /home/huynguyen2741/airflow_venv/lib/python3.12/site-packages/airflow/example_dags/example_bash_decorator.py took 0.053 seconds
[2025-08-06T14:14:53.956-0400] {processor.py:186} INFO - Started process (PID=22655) to work on /home/huynguyen2741/airflow_venv/lib/python3.12/site-packages/airflow/example_dags/example_bash_decorator.py
[2025-08-06T14:14:53.961-0400] {processor.py:914} INFO - Processing file /home/huynguyen2741/airflow_venv/lib/python3.12/site-packages/airflow/example_dags/example_bash_decorator.py for tasks to queue
[2025-08-06T14:14:53.962-0400] {logging_mixin.py:190} INFO - [2025-08-06T14:14:53.962-0400] {dagbag.py:588} INFO - Filling up the DagBag from /home/huynguyen2741/airflow_venv/lib/python3.12/site-packages/airflow/example_dags/example_bash_decorator.py
[2025-08-06T14:14:53.973-0400] {processor.py:925} INFO - DAG(s) 'example_bash_decorator' retrieved from /home/huynguyen2741/airflow_venv/lib/python3.12/site-packages/airflow/example_dags/example_bash_decorator.py
[2025-08-06T14:14:53.986-0400] {logging_mixin.py:190} INFO - [2025-08-06T14:14:53.986-0400] {dag.py:3239} INFO - Sync 1 DAGs
[2025-08-06T14:14:53.994-0400] {logging_mixin.py:190} INFO - [2025-08-06T14:14:53.994-0400] {dag.py:4180} INFO - Setting next_dagrun for example_bash_decorator to None, run_after=None
[2025-08-06T14:14:54.011-0400] {processor.py:208} INFO - Processing /home/huynguyen2741/airflow_venv/lib/python3.12/site-packages/airflow/example_dags/example_bash_decorator.py took 0.059 seconds
[2025-08-06T14:15:54.764-0400] {processor.py:186} INFO - Started process (PID=23003) to work on /home/huynguyen2741/airflow_venv/lib/python3.12/site-packages/airflow/example_dags/example_bash_decorator.py
[2025-08-06T14:15:54.774-0400] {processor.py:914} INFO - Processing file /home/huynguyen2741/airflow_venv/lib/python3.12/site-packages/airflow/example_dags/example_bash_decorator.py for tasks to queue
[2025-08-06T14:15:54.775-0400] {logging_mixin.py:190} INFO - [2025-08-06T14:15:54.774-0400] {dagbag.py:588} INFO - Filling up the DagBag from /home/huynguyen2741/airflow_venv/lib/python3.12/site-packages/airflow/example_dags/example_bash_decorator.py
[2025-08-06T14:15:54.789-0400] {processor.py:925} INFO - DAG(s) 'example_bash_decorator' retrieved from /home/huynguyen2741/airflow_venv/lib/python3.12/site-packages/airflow/example_dags/example_bash_decorator.py
[2025-08-06T14:15:54.806-0400] {logging_mixin.py:190} INFO - [2025-08-06T14:15:54.805-0400] {dag.py:3239} INFO - Sync 1 DAGs
[2025-08-06T14:15:54.816-0400] {logging_mixin.py:190} INFO - [2025-08-06T14:15:54.816-0400] {dag.py:4180} INFO - Setting next_dagrun for example_bash_decorator to None, run_after=None
[2025-08-06T14:15:54.834-0400] {processor.py:208} INFO - Processing /home/huynguyen2741/airflow_venv/lib/python3.12/site-packages/airflow/example_dags/example_bash_decorator.py took 0.074 seconds
[2025-08-06T14:16:59.687-0400] {processor.py:186} INFO - Started process (PID=23238) to work on /home/huynguyen2741/airflow_venv/lib/python3.12/site-packages/airflow/example_dags/example_bash_decorator.py
[2025-08-06T14:16:59.691-0400] {processor.py:914} INFO - Processing file /home/huynguyen2741/airflow_venv/lib/python3.12/site-packages/airflow/example_dags/example_bash_decorator.py for tasks to queue
[2025-08-06T14:16:59.693-0400] {logging_mixin.py:190} INFO - [2025-08-06T14:16:59.692-0400] {dagbag.py:588} INFO - Filling up the DagBag from /home/huynguyen2741/airflow_venv/lib/python3.12/site-packages/airflow/example_dags/example_bash_decorator.py
[2025-08-06T14:16:59.706-0400] {processor.py:925} INFO - DAG(s) 'example_bash_decorator' retrieved from /home/huynguyen2741/airflow_venv/lib/python3.12/site-packages/airflow/example_dags/example_bash_decorator.py
[2025-08-06T14:16:59.722-0400] {logging_mixin.py:190} INFO - [2025-08-06T14:16:59.722-0400] {dag.py:3239} INFO - Sync 1 DAGs
[2025-08-06T14:16:59.734-0400] {logging_mixin.py:190} INFO - [2025-08-06T14:16:59.734-0400] {dag.py:4180} INFO - Setting next_dagrun for example_bash_decorator to None, run_after=None
[2025-08-06T14:16:59.751-0400] {processor.py:208} INFO - Processing /home/huynguyen2741/airflow_venv/lib/python3.12/site-packages/airflow/example_dags/example_bash_decorator.py took 0.068 seconds
[2025-08-06T14:18:07.404-0400] {processor.py:186} INFO - Started process (PID=23484) to work on /home/huynguyen2741/airflow_venv/lib/python3.12/site-packages/airflow/example_dags/example_bash_decorator.py
[2025-08-06T14:18:07.405-0400] {processor.py:914} INFO - Processing file /home/huynguyen2741/airflow_venv/lib/python3.12/site-packages/airflow/example_dags/example_bash_decorator.py for tasks to queue
[2025-08-06T14:18:07.406-0400] {logging_mixin.py:190} INFO - [2025-08-06T14:18:07.406-0400] {dagbag.py:588} INFO - Filling up the DagBag from /home/huynguyen2741/airflow_venv/lib/python3.12/site-packages/airflow/example_dags/example_bash_decorator.py
[2025-08-06T14:18:07.418-0400] {processor.py:925} INFO - DAG(s) 'example_bash_decorator' retrieved from /home/huynguyen2741/airflow_venv/lib/python3.12/site-packages/airflow/example_dags/example_bash_decorator.py
[2025-08-06T14:18:07.430-0400] {logging_mixin.py:190} INFO - [2025-08-06T14:18:07.430-0400] {dag.py:3239} INFO - Sync 1 DAGs
[2025-08-06T14:18:07.438-0400] {logging_mixin.py:190} INFO - [2025-08-06T14:18:07.438-0400] {dag.py:4180} INFO - Setting next_dagrun for example_bash_decorator to None, run_after=None
[2025-08-06T14:18:07.454-0400] {processor.py:208} INFO - Processing /home/huynguyen2741/airflow_venv/lib/python3.12/site-packages/airflow/example_dags/example_bash_decorator.py took 0.055 seconds
[2025-08-06T14:19:13.705-0400] {processor.py:186} INFO - Started process (PID=23754) to work on /home/huynguyen2741/airflow_venv/lib/python3.12/site-packages/airflow/example_dags/example_bash_decorator.py
[2025-08-06T14:19:13.709-0400] {processor.py:914} INFO - Processing file /home/huynguyen2741/airflow_venv/lib/python3.12/site-packages/airflow/example_dags/example_bash_decorator.py for tasks to queue
[2025-08-06T14:19:13.711-0400] {logging_mixin.py:190} INFO - [2025-08-06T14:19:13.710-0400] {dagbag.py:588} INFO - Filling up the DagBag from /home/huynguyen2741/airflow_venv/lib/python3.12/site-packages/airflow/example_dags/example_bash_decorator.py
[2025-08-06T14:19:13.728-0400] {processor.py:925} INFO - DAG(s) 'example_bash_decorator' retrieved from /home/huynguyen2741/airflow_venv/lib/python3.12/site-packages/airflow/example_dags/example_bash_decorator.py
[2025-08-06T14:19:13.746-0400] {logging_mixin.py:190} INFO - [2025-08-06T14:19:13.745-0400] {dag.py:3239} INFO - Sync 1 DAGs
[2025-08-06T14:19:13.757-0400] {logging_mixin.py:190} INFO - [2025-08-06T14:19:13.757-0400] {dag.py:4180} INFO - Setting next_dagrun for example_bash_decorator to None, run_after=None
[2025-08-06T14:19:13.774-0400] {processor.py:208} INFO - Processing /home/huynguyen2741/airflow_venv/lib/python3.12/site-packages/airflow/example_dags/example_bash_decorator.py took 0.076 seconds
[2025-08-06T14:20:15.071-0400] {processor.py:186} INFO - Started process (PID=23982) to work on /home/huynguyen2741/airflow_venv/lib/python3.12/site-packages/airflow/example_dags/example_bash_decorator.py
[2025-08-06T14:20:15.072-0400] {processor.py:914} INFO - Processing file /home/huynguyen2741/airflow_venv/lib/python3.12/site-packages/airflow/example_dags/example_bash_decorator.py for tasks to queue
[2025-08-06T14:20:15.073-0400] {logging_mixin.py:190} INFO - [2025-08-06T14:20:15.073-0400] {dagbag.py:588} INFO - Filling up the DagBag from /home/huynguyen2741/airflow_venv/lib/python3.12/site-packages/airflow/example_dags/example_bash_decorator.py
[2025-08-06T14:20:15.086-0400] {processor.py:925} INFO - DAG(s) 'example_bash_decorator' retrieved from /home/huynguyen2741/airflow_venv/lib/python3.12/site-packages/airflow/example_dags/example_bash_decorator.py
[2025-08-06T14:20:15.104-0400] {logging_mixin.py:190} INFO - [2025-08-06T14:20:15.103-0400] {dag.py:3239} INFO - Sync 1 DAGs
[2025-08-06T14:20:15.115-0400] {logging_mixin.py:190} INFO - [2025-08-06T14:20:15.115-0400] {dag.py:4180} INFO - Setting next_dagrun for example_bash_decorator to None, run_after=None
[2025-08-06T14:20:15.133-0400] {processor.py:208} INFO - Processing /home/huynguyen2741/airflow_venv/lib/python3.12/site-packages/airflow/example_dags/example_bash_decorator.py took 0.066 seconds
[2025-08-06T14:21:20.839-0400] {processor.py:186} INFO - Started process (PID=24218) to work on /home/huynguyen2741/airflow_venv/lib/python3.12/site-packages/airflow/example_dags/example_bash_decorator.py
[2025-08-06T14:21:20.848-0400] {processor.py:914} INFO - Processing file /home/huynguyen2741/airflow_venv/lib/python3.12/site-packages/airflow/example_dags/example_bash_decorator.py for tasks to queue
[2025-08-06T14:21:20.849-0400] {logging_mixin.py:190} INFO - [2025-08-06T14:21:20.849-0400] {dagbag.py:588} INFO - Filling up the DagBag from /home/huynguyen2741/airflow_venv/lib/python3.12/site-packages/airflow/example_dags/example_bash_decorator.py
[2025-08-06T14:21:20.862-0400] {processor.py:925} INFO - DAG(s) 'example_bash_decorator' retrieved from /home/huynguyen2741/airflow_venv/lib/python3.12/site-packages/airflow/example_dags/example_bash_decorator.py
[2025-08-06T14:21:20.878-0400] {logging_mixin.py:190} INFO - [2025-08-06T14:21:20.877-0400] {dag.py:3239} INFO - Sync 1 DAGs
[2025-08-06T14:21:20.888-0400] {logging_mixin.py:190} INFO - [2025-08-06T14:21:20.888-0400] {dag.py:4180} INFO - Setting next_dagrun for example_bash_decorator to None, run_after=None
[2025-08-06T14:21:20.905-0400] {processor.py:208} INFO - Processing /home/huynguyen2741/airflow_venv/lib/python3.12/site-packages/airflow/example_dags/example_bash_decorator.py took 0.071 seconds
[2025-08-06T14:22:27.665-0400] {processor.py:186} INFO - Started process (PID=24559) to work on /home/huynguyen2741/airflow_venv/lib/python3.12/site-packages/airflow/example_dags/example_bash_decorator.py
[2025-08-06T14:22:27.669-0400] {processor.py:914} INFO - Processing file /home/huynguyen2741/airflow_venv/lib/python3.12/site-packages/airflow/example_dags/example_bash_decorator.py for tasks to queue
[2025-08-06T14:22:27.671-0400] {logging_mixin.py:190} INFO - [2025-08-06T14:22:27.670-0400] {dagbag.py:588} INFO - Filling up the DagBag from /home/huynguyen2741/airflow_venv/lib/python3.12/site-packages/airflow/example_dags/example_bash_decorator.py
[2025-08-06T14:22:27.683-0400] {processor.py:925} INFO - DAG(s) 'example_bash_decorator' retrieved from /home/huynguyen2741/airflow_venv/lib/python3.12/site-packages/airflow/example_dags/example_bash_decorator.py
[2025-08-06T14:22:27.699-0400] {logging_mixin.py:190} INFO - [2025-08-06T14:22:27.699-0400] {dag.py:3239} INFO - Sync 1 DAGs
[2025-08-06T14:22:27.709-0400] {logging_mixin.py:190} INFO - [2025-08-06T14:22:27.709-0400] {dag.py:4180} INFO - Setting next_dagrun for example_bash_decorator to None, run_after=None
[2025-08-06T14:22:27.725-0400] {processor.py:208} INFO - Processing /home/huynguyen2741/airflow_venv/lib/python3.12/site-packages/airflow/example_dags/example_bash_decorator.py took 0.064 seconds
[2025-08-06T14:23:33.210-0400] {processor.py:186} INFO - Started process (PID=25043) to work on /home/huynguyen2741/airflow_venv/lib/python3.12/site-packages/airflow/example_dags/example_bash_decorator.py
[2025-08-06T14:23:33.213-0400] {processor.py:914} INFO - Processing file /home/huynguyen2741/airflow_venv/lib/python3.12/site-packages/airflow/example_dags/example_bash_decorator.py for tasks to queue
[2025-08-06T14:23:33.214-0400] {logging_mixin.py:190} INFO - [2025-08-06T14:23:33.214-0400] {dagbag.py:588} INFO - Filling up the DagBag from /home/huynguyen2741/airflow_venv/lib/python3.12/site-packages/airflow/example_dags/example_bash_decorator.py
[2025-08-06T14:23:33.226-0400] {processor.py:925} INFO - DAG(s) 'example_bash_decorator' retrieved from /home/huynguyen2741/airflow_venv/lib/python3.12/site-packages/airflow/example_dags/example_bash_decorator.py
[2025-08-06T14:23:33.242-0400] {logging_mixin.py:190} INFO - [2025-08-06T14:23:33.241-0400] {dag.py:3239} INFO - Sync 1 DAGs
[2025-08-06T14:23:33.251-0400] {logging_mixin.py:190} INFO - [2025-08-06T14:23:33.251-0400] {dag.py:4180} INFO - Setting next_dagrun for example_bash_decorator to None, run_after=None
[2025-08-06T14:23:33.270-0400] {processor.py:208} INFO - Processing /home/huynguyen2741/airflow_venv/lib/python3.12/site-packages/airflow/example_dags/example_bash_decorator.py took 0.066 seconds
[2025-08-06T14:24:37.491-0400] {processor.py:186} INFO - Started process (PID=25313) to work on /home/huynguyen2741/airflow_venv/lib/python3.12/site-packages/airflow/example_dags/example_bash_decorator.py
[2025-08-06T14:24:37.495-0400] {processor.py:914} INFO - Processing file /home/huynguyen2741/airflow_venv/lib/python3.12/site-packages/airflow/example_dags/example_bash_decorator.py for tasks to queue
[2025-08-06T14:24:37.496-0400] {logging_mixin.py:190} INFO - [2025-08-06T14:24:37.496-0400] {dagbag.py:588} INFO - Filling up the DagBag from /home/huynguyen2741/airflow_venv/lib/python3.12/site-packages/airflow/example_dags/example_bash_decorator.py
[2025-08-06T14:24:37.508-0400] {processor.py:925} INFO - DAG(s) 'example_bash_decorator' retrieved from /home/huynguyen2741/airflow_venv/lib/python3.12/site-packages/airflow/example_dags/example_bash_decorator.py
[2025-08-06T14:24:37.521-0400] {logging_mixin.py:190} INFO - [2025-08-06T14:24:37.521-0400] {dag.py:3239} INFO - Sync 1 DAGs
[2025-08-06T14:24:37.529-0400] {logging_mixin.py:190} INFO - [2025-08-06T14:24:37.529-0400] {dag.py:4180} INFO - Setting next_dagrun for example_bash_decorator to None, run_after=None
[2025-08-06T14:24:37.545-0400] {processor.py:208} INFO - Processing /home/huynguyen2741/airflow_venv/lib/python3.12/site-packages/airflow/example_dags/example_bash_decorator.py took 0.059 seconds
[2025-08-06T14:25:38.943-0400] {processor.py:186} INFO - Started process (PID=25652) to work on /home/huynguyen2741/airflow_venv/lib/python3.12/site-packages/airflow/example_dags/example_bash_decorator.py
[2025-08-06T14:25:38.947-0400] {processor.py:914} INFO - Processing file /home/huynguyen2741/airflow_venv/lib/python3.12/site-packages/airflow/example_dags/example_bash_decorator.py for tasks to queue
[2025-08-06T14:25:38.949-0400] {logging_mixin.py:190} INFO - [2025-08-06T14:25:38.948-0400] {dagbag.py:588} INFO - Filling up the DagBag from /home/huynguyen2741/airflow_venv/lib/python3.12/site-packages/airflow/example_dags/example_bash_decorator.py
[2025-08-06T14:25:38.960-0400] {processor.py:925} INFO - DAG(s) 'example_bash_decorator' retrieved from /home/huynguyen2741/airflow_venv/lib/python3.12/site-packages/airflow/example_dags/example_bash_decorator.py
[2025-08-06T14:25:38.972-0400] {logging_mixin.py:190} INFO - [2025-08-06T14:25:38.972-0400] {dag.py:3239} INFO - Sync 1 DAGs
[2025-08-06T14:25:38.980-0400] {logging_mixin.py:190} INFO - [2025-08-06T14:25:38.980-0400] {dag.py:4180} INFO - Setting next_dagrun for example_bash_decorator to None, run_after=None
[2025-08-06T14:25:38.995-0400] {processor.py:208} INFO - Processing /home/huynguyen2741/airflow_venv/lib/python3.12/site-packages/airflow/example_dags/example_bash_decorator.py took 0.058 seconds
[2025-08-06T14:26:42.017-0400] {processor.py:186} INFO - Started process (PID=25896) to work on /home/huynguyen2741/airflow_venv/lib/python3.12/site-packages/airflow/example_dags/example_bash_decorator.py
[2025-08-06T14:26:42.021-0400] {processor.py:914} INFO - Processing file /home/huynguyen2741/airflow_venv/lib/python3.12/site-packages/airflow/example_dags/example_bash_decorator.py for tasks to queue
[2025-08-06T14:26:42.022-0400] {logging_mixin.py:190} INFO - [2025-08-06T14:26:42.022-0400] {dagbag.py:588} INFO - Filling up the DagBag from /home/huynguyen2741/airflow_venv/lib/python3.12/site-packages/airflow/example_dags/example_bash_decorator.py
[2025-08-06T14:26:42.033-0400] {processor.py:925} INFO - DAG(s) 'example_bash_decorator' retrieved from /home/huynguyen2741/airflow_venv/lib/python3.12/site-packages/airflow/example_dags/example_bash_decorator.py
[2025-08-06T14:26:42.046-0400] {logging_mixin.py:190} INFO - [2025-08-06T14:26:42.046-0400] {dag.py:3239} INFO - Sync 1 DAGs
[2025-08-06T14:26:42.054-0400] {logging_mixin.py:190} INFO - [2025-08-06T14:26:42.054-0400] {dag.py:4180} INFO - Setting next_dagrun for example_bash_decorator to None, run_after=None
[2025-08-06T14:26:42.068-0400] {processor.py:208} INFO - Processing /home/huynguyen2741/airflow_venv/lib/python3.12/site-packages/airflow/example_dags/example_bash_decorator.py took 0.057 seconds
[2025-08-06T14:27:50.118-0400] {processor.py:186} INFO - Started process (PID=26180) to work on /home/huynguyen2741/airflow_venv/lib/python3.12/site-packages/airflow/example_dags/example_bash_decorator.py
[2025-08-06T14:27:50.122-0400] {processor.py:914} INFO - Processing file /home/huynguyen2741/airflow_venv/lib/python3.12/site-packages/airflow/example_dags/example_bash_decorator.py for tasks to queue
[2025-08-06T14:27:50.123-0400] {logging_mixin.py:190} INFO - [2025-08-06T14:27:50.123-0400] {dagbag.py:588} INFO - Filling up the DagBag from /home/huynguyen2741/airflow_venv/lib/python3.12/site-packages/airflow/example_dags/example_bash_decorator.py
[2025-08-06T14:27:50.134-0400] {processor.py:925} INFO - DAG(s) 'example_bash_decorator' retrieved from /home/huynguyen2741/airflow_venv/lib/python3.12/site-packages/airflow/example_dags/example_bash_decorator.py
[2025-08-06T14:27:50.147-0400] {logging_mixin.py:190} INFO - [2025-08-06T14:27:50.147-0400] {dag.py:3239} INFO - Sync 1 DAGs
[2025-08-06T14:27:50.155-0400] {logging_mixin.py:190} INFO - [2025-08-06T14:27:50.155-0400] {dag.py:4180} INFO - Setting next_dagrun for example_bash_decorator to None, run_after=None
[2025-08-06T14:27:50.172-0400] {processor.py:208} INFO - Processing /home/huynguyen2741/airflow_venv/lib/python3.12/site-packages/airflow/example_dags/example_bash_decorator.py took 0.059 seconds
[2025-08-06T14:28:57.692-0400] {processor.py:186} INFO - Started process (PID=26472) to work on /home/huynguyen2741/airflow_venv/lib/python3.12/site-packages/airflow/example_dags/example_bash_decorator.py
[2025-08-06T14:28:57.693-0400] {processor.py:914} INFO - Processing file /home/huynguyen2741/airflow_venv/lib/python3.12/site-packages/airflow/example_dags/example_bash_decorator.py for tasks to queue
[2025-08-06T14:28:57.694-0400] {logging_mixin.py:190} INFO - [2025-08-06T14:28:57.694-0400] {dagbag.py:588} INFO - Filling up the DagBag from /home/huynguyen2741/airflow_venv/lib/python3.12/site-packages/airflow/example_dags/example_bash_decorator.py
[2025-08-06T14:28:57.705-0400] {processor.py:925} INFO - DAG(s) 'example_bash_decorator' retrieved from /home/huynguyen2741/airflow_venv/lib/python3.12/site-packages/airflow/example_dags/example_bash_decorator.py
[2025-08-06T14:28:57.718-0400] {logging_mixin.py:190} INFO - [2025-08-06T14:28:57.718-0400] {dag.py:3239} INFO - Sync 1 DAGs
[2025-08-06T14:28:57.727-0400] {logging_mixin.py:190} INFO - [2025-08-06T14:28:57.727-0400] {dag.py:4180} INFO - Setting next_dagrun for example_bash_decorator to None, run_after=None
[2025-08-06T14:28:57.744-0400] {processor.py:208} INFO - Processing /home/huynguyen2741/airflow_venv/lib/python3.12/site-packages/airflow/example_dags/example_bash_decorator.py took 0.057 seconds
[2025-08-06T14:30:02.828-0400] {processor.py:186} INFO - Started process (PID=26735) to work on /home/huynguyen2741/airflow_venv/lib/python3.12/site-packages/airflow/example_dags/example_bash_decorator.py
[2025-08-06T14:30:02.829-0400] {processor.py:914} INFO - Processing file /home/huynguyen2741/airflow_venv/lib/python3.12/site-packages/airflow/example_dags/example_bash_decorator.py for tasks to queue
[2025-08-06T14:30:02.830-0400] {logging_mixin.py:190} INFO - [2025-08-06T14:30:02.830-0400] {dagbag.py:588} INFO - Filling up the DagBag from /home/huynguyen2741/airflow_venv/lib/python3.12/site-packages/airflow/example_dags/example_bash_decorator.py
[2025-08-06T14:30:02.841-0400] {processor.py:925} INFO - DAG(s) 'example_bash_decorator' retrieved from /home/huynguyen2741/airflow_venv/lib/python3.12/site-packages/airflow/example_dags/example_bash_decorator.py
[2025-08-06T14:30:02.853-0400] {logging_mixin.py:190} INFO - [2025-08-06T14:30:02.853-0400] {dag.py:3239} INFO - Sync 1 DAGs
[2025-08-06T14:30:02.860-0400] {logging_mixin.py:190} INFO - [2025-08-06T14:30:02.860-0400] {dag.py:4180} INFO - Setting next_dagrun for example_bash_decorator to None, run_after=None
[2025-08-06T14:30:02.876-0400] {processor.py:208} INFO - Processing /home/huynguyen2741/airflow_venv/lib/python3.12/site-packages/airflow/example_dags/example_bash_decorator.py took 0.054 seconds
[2025-08-06T14:31:20.292-0400] {processor.py:186} INFO - Started process (PID=27168) to work on /home/huynguyen2741/airflow_venv/lib/python3.12/site-packages/airflow/example_dags/example_bash_decorator.py
[2025-08-06T14:31:20.296-0400] {processor.py:914} INFO - Processing file /home/huynguyen2741/airflow_venv/lib/python3.12/site-packages/airflow/example_dags/example_bash_decorator.py for tasks to queue
[2025-08-06T14:31:20.297-0400] {logging_mixin.py:190} INFO - [2025-08-06T14:31:20.297-0400] {dagbag.py:588} INFO - Filling up the DagBag from /home/huynguyen2741/airflow_venv/lib/python3.12/site-packages/airflow/example_dags/example_bash_decorator.py
[2025-08-06T14:31:20.308-0400] {processor.py:925} INFO - DAG(s) 'example_bash_decorator' retrieved from /home/huynguyen2741/airflow_venv/lib/python3.12/site-packages/airflow/example_dags/example_bash_decorator.py
[2025-08-06T14:31:20.322-0400] {logging_mixin.py:190} INFO - [2025-08-06T14:31:20.321-0400] {dag.py:3239} INFO - Sync 1 DAGs
[2025-08-06T14:31:20.330-0400] {logging_mixin.py:190} INFO - [2025-08-06T14:31:20.330-0400] {dag.py:4180} INFO - Setting next_dagrun for example_bash_decorator to None, run_after=None
[2025-08-06T14:31:20.346-0400] {processor.py:208} INFO - Processing /home/huynguyen2741/airflow_venv/lib/python3.12/site-packages/airflow/example_dags/example_bash_decorator.py took 0.060 seconds
[2025-08-06T14:32:30.303-0400] {processor.py:186} INFO - Started process (PID=27426) to work on /home/huynguyen2741/airflow_venv/lib/python3.12/site-packages/airflow/example_dags/example_bash_decorator.py
[2025-08-06T14:32:30.304-0400] {processor.py:914} INFO - Processing file /home/huynguyen2741/airflow_venv/lib/python3.12/site-packages/airflow/example_dags/example_bash_decorator.py for tasks to queue
[2025-08-06T14:32:30.305-0400] {logging_mixin.py:190} INFO - [2025-08-06T14:32:30.305-0400] {dagbag.py:588} INFO - Filling up the DagBag from /home/huynguyen2741/airflow_venv/lib/python3.12/site-packages/airflow/example_dags/example_bash_decorator.py
[2025-08-06T14:32:30.316-0400] {processor.py:925} INFO - DAG(s) 'example_bash_decorator' retrieved from /home/huynguyen2741/airflow_venv/lib/python3.12/site-packages/airflow/example_dags/example_bash_decorator.py
[2025-08-06T14:32:30.330-0400] {logging_mixin.py:190} INFO - [2025-08-06T14:32:30.329-0400] {dag.py:3239} INFO - Sync 1 DAGs
[2025-08-06T14:32:30.339-0400] {logging_mixin.py:190} INFO - [2025-08-06T14:32:30.339-0400] {dag.py:4180} INFO - Setting next_dagrun for example_bash_decorator to None, run_after=None
[2025-08-06T14:32:30.356-0400] {processor.py:208} INFO - Processing /home/huynguyen2741/airflow_venv/lib/python3.12/site-packages/airflow/example_dags/example_bash_decorator.py took 0.058 seconds
[2025-08-06T14:33:40.215-0400] {processor.py:186} INFO - Started process (PID=27750) to work on /home/huynguyen2741/airflow_venv/lib/python3.12/site-packages/airflow/example_dags/example_bash_decorator.py
[2025-08-06T14:33:40.216-0400] {processor.py:914} INFO - Processing file /home/huynguyen2741/airflow_venv/lib/python3.12/site-packages/airflow/example_dags/example_bash_decorator.py for tasks to queue
[2025-08-06T14:33:40.217-0400] {logging_mixin.py:190} INFO - [2025-08-06T14:33:40.217-0400] {dagbag.py:588} INFO - Filling up the DagBag from /home/huynguyen2741/airflow_venv/lib/python3.12/site-packages/airflow/example_dags/example_bash_decorator.py
[2025-08-06T14:33:40.230-0400] {processor.py:925} INFO - DAG(s) 'example_bash_decorator' retrieved from /home/huynguyen2741/airflow_venv/lib/python3.12/site-packages/airflow/example_dags/example_bash_decorator.py
[2025-08-06T14:33:40.246-0400] {logging_mixin.py:190} INFO - [2025-08-06T14:33:40.246-0400] {dag.py:3239} INFO - Sync 1 DAGs
[2025-08-06T14:33:40.256-0400] {logging_mixin.py:190} INFO - [2025-08-06T14:33:40.256-0400] {dag.py:4180} INFO - Setting next_dagrun for example_bash_decorator to None, run_after=None
[2025-08-06T14:33:40.272-0400] {processor.py:208} INFO - Processing /home/huynguyen2741/airflow_venv/lib/python3.12/site-packages/airflow/example_dags/example_bash_decorator.py took 0.062 seconds
[2025-08-06T14:35:33.739-0400] {processor.py:186} INFO - Started process (PID=28373) to work on /home/huynguyen2741/airflow_venv/lib/python3.12/site-packages/airflow/example_dags/example_bash_decorator.py
[2025-08-06T14:35:33.740-0400] {processor.py:914} INFO - Processing file /home/huynguyen2741/airflow_venv/lib/python3.12/site-packages/airflow/example_dags/example_bash_decorator.py for tasks to queue
[2025-08-06T14:35:33.741-0400] {logging_mixin.py:190} INFO - [2025-08-06T14:35:33.741-0400] {dagbag.py:588} INFO - Filling up the DagBag from /home/huynguyen2741/airflow_venv/lib/python3.12/site-packages/airflow/example_dags/example_bash_decorator.py
[2025-08-06T14:35:33.753-0400] {processor.py:925} INFO - DAG(s) 'example_bash_decorator' retrieved from /home/huynguyen2741/airflow_venv/lib/python3.12/site-packages/airflow/example_dags/example_bash_decorator.py
[2025-08-06T14:35:33.766-0400] {logging_mixin.py:190} INFO - [2025-08-06T14:35:33.766-0400] {dag.py:3239} INFO - Sync 1 DAGs
[2025-08-06T14:35:33.775-0400] {logging_mixin.py:190} INFO - [2025-08-06T14:35:33.775-0400] {dag.py:4180} INFO - Setting next_dagrun for example_bash_decorator to None, run_after=None
[2025-08-06T14:35:33.797-0400] {processor.py:208} INFO - Processing /home/huynguyen2741/airflow_venv/lib/python3.12/site-packages/airflow/example_dags/example_bash_decorator.py took 0.064 seconds
[2025-08-06T14:36:39.045-0400] {processor.py:186} INFO - Started process (PID=28637) to work on /home/huynguyen2741/airflow_venv/lib/python3.12/site-packages/airflow/example_dags/example_bash_decorator.py
[2025-08-06T14:36:39.048-0400] {processor.py:914} INFO - Processing file /home/huynguyen2741/airflow_venv/lib/python3.12/site-packages/airflow/example_dags/example_bash_decorator.py for tasks to queue
[2025-08-06T14:36:39.050-0400] {logging_mixin.py:190} INFO - [2025-08-06T14:36:39.049-0400] {dagbag.py:588} INFO - Filling up the DagBag from /home/huynguyen2741/airflow_venv/lib/python3.12/site-packages/airflow/example_dags/example_bash_decorator.py
[2025-08-06T14:36:39.061-0400] {processor.py:925} INFO - DAG(s) 'example_bash_decorator' retrieved from /home/huynguyen2741/airflow_venv/lib/python3.12/site-packages/airflow/example_dags/example_bash_decorator.py
[2025-08-06T14:36:39.074-0400] {logging_mixin.py:190} INFO - [2025-08-06T14:36:39.074-0400] {dag.py:3239} INFO - Sync 1 DAGs
[2025-08-06T14:36:39.082-0400] {logging_mixin.py:190} INFO - [2025-08-06T14:36:39.082-0400] {dag.py:4180} INFO - Setting next_dagrun for example_bash_decorator to None, run_after=None
[2025-08-06T14:36:39.099-0400] {processor.py:208} INFO - Processing /home/huynguyen2741/airflow_venv/lib/python3.12/site-packages/airflow/example_dags/example_bash_decorator.py took 0.059 seconds
[2025-08-06T14:37:44.725-0400] {processor.py:186} INFO - Started process (PID=28885) to work on /home/huynguyen2741/airflow_venv/lib/python3.12/site-packages/airflow/example_dags/example_bash_decorator.py
[2025-08-06T14:37:44.735-0400] {processor.py:914} INFO - Processing file /home/huynguyen2741/airflow_venv/lib/python3.12/site-packages/airflow/example_dags/example_bash_decorator.py for tasks to queue
[2025-08-06T14:37:44.736-0400] {logging_mixin.py:190} INFO - [2025-08-06T14:37:44.736-0400] {dagbag.py:588} INFO - Filling up the DagBag from /home/huynguyen2741/airflow_venv/lib/python3.12/site-packages/airflow/example_dags/example_bash_decorator.py
[2025-08-06T14:37:44.747-0400] {processor.py:925} INFO - DAG(s) 'example_bash_decorator' retrieved from /home/huynguyen2741/airflow_venv/lib/python3.12/site-packages/airflow/example_dags/example_bash_decorator.py
[2025-08-06T14:37:44.760-0400] {logging_mixin.py:190} INFO - [2025-08-06T14:37:44.760-0400] {dag.py:3239} INFO - Sync 1 DAGs
[2025-08-06T14:37:44.768-0400] {logging_mixin.py:190} INFO - [2025-08-06T14:37:44.768-0400] {dag.py:4180} INFO - Setting next_dagrun for example_bash_decorator to None, run_after=None
[2025-08-06T14:37:44.783-0400] {processor.py:208} INFO - Processing /home/huynguyen2741/airflow_venv/lib/python3.12/site-packages/airflow/example_dags/example_bash_decorator.py took 0.063 seconds
[2025-08-06T14:38:48.843-0400] {processor.py:186} INFO - Started process (PID=29178) to work on /home/huynguyen2741/airflow_venv/lib/python3.12/site-packages/airflow/example_dags/example_bash_decorator.py
[2025-08-06T14:38:48.844-0400] {processor.py:914} INFO - Processing file /home/huynguyen2741/airflow_venv/lib/python3.12/site-packages/airflow/example_dags/example_bash_decorator.py for tasks to queue
[2025-08-06T14:38:48.845-0400] {logging_mixin.py:190} INFO - [2025-08-06T14:38:48.845-0400] {dagbag.py:588} INFO - Filling up the DagBag from /home/huynguyen2741/airflow_venv/lib/python3.12/site-packages/airflow/example_dags/example_bash_decorator.py
[2025-08-06T14:38:48.857-0400] {processor.py:925} INFO - DAG(s) 'example_bash_decorator' retrieved from /home/huynguyen2741/airflow_venv/lib/python3.12/site-packages/airflow/example_dags/example_bash_decorator.py
[2025-08-06T14:38:48.869-0400] {logging_mixin.py:190} INFO - [2025-08-06T14:38:48.869-0400] {dag.py:3239} INFO - Sync 1 DAGs
[2025-08-06T14:38:48.878-0400] {logging_mixin.py:190} INFO - [2025-08-06T14:38:48.878-0400] {dag.py:4180} INFO - Setting next_dagrun for example_bash_decorator to None, run_after=None
[2025-08-06T14:38:48.893-0400] {processor.py:208} INFO - Processing /home/huynguyen2741/airflow_venv/lib/python3.12/site-packages/airflow/example_dags/example_bash_decorator.py took 0.055 seconds
[2025-08-06T14:39:56.437-0400] {processor.py:186} INFO - Started process (PID=29421) to work on /home/huynguyen2741/airflow_venv/lib/python3.12/site-packages/airflow/example_dags/example_bash_decorator.py
[2025-08-06T14:39:56.441-0400] {processor.py:914} INFO - Processing file /home/huynguyen2741/airflow_venv/lib/python3.12/site-packages/airflow/example_dags/example_bash_decorator.py for tasks to queue
[2025-08-06T14:39:56.442-0400] {logging_mixin.py:190} INFO - [2025-08-06T14:39:56.442-0400] {dagbag.py:588} INFO - Filling up the DagBag from /home/huynguyen2741/airflow_venv/lib/python3.12/site-packages/airflow/example_dags/example_bash_decorator.py
[2025-08-06T14:39:56.454-0400] {processor.py:925} INFO - DAG(s) 'example_bash_decorator' retrieved from /home/huynguyen2741/airflow_venv/lib/python3.12/site-packages/airflow/example_dags/example_bash_decorator.py
[2025-08-06T14:39:56.467-0400] {logging_mixin.py:190} INFO - [2025-08-06T14:39:56.467-0400] {dag.py:3239} INFO - Sync 1 DAGs
[2025-08-06T14:39:56.475-0400] {logging_mixin.py:190} INFO - [2025-08-06T14:39:56.475-0400] {dag.py:4180} INFO - Setting next_dagrun for example_bash_decorator to None, run_after=None
[2025-08-06T14:39:56.497-0400] {processor.py:208} INFO - Processing /home/huynguyen2741/airflow_venv/lib/python3.12/site-packages/airflow/example_dags/example_bash_decorator.py took 0.066 seconds
[2025-08-06T14:41:03.159-0400] {processor.py:186} INFO - Started process (PID=29655) to work on /home/huynguyen2741/airflow_venv/lib/python3.12/site-packages/airflow/example_dags/example_bash_decorator.py
[2025-08-06T14:41:03.160-0400] {processor.py:914} INFO - Processing file /home/huynguyen2741/airflow_venv/lib/python3.12/site-packages/airflow/example_dags/example_bash_decorator.py for tasks to queue
[2025-08-06T14:41:03.161-0400] {logging_mixin.py:190} INFO - [2025-08-06T14:41:03.161-0400] {dagbag.py:588} INFO - Filling up the DagBag from /home/huynguyen2741/airflow_venv/lib/python3.12/site-packages/airflow/example_dags/example_bash_decorator.py
[2025-08-06T14:41:03.172-0400] {processor.py:925} INFO - DAG(s) 'example_bash_decorator' retrieved from /home/huynguyen2741/airflow_venv/lib/python3.12/site-packages/airflow/example_dags/example_bash_decorator.py
[2025-08-06T14:41:03.185-0400] {logging_mixin.py:190} INFO - [2025-08-06T14:41:03.185-0400] {dag.py:3239} INFO - Sync 1 DAGs
[2025-08-06T14:41:03.193-0400] {logging_mixin.py:190} INFO - [2025-08-06T14:41:03.192-0400] {dag.py:4180} INFO - Setting next_dagrun for example_bash_decorator to None, run_after=None
[2025-08-06T14:41:03.207-0400] {processor.py:208} INFO - Processing /home/huynguyen2741/airflow_venv/lib/python3.12/site-packages/airflow/example_dags/example_bash_decorator.py took 0.055 seconds
[2025-08-06T14:42:08.621-0400] {processor.py:186} INFO - Started process (PID=29940) to work on /home/huynguyen2741/airflow_venv/lib/python3.12/site-packages/airflow/example_dags/example_bash_decorator.py
[2025-08-06T14:42:08.625-0400] {processor.py:914} INFO - Processing file /home/huynguyen2741/airflow_venv/lib/python3.12/site-packages/airflow/example_dags/example_bash_decorator.py for tasks to queue
[2025-08-06T14:42:08.625-0400] {logging_mixin.py:190} INFO - [2025-08-06T14:42:08.625-0400] {dagbag.py:588} INFO - Filling up the DagBag from /home/huynguyen2741/airflow_venv/lib/python3.12/site-packages/airflow/example_dags/example_bash_decorator.py
[2025-08-06T14:42:08.637-0400] {processor.py:925} INFO - DAG(s) 'example_bash_decorator' retrieved from /home/huynguyen2741/airflow_venv/lib/python3.12/site-packages/airflow/example_dags/example_bash_decorator.py
[2025-08-06T14:42:08.652-0400] {logging_mixin.py:190} INFO - [2025-08-06T14:42:08.652-0400] {dag.py:3239} INFO - Sync 1 DAGs
[2025-08-06T14:42:08.663-0400] {logging_mixin.py:190} INFO - [2025-08-06T14:42:08.663-0400] {dag.py:4180} INFO - Setting next_dagrun for example_bash_decorator to None, run_after=None
[2025-08-06T14:42:08.680-0400] {processor.py:208} INFO - Processing /home/huynguyen2741/airflow_venv/lib/python3.12/site-packages/airflow/example_dags/example_bash_decorator.py took 0.064 seconds
[2025-08-06T14:43:10.417-0400] {processor.py:186} INFO - Started process (PID=30169) to work on /home/huynguyen2741/airflow_venv/lib/python3.12/site-packages/airflow/example_dags/example_bash_decorator.py
[2025-08-06T14:43:10.421-0400] {processor.py:914} INFO - Processing file /home/huynguyen2741/airflow_venv/lib/python3.12/site-packages/airflow/example_dags/example_bash_decorator.py for tasks to queue
[2025-08-06T14:43:10.422-0400] {logging_mixin.py:190} INFO - [2025-08-06T14:43:10.421-0400] {dagbag.py:588} INFO - Filling up the DagBag from /home/huynguyen2741/airflow_venv/lib/python3.12/site-packages/airflow/example_dags/example_bash_decorator.py
[2025-08-06T14:43:10.432-0400] {processor.py:925} INFO - DAG(s) 'example_bash_decorator' retrieved from /home/huynguyen2741/airflow_venv/lib/python3.12/site-packages/airflow/example_dags/example_bash_decorator.py
[2025-08-06T14:43:10.448-0400] {logging_mixin.py:190} INFO - [2025-08-06T14:43:10.447-0400] {dag.py:3239} INFO - Sync 1 DAGs
[2025-08-06T14:43:10.457-0400] {logging_mixin.py:190} INFO - [2025-08-06T14:43:10.457-0400] {dag.py:4180} INFO - Setting next_dagrun for example_bash_decorator to None, run_after=None
[2025-08-06T14:43:10.473-0400] {processor.py:208} INFO - Processing /home/huynguyen2741/airflow_venv/lib/python3.12/site-packages/airflow/example_dags/example_bash_decorator.py took 0.061 seconds
[2025-08-06T14:44:16.804-0400] {processor.py:186} INFO - Started process (PID=30439) to work on /home/huynguyen2741/airflow_venv/lib/python3.12/site-packages/airflow/example_dags/example_bash_decorator.py
[2025-08-06T14:44:16.815-0400] {processor.py:914} INFO - Processing file /home/huynguyen2741/airflow_venv/lib/python3.12/site-packages/airflow/example_dags/example_bash_decorator.py for tasks to queue
[2025-08-06T14:44:16.816-0400] {logging_mixin.py:190} INFO - [2025-08-06T14:44:16.816-0400] {dagbag.py:588} INFO - Filling up the DagBag from /home/huynguyen2741/airflow_venv/lib/python3.12/site-packages/airflow/example_dags/example_bash_decorator.py
[2025-08-06T14:44:16.828-0400] {processor.py:925} INFO - DAG(s) 'example_bash_decorator' retrieved from /home/huynguyen2741/airflow_venv/lib/python3.12/site-packages/airflow/example_dags/example_bash_decorator.py
[2025-08-06T14:44:16.847-0400] {logging_mixin.py:190} INFO - [2025-08-06T14:44:16.847-0400] {dag.py:3239} INFO - Sync 1 DAGs
[2025-08-06T14:44:16.859-0400] {logging_mixin.py:190} INFO - [2025-08-06T14:44:16.858-0400] {dag.py:4180} INFO - Setting next_dagrun for example_bash_decorator to None, run_after=None
[2025-08-06T14:44:16.877-0400] {processor.py:208} INFO - Processing /home/huynguyen2741/airflow_venv/lib/python3.12/site-packages/airflow/example_dags/example_bash_decorator.py took 0.079 seconds
[2025-08-06T14:45:12.988-0400] {processor.py:186} INFO - Started process (PID=30659) to work on /home/huynguyen2741/airflow_venv/lib/python3.12/site-packages/airflow/example_dags/example_bash_decorator.py
[2025-08-06T14:45:12.989-0400] {processor.py:914} INFO - Processing file /home/huynguyen2741/airflow_venv/lib/python3.12/site-packages/airflow/example_dags/example_bash_decorator.py for tasks to queue
[2025-08-06T14:45:12.990-0400] {logging_mixin.py:190} INFO - [2025-08-06T14:45:12.990-0400] {dagbag.py:588} INFO - Filling up the DagBag from /home/huynguyen2741/airflow_venv/lib/python3.12/site-packages/airflow/example_dags/example_bash_decorator.py
[2025-08-06T14:45:13.002-0400] {processor.py:925} INFO - DAG(s) 'example_bash_decorator' retrieved from /home/huynguyen2741/airflow_venv/lib/python3.12/site-packages/airflow/example_dags/example_bash_decorator.py
[2025-08-06T14:45:13.018-0400] {logging_mixin.py:190} INFO - [2025-08-06T14:45:13.018-0400] {dag.py:3239} INFO - Sync 1 DAGs
[2025-08-06T14:45:13.028-0400] {logging_mixin.py:190} INFO - [2025-08-06T14:45:13.028-0400] {dag.py:4180} INFO - Setting next_dagrun for example_bash_decorator to None, run_after=None
[2025-08-06T14:45:13.047-0400] {processor.py:208} INFO - Processing /home/huynguyen2741/airflow_venv/lib/python3.12/site-packages/airflow/example_dags/example_bash_decorator.py took 0.064 seconds
[2025-08-06T14:46:14.887-0400] {processor.py:186} INFO - Started process (PID=30923) to work on /home/huynguyen2741/airflow_venv/lib/python3.12/site-packages/airflow/example_dags/example_bash_decorator.py
[2025-08-06T14:46:14.888-0400] {processor.py:914} INFO - Processing file /home/huynguyen2741/airflow_venv/lib/python3.12/site-packages/airflow/example_dags/example_bash_decorator.py for tasks to queue
[2025-08-06T14:46:14.889-0400] {logging_mixin.py:190} INFO - [2025-08-06T14:46:14.889-0400] {dagbag.py:588} INFO - Filling up the DagBag from /home/huynguyen2741/airflow_venv/lib/python3.12/site-packages/airflow/example_dags/example_bash_decorator.py
[2025-08-06T14:46:14.901-0400] {processor.py:925} INFO - DAG(s) 'example_bash_decorator' retrieved from /home/huynguyen2741/airflow_venv/lib/python3.12/site-packages/airflow/example_dags/example_bash_decorator.py
[2025-08-06T14:46:14.914-0400] {logging_mixin.py:190} INFO - [2025-08-06T14:46:14.913-0400] {dag.py:3239} INFO - Sync 1 DAGs
[2025-08-06T14:46:14.922-0400] {logging_mixin.py:190} INFO - [2025-08-06T14:46:14.922-0400] {dag.py:4180} INFO - Setting next_dagrun for example_bash_decorator to None, run_after=None
[2025-08-06T14:46:14.937-0400] {processor.py:208} INFO - Processing /home/huynguyen2741/airflow_venv/lib/python3.12/site-packages/airflow/example_dags/example_bash_decorator.py took 0.055 seconds
[2025-08-06T14:47:18.024-0400] {processor.py:186} INFO - Started process (PID=31213) to work on /home/huynguyen2741/airflow_venv/lib/python3.12/site-packages/airflow/example_dags/example_bash_decorator.py
[2025-08-06T14:47:18.025-0400] {processor.py:914} INFO - Processing file /home/huynguyen2741/airflow_venv/lib/python3.12/site-packages/airflow/example_dags/example_bash_decorator.py for tasks to queue
[2025-08-06T14:47:18.026-0400] {logging_mixin.py:190} INFO - [2025-08-06T14:47:18.025-0400] {dagbag.py:588} INFO - Filling up the DagBag from /home/huynguyen2741/airflow_venv/lib/python3.12/site-packages/airflow/example_dags/example_bash_decorator.py
[2025-08-06T14:47:18.037-0400] {processor.py:925} INFO - DAG(s) 'example_bash_decorator' retrieved from /home/huynguyen2741/airflow_venv/lib/python3.12/site-packages/airflow/example_dags/example_bash_decorator.py
[2025-08-06T14:47:18.050-0400] {logging_mixin.py:190} INFO - [2025-08-06T14:47:18.049-0400] {dag.py:3239} INFO - Sync 1 DAGs
[2025-08-06T14:47:18.058-0400] {logging_mixin.py:190} INFO - [2025-08-06T14:47:18.058-0400] {dag.py:4180} INFO - Setting next_dagrun for example_bash_decorator to None, run_after=None
[2025-08-06T14:47:18.073-0400] {processor.py:208} INFO - Processing /home/huynguyen2741/airflow_venv/lib/python3.12/site-packages/airflow/example_dags/example_bash_decorator.py took 0.055 seconds
[2025-08-06T14:48:48.238-0400] {processor.py:186} INFO - Started process (PID=31749) to work on /home/huynguyen2741/airflow_venv/lib/python3.12/site-packages/airflow/example_dags/example_bash_decorator.py
[2025-08-06T14:48:48.241-0400] {processor.py:914} INFO - Processing file /home/huynguyen2741/airflow_venv/lib/python3.12/site-packages/airflow/example_dags/example_bash_decorator.py for tasks to queue
[2025-08-06T14:48:48.242-0400] {logging_mixin.py:190} INFO - [2025-08-06T14:48:48.242-0400] {dagbag.py:588} INFO - Filling up the DagBag from /home/huynguyen2741/airflow_venv/lib/python3.12/site-packages/airflow/example_dags/example_bash_decorator.py
[2025-08-06T14:48:48.253-0400] {processor.py:925} INFO - DAG(s) 'example_bash_decorator' retrieved from /home/huynguyen2741/airflow_venv/lib/python3.12/site-packages/airflow/example_dags/example_bash_decorator.py
[2025-08-06T14:48:48.268-0400] {logging_mixin.py:190} INFO - [2025-08-06T14:48:48.268-0400] {dag.py:3239} INFO - Sync 1 DAGs
[2025-08-06T14:48:48.277-0400] {logging_mixin.py:190} INFO - [2025-08-06T14:48:48.277-0400] {dag.py:4180} INFO - Setting next_dagrun for example_bash_decorator to None, run_after=None
[2025-08-06T14:48:48.294-0400] {processor.py:208} INFO - Processing /home/huynguyen2741/airflow_venv/lib/python3.12/site-packages/airflow/example_dags/example_bash_decorator.py took 0.061 seconds
[2025-08-06T14:49:50.695-0400] {processor.py:186} INFO - Started process (PID=31975) to work on /home/huynguyen2741/airflow_venv/lib/python3.12/site-packages/airflow/example_dags/example_bash_decorator.py
[2025-08-06T14:49:50.696-0400] {processor.py:914} INFO - Processing file /home/huynguyen2741/airflow_venv/lib/python3.12/site-packages/airflow/example_dags/example_bash_decorator.py for tasks to queue
[2025-08-06T14:49:50.697-0400] {logging_mixin.py:190} INFO - [2025-08-06T14:49:50.697-0400] {dagbag.py:588} INFO - Filling up the DagBag from /home/huynguyen2741/airflow_venv/lib/python3.12/site-packages/airflow/example_dags/example_bash_decorator.py
[2025-08-06T14:49:50.711-0400] {processor.py:925} INFO - DAG(s) 'example_bash_decorator' retrieved from /home/huynguyen2741/airflow_venv/lib/python3.12/site-packages/airflow/example_dags/example_bash_decorator.py
[2025-08-06T14:49:50.726-0400] {logging_mixin.py:190} INFO - [2025-08-06T14:49:50.726-0400] {dag.py:3239} INFO - Sync 1 DAGs
[2025-08-06T14:49:50.737-0400] {logging_mixin.py:190} INFO - [2025-08-06T14:49:50.737-0400] {dag.py:4180} INFO - Setting next_dagrun for example_bash_decorator to None, run_after=None
[2025-08-06T14:49:50.758-0400] {processor.py:208} INFO - Processing /home/huynguyen2741/airflow_venv/lib/python3.12/site-packages/airflow/example_dags/example_bash_decorator.py took 0.069 seconds
[2025-08-06T14:50:57.067-0400] {processor.py:186} INFO - Started process (PID=32211) to work on /home/huynguyen2741/airflow_venv/lib/python3.12/site-packages/airflow/example_dags/example_bash_decorator.py
[2025-08-06T14:50:57.071-0400] {processor.py:914} INFO - Processing file /home/huynguyen2741/airflow_venv/lib/python3.12/site-packages/airflow/example_dags/example_bash_decorator.py for tasks to queue
[2025-08-06T14:50:57.072-0400] {logging_mixin.py:190} INFO - [2025-08-06T14:50:57.072-0400] {dagbag.py:588} INFO - Filling up the DagBag from /home/huynguyen2741/airflow_venv/lib/python3.12/site-packages/airflow/example_dags/example_bash_decorator.py
[2025-08-06T14:50:57.082-0400] {processor.py:925} INFO - DAG(s) 'example_bash_decorator' retrieved from /home/huynguyen2741/airflow_venv/lib/python3.12/site-packages/airflow/example_dags/example_bash_decorator.py
[2025-08-06T14:50:57.097-0400] {logging_mixin.py:190} INFO - [2025-08-06T14:50:57.097-0400] {dag.py:3239} INFO - Sync 1 DAGs
[2025-08-06T14:50:57.108-0400] {logging_mixin.py:190} INFO - [2025-08-06T14:50:57.108-0400] {dag.py:4180} INFO - Setting next_dagrun for example_bash_decorator to None, run_after=None
[2025-08-06T14:50:57.125-0400] {processor.py:208} INFO - Processing /home/huynguyen2741/airflow_venv/lib/python3.12/site-packages/airflow/example_dags/example_bash_decorator.py took 0.064 seconds
[2025-08-06T14:51:59.540-0400] {processor.py:186} INFO - Started process (PID=32444) to work on /home/huynguyen2741/airflow_venv/lib/python3.12/site-packages/airflow/example_dags/example_bash_decorator.py
[2025-08-06T14:51:59.541-0400] {processor.py:914} INFO - Processing file /home/huynguyen2741/airflow_venv/lib/python3.12/site-packages/airflow/example_dags/example_bash_decorator.py for tasks to queue
[2025-08-06T14:51:59.542-0400] {logging_mixin.py:190} INFO - [2025-08-06T14:51:59.542-0400] {dagbag.py:588} INFO - Filling up the DagBag from /home/huynguyen2741/airflow_venv/lib/python3.12/site-packages/airflow/example_dags/example_bash_decorator.py
[2025-08-06T14:51:59.553-0400] {processor.py:925} INFO - DAG(s) 'example_bash_decorator' retrieved from /home/huynguyen2741/airflow_venv/lib/python3.12/site-packages/airflow/example_dags/example_bash_decorator.py
[2025-08-06T14:51:59.565-0400] {logging_mixin.py:190} INFO - [2025-08-06T14:51:59.565-0400] {dag.py:3239} INFO - Sync 1 DAGs
[2025-08-06T14:51:59.573-0400] {logging_mixin.py:190} INFO - [2025-08-06T14:51:59.573-0400] {dag.py:4180} INFO - Setting next_dagrun for example_bash_decorator to None, run_after=None
[2025-08-06T14:51:59.589-0400] {processor.py:208} INFO - Processing /home/huynguyen2741/airflow_venv/lib/python3.12/site-packages/airflow/example_dags/example_bash_decorator.py took 0.054 seconds
[2025-08-06T14:53:01.263-0400] {processor.py:186} INFO - Started process (PID=32734) to work on /home/huynguyen2741/airflow_venv/lib/python3.12/site-packages/airflow/example_dags/example_bash_decorator.py
[2025-08-06T14:53:01.268-0400] {processor.py:914} INFO - Processing file /home/huynguyen2741/airflow_venv/lib/python3.12/site-packages/airflow/example_dags/example_bash_decorator.py for tasks to queue
[2025-08-06T14:53:01.269-0400] {logging_mixin.py:190} INFO - [2025-08-06T14:53:01.269-0400] {dagbag.py:588} INFO - Filling up the DagBag from /home/huynguyen2741/airflow_venv/lib/python3.12/site-packages/airflow/example_dags/example_bash_decorator.py
[2025-08-06T14:53:01.280-0400] {processor.py:925} INFO - DAG(s) 'example_bash_decorator' retrieved from /home/huynguyen2741/airflow_venv/lib/python3.12/site-packages/airflow/example_dags/example_bash_decorator.py
[2025-08-06T14:53:01.293-0400] {logging_mixin.py:190} INFO - [2025-08-06T14:53:01.293-0400] {dag.py:3239} INFO - Sync 1 DAGs
[2025-08-06T14:53:01.302-0400] {logging_mixin.py:190} INFO - [2025-08-06T14:53:01.302-0400] {dag.py:4180} INFO - Setting next_dagrun for example_bash_decorator to None, run_after=None
[2025-08-06T14:53:01.317-0400] {processor.py:208} INFO - Processing /home/huynguyen2741/airflow_venv/lib/python3.12/site-packages/airflow/example_dags/example_bash_decorator.py took 0.059 seconds
[2025-08-06T14:54:03.029-0400] {processor.py:186} INFO - Started process (PID=33186) to work on /home/huynguyen2741/airflow_venv/lib/python3.12/site-packages/airflow/example_dags/example_bash_decorator.py
[2025-08-06T14:54:03.033-0400] {processor.py:914} INFO - Processing file /home/huynguyen2741/airflow_venv/lib/python3.12/site-packages/airflow/example_dags/example_bash_decorator.py for tasks to queue
[2025-08-06T14:54:03.034-0400] {logging_mixin.py:190} INFO - [2025-08-06T14:54:03.034-0400] {dagbag.py:588} INFO - Filling up the DagBag from /home/huynguyen2741/airflow_venv/lib/python3.12/site-packages/airflow/example_dags/example_bash_decorator.py
[2025-08-06T14:54:03.045-0400] {processor.py:925} INFO - DAG(s) 'example_bash_decorator' retrieved from /home/huynguyen2741/airflow_venv/lib/python3.12/site-packages/airflow/example_dags/example_bash_decorator.py
[2025-08-06T14:54:03.059-0400] {logging_mixin.py:190} INFO - [2025-08-06T14:54:03.058-0400] {dag.py:3239} INFO - Sync 1 DAGs
[2025-08-06T14:54:03.067-0400] {logging_mixin.py:190} INFO - [2025-08-06T14:54:03.066-0400] {dag.py:4180} INFO - Setting next_dagrun for example_bash_decorator to None, run_after=None
[2025-08-06T14:54:03.082-0400] {processor.py:208} INFO - Processing /home/huynguyen2741/airflow_venv/lib/python3.12/site-packages/airflow/example_dags/example_bash_decorator.py took 0.059 seconds
[2025-08-06T14:55:29.655-0400] {processor.py:186} INFO - Started process (PID=33616) to work on /home/huynguyen2741/airflow_venv/lib/python3.12/site-packages/airflow/example_dags/example_bash_decorator.py
[2025-08-06T14:55:29.657-0400] {processor.py:914} INFO - Processing file /home/huynguyen2741/airflow_venv/lib/python3.12/site-packages/airflow/example_dags/example_bash_decorator.py for tasks to queue
[2025-08-06T14:55:29.658-0400] {logging_mixin.py:190} INFO - [2025-08-06T14:55:29.658-0400] {dagbag.py:588} INFO - Filling up the DagBag from /home/huynguyen2741/airflow_venv/lib/python3.12/site-packages/airflow/example_dags/example_bash_decorator.py
[2025-08-06T14:55:29.669-0400] {processor.py:925} INFO - DAG(s) 'example_bash_decorator' retrieved from /home/huynguyen2741/airflow_venv/lib/python3.12/site-packages/airflow/example_dags/example_bash_decorator.py
[2025-08-06T14:55:29.682-0400] {logging_mixin.py:190} INFO - [2025-08-06T14:55:29.682-0400] {dag.py:3239} INFO - Sync 1 DAGs
[2025-08-06T14:55:29.691-0400] {logging_mixin.py:190} INFO - [2025-08-06T14:55:29.691-0400] {dag.py:4180} INFO - Setting next_dagrun for example_bash_decorator to None, run_after=None
[2025-08-06T14:55:29.709-0400] {processor.py:208} INFO - Processing /home/huynguyen2741/airflow_venv/lib/python3.12/site-packages/airflow/example_dags/example_bash_decorator.py took 0.059 seconds
[2025-08-06T14:56:31.976-0400] {processor.py:186} INFO - Started process (PID=33928) to work on /home/huynguyen2741/airflow_venv/lib/python3.12/site-packages/airflow/example_dags/example_bash_decorator.py
[2025-08-06T14:56:31.980-0400] {processor.py:914} INFO - Processing file /home/huynguyen2741/airflow_venv/lib/python3.12/site-packages/airflow/example_dags/example_bash_decorator.py for tasks to queue
[2025-08-06T14:56:31.981-0400] {logging_mixin.py:190} INFO - [2025-08-06T14:56:31.981-0400] {dagbag.py:588} INFO - Filling up the DagBag from /home/huynguyen2741/airflow_venv/lib/python3.12/site-packages/airflow/example_dags/example_bash_decorator.py
[2025-08-06T14:56:31.993-0400] {processor.py:925} INFO - DAG(s) 'example_bash_decorator' retrieved from /home/huynguyen2741/airflow_venv/lib/python3.12/site-packages/airflow/example_dags/example_bash_decorator.py
[2025-08-06T14:56:32.005-0400] {logging_mixin.py:190} INFO - [2025-08-06T14:56:32.005-0400] {dag.py:3239} INFO - Sync 1 DAGs
[2025-08-06T14:56:32.013-0400] {logging_mixin.py:190} INFO - [2025-08-06T14:56:32.013-0400] {dag.py:4180} INFO - Setting next_dagrun for example_bash_decorator to None, run_after=None
[2025-08-06T14:56:32.028-0400] {processor.py:208} INFO - Processing /home/huynguyen2741/airflow_venv/lib/python3.12/site-packages/airflow/example_dags/example_bash_decorator.py took 0.057 seconds
[2025-08-06T14:57:31.703-0400] {processor.py:186} INFO - Started process (PID=34204) to work on /home/huynguyen2741/airflow_venv/lib/python3.12/site-packages/airflow/example_dags/example_bash_decorator.py
[2025-08-06T14:57:31.706-0400] {processor.py:914} INFO - Processing file /home/huynguyen2741/airflow_venv/lib/python3.12/site-packages/airflow/example_dags/example_bash_decorator.py for tasks to queue
[2025-08-06T14:57:31.707-0400] {logging_mixin.py:190} INFO - [2025-08-06T14:57:31.707-0400] {dagbag.py:588} INFO - Filling up the DagBag from /home/huynguyen2741/airflow_venv/lib/python3.12/site-packages/airflow/example_dags/example_bash_decorator.py
[2025-08-06T14:57:31.718-0400] {processor.py:925} INFO - DAG(s) 'example_bash_decorator' retrieved from /home/huynguyen2741/airflow_venv/lib/python3.12/site-packages/airflow/example_dags/example_bash_decorator.py
[2025-08-06T14:57:31.731-0400] {logging_mixin.py:190} INFO - [2025-08-06T14:57:31.731-0400] {dag.py:3239} INFO - Sync 1 DAGs
[2025-08-06T14:57:31.739-0400] {logging_mixin.py:190} INFO - [2025-08-06T14:57:31.739-0400] {dag.py:4180} INFO - Setting next_dagrun for example_bash_decorator to None, run_after=None
[2025-08-06T14:57:31.754-0400] {processor.py:208} INFO - Processing /home/huynguyen2741/airflow_venv/lib/python3.12/site-packages/airflow/example_dags/example_bash_decorator.py took 0.057 seconds
[2025-08-06T14:58:34.115-0400] {processor.py:186} INFO - Started process (PID=34457) to work on /home/huynguyen2741/airflow_venv/lib/python3.12/site-packages/airflow/example_dags/example_bash_decorator.py
[2025-08-06T14:58:34.119-0400] {processor.py:914} INFO - Processing file /home/huynguyen2741/airflow_venv/lib/python3.12/site-packages/airflow/example_dags/example_bash_decorator.py for tasks to queue
[2025-08-06T14:58:34.120-0400] {logging_mixin.py:190} INFO - [2025-08-06T14:58:34.120-0400] {dagbag.py:588} INFO - Filling up the DagBag from /home/huynguyen2741/airflow_venv/lib/python3.12/site-packages/airflow/example_dags/example_bash_decorator.py
[2025-08-06T14:58:34.131-0400] {processor.py:925} INFO - DAG(s) 'example_bash_decorator' retrieved from /home/huynguyen2741/airflow_venv/lib/python3.12/site-packages/airflow/example_dags/example_bash_decorator.py
[2025-08-06T14:58:34.145-0400] {logging_mixin.py:190} INFO - [2025-08-06T14:58:34.144-0400] {dag.py:3239} INFO - Sync 1 DAGs
[2025-08-06T14:58:34.152-0400] {logging_mixin.py:190} INFO - [2025-08-06T14:58:34.152-0400] {dag.py:4180} INFO - Setting next_dagrun for example_bash_decorator to None, run_after=None
[2025-08-06T14:58:34.167-0400] {processor.py:208} INFO - Processing /home/huynguyen2741/airflow_venv/lib/python3.12/site-packages/airflow/example_dags/example_bash_decorator.py took 0.058 seconds
[2025-08-06T14:59:37.925-0400] {processor.py:186} INFO - Started process (PID=34692) to work on /home/huynguyen2741/airflow_venv/lib/python3.12/site-packages/airflow/example_dags/example_bash_decorator.py
[2025-08-06T14:59:37.926-0400] {processor.py:914} INFO - Processing file /home/huynguyen2741/airflow_venv/lib/python3.12/site-packages/airflow/example_dags/example_bash_decorator.py for tasks to queue
[2025-08-06T14:59:37.927-0400] {logging_mixin.py:190} INFO - [2025-08-06T14:59:37.927-0400] {dagbag.py:588} INFO - Filling up the DagBag from /home/huynguyen2741/airflow_venv/lib/python3.12/site-packages/airflow/example_dags/example_bash_decorator.py
[2025-08-06T14:59:37.938-0400] {processor.py:925} INFO - DAG(s) 'example_bash_decorator' retrieved from /home/huynguyen2741/airflow_venv/lib/python3.12/site-packages/airflow/example_dags/example_bash_decorator.py
[2025-08-06T14:59:37.951-0400] {logging_mixin.py:190} INFO - [2025-08-06T14:59:37.951-0400] {dag.py:3239} INFO - Sync 1 DAGs
[2025-08-06T14:59:37.959-0400] {logging_mixin.py:190} INFO - [2025-08-06T14:59:37.959-0400] {dag.py:4180} INFO - Setting next_dagrun for example_bash_decorator to None, run_after=None
[2025-08-06T14:59:37.974-0400] {processor.py:208} INFO - Processing /home/huynguyen2741/airflow_venv/lib/python3.12/site-packages/airflow/example_dags/example_bash_decorator.py took 0.054 seconds
