[2025-08-06T13:57:52.594-0400] {processor.py:186} INFO - Started process (PID=17844) to work on /home/huynguyen2741/airflow_venv/lib/python3.12/site-packages/airflow/example_dags/example_branch_day_of_week_operator.py
[2025-08-06T13:57:52.595-0400] {processor.py:914} INFO - Processing file /home/huynguyen2741/airflow_venv/lib/python3.12/site-packages/airflow/example_dags/example_branch_day_of_week_operator.py for tasks to queue
[2025-08-06T13:57:52.596-0400] {logging_mixin.py:190} INFO - [2025-08-06T13:57:52.596-0400] {dagbag.py:588} INFO - Filling up the DagBag from /home/huynguyen2741/airflow_venv/lib/python3.12/site-packages/airflow/example_dags/example_branch_day_of_week_operator.py
[2025-08-06T13:57:52.604-0400] {processor.py:925} INFO - DAG(s) 'example_weekday_branch_operator' retrieved from /home/huynguyen2741/airflow_venv/lib/python3.12/site-packages/airflow/example_dags/example_branch_day_of_week_operator.py
[2025-08-06T13:57:52.688-0400] {logging_mixin.py:190} INFO - [2025-08-06T13:57:52.688-0400] {override.py:1930} INFO - Created Permission View: can edit on DAG:example_weekday_branch_operator
[2025-08-06T13:57:52.698-0400] {logging_mixin.py:190} INFO - [2025-08-06T13:57:52.698-0400] {override.py:1930} INFO - Created Permission View: can read on DAG:example_weekday_branch_operator
[2025-08-06T13:57:52.706-0400] {logging_mixin.py:190} INFO - [2025-08-06T13:57:52.705-0400] {override.py:1930} INFO - Created Permission View: can delete on DAG:example_weekday_branch_operator
[2025-08-06T13:57:52.719-0400] {logging_mixin.py:190} INFO - [2025-08-06T13:57:52.719-0400] {override.py:1930} INFO - Created Permission View: menu access on DAG Run:example_weekday_branch_operator
[2025-08-06T13:57:52.727-0400] {logging_mixin.py:190} INFO - [2025-08-06T13:57:52.727-0400] {override.py:1930} INFO - Created Permission View: can read on DAG Run:example_weekday_branch_operator
[2025-08-06T13:57:52.735-0400] {logging_mixin.py:190} INFO - [2025-08-06T13:57:52.735-0400] {override.py:1930} INFO - Created Permission View: can create on DAG Run:example_weekday_branch_operator
[2025-08-06T13:57:52.743-0400] {logging_mixin.py:190} INFO - [2025-08-06T13:57:52.743-0400] {override.py:1930} INFO - Created Permission View: can delete on DAG Run:example_weekday_branch_operator
[2025-08-06T13:57:52.743-0400] {logging_mixin.py:190} INFO - [2025-08-06T13:57:52.743-0400] {dag.py:3239} INFO - Sync 1 DAGs
[2025-08-06T13:57:52.751-0400] {logging_mixin.py:190} INFO - [2025-08-06T13:57:52.751-0400] {dag.py:3262} INFO - Creating ORM DAG for example_weekday_branch_operator
[2025-08-06T13:57:52.756-0400] {logging_mixin.py:190} INFO - [2025-08-06T13:57:52.756-0400] {dag.py:4180} INFO - Setting next_dagrun for example_weekday_branch_operator to 2025-08-05 00:00:00+00:00, run_after=2025-08-06 00:00:00+00:00
[2025-08-06T13:57:52.772-0400] {processor.py:208} INFO - Processing /home/huynguyen2741/airflow_venv/lib/python3.12/site-packages/airflow/example_dags/example_branch_day_of_week_operator.py took 0.182 seconds
[2025-08-06T13:58:59.118-0400] {processor.py:186} INFO - Started process (PID=18084) to work on /home/huynguyen2741/airflow_venv/lib/python3.12/site-packages/airflow/example_dags/example_branch_day_of_week_operator.py
[2025-08-06T13:58:59.119-0400] {processor.py:914} INFO - Processing file /home/huynguyen2741/airflow_venv/lib/python3.12/site-packages/airflow/example_dags/example_branch_day_of_week_operator.py for tasks to queue
[2025-08-06T13:58:59.120-0400] {logging_mixin.py:190} INFO - [2025-08-06T13:58:59.120-0400] {dagbag.py:588} INFO - Filling up the DagBag from /home/huynguyen2741/airflow_venv/lib/python3.12/site-packages/airflow/example_dags/example_branch_day_of_week_operator.py
[2025-08-06T13:58:59.128-0400] {processor.py:925} INFO - DAG(s) 'example_weekday_branch_operator' retrieved from /home/huynguyen2741/airflow_venv/lib/python3.12/site-packages/airflow/example_dags/example_branch_day_of_week_operator.py
[2025-08-06T13:58:59.139-0400] {logging_mixin.py:190} INFO - [2025-08-06T13:58:59.138-0400] {dag.py:3239} INFO - Sync 1 DAGs
[2025-08-06T13:58:59.151-0400] {logging_mixin.py:190} INFO - [2025-08-06T13:58:59.150-0400] {dag.py:4180} INFO - Setting next_dagrun for example_weekday_branch_operator to 2025-08-05 00:00:00+00:00, run_after=2025-08-06 00:00:00+00:00
[2025-08-06T13:58:59.166-0400] {processor.py:208} INFO - Processing /home/huynguyen2741/airflow_venv/lib/python3.12/site-packages/airflow/example_dags/example_branch_day_of_week_operator.py took 0.052 seconds
[2025-08-06T13:59:58.507-0400] {processor.py:186} INFO - Started process (PID=18310) to work on /home/huynguyen2741/airflow_venv/lib/python3.12/site-packages/airflow/example_dags/example_branch_day_of_week_operator.py
[2025-08-06T13:59:58.511-0400] {processor.py:914} INFO - Processing file /home/huynguyen2741/airflow_venv/lib/python3.12/site-packages/airflow/example_dags/example_branch_day_of_week_operator.py for tasks to queue
[2025-08-06T13:59:58.512-0400] {logging_mixin.py:190} INFO - [2025-08-06T13:59:58.512-0400] {dagbag.py:588} INFO - Filling up the DagBag from /home/huynguyen2741/airflow_venv/lib/python3.12/site-packages/airflow/example_dags/example_branch_day_of_week_operator.py
[2025-08-06T13:59:58.520-0400] {processor.py:925} INFO - DAG(s) 'example_weekday_branch_operator' retrieved from /home/huynguyen2741/airflow_venv/lib/python3.12/site-packages/airflow/example_dags/example_branch_day_of_week_operator.py
[2025-08-06T13:59:58.532-0400] {logging_mixin.py:190} INFO - [2025-08-06T13:59:58.532-0400] {dag.py:3239} INFO - Sync 1 DAGs
[2025-08-06T13:59:58.548-0400] {logging_mixin.py:190} INFO - [2025-08-06T13:59:58.548-0400] {dag.py:4180} INFO - Setting next_dagrun for example_weekday_branch_operator to 2025-08-05 00:00:00+00:00, run_after=2025-08-06 00:00:00+00:00
[2025-08-06T13:59:58.565-0400] {processor.py:208} INFO - Processing /home/huynguyen2741/airflow_venv/lib/python3.12/site-packages/airflow/example_dags/example_branch_day_of_week_operator.py took 0.062 seconds
[2025-08-06T14:01:01.010-0400] {processor.py:186} INFO - Started process (PID=18529) to work on /home/huynguyen2741/airflow_venv/lib/python3.12/site-packages/airflow/example_dags/example_branch_day_of_week_operator.py
[2025-08-06T14:01:01.011-0400] {processor.py:914} INFO - Processing file /home/huynguyen2741/airflow_venv/lib/python3.12/site-packages/airflow/example_dags/example_branch_day_of_week_operator.py for tasks to queue
[2025-08-06T14:01:01.013-0400] {logging_mixin.py:190} INFO - [2025-08-06T14:01:01.012-0400] {dagbag.py:588} INFO - Filling up the DagBag from /home/huynguyen2741/airflow_venv/lib/python3.12/site-packages/airflow/example_dags/example_branch_day_of_week_operator.py
[2025-08-06T14:01:01.020-0400] {processor.py:925} INFO - DAG(s) 'example_weekday_branch_operator' retrieved from /home/huynguyen2741/airflow_venv/lib/python3.12/site-packages/airflow/example_dags/example_branch_day_of_week_operator.py
[2025-08-06T14:01:01.031-0400] {logging_mixin.py:190} INFO - [2025-08-06T14:01:01.031-0400] {dag.py:3239} INFO - Sync 1 DAGs
[2025-08-06T14:01:01.045-0400] {logging_mixin.py:190} INFO - [2025-08-06T14:01:01.045-0400] {dag.py:4180} INFO - Setting next_dagrun for example_weekday_branch_operator to 2025-08-05 00:00:00+00:00, run_after=2025-08-06 00:00:00+00:00
[2025-08-06T14:01:01.061-0400] {processor.py:208} INFO - Processing /home/huynguyen2741/airflow_venv/lib/python3.12/site-packages/airflow/example_dags/example_branch_day_of_week_operator.py took 0.055 seconds
[2025-08-06T14:02:05.680-0400] {processor.py:186} INFO - Started process (PID=18757) to work on /home/huynguyen2741/airflow_venv/lib/python3.12/site-packages/airflow/example_dags/example_branch_day_of_week_operator.py
[2025-08-06T14:02:05.685-0400] {processor.py:914} INFO - Processing file /home/huynguyen2741/airflow_venv/lib/python3.12/site-packages/airflow/example_dags/example_branch_day_of_week_operator.py for tasks to queue
[2025-08-06T14:02:05.686-0400] {logging_mixin.py:190} INFO - [2025-08-06T14:02:05.686-0400] {dagbag.py:588} INFO - Filling up the DagBag from /home/huynguyen2741/airflow_venv/lib/python3.12/site-packages/airflow/example_dags/example_branch_day_of_week_operator.py
[2025-08-06T14:02:05.693-0400] {processor.py:925} INFO - DAG(s) 'example_weekday_branch_operator' retrieved from /home/huynguyen2741/airflow_venv/lib/python3.12/site-packages/airflow/example_dags/example_branch_day_of_week_operator.py
[2025-08-06T14:02:05.704-0400] {logging_mixin.py:190} INFO - [2025-08-06T14:02:05.704-0400] {dag.py:3239} INFO - Sync 1 DAGs
[2025-08-06T14:02:05.716-0400] {logging_mixin.py:190} INFO - [2025-08-06T14:02:05.716-0400] {dag.py:4180} INFO - Setting next_dagrun for example_weekday_branch_operator to 2025-08-05 00:00:00+00:00, run_after=2025-08-06 00:00:00+00:00
[2025-08-06T14:02:05.731-0400] {processor.py:208} INFO - Processing /home/huynguyen2741/airflow_venv/lib/python3.12/site-packages/airflow/example_dags/example_branch_day_of_week_operator.py took 0.055 seconds
[2025-08-06T14:03:07.294-0400] {processor.py:186} INFO - Started process (PID=18998) to work on /home/huynguyen2741/airflow_venv/lib/python3.12/site-packages/airflow/example_dags/example_branch_day_of_week_operator.py
[2025-08-06T14:03:07.303-0400] {processor.py:914} INFO - Processing file /home/huynguyen2741/airflow_venv/lib/python3.12/site-packages/airflow/example_dags/example_branch_day_of_week_operator.py for tasks to queue
[2025-08-06T14:03:07.305-0400] {logging_mixin.py:190} INFO - [2025-08-06T14:03:07.305-0400] {dagbag.py:588} INFO - Filling up the DagBag from /home/huynguyen2741/airflow_venv/lib/python3.12/site-packages/airflow/example_dags/example_branch_day_of_week_operator.py
[2025-08-06T14:03:07.312-0400] {processor.py:925} INFO - DAG(s) 'example_weekday_branch_operator' retrieved from /home/huynguyen2741/airflow_venv/lib/python3.12/site-packages/airflow/example_dags/example_branch_day_of_week_operator.py
[2025-08-06T14:03:07.322-0400] {logging_mixin.py:190} INFO - [2025-08-06T14:03:07.322-0400] {dag.py:3239} INFO - Sync 1 DAGs
[2025-08-06T14:03:07.336-0400] {logging_mixin.py:190} INFO - [2025-08-06T14:03:07.336-0400] {dag.py:4180} INFO - Setting next_dagrun for example_weekday_branch_operator to 2025-08-05 00:00:00+00:00, run_after=2025-08-06 00:00:00+00:00
[2025-08-06T14:03:07.352-0400] {processor.py:208} INFO - Processing /home/huynguyen2741/airflow_venv/lib/python3.12/site-packages/airflow/example_dags/example_branch_day_of_week_operator.py took 0.063 seconds
[2025-08-06T14:04:09.103-0400] {processor.py:186} INFO - Started process (PID=19227) to work on /home/huynguyen2741/airflow_venv/lib/python3.12/site-packages/airflow/example_dags/example_branch_day_of_week_operator.py
[2025-08-06T14:04:09.112-0400] {processor.py:914} INFO - Processing file /home/huynguyen2741/airflow_venv/lib/python3.12/site-packages/airflow/example_dags/example_branch_day_of_week_operator.py for tasks to queue
[2025-08-06T14:04:09.114-0400] {logging_mixin.py:190} INFO - [2025-08-06T14:04:09.114-0400] {dagbag.py:588} INFO - Filling up the DagBag from /home/huynguyen2741/airflow_venv/lib/python3.12/site-packages/airflow/example_dags/example_branch_day_of_week_operator.py
[2025-08-06T14:04:09.121-0400] {processor.py:925} INFO - DAG(s) 'example_weekday_branch_operator' retrieved from /home/huynguyen2741/airflow_venv/lib/python3.12/site-packages/airflow/example_dags/example_branch_day_of_week_operator.py
[2025-08-06T14:04:09.132-0400] {logging_mixin.py:190} INFO - [2025-08-06T14:04:09.132-0400] {dag.py:3239} INFO - Sync 1 DAGs
[2025-08-06T14:04:09.145-0400] {logging_mixin.py:190} INFO - [2025-08-06T14:04:09.145-0400] {dag.py:4180} INFO - Setting next_dagrun for example_weekday_branch_operator to 2025-08-05 00:00:00+00:00, run_after=2025-08-06 00:00:00+00:00
[2025-08-06T14:04:09.160-0400] {processor.py:208} INFO - Processing /home/huynguyen2741/airflow_venv/lib/python3.12/site-packages/airflow/example_dags/example_branch_day_of_week_operator.py took 0.062 seconds
[2025-08-06T14:05:42.026-0400] {processor.py:186} INFO - Started process (PID=19704) to work on /home/huynguyen2741/airflow_venv/lib/python3.12/site-packages/airflow/example_dags/example_branch_day_of_week_operator.py
[2025-08-06T14:05:42.035-0400] {processor.py:914} INFO - Processing file /home/huynguyen2741/airflow_venv/lib/python3.12/site-packages/airflow/example_dags/example_branch_day_of_week_operator.py for tasks to queue
[2025-08-06T14:05:42.037-0400] {logging_mixin.py:190} INFO - [2025-08-06T14:05:42.037-0400] {dagbag.py:588} INFO - Filling up the DagBag from /home/huynguyen2741/airflow_venv/lib/python3.12/site-packages/airflow/example_dags/example_branch_day_of_week_operator.py
[2025-08-06T14:05:42.044-0400] {processor.py:925} INFO - DAG(s) 'example_weekday_branch_operator' retrieved from /home/huynguyen2741/airflow_venv/lib/python3.12/site-packages/airflow/example_dags/example_branch_day_of_week_operator.py
[2025-08-06T14:05:42.056-0400] {logging_mixin.py:190} INFO - [2025-08-06T14:05:42.056-0400] {dag.py:3239} INFO - Sync 1 DAGs
[2025-08-06T14:05:42.068-0400] {logging_mixin.py:190} INFO - [2025-08-06T14:05:42.068-0400] {dag.py:4180} INFO - Setting next_dagrun for example_weekday_branch_operator to 2025-08-05 00:00:00+00:00, run_after=2025-08-06 00:00:00+00:00
[2025-08-06T14:05:42.084-0400] {processor.py:208} INFO - Processing /home/huynguyen2741/airflow_venv/lib/python3.12/site-packages/airflow/example_dags/example_branch_day_of_week_operator.py took 0.063 seconds
[2025-08-06T14:06:47.969-0400] {processor.py:186} INFO - Started process (PID=19937) to work on /home/huynguyen2741/airflow_venv/lib/python3.12/site-packages/airflow/example_dags/example_branch_day_of_week_operator.py
[2025-08-06T14:06:47.971-0400] {processor.py:914} INFO - Processing file /home/huynguyen2741/airflow_venv/lib/python3.12/site-packages/airflow/example_dags/example_branch_day_of_week_operator.py for tasks to queue
[2025-08-06T14:06:47.972-0400] {logging_mixin.py:190} INFO - [2025-08-06T14:06:47.972-0400] {dagbag.py:588} INFO - Filling up the DagBag from /home/huynguyen2741/airflow_venv/lib/python3.12/site-packages/airflow/example_dags/example_branch_day_of_week_operator.py
[2025-08-06T14:06:47.980-0400] {processor.py:925} INFO - DAG(s) 'example_weekday_branch_operator' retrieved from /home/huynguyen2741/airflow_venv/lib/python3.12/site-packages/airflow/example_dags/example_branch_day_of_week_operator.py
[2025-08-06T14:06:47.991-0400] {logging_mixin.py:190} INFO - [2025-08-06T14:06:47.991-0400] {dag.py:3239} INFO - Sync 1 DAGs
[2025-08-06T14:06:48.088-0400] {logging_mixin.py:190} INFO - [2025-08-06T14:06:48.088-0400] {dag.py:4180} INFO - Setting next_dagrun for example_weekday_branch_operator to 2025-08-05 00:00:00+00:00, run_after=2025-08-06 00:00:00+00:00
[2025-08-06T14:06:48.102-0400] {processor.py:208} INFO - Processing /home/huynguyen2741/airflow_venv/lib/python3.12/site-packages/airflow/example_dags/example_branch_day_of_week_operator.py took 0.137 seconds
[2025-08-06T14:07:55.328-0400] {processor.py:186} INFO - Started process (PID=20201) to work on /home/huynguyen2741/airflow_venv/lib/python3.12/site-packages/airflow/example_dags/example_branch_day_of_week_operator.py
[2025-08-06T14:07:55.329-0400] {processor.py:914} INFO - Processing file /home/huynguyen2741/airflow_venv/lib/python3.12/site-packages/airflow/example_dags/example_branch_day_of_week_operator.py for tasks to queue
[2025-08-06T14:07:55.331-0400] {logging_mixin.py:190} INFO - [2025-08-06T14:07:55.331-0400] {dagbag.py:588} INFO - Filling up the DagBag from /home/huynguyen2741/airflow_venv/lib/python3.12/site-packages/airflow/example_dags/example_branch_day_of_week_operator.py
[2025-08-06T14:07:55.339-0400] {processor.py:925} INFO - DAG(s) 'example_weekday_branch_operator' retrieved from /home/huynguyen2741/airflow_venv/lib/python3.12/site-packages/airflow/example_dags/example_branch_day_of_week_operator.py
[2025-08-06T14:07:55.352-0400] {logging_mixin.py:190} INFO - [2025-08-06T14:07:55.351-0400] {dag.py:3239} INFO - Sync 1 DAGs
[2025-08-06T14:07:55.452-0400] {logging_mixin.py:190} INFO - [2025-08-06T14:07:55.452-0400] {dag.py:4180} INFO - Setting next_dagrun for example_weekday_branch_operator to 2025-08-05 00:00:00+00:00, run_after=2025-08-06 00:00:00+00:00
[2025-08-06T14:07:55.466-0400] {processor.py:208} INFO - Processing /home/huynguyen2741/airflow_venv/lib/python3.12/site-packages/airflow/example_dags/example_branch_day_of_week_operator.py took 0.142 seconds
[2025-08-06T14:08:59.143-0400] {processor.py:186} INFO - Started process (PID=20559) to work on /home/huynguyen2741/airflow_venv/lib/python3.12/site-packages/airflow/example_dags/example_branch_day_of_week_operator.py
[2025-08-06T14:08:59.145-0400] {processor.py:914} INFO - Processing file /home/huynguyen2741/airflow_venv/lib/python3.12/site-packages/airflow/example_dags/example_branch_day_of_week_operator.py for tasks to queue
[2025-08-06T14:08:59.146-0400] {logging_mixin.py:190} INFO - [2025-08-06T14:08:59.146-0400] {dagbag.py:588} INFO - Filling up the DagBag from /home/huynguyen2741/airflow_venv/lib/python3.12/site-packages/airflow/example_dags/example_branch_day_of_week_operator.py
[2025-08-06T14:08:59.154-0400] {processor.py:925} INFO - DAG(s) 'example_weekday_branch_operator' retrieved from /home/huynguyen2741/airflow_venv/lib/python3.12/site-packages/airflow/example_dags/example_branch_day_of_week_operator.py
[2025-08-06T14:08:59.167-0400] {logging_mixin.py:190} INFO - [2025-08-06T14:08:59.167-0400] {dag.py:3239} INFO - Sync 1 DAGs
[2025-08-06T14:08:59.182-0400] {logging_mixin.py:190} INFO - [2025-08-06T14:08:59.182-0400] {dag.py:4180} INFO - Setting next_dagrun for example_weekday_branch_operator to 2025-08-05 00:00:00+00:00, run_after=2025-08-06 00:00:00+00:00
[2025-08-06T14:09:02.882-0400] {processor.py:208} INFO - Processing /home/huynguyen2741/airflow_venv/lib/python3.12/site-packages/airflow/example_dags/example_branch_day_of_week_operator.py took 0.160 seconds
[2025-08-06T14:10:08.603-0400] {processor.py:186} INFO - Started process (PID=21033) to work on /home/huynguyen2741/airflow_venv/lib/python3.12/site-packages/airflow/example_dags/example_branch_day_of_week_operator.py
[2025-08-06T14:10:08.608-0400] {processor.py:914} INFO - Processing file /home/huynguyen2741/airflow_venv/lib/python3.12/site-packages/airflow/example_dags/example_branch_day_of_week_operator.py for tasks to queue
[2025-08-06T14:10:08.609-0400] {logging_mixin.py:190} INFO - [2025-08-06T14:10:08.609-0400] {dagbag.py:588} INFO - Filling up the DagBag from /home/huynguyen2741/airflow_venv/lib/python3.12/site-packages/airflow/example_dags/example_branch_day_of_week_operator.py
[2025-08-06T14:10:08.618-0400] {processor.py:925} INFO - DAG(s) 'example_weekday_branch_operator' retrieved from /home/huynguyen2741/airflow_venv/lib/python3.12/site-packages/airflow/example_dags/example_branch_day_of_week_operator.py
[2025-08-06T14:10:08.630-0400] {logging_mixin.py:190} INFO - [2025-08-06T14:10:08.630-0400] {dag.py:3239} INFO - Sync 1 DAGs
[2025-08-06T14:10:08.645-0400] {logging_mixin.py:190} INFO - [2025-08-06T14:10:08.645-0400] {dag.py:4180} INFO - Setting next_dagrun for example_weekday_branch_operator to 2025-08-05 00:00:00+00:00, run_after=2025-08-06 00:00:00+00:00
[2025-08-06T14:10:08.665-0400] {processor.py:208} INFO - Processing /home/huynguyen2741/airflow_venv/lib/python3.12/site-packages/airflow/example_dags/example_branch_day_of_week_operator.py took 0.066 seconds
[2025-08-06T14:11:40.827-0400] {processor.py:186} INFO - Started process (PID=21434) to work on /home/huynguyen2741/airflow_venv/lib/python3.12/site-packages/airflow/example_dags/example_branch_day_of_week_operator.py
[2025-08-06T14:11:40.827-0400] {processor.py:914} INFO - Processing file /home/huynguyen2741/airflow_venv/lib/python3.12/site-packages/airflow/example_dags/example_branch_day_of_week_operator.py for tasks to queue
[2025-08-06T14:11:40.829-0400] {logging_mixin.py:190} INFO - [2025-08-06T14:11:40.829-0400] {dagbag.py:588} INFO - Filling up the DagBag from /home/huynguyen2741/airflow_venv/lib/python3.12/site-packages/airflow/example_dags/example_branch_day_of_week_operator.py
[2025-08-06T14:11:40.837-0400] {processor.py:925} INFO - DAG(s) 'example_weekday_branch_operator' retrieved from /home/huynguyen2741/airflow_venv/lib/python3.12/site-packages/airflow/example_dags/example_branch_day_of_week_operator.py
[2025-08-06T14:11:40.848-0400] {logging_mixin.py:190} INFO - [2025-08-06T14:11:40.848-0400] {dag.py:3239} INFO - Sync 1 DAGs
[2025-08-06T14:11:40.861-0400] {logging_mixin.py:190} INFO - [2025-08-06T14:11:40.861-0400] {dag.py:4180} INFO - Setting next_dagrun for example_weekday_branch_operator to 2025-08-05 00:00:00+00:00, run_after=2025-08-06 00:00:00+00:00
[2025-08-06T14:11:40.878-0400] {processor.py:208} INFO - Processing /home/huynguyen2741/airflow_venv/lib/python3.12/site-packages/airflow/example_dags/example_branch_day_of_week_operator.py took 0.055 seconds
[2025-08-06T14:12:45.227-0400] {processor.py:186} INFO - Started process (PID=21824) to work on /home/huynguyen2741/airflow_venv/lib/python3.12/site-packages/airflow/example_dags/example_branch_day_of_week_operator.py
[2025-08-06T14:12:45.231-0400] {processor.py:914} INFO - Processing file /home/huynguyen2741/airflow_venv/lib/python3.12/site-packages/airflow/example_dags/example_branch_day_of_week_operator.py for tasks to queue
[2025-08-06T14:12:45.232-0400] {logging_mixin.py:190} INFO - [2025-08-06T14:12:45.232-0400] {dagbag.py:588} INFO - Filling up the DagBag from /home/huynguyen2741/airflow_venv/lib/python3.12/site-packages/airflow/example_dags/example_branch_day_of_week_operator.py
[2025-08-06T14:12:45.239-0400] {processor.py:925} INFO - DAG(s) 'example_weekday_branch_operator' retrieved from /home/huynguyen2741/airflow_venv/lib/python3.12/site-packages/airflow/example_dags/example_branch_day_of_week_operator.py
[2025-08-06T14:12:45.251-0400] {logging_mixin.py:190} INFO - [2025-08-06T14:12:45.251-0400] {dag.py:3239} INFO - Sync 1 DAGs
[2025-08-06T14:12:45.273-0400] {logging_mixin.py:190} INFO - [2025-08-06T14:12:45.273-0400] {dag.py:4180} INFO - Setting next_dagrun for example_weekday_branch_operator to 2025-08-05 00:00:00+00:00, run_after=2025-08-06 00:00:00+00:00
[2025-08-06T14:12:45.290-0400] {processor.py:208} INFO - Processing /home/huynguyen2741/airflow_venv/lib/python3.12/site-packages/airflow/example_dags/example_branch_day_of_week_operator.py took 0.067 seconds
[2025-08-06T14:13:50.033-0400] {processor.py:186} INFO - Started process (PID=22272) to work on /home/huynguyen2741/airflow_venv/lib/python3.12/site-packages/airflow/example_dags/example_branch_day_of_week_operator.py
[2025-08-06T14:13:50.037-0400] {processor.py:914} INFO - Processing file /home/huynguyen2741/airflow_venv/lib/python3.12/site-packages/airflow/example_dags/example_branch_day_of_week_operator.py for tasks to queue
[2025-08-06T14:13:50.038-0400] {logging_mixin.py:190} INFO - [2025-08-06T14:13:50.038-0400] {dagbag.py:588} INFO - Filling up the DagBag from /home/huynguyen2741/airflow_venv/lib/python3.12/site-packages/airflow/example_dags/example_branch_day_of_week_operator.py
[2025-08-06T14:13:50.047-0400] {processor.py:925} INFO - DAG(s) 'example_weekday_branch_operator' retrieved from /home/huynguyen2741/airflow_venv/lib/python3.12/site-packages/airflow/example_dags/example_branch_day_of_week_operator.py
[2025-08-06T14:13:50.063-0400] {logging_mixin.py:190} INFO - [2025-08-06T14:13:50.063-0400] {dag.py:3239} INFO - Sync 1 DAGs
[2025-08-06T14:13:50.086-0400] {logging_mixin.py:190} INFO - [2025-08-06T14:13:50.086-0400] {dag.py:4180} INFO - Setting next_dagrun for example_weekday_branch_operator to 2025-08-05 00:00:00+00:00, run_after=2025-08-06 00:00:00+00:00
[2025-08-06T14:13:50.111-0400] {processor.py:208} INFO - Processing /home/huynguyen2741/airflow_venv/lib/python3.12/site-packages/airflow/example_dags/example_branch_day_of_week_operator.py took 0.082 seconds
[2025-08-06T14:14:55.557-0400] {processor.py:186} INFO - Started process (PID=22657) to work on /home/huynguyen2741/airflow_venv/lib/python3.12/site-packages/airflow/example_dags/example_branch_day_of_week_operator.py
[2025-08-06T14:14:55.558-0400] {processor.py:914} INFO - Processing file /home/huynguyen2741/airflow_venv/lib/python3.12/site-packages/airflow/example_dags/example_branch_day_of_week_operator.py for tasks to queue
[2025-08-06T14:14:55.559-0400] {logging_mixin.py:190} INFO - [2025-08-06T14:14:55.559-0400] {dagbag.py:588} INFO - Filling up the DagBag from /home/huynguyen2741/airflow_venv/lib/python3.12/site-packages/airflow/example_dags/example_branch_day_of_week_operator.py
[2025-08-06T14:14:55.567-0400] {processor.py:925} INFO - DAG(s) 'example_weekday_branch_operator' retrieved from /home/huynguyen2741/airflow_venv/lib/python3.12/site-packages/airflow/example_dags/example_branch_day_of_week_operator.py
[2025-08-06T14:14:55.579-0400] {logging_mixin.py:190} INFO - [2025-08-06T14:14:55.579-0400] {dag.py:3239} INFO - Sync 1 DAGs
[2025-08-06T14:14:55.593-0400] {logging_mixin.py:190} INFO - [2025-08-06T14:14:55.593-0400] {dag.py:4180} INFO - Setting next_dagrun for example_weekday_branch_operator to 2025-08-05 00:00:00+00:00, run_after=2025-08-06 00:00:00+00:00
[2025-08-06T14:14:55.610-0400] {processor.py:208} INFO - Processing /home/huynguyen2741/airflow_venv/lib/python3.12/site-packages/airflow/example_dags/example_branch_day_of_week_operator.py took 0.057 seconds
[2025-08-06T14:15:57.027-0400] {processor.py:186} INFO - Started process (PID=23011) to work on /home/huynguyen2741/airflow_venv/lib/python3.12/site-packages/airflow/example_dags/example_branch_day_of_week_operator.py
[2025-08-06T14:15:57.028-0400] {processor.py:914} INFO - Processing file /home/huynguyen2741/airflow_venv/lib/python3.12/site-packages/airflow/example_dags/example_branch_day_of_week_operator.py for tasks to queue
[2025-08-06T14:15:57.029-0400] {logging_mixin.py:190} INFO - [2025-08-06T14:15:57.029-0400] {dagbag.py:588} INFO - Filling up the DagBag from /home/huynguyen2741/airflow_venv/lib/python3.12/site-packages/airflow/example_dags/example_branch_day_of_week_operator.py
[2025-08-06T14:15:57.037-0400] {processor.py:925} INFO - DAG(s) 'example_weekday_branch_operator' retrieved from /home/huynguyen2741/airflow_venv/lib/python3.12/site-packages/airflow/example_dags/example_branch_day_of_week_operator.py
[2025-08-06T14:15:57.054-0400] {logging_mixin.py:190} INFO - [2025-08-06T14:15:57.054-0400] {dag.py:3239} INFO - Sync 1 DAGs
[2025-08-06T14:15:57.071-0400] {logging_mixin.py:190} INFO - [2025-08-06T14:15:57.071-0400] {dag.py:4180} INFO - Setting next_dagrun for example_weekday_branch_operator to 2025-08-05 00:00:00+00:00, run_after=2025-08-06 00:00:00+00:00
[2025-08-06T14:15:57.088-0400] {processor.py:208} INFO - Processing /home/huynguyen2741/airflow_venv/lib/python3.12/site-packages/airflow/example_dags/example_branch_day_of_week_operator.py took 0.065 seconds
[2025-08-06T14:17:01.194-0400] {processor.py:186} INFO - Started process (PID=23246) to work on /home/huynguyen2741/airflow_venv/lib/python3.12/site-packages/airflow/example_dags/example_branch_day_of_week_operator.py
[2025-08-06T14:17:01.195-0400] {processor.py:914} INFO - Processing file /home/huynguyen2741/airflow_venv/lib/python3.12/site-packages/airflow/example_dags/example_branch_day_of_week_operator.py for tasks to queue
[2025-08-06T14:17:01.196-0400] {logging_mixin.py:190} INFO - [2025-08-06T14:17:01.196-0400] {dagbag.py:588} INFO - Filling up the DagBag from /home/huynguyen2741/airflow_venv/lib/python3.12/site-packages/airflow/example_dags/example_branch_day_of_week_operator.py
[2025-08-06T14:17:01.204-0400] {processor.py:925} INFO - DAG(s) 'example_weekday_branch_operator' retrieved from /home/huynguyen2741/airflow_venv/lib/python3.12/site-packages/airflow/example_dags/example_branch_day_of_week_operator.py
[2025-08-06T14:17:01.215-0400] {logging_mixin.py:190} INFO - [2025-08-06T14:17:01.215-0400] {dag.py:3239} INFO - Sync 1 DAGs
[2025-08-06T14:17:01.228-0400] {logging_mixin.py:190} INFO - [2025-08-06T14:17:01.228-0400] {dag.py:4180} INFO - Setting next_dagrun for example_weekday_branch_operator to 2025-08-05 00:00:00+00:00, run_after=2025-08-06 00:00:00+00:00
[2025-08-06T14:17:01.243-0400] {processor.py:208} INFO - Processing /home/huynguyen2741/airflow_venv/lib/python3.12/site-packages/airflow/example_dags/example_branch_day_of_week_operator.py took 0.053 seconds
[2025-08-06T14:18:09.581-0400] {processor.py:186} INFO - Started process (PID=23492) to work on /home/huynguyen2741/airflow_venv/lib/python3.12/site-packages/airflow/example_dags/example_branch_day_of_week_operator.py
[2025-08-06T14:18:09.582-0400] {processor.py:914} INFO - Processing file /home/huynguyen2741/airflow_venv/lib/python3.12/site-packages/airflow/example_dags/example_branch_day_of_week_operator.py for tasks to queue
[2025-08-06T14:18:09.583-0400] {logging_mixin.py:190} INFO - [2025-08-06T14:18:09.583-0400] {dagbag.py:588} INFO - Filling up the DagBag from /home/huynguyen2741/airflow_venv/lib/python3.12/site-packages/airflow/example_dags/example_branch_day_of_week_operator.py
[2025-08-06T14:18:09.595-0400] {processor.py:925} INFO - DAG(s) 'example_weekday_branch_operator' retrieved from /home/huynguyen2741/airflow_venv/lib/python3.12/site-packages/airflow/example_dags/example_branch_day_of_week_operator.py
[2025-08-06T14:18:09.614-0400] {logging_mixin.py:190} INFO - [2025-08-06T14:18:09.614-0400] {dag.py:3239} INFO - Sync 1 DAGs
[2025-08-06T14:18:09.631-0400] {logging_mixin.py:190} INFO - [2025-08-06T14:18:09.631-0400] {dag.py:4180} INFO - Setting next_dagrun for example_weekday_branch_operator to 2025-08-05 00:00:00+00:00, run_after=2025-08-06 00:00:00+00:00
[2025-08-06T14:18:09.649-0400] {processor.py:208} INFO - Processing /home/huynguyen2741/airflow_venv/lib/python3.12/site-packages/airflow/example_dags/example_branch_day_of_week_operator.py took 0.074 seconds
[2025-08-06T14:19:15.961-0400] {processor.py:186} INFO - Started process (PID=23762) to work on /home/huynguyen2741/airflow_venv/lib/python3.12/site-packages/airflow/example_dags/example_branch_day_of_week_operator.py
[2025-08-06T14:19:15.966-0400] {processor.py:914} INFO - Processing file /home/huynguyen2741/airflow_venv/lib/python3.12/site-packages/airflow/example_dags/example_branch_day_of_week_operator.py for tasks to queue
[2025-08-06T14:19:15.967-0400] {logging_mixin.py:190} INFO - [2025-08-06T14:19:15.966-0400] {dagbag.py:588} INFO - Filling up the DagBag from /home/huynguyen2741/airflow_venv/lib/python3.12/site-packages/airflow/example_dags/example_branch_day_of_week_operator.py
[2025-08-06T14:19:15.974-0400] {processor.py:925} INFO - DAG(s) 'example_weekday_branch_operator' retrieved from /home/huynguyen2741/airflow_venv/lib/python3.12/site-packages/airflow/example_dags/example_branch_day_of_week_operator.py
[2025-08-06T14:19:15.985-0400] {logging_mixin.py:190} INFO - [2025-08-06T14:19:15.985-0400] {dag.py:3239} INFO - Sync 1 DAGs
[2025-08-06T14:19:15.998-0400] {logging_mixin.py:190} INFO - [2025-08-06T14:19:15.998-0400] {dag.py:4180} INFO - Setting next_dagrun for example_weekday_branch_operator to 2025-08-05 00:00:00+00:00, run_after=2025-08-06 00:00:00+00:00
[2025-08-06T14:19:16.014-0400] {processor.py:208} INFO - Processing /home/huynguyen2741/airflow_venv/lib/python3.12/site-packages/airflow/example_dags/example_branch_day_of_week_operator.py took 0.057 seconds
[2025-08-06T14:20:16.841-0400] {processor.py:186} INFO - Started process (PID=23990) to work on /home/huynguyen2741/airflow_venv/lib/python3.12/site-packages/airflow/example_dags/example_branch_day_of_week_operator.py
[2025-08-06T14:20:16.842-0400] {processor.py:914} INFO - Processing file /home/huynguyen2741/airflow_venv/lib/python3.12/site-packages/airflow/example_dags/example_branch_day_of_week_operator.py for tasks to queue
[2025-08-06T14:20:16.843-0400] {logging_mixin.py:190} INFO - [2025-08-06T14:20:16.842-0400] {dagbag.py:588} INFO - Filling up the DagBag from /home/huynguyen2741/airflow_venv/lib/python3.12/site-packages/airflow/example_dags/example_branch_day_of_week_operator.py
[2025-08-06T14:20:16.851-0400] {processor.py:925} INFO - DAG(s) 'example_weekday_branch_operator' retrieved from /home/huynguyen2741/airflow_venv/lib/python3.12/site-packages/airflow/example_dags/example_branch_day_of_week_operator.py
[2025-08-06T14:20:16.863-0400] {logging_mixin.py:190} INFO - [2025-08-06T14:20:16.863-0400] {dag.py:3239} INFO - Sync 1 DAGs
[2025-08-06T14:20:16.877-0400] {logging_mixin.py:190} INFO - [2025-08-06T14:20:16.876-0400] {dag.py:4180} INFO - Setting next_dagrun for example_weekday_branch_operator to 2025-08-05 00:00:00+00:00, run_after=2025-08-06 00:00:00+00:00
[2025-08-06T14:20:16.893-0400] {processor.py:208} INFO - Processing /home/huynguyen2741/airflow_venv/lib/python3.12/site-packages/airflow/example_dags/example_branch_day_of_week_operator.py took 0.057 seconds
[2025-08-06T14:21:22.707-0400] {processor.py:186} INFO - Started process (PID=24223) to work on /home/huynguyen2741/airflow_venv/lib/python3.12/site-packages/airflow/example_dags/example_branch_day_of_week_operator.py
[2025-08-06T14:21:22.717-0400] {processor.py:914} INFO - Processing file /home/huynguyen2741/airflow_venv/lib/python3.12/site-packages/airflow/example_dags/example_branch_day_of_week_operator.py for tasks to queue
[2025-08-06T14:21:22.718-0400] {logging_mixin.py:190} INFO - [2025-08-06T14:21:22.717-0400] {dagbag.py:588} INFO - Filling up the DagBag from /home/huynguyen2741/airflow_venv/lib/python3.12/site-packages/airflow/example_dags/example_branch_day_of_week_operator.py
[2025-08-06T14:21:22.727-0400] {processor.py:925} INFO - DAG(s) 'example_weekday_branch_operator' retrieved from /home/huynguyen2741/airflow_venv/lib/python3.12/site-packages/airflow/example_dags/example_branch_day_of_week_operator.py
[2025-08-06T14:21:22.742-0400] {logging_mixin.py:190} INFO - [2025-08-06T14:21:22.742-0400] {dag.py:3239} INFO - Sync 1 DAGs
[2025-08-06T14:21:22.758-0400] {logging_mixin.py:190} INFO - [2025-08-06T14:21:22.758-0400] {dag.py:4180} INFO - Setting next_dagrun for example_weekday_branch_operator to 2025-08-05 00:00:00+00:00, run_after=2025-08-06 00:00:00+00:00
[2025-08-06T14:21:22.775-0400] {processor.py:208} INFO - Processing /home/huynguyen2741/airflow_venv/lib/python3.12/site-packages/airflow/example_dags/example_branch_day_of_week_operator.py took 0.072 seconds
[2025-08-06T14:22:29.935-0400] {processor.py:186} INFO - Started process (PID=24570) to work on /home/huynguyen2741/airflow_venv/lib/python3.12/site-packages/airflow/example_dags/example_branch_day_of_week_operator.py
[2025-08-06T14:22:29.939-0400] {processor.py:914} INFO - Processing file /home/huynguyen2741/airflow_venv/lib/python3.12/site-packages/airflow/example_dags/example_branch_day_of_week_operator.py for tasks to queue
[2025-08-06T14:22:29.941-0400] {logging_mixin.py:190} INFO - [2025-08-06T14:22:29.941-0400] {dagbag.py:588} INFO - Filling up the DagBag from /home/huynguyen2741/airflow_venv/lib/python3.12/site-packages/airflow/example_dags/example_branch_day_of_week_operator.py
[2025-08-06T14:22:29.948-0400] {processor.py:925} INFO - DAG(s) 'example_weekday_branch_operator' retrieved from /home/huynguyen2741/airflow_venv/lib/python3.12/site-packages/airflow/example_dags/example_branch_day_of_week_operator.py
[2025-08-06T14:22:29.963-0400] {logging_mixin.py:190} INFO - [2025-08-06T14:22:29.963-0400] {dag.py:3239} INFO - Sync 1 DAGs
[2025-08-06T14:22:29.978-0400] {logging_mixin.py:190} INFO - [2025-08-06T14:22:29.978-0400] {dag.py:4180} INFO - Setting next_dagrun for example_weekday_branch_operator to 2025-08-05 00:00:00+00:00, run_after=2025-08-06 00:00:00+00:00
[2025-08-06T14:22:29.995-0400] {processor.py:208} INFO - Processing /home/huynguyen2741/airflow_venv/lib/python3.12/site-packages/airflow/example_dags/example_branch_day_of_week_operator.py took 0.063 seconds
[2025-08-06T14:23:34.529-0400] {processor.py:186} INFO - Started process (PID=25055) to work on /home/huynguyen2741/airflow_venv/lib/python3.12/site-packages/airflow/example_dags/example_branch_day_of_week_operator.py
[2025-08-06T14:23:34.531-0400] {processor.py:914} INFO - Processing file /home/huynguyen2741/airflow_venv/lib/python3.12/site-packages/airflow/example_dags/example_branch_day_of_week_operator.py for tasks to queue
[2025-08-06T14:23:34.532-0400] {logging_mixin.py:190} INFO - [2025-08-06T14:23:34.532-0400] {dagbag.py:588} INFO - Filling up the DagBag from /home/huynguyen2741/airflow_venv/lib/python3.12/site-packages/airflow/example_dags/example_branch_day_of_week_operator.py
[2025-08-06T14:23:34.541-0400] {processor.py:925} INFO - DAG(s) 'example_weekday_branch_operator' retrieved from /home/huynguyen2741/airflow_venv/lib/python3.12/site-packages/airflow/example_dags/example_branch_day_of_week_operator.py
[2025-08-06T14:23:34.554-0400] {logging_mixin.py:190} INFO - [2025-08-06T14:23:34.554-0400] {dag.py:3239} INFO - Sync 1 DAGs
[2025-08-06T14:23:34.570-0400] {logging_mixin.py:190} INFO - [2025-08-06T14:23:34.570-0400] {dag.py:4180} INFO - Setting next_dagrun for example_weekday_branch_operator to 2025-08-05 00:00:00+00:00, run_after=2025-08-06 00:00:00+00:00
[2025-08-06T14:23:34.587-0400] {processor.py:208} INFO - Processing /home/huynguyen2741/airflow_venv/lib/python3.12/site-packages/airflow/example_dags/example_branch_day_of_week_operator.py took 0.065 seconds
[2025-08-06T14:24:39.753-0400] {processor.py:186} INFO - Started process (PID=25321) to work on /home/huynguyen2741/airflow_venv/lib/python3.12/site-packages/airflow/example_dags/example_branch_day_of_week_operator.py
[2025-08-06T14:24:39.757-0400] {processor.py:914} INFO - Processing file /home/huynguyen2741/airflow_venv/lib/python3.12/site-packages/airflow/example_dags/example_branch_day_of_week_operator.py for tasks to queue
[2025-08-06T14:24:39.758-0400] {logging_mixin.py:190} INFO - [2025-08-06T14:24:39.758-0400] {dagbag.py:588} INFO - Filling up the DagBag from /home/huynguyen2741/airflow_venv/lib/python3.12/site-packages/airflow/example_dags/example_branch_day_of_week_operator.py
[2025-08-06T14:24:39.765-0400] {processor.py:925} INFO - DAG(s) 'example_weekday_branch_operator' retrieved from /home/huynguyen2741/airflow_venv/lib/python3.12/site-packages/airflow/example_dags/example_branch_day_of_week_operator.py
[2025-08-06T14:24:39.777-0400] {logging_mixin.py:190} INFO - [2025-08-06T14:24:39.777-0400] {dag.py:3239} INFO - Sync 1 DAGs
[2025-08-06T14:24:39.790-0400] {logging_mixin.py:190} INFO - [2025-08-06T14:24:39.790-0400] {dag.py:4180} INFO - Setting next_dagrun for example_weekday_branch_operator to 2025-08-05 00:00:00+00:00, run_after=2025-08-06 00:00:00+00:00
[2025-08-06T14:24:39.807-0400] {processor.py:208} INFO - Processing /home/huynguyen2741/airflow_venv/lib/python3.12/site-packages/airflow/example_dags/example_branch_day_of_week_operator.py took 0.059 seconds
[2025-08-06T14:25:41.206-0400] {processor.py:186} INFO - Started process (PID=25660) to work on /home/huynguyen2741/airflow_venv/lib/python3.12/site-packages/airflow/example_dags/example_branch_day_of_week_operator.py
[2025-08-06T14:25:41.210-0400] {processor.py:914} INFO - Processing file /home/huynguyen2741/airflow_venv/lib/python3.12/site-packages/airflow/example_dags/example_branch_day_of_week_operator.py for tasks to queue
[2025-08-06T14:25:41.212-0400] {logging_mixin.py:190} INFO - [2025-08-06T14:25:41.211-0400] {dagbag.py:588} INFO - Filling up the DagBag from /home/huynguyen2741/airflow_venv/lib/python3.12/site-packages/airflow/example_dags/example_branch_day_of_week_operator.py
[2025-08-06T14:25:41.219-0400] {processor.py:925} INFO - DAG(s) 'example_weekday_branch_operator' retrieved from /home/huynguyen2741/airflow_venv/lib/python3.12/site-packages/airflow/example_dags/example_branch_day_of_week_operator.py
[2025-08-06T14:25:41.230-0400] {logging_mixin.py:190} INFO - [2025-08-06T14:25:41.230-0400] {dag.py:3239} INFO - Sync 1 DAGs
[2025-08-06T14:25:41.243-0400] {logging_mixin.py:190} INFO - [2025-08-06T14:25:41.242-0400] {dag.py:4180} INFO - Setting next_dagrun for example_weekday_branch_operator to 2025-08-05 00:00:00+00:00, run_after=2025-08-06 00:00:00+00:00
[2025-08-06T14:25:41.257-0400] {processor.py:208} INFO - Processing /home/huynguyen2741/airflow_venv/lib/python3.12/site-packages/airflow/example_dags/example_branch_day_of_week_operator.py took 0.058 seconds
[2025-08-06T14:26:44.533-0400] {processor.py:186} INFO - Started process (PID=25908) to work on /home/huynguyen2741/airflow_venv/lib/python3.12/site-packages/airflow/example_dags/example_branch_day_of_week_operator.py
[2025-08-06T14:26:44.534-0400] {processor.py:914} INFO - Processing file /home/huynguyen2741/airflow_venv/lib/python3.12/site-packages/airflow/example_dags/example_branch_day_of_week_operator.py for tasks to queue
[2025-08-06T14:26:44.535-0400] {logging_mixin.py:190} INFO - [2025-08-06T14:26:44.535-0400] {dagbag.py:588} INFO - Filling up the DagBag from /home/huynguyen2741/airflow_venv/lib/python3.12/site-packages/airflow/example_dags/example_branch_day_of_week_operator.py
[2025-08-06T14:26:44.543-0400] {processor.py:925} INFO - DAG(s) 'example_weekday_branch_operator' retrieved from /home/huynguyen2741/airflow_venv/lib/python3.12/site-packages/airflow/example_dags/example_branch_day_of_week_operator.py
[2025-08-06T14:26:44.556-0400] {logging_mixin.py:190} INFO - [2025-08-06T14:26:44.555-0400] {dag.py:3239} INFO - Sync 1 DAGs
[2025-08-06T14:26:44.570-0400] {logging_mixin.py:190} INFO - [2025-08-06T14:26:44.570-0400] {dag.py:4180} INFO - Setting next_dagrun for example_weekday_branch_operator to 2025-08-05 00:00:00+00:00, run_after=2025-08-06 00:00:00+00:00
[2025-08-06T14:26:44.586-0400] {processor.py:208} INFO - Processing /home/huynguyen2741/airflow_venv/lib/python3.12/site-packages/airflow/example_dags/example_branch_day_of_week_operator.py took 0.058 seconds
[2025-08-06T14:27:51.986-0400] {processor.py:186} INFO - Started process (PID=26189) to work on /home/huynguyen2741/airflow_venv/lib/python3.12/site-packages/airflow/example_dags/example_branch_day_of_week_operator.py
[2025-08-06T14:27:51.996-0400] {processor.py:914} INFO - Processing file /home/huynguyen2741/airflow_venv/lib/python3.12/site-packages/airflow/example_dags/example_branch_day_of_week_operator.py for tasks to queue
[2025-08-06T14:27:51.997-0400] {logging_mixin.py:190} INFO - [2025-08-06T14:27:51.997-0400] {dagbag.py:588} INFO - Filling up the DagBag from /home/huynguyen2741/airflow_venv/lib/python3.12/site-packages/airflow/example_dags/example_branch_day_of_week_operator.py
[2025-08-06T14:27:52.005-0400] {processor.py:925} INFO - DAG(s) 'example_weekday_branch_operator' retrieved from /home/huynguyen2741/airflow_venv/lib/python3.12/site-packages/airflow/example_dags/example_branch_day_of_week_operator.py
[2025-08-06T14:27:52.016-0400] {logging_mixin.py:190} INFO - [2025-08-06T14:27:52.016-0400] {dag.py:3239} INFO - Sync 1 DAGs
[2025-08-06T14:27:52.032-0400] {logging_mixin.py:190} INFO - [2025-08-06T14:27:52.031-0400] {dag.py:4180} INFO - Setting next_dagrun for example_weekday_branch_operator to 2025-08-05 00:00:00+00:00, run_after=2025-08-06 00:00:00+00:00
[2025-08-06T14:27:52.048-0400] {processor.py:208} INFO - Processing /home/huynguyen2741/airflow_venv/lib/python3.12/site-packages/airflow/example_dags/example_branch_day_of_week_operator.py took 0.067 seconds
[2025-08-06T14:28:59.685-0400] {processor.py:186} INFO - Started process (PID=26481) to work on /home/huynguyen2741/airflow_venv/lib/python3.12/site-packages/airflow/example_dags/example_branch_day_of_week_operator.py
[2025-08-06T14:28:59.689-0400] {processor.py:914} INFO - Processing file /home/huynguyen2741/airflow_venv/lib/python3.12/site-packages/airflow/example_dags/example_branch_day_of_week_operator.py for tasks to queue
[2025-08-06T14:28:59.691-0400] {logging_mixin.py:190} INFO - [2025-08-06T14:28:59.690-0400] {dagbag.py:588} INFO - Filling up the DagBag from /home/huynguyen2741/airflow_venv/lib/python3.12/site-packages/airflow/example_dags/example_branch_day_of_week_operator.py
[2025-08-06T14:28:59.698-0400] {processor.py:925} INFO - DAG(s) 'example_weekday_branch_operator' retrieved from /home/huynguyen2741/airflow_venv/lib/python3.12/site-packages/airflow/example_dags/example_branch_day_of_week_operator.py
[2025-08-06T14:28:59.710-0400] {logging_mixin.py:190} INFO - [2025-08-06T14:28:59.710-0400] {dag.py:3239} INFO - Sync 1 DAGs
[2025-08-06T14:28:59.723-0400] {logging_mixin.py:190} INFO - [2025-08-06T14:28:59.723-0400] {dag.py:4180} INFO - Setting next_dagrun for example_weekday_branch_operator to 2025-08-05 00:00:00+00:00, run_after=2025-08-06 00:00:00+00:00
[2025-08-06T14:28:59.738-0400] {processor.py:208} INFO - Processing /home/huynguyen2741/airflow_venv/lib/python3.12/site-packages/airflow/example_dags/example_branch_day_of_week_operator.py took 0.058 seconds
[2025-08-06T14:30:04.753-0400] {processor.py:186} INFO - Started process (PID=26744) to work on /home/huynguyen2741/airflow_venv/lib/python3.12/site-packages/airflow/example_dags/example_branch_day_of_week_operator.py
[2025-08-06T14:30:04.754-0400] {processor.py:914} INFO - Processing file /home/huynguyen2741/airflow_venv/lib/python3.12/site-packages/airflow/example_dags/example_branch_day_of_week_operator.py for tasks to queue
[2025-08-06T14:30:04.755-0400] {logging_mixin.py:190} INFO - [2025-08-06T14:30:04.755-0400] {dagbag.py:588} INFO - Filling up the DagBag from /home/huynguyen2741/airflow_venv/lib/python3.12/site-packages/airflow/example_dags/example_branch_day_of_week_operator.py
[2025-08-06T14:30:04.762-0400] {processor.py:925} INFO - DAG(s) 'example_weekday_branch_operator' retrieved from /home/huynguyen2741/airflow_venv/lib/python3.12/site-packages/airflow/example_dags/example_branch_day_of_week_operator.py
[2025-08-06T14:30:04.775-0400] {logging_mixin.py:190} INFO - [2025-08-06T14:30:04.775-0400] {dag.py:3239} INFO - Sync 1 DAGs
[2025-08-06T14:30:04.791-0400] {logging_mixin.py:190} INFO - [2025-08-06T14:30:04.791-0400] {dag.py:4180} INFO - Setting next_dagrun for example_weekday_branch_operator to 2025-08-05 00:00:00+00:00, run_after=2025-08-06 00:00:00+00:00
[2025-08-06T14:30:04.808-0400] {processor.py:208} INFO - Processing /home/huynguyen2741/airflow_venv/lib/python3.12/site-packages/airflow/example_dags/example_branch_day_of_week_operator.py took 0.060 seconds
[2025-08-06T14:31:23.718-0400] {processor.py:186} INFO - Started process (PID=27183) to work on /home/huynguyen2741/airflow_venv/lib/python3.12/site-packages/airflow/example_dags/example_branch_day_of_week_operator.py
[2025-08-06T14:31:23.722-0400] {processor.py:914} INFO - Processing file /home/huynguyen2741/airflow_venv/lib/python3.12/site-packages/airflow/example_dags/example_branch_day_of_week_operator.py for tasks to queue
[2025-08-06T14:31:23.723-0400] {logging_mixin.py:190} INFO - [2025-08-06T14:31:23.723-0400] {dagbag.py:588} INFO - Filling up the DagBag from /home/huynguyen2741/airflow_venv/lib/python3.12/site-packages/airflow/example_dags/example_branch_day_of_week_operator.py
[2025-08-06T14:31:23.732-0400] {processor.py:925} INFO - DAG(s) 'example_weekday_branch_operator' retrieved from /home/huynguyen2741/airflow_venv/lib/python3.12/site-packages/airflow/example_dags/example_branch_day_of_week_operator.py
[2025-08-06T14:31:23.747-0400] {logging_mixin.py:190} INFO - [2025-08-06T14:31:23.747-0400] {dag.py:3239} INFO - Sync 1 DAGs
[2025-08-06T14:31:23.766-0400] {logging_mixin.py:190} INFO - [2025-08-06T14:31:23.766-0400] {dag.py:4180} INFO - Setting next_dagrun for example_weekday_branch_operator to 2025-08-05 00:00:00+00:00, run_after=2025-08-06 00:00:00+00:00
[2025-08-06T14:31:23.784-0400] {processor.py:208} INFO - Processing /home/huynguyen2741/airflow_venv/lib/python3.12/site-packages/airflow/example_dags/example_branch_day_of_week_operator.py took 0.071 seconds
[2025-08-06T14:32:33.731-0400] {processor.py:186} INFO - Started process (PID=27441) to work on /home/huynguyen2741/airflow_venv/lib/python3.12/site-packages/airflow/example_dags/example_branch_day_of_week_operator.py
[2025-08-06T14:32:33.736-0400] {processor.py:914} INFO - Processing file /home/huynguyen2741/airflow_venv/lib/python3.12/site-packages/airflow/example_dags/example_branch_day_of_week_operator.py for tasks to queue
[2025-08-06T14:32:33.737-0400] {logging_mixin.py:190} INFO - [2025-08-06T14:32:33.737-0400] {dagbag.py:588} INFO - Filling up the DagBag from /home/huynguyen2741/airflow_venv/lib/python3.12/site-packages/airflow/example_dags/example_branch_day_of_week_operator.py
[2025-08-06T14:32:33.744-0400] {processor.py:925} INFO - DAG(s) 'example_weekday_branch_operator' retrieved from /home/huynguyen2741/airflow_venv/lib/python3.12/site-packages/airflow/example_dags/example_branch_day_of_week_operator.py
[2025-08-06T14:32:33.760-0400] {logging_mixin.py:190} INFO - [2025-08-06T14:32:33.760-0400] {dag.py:3239} INFO - Sync 1 DAGs
[2025-08-06T14:32:33.776-0400] {logging_mixin.py:190} INFO - [2025-08-06T14:32:33.776-0400] {dag.py:4180} INFO - Setting next_dagrun for example_weekday_branch_operator to 2025-08-05 00:00:00+00:00, run_after=2025-08-06 00:00:00+00:00
[2025-08-06T14:32:33.794-0400] {processor.py:208} INFO - Processing /home/huynguyen2741/airflow_venv/lib/python3.12/site-packages/airflow/example_dags/example_branch_day_of_week_operator.py took 0.068 seconds
[2025-08-06T14:33:43.074-0400] {processor.py:186} INFO - Started process (PID=27765) to work on /home/huynguyen2741/airflow_venv/lib/python3.12/site-packages/airflow/example_dags/example_branch_day_of_week_operator.py
[2025-08-06T14:33:43.084-0400] {processor.py:914} INFO - Processing file /home/huynguyen2741/airflow_venv/lib/python3.12/site-packages/airflow/example_dags/example_branch_day_of_week_operator.py for tasks to queue
[2025-08-06T14:33:43.086-0400] {logging_mixin.py:190} INFO - [2025-08-06T14:33:43.085-0400] {dagbag.py:588} INFO - Filling up the DagBag from /home/huynguyen2741/airflow_venv/lib/python3.12/site-packages/airflow/example_dags/example_branch_day_of_week_operator.py
[2025-08-06T14:33:43.093-0400] {processor.py:925} INFO - DAG(s) 'example_weekday_branch_operator' retrieved from /home/huynguyen2741/airflow_venv/lib/python3.12/site-packages/airflow/example_dags/example_branch_day_of_week_operator.py
[2025-08-06T14:33:43.107-0400] {logging_mixin.py:190} INFO - [2025-08-06T14:33:43.107-0400] {dag.py:3239} INFO - Sync 1 DAGs
[2025-08-06T14:33:43.123-0400] {logging_mixin.py:190} INFO - [2025-08-06T14:33:43.123-0400] {dag.py:4180} INFO - Setting next_dagrun for example_weekday_branch_operator to 2025-08-05 00:00:00+00:00, run_after=2025-08-06 00:00:00+00:00
[2025-08-06T14:33:43.141-0400] {processor.py:208} INFO - Processing /home/huynguyen2741/airflow_venv/lib/python3.12/site-packages/airflow/example_dags/example_branch_day_of_week_operator.py took 0.072 seconds
[2025-08-06T14:35:36.598-0400] {processor.py:186} INFO - Started process (PID=28388) to work on /home/huynguyen2741/airflow_venv/lib/python3.12/site-packages/airflow/example_dags/example_branch_day_of_week_operator.py
[2025-08-06T14:35:36.602-0400] {processor.py:914} INFO - Processing file /home/huynguyen2741/airflow_venv/lib/python3.12/site-packages/airflow/example_dags/example_branch_day_of_week_operator.py for tasks to queue
[2025-08-06T14:35:36.604-0400] {logging_mixin.py:190} INFO - [2025-08-06T14:35:36.603-0400] {dagbag.py:588} INFO - Filling up the DagBag from /home/huynguyen2741/airflow_venv/lib/python3.12/site-packages/airflow/example_dags/example_branch_day_of_week_operator.py
[2025-08-06T14:35:36.611-0400] {processor.py:925} INFO - DAG(s) 'example_weekday_branch_operator' retrieved from /home/huynguyen2741/airflow_venv/lib/python3.12/site-packages/airflow/example_dags/example_branch_day_of_week_operator.py
[2025-08-06T14:35:36.622-0400] {logging_mixin.py:190} INFO - [2025-08-06T14:35:36.622-0400] {dag.py:3239} INFO - Sync 1 DAGs
[2025-08-06T14:35:36.634-0400] {logging_mixin.py:190} INFO - [2025-08-06T14:35:36.634-0400] {dag.py:4180} INFO - Setting next_dagrun for example_weekday_branch_operator to 2025-08-05 00:00:00+00:00, run_after=2025-08-06 00:00:00+00:00
[2025-08-06T14:35:36.653-0400] {processor.py:208} INFO - Processing /home/huynguyen2741/airflow_venv/lib/python3.12/site-packages/airflow/example_dags/example_branch_day_of_week_operator.py took 0.060 seconds
[2025-08-06T14:36:42.441-0400] {processor.py:186} INFO - Started process (PID=28649) to work on /home/huynguyen2741/airflow_venv/lib/python3.12/site-packages/airflow/example_dags/example_branch_day_of_week_operator.py
[2025-08-06T14:36:42.442-0400] {processor.py:914} INFO - Processing file /home/huynguyen2741/airflow_venv/lib/python3.12/site-packages/airflow/example_dags/example_branch_day_of_week_operator.py for tasks to queue
[2025-08-06T14:36:42.443-0400] {logging_mixin.py:190} INFO - [2025-08-06T14:36:42.442-0400] {dagbag.py:588} INFO - Filling up the DagBag from /home/huynguyen2741/airflow_venv/lib/python3.12/site-packages/airflow/example_dags/example_branch_day_of_week_operator.py
[2025-08-06T14:36:42.451-0400] {processor.py:925} INFO - DAG(s) 'example_weekday_branch_operator' retrieved from /home/huynguyen2741/airflow_venv/lib/python3.12/site-packages/airflow/example_dags/example_branch_day_of_week_operator.py
[2025-08-06T14:36:42.466-0400] {logging_mixin.py:190} INFO - [2025-08-06T14:36:42.466-0400] {dag.py:3239} INFO - Sync 1 DAGs
[2025-08-06T14:36:42.482-0400] {logging_mixin.py:190} INFO - [2025-08-06T14:36:42.482-0400] {dag.py:4180} INFO - Setting next_dagrun for example_weekday_branch_operator to 2025-08-05 00:00:00+00:00, run_after=2025-08-06 00:00:00+00:00
[2025-08-06T14:36:42.499-0400] {processor.py:208} INFO - Processing /home/huynguyen2741/airflow_venv/lib/python3.12/site-packages/airflow/example_dags/example_branch_day_of_week_operator.py took 0.063 seconds
[2025-08-06T14:37:47.913-0400] {processor.py:186} INFO - Started process (PID=28900) to work on /home/huynguyen2741/airflow_venv/lib/python3.12/site-packages/airflow/example_dags/example_branch_day_of_week_operator.py
[2025-08-06T14:37:47.914-0400] {processor.py:914} INFO - Processing file /home/huynguyen2741/airflow_venv/lib/python3.12/site-packages/airflow/example_dags/example_branch_day_of_week_operator.py for tasks to queue
[2025-08-06T14:37:47.915-0400] {logging_mixin.py:190} INFO - [2025-08-06T14:37:47.915-0400] {dagbag.py:588} INFO - Filling up the DagBag from /home/huynguyen2741/airflow_venv/lib/python3.12/site-packages/airflow/example_dags/example_branch_day_of_week_operator.py
[2025-08-06T14:37:47.923-0400] {processor.py:925} INFO - DAG(s) 'example_weekday_branch_operator' retrieved from /home/huynguyen2741/airflow_venv/lib/python3.12/site-packages/airflow/example_dags/example_branch_day_of_week_operator.py
[2025-08-06T14:37:47.936-0400] {logging_mixin.py:190} INFO - [2025-08-06T14:37:47.936-0400] {dag.py:3239} INFO - Sync 1 DAGs
[2025-08-06T14:37:47.952-0400] {logging_mixin.py:190} INFO - [2025-08-06T14:37:47.952-0400] {dag.py:4180} INFO - Setting next_dagrun for example_weekday_branch_operator to 2025-08-05 00:00:00+00:00, run_after=2025-08-06 00:00:00+00:00
[2025-08-06T14:37:47.969-0400] {processor.py:208} INFO - Processing /home/huynguyen2741/airflow_venv/lib/python3.12/site-packages/airflow/example_dags/example_branch_day_of_week_operator.py took 0.062 seconds
[2025-08-06T14:38:55.822-0400] {processor.py:186} INFO - Started process (PID=29193) to work on /home/huynguyen2741/airflow_venv/lib/python3.12/site-packages/airflow/example_dags/example_branch_day_of_week_operator.py
[2025-08-06T14:38:55.824-0400] {processor.py:914} INFO - Processing file /home/huynguyen2741/airflow_venv/lib/python3.12/site-packages/airflow/example_dags/example_branch_day_of_week_operator.py for tasks to queue
[2025-08-06T14:38:55.825-0400] {logging_mixin.py:190} INFO - [2025-08-06T14:38:55.825-0400] {dagbag.py:588} INFO - Filling up the DagBag from /home/huynguyen2741/airflow_venv/lib/python3.12/site-packages/airflow/example_dags/example_branch_day_of_week_operator.py
[2025-08-06T14:38:55.832-0400] {processor.py:925} INFO - DAG(s) 'example_weekday_branch_operator' retrieved from /home/huynguyen2741/airflow_venv/lib/python3.12/site-packages/airflow/example_dags/example_branch_day_of_week_operator.py
[2025-08-06T14:38:55.846-0400] {logging_mixin.py:190} INFO - [2025-08-06T14:38:55.846-0400] {dag.py:3239} INFO - Sync 1 DAGs
[2025-08-06T14:38:55.865-0400] {logging_mixin.py:190} INFO - [2025-08-06T14:38:55.864-0400] {dag.py:4180} INFO - Setting next_dagrun for example_weekday_branch_operator to 2025-08-05 00:00:00+00:00, run_after=2025-08-06 00:00:00+00:00
[2025-08-06T14:38:55.883-0400] {processor.py:208} INFO - Processing /home/huynguyen2741/airflow_venv/lib/python3.12/site-packages/airflow/example_dags/example_branch_day_of_week_operator.py took 0.066 seconds
[2025-08-06T14:39:59.058-0400] {processor.py:186} INFO - Started process (PID=29430) to work on /home/huynguyen2741/airflow_venv/lib/python3.12/site-packages/airflow/example_dags/example_branch_day_of_week_operator.py
[2025-08-06T14:39:59.062-0400] {processor.py:914} INFO - Processing file /home/huynguyen2741/airflow_venv/lib/python3.12/site-packages/airflow/example_dags/example_branch_day_of_week_operator.py for tasks to queue
[2025-08-06T14:39:59.063-0400] {logging_mixin.py:190} INFO - [2025-08-06T14:39:59.063-0400] {dagbag.py:588} INFO - Filling up the DagBag from /home/huynguyen2741/airflow_venv/lib/python3.12/site-packages/airflow/example_dags/example_branch_day_of_week_operator.py
[2025-08-06T14:39:59.070-0400] {processor.py:925} INFO - DAG(s) 'example_weekday_branch_operator' retrieved from /home/huynguyen2741/airflow_venv/lib/python3.12/site-packages/airflow/example_dags/example_branch_day_of_week_operator.py
[2025-08-06T14:39:59.083-0400] {logging_mixin.py:190} INFO - [2025-08-06T14:39:59.083-0400] {dag.py:3239} INFO - Sync 1 DAGs
[2025-08-06T14:39:59.099-0400] {logging_mixin.py:190} INFO - [2025-08-06T14:39:59.099-0400] {dag.py:4180} INFO - Setting next_dagrun for example_weekday_branch_operator to 2025-08-05 00:00:00+00:00, run_after=2025-08-06 00:00:00+00:00
[2025-08-06T14:39:59.117-0400] {processor.py:208} INFO - Processing /home/huynguyen2741/airflow_venv/lib/python3.12/site-packages/airflow/example_dags/example_branch_day_of_week_operator.py took 0.064 seconds
[2025-08-06T14:41:05.537-0400] {processor.py:186} INFO - Started process (PID=29677) to work on /home/huynguyen2741/airflow_venv/lib/python3.12/site-packages/airflow/example_dags/example_branch_day_of_week_operator.py
[2025-08-06T14:41:05.538-0400] {processor.py:914} INFO - Processing file /home/huynguyen2741/airflow_venv/lib/python3.12/site-packages/airflow/example_dags/example_branch_day_of_week_operator.py for tasks to queue
[2025-08-06T14:41:05.539-0400] {logging_mixin.py:190} INFO - [2025-08-06T14:41:05.539-0400] {dagbag.py:588} INFO - Filling up the DagBag from /home/huynguyen2741/airflow_venv/lib/python3.12/site-packages/airflow/example_dags/example_branch_day_of_week_operator.py
[2025-08-06T14:41:05.549-0400] {processor.py:925} INFO - DAG(s) 'example_weekday_branch_operator' retrieved from /home/huynguyen2741/airflow_venv/lib/python3.12/site-packages/airflow/example_dags/example_branch_day_of_week_operator.py
[2025-08-06T14:41:05.561-0400] {logging_mixin.py:190} INFO - [2025-08-06T14:41:05.561-0400] {dag.py:3239} INFO - Sync 1 DAGs
[2025-08-06T14:41:05.574-0400] {logging_mixin.py:190} INFO - [2025-08-06T14:41:05.574-0400] {dag.py:4180} INFO - Setting next_dagrun for example_weekday_branch_operator to 2025-08-05 00:00:00+00:00, run_after=2025-08-06 00:00:00+00:00
[2025-08-06T14:41:05.590-0400] {processor.py:208} INFO - Processing /home/huynguyen2741/airflow_venv/lib/python3.12/site-packages/airflow/example_dags/example_branch_day_of_week_operator.py took 0.058 seconds
[2025-08-06T14:42:10.369-0400] {processor.py:186} INFO - Started process (PID=29949) to work on /home/huynguyen2741/airflow_venv/lib/python3.12/site-packages/airflow/example_dags/example_branch_day_of_week_operator.py
[2025-08-06T14:42:10.373-0400] {processor.py:914} INFO - Processing file /home/huynguyen2741/airflow_venv/lib/python3.12/site-packages/airflow/example_dags/example_branch_day_of_week_operator.py for tasks to queue
[2025-08-06T14:42:10.374-0400] {logging_mixin.py:190} INFO - [2025-08-06T14:42:10.374-0400] {dagbag.py:588} INFO - Filling up the DagBag from /home/huynguyen2741/airflow_venv/lib/python3.12/site-packages/airflow/example_dags/example_branch_day_of_week_operator.py
[2025-08-06T14:42:10.381-0400] {processor.py:925} INFO - DAG(s) 'example_weekday_branch_operator' retrieved from /home/huynguyen2741/airflow_venv/lib/python3.12/site-packages/airflow/example_dags/example_branch_day_of_week_operator.py
[2025-08-06T14:42:10.392-0400] {logging_mixin.py:190} INFO - [2025-08-06T14:42:10.392-0400] {dag.py:3239} INFO - Sync 1 DAGs
[2025-08-06T14:42:10.405-0400] {logging_mixin.py:190} INFO - [2025-08-06T14:42:10.404-0400] {dag.py:4180} INFO - Setting next_dagrun for example_weekday_branch_operator to 2025-08-05 00:00:00+00:00, run_after=2025-08-06 00:00:00+00:00
[2025-08-06T14:42:10.419-0400] {processor.py:208} INFO - Processing /home/huynguyen2741/airflow_venv/lib/python3.12/site-packages/airflow/example_dags/example_branch_day_of_week_operator.py took 0.056 seconds
[2025-08-06T14:43:13.154-0400] {processor.py:186} INFO - Started process (PID=30184) to work on /home/huynguyen2741/airflow_venv/lib/python3.12/site-packages/airflow/example_dags/example_branch_day_of_week_operator.py
[2025-08-06T14:43:13.155-0400] {processor.py:914} INFO - Processing file /home/huynguyen2741/airflow_venv/lib/python3.12/site-packages/airflow/example_dags/example_branch_day_of_week_operator.py for tasks to queue
[2025-08-06T14:43:13.156-0400] {logging_mixin.py:190} INFO - [2025-08-06T14:43:13.156-0400] {dagbag.py:588} INFO - Filling up the DagBag from /home/huynguyen2741/airflow_venv/lib/python3.12/site-packages/airflow/example_dags/example_branch_day_of_week_operator.py
[2025-08-06T14:43:13.164-0400] {processor.py:925} INFO - DAG(s) 'example_weekday_branch_operator' retrieved from /home/huynguyen2741/airflow_venv/lib/python3.12/site-packages/airflow/example_dags/example_branch_day_of_week_operator.py
[2025-08-06T14:43:13.178-0400] {logging_mixin.py:190} INFO - [2025-08-06T14:43:13.178-0400] {dag.py:3239} INFO - Sync 1 DAGs
[2025-08-06T14:43:13.195-0400] {logging_mixin.py:190} INFO - [2025-08-06T14:43:13.195-0400] {dag.py:4180} INFO - Setting next_dagrun for example_weekday_branch_operator to 2025-08-05 00:00:00+00:00, run_after=2025-08-06 00:00:00+00:00
[2025-08-06T14:43:13.211-0400] {processor.py:208} INFO - Processing /home/huynguyen2741/airflow_venv/lib/python3.12/site-packages/airflow/example_dags/example_branch_day_of_week_operator.py took 0.062 seconds
[2025-08-06T14:44:19.744-0400] {processor.py:186} INFO - Started process (PID=30454) to work on /home/huynguyen2741/airflow_venv/lib/python3.12/site-packages/airflow/example_dags/example_branch_day_of_week_operator.py
[2025-08-06T14:44:19.745-0400] {processor.py:914} INFO - Processing file /home/huynguyen2741/airflow_venv/lib/python3.12/site-packages/airflow/example_dags/example_branch_day_of_week_operator.py for tasks to queue
[2025-08-06T14:44:19.747-0400] {logging_mixin.py:190} INFO - [2025-08-06T14:44:19.746-0400] {dagbag.py:588} INFO - Filling up the DagBag from /home/huynguyen2741/airflow_venv/lib/python3.12/site-packages/airflow/example_dags/example_branch_day_of_week_operator.py
[2025-08-06T14:44:19.755-0400] {processor.py:925} INFO - DAG(s) 'example_weekday_branch_operator' retrieved from /home/huynguyen2741/airflow_venv/lib/python3.12/site-packages/airflow/example_dags/example_branch_day_of_week_operator.py
[2025-08-06T14:44:19.778-0400] {logging_mixin.py:190} INFO - [2025-08-06T14:44:19.778-0400] {dag.py:3239} INFO - Sync 1 DAGs
[2025-08-06T14:44:19.800-0400] {logging_mixin.py:190} INFO - [2025-08-06T14:44:19.800-0400] {dag.py:4180} INFO - Setting next_dagrun for example_weekday_branch_operator to 2025-08-05 00:00:00+00:00, run_after=2025-08-06 00:00:00+00:00
[2025-08-06T14:44:19.821-0400] {processor.py:208} INFO - Processing /home/huynguyen2741/airflow_venv/lib/python3.12/site-packages/airflow/example_dags/example_branch_day_of_week_operator.py took 0.084 seconds
[2025-08-06T14:45:15.873-0400] {processor.py:186} INFO - Started process (PID=30668) to work on /home/huynguyen2741/airflow_venv/lib/python3.12/site-packages/airflow/example_dags/example_branch_day_of_week_operator.py
[2025-08-06T14:45:15.874-0400] {processor.py:914} INFO - Processing file /home/huynguyen2741/airflow_venv/lib/python3.12/site-packages/airflow/example_dags/example_branch_day_of_week_operator.py for tasks to queue
[2025-08-06T14:45:15.875-0400] {logging_mixin.py:190} INFO - [2025-08-06T14:45:15.875-0400] {dagbag.py:588} INFO - Filling up the DagBag from /home/huynguyen2741/airflow_venv/lib/python3.12/site-packages/airflow/example_dags/example_branch_day_of_week_operator.py
[2025-08-06T14:45:15.883-0400] {processor.py:925} INFO - DAG(s) 'example_weekday_branch_operator' retrieved from /home/huynguyen2741/airflow_venv/lib/python3.12/site-packages/airflow/example_dags/example_branch_day_of_week_operator.py
[2025-08-06T14:45:15.896-0400] {logging_mixin.py:190} INFO - [2025-08-06T14:45:15.896-0400] {dag.py:3239} INFO - Sync 1 DAGs
[2025-08-06T14:45:15.912-0400] {logging_mixin.py:190} INFO - [2025-08-06T14:45:15.911-0400] {dag.py:4180} INFO - Setting next_dagrun for example_weekday_branch_operator to 2025-08-05 00:00:00+00:00, run_after=2025-08-06 00:00:00+00:00
[2025-08-06T14:45:15.928-0400] {processor.py:208} INFO - Processing /home/huynguyen2741/airflow_venv/lib/python3.12/site-packages/airflow/example_dags/example_branch_day_of_week_operator.py took 0.060 seconds
[2025-08-06T14:46:46.954-0400] {processor.py:186} INFO - Started process (PID=31101) to work on /home/huynguyen2741/airflow_venv/lib/python3.12/site-packages/airflow/example_dags/example_branch_day_of_week_operator.py
[2025-08-06T14:46:46.955-0400] {processor.py:914} INFO - Processing file /home/huynguyen2741/airflow_venv/lib/python3.12/site-packages/airflow/example_dags/example_branch_day_of_week_operator.py for tasks to queue
[2025-08-06T14:46:46.956-0400] {logging_mixin.py:190} INFO - [2025-08-06T14:46:46.956-0400] {dagbag.py:588} INFO - Filling up the DagBag from /home/huynguyen2741/airflow_venv/lib/python3.12/site-packages/airflow/example_dags/example_branch_day_of_week_operator.py
[2025-08-06T14:46:46.964-0400] {processor.py:925} INFO - DAG(s) 'example_weekday_branch_operator' retrieved from /home/huynguyen2741/airflow_venv/lib/python3.12/site-packages/airflow/example_dags/example_branch_day_of_week_operator.py
[2025-08-06T14:46:46.975-0400] {logging_mixin.py:190} INFO - [2025-08-06T14:46:46.975-0400] {dag.py:3239} INFO - Sync 1 DAGs
[2025-08-06T14:46:46.988-0400] {logging_mixin.py:190} INFO - [2025-08-06T14:46:46.988-0400] {dag.py:4180} INFO - Setting next_dagrun for example_weekday_branch_operator to 2025-08-05 00:00:00+00:00, run_after=2025-08-06 00:00:00+00:00
[2025-08-06T14:46:47.004-0400] {processor.py:208} INFO - Processing /home/huynguyen2741/airflow_venv/lib/python3.12/site-packages/airflow/example_dags/example_branch_day_of_week_operator.py took 0.055 seconds
[2025-08-06T14:48:08.330-0400] {processor.py:186} INFO - Started process (PID=31592) to work on /home/huynguyen2741/airflow_venv/lib/python3.12/site-packages/airflow/example_dags/example_branch_day_of_week_operator.py
[2025-08-06T14:48:08.340-0400] {processor.py:914} INFO - Processing file /home/huynguyen2741/airflow_venv/lib/python3.12/site-packages/airflow/example_dags/example_branch_day_of_week_operator.py for tasks to queue
[2025-08-06T14:48:08.341-0400] {logging_mixin.py:190} INFO - [2025-08-06T14:48:08.341-0400] {dagbag.py:588} INFO - Filling up the DagBag from /home/huynguyen2741/airflow_venv/lib/python3.12/site-packages/airflow/example_dags/example_branch_day_of_week_operator.py
[2025-08-06T14:48:08.349-0400] {processor.py:925} INFO - DAG(s) 'example_weekday_branch_operator' retrieved from /home/huynguyen2741/airflow_venv/lib/python3.12/site-packages/airflow/example_dags/example_branch_day_of_week_operator.py
[2025-08-06T14:48:08.363-0400] {logging_mixin.py:190} INFO - [2025-08-06T14:48:08.362-0400] {dag.py:3239} INFO - Sync 1 DAGs
[2025-08-06T14:48:08.379-0400] {logging_mixin.py:190} INFO - [2025-08-06T14:48:08.379-0400] {dag.py:4180} INFO - Setting next_dagrun for example_weekday_branch_operator to 2025-08-05 00:00:00+00:00, run_after=2025-08-06 00:00:00+00:00
[2025-08-06T14:48:08.398-0400] {processor.py:208} INFO - Processing /home/huynguyen2741/airflow_venv/lib/python3.12/site-packages/airflow/example_dags/example_branch_day_of_week_operator.py took 0.074 seconds
[2025-08-06T14:49:21.981-0400] {processor.py:186} INFO - Started process (PID=31871) to work on /home/huynguyen2741/airflow_venv/lib/python3.12/site-packages/airflow/example_dags/example_branch_day_of_week_operator.py
[2025-08-06T14:49:21.985-0400] {processor.py:914} INFO - Processing file /home/huynguyen2741/airflow_venv/lib/python3.12/site-packages/airflow/example_dags/example_branch_day_of_week_operator.py for tasks to queue
[2025-08-06T14:49:21.986-0400] {logging_mixin.py:190} INFO - [2025-08-06T14:49:21.986-0400] {dagbag.py:588} INFO - Filling up the DagBag from /home/huynguyen2741/airflow_venv/lib/python3.12/site-packages/airflow/example_dags/example_branch_day_of_week_operator.py
[2025-08-06T14:49:21.994-0400] {processor.py:925} INFO - DAG(s) 'example_weekday_branch_operator' retrieved from /home/huynguyen2741/airflow_venv/lib/python3.12/site-packages/airflow/example_dags/example_branch_day_of_week_operator.py
[2025-08-06T14:49:22.007-0400] {logging_mixin.py:190} INFO - [2025-08-06T14:49:22.007-0400] {dag.py:3239} INFO - Sync 1 DAGs
[2025-08-06T14:49:22.023-0400] {logging_mixin.py:190} INFO - [2025-08-06T14:49:22.022-0400] {dag.py:4180} INFO - Setting next_dagrun for example_weekday_branch_operator to 2025-08-05 00:00:00+00:00, run_after=2025-08-06 00:00:00+00:00
[2025-08-06T14:49:22.042-0400] {processor.py:208} INFO - Processing /home/huynguyen2741/airflow_venv/lib/python3.12/site-packages/airflow/example_dags/example_branch_day_of_week_operator.py took 0.067 seconds
[2025-08-06T14:50:25.502-0400] {processor.py:186} INFO - Started process (PID=32097) to work on /home/huynguyen2741/airflow_venv/lib/python3.12/site-packages/airflow/example_dags/example_branch_day_of_week_operator.py
[2025-08-06T14:50:25.506-0400] {processor.py:914} INFO - Processing file /home/huynguyen2741/airflow_venv/lib/python3.12/site-packages/airflow/example_dags/example_branch_day_of_week_operator.py for tasks to queue
[2025-08-06T14:50:25.508-0400] {logging_mixin.py:190} INFO - [2025-08-06T14:50:25.507-0400] {dagbag.py:588} INFO - Filling up the DagBag from /home/huynguyen2741/airflow_venv/lib/python3.12/site-packages/airflow/example_dags/example_branch_day_of_week_operator.py
[2025-08-06T14:50:25.515-0400] {processor.py:925} INFO - DAG(s) 'example_weekday_branch_operator' retrieved from /home/huynguyen2741/airflow_venv/lib/python3.12/site-packages/airflow/example_dags/example_branch_day_of_week_operator.py
[2025-08-06T14:50:25.527-0400] {logging_mixin.py:190} INFO - [2025-08-06T14:50:25.527-0400] {dag.py:3239} INFO - Sync 1 DAGs
[2025-08-06T14:50:25.542-0400] {logging_mixin.py:190} INFO - [2025-08-06T14:50:25.542-0400] {dag.py:4180} INFO - Setting next_dagrun for example_weekday_branch_operator to 2025-08-05 00:00:00+00:00, run_after=2025-08-06 00:00:00+00:00
[2025-08-06T14:50:25.559-0400] {processor.py:208} INFO - Processing /home/huynguyen2741/airflow_venv/lib/python3.12/site-packages/airflow/example_dags/example_branch_day_of_week_operator.py took 0.063 seconds
[2025-08-06T14:51:28.243-0400] {processor.py:186} INFO - Started process (PID=32325) to work on /home/huynguyen2741/airflow_venv/lib/python3.12/site-packages/airflow/example_dags/example_branch_day_of_week_operator.py
[2025-08-06T14:51:28.244-0400] {processor.py:914} INFO - Processing file /home/huynguyen2741/airflow_venv/lib/python3.12/site-packages/airflow/example_dags/example_branch_day_of_week_operator.py for tasks to queue
[2025-08-06T14:51:28.244-0400] {logging_mixin.py:190} INFO - [2025-08-06T14:51:28.244-0400] {dagbag.py:588} INFO - Filling up the DagBag from /home/huynguyen2741/airflow_venv/lib/python3.12/site-packages/airflow/example_dags/example_branch_day_of_week_operator.py
[2025-08-06T14:51:28.252-0400] {processor.py:925} INFO - DAG(s) 'example_weekday_branch_operator' retrieved from /home/huynguyen2741/airflow_venv/lib/python3.12/site-packages/airflow/example_dags/example_branch_day_of_week_operator.py
[2025-08-06T14:51:28.265-0400] {logging_mixin.py:190} INFO - [2025-08-06T14:51:28.265-0400] {dag.py:3239} INFO - Sync 1 DAGs
[2025-08-06T14:51:28.281-0400] {logging_mixin.py:190} INFO - [2025-08-06T14:51:28.281-0400] {dag.py:4180} INFO - Setting next_dagrun for example_weekday_branch_operator to 2025-08-05 00:00:00+00:00, run_after=2025-08-06 00:00:00+00:00
[2025-08-06T14:51:28.298-0400] {processor.py:208} INFO - Processing /home/huynguyen2741/airflow_venv/lib/python3.12/site-packages/airflow/example_dags/example_branch_day_of_week_operator.py took 0.061 seconds
[2025-08-06T14:52:30.496-0400] {processor.py:186} INFO - Started process (PID=32580) to work on /home/huynguyen2741/airflow_venv/lib/python3.12/site-packages/airflow/example_dags/example_branch_day_of_week_operator.py
[2025-08-06T14:52:30.500-0400] {processor.py:914} INFO - Processing file /home/huynguyen2741/airflow_venv/lib/python3.12/site-packages/airflow/example_dags/example_branch_day_of_week_operator.py for tasks to queue
[2025-08-06T14:52:30.501-0400] {logging_mixin.py:190} INFO - [2025-08-06T14:52:30.500-0400] {dagbag.py:588} INFO - Filling up the DagBag from /home/huynguyen2741/airflow_venv/lib/python3.12/site-packages/airflow/example_dags/example_branch_day_of_week_operator.py
[2025-08-06T14:52:30.508-0400] {processor.py:925} INFO - DAG(s) 'example_weekday_branch_operator' retrieved from /home/huynguyen2741/airflow_venv/lib/python3.12/site-packages/airflow/example_dags/example_branch_day_of_week_operator.py
[2025-08-06T14:52:30.521-0400] {logging_mixin.py:190} INFO - [2025-08-06T14:52:30.521-0400] {dag.py:3239} INFO - Sync 1 DAGs
[2025-08-06T14:52:30.537-0400] {logging_mixin.py:190} INFO - [2025-08-06T14:52:30.537-0400] {dag.py:4180} INFO - Setting next_dagrun for example_weekday_branch_operator to 2025-08-05 00:00:00+00:00, run_after=2025-08-06 00:00:00+00:00
[2025-08-06T14:52:30.554-0400] {processor.py:208} INFO - Processing /home/huynguyen2741/airflow_venv/lib/python3.12/site-packages/airflow/example_dags/example_branch_day_of_week_operator.py took 0.064 seconds
[2025-08-06T14:53:31.966-0400] {processor.py:186} INFO - Started process (PID=32964) to work on /home/huynguyen2741/airflow_venv/lib/python3.12/site-packages/airflow/example_dags/example_branch_day_of_week_operator.py
[2025-08-06T14:53:31.967-0400] {processor.py:914} INFO - Processing file /home/huynguyen2741/airflow_venv/lib/python3.12/site-packages/airflow/example_dags/example_branch_day_of_week_operator.py for tasks to queue
[2025-08-06T14:53:31.968-0400] {logging_mixin.py:190} INFO - [2025-08-06T14:53:31.968-0400] {dagbag.py:588} INFO - Filling up the DagBag from /home/huynguyen2741/airflow_venv/lib/python3.12/site-packages/airflow/example_dags/example_branch_day_of_week_operator.py
[2025-08-06T14:53:31.977-0400] {processor.py:925} INFO - DAG(s) 'example_weekday_branch_operator' retrieved from /home/huynguyen2741/airflow_venv/lib/python3.12/site-packages/airflow/example_dags/example_branch_day_of_week_operator.py
[2025-08-06T14:53:31.991-0400] {logging_mixin.py:190} INFO - [2025-08-06T14:53:31.991-0400] {dag.py:3239} INFO - Sync 1 DAGs
[2025-08-06T14:53:32.006-0400] {logging_mixin.py:190} INFO - [2025-08-06T14:53:32.006-0400] {dag.py:4180} INFO - Setting next_dagrun for example_weekday_branch_operator to 2025-08-05 00:00:00+00:00, run_after=2025-08-06 00:00:00+00:00
[2025-08-06T14:53:32.023-0400] {processor.py:208} INFO - Processing /home/huynguyen2741/airflow_venv/lib/python3.12/site-packages/airflow/example_dags/example_branch_day_of_week_operator.py took 0.063 seconds
[2025-08-06T14:54:29.578-0400] {processor.py:186} INFO - Started process (PID=33323) to work on /home/huynguyen2741/airflow_venv/lib/python3.12/site-packages/airflow/example_dags/example_branch_day_of_week_operator.py
[2025-08-06T14:54:29.579-0400] {processor.py:914} INFO - Processing file /home/huynguyen2741/airflow_venv/lib/python3.12/site-packages/airflow/example_dags/example_branch_day_of_week_operator.py for tasks to queue
[2025-08-06T14:54:29.581-0400] {logging_mixin.py:190} INFO - [2025-08-06T14:54:29.580-0400] {dagbag.py:588} INFO - Filling up the DagBag from /home/huynguyen2741/airflow_venv/lib/python3.12/site-packages/airflow/example_dags/example_branch_day_of_week_operator.py
[2025-08-06T14:54:29.596-0400] {processor.py:925} INFO - DAG(s) 'example_weekday_branch_operator' retrieved from /home/huynguyen2741/airflow_venv/lib/python3.12/site-packages/airflow/example_dags/example_branch_day_of_week_operator.py
[2025-08-06T14:54:29.615-0400] {logging_mixin.py:190} INFO - [2025-08-06T14:54:29.614-0400] {dag.py:3239} INFO - Sync 1 DAGs
[2025-08-06T14:54:29.636-0400] {logging_mixin.py:190} INFO - [2025-08-06T14:54:29.636-0400] {dag.py:4180} INFO - Setting next_dagrun for example_weekday_branch_operator to 2025-08-05 00:00:00+00:00, run_after=2025-08-06 00:00:00+00:00
[2025-08-06T14:54:29.667-0400] {processor.py:208} INFO - Processing /home/huynguyen2741/airflow_venv/lib/python3.12/site-packages/airflow/example_dags/example_branch_day_of_week_operator.py took 0.099 seconds
[2025-08-06T14:55:31.698-0400] {processor.py:186} INFO - Started process (PID=33625) to work on /home/huynguyen2741/airflow_venv/lib/python3.12/site-packages/airflow/example_dags/example_branch_day_of_week_operator.py
[2025-08-06T14:55:31.699-0400] {processor.py:914} INFO - Processing file /home/huynguyen2741/airflow_venv/lib/python3.12/site-packages/airflow/example_dags/example_branch_day_of_week_operator.py for tasks to queue
[2025-08-06T14:55:31.700-0400] {logging_mixin.py:190} INFO - [2025-08-06T14:55:31.699-0400] {dagbag.py:588} INFO - Filling up the DagBag from /home/huynguyen2741/airflow_venv/lib/python3.12/site-packages/airflow/example_dags/example_branch_day_of_week_operator.py
[2025-08-06T14:55:31.707-0400] {processor.py:925} INFO - DAG(s) 'example_weekday_branch_operator' retrieved from /home/huynguyen2741/airflow_venv/lib/python3.12/site-packages/airflow/example_dags/example_branch_day_of_week_operator.py
[2025-08-06T14:55:31.719-0400] {logging_mixin.py:190} INFO - [2025-08-06T14:55:31.718-0400] {dag.py:3239} INFO - Sync 1 DAGs
[2025-08-06T14:55:31.735-0400] {logging_mixin.py:190} INFO - [2025-08-06T14:55:31.735-0400] {dag.py:4180} INFO - Setting next_dagrun for example_weekday_branch_operator to 2025-08-05 00:00:00+00:00, run_after=2025-08-06 00:00:00+00:00
[2025-08-06T14:55:31.755-0400] {processor.py:208} INFO - Processing /home/huynguyen2741/airflow_venv/lib/python3.12/site-packages/airflow/example_dags/example_branch_day_of_week_operator.py took 0.063 seconds
[2025-08-06T14:56:34.845-0400] {processor.py:186} INFO - Started process (PID=33937) to work on /home/huynguyen2741/airflow_venv/lib/python3.12/site-packages/airflow/example_dags/example_branch_day_of_week_operator.py
[2025-08-06T14:56:34.847-0400] {processor.py:914} INFO - Processing file /home/huynguyen2741/airflow_venv/lib/python3.12/site-packages/airflow/example_dags/example_branch_day_of_week_operator.py for tasks to queue
[2025-08-06T14:56:34.848-0400] {logging_mixin.py:190} INFO - [2025-08-06T14:56:34.848-0400] {dagbag.py:588} INFO - Filling up the DagBag from /home/huynguyen2741/airflow_venv/lib/python3.12/site-packages/airflow/example_dags/example_branch_day_of_week_operator.py
[2025-08-06T14:56:34.856-0400] {processor.py:925} INFO - DAG(s) 'example_weekday_branch_operator' retrieved from /home/huynguyen2741/airflow_venv/lib/python3.12/site-packages/airflow/example_dags/example_branch_day_of_week_operator.py
[2025-08-06T14:56:34.868-0400] {logging_mixin.py:190} INFO - [2025-08-06T14:56:34.867-0400] {dag.py:3239} INFO - Sync 1 DAGs
[2025-08-06T14:56:34.880-0400] {logging_mixin.py:190} INFO - [2025-08-06T14:56:34.880-0400] {dag.py:4180} INFO - Setting next_dagrun for example_weekday_branch_operator to 2025-08-05 00:00:00+00:00, run_after=2025-08-06 00:00:00+00:00
[2025-08-06T14:56:34.896-0400] {processor.py:208} INFO - Processing /home/huynguyen2741/airflow_venv/lib/python3.12/site-packages/airflow/example_dags/example_branch_day_of_week_operator.py took 0.056 seconds
[2025-08-06T14:57:34.364-0400] {processor.py:186} INFO - Started process (PID=34219) to work on /home/huynguyen2741/airflow_venv/lib/python3.12/site-packages/airflow/example_dags/example_branch_day_of_week_operator.py
[2025-08-06T14:57:34.368-0400] {processor.py:914} INFO - Processing file /home/huynguyen2741/airflow_venv/lib/python3.12/site-packages/airflow/example_dags/example_branch_day_of_week_operator.py for tasks to queue
[2025-08-06T14:57:34.369-0400] {logging_mixin.py:190} INFO - [2025-08-06T14:57:34.369-0400] {dagbag.py:588} INFO - Filling up the DagBag from /home/huynguyen2741/airflow_venv/lib/python3.12/site-packages/airflow/example_dags/example_branch_day_of_week_operator.py
[2025-08-06T14:57:34.377-0400] {processor.py:925} INFO - DAG(s) 'example_weekday_branch_operator' retrieved from /home/huynguyen2741/airflow_venv/lib/python3.12/site-packages/airflow/example_dags/example_branch_day_of_week_operator.py
[2025-08-06T14:57:34.388-0400] {logging_mixin.py:190} INFO - [2025-08-06T14:57:34.388-0400] {dag.py:3239} INFO - Sync 1 DAGs
[2025-08-06T14:57:34.401-0400] {logging_mixin.py:190} INFO - [2025-08-06T14:57:34.400-0400] {dag.py:4180} INFO - Setting next_dagrun for example_weekday_branch_operator to 2025-08-05 00:00:00+00:00, run_after=2025-08-06 00:00:00+00:00
[2025-08-06T14:57:34.416-0400] {processor.py:208} INFO - Processing /home/huynguyen2741/airflow_venv/lib/python3.12/site-packages/airflow/example_dags/example_branch_day_of_week_operator.py took 0.059 seconds
[2025-08-06T14:58:36.777-0400] {processor.py:186} INFO - Started process (PID=34466) to work on /home/huynguyen2741/airflow_venv/lib/python3.12/site-packages/airflow/example_dags/example_branch_day_of_week_operator.py
[2025-08-06T14:58:36.778-0400] {processor.py:914} INFO - Processing file /home/huynguyen2741/airflow_venv/lib/python3.12/site-packages/airflow/example_dags/example_branch_day_of_week_operator.py for tasks to queue
[2025-08-06T14:58:36.779-0400] {logging_mixin.py:190} INFO - [2025-08-06T14:58:36.778-0400] {dagbag.py:588} INFO - Filling up the DagBag from /home/huynguyen2741/airflow_venv/lib/python3.12/site-packages/airflow/example_dags/example_branch_day_of_week_operator.py
[2025-08-06T14:58:36.786-0400] {processor.py:925} INFO - DAG(s) 'example_weekday_branch_operator' retrieved from /home/huynguyen2741/airflow_venv/lib/python3.12/site-packages/airflow/example_dags/example_branch_day_of_week_operator.py
[2025-08-06T14:58:36.798-0400] {logging_mixin.py:190} INFO - [2025-08-06T14:58:36.798-0400] {dag.py:3239} INFO - Sync 1 DAGs
[2025-08-06T14:58:36.812-0400] {logging_mixin.py:190} INFO - [2025-08-06T14:58:36.812-0400] {dag.py:4180} INFO - Setting next_dagrun for example_weekday_branch_operator to 2025-08-05 00:00:00+00:00, run_after=2025-08-06 00:00:00+00:00
[2025-08-06T14:58:36.829-0400] {processor.py:208} INFO - Processing /home/huynguyen2741/airflow_venv/lib/python3.12/site-packages/airflow/example_dags/example_branch_day_of_week_operator.py took 0.058 seconds
[2025-08-06T14:59:40.645-0400] {processor.py:186} INFO - Started process (PID=34707) to work on /home/huynguyen2741/airflow_venv/lib/python3.12/site-packages/airflow/example_dags/example_branch_day_of_week_operator.py
[2025-08-06T14:59:40.646-0400] {processor.py:914} INFO - Processing file /home/huynguyen2741/airflow_venv/lib/python3.12/site-packages/airflow/example_dags/example_branch_day_of_week_operator.py for tasks to queue
[2025-08-06T14:59:40.647-0400] {logging_mixin.py:190} INFO - [2025-08-06T14:59:40.646-0400] {dagbag.py:588} INFO - Filling up the DagBag from /home/huynguyen2741/airflow_venv/lib/python3.12/site-packages/airflow/example_dags/example_branch_day_of_week_operator.py
[2025-08-06T14:59:40.655-0400] {processor.py:925} INFO - DAG(s) 'example_weekday_branch_operator' retrieved from /home/huynguyen2741/airflow_venv/lib/python3.12/site-packages/airflow/example_dags/example_branch_day_of_week_operator.py
[2025-08-06T14:59:40.667-0400] {logging_mixin.py:190} INFO - [2025-08-06T14:59:40.666-0400] {dag.py:3239} INFO - Sync 1 DAGs
[2025-08-06T14:59:40.680-0400] {logging_mixin.py:190} INFO - [2025-08-06T14:59:40.680-0400] {dag.py:4180} INFO - Setting next_dagrun for example_weekday_branch_operator to 2025-08-05 00:00:00+00:00, run_after=2025-08-06 00:00:00+00:00
[2025-08-06T14:59:40.697-0400] {processor.py:208} INFO - Processing /home/huynguyen2741/airflow_venv/lib/python3.12/site-packages/airflow/example_dags/example_branch_day_of_week_operator.py took 0.057 seconds
