[2025-08-06T13:57:29.927-0400] {processor.py:186} INFO - Started process (PID=17766) to work on /home/huynguyen2741/airflow_venv/lib/python3.12/site-packages/airflow/example_dags/example_nested_branch_dag.py
[2025-08-06T13:57:29.928-0400] {processor.py:914} INFO - Processing file /home/huynguyen2741/airflow_venv/lib/python3.12/site-packages/airflow/example_dags/example_nested_branch_dag.py for tasks to queue
[2025-08-06T13:57:29.930-0400] {logging_mixin.py:190} INFO - [2025-08-06T13:57:29.930-0400] {dagbag.py:588} INFO - Filling up the DagBag from /home/huynguyen2741/airflow_venv/lib/python3.12/site-packages/airflow/example_dags/example_nested_branch_dag.py
[2025-08-06T13:57:29.941-0400] {processor.py:925} INFO - DAG(s) 'example_nested_branch_dag' retrieved from /home/huynguyen2741/airflow_venv/lib/python3.12/site-packages/airflow/example_dags/example_nested_branch_dag.py
[2025-08-06T13:57:30.031-0400] {logging_mixin.py:190} INFO - [2025-08-06T13:57:30.030-0400] {override.py:1930} INFO - Created Permission View: can edit on DAG:example_nested_branch_dag
[2025-08-06T13:57:30.041-0400] {logging_mixin.py:190} INFO - [2025-08-06T13:57:30.040-0400] {override.py:1930} INFO - Created Permission View: can read on DAG:example_nested_branch_dag
[2025-08-06T13:57:30.048-0400] {logging_mixin.py:190} INFO - [2025-08-06T13:57:30.048-0400] {override.py:1930} INFO - Created Permission View: can delete on DAG:example_nested_branch_dag
[2025-08-06T13:57:30.061-0400] {logging_mixin.py:190} INFO - [2025-08-06T13:57:30.061-0400] {override.py:1930} INFO - Created Permission View: menu access on DAG Run:example_nested_branch_dag
[2025-08-06T13:57:30.069-0400] {logging_mixin.py:190} INFO - [2025-08-06T13:57:30.069-0400] {override.py:1930} INFO - Created Permission View: can read on DAG Run:example_nested_branch_dag
[2025-08-06T13:57:30.077-0400] {logging_mixin.py:190} INFO - [2025-08-06T13:57:30.077-0400] {override.py:1930} INFO - Created Permission View: can create on DAG Run:example_nested_branch_dag
[2025-08-06T13:57:30.085-0400] {logging_mixin.py:190} INFO - [2025-08-06T13:57:30.084-0400] {override.py:1930} INFO - Created Permission View: can delete on DAG Run:example_nested_branch_dag
[2025-08-06T13:57:30.085-0400] {logging_mixin.py:190} INFO - [2025-08-06T13:57:30.085-0400] {dag.py:3239} INFO - Sync 1 DAGs
[2025-08-06T13:57:30.094-0400] {logging_mixin.py:190} INFO - [2025-08-06T13:57:30.093-0400] {dag.py:3262} INFO - Creating ORM DAG for example_nested_branch_dag
[2025-08-06T13:57:30.100-0400] {logging_mixin.py:190} INFO - [2025-08-06T13:57:30.100-0400] {dag.py:4180} INFO - Setting next_dagrun for example_nested_branch_dag to 2025-08-05 00:00:00+00:00, run_after=2025-08-06 00:00:00+00:00
[2025-08-06T13:57:30.115-0400] {processor.py:208} INFO - Processing /home/huynguyen2741/airflow_venv/lib/python3.12/site-packages/airflow/example_dags/example_nested_branch_dag.py took 0.194 seconds
[2025-08-06T13:58:39.218-0400] {processor.py:186} INFO - Started process (PID=18016) to work on /home/huynguyen2741/airflow_venv/lib/python3.12/site-packages/airflow/example_dags/example_nested_branch_dag.py
[2025-08-06T13:58:39.228-0400] {processor.py:914} INFO - Processing file /home/huynguyen2741/airflow_venv/lib/python3.12/site-packages/airflow/example_dags/example_nested_branch_dag.py for tasks to queue
[2025-08-06T13:58:39.230-0400] {logging_mixin.py:190} INFO - [2025-08-06T13:58:39.229-0400] {dagbag.py:588} INFO - Filling up the DagBag from /home/huynguyen2741/airflow_venv/lib/python3.12/site-packages/airflow/example_dags/example_nested_branch_dag.py
[2025-08-06T13:58:39.238-0400] {processor.py:925} INFO - DAG(s) 'example_nested_branch_dag' retrieved from /home/huynguyen2741/airflow_venv/lib/python3.12/site-packages/airflow/example_dags/example_nested_branch_dag.py
[2025-08-06T13:58:39.251-0400] {logging_mixin.py:190} INFO - [2025-08-06T13:58:39.251-0400] {dag.py:3239} INFO - Sync 1 DAGs
[2025-08-06T13:58:39.265-0400] {logging_mixin.py:190} INFO - [2025-08-06T13:58:39.265-0400] {dag.py:4180} INFO - Setting next_dagrun for example_nested_branch_dag to 2025-08-05 00:00:00+00:00, run_after=2025-08-06 00:00:00+00:00
[2025-08-06T13:58:39.284-0400] {processor.py:208} INFO - Processing /home/huynguyen2741/airflow_venv/lib/python3.12/site-packages/airflow/example_dags/example_nested_branch_dag.py took 0.070 seconds
[2025-08-06T13:59:40.234-0400] {processor.py:186} INFO - Started process (PID=18238) to work on /home/huynguyen2741/airflow_venv/lib/python3.12/site-packages/airflow/example_dags/example_nested_branch_dag.py
[2025-08-06T13:59:40.235-0400] {processor.py:914} INFO - Processing file /home/huynguyen2741/airflow_venv/lib/python3.12/site-packages/airflow/example_dags/example_nested_branch_dag.py for tasks to queue
[2025-08-06T13:59:40.236-0400] {logging_mixin.py:190} INFO - [2025-08-06T13:59:40.236-0400] {dagbag.py:588} INFO - Filling up the DagBag from /home/huynguyen2741/airflow_venv/lib/python3.12/site-packages/airflow/example_dags/example_nested_branch_dag.py
[2025-08-06T13:59:40.244-0400] {processor.py:925} INFO - DAG(s) 'example_nested_branch_dag' retrieved from /home/huynguyen2741/airflow_venv/lib/python3.12/site-packages/airflow/example_dags/example_nested_branch_dag.py
[2025-08-06T13:59:40.257-0400] {logging_mixin.py:190} INFO - [2025-08-06T13:59:40.257-0400] {dag.py:3239} INFO - Sync 1 DAGs
[2025-08-06T13:59:40.272-0400] {logging_mixin.py:190} INFO - [2025-08-06T13:59:40.272-0400] {dag.py:4180} INFO - Setting next_dagrun for example_nested_branch_dag to 2025-08-05 00:00:00+00:00, run_after=2025-08-06 00:00:00+00:00
[2025-08-06T13:59:40.288-0400] {processor.py:208} INFO - Processing /home/huynguyen2741/airflow_venv/lib/python3.12/site-packages/airflow/example_dags/example_nested_branch_dag.py took 0.059 seconds
[2025-08-06T14:00:42.678-0400] {processor.py:186} INFO - Started process (PID=18457) to work on /home/huynguyen2741/airflow_venv/lib/python3.12/site-packages/airflow/example_dags/example_nested_branch_dag.py
[2025-08-06T14:00:42.688-0400] {processor.py:914} INFO - Processing file /home/huynguyen2741/airflow_venv/lib/python3.12/site-packages/airflow/example_dags/example_nested_branch_dag.py for tasks to queue
[2025-08-06T14:00:42.690-0400] {logging_mixin.py:190} INFO - [2025-08-06T14:00:42.689-0400] {dagbag.py:588} INFO - Filling up the DagBag from /home/huynguyen2741/airflow_venv/lib/python3.12/site-packages/airflow/example_dags/example_nested_branch_dag.py
[2025-08-06T14:00:42.698-0400] {processor.py:925} INFO - DAG(s) 'example_nested_branch_dag' retrieved from /home/huynguyen2741/airflow_venv/lib/python3.12/site-packages/airflow/example_dags/example_nested_branch_dag.py
[2025-08-06T14:00:42.711-0400] {logging_mixin.py:190} INFO - [2025-08-06T14:00:42.711-0400] {dag.py:3239} INFO - Sync 1 DAGs
[2025-08-06T14:00:42.726-0400] {logging_mixin.py:190} INFO - [2025-08-06T14:00:42.726-0400] {dag.py:4180} INFO - Setting next_dagrun for example_nested_branch_dag to 2025-08-05 00:00:00+00:00, run_after=2025-08-06 00:00:00+00:00
[2025-08-06T14:00:42.742-0400] {processor.py:208} INFO - Processing /home/huynguyen2741/airflow_venv/lib/python3.12/site-packages/airflow/example_dags/example_nested_branch_dag.py took 0.069 seconds
[2025-08-06T14:01:44.953-0400] {processor.py:186} INFO - Started process (PID=18685) to work on /home/huynguyen2741/airflow_venv/lib/python3.12/site-packages/airflow/example_dags/example_nested_branch_dag.py
[2025-08-06T14:01:44.954-0400] {processor.py:914} INFO - Processing file /home/huynguyen2741/airflow_venv/lib/python3.12/site-packages/airflow/example_dags/example_nested_branch_dag.py for tasks to queue
[2025-08-06T14:01:44.956-0400] {logging_mixin.py:190} INFO - [2025-08-06T14:01:44.955-0400] {dagbag.py:588} INFO - Filling up the DagBag from /home/huynguyen2741/airflow_venv/lib/python3.12/site-packages/airflow/example_dags/example_nested_branch_dag.py
[2025-08-06T14:01:44.964-0400] {processor.py:925} INFO - DAG(s) 'example_nested_branch_dag' retrieved from /home/huynguyen2741/airflow_venv/lib/python3.12/site-packages/airflow/example_dags/example_nested_branch_dag.py
[2025-08-06T14:01:44.977-0400] {logging_mixin.py:190} INFO - [2025-08-06T14:01:44.977-0400] {dag.py:3239} INFO - Sync 1 DAGs
[2025-08-06T14:01:44.991-0400] {logging_mixin.py:190} INFO - [2025-08-06T14:01:44.991-0400] {dag.py:4180} INFO - Setting next_dagrun for example_nested_branch_dag to 2025-08-05 00:00:00+00:00, run_after=2025-08-06 00:00:00+00:00
[2025-08-06T14:01:45.007-0400] {processor.py:208} INFO - Processing /home/huynguyen2741/airflow_venv/lib/python3.12/site-packages/airflow/example_dags/example_nested_branch_dag.py took 0.059 seconds
[2025-08-06T14:02:46.321-0400] {processor.py:186} INFO - Started process (PID=18932) to work on /home/huynguyen2741/airflow_venv/lib/python3.12/site-packages/airflow/example_dags/example_nested_branch_dag.py
[2025-08-06T14:02:46.321-0400] {processor.py:914} INFO - Processing file /home/huynguyen2741/airflow_venv/lib/python3.12/site-packages/airflow/example_dags/example_nested_branch_dag.py for tasks to queue
[2025-08-06T14:02:46.323-0400] {logging_mixin.py:190} INFO - [2025-08-06T14:02:46.323-0400] {dagbag.py:588} INFO - Filling up the DagBag from /home/huynguyen2741/airflow_venv/lib/python3.12/site-packages/airflow/example_dags/example_nested_branch_dag.py
[2025-08-06T14:02:46.331-0400] {processor.py:925} INFO - DAG(s) 'example_nested_branch_dag' retrieved from /home/huynguyen2741/airflow_venv/lib/python3.12/site-packages/airflow/example_dags/example_nested_branch_dag.py
[2025-08-06T14:02:46.342-0400] {logging_mixin.py:190} INFO - [2025-08-06T14:02:46.342-0400] {dag.py:3239} INFO - Sync 1 DAGs
[2025-08-06T14:02:46.357-0400] {logging_mixin.py:190} INFO - [2025-08-06T14:02:46.357-0400] {dag.py:4180} INFO - Setting next_dagrun for example_nested_branch_dag to 2025-08-05 00:00:00+00:00, run_after=2025-08-06 00:00:00+00:00
[2025-08-06T14:02:46.374-0400] {processor.py:208} INFO - Processing /home/huynguyen2741/airflow_venv/lib/python3.12/site-packages/airflow/example_dags/example_nested_branch_dag.py took 0.057 seconds
[2025-08-06T14:03:51.411-0400] {processor.py:186} INFO - Started process (PID=19160) to work on /home/huynguyen2741/airflow_venv/lib/python3.12/site-packages/airflow/example_dags/example_nested_branch_dag.py
[2025-08-06T14:03:51.412-0400] {processor.py:914} INFO - Processing file /home/huynguyen2741/airflow_venv/lib/python3.12/site-packages/airflow/example_dags/example_nested_branch_dag.py for tasks to queue
[2025-08-06T14:03:51.414-0400] {logging_mixin.py:190} INFO - [2025-08-06T14:03:51.414-0400] {dagbag.py:588} INFO - Filling up the DagBag from /home/huynguyen2741/airflow_venv/lib/python3.12/site-packages/airflow/example_dags/example_nested_branch_dag.py
[2025-08-06T14:03:51.422-0400] {processor.py:925} INFO - DAG(s) 'example_nested_branch_dag' retrieved from /home/huynguyen2741/airflow_venv/lib/python3.12/site-packages/airflow/example_dags/example_nested_branch_dag.py
[2025-08-06T14:03:51.433-0400] {logging_mixin.py:190} INFO - [2025-08-06T14:03:51.433-0400] {dag.py:3239} INFO - Sync 1 DAGs
[2025-08-06T14:03:51.446-0400] {logging_mixin.py:190} INFO - [2025-08-06T14:03:51.445-0400] {dag.py:4180} INFO - Setting next_dagrun for example_nested_branch_dag to 2025-08-05 00:00:00+00:00, run_after=2025-08-06 00:00:00+00:00
[2025-08-06T14:03:51.462-0400] {processor.py:208} INFO - Processing /home/huynguyen2741/airflow_venv/lib/python3.12/site-packages/airflow/example_dags/example_nested_branch_dag.py took 0.055 seconds
[2025-08-06T14:04:53.263-0400] {processor.py:186} INFO - Started process (PID=19374) to work on /home/huynguyen2741/airflow_venv/lib/python3.12/site-packages/airflow/example_dags/example_nested_branch_dag.py
[2025-08-06T14:04:53.264-0400] {processor.py:914} INFO - Processing file /home/huynguyen2741/airflow_venv/lib/python3.12/site-packages/airflow/example_dags/example_nested_branch_dag.py for tasks to queue
[2025-08-06T14:04:53.266-0400] {logging_mixin.py:190} INFO - [2025-08-06T14:04:53.265-0400] {dagbag.py:588} INFO - Filling up the DagBag from /home/huynguyen2741/airflow_venv/lib/python3.12/site-packages/airflow/example_dags/example_nested_branch_dag.py
[2025-08-06T14:04:53.276-0400] {processor.py:925} INFO - DAG(s) 'example_nested_branch_dag' retrieved from /home/huynguyen2741/airflow_venv/lib/python3.12/site-packages/airflow/example_dags/example_nested_branch_dag.py
[2025-08-06T14:04:53.293-0400] {logging_mixin.py:190} INFO - [2025-08-06T14:04:53.292-0400] {dag.py:3239} INFO - Sync 1 DAGs
[2025-08-06T14:04:53.309-0400] {logging_mixin.py:190} INFO - [2025-08-06T14:04:53.309-0400] {dag.py:4180} INFO - Setting next_dagrun for example_nested_branch_dag to 2025-08-05 00:00:00+00:00, run_after=2025-08-06 00:00:00+00:00
[2025-08-06T14:04:53.326-0400] {processor.py:208} INFO - Processing /home/huynguyen2741/airflow_venv/lib/python3.12/site-packages/airflow/example_dags/example_nested_branch_dag.py took 0.067 seconds
[2025-08-06T14:05:53.621-0400] {processor.py:186} INFO - Started process (PID=19753) to work on /home/huynguyen2741/airflow_venv/lib/python3.12/site-packages/airflow/example_dags/example_nested_branch_dag.py
[2025-08-06T14:05:53.622-0400] {processor.py:914} INFO - Processing file /home/huynguyen2741/airflow_venv/lib/python3.12/site-packages/airflow/example_dags/example_nested_branch_dag.py for tasks to queue
[2025-08-06T14:05:53.624-0400] {logging_mixin.py:190} INFO - [2025-08-06T14:05:53.623-0400] {dagbag.py:588} INFO - Filling up the DagBag from /home/huynguyen2741/airflow_venv/lib/python3.12/site-packages/airflow/example_dags/example_nested_branch_dag.py
[2025-08-06T14:05:53.632-0400] {processor.py:925} INFO - DAG(s) 'example_nested_branch_dag' retrieved from /home/huynguyen2741/airflow_venv/lib/python3.12/site-packages/airflow/example_dags/example_nested_branch_dag.py
[2025-08-06T14:05:53.643-0400] {logging_mixin.py:190} INFO - [2025-08-06T14:05:53.643-0400] {dag.py:3239} INFO - Sync 1 DAGs
[2025-08-06T14:05:53.655-0400] {logging_mixin.py:190} INFO - [2025-08-06T14:05:53.655-0400] {dag.py:4180} INFO - Setting next_dagrun for example_nested_branch_dag to 2025-08-05 00:00:00+00:00, run_after=2025-08-06 00:00:00+00:00
[2025-08-06T14:05:53.669-0400] {processor.py:208} INFO - Processing /home/huynguyen2741/airflow_venv/lib/python3.12/site-packages/airflow/example_dags/example_nested_branch_dag.py took 0.053 seconds
[2025-08-06T14:07:01.740-0400] {processor.py:186} INFO - Started process (PID=19995) to work on /home/huynguyen2741/airflow_venv/lib/python3.12/site-packages/airflow/example_dags/example_nested_branch_dag.py
[2025-08-06T14:07:01.750-0400] {processor.py:914} INFO - Processing file /home/huynguyen2741/airflow_venv/lib/python3.12/site-packages/airflow/example_dags/example_nested_branch_dag.py for tasks to queue
[2025-08-06T14:07:01.752-0400] {logging_mixin.py:190} INFO - [2025-08-06T14:07:01.751-0400] {dagbag.py:588} INFO - Filling up the DagBag from /home/huynguyen2741/airflow_venv/lib/python3.12/site-packages/airflow/example_dags/example_nested_branch_dag.py
[2025-08-06T14:07:01.760-0400] {processor.py:925} INFO - DAG(s) 'example_nested_branch_dag' retrieved from /home/huynguyen2741/airflow_venv/lib/python3.12/site-packages/airflow/example_dags/example_nested_branch_dag.py
[2025-08-06T14:07:01.772-0400] {logging_mixin.py:190} INFO - [2025-08-06T14:07:01.772-0400] {dag.py:3239} INFO - Sync 1 DAGs
[2025-08-06T14:07:01.784-0400] {logging_mixin.py:190} INFO - [2025-08-06T14:07:01.784-0400] {dag.py:4180} INFO - Setting next_dagrun for example_nested_branch_dag to 2025-08-05 00:00:00+00:00, run_after=2025-08-06 00:00:00+00:00
[2025-08-06T14:07:01.800-0400] {processor.py:208} INFO - Processing /home/huynguyen2741/airflow_venv/lib/python3.12/site-packages/airflow/example_dags/example_nested_branch_dag.py took 0.065 seconds
[2025-08-06T14:08:10.020-0400] {processor.py:186} INFO - Started process (PID=20258) to work on /home/huynguyen2741/airflow_venv/lib/python3.12/site-packages/airflow/example_dags/example_nested_branch_dag.py
[2025-08-06T14:08:10.021-0400] {processor.py:914} INFO - Processing file /home/huynguyen2741/airflow_venv/lib/python3.12/site-packages/airflow/example_dags/example_nested_branch_dag.py for tasks to queue
[2025-08-06T14:08:10.023-0400] {logging_mixin.py:190} INFO - [2025-08-06T14:08:10.023-0400] {dagbag.py:588} INFO - Filling up the DagBag from /home/huynguyen2741/airflow_venv/lib/python3.12/site-packages/airflow/example_dags/example_nested_branch_dag.py
[2025-08-06T14:08:10.031-0400] {processor.py:925} INFO - DAG(s) 'example_nested_branch_dag' retrieved from /home/huynguyen2741/airflow_venv/lib/python3.12/site-packages/airflow/example_dags/example_nested_branch_dag.py
[2025-08-06T14:08:10.043-0400] {logging_mixin.py:190} INFO - [2025-08-06T14:08:10.042-0400] {dag.py:3239} INFO - Sync 1 DAGs
[2025-08-06T14:08:10.055-0400] {logging_mixin.py:190} INFO - [2025-08-06T14:08:10.055-0400] {dag.py:4180} INFO - Setting next_dagrun for example_nested_branch_dag to 2025-08-05 00:00:00+00:00, run_after=2025-08-06 00:00:00+00:00
[2025-08-06T14:08:10.072-0400] {processor.py:208} INFO - Processing /home/huynguyen2741/airflow_venv/lib/python3.12/site-packages/airflow/example_dags/example_nested_branch_dag.py took 0.057 seconds
[2025-08-06T14:09:18.010-0400] {processor.py:186} INFO - Started process (PID=20671) to work on /home/huynguyen2741/airflow_venv/lib/python3.12/site-packages/airflow/example_dags/example_nested_branch_dag.py
[2025-08-06T14:09:18.011-0400] {processor.py:914} INFO - Processing file /home/huynguyen2741/airflow_venv/lib/python3.12/site-packages/airflow/example_dags/example_nested_branch_dag.py for tasks to queue
[2025-08-06T14:09:18.013-0400] {logging_mixin.py:190} INFO - [2025-08-06T14:09:18.012-0400] {dagbag.py:588} INFO - Filling up the DagBag from /home/huynguyen2741/airflow_venv/lib/python3.12/site-packages/airflow/example_dags/example_nested_branch_dag.py
[2025-08-06T14:09:18.021-0400] {processor.py:925} INFO - DAG(s) 'example_nested_branch_dag' retrieved from /home/huynguyen2741/airflow_venv/lib/python3.12/site-packages/airflow/example_dags/example_nested_branch_dag.py
[2025-08-06T14:09:18.120-0400] {logging_mixin.py:190} INFO - [2025-08-06T14:09:18.119-0400] {dag.py:3239} INFO - Sync 1 DAGs
[2025-08-06T14:09:18.129-0400] {logging_mixin.py:190} INFO - [2025-08-06T14:09:18.129-0400] {dag.py:4180} INFO - Setting next_dagrun for example_nested_branch_dag to 2025-08-05 00:00:00+00:00, run_after=2025-08-06 00:00:00+00:00
[2025-08-06T14:09:18.143-0400] {processor.py:208} INFO - Processing /home/huynguyen2741/airflow_venv/lib/python3.12/site-packages/airflow/example_dags/example_nested_branch_dag.py took 0.137 seconds
[2025-08-06T14:10:19.742-0400] {processor.py:186} INFO - Started process (PID=21077) to work on /home/huynguyen2741/airflow_venv/lib/python3.12/site-packages/airflow/example_dags/example_nested_branch_dag.py
[2025-08-06T14:10:19.746-0400] {processor.py:914} INFO - Processing file /home/huynguyen2741/airflow_venv/lib/python3.12/site-packages/airflow/example_dags/example_nested_branch_dag.py for tasks to queue
[2025-08-06T14:10:19.747-0400] {logging_mixin.py:190} INFO - [2025-08-06T14:10:19.747-0400] {dagbag.py:588} INFO - Filling up the DagBag from /home/huynguyen2741/airflow_venv/lib/python3.12/site-packages/airflow/example_dags/example_nested_branch_dag.py
[2025-08-06T14:10:19.756-0400] {processor.py:925} INFO - DAG(s) 'example_nested_branch_dag' retrieved from /home/huynguyen2741/airflow_venv/lib/python3.12/site-packages/airflow/example_dags/example_nested_branch_dag.py
[2025-08-06T14:10:19.773-0400] {logging_mixin.py:190} INFO - [2025-08-06T14:10:19.773-0400] {dag.py:3239} INFO - Sync 1 DAGs
[2025-08-06T14:10:19.790-0400] {logging_mixin.py:190} INFO - [2025-08-06T14:10:19.790-0400] {dag.py:4180} INFO - Setting next_dagrun for example_nested_branch_dag to 2025-08-05 00:00:00+00:00, run_after=2025-08-06 00:00:00+00:00
[2025-08-06T14:10:19.806-0400] {processor.py:208} INFO - Processing /home/huynguyen2741/airflow_venv/lib/python3.12/site-packages/airflow/example_dags/example_nested_branch_dag.py took 0.069 seconds
[2025-08-06T14:11:20.364-0400] {processor.py:186} INFO - Started process (PID=21366) to work on /home/huynguyen2741/airflow_venv/lib/python3.12/site-packages/airflow/example_dags/example_nested_branch_dag.py
[2025-08-06T14:11:20.365-0400] {processor.py:914} INFO - Processing file /home/huynguyen2741/airflow_venv/lib/python3.12/site-packages/airflow/example_dags/example_nested_branch_dag.py for tasks to queue
[2025-08-06T14:11:20.366-0400] {logging_mixin.py:190} INFO - [2025-08-06T14:11:20.366-0400] {dagbag.py:588} INFO - Filling up the DagBag from /home/huynguyen2741/airflow_venv/lib/python3.12/site-packages/airflow/example_dags/example_nested_branch_dag.py
[2025-08-06T14:11:20.375-0400] {processor.py:925} INFO - DAG(s) 'example_nested_branch_dag' retrieved from /home/huynguyen2741/airflow_venv/lib/python3.12/site-packages/airflow/example_dags/example_nested_branch_dag.py
[2025-08-06T14:11:20.387-0400] {logging_mixin.py:190} INFO - [2025-08-06T14:11:20.387-0400] {dag.py:3239} INFO - Sync 1 DAGs
[2025-08-06T14:11:20.400-0400] {logging_mixin.py:190} INFO - [2025-08-06T14:11:20.400-0400] {dag.py:4180} INFO - Setting next_dagrun for example_nested_branch_dag to 2025-08-05 00:00:00+00:00, run_after=2025-08-06 00:00:00+00:00
[2025-08-06T14:11:20.416-0400] {processor.py:208} INFO - Processing /home/huynguyen2741/airflow_venv/lib/python3.12/site-packages/airflow/example_dags/example_nested_branch_dag.py took 0.056 seconds
[2025-08-06T14:12:25.745-0400] {processor.py:186} INFO - Started process (PID=21713) to work on /home/huynguyen2741/airflow_venv/lib/python3.12/site-packages/airflow/example_dags/example_nested_branch_dag.py
[2025-08-06T14:12:25.751-0400] {processor.py:914} INFO - Processing file /home/huynguyen2741/airflow_venv/lib/python3.12/site-packages/airflow/example_dags/example_nested_branch_dag.py for tasks to queue
[2025-08-06T14:12:25.752-0400] {logging_mixin.py:190} INFO - [2025-08-06T14:12:25.751-0400] {dagbag.py:588} INFO - Filling up the DagBag from /home/huynguyen2741/airflow_venv/lib/python3.12/site-packages/airflow/example_dags/example_nested_branch_dag.py
[2025-08-06T14:12:25.760-0400] {processor.py:925} INFO - DAG(s) 'example_nested_branch_dag' retrieved from /home/huynguyen2741/airflow_venv/lib/python3.12/site-packages/airflow/example_dags/example_nested_branch_dag.py
[2025-08-06T14:12:25.772-0400] {logging_mixin.py:190} INFO - [2025-08-06T14:12:25.772-0400] {dag.py:3239} INFO - Sync 1 DAGs
[2025-08-06T14:12:25.785-0400] {logging_mixin.py:190} INFO - [2025-08-06T14:12:25.785-0400] {dag.py:4180} INFO - Setting next_dagrun for example_nested_branch_dag to 2025-08-05 00:00:00+00:00, run_after=2025-08-06 00:00:00+00:00
[2025-08-06T14:12:25.801-0400] {processor.py:208} INFO - Processing /home/huynguyen2741/airflow_venv/lib/python3.12/site-packages/airflow/example_dags/example_nested_branch_dag.py took 0.060 seconds
[2025-08-06T14:13:29.899-0400] {processor.py:186} INFO - Started process (PID=22165) to work on /home/huynguyen2741/airflow_venv/lib/python3.12/site-packages/airflow/example_dags/example_nested_branch_dag.py
[2025-08-06T14:13:29.901-0400] {processor.py:914} INFO - Processing file /home/huynguyen2741/airflow_venv/lib/python3.12/site-packages/airflow/example_dags/example_nested_branch_dag.py for tasks to queue
[2025-08-06T14:13:29.902-0400] {logging_mixin.py:190} INFO - [2025-08-06T14:13:29.901-0400] {dagbag.py:588} INFO - Filling up the DagBag from /home/huynguyen2741/airflow_venv/lib/python3.12/site-packages/airflow/example_dags/example_nested_branch_dag.py
[2025-08-06T14:13:29.911-0400] {processor.py:925} INFO - DAG(s) 'example_nested_branch_dag' retrieved from /home/huynguyen2741/airflow_venv/lib/python3.12/site-packages/airflow/example_dags/example_nested_branch_dag.py
[2025-08-06T14:13:29.922-0400] {logging_mixin.py:190} INFO - [2025-08-06T14:13:29.922-0400] {dag.py:3239} INFO - Sync 1 DAGs
[2025-08-06T14:13:29.935-0400] {logging_mixin.py:190} INFO - [2025-08-06T14:13:29.935-0400] {dag.py:4180} INFO - Setting next_dagrun for example_nested_branch_dag to 2025-08-05 00:00:00+00:00, run_after=2025-08-06 00:00:00+00:00
[2025-08-06T14:13:29.951-0400] {processor.py:208} INFO - Processing /home/huynguyen2741/airflow_venv/lib/python3.12/site-packages/airflow/example_dags/example_nested_branch_dag.py took 0.055 seconds
[2025-08-06T14:14:38.549-0400] {processor.py:186} INFO - Started process (PID=22553) to work on /home/huynguyen2741/airflow_venv/lib/python3.12/site-packages/airflow/example_dags/example_nested_branch_dag.py
[2025-08-06T14:14:38.553-0400] {processor.py:914} INFO - Processing file /home/huynguyen2741/airflow_venv/lib/python3.12/site-packages/airflow/example_dags/example_nested_branch_dag.py for tasks to queue
[2025-08-06T14:14:38.554-0400] {logging_mixin.py:190} INFO - [2025-08-06T14:14:38.554-0400] {dagbag.py:588} INFO - Filling up the DagBag from /home/huynguyen2741/airflow_venv/lib/python3.12/site-packages/airflow/example_dags/example_nested_branch_dag.py
[2025-08-06T14:14:38.564-0400] {processor.py:925} INFO - DAG(s) 'example_nested_branch_dag' retrieved from /home/huynguyen2741/airflow_venv/lib/python3.12/site-packages/airflow/example_dags/example_nested_branch_dag.py
[2025-08-06T14:14:38.581-0400] {logging_mixin.py:190} INFO - [2025-08-06T14:14:38.580-0400] {dag.py:3239} INFO - Sync 1 DAGs
[2025-08-06T14:14:38.596-0400] {logging_mixin.py:190} INFO - [2025-08-06T14:14:38.596-0400] {dag.py:4180} INFO - Setting next_dagrun for example_nested_branch_dag to 2025-08-05 00:00:00+00:00, run_after=2025-08-06 00:00:00+00:00
[2025-08-06T14:14:38.613-0400] {processor.py:208} INFO - Processing /home/huynguyen2741/airflow_venv/lib/python3.12/site-packages/airflow/example_dags/example_nested_branch_dag.py took 0.069 seconds
[2025-08-06T14:15:41.506-0400] {processor.py:186} INFO - Started process (PID=22905) to work on /home/huynguyen2741/airflow_venv/lib/python3.12/site-packages/airflow/example_dags/example_nested_branch_dag.py
[2025-08-06T14:15:41.516-0400] {processor.py:914} INFO - Processing file /home/huynguyen2741/airflow_venv/lib/python3.12/site-packages/airflow/example_dags/example_nested_branch_dag.py for tasks to queue
[2025-08-06T14:15:41.517-0400] {logging_mixin.py:190} INFO - [2025-08-06T14:15:41.517-0400] {dagbag.py:588} INFO - Filling up the DagBag from /home/huynguyen2741/airflow_venv/lib/python3.12/site-packages/airflow/example_dags/example_nested_branch_dag.py
[2025-08-06T14:15:41.526-0400] {processor.py:925} INFO - DAG(s) 'example_nested_branch_dag' retrieved from /home/huynguyen2741/airflow_venv/lib/python3.12/site-packages/airflow/example_dags/example_nested_branch_dag.py
[2025-08-06T14:15:41.537-0400] {logging_mixin.py:190} INFO - [2025-08-06T14:15:41.537-0400] {dag.py:3239} INFO - Sync 1 DAGs
[2025-08-06T14:15:41.550-0400] {logging_mixin.py:190} INFO - [2025-08-06T14:15:41.550-0400] {dag.py:4180} INFO - Setting next_dagrun for example_nested_branch_dag to 2025-08-05 00:00:00+00:00, run_after=2025-08-06 00:00:00+00:00
[2025-08-06T14:15:41.566-0400] {processor.py:208} INFO - Processing /home/huynguyen2741/airflow_venv/lib/python3.12/site-packages/airflow/example_dags/example_nested_branch_dag.py took 0.064 seconds
[2025-08-06T14:16:42.216-0400] {processor.py:186} INFO - Started process (PID=23174) to work on /home/huynguyen2741/airflow_venv/lib/python3.12/site-packages/airflow/example_dags/example_nested_branch_dag.py
[2025-08-06T14:16:42.217-0400] {processor.py:914} INFO - Processing file /home/huynguyen2741/airflow_venv/lib/python3.12/site-packages/airflow/example_dags/example_nested_branch_dag.py for tasks to queue
[2025-08-06T14:16:42.218-0400] {logging_mixin.py:190} INFO - [2025-08-06T14:16:42.218-0400] {dagbag.py:588} INFO - Filling up the DagBag from /home/huynguyen2741/airflow_venv/lib/python3.12/site-packages/airflow/example_dags/example_nested_branch_dag.py
[2025-08-06T14:16:42.227-0400] {processor.py:925} INFO - DAG(s) 'example_nested_branch_dag' retrieved from /home/huynguyen2741/airflow_venv/lib/python3.12/site-packages/airflow/example_dags/example_nested_branch_dag.py
[2025-08-06T14:16:42.239-0400] {logging_mixin.py:190} INFO - [2025-08-06T14:16:42.239-0400] {dag.py:3239} INFO - Sync 1 DAGs
[2025-08-06T14:16:42.253-0400] {logging_mixin.py:190} INFO - [2025-08-06T14:16:42.253-0400] {dag.py:4180} INFO - Setting next_dagrun for example_nested_branch_dag to 2025-08-05 00:00:00+00:00, run_after=2025-08-06 00:00:00+00:00
[2025-08-06T14:16:42.269-0400] {processor.py:208} INFO - Processing /home/huynguyen2741/airflow_venv/lib/python3.12/site-packages/airflow/example_dags/example_nested_branch_dag.py took 0.057 seconds
[2025-08-06T14:17:49.805-0400] {processor.py:186} INFO - Started process (PID=23427) to work on /home/huynguyen2741/airflow_venv/lib/python3.12/site-packages/airflow/example_dags/example_nested_branch_dag.py
[2025-08-06T14:17:49.806-0400] {processor.py:914} INFO - Processing file /home/huynguyen2741/airflow_venv/lib/python3.12/site-packages/airflow/example_dags/example_nested_branch_dag.py for tasks to queue
[2025-08-06T14:17:49.807-0400] {logging_mixin.py:190} INFO - [2025-08-06T14:17:49.807-0400] {dagbag.py:588} INFO - Filling up the DagBag from /home/huynguyen2741/airflow_venv/lib/python3.12/site-packages/airflow/example_dags/example_nested_branch_dag.py
[2025-08-06T14:17:49.816-0400] {processor.py:925} INFO - DAG(s) 'example_nested_branch_dag' retrieved from /home/huynguyen2741/airflow_venv/lib/python3.12/site-packages/airflow/example_dags/example_nested_branch_dag.py
[2025-08-06T14:17:49.829-0400] {logging_mixin.py:190} INFO - [2025-08-06T14:17:49.828-0400] {dag.py:3239} INFO - Sync 1 DAGs
[2025-08-06T14:17:49.843-0400] {logging_mixin.py:190} INFO - [2025-08-06T14:17:49.843-0400] {dag.py:4180} INFO - Setting next_dagrun for example_nested_branch_dag to 2025-08-05 00:00:00+00:00, run_after=2025-08-06 00:00:00+00:00
[2025-08-06T14:17:49.862-0400] {processor.py:208} INFO - Processing /home/huynguyen2741/airflow_venv/lib/python3.12/site-packages/airflow/example_dags/example_nested_branch_dag.py took 0.062 seconds
[2025-08-06T14:18:55.755-0400] {processor.py:186} INFO - Started process (PID=23667) to work on /home/huynguyen2741/airflow_venv/lib/python3.12/site-packages/airflow/example_dags/example_nested_branch_dag.py
[2025-08-06T14:18:55.759-0400] {processor.py:914} INFO - Processing file /home/huynguyen2741/airflow_venv/lib/python3.12/site-packages/airflow/example_dags/example_nested_branch_dag.py for tasks to queue
[2025-08-06T14:18:55.760-0400] {logging_mixin.py:190} INFO - [2025-08-06T14:18:55.760-0400] {dagbag.py:588} INFO - Filling up the DagBag from /home/huynguyen2741/airflow_venv/lib/python3.12/site-packages/airflow/example_dags/example_nested_branch_dag.py
[2025-08-06T14:18:55.769-0400] {processor.py:925} INFO - DAG(s) 'example_nested_branch_dag' retrieved from /home/huynguyen2741/airflow_venv/lib/python3.12/site-packages/airflow/example_dags/example_nested_branch_dag.py
[2025-08-06T14:18:55.780-0400] {logging_mixin.py:190} INFO - [2025-08-06T14:18:55.780-0400] {dag.py:3239} INFO - Sync 1 DAGs
[2025-08-06T14:18:55.793-0400] {logging_mixin.py:190} INFO - [2025-08-06T14:18:55.793-0400] {dag.py:4180} INFO - Setting next_dagrun for example_nested_branch_dag to 2025-08-05 00:00:00+00:00, run_after=2025-08-06 00:00:00+00:00
[2025-08-06T14:18:55.809-0400] {processor.py:208} INFO - Processing /home/huynguyen2741/airflow_venv/lib/python3.12/site-packages/airflow/example_dags/example_nested_branch_dag.py took 0.059 seconds
[2025-08-06T14:19:59.437-0400] {processor.py:186} INFO - Started process (PID=23922) to work on /home/huynguyen2741/airflow_venv/lib/python3.12/site-packages/airflow/example_dags/example_nested_branch_dag.py
[2025-08-06T14:19:59.438-0400] {processor.py:914} INFO - Processing file /home/huynguyen2741/airflow_venv/lib/python3.12/site-packages/airflow/example_dags/example_nested_branch_dag.py for tasks to queue
[2025-08-06T14:19:59.439-0400] {logging_mixin.py:190} INFO - [2025-08-06T14:19:59.439-0400] {dagbag.py:588} INFO - Filling up the DagBag from /home/huynguyen2741/airflow_venv/lib/python3.12/site-packages/airflow/example_dags/example_nested_branch_dag.py
[2025-08-06T14:19:59.448-0400] {processor.py:925} INFO - DAG(s) 'example_nested_branch_dag' retrieved from /home/huynguyen2741/airflow_venv/lib/python3.12/site-packages/airflow/example_dags/example_nested_branch_dag.py
[2025-08-06T14:19:59.460-0400] {logging_mixin.py:190} INFO - [2025-08-06T14:19:59.460-0400] {dag.py:3239} INFO - Sync 1 DAGs
[2025-08-06T14:19:59.473-0400] {logging_mixin.py:190} INFO - [2025-08-06T14:19:59.473-0400] {dag.py:4180} INFO - Setting next_dagrun for example_nested_branch_dag to 2025-08-05 00:00:00+00:00, run_after=2025-08-06 00:00:00+00:00
[2025-08-06T14:19:59.490-0400] {processor.py:208} INFO - Processing /home/huynguyen2741/airflow_venv/lib/python3.12/site-packages/airflow/example_dags/example_nested_branch_dag.py took 0.057 seconds
[2025-08-06T14:21:05.575-0400] {processor.py:186} INFO - Started process (PID=24155) to work on /home/huynguyen2741/airflow_venv/lib/python3.12/site-packages/airflow/example_dags/example_nested_branch_dag.py
[2025-08-06T14:21:05.585-0400] {processor.py:914} INFO - Processing file /home/huynguyen2741/airflow_venv/lib/python3.12/site-packages/airflow/example_dags/example_nested_branch_dag.py for tasks to queue
[2025-08-06T14:21:05.587-0400] {logging_mixin.py:190} INFO - [2025-08-06T14:21:05.586-0400] {dagbag.py:588} INFO - Filling up the DagBag from /home/huynguyen2741/airflow_venv/lib/python3.12/site-packages/airflow/example_dags/example_nested_branch_dag.py
[2025-08-06T14:21:05.596-0400] {processor.py:925} INFO - DAG(s) 'example_nested_branch_dag' retrieved from /home/huynguyen2741/airflow_venv/lib/python3.12/site-packages/airflow/example_dags/example_nested_branch_dag.py
[2025-08-06T14:21:05.611-0400] {logging_mixin.py:190} INFO - [2025-08-06T14:21:05.611-0400] {dag.py:3239} INFO - Sync 1 DAGs
[2025-08-06T14:21:05.627-0400] {logging_mixin.py:190} INFO - [2025-08-06T14:21:05.627-0400] {dag.py:4180} INFO - Setting next_dagrun for example_nested_branch_dag to 2025-08-05 00:00:00+00:00, run_after=2025-08-06 00:00:00+00:00
[2025-08-06T14:21:05.644-0400] {processor.py:208} INFO - Processing /home/huynguyen2741/airflow_venv/lib/python3.12/site-packages/airflow/example_dags/example_nested_branch_dag.py took 0.073 seconds
[2025-08-06T14:22:14.344-0400] {processor.py:186} INFO - Started process (PID=24441) to work on /home/huynguyen2741/airflow_venv/lib/python3.12/site-packages/airflow/example_dags/example_nested_branch_dag.py
[2025-08-06T14:22:14.354-0400] {processor.py:914} INFO - Processing file /home/huynguyen2741/airflow_venv/lib/python3.12/site-packages/airflow/example_dags/example_nested_branch_dag.py for tasks to queue
[2025-08-06T14:22:14.355-0400] {logging_mixin.py:190} INFO - [2025-08-06T14:22:14.355-0400] {dagbag.py:588} INFO - Filling up the DagBag from /home/huynguyen2741/airflow_venv/lib/python3.12/site-packages/airflow/example_dags/example_nested_branch_dag.py
[2025-08-06T14:22:14.366-0400] {processor.py:925} INFO - DAG(s) 'example_nested_branch_dag' retrieved from /home/huynguyen2741/airflow_venv/lib/python3.12/site-packages/airflow/example_dags/example_nested_branch_dag.py
[2025-08-06T14:22:14.382-0400] {logging_mixin.py:190} INFO - [2025-08-06T14:22:14.382-0400] {dag.py:3239} INFO - Sync 1 DAGs
[2025-08-06T14:22:14.402-0400] {logging_mixin.py:190} INFO - [2025-08-06T14:22:14.402-0400] {dag.py:4180} INFO - Setting next_dagrun for example_nested_branch_dag to 2025-08-05 00:00:00+00:00, run_after=2025-08-06 00:00:00+00:00
[2025-08-06T14:22:14.419-0400] {processor.py:208} INFO - Processing /home/huynguyen2741/airflow_venv/lib/python3.12/site-packages/airflow/example_dags/example_nested_branch_dag.py took 0.080 seconds
[2025-08-06T14:23:17.106-0400] {processor.py:186} INFO - Started process (PID=24922) to work on /home/huynguyen2741/airflow_venv/lib/python3.12/site-packages/airflow/example_dags/example_nested_branch_dag.py
[2025-08-06T14:23:17.107-0400] {processor.py:914} INFO - Processing file /home/huynguyen2741/airflow_venv/lib/python3.12/site-packages/airflow/example_dags/example_nested_branch_dag.py for tasks to queue
[2025-08-06T14:23:17.108-0400] {logging_mixin.py:190} INFO - [2025-08-06T14:23:17.108-0400] {dagbag.py:588} INFO - Filling up the DagBag from /home/huynguyen2741/airflow_venv/lib/python3.12/site-packages/airflow/example_dags/example_nested_branch_dag.py
[2025-08-06T14:23:17.119-0400] {processor.py:925} INFO - DAG(s) 'example_nested_branch_dag' retrieved from /home/huynguyen2741/airflow_venv/lib/python3.12/site-packages/airflow/example_dags/example_nested_branch_dag.py
[2025-08-06T14:23:17.136-0400] {logging_mixin.py:190} INFO - [2025-08-06T14:23:17.136-0400] {dag.py:3239} INFO - Sync 1 DAGs
[2025-08-06T14:23:17.153-0400] {logging_mixin.py:190} INFO - [2025-08-06T14:23:17.153-0400] {dag.py:4180} INFO - Setting next_dagrun for example_nested_branch_dag to 2025-08-05 00:00:00+00:00, run_after=2025-08-06 00:00:00+00:00
[2025-08-06T14:23:17.170-0400] {processor.py:208} INFO - Processing /home/huynguyen2741/airflow_venv/lib/python3.12/site-packages/airflow/example_dags/example_nested_branch_dag.py took 0.068 seconds
[2025-08-06T14:24:19.657-0400] {processor.py:186} INFO - Started process (PID=25229) to work on /home/huynguyen2741/airflow_venv/lib/python3.12/site-packages/airflow/example_dags/example_nested_branch_dag.py
[2025-08-06T14:24:19.666-0400] {processor.py:914} INFO - Processing file /home/huynguyen2741/airflow_venv/lib/python3.12/site-packages/airflow/example_dags/example_nested_branch_dag.py for tasks to queue
[2025-08-06T14:24:19.668-0400] {logging_mixin.py:190} INFO - [2025-08-06T14:24:19.667-0400] {dagbag.py:588} INFO - Filling up the DagBag from /home/huynguyen2741/airflow_venv/lib/python3.12/site-packages/airflow/example_dags/example_nested_branch_dag.py
[2025-08-06T14:24:19.676-0400] {processor.py:925} INFO - DAG(s) 'example_nested_branch_dag' retrieved from /home/huynguyen2741/airflow_venv/lib/python3.12/site-packages/airflow/example_dags/example_nested_branch_dag.py
[2025-08-06T14:24:19.688-0400] {logging_mixin.py:190} INFO - [2025-08-06T14:24:19.688-0400] {dag.py:3239} INFO - Sync 1 DAGs
[2025-08-06T14:24:19.701-0400] {logging_mixin.py:190} INFO - [2025-08-06T14:24:19.701-0400] {dag.py:4180} INFO - Setting next_dagrun for example_nested_branch_dag to 2025-08-05 00:00:00+00:00, run_after=2025-08-06 00:00:00+00:00
[2025-08-06T14:24:19.716-0400] {processor.py:208} INFO - Processing /home/huynguyen2741/airflow_venv/lib/python3.12/site-packages/airflow/example_dags/example_nested_branch_dag.py took 0.064 seconds
[2025-08-06T14:25:26.407-0400] {processor.py:186} INFO - Started process (PID=25601) to work on /home/huynguyen2741/airflow_venv/lib/python3.12/site-packages/airflow/example_dags/example_nested_branch_dag.py
[2025-08-06T14:25:26.411-0400] {processor.py:914} INFO - Processing file /home/huynguyen2741/airflow_venv/lib/python3.12/site-packages/airflow/example_dags/example_nested_branch_dag.py for tasks to queue
[2025-08-06T14:25:26.412-0400] {logging_mixin.py:190} INFO - [2025-08-06T14:25:26.411-0400] {dagbag.py:588} INFO - Filling up the DagBag from /home/huynguyen2741/airflow_venv/lib/python3.12/site-packages/airflow/example_dags/example_nested_branch_dag.py
[2025-08-06T14:25:26.420-0400] {processor.py:925} INFO - DAG(s) 'example_nested_branch_dag' retrieved from /home/huynguyen2741/airflow_venv/lib/python3.12/site-packages/airflow/example_dags/example_nested_branch_dag.py
[2025-08-06T14:25:26.432-0400] {logging_mixin.py:190} INFO - [2025-08-06T14:25:26.432-0400] {dag.py:3239} INFO - Sync 1 DAGs
[2025-08-06T14:25:26.446-0400] {logging_mixin.py:190} INFO - [2025-08-06T14:25:26.445-0400] {dag.py:4180} INFO - Setting next_dagrun for example_nested_branch_dag to 2025-08-05 00:00:00+00:00, run_after=2025-08-06 00:00:00+00:00
[2025-08-06T14:25:26.461-0400] {processor.py:208} INFO - Processing /home/huynguyen2741/airflow_venv/lib/python3.12/site-packages/airflow/example_dags/example_nested_branch_dag.py took 0.060 seconds
[2025-08-06T14:26:28.788-0400] {processor.py:186} INFO - Started process (PID=25820) to work on /home/huynguyen2741/airflow_venv/lib/python3.12/site-packages/airflow/example_dags/example_nested_branch_dag.py
[2025-08-06T14:26:28.792-0400] {processor.py:914} INFO - Processing file /home/huynguyen2741/airflow_venv/lib/python3.12/site-packages/airflow/example_dags/example_nested_branch_dag.py for tasks to queue
[2025-08-06T14:26:28.793-0400] {logging_mixin.py:190} INFO - [2025-08-06T14:26:28.793-0400] {dagbag.py:588} INFO - Filling up the DagBag from /home/huynguyen2741/airflow_venv/lib/python3.12/site-packages/airflow/example_dags/example_nested_branch_dag.py
[2025-08-06T14:26:28.803-0400] {processor.py:925} INFO - DAG(s) 'example_nested_branch_dag' retrieved from /home/huynguyen2741/airflow_venv/lib/python3.12/site-packages/airflow/example_dags/example_nested_branch_dag.py
[2025-08-06T14:26:28.816-0400] {logging_mixin.py:190} INFO - [2025-08-06T14:26:28.816-0400] {dag.py:3239} INFO - Sync 1 DAGs
[2025-08-06T14:26:28.831-0400] {logging_mixin.py:190} INFO - [2025-08-06T14:26:28.831-0400] {dag.py:4180} INFO - Setting next_dagrun for example_nested_branch_dag to 2025-08-05 00:00:00+00:00, run_after=2025-08-06 00:00:00+00:00
[2025-08-06T14:26:28.851-0400] {processor.py:208} INFO - Processing /home/huynguyen2741/airflow_venv/lib/python3.12/site-packages/airflow/example_dags/example_nested_branch_dag.py took 0.068 seconds
[2025-08-06T14:27:34.378-0400] {processor.py:186} INFO - Started process (PID=26117) to work on /home/huynguyen2741/airflow_venv/lib/python3.12/site-packages/airflow/example_dags/example_nested_branch_dag.py
[2025-08-06T14:27:34.380-0400] {processor.py:914} INFO - Processing file /home/huynguyen2741/airflow_venv/lib/python3.12/site-packages/airflow/example_dags/example_nested_branch_dag.py for tasks to queue
[2025-08-06T14:27:34.381-0400] {logging_mixin.py:190} INFO - [2025-08-06T14:27:34.380-0400] {dagbag.py:588} INFO - Filling up the DagBag from /home/huynguyen2741/airflow_venv/lib/python3.12/site-packages/airflow/example_dags/example_nested_branch_dag.py
[2025-08-06T14:27:34.390-0400] {processor.py:925} INFO - DAG(s) 'example_nested_branch_dag' retrieved from /home/huynguyen2741/airflow_venv/lib/python3.12/site-packages/airflow/example_dags/example_nested_branch_dag.py
[2025-08-06T14:27:34.402-0400] {logging_mixin.py:190} INFO - [2025-08-06T14:27:34.402-0400] {dag.py:3239} INFO - Sync 1 DAGs
[2025-08-06T14:27:34.417-0400] {logging_mixin.py:190} INFO - [2025-08-06T14:27:34.417-0400] {dag.py:4180} INFO - Setting next_dagrun for example_nested_branch_dag to 2025-08-05 00:00:00+00:00, run_after=2025-08-06 00:00:00+00:00
[2025-08-06T14:27:34.434-0400] {processor.py:208} INFO - Processing /home/huynguyen2741/airflow_venv/lib/python3.12/site-packages/airflow/example_dags/example_nested_branch_dag.py took 0.061 seconds
[2025-08-06T14:28:38.694-0400] {processor.py:186} INFO - Started process (PID=26415) to work on /home/huynguyen2741/airflow_venv/lib/python3.12/site-packages/airflow/example_dags/example_nested_branch_dag.py
[2025-08-06T14:28:38.704-0400] {processor.py:914} INFO - Processing file /home/huynguyen2741/airflow_venv/lib/python3.12/site-packages/airflow/example_dags/example_nested_branch_dag.py for tasks to queue
[2025-08-06T14:28:38.705-0400] {logging_mixin.py:190} INFO - [2025-08-06T14:28:38.705-0400] {dagbag.py:588} INFO - Filling up the DagBag from /home/huynguyen2741/airflow_venv/lib/python3.12/site-packages/airflow/example_dags/example_nested_branch_dag.py
[2025-08-06T14:28:38.714-0400] {processor.py:925} INFO - DAG(s) 'example_nested_branch_dag' retrieved from /home/huynguyen2741/airflow_venv/lib/python3.12/site-packages/airflow/example_dags/example_nested_branch_dag.py
[2025-08-06T14:28:38.727-0400] {logging_mixin.py:190} INFO - [2025-08-06T14:28:38.727-0400] {dag.py:3239} INFO - Sync 1 DAGs
[2025-08-06T14:28:38.743-0400] {logging_mixin.py:190} INFO - [2025-08-06T14:28:38.743-0400] {dag.py:4180} INFO - Setting next_dagrun for example_nested_branch_dag to 2025-08-05 00:00:00+00:00, run_after=2025-08-06 00:00:00+00:00
[2025-08-06T14:28:38.763-0400] {processor.py:208} INFO - Processing /home/huynguyen2741/airflow_venv/lib/python3.12/site-packages/airflow/example_dags/example_nested_branch_dag.py took 0.074 seconds
[2025-08-06T14:29:44.591-0400] {processor.py:186} INFO - Started process (PID=26675) to work on /home/huynguyen2741/airflow_venv/lib/python3.12/site-packages/airflow/example_dags/example_nested_branch_dag.py
[2025-08-06T14:29:44.592-0400] {processor.py:914} INFO - Processing file /home/huynguyen2741/airflow_venv/lib/python3.12/site-packages/airflow/example_dags/example_nested_branch_dag.py for tasks to queue
[2025-08-06T14:29:44.593-0400] {logging_mixin.py:190} INFO - [2025-08-06T14:29:44.593-0400] {dagbag.py:588} INFO - Filling up the DagBag from /home/huynguyen2741/airflow_venv/lib/python3.12/site-packages/airflow/example_dags/example_nested_branch_dag.py
[2025-08-06T14:29:44.603-0400] {processor.py:925} INFO - DAG(s) 'example_nested_branch_dag' retrieved from /home/huynguyen2741/airflow_venv/lib/python3.12/site-packages/airflow/example_dags/example_nested_branch_dag.py
[2025-08-06T14:29:44.616-0400] {logging_mixin.py:190} INFO - [2025-08-06T14:29:44.616-0400] {dag.py:3239} INFO - Sync 1 DAGs
[2025-08-06T14:29:44.633-0400] {logging_mixin.py:190} INFO - [2025-08-06T14:29:44.633-0400] {dag.py:4180} INFO - Setting next_dagrun for example_nested_branch_dag to 2025-08-05 00:00:00+00:00, run_after=2025-08-06 00:00:00+00:00
[2025-08-06T14:29:44.654-0400] {processor.py:208} INFO - Processing /home/huynguyen2741/airflow_venv/lib/python3.12/site-packages/airflow/example_dags/example_nested_branch_dag.py took 0.069 seconds
[2025-08-06T14:31:02.321-0400] {processor.py:186} INFO - Started process (PID=27109) to work on /home/huynguyen2741/airflow_venv/lib/python3.12/site-packages/airflow/example_dags/example_nested_branch_dag.py
[2025-08-06T14:31:02.322-0400] {processor.py:914} INFO - Processing file /home/huynguyen2741/airflow_venv/lib/python3.12/site-packages/airflow/example_dags/example_nested_branch_dag.py for tasks to queue
[2025-08-06T14:31:02.323-0400] {logging_mixin.py:190} INFO - [2025-08-06T14:31:02.323-0400] {dagbag.py:588} INFO - Filling up the DagBag from /home/huynguyen2741/airflow_venv/lib/python3.12/site-packages/airflow/example_dags/example_nested_branch_dag.py
[2025-08-06T14:31:02.332-0400] {processor.py:925} INFO - DAG(s) 'example_nested_branch_dag' retrieved from /home/huynguyen2741/airflow_venv/lib/python3.12/site-packages/airflow/example_dags/example_nested_branch_dag.py
[2025-08-06T14:31:02.344-0400] {logging_mixin.py:190} INFO - [2025-08-06T14:31:02.344-0400] {dag.py:3239} INFO - Sync 1 DAGs
[2025-08-06T14:31:02.358-0400] {logging_mixin.py:190} INFO - [2025-08-06T14:31:02.357-0400] {dag.py:4180} INFO - Setting next_dagrun for example_nested_branch_dag to 2025-08-05 00:00:00+00:00, run_after=2025-08-06 00:00:00+00:00
[2025-08-06T14:31:02.375-0400] {processor.py:208} INFO - Processing /home/huynguyen2741/airflow_venv/lib/python3.12/site-packages/airflow/example_dags/example_nested_branch_dag.py took 0.059 seconds
[2025-08-06T14:32:12.005-0400] {processor.py:186} INFO - Started process (PID=27365) to work on /home/huynguyen2741/airflow_venv/lib/python3.12/site-packages/airflow/example_dags/example_nested_branch_dag.py
[2025-08-06T14:32:12.006-0400] {processor.py:914} INFO - Processing file /home/huynguyen2741/airflow_venv/lib/python3.12/site-packages/airflow/example_dags/example_nested_branch_dag.py for tasks to queue
[2025-08-06T14:32:12.007-0400] {logging_mixin.py:190} INFO - [2025-08-06T14:32:12.007-0400] {dagbag.py:588} INFO - Filling up the DagBag from /home/huynguyen2741/airflow_venv/lib/python3.12/site-packages/airflow/example_dags/example_nested_branch_dag.py
[2025-08-06T14:32:12.016-0400] {processor.py:925} INFO - DAG(s) 'example_nested_branch_dag' retrieved from /home/huynguyen2741/airflow_venv/lib/python3.12/site-packages/airflow/example_dags/example_nested_branch_dag.py
[2025-08-06T14:32:12.030-0400] {logging_mixin.py:190} INFO - [2025-08-06T14:32:12.030-0400] {dag.py:3239} INFO - Sync 1 DAGs
[2025-08-06T14:32:12.045-0400] {logging_mixin.py:190} INFO - [2025-08-06T14:32:12.045-0400] {dag.py:4180} INFO - Setting next_dagrun for example_nested_branch_dag to 2025-08-05 00:00:00+00:00, run_after=2025-08-06 00:00:00+00:00
[2025-08-06T14:32:12.061-0400] {processor.py:208} INFO - Processing /home/huynguyen2741/airflow_venv/lib/python3.12/site-packages/airflow/example_dags/example_nested_branch_dag.py took 0.062 seconds
[2025-08-06T14:33:21.056-0400] {processor.py:186} INFO - Started process (PID=27692) to work on /home/huynguyen2741/airflow_venv/lib/python3.12/site-packages/airflow/example_dags/example_nested_branch_dag.py
[2025-08-06T14:33:21.066-0400] {processor.py:914} INFO - Processing file /home/huynguyen2741/airflow_venv/lib/python3.12/site-packages/airflow/example_dags/example_nested_branch_dag.py for tasks to queue
[2025-08-06T14:33:21.067-0400] {logging_mixin.py:190} INFO - [2025-08-06T14:33:21.067-0400] {dagbag.py:588} INFO - Filling up the DagBag from /home/huynguyen2741/airflow_venv/lib/python3.12/site-packages/airflow/example_dags/example_nested_branch_dag.py
[2025-08-06T14:33:21.076-0400] {processor.py:925} INFO - DAG(s) 'example_nested_branch_dag' retrieved from /home/huynguyen2741/airflow_venv/lib/python3.12/site-packages/airflow/example_dags/example_nested_branch_dag.py
[2025-08-06T14:33:21.092-0400] {logging_mixin.py:190} INFO - [2025-08-06T14:33:21.091-0400] {dag.py:3239} INFO - Sync 1 DAGs
[2025-08-06T14:33:21.108-0400] {logging_mixin.py:190} INFO - [2025-08-06T14:33:21.108-0400] {dag.py:4180} INFO - Setting next_dagrun for example_nested_branch_dag to 2025-08-05 00:00:00+00:00, run_after=2025-08-06 00:00:00+00:00
[2025-08-06T14:33:21.126-0400] {processor.py:208} INFO - Processing /home/huynguyen2741/airflow_venv/lib/python3.12/site-packages/airflow/example_dags/example_nested_branch_dag.py took 0.075 seconds
[2025-08-06T14:35:14.626-0400] {processor.py:186} INFO - Started process (PID=28306) to work on /home/huynguyen2741/airflow_venv/lib/python3.12/site-packages/airflow/example_dags/example_nested_branch_dag.py
[2025-08-06T14:35:14.630-0400] {processor.py:914} INFO - Processing file /home/huynguyen2741/airflow_venv/lib/python3.12/site-packages/airflow/example_dags/example_nested_branch_dag.py for tasks to queue
[2025-08-06T14:35:14.631-0400] {logging_mixin.py:190} INFO - [2025-08-06T14:35:14.631-0400] {dagbag.py:588} INFO - Filling up the DagBag from /home/huynguyen2741/airflow_venv/lib/python3.12/site-packages/airflow/example_dags/example_nested_branch_dag.py
[2025-08-06T14:35:14.640-0400] {processor.py:925} INFO - DAG(s) 'example_nested_branch_dag' retrieved from /home/huynguyen2741/airflow_venv/lib/python3.12/site-packages/airflow/example_dags/example_nested_branch_dag.py
[2025-08-06T14:35:14.651-0400] {logging_mixin.py:190} INFO - [2025-08-06T14:35:14.651-0400] {dag.py:3239} INFO - Sync 1 DAGs
[2025-08-06T14:35:14.664-0400] {logging_mixin.py:190} INFO - [2025-08-06T14:35:14.664-0400] {dag.py:4180} INFO - Setting next_dagrun for example_nested_branch_dag to 2025-08-05 00:00:00+00:00, run_after=2025-08-06 00:00:00+00:00
[2025-08-06T14:35:14.679-0400] {processor.py:208} INFO - Processing /home/huynguyen2741/airflow_venv/lib/python3.12/site-packages/airflow/example_dags/example_nested_branch_dag.py took 0.058 seconds
[2025-08-06T14:36:21.101-0400] {processor.py:186} INFO - Started process (PID=28580) to work on /home/huynguyen2741/airflow_venv/lib/python3.12/site-packages/airflow/example_dags/example_nested_branch_dag.py
[2025-08-06T14:36:21.105-0400] {processor.py:914} INFO - Processing file /home/huynguyen2741/airflow_venv/lib/python3.12/site-packages/airflow/example_dags/example_nested_branch_dag.py for tasks to queue
[2025-08-06T14:36:21.106-0400] {logging_mixin.py:190} INFO - [2025-08-06T14:36:21.106-0400] {dagbag.py:588} INFO - Filling up the DagBag from /home/huynguyen2741/airflow_venv/lib/python3.12/site-packages/airflow/example_dags/example_nested_branch_dag.py
[2025-08-06T14:36:21.116-0400] {processor.py:925} INFO - DAG(s) 'example_nested_branch_dag' retrieved from /home/huynguyen2741/airflow_venv/lib/python3.12/site-packages/airflow/example_dags/example_nested_branch_dag.py
[2025-08-06T14:36:21.133-0400] {logging_mixin.py:190} INFO - [2025-08-06T14:36:21.132-0400] {dag.py:3239} INFO - Sync 1 DAGs
[2025-08-06T14:36:21.149-0400] {logging_mixin.py:190} INFO - [2025-08-06T14:36:21.149-0400] {dag.py:4180} INFO - Setting next_dagrun for example_nested_branch_dag to 2025-08-05 00:00:00+00:00, run_after=2025-08-06 00:00:00+00:00
[2025-08-06T14:36:21.165-0400] {processor.py:208} INFO - Processing /home/huynguyen2741/airflow_venv/lib/python3.12/site-packages/airflow/example_dags/example_nested_branch_dag.py took 0.069 seconds
[2025-08-06T14:37:26.007-0400] {processor.py:186} INFO - Started process (PID=28828) to work on /home/huynguyen2741/airflow_venv/lib/python3.12/site-packages/airflow/example_dags/example_nested_branch_dag.py
[2025-08-06T14:37:26.007-0400] {processor.py:914} INFO - Processing file /home/huynguyen2741/airflow_venv/lib/python3.12/site-packages/airflow/example_dags/example_nested_branch_dag.py for tasks to queue
[2025-08-06T14:37:26.008-0400] {logging_mixin.py:190} INFO - [2025-08-06T14:37:26.008-0400] {dagbag.py:588} INFO - Filling up the DagBag from /home/huynguyen2741/airflow_venv/lib/python3.12/site-packages/airflow/example_dags/example_nested_branch_dag.py
[2025-08-06T14:37:26.017-0400] {processor.py:925} INFO - DAG(s) 'example_nested_branch_dag' retrieved from /home/huynguyen2741/airflow_venv/lib/python3.12/site-packages/airflow/example_dags/example_nested_branch_dag.py
[2025-08-06T14:37:26.032-0400] {logging_mixin.py:190} INFO - [2025-08-06T14:37:26.032-0400] {dag.py:3239} INFO - Sync 1 DAGs
[2025-08-06T14:37:26.048-0400] {logging_mixin.py:190} INFO - [2025-08-06T14:37:26.048-0400] {dag.py:4180} INFO - Setting next_dagrun for example_nested_branch_dag to 2025-08-05 00:00:00+00:00, run_after=2025-08-06 00:00:00+00:00
[2025-08-06T14:37:26.074-0400] {processor.py:208} INFO - Processing /home/huynguyen2741/airflow_venv/lib/python3.12/site-packages/airflow/example_dags/example_nested_branch_dag.py took 0.073 seconds
[2025-08-06T14:38:33.708-0400] {processor.py:186} INFO - Started process (PID=29067) to work on /home/huynguyen2741/airflow_venv/lib/python3.12/site-packages/airflow/example_dags/example_nested_branch_dag.py
[2025-08-06T14:38:33.718-0400] {processor.py:914} INFO - Processing file /home/huynguyen2741/airflow_venv/lib/python3.12/site-packages/airflow/example_dags/example_nested_branch_dag.py for tasks to queue
[2025-08-06T14:38:33.719-0400] {logging_mixin.py:190} INFO - [2025-08-06T14:38:33.718-0400] {dagbag.py:588} INFO - Filling up the DagBag from /home/huynguyen2741/airflow_venv/lib/python3.12/site-packages/airflow/example_dags/example_nested_branch_dag.py
[2025-08-06T14:38:33.728-0400] {processor.py:925} INFO - DAG(s) 'example_nested_branch_dag' retrieved from /home/huynguyen2741/airflow_venv/lib/python3.12/site-packages/airflow/example_dags/example_nested_branch_dag.py
[2025-08-06T14:38:33.742-0400] {logging_mixin.py:190} INFO - [2025-08-06T14:38:33.742-0400] {dag.py:3239} INFO - Sync 1 DAGs
[2025-08-06T14:38:33.759-0400] {logging_mixin.py:190} INFO - [2025-08-06T14:38:33.759-0400] {dag.py:4180} INFO - Setting next_dagrun for example_nested_branch_dag to 2025-08-05 00:00:00+00:00, run_after=2025-08-06 00:00:00+00:00
[2025-08-06T14:38:33.778-0400] {processor.py:208} INFO - Processing /home/huynguyen2741/airflow_venv/lib/python3.12/site-packages/airflow/example_dags/example_nested_branch_dag.py took 0.075 seconds
[2025-08-06T14:39:41.408-0400] {processor.py:186} INFO - Started process (PID=29361) to work on /home/huynguyen2741/airflow_venv/lib/python3.12/site-packages/airflow/example_dags/example_nested_branch_dag.py
[2025-08-06T14:39:41.412-0400] {processor.py:914} INFO - Processing file /home/huynguyen2741/airflow_venv/lib/python3.12/site-packages/airflow/example_dags/example_nested_branch_dag.py for tasks to queue
[2025-08-06T14:39:41.413-0400] {logging_mixin.py:190} INFO - [2025-08-06T14:39:41.413-0400] {dagbag.py:588} INFO - Filling up the DagBag from /home/huynguyen2741/airflow_venv/lib/python3.12/site-packages/airflow/example_dags/example_nested_branch_dag.py
[2025-08-06T14:39:41.422-0400] {processor.py:925} INFO - DAG(s) 'example_nested_branch_dag' retrieved from /home/huynguyen2741/airflow_venv/lib/python3.12/site-packages/airflow/example_dags/example_nested_branch_dag.py
[2025-08-06T14:39:41.434-0400] {logging_mixin.py:190} INFO - [2025-08-06T14:39:41.433-0400] {dag.py:3239} INFO - Sync 1 DAGs
[2025-08-06T14:39:41.448-0400] {logging_mixin.py:190} INFO - [2025-08-06T14:39:41.448-0400] {dag.py:4180} INFO - Setting next_dagrun for example_nested_branch_dag to 2025-08-05 00:00:00+00:00, run_after=2025-08-06 00:00:00+00:00
[2025-08-06T14:39:41.465-0400] {processor.py:208} INFO - Processing /home/huynguyen2741/airflow_venv/lib/python3.12/site-packages/airflow/example_dags/example_nested_branch_dag.py took 0.062 seconds
[2025-08-06T14:40:48.430-0400] {processor.py:186} INFO - Started process (PID=29598) to work on /home/huynguyen2741/airflow_venv/lib/python3.12/site-packages/airflow/example_dags/example_nested_branch_dag.py
[2025-08-06T14:40:48.432-0400] {processor.py:914} INFO - Processing file /home/huynguyen2741/airflow_venv/lib/python3.12/site-packages/airflow/example_dags/example_nested_branch_dag.py for tasks to queue
[2025-08-06T14:40:48.432-0400] {logging_mixin.py:190} INFO - [2025-08-06T14:40:48.432-0400] {dagbag.py:588} INFO - Filling up the DagBag from /home/huynguyen2741/airflow_venv/lib/python3.12/site-packages/airflow/example_dags/example_nested_branch_dag.py
[2025-08-06T14:40:48.441-0400] {processor.py:925} INFO - DAG(s) 'example_nested_branch_dag' retrieved from /home/huynguyen2741/airflow_venv/lib/python3.12/site-packages/airflow/example_dags/example_nested_branch_dag.py
[2025-08-06T14:40:48.453-0400] {logging_mixin.py:190} INFO - [2025-08-06T14:40:48.453-0400] {dag.py:3239} INFO - Sync 1 DAGs
[2025-08-06T14:40:48.467-0400] {logging_mixin.py:190} INFO - [2025-08-06T14:40:48.466-0400] {dag.py:4180} INFO - Setting next_dagrun for example_nested_branch_dag to 2025-08-05 00:00:00+00:00, run_after=2025-08-06 00:00:00+00:00
[2025-08-06T14:40:48.482-0400] {processor.py:208} INFO - Processing /home/huynguyen2741/airflow_venv/lib/python3.12/site-packages/airflow/example_dags/example_nested_branch_dag.py took 0.057 seconds
[2025-08-06T14:41:53.797-0400] {processor.py:186} INFO - Started process (PID=29883) to work on /home/huynguyen2741/airflow_venv/lib/python3.12/site-packages/airflow/example_dags/example_nested_branch_dag.py
[2025-08-06T14:41:53.801-0400] {processor.py:914} INFO - Processing file /home/huynguyen2741/airflow_venv/lib/python3.12/site-packages/airflow/example_dags/example_nested_branch_dag.py for tasks to queue
[2025-08-06T14:41:53.802-0400] {logging_mixin.py:190} INFO - [2025-08-06T14:41:53.801-0400] {dagbag.py:588} INFO - Filling up the DagBag from /home/huynguyen2741/airflow_venv/lib/python3.12/site-packages/airflow/example_dags/example_nested_branch_dag.py
[2025-08-06T14:41:53.810-0400] {processor.py:925} INFO - DAG(s) 'example_nested_branch_dag' retrieved from /home/huynguyen2741/airflow_venv/lib/python3.12/site-packages/airflow/example_dags/example_nested_branch_dag.py
[2025-08-06T14:41:53.821-0400] {logging_mixin.py:190} INFO - [2025-08-06T14:41:53.821-0400] {dag.py:3239} INFO - Sync 1 DAGs
[2025-08-06T14:41:53.834-0400] {logging_mixin.py:190} INFO - [2025-08-06T14:41:53.834-0400] {dag.py:4180} INFO - Setting next_dagrun for example_nested_branch_dag to 2025-08-05 00:00:00+00:00, run_after=2025-08-06 00:00:00+00:00
[2025-08-06T14:41:53.849-0400] {processor.py:208} INFO - Processing /home/huynguyen2741/airflow_venv/lib/python3.12/site-packages/airflow/example_dags/example_nested_branch_dag.py took 0.057 seconds
[2025-08-06T14:42:55.038-0400] {processor.py:186} INFO - Started process (PID=30112) to work on /home/huynguyen2741/airflow_venv/lib/python3.12/site-packages/airflow/example_dags/example_nested_branch_dag.py
[2025-08-06T14:42:55.039-0400] {processor.py:914} INFO - Processing file /home/huynguyen2741/airflow_venv/lib/python3.12/site-packages/airflow/example_dags/example_nested_branch_dag.py for tasks to queue
[2025-08-06T14:42:55.040-0400] {logging_mixin.py:190} INFO - [2025-08-06T14:42:55.040-0400] {dagbag.py:588} INFO - Filling up the DagBag from /home/huynguyen2741/airflow_venv/lib/python3.12/site-packages/airflow/example_dags/example_nested_branch_dag.py
[2025-08-06T14:42:55.048-0400] {processor.py:925} INFO - DAG(s) 'example_nested_branch_dag' retrieved from /home/huynguyen2741/airflow_venv/lib/python3.12/site-packages/airflow/example_dags/example_nested_branch_dag.py
[2025-08-06T14:42:55.062-0400] {logging_mixin.py:190} INFO - [2025-08-06T14:42:55.062-0400] {dag.py:3239} INFO - Sync 1 DAGs
[2025-08-06T14:42:55.078-0400] {logging_mixin.py:190} INFO - [2025-08-06T14:42:55.077-0400] {dag.py:4180} INFO - Setting next_dagrun for example_nested_branch_dag to 2025-08-05 00:00:00+00:00, run_after=2025-08-06 00:00:00+00:00
[2025-08-06T14:42:55.094-0400] {processor.py:208} INFO - Processing /home/huynguyen2741/airflow_venv/lib/python3.12/site-packages/airflow/example_dags/example_nested_branch_dag.py took 0.061 seconds
[2025-08-06T14:44:02.426-0400] {processor.py:186} INFO - Started process (PID=30354) to work on /home/huynguyen2741/airflow_venv/lib/python3.12/site-packages/airflow/example_dags/example_nested_branch_dag.py
[2025-08-06T14:44:02.427-0400] {processor.py:914} INFO - Processing file /home/huynguyen2741/airflow_venv/lib/python3.12/site-packages/airflow/example_dags/example_nested_branch_dag.py for tasks to queue
[2025-08-06T14:44:02.429-0400] {logging_mixin.py:190} INFO - [2025-08-06T14:44:02.428-0400] {dagbag.py:588} INFO - Filling up the DagBag from /home/huynguyen2741/airflow_venv/lib/python3.12/site-packages/airflow/example_dags/example_nested_branch_dag.py
[2025-08-06T14:44:02.439-0400] {processor.py:925} INFO - DAG(s) 'example_nested_branch_dag' retrieved from /home/huynguyen2741/airflow_venv/lib/python3.12/site-packages/airflow/example_dags/example_nested_branch_dag.py
[2025-08-06T14:44:02.452-0400] {logging_mixin.py:190} INFO - [2025-08-06T14:44:02.452-0400] {dag.py:3239} INFO - Sync 1 DAGs
[2025-08-06T14:44:02.469-0400] {logging_mixin.py:190} INFO - [2025-08-06T14:44:02.469-0400] {dag.py:4180} INFO - Setting next_dagrun for example_nested_branch_dag to 2025-08-05 00:00:00+00:00, run_after=2025-08-06 00:00:00+00:00
[2025-08-06T14:44:02.489-0400] {processor.py:208} INFO - Processing /home/huynguyen2741/airflow_venv/lib/python3.12/site-packages/airflow/example_dags/example_nested_branch_dag.py took 0.069 seconds
[2025-08-06T14:44:59.330-0400] {processor.py:186} INFO - Started process (PID=30602) to work on /home/huynguyen2741/airflow_venv/lib/python3.12/site-packages/airflow/example_dags/example_nested_branch_dag.py
[2025-08-06T14:44:59.334-0400] {processor.py:914} INFO - Processing file /home/huynguyen2741/airflow_venv/lib/python3.12/site-packages/airflow/example_dags/example_nested_branch_dag.py for tasks to queue
[2025-08-06T14:44:59.336-0400] {logging_mixin.py:190} INFO - [2025-08-06T14:44:59.335-0400] {dagbag.py:588} INFO - Filling up the DagBag from /home/huynguyen2741/airflow_venv/lib/python3.12/site-packages/airflow/example_dags/example_nested_branch_dag.py
[2025-08-06T14:44:59.344-0400] {processor.py:925} INFO - DAG(s) 'example_nested_branch_dag' retrieved from /home/huynguyen2741/airflow_venv/lib/python3.12/site-packages/airflow/example_dags/example_nested_branch_dag.py
[2025-08-06T14:44:59.359-0400] {logging_mixin.py:190} INFO - [2025-08-06T14:44:59.359-0400] {dag.py:3239} INFO - Sync 1 DAGs
[2025-08-06T14:44:59.374-0400] {logging_mixin.py:190} INFO - [2025-08-06T14:44:59.374-0400] {dag.py:4180} INFO - Setting next_dagrun for example_nested_branch_dag to 2025-08-05 00:00:00+00:00, run_after=2025-08-06 00:00:00+00:00
[2025-08-06T14:44:59.392-0400] {processor.py:208} INFO - Processing /home/huynguyen2741/airflow_venv/lib/python3.12/site-packages/airflow/example_dags/example_nested_branch_dag.py took 0.067 seconds
[2025-08-06T14:45:59.760-0400] {processor.py:186} INFO - Started process (PID=30866) to work on /home/huynguyen2741/airflow_venv/lib/python3.12/site-packages/airflow/example_dags/example_nested_branch_dag.py
[2025-08-06T14:45:59.761-0400] {processor.py:914} INFO - Processing file /home/huynguyen2741/airflow_venv/lib/python3.12/site-packages/airflow/example_dags/example_nested_branch_dag.py for tasks to queue
[2025-08-06T14:45:59.763-0400] {logging_mixin.py:190} INFO - [2025-08-06T14:45:59.763-0400] {dagbag.py:588} INFO - Filling up the DagBag from /home/huynguyen2741/airflow_venv/lib/python3.12/site-packages/airflow/example_dags/example_nested_branch_dag.py
[2025-08-06T14:45:59.778-0400] {processor.py:925} INFO - DAG(s) 'example_nested_branch_dag' retrieved from /home/huynguyen2741/airflow_venv/lib/python3.12/site-packages/airflow/example_dags/example_nested_branch_dag.py
[2025-08-06T14:45:59.801-0400] {logging_mixin.py:190} INFO - [2025-08-06T14:45:59.801-0400] {dag.py:3239} INFO - Sync 1 DAGs
[2025-08-06T14:45:59.825-0400] {logging_mixin.py:190} INFO - [2025-08-06T14:45:59.825-0400] {dag.py:4180} INFO - Setting next_dagrun for example_nested_branch_dag to 2025-08-05 00:00:00+00:00, run_after=2025-08-06 00:00:00+00:00
[2025-08-06T14:45:59.843-0400] {processor.py:208} INFO - Processing /home/huynguyen2741/airflow_venv/lib/python3.12/site-packages/airflow/example_dags/example_nested_branch_dag.py took 0.091 seconds
[2025-08-06T14:47:01.313-0400] {processor.py:186} INFO - Started process (PID=31160) to work on /home/huynguyen2741/airflow_venv/lib/python3.12/site-packages/airflow/example_dags/example_nested_branch_dag.py
[2025-08-06T14:47:01.317-0400] {processor.py:914} INFO - Processing file /home/huynguyen2741/airflow_venv/lib/python3.12/site-packages/airflow/example_dags/example_nested_branch_dag.py for tasks to queue
[2025-08-06T14:47:01.319-0400] {logging_mixin.py:190} INFO - [2025-08-06T14:47:01.318-0400] {dagbag.py:588} INFO - Filling up the DagBag from /home/huynguyen2741/airflow_venv/lib/python3.12/site-packages/airflow/example_dags/example_nested_branch_dag.py
[2025-08-06T14:47:01.330-0400] {processor.py:925} INFO - DAG(s) 'example_nested_branch_dag' retrieved from /home/huynguyen2741/airflow_venv/lib/python3.12/site-packages/airflow/example_dags/example_nested_branch_dag.py
[2025-08-06T14:47:01.346-0400] {logging_mixin.py:190} INFO - [2025-08-06T14:47:01.345-0400] {dag.py:3239} INFO - Sync 1 DAGs
[2025-08-06T14:47:01.361-0400] {logging_mixin.py:190} INFO - [2025-08-06T14:47:01.361-0400] {dag.py:4180} INFO - Setting next_dagrun for example_nested_branch_dag to 2025-08-05 00:00:00+00:00, run_after=2025-08-06 00:00:00+00:00
[2025-08-06T14:47:01.378-0400] {processor.py:208} INFO - Processing /home/huynguyen2741/airflow_venv/lib/python3.12/site-packages/airflow/example_dags/example_nested_branch_dag.py took 0.071 seconds
[2025-08-06T14:48:33.957-0400] {processor.py:186} INFO - Started process (PID=31692) to work on /home/huynguyen2741/airflow_venv/lib/python3.12/site-packages/airflow/example_dags/example_nested_branch_dag.py
[2025-08-06T14:48:33.962-0400] {processor.py:914} INFO - Processing file /home/huynguyen2741/airflow_venv/lib/python3.12/site-packages/airflow/example_dags/example_nested_branch_dag.py for tasks to queue
[2025-08-06T14:48:33.963-0400] {logging_mixin.py:190} INFO - [2025-08-06T14:48:33.963-0400] {dagbag.py:588} INFO - Filling up the DagBag from /home/huynguyen2741/airflow_venv/lib/python3.12/site-packages/airflow/example_dags/example_nested_branch_dag.py
[2025-08-06T14:48:33.972-0400] {processor.py:925} INFO - DAG(s) 'example_nested_branch_dag' retrieved from /home/huynguyen2741/airflow_venv/lib/python3.12/site-packages/airflow/example_dags/example_nested_branch_dag.py
[2025-08-06T14:48:33.984-0400] {logging_mixin.py:190} INFO - [2025-08-06T14:48:33.983-0400] {dag.py:3239} INFO - Sync 1 DAGs
[2025-08-06T14:48:33.997-0400] {logging_mixin.py:190} INFO - [2025-08-06T14:48:33.997-0400] {dag.py:4180} INFO - Setting next_dagrun for example_nested_branch_dag to 2025-08-05 00:00:00+00:00, run_after=2025-08-06 00:00:00+00:00
[2025-08-06T14:48:34.012-0400] {processor.py:208} INFO - Processing /home/huynguyen2741/airflow_venv/lib/python3.12/site-packages/airflow/example_dags/example_nested_branch_dag.py took 0.060 seconds
[2025-08-06T14:49:35.188-0400] {processor.py:186} INFO - Started process (PID=31912) to work on /home/huynguyen2741/airflow_venv/lib/python3.12/site-packages/airflow/example_dags/example_nested_branch_dag.py
[2025-08-06T14:49:35.192-0400] {processor.py:914} INFO - Processing file /home/huynguyen2741/airflow_venv/lib/python3.12/site-packages/airflow/example_dags/example_nested_branch_dag.py for tasks to queue
[2025-08-06T14:49:35.193-0400] {logging_mixin.py:190} INFO - [2025-08-06T14:49:35.193-0400] {dagbag.py:588} INFO - Filling up the DagBag from /home/huynguyen2741/airflow_venv/lib/python3.12/site-packages/airflow/example_dags/example_nested_branch_dag.py
[2025-08-06T14:49:35.202-0400] {processor.py:925} INFO - DAG(s) 'example_nested_branch_dag' retrieved from /home/huynguyen2741/airflow_venv/lib/python3.12/site-packages/airflow/example_dags/example_nested_branch_dag.py
[2025-08-06T14:49:35.213-0400] {logging_mixin.py:190} INFO - [2025-08-06T14:49:35.213-0400] {dag.py:3239} INFO - Sync 1 DAGs
[2025-08-06T14:49:35.226-0400] {logging_mixin.py:190} INFO - [2025-08-06T14:49:35.226-0400] {dag.py:4180} INFO - Setting next_dagrun for example_nested_branch_dag to 2025-08-05 00:00:00+00:00, run_after=2025-08-06 00:00:00+00:00
[2025-08-06T14:49:35.242-0400] {processor.py:208} INFO - Processing /home/huynguyen2741/airflow_venv/lib/python3.12/site-packages/airflow/example_dags/example_nested_branch_dag.py took 0.059 seconds
[2025-08-06T14:50:42.700-0400] {processor.py:186} INFO - Started process (PID=32154) to work on /home/huynguyen2741/airflow_venv/lib/python3.12/site-packages/airflow/example_dags/example_nested_branch_dag.py
[2025-08-06T14:50:42.705-0400] {processor.py:914} INFO - Processing file /home/huynguyen2741/airflow_venv/lib/python3.12/site-packages/airflow/example_dags/example_nested_branch_dag.py for tasks to queue
[2025-08-06T14:50:42.706-0400] {logging_mixin.py:190} INFO - [2025-08-06T14:50:42.706-0400] {dagbag.py:588} INFO - Filling up the DagBag from /home/huynguyen2741/airflow_venv/lib/python3.12/site-packages/airflow/example_dags/example_nested_branch_dag.py
[2025-08-06T14:50:42.715-0400] {processor.py:925} INFO - DAG(s) 'example_nested_branch_dag' retrieved from /home/huynguyen2741/airflow_venv/lib/python3.12/site-packages/airflow/example_dags/example_nested_branch_dag.py
[2025-08-06T14:50:42.726-0400] {logging_mixin.py:190} INFO - [2025-08-06T14:50:42.726-0400] {dag.py:3239} INFO - Sync 1 DAGs
[2025-08-06T14:50:42.739-0400] {logging_mixin.py:190} INFO - [2025-08-06T14:50:42.739-0400] {dag.py:4180} INFO - Setting next_dagrun for example_nested_branch_dag to 2025-08-05 00:00:00+00:00, run_after=2025-08-06 00:00:00+00:00
[2025-08-06T14:50:42.754-0400] {processor.py:208} INFO - Processing /home/huynguyen2741/airflow_venv/lib/python3.12/site-packages/airflow/example_dags/example_nested_branch_dag.py took 0.059 seconds
[2025-08-06T14:51:42.220-0400] {processor.py:186} INFO - Started process (PID=32384) to work on /home/huynguyen2741/airflow_venv/lib/python3.12/site-packages/airflow/example_dags/example_nested_branch_dag.py
[2025-08-06T14:51:42.221-0400] {processor.py:914} INFO - Processing file /home/huynguyen2741/airflow_venv/lib/python3.12/site-packages/airflow/example_dags/example_nested_branch_dag.py for tasks to queue
[2025-08-06T14:51:42.222-0400] {logging_mixin.py:190} INFO - [2025-08-06T14:51:42.222-0400] {dagbag.py:588} INFO - Filling up the DagBag from /home/huynguyen2741/airflow_venv/lib/python3.12/site-packages/airflow/example_dags/example_nested_branch_dag.py
[2025-08-06T14:51:42.230-0400] {processor.py:925} INFO - DAG(s) 'example_nested_branch_dag' retrieved from /home/huynguyen2741/airflow_venv/lib/python3.12/site-packages/airflow/example_dags/example_nested_branch_dag.py
[2025-08-06T14:51:42.242-0400] {logging_mixin.py:190} INFO - [2025-08-06T14:51:42.242-0400] {dag.py:3239} INFO - Sync 1 DAGs
[2025-08-06T14:51:42.254-0400] {logging_mixin.py:190} INFO - [2025-08-06T14:51:42.254-0400] {dag.py:4180} INFO - Setting next_dagrun for example_nested_branch_dag to 2025-08-05 00:00:00+00:00, run_after=2025-08-06 00:00:00+00:00
[2025-08-06T14:51:42.270-0400] {processor.py:208} INFO - Processing /home/huynguyen2741/airflow_venv/lib/python3.12/site-packages/airflow/example_dags/example_nested_branch_dag.py took 0.056 seconds
[2025-08-06T14:52:43.435-0400] {processor.py:186} INFO - Started process (PID=32641) to work on /home/huynguyen2741/airflow_venv/lib/python3.12/site-packages/airflow/example_dags/example_nested_branch_dag.py
[2025-08-06T14:52:43.445-0400] {processor.py:914} INFO - Processing file /home/huynguyen2741/airflow_venv/lib/python3.12/site-packages/airflow/example_dags/example_nested_branch_dag.py for tasks to queue
[2025-08-06T14:52:43.446-0400] {logging_mixin.py:190} INFO - [2025-08-06T14:52:43.446-0400] {dagbag.py:588} INFO - Filling up the DagBag from /home/huynguyen2741/airflow_venv/lib/python3.12/site-packages/airflow/example_dags/example_nested_branch_dag.py
[2025-08-06T14:52:43.455-0400] {processor.py:925} INFO - DAG(s) 'example_nested_branch_dag' retrieved from /home/huynguyen2741/airflow_venv/lib/python3.12/site-packages/airflow/example_dags/example_nested_branch_dag.py
[2025-08-06T14:52:43.467-0400] {logging_mixin.py:190} INFO - [2025-08-06T14:52:43.467-0400] {dag.py:3239} INFO - Sync 1 DAGs
[2025-08-06T14:52:43.481-0400] {logging_mixin.py:190} INFO - [2025-08-06T14:52:43.481-0400] {dag.py:4180} INFO - Setting next_dagrun for example_nested_branch_dag to 2025-08-05 00:00:00+00:00, run_after=2025-08-06 00:00:00+00:00
[2025-08-06T14:52:43.498-0400] {processor.py:208} INFO - Processing /home/huynguyen2741/airflow_venv/lib/python3.12/site-packages/airflow/example_dags/example_nested_branch_dag.py took 0.068 seconds
[2025-08-06T14:53:48.367-0400] {processor.py:186} INFO - Started process (PID=33064) to work on /home/huynguyen2741/airflow_venv/lib/python3.12/site-packages/airflow/example_dags/example_nested_branch_dag.py
[2025-08-06T14:53:48.371-0400] {processor.py:914} INFO - Processing file /home/huynguyen2741/airflow_venv/lib/python3.12/site-packages/airflow/example_dags/example_nested_branch_dag.py for tasks to queue
[2025-08-06T14:53:48.372-0400] {logging_mixin.py:190} INFO - [2025-08-06T14:53:48.372-0400] {dagbag.py:588} INFO - Filling up the DagBag from /home/huynguyen2741/airflow_venv/lib/python3.12/site-packages/airflow/example_dags/example_nested_branch_dag.py
[2025-08-06T14:53:48.381-0400] {processor.py:925} INFO - DAG(s) 'example_nested_branch_dag' retrieved from /home/huynguyen2741/airflow_venv/lib/python3.12/site-packages/airflow/example_dags/example_nested_branch_dag.py
[2025-08-06T14:53:48.392-0400] {logging_mixin.py:190} INFO - [2025-08-06T14:53:48.392-0400] {dag.py:3239} INFO - Sync 1 DAGs
[2025-08-06T14:53:48.407-0400] {logging_mixin.py:190} INFO - [2025-08-06T14:53:48.407-0400] {dag.py:4180} INFO - Setting next_dagrun for example_nested_branch_dag to 2025-08-05 00:00:00+00:00, run_after=2025-08-06 00:00:00+00:00
[2025-08-06T14:53:48.425-0400] {processor.py:208} INFO - Processing /home/huynguyen2741/airflow_venv/lib/python3.12/site-packages/airflow/example_dags/example_nested_branch_dag.py took 0.064 seconds
[2025-08-06T14:54:43.218-0400] {processor.py:186} INFO - Started process (PID=33446) to work on /home/huynguyen2741/airflow_venv/lib/python3.12/site-packages/airflow/example_dags/example_nested_branch_dag.py
[2025-08-06T14:54:43.220-0400] {processor.py:914} INFO - Processing file /home/huynguyen2741/airflow_venv/lib/python3.12/site-packages/airflow/example_dags/example_nested_branch_dag.py for tasks to queue
[2025-08-06T14:54:43.221-0400] {logging_mixin.py:190} INFO - [2025-08-06T14:54:43.220-0400] {dagbag.py:588} INFO - Filling up the DagBag from /home/huynguyen2741/airflow_venv/lib/python3.12/site-packages/airflow/example_dags/example_nested_branch_dag.py
[2025-08-06T14:54:43.229-0400] {processor.py:925} INFO - DAG(s) 'example_nested_branch_dag' retrieved from /home/huynguyen2741/airflow_venv/lib/python3.12/site-packages/airflow/example_dags/example_nested_branch_dag.py
[2025-08-06T14:54:43.240-0400] {logging_mixin.py:190} INFO - [2025-08-06T14:54:43.240-0400] {dag.py:3239} INFO - Sync 1 DAGs
[2025-08-06T14:54:43.253-0400] {logging_mixin.py:190} INFO - [2025-08-06T14:54:43.253-0400] {dag.py:4180} INFO - Setting next_dagrun for example_nested_branch_dag to 2025-08-05 00:00:00+00:00, run_after=2025-08-06 00:00:00+00:00
[2025-08-06T14:54:43.268-0400] {processor.py:208} INFO - Processing /home/huynguyen2741/airflow_venv/lib/python3.12/site-packages/airflow/example_dags/example_nested_branch_dag.py took 0.055 seconds
[2025-08-06T14:55:46.377-0400] {processor.py:186} INFO - Started process (PID=33683) to work on /home/huynguyen2741/airflow_venv/lib/python3.12/site-packages/airflow/example_dags/example_nested_branch_dag.py
[2025-08-06T14:55:46.378-0400] {processor.py:914} INFO - Processing file /home/huynguyen2741/airflow_venv/lib/python3.12/site-packages/airflow/example_dags/example_nested_branch_dag.py for tasks to queue
[2025-08-06T14:55:46.379-0400] {logging_mixin.py:190} INFO - [2025-08-06T14:55:46.379-0400] {dagbag.py:588} INFO - Filling up the DagBag from /home/huynguyen2741/airflow_venv/lib/python3.12/site-packages/airflow/example_dags/example_nested_branch_dag.py
[2025-08-06T14:55:46.388-0400] {processor.py:925} INFO - DAG(s) 'example_nested_branch_dag' retrieved from /home/huynguyen2741/airflow_venv/lib/python3.12/site-packages/airflow/example_dags/example_nested_branch_dag.py
[2025-08-06T14:55:46.400-0400] {logging_mixin.py:190} INFO - [2025-08-06T14:55:46.400-0400] {dag.py:3239} INFO - Sync 1 DAGs
[2025-08-06T14:55:46.414-0400] {logging_mixin.py:190} INFO - [2025-08-06T14:55:46.414-0400] {dag.py:4180} INFO - Setting next_dagrun for example_nested_branch_dag to 2025-08-05 00:00:00+00:00, run_after=2025-08-06 00:00:00+00:00
[2025-08-06T14:55:46.429-0400] {processor.py:208} INFO - Processing /home/huynguyen2741/airflow_venv/lib/python3.12/site-packages/airflow/example_dags/example_nested_branch_dag.py took 0.058 seconds
[2025-08-06T14:56:50.252-0400] {processor.py:186} INFO - Started process (PID=34001) to work on /home/huynguyen2741/airflow_venv/lib/python3.12/site-packages/airflow/example_dags/example_nested_branch_dag.py
[2025-08-06T14:56:50.256-0400] {processor.py:914} INFO - Processing file /home/huynguyen2741/airflow_venv/lib/python3.12/site-packages/airflow/example_dags/example_nested_branch_dag.py for tasks to queue
[2025-08-06T14:56:50.257-0400] {logging_mixin.py:190} INFO - [2025-08-06T14:56:50.257-0400] {dagbag.py:588} INFO - Filling up the DagBag from /home/huynguyen2741/airflow_venv/lib/python3.12/site-packages/airflow/example_dags/example_nested_branch_dag.py
[2025-08-06T14:56:50.266-0400] {processor.py:925} INFO - DAG(s) 'example_nested_branch_dag' retrieved from /home/huynguyen2741/airflow_venv/lib/python3.12/site-packages/airflow/example_dags/example_nested_branch_dag.py
[2025-08-06T14:56:50.277-0400] {logging_mixin.py:190} INFO - [2025-08-06T14:56:50.277-0400] {dag.py:3239} INFO - Sync 1 DAGs
[2025-08-06T14:56:50.290-0400] {logging_mixin.py:190} INFO - [2025-08-06T14:56:50.290-0400] {dag.py:4180} INFO - Setting next_dagrun for example_nested_branch_dag to 2025-08-05 00:00:00+00:00, run_after=2025-08-06 00:00:00+00:00
[2025-08-06T14:56:50.307-0400] {processor.py:208} INFO - Processing /home/huynguyen2741/airflow_venv/lib/python3.12/site-packages/airflow/example_dags/example_nested_branch_dag.py took 0.060 seconds
[2025-08-06T14:57:51.567-0400] {processor.py:186} INFO - Started process (PID=34275) to work on /home/huynguyen2741/airflow_venv/lib/python3.12/site-packages/airflow/example_dags/example_nested_branch_dag.py
[2025-08-06T14:57:51.577-0400] {processor.py:914} INFO - Processing file /home/huynguyen2741/airflow_venv/lib/python3.12/site-packages/airflow/example_dags/example_nested_branch_dag.py for tasks to queue
[2025-08-06T14:57:51.578-0400] {logging_mixin.py:190} INFO - [2025-08-06T14:57:51.578-0400] {dagbag.py:588} INFO - Filling up the DagBag from /home/huynguyen2741/airflow_venv/lib/python3.12/site-packages/airflow/example_dags/example_nested_branch_dag.py
[2025-08-06T14:57:51.587-0400] {processor.py:925} INFO - DAG(s) 'example_nested_branch_dag' retrieved from /home/huynguyen2741/airflow_venv/lib/python3.12/site-packages/airflow/example_dags/example_nested_branch_dag.py
[2025-08-06T14:57:51.600-0400] {logging_mixin.py:190} INFO - [2025-08-06T14:57:51.600-0400] {dag.py:3239} INFO - Sync 1 DAGs
[2025-08-06T14:57:51.613-0400] {logging_mixin.py:190} INFO - [2025-08-06T14:57:51.613-0400] {dag.py:4180} INFO - Setting next_dagrun for example_nested_branch_dag to 2025-08-05 00:00:00+00:00, run_after=2025-08-06 00:00:00+00:00
[2025-08-06T14:57:51.637-0400] {processor.py:208} INFO - Processing /home/huynguyen2741/airflow_venv/lib/python3.12/site-packages/airflow/example_dags/example_nested_branch_dag.py took 0.076 seconds
[2025-08-06T14:58:53.978-0400] {processor.py:186} INFO - Started process (PID=34527) to work on /home/huynguyen2741/airflow_venv/lib/python3.12/site-packages/airflow/example_dags/example_nested_branch_dag.py
[2025-08-06T14:58:53.979-0400] {processor.py:914} INFO - Processing file /home/huynguyen2741/airflow_venv/lib/python3.12/site-packages/airflow/example_dags/example_nested_branch_dag.py for tasks to queue
[2025-08-06T14:58:53.980-0400] {logging_mixin.py:190} INFO - [2025-08-06T14:58:53.979-0400] {dagbag.py:588} INFO - Filling up the DagBag from /home/huynguyen2741/airflow_venv/lib/python3.12/site-packages/airflow/example_dags/example_nested_branch_dag.py
[2025-08-06T14:58:53.988-0400] {processor.py:925} INFO - DAG(s) 'example_nested_branch_dag' retrieved from /home/huynguyen2741/airflow_venv/lib/python3.12/site-packages/airflow/example_dags/example_nested_branch_dag.py
[2025-08-06T14:58:54.000-0400] {logging_mixin.py:190} INFO - [2025-08-06T14:58:54.000-0400] {dag.py:3239} INFO - Sync 1 DAGs
[2025-08-06T14:58:54.013-0400] {logging_mixin.py:190} INFO - [2025-08-06T14:58:54.013-0400] {dag.py:4180} INFO - Setting next_dagrun for example_nested_branch_dag to 2025-08-05 00:00:00+00:00, run_after=2025-08-06 00:00:00+00:00
[2025-08-06T14:58:54.029-0400] {processor.py:208} INFO - Processing /home/huynguyen2741/airflow_venv/lib/python3.12/site-packages/airflow/example_dags/example_nested_branch_dag.py took 0.056 seconds
[2025-08-06T14:59:58.483-0400] {processor.py:186} INFO - Started process (PID=34775) to work on /home/huynguyen2741/airflow_venv/lib/python3.12/site-packages/airflow/example_dags/example_nested_branch_dag.py
[2025-08-06T14:59:58.492-0400] {processor.py:914} INFO - Processing file /home/huynguyen2741/airflow_venv/lib/python3.12/site-packages/airflow/example_dags/example_nested_branch_dag.py for tasks to queue
[2025-08-06T14:59:58.494-0400] {logging_mixin.py:190} INFO - [2025-08-06T14:59:58.494-0400] {dagbag.py:588} INFO - Filling up the DagBag from /home/huynguyen2741/airflow_venv/lib/python3.12/site-packages/airflow/example_dags/example_nested_branch_dag.py
[2025-08-06T14:59:58.502-0400] {processor.py:925} INFO - DAG(s) 'example_nested_branch_dag' retrieved from /home/huynguyen2741/airflow_venv/lib/python3.12/site-packages/airflow/example_dags/example_nested_branch_dag.py
[2025-08-06T14:59:58.514-0400] {logging_mixin.py:190} INFO - [2025-08-06T14:59:58.514-0400] {dag.py:3239} INFO - Sync 1 DAGs
[2025-08-06T14:59:58.527-0400] {logging_mixin.py:190} INFO - [2025-08-06T14:59:58.526-0400] {dag.py:4180} INFO - Setting next_dagrun for example_nested_branch_dag to 2025-08-05 00:00:00+00:00, run_after=2025-08-06 00:00:00+00:00
[2025-08-06T14:59:58.542-0400] {processor.py:208} INFO - Processing /home/huynguyen2741/airflow_venv/lib/python3.12/site-packages/airflow/example_dags/example_nested_branch_dag.py took 0.065 seconds
