[2025-08-06T13:57:37.820-0400] {processor.py:186} INFO - Started process (PID=17797) to work on /home/huynguyen2741/airflow_venv/lib/python3.12/site-packages/airflow/example_dags/example_task_group_decorator.py
[2025-08-06T13:57:37.820-0400] {processor.py:914} INFO - Processing file /home/huynguyen2741/airflow_venv/lib/python3.12/site-packages/airflow/example_dags/example_task_group_decorator.py for tasks to queue
[2025-08-06T13:57:37.822-0400] {logging_mixin.py:190} INFO - [2025-08-06T13:57:37.821-0400] {dagbag.py:588} INFO - Filling up the DagBag from /home/huynguyen2741/airflow_venv/lib/python3.12/site-packages/airflow/example_dags/example_task_group_decorator.py
[2025-08-06T13:57:37.832-0400] {processor.py:925} INFO - DAG(s) 'example_task_group_decorator' retrieved from /home/huynguyen2741/airflow_venv/lib/python3.12/site-packages/airflow/example_dags/example_task_group_decorator.py
[2025-08-06T13:57:37.912-0400] {logging_mixin.py:190} INFO - [2025-08-06T13:57:37.912-0400] {override.py:1930} INFO - Created Permission View: can edit on DAG:example_task_group_decorator
[2025-08-06T13:57:37.922-0400] {logging_mixin.py:190} INFO - [2025-08-06T13:57:37.922-0400] {override.py:1930} INFO - Created Permission View: can read on DAG:example_task_group_decorator
[2025-08-06T13:57:37.931-0400] {logging_mixin.py:190} INFO - [2025-08-06T13:57:37.930-0400] {override.py:1930} INFO - Created Permission View: can delete on DAG:example_task_group_decorator
[2025-08-06T13:57:37.945-0400] {logging_mixin.py:190} INFO - [2025-08-06T13:57:37.945-0400] {override.py:1930} INFO - Created Permission View: menu access on DAG Run:example_task_group_decorator
[2025-08-06T13:57:37.954-0400] {logging_mixin.py:190} INFO - [2025-08-06T13:57:37.954-0400] {override.py:1930} INFO - Created Permission View: can read on DAG Run:example_task_group_decorator
[2025-08-06T13:57:37.962-0400] {logging_mixin.py:190} INFO - [2025-08-06T13:57:37.962-0400] {override.py:1930} INFO - Created Permission View: can create on DAG Run:example_task_group_decorator
[2025-08-06T13:57:37.970-0400] {logging_mixin.py:190} INFO - [2025-08-06T13:57:37.970-0400] {override.py:1930} INFO - Created Permission View: can delete on DAG Run:example_task_group_decorator
[2025-08-06T13:57:37.971-0400] {logging_mixin.py:190} INFO - [2025-08-06T13:57:37.971-0400] {dag.py:3239} INFO - Sync 1 DAGs
[2025-08-06T13:57:37.978-0400] {logging_mixin.py:190} INFO - [2025-08-06T13:57:37.977-0400] {dag.py:3262} INFO - Creating ORM DAG for example_task_group_decorator
[2025-08-06T13:57:37.978-0400] {logging_mixin.py:190} INFO - [2025-08-06T13:57:37.978-0400] {dag.py:4180} INFO - Setting next_dagrun for example_task_group_decorator to None, run_after=None
[2025-08-06T13:57:38.003-0400] {processor.py:208} INFO - Processing /home/huynguyen2741/airflow_venv/lib/python3.12/site-packages/airflow/example_dags/example_task_group_decorator.py took 0.187 seconds
[2025-08-06T13:58:45.959-0400] {processor.py:186} INFO - Started process (PID=18049) to work on /home/huynguyen2741/airflow_venv/lib/python3.12/site-packages/airflow/example_dags/example_task_group_decorator.py
[2025-08-06T13:58:45.961-0400] {processor.py:914} INFO - Processing file /home/huynguyen2741/airflow_venv/lib/python3.12/site-packages/airflow/example_dags/example_task_group_decorator.py for tasks to queue
[2025-08-06T13:58:45.962-0400] {logging_mixin.py:190} INFO - [2025-08-06T13:58:45.962-0400] {dagbag.py:588} INFO - Filling up the DagBag from /home/huynguyen2741/airflow_venv/lib/python3.12/site-packages/airflow/example_dags/example_task_group_decorator.py
[2025-08-06T13:58:45.973-0400] {processor.py:925} INFO - DAG(s) 'example_task_group_decorator' retrieved from /home/huynguyen2741/airflow_venv/lib/python3.12/site-packages/airflow/example_dags/example_task_group_decorator.py
[2025-08-06T13:58:45.987-0400] {logging_mixin.py:190} INFO - [2025-08-06T13:58:45.987-0400] {dag.py:3239} INFO - Sync 1 DAGs
[2025-08-06T13:58:45.996-0400] {logging_mixin.py:190} INFO - [2025-08-06T13:58:45.996-0400] {dag.py:4180} INFO - Setting next_dagrun for example_task_group_decorator to None, run_after=None
[2025-08-06T13:58:46.012-0400] {processor.py:208} INFO - Processing /home/huynguyen2741/airflow_venv/lib/python3.12/site-packages/airflow/example_dags/example_task_group_decorator.py took 0.057 seconds
[2025-08-06T13:59:47.087-0400] {processor.py:186} INFO - Started process (PID=18263) to work on /home/huynguyen2741/airflow_venv/lib/python3.12/site-packages/airflow/example_dags/example_task_group_decorator.py
[2025-08-06T13:59:47.097-0400] {processor.py:914} INFO - Processing file /home/huynguyen2741/airflow_venv/lib/python3.12/site-packages/airflow/example_dags/example_task_group_decorator.py for tasks to queue
[2025-08-06T13:59:47.099-0400] {logging_mixin.py:190} INFO - [2025-08-06T13:59:47.099-0400] {dagbag.py:588} INFO - Filling up the DagBag from /home/huynguyen2741/airflow_venv/lib/python3.12/site-packages/airflow/example_dags/example_task_group_decorator.py
[2025-08-06T13:59:47.110-0400] {processor.py:925} INFO - DAG(s) 'example_task_group_decorator' retrieved from /home/huynguyen2741/airflow_venv/lib/python3.12/site-packages/airflow/example_dags/example_task_group_decorator.py
[2025-08-06T13:59:47.123-0400] {logging_mixin.py:190} INFO - [2025-08-06T13:59:47.123-0400] {dag.py:3239} INFO - Sync 1 DAGs
[2025-08-06T13:59:47.131-0400] {logging_mixin.py:190} INFO - [2025-08-06T13:59:47.130-0400] {dag.py:4180} INFO - Setting next_dagrun for example_task_group_decorator to None, run_after=None
[2025-08-06T13:59:47.146-0400] {processor.py:208} INFO - Processing /home/huynguyen2741/airflow_venv/lib/python3.12/site-packages/airflow/example_dags/example_task_group_decorator.py took 0.062 seconds
[2025-08-06T14:00:50.445-0400] {processor.py:186} INFO - Started process (PID=18482) to work on /home/huynguyen2741/airflow_venv/lib/python3.12/site-packages/airflow/example_dags/example_task_group_decorator.py
[2025-08-06T14:00:50.446-0400] {processor.py:914} INFO - Processing file /home/huynguyen2741/airflow_venv/lib/python3.12/site-packages/airflow/example_dags/example_task_group_decorator.py for tasks to queue
[2025-08-06T14:00:50.448-0400] {logging_mixin.py:190} INFO - [2025-08-06T14:00:50.447-0400] {dagbag.py:588} INFO - Filling up the DagBag from /home/huynguyen2741/airflow_venv/lib/python3.12/site-packages/airflow/example_dags/example_task_group_decorator.py
[2025-08-06T14:00:50.458-0400] {processor.py:925} INFO - DAG(s) 'example_task_group_decorator' retrieved from /home/huynguyen2741/airflow_venv/lib/python3.12/site-packages/airflow/example_dags/example_task_group_decorator.py
[2025-08-06T14:00:50.472-0400] {logging_mixin.py:190} INFO - [2025-08-06T14:00:50.472-0400] {dag.py:3239} INFO - Sync 1 DAGs
[2025-08-06T14:00:50.482-0400] {logging_mixin.py:190} INFO - [2025-08-06T14:00:50.482-0400] {dag.py:4180} INFO - Setting next_dagrun for example_task_group_decorator to None, run_after=None
[2025-08-06T14:00:50.499-0400] {processor.py:208} INFO - Processing /home/huynguyen2741/airflow_venv/lib/python3.12/site-packages/airflow/example_dags/example_task_group_decorator.py took 0.058 seconds
[2025-08-06T14:01:55.418-0400] {processor.py:186} INFO - Started process (PID=18716) to work on /home/huynguyen2741/airflow_venv/lib/python3.12/site-packages/airflow/example_dags/example_task_group_decorator.py
[2025-08-06T14:01:55.422-0400] {processor.py:914} INFO - Processing file /home/huynguyen2741/airflow_venv/lib/python3.12/site-packages/airflow/example_dags/example_task_group_decorator.py for tasks to queue
[2025-08-06T14:01:55.424-0400] {logging_mixin.py:190} INFO - [2025-08-06T14:01:55.424-0400] {dagbag.py:588} INFO - Filling up the DagBag from /home/huynguyen2741/airflow_venv/lib/python3.12/site-packages/airflow/example_dags/example_task_group_decorator.py
[2025-08-06T14:01:55.434-0400] {processor.py:925} INFO - DAG(s) 'example_task_group_decorator' retrieved from /home/huynguyen2741/airflow_venv/lib/python3.12/site-packages/airflow/example_dags/example_task_group_decorator.py
[2025-08-06T14:01:55.447-0400] {logging_mixin.py:190} INFO - [2025-08-06T14:01:55.447-0400] {dag.py:3239} INFO - Sync 1 DAGs
[2025-08-06T14:01:55.456-0400] {logging_mixin.py:190} INFO - [2025-08-06T14:01:55.456-0400] {dag.py:4180} INFO - Setting next_dagrun for example_task_group_decorator to None, run_after=None
[2025-08-06T14:01:55.473-0400] {processor.py:208} INFO - Processing /home/huynguyen2741/airflow_venv/lib/python3.12/site-packages/airflow/example_dags/example_task_group_decorator.py took 0.059 seconds
[2025-08-06T14:02:53.275-0400] {processor.py:186} INFO - Started process (PID=18957) to work on /home/huynguyen2741/airflow_venv/lib/python3.12/site-packages/airflow/example_dags/example_task_group_decorator.py
[2025-08-06T14:02:53.279-0400] {processor.py:914} INFO - Processing file /home/huynguyen2741/airflow_venv/lib/python3.12/site-packages/airflow/example_dags/example_task_group_decorator.py for tasks to queue
[2025-08-06T14:02:53.281-0400] {logging_mixin.py:190} INFO - [2025-08-06T14:02:53.280-0400] {dagbag.py:588} INFO - Filling up the DagBag from /home/huynguyen2741/airflow_venv/lib/python3.12/site-packages/airflow/example_dags/example_task_group_decorator.py
[2025-08-06T14:02:53.291-0400] {processor.py:925} INFO - DAG(s) 'example_task_group_decorator' retrieved from /home/huynguyen2741/airflow_venv/lib/python3.12/site-packages/airflow/example_dags/example_task_group_decorator.py
[2025-08-06T14:02:53.304-0400] {logging_mixin.py:190} INFO - [2025-08-06T14:02:53.303-0400] {dag.py:3239} INFO - Sync 1 DAGs
[2025-08-06T14:02:53.312-0400] {logging_mixin.py:190} INFO - [2025-08-06T14:02:53.312-0400] {dag.py:4180} INFO - Setting next_dagrun for example_task_group_decorator to None, run_after=None
[2025-08-06T14:02:53.328-0400] {processor.py:208} INFO - Processing /home/huynguyen2741/airflow_venv/lib/python3.12/site-packages/airflow/example_dags/example_task_group_decorator.py took 0.057 seconds
[2025-08-06T14:03:58.824-0400] {processor.py:186} INFO - Started process (PID=19186) to work on /home/huynguyen2741/airflow_venv/lib/python3.12/site-packages/airflow/example_dags/example_task_group_decorator.py
[2025-08-06T14:03:58.828-0400] {processor.py:914} INFO - Processing file /home/huynguyen2741/airflow_venv/lib/python3.12/site-packages/airflow/example_dags/example_task_group_decorator.py for tasks to queue
[2025-08-06T14:03:58.830-0400] {logging_mixin.py:190} INFO - [2025-08-06T14:03:58.830-0400] {dagbag.py:588} INFO - Filling up the DagBag from /home/huynguyen2741/airflow_venv/lib/python3.12/site-packages/airflow/example_dags/example_task_group_decorator.py
[2025-08-06T14:03:58.840-0400] {processor.py:925} INFO - DAG(s) 'example_task_group_decorator' retrieved from /home/huynguyen2741/airflow_venv/lib/python3.12/site-packages/airflow/example_dags/example_task_group_decorator.py
[2025-08-06T14:03:58.854-0400] {logging_mixin.py:190} INFO - [2025-08-06T14:03:58.854-0400] {dag.py:3239} INFO - Sync 1 DAGs
[2025-08-06T14:03:58.863-0400] {logging_mixin.py:190} INFO - [2025-08-06T14:03:58.863-0400] {dag.py:4180} INFO - Setting next_dagrun for example_task_group_decorator to None, run_after=None
[2025-08-06T14:03:58.879-0400] {processor.py:208} INFO - Processing /home/huynguyen2741/airflow_venv/lib/python3.12/site-packages/airflow/example_dags/example_task_group_decorator.py took 0.060 seconds
[2025-08-06T14:04:59.368-0400] {processor.py:186} INFO - Started process (PID=19399) to work on /home/huynguyen2741/airflow_venv/lib/python3.12/site-packages/airflow/example_dags/example_task_group_decorator.py
[2025-08-06T14:04:59.378-0400] {processor.py:914} INFO - Processing file /home/huynguyen2741/airflow_venv/lib/python3.12/site-packages/airflow/example_dags/example_task_group_decorator.py for tasks to queue
[2025-08-06T14:04:59.380-0400] {logging_mixin.py:190} INFO - [2025-08-06T14:04:59.379-0400] {dagbag.py:588} INFO - Filling up the DagBag from /home/huynguyen2741/airflow_venv/lib/python3.12/site-packages/airflow/example_dags/example_task_group_decorator.py
[2025-08-06T14:04:59.390-0400] {processor.py:925} INFO - DAG(s) 'example_task_group_decorator' retrieved from /home/huynguyen2741/airflow_venv/lib/python3.12/site-packages/airflow/example_dags/example_task_group_decorator.py
[2025-08-06T14:04:59.402-0400] {logging_mixin.py:190} INFO - [2025-08-06T14:04:59.402-0400] {dag.py:3239} INFO - Sync 1 DAGs
[2025-08-06T14:04:59.410-0400] {logging_mixin.py:190} INFO - [2025-08-06T14:04:59.410-0400] {dag.py:4180} INFO - Setting next_dagrun for example_task_group_decorator to None, run_after=None
[2025-08-06T14:04:59.426-0400] {processor.py:208} INFO - Processing /home/huynguyen2741/airflow_venv/lib/python3.12/site-packages/airflow/example_dags/example_task_group_decorator.py took 0.062 seconds
[2025-08-06T14:06:04.727-0400] {processor.py:186} INFO - Started process (PID=19784) to work on /home/huynguyen2741/airflow_venv/lib/python3.12/site-packages/airflow/example_dags/example_task_group_decorator.py
[2025-08-06T14:06:04.731-0400] {processor.py:914} INFO - Processing file /home/huynguyen2741/airflow_venv/lib/python3.12/site-packages/airflow/example_dags/example_task_group_decorator.py for tasks to queue
[2025-08-06T14:06:04.733-0400] {logging_mixin.py:190} INFO - [2025-08-06T14:06:04.732-0400] {dagbag.py:588} INFO - Filling up the DagBag from /home/huynguyen2741/airflow_venv/lib/python3.12/site-packages/airflow/example_dags/example_task_group_decorator.py
[2025-08-06T14:06:04.743-0400] {processor.py:925} INFO - DAG(s) 'example_task_group_decorator' retrieved from /home/huynguyen2741/airflow_venv/lib/python3.12/site-packages/airflow/example_dags/example_task_group_decorator.py
[2025-08-06T14:06:04.755-0400] {logging_mixin.py:190} INFO - [2025-08-06T14:06:04.755-0400] {dag.py:3239} INFO - Sync 1 DAGs
[2025-08-06T14:06:04.762-0400] {logging_mixin.py:190} INFO - [2025-08-06T14:06:04.762-0400] {dag.py:4180} INFO - Setting next_dagrun for example_task_group_decorator to None, run_after=None
[2025-08-06T14:06:04.777-0400] {processor.py:208} INFO - Processing /home/huynguyen2741/airflow_venv/lib/python3.12/site-packages/airflow/example_dags/example_task_group_decorator.py took 0.055 seconds
[2025-08-06T14:07:09.236-0400] {processor.py:186} INFO - Started process (PID=20020) to work on /home/huynguyen2741/airflow_venv/lib/python3.12/site-packages/airflow/example_dags/example_task_group_decorator.py
[2025-08-06T14:07:09.240-0400] {processor.py:914} INFO - Processing file /home/huynguyen2741/airflow_venv/lib/python3.12/site-packages/airflow/example_dags/example_task_group_decorator.py for tasks to queue
[2025-08-06T14:07:09.242-0400] {logging_mixin.py:190} INFO - [2025-08-06T14:07:09.242-0400] {dagbag.py:588} INFO - Filling up the DagBag from /home/huynguyen2741/airflow_venv/lib/python3.12/site-packages/airflow/example_dags/example_task_group_decorator.py
[2025-08-06T14:07:09.254-0400] {processor.py:925} INFO - DAG(s) 'example_task_group_decorator' retrieved from /home/huynguyen2741/airflow_venv/lib/python3.12/site-packages/airflow/example_dags/example_task_group_decorator.py
[2025-08-06T14:07:09.268-0400] {logging_mixin.py:190} INFO - [2025-08-06T14:07:09.268-0400] {dag.py:3239} INFO - Sync 1 DAGs
[2025-08-06T14:07:09.276-0400] {logging_mixin.py:190} INFO - [2025-08-06T14:07:09.276-0400] {dag.py:4180} INFO - Setting next_dagrun for example_task_group_decorator to None, run_after=None
[2025-08-06T14:07:09.294-0400] {processor.py:208} INFO - Processing /home/huynguyen2741/airflow_venv/lib/python3.12/site-packages/airflow/example_dags/example_task_group_decorator.py took 0.062 seconds
[2025-08-06T14:08:17.061-0400] {processor.py:186} INFO - Started process (PID=20330) to work on /home/huynguyen2741/airflow_venv/lib/python3.12/site-packages/airflow/example_dags/example_task_group_decorator.py
[2025-08-06T14:08:17.062-0400] {processor.py:914} INFO - Processing file /home/huynguyen2741/airflow_venv/lib/python3.12/site-packages/airflow/example_dags/example_task_group_decorator.py for tasks to queue
[2025-08-06T14:08:17.064-0400] {logging_mixin.py:190} INFO - [2025-08-06T14:08:17.063-0400] {dagbag.py:588} INFO - Filling up the DagBag from /home/huynguyen2741/airflow_venv/lib/python3.12/site-packages/airflow/example_dags/example_task_group_decorator.py
[2025-08-06T14:08:17.074-0400] {processor.py:925} INFO - DAG(s) 'example_task_group_decorator' retrieved from /home/huynguyen2741/airflow_venv/lib/python3.12/site-packages/airflow/example_dags/example_task_group_decorator.py
[2025-08-06T14:08:17.088-0400] {logging_mixin.py:190} INFO - [2025-08-06T14:08:17.088-0400] {dag.py:3239} INFO - Sync 1 DAGs
[2025-08-06T14:08:17.096-0400] {logging_mixin.py:190} INFO - [2025-08-06T14:08:17.096-0400] {dag.py:4180} INFO - Setting next_dagrun for example_task_group_decorator to None, run_after=None
[2025-08-06T14:08:17.112-0400] {processor.py:208} INFO - Processing /home/huynguyen2741/airflow_venv/lib/python3.12/site-packages/airflow/example_dags/example_task_group_decorator.py took 0.055 seconds
[2025-08-06T14:09:25.248-0400] {processor.py:186} INFO - Started process (PID=20725) to work on /home/huynguyen2741/airflow_venv/lib/python3.12/site-packages/airflow/example_dags/example_task_group_decorator.py
[2025-08-06T14:09:25.249-0400] {processor.py:914} INFO - Processing file /home/huynguyen2741/airflow_venv/lib/python3.12/site-packages/airflow/example_dags/example_task_group_decorator.py for tasks to queue
[2025-08-06T14:09:25.250-0400] {logging_mixin.py:190} INFO - [2025-08-06T14:09:25.250-0400] {dagbag.py:588} INFO - Filling up the DagBag from /home/huynguyen2741/airflow_venv/lib/python3.12/site-packages/airflow/example_dags/example_task_group_decorator.py
[2025-08-06T14:09:25.347-0400] {processor.py:925} INFO - DAG(s) 'example_task_group_decorator' retrieved from /home/huynguyen2741/airflow_venv/lib/python3.12/site-packages/airflow/example_dags/example_task_group_decorator.py
[2025-08-06T14:09:25.357-0400] {logging_mixin.py:190} INFO - [2025-08-06T14:09:25.357-0400] {dag.py:3239} INFO - Sync 1 DAGs
[2025-08-06T14:09:25.363-0400] {logging_mixin.py:190} INFO - [2025-08-06T14:09:25.363-0400] {dag.py:4180} INFO - Setting next_dagrun for example_task_group_decorator to None, run_after=None
[2025-08-06T14:09:25.377-0400] {processor.py:208} INFO - Processing /home/huynguyen2741/airflow_venv/lib/python3.12/site-packages/airflow/example_dags/example_task_group_decorator.py took 0.133 seconds
[2025-08-06T14:10:27.232-0400] {processor.py:186} INFO - Started process (PID=21132) to work on /home/huynguyen2741/airflow_venv/lib/python3.12/site-packages/airflow/example_dags/example_task_group_decorator.py
[2025-08-06T14:10:27.233-0400] {processor.py:914} INFO - Processing file /home/huynguyen2741/airflow_venv/lib/python3.12/site-packages/airflow/example_dags/example_task_group_decorator.py for tasks to queue
[2025-08-06T14:10:27.234-0400] {logging_mixin.py:190} INFO - [2025-08-06T14:10:27.234-0400] {dagbag.py:588} INFO - Filling up the DagBag from /home/huynguyen2741/airflow_venv/lib/python3.12/site-packages/airflow/example_dags/example_task_group_decorator.py
[2025-08-06T14:10:27.245-0400] {processor.py:925} INFO - DAG(s) 'example_task_group_decorator' retrieved from /home/huynguyen2741/airflow_venv/lib/python3.12/site-packages/airflow/example_dags/example_task_group_decorator.py
[2025-08-06T14:10:27.258-0400] {logging_mixin.py:190} INFO - [2025-08-06T14:10:27.258-0400] {dag.py:3239} INFO - Sync 1 DAGs
[2025-08-06T14:10:27.267-0400] {logging_mixin.py:190} INFO - [2025-08-06T14:10:27.267-0400] {dag.py:4180} INFO - Setting next_dagrun for example_task_group_decorator to None, run_after=None
[2025-08-06T14:10:27.285-0400] {processor.py:208} INFO - Processing /home/huynguyen2741/airflow_venv/lib/python3.12/site-packages/airflow/example_dags/example_task_group_decorator.py took 0.058 seconds
[2025-08-06T14:11:31.352-0400] {processor.py:186} INFO - Started process (PID=21397) to work on /home/huynguyen2741/airflow_venv/lib/python3.12/site-packages/airflow/example_dags/example_task_group_decorator.py
[2025-08-06T14:11:31.353-0400] {processor.py:914} INFO - Processing file /home/huynguyen2741/airflow_venv/lib/python3.12/site-packages/airflow/example_dags/example_task_group_decorator.py for tasks to queue
[2025-08-06T14:11:31.355-0400] {logging_mixin.py:190} INFO - [2025-08-06T14:11:31.354-0400] {dagbag.py:588} INFO - Filling up the DagBag from /home/huynguyen2741/airflow_venv/lib/python3.12/site-packages/airflow/example_dags/example_task_group_decorator.py
[2025-08-06T14:11:31.365-0400] {processor.py:925} INFO - DAG(s) 'example_task_group_decorator' retrieved from /home/huynguyen2741/airflow_venv/lib/python3.12/site-packages/airflow/example_dags/example_task_group_decorator.py
[2025-08-06T14:11:31.378-0400] {logging_mixin.py:190} INFO - [2025-08-06T14:11:31.378-0400] {dag.py:3239} INFO - Sync 1 DAGs
[2025-08-06T14:11:31.386-0400] {logging_mixin.py:190} INFO - [2025-08-06T14:11:31.386-0400] {dag.py:4180} INFO - Setting next_dagrun for example_task_group_decorator to None, run_after=None
[2025-08-06T14:11:31.403-0400] {processor.py:208} INFO - Processing /home/huynguyen2741/airflow_venv/lib/python3.12/site-packages/airflow/example_dags/example_task_group_decorator.py took 0.055 seconds
[2025-08-06T14:12:31.479-0400] {processor.py:186} INFO - Started process (PID=21749) to work on /home/huynguyen2741/airflow_venv/lib/python3.12/site-packages/airflow/example_dags/example_task_group_decorator.py
[2025-08-06T14:12:31.480-0400] {processor.py:914} INFO - Processing file /home/huynguyen2741/airflow_venv/lib/python3.12/site-packages/airflow/example_dags/example_task_group_decorator.py for tasks to queue
[2025-08-06T14:12:31.481-0400] {logging_mixin.py:190} INFO - [2025-08-06T14:12:31.481-0400] {dagbag.py:588} INFO - Filling up the DagBag from /home/huynguyen2741/airflow_venv/lib/python3.12/site-packages/airflow/example_dags/example_task_group_decorator.py
[2025-08-06T14:12:31.492-0400] {processor.py:925} INFO - DAG(s) 'example_task_group_decorator' retrieved from /home/huynguyen2741/airflow_venv/lib/python3.12/site-packages/airflow/example_dags/example_task_group_decorator.py
[2025-08-06T14:12:31.505-0400] {logging_mixin.py:190} INFO - [2025-08-06T14:12:31.505-0400] {dag.py:3239} INFO - Sync 1 DAGs
[2025-08-06T14:12:31.513-0400] {logging_mixin.py:190} INFO - [2025-08-06T14:12:31.513-0400] {dag.py:4180} INFO - Setting next_dagrun for example_task_group_decorator to None, run_after=None
[2025-08-06T14:12:31.531-0400] {processor.py:208} INFO - Processing /home/huynguyen2741/airflow_venv/lib/python3.12/site-packages/airflow/example_dags/example_task_group_decorator.py took 0.056 seconds
[2025-08-06T14:13:36.391-0400] {processor.py:186} INFO - Started process (PID=22208) to work on /home/huynguyen2741/airflow_venv/lib/python3.12/site-packages/airflow/example_dags/example_task_group_decorator.py
[2025-08-06T14:13:36.393-0400] {processor.py:914} INFO - Processing file /home/huynguyen2741/airflow_venv/lib/python3.12/site-packages/airflow/example_dags/example_task_group_decorator.py for tasks to queue
[2025-08-06T14:13:36.394-0400] {logging_mixin.py:190} INFO - [2025-08-06T14:13:36.393-0400] {dagbag.py:588} INFO - Filling up the DagBag from /home/huynguyen2741/airflow_venv/lib/python3.12/site-packages/airflow/example_dags/example_task_group_decorator.py
[2025-08-06T14:13:36.405-0400] {processor.py:925} INFO - DAG(s) 'example_task_group_decorator' retrieved from /home/huynguyen2741/airflow_venv/lib/python3.12/site-packages/airflow/example_dags/example_task_group_decorator.py
[2025-08-06T14:13:36.418-0400] {logging_mixin.py:190} INFO - [2025-08-06T14:13:36.418-0400] {dag.py:3239} INFO - Sync 1 DAGs
[2025-08-06T14:13:36.426-0400] {logging_mixin.py:190} INFO - [2025-08-06T14:13:36.426-0400] {dag.py:4180} INFO - Setting next_dagrun for example_task_group_decorator to None, run_after=None
[2025-08-06T14:13:36.442-0400] {processor.py:208} INFO - Processing /home/huynguyen2741/airflow_venv/lib/python3.12/site-packages/airflow/example_dags/example_task_group_decorator.py took 0.055 seconds
[2025-08-06T14:14:45.422-0400] {processor.py:186} INFO - Started process (PID=22620) to work on /home/huynguyen2741/airflow_venv/lib/python3.12/site-packages/airflow/example_dags/example_task_group_decorator.py
[2025-08-06T14:14:45.426-0400] {processor.py:914} INFO - Processing file /home/huynguyen2741/airflow_venv/lib/python3.12/site-packages/airflow/example_dags/example_task_group_decorator.py for tasks to queue
[2025-08-06T14:14:45.428-0400] {logging_mixin.py:190} INFO - [2025-08-06T14:14:45.427-0400] {dagbag.py:588} INFO - Filling up the DagBag from /home/huynguyen2741/airflow_venv/lib/python3.12/site-packages/airflow/example_dags/example_task_group_decorator.py
[2025-08-06T14:14:45.440-0400] {processor.py:925} INFO - DAG(s) 'example_task_group_decorator' retrieved from /home/huynguyen2741/airflow_venv/lib/python3.12/site-packages/airflow/example_dags/example_task_group_decorator.py
[2025-08-06T14:14:45.459-0400] {logging_mixin.py:190} INFO - [2025-08-06T14:14:45.459-0400] {dag.py:3239} INFO - Sync 1 DAGs
[2025-08-06T14:14:45.471-0400] {logging_mixin.py:190} INFO - [2025-08-06T14:14:45.471-0400] {dag.py:4180} INFO - Setting next_dagrun for example_task_group_decorator to None, run_after=None
[2025-08-06T14:14:45.489-0400] {processor.py:208} INFO - Processing /home/huynguyen2741/airflow_venv/lib/python3.12/site-packages/airflow/example_dags/example_task_group_decorator.py took 0.071 seconds
[2025-08-06T14:15:47.353-0400] {processor.py:186} INFO - Started process (PID=22956) to work on /home/huynguyen2741/airflow_venv/lib/python3.12/site-packages/airflow/example_dags/example_task_group_decorator.py
[2025-08-06T14:15:47.354-0400] {processor.py:914} INFO - Processing file /home/huynguyen2741/airflow_venv/lib/python3.12/site-packages/airflow/example_dags/example_task_group_decorator.py for tasks to queue
[2025-08-06T14:15:47.355-0400] {logging_mixin.py:190} INFO - [2025-08-06T14:15:47.355-0400] {dagbag.py:588} INFO - Filling up the DagBag from /home/huynguyen2741/airflow_venv/lib/python3.12/site-packages/airflow/example_dags/example_task_group_decorator.py
[2025-08-06T14:15:47.366-0400] {processor.py:925} INFO - DAG(s) 'example_task_group_decorator' retrieved from /home/huynguyen2741/airflow_venv/lib/python3.12/site-packages/airflow/example_dags/example_task_group_decorator.py
[2025-08-06T14:15:47.379-0400] {logging_mixin.py:190} INFO - [2025-08-06T14:15:47.379-0400] {dag.py:3239} INFO - Sync 1 DAGs
[2025-08-06T14:15:47.388-0400] {logging_mixin.py:190} INFO - [2025-08-06T14:15:47.388-0400] {dag.py:4180} INFO - Setting next_dagrun for example_task_group_decorator to None, run_after=None
[2025-08-06T14:15:47.403-0400] {processor.py:208} INFO - Processing /home/huynguyen2741/airflow_venv/lib/python3.12/site-packages/airflow/example_dags/example_task_group_decorator.py took 0.054 seconds
[2025-08-06T14:16:52.063-0400] {processor.py:186} INFO - Started process (PID=23202) to work on /home/huynguyen2741/airflow_venv/lib/python3.12/site-packages/airflow/example_dags/example_task_group_decorator.py
[2025-08-06T14:16:52.064-0400] {processor.py:914} INFO - Processing file /home/huynguyen2741/airflow_venv/lib/python3.12/site-packages/airflow/example_dags/example_task_group_decorator.py for tasks to queue
[2025-08-06T14:16:52.065-0400] {logging_mixin.py:190} INFO - [2025-08-06T14:16:52.065-0400] {dagbag.py:588} INFO - Filling up the DagBag from /home/huynguyen2741/airflow_venv/lib/python3.12/site-packages/airflow/example_dags/example_task_group_decorator.py
[2025-08-06T14:16:52.077-0400] {processor.py:925} INFO - DAG(s) 'example_task_group_decorator' retrieved from /home/huynguyen2741/airflow_venv/lib/python3.12/site-packages/airflow/example_dags/example_task_group_decorator.py
[2025-08-06T14:16:52.094-0400] {logging_mixin.py:190} INFO - [2025-08-06T14:16:52.094-0400] {dag.py:3239} INFO - Sync 1 DAGs
[2025-08-06T14:16:52.105-0400] {logging_mixin.py:190} INFO - [2025-08-06T14:16:52.105-0400] {dag.py:4180} INFO - Setting next_dagrun for example_task_group_decorator to None, run_after=None
[2025-08-06T14:16:52.122-0400] {processor.py:208} INFO - Processing /home/huynguyen2741/airflow_venv/lib/python3.12/site-packages/airflow/example_dags/example_task_group_decorator.py took 0.063 seconds
[2025-08-06T14:17:56.078-0400] {processor.py:186} INFO - Started process (PID=23458) to work on /home/huynguyen2741/airflow_venv/lib/python3.12/site-packages/airflow/example_dags/example_task_group_decorator.py
[2025-08-06T14:17:56.079-0400] {processor.py:914} INFO - Processing file /home/huynguyen2741/airflow_venv/lib/python3.12/site-packages/airflow/example_dags/example_task_group_decorator.py for tasks to queue
[2025-08-06T14:17:56.080-0400] {logging_mixin.py:190} INFO - [2025-08-06T14:17:56.080-0400] {dagbag.py:588} INFO - Filling up the DagBag from /home/huynguyen2741/airflow_venv/lib/python3.12/site-packages/airflow/example_dags/example_task_group_decorator.py
[2025-08-06T14:17:56.091-0400] {processor.py:925} INFO - DAG(s) 'example_task_group_decorator' retrieved from /home/huynguyen2741/airflow_venv/lib/python3.12/site-packages/airflow/example_dags/example_task_group_decorator.py
[2025-08-06T14:17:56.105-0400] {logging_mixin.py:190} INFO - [2025-08-06T14:17:56.105-0400] {dag.py:3239} INFO - Sync 1 DAGs
[2025-08-06T14:17:56.117-0400] {logging_mixin.py:190} INFO - [2025-08-06T14:17:56.117-0400] {dag.py:4180} INFO - Setting next_dagrun for example_task_group_decorator to None, run_after=None
[2025-08-06T14:17:56.134-0400] {processor.py:208} INFO - Processing /home/huynguyen2741/airflow_venv/lib/python3.12/site-packages/airflow/example_dags/example_task_group_decorator.py took 0.060 seconds
[2025-08-06T14:19:02.120-0400] {processor.py:186} INFO - Started process (PID=23722) to work on /home/huynguyen2741/airflow_venv/lib/python3.12/site-packages/airflow/example_dags/example_task_group_decorator.py
[2025-08-06T14:19:02.125-0400] {processor.py:914} INFO - Processing file /home/huynguyen2741/airflow_venv/lib/python3.12/site-packages/airflow/example_dags/example_task_group_decorator.py for tasks to queue
[2025-08-06T14:19:02.126-0400] {logging_mixin.py:190} INFO - [2025-08-06T14:19:02.125-0400] {dagbag.py:588} INFO - Filling up the DagBag from /home/huynguyen2741/airflow_venv/lib/python3.12/site-packages/airflow/example_dags/example_task_group_decorator.py
[2025-08-06T14:19:02.136-0400] {processor.py:925} INFO - DAG(s) 'example_task_group_decorator' retrieved from /home/huynguyen2741/airflow_venv/lib/python3.12/site-packages/airflow/example_dags/example_task_group_decorator.py
[2025-08-06T14:19:02.150-0400] {logging_mixin.py:190} INFO - [2025-08-06T14:19:02.149-0400] {dag.py:3239} INFO - Sync 1 DAGs
[2025-08-06T14:19:02.158-0400] {logging_mixin.py:190} INFO - [2025-08-06T14:19:02.158-0400] {dag.py:4180} INFO - Setting next_dagrun for example_task_group_decorator to None, run_after=None
[2025-08-06T14:19:02.174-0400] {processor.py:208} INFO - Processing /home/huynguyen2741/airflow_venv/lib/python3.12/site-packages/airflow/example_dags/example_task_group_decorator.py took 0.058 seconds
[2025-08-06T14:20:07.175-0400] {processor.py:186} INFO - Started process (PID=23950) to work on /home/huynguyen2741/airflow_venv/lib/python3.12/site-packages/airflow/example_dags/example_task_group_decorator.py
[2025-08-06T14:20:07.176-0400] {processor.py:914} INFO - Processing file /home/huynguyen2741/airflow_venv/lib/python3.12/site-packages/airflow/example_dags/example_task_group_decorator.py for tasks to queue
[2025-08-06T14:20:07.177-0400] {logging_mixin.py:190} INFO - [2025-08-06T14:20:07.176-0400] {dagbag.py:588} INFO - Filling up the DagBag from /home/huynguyen2741/airflow_venv/lib/python3.12/site-packages/airflow/example_dags/example_task_group_decorator.py
[2025-08-06T14:20:07.188-0400] {processor.py:925} INFO - DAG(s) 'example_task_group_decorator' retrieved from /home/huynguyen2741/airflow_venv/lib/python3.12/site-packages/airflow/example_dags/example_task_group_decorator.py
[2025-08-06T14:20:07.202-0400] {logging_mixin.py:190} INFO - [2025-08-06T14:20:07.202-0400] {dag.py:3239} INFO - Sync 1 DAGs
[2025-08-06T14:20:07.211-0400] {logging_mixin.py:190} INFO - [2025-08-06T14:20:07.211-0400] {dag.py:4180} INFO - Setting next_dagrun for example_task_group_decorator to None, run_after=None
[2025-08-06T14:20:07.227-0400] {processor.py:208} INFO - Processing /home/huynguyen2741/airflow_venv/lib/python3.12/site-packages/airflow/example_dags/example_task_group_decorator.py took 0.057 seconds
[2025-08-06T14:21:12.445-0400] {processor.py:186} INFO - Started process (PID=24183) to work on /home/huynguyen2741/airflow_venv/lib/python3.12/site-packages/airflow/example_dags/example_task_group_decorator.py
[2025-08-06T14:21:12.449-0400] {processor.py:914} INFO - Processing file /home/huynguyen2741/airflow_venv/lib/python3.12/site-packages/airflow/example_dags/example_task_group_decorator.py for tasks to queue
[2025-08-06T14:21:12.450-0400] {logging_mixin.py:190} INFO - [2025-08-06T14:21:12.450-0400] {dagbag.py:588} INFO - Filling up the DagBag from /home/huynguyen2741/airflow_venv/lib/python3.12/site-packages/airflow/example_dags/example_task_group_decorator.py
[2025-08-06T14:21:12.461-0400] {processor.py:925} INFO - DAG(s) 'example_task_group_decorator' retrieved from /home/huynguyen2741/airflow_venv/lib/python3.12/site-packages/airflow/example_dags/example_task_group_decorator.py
[2025-08-06T14:21:12.474-0400] {logging_mixin.py:190} INFO - [2025-08-06T14:21:12.474-0400] {dag.py:3239} INFO - Sync 1 DAGs
[2025-08-06T14:21:12.482-0400] {logging_mixin.py:190} INFO - [2025-08-06T14:21:12.482-0400] {dag.py:4180} INFO - Setting next_dagrun for example_task_group_decorator to None, run_after=None
[2025-08-06T14:21:12.497-0400] {processor.py:208} INFO - Processing /home/huynguyen2741/airflow_venv/lib/python3.12/site-packages/airflow/example_dags/example_task_group_decorator.py took 0.057 seconds
[2025-08-06T14:22:20.633-0400] {processor.py:186} INFO - Started process (PID=24490) to work on /home/huynguyen2741/airflow_venv/lib/python3.12/site-packages/airflow/example_dags/example_task_group_decorator.py
[2025-08-06T14:22:20.642-0400] {processor.py:914} INFO - Processing file /home/huynguyen2741/airflow_venv/lib/python3.12/site-packages/airflow/example_dags/example_task_group_decorator.py for tasks to queue
[2025-08-06T14:22:20.643-0400] {logging_mixin.py:190} INFO - [2025-08-06T14:22:20.643-0400] {dagbag.py:588} INFO - Filling up the DagBag from /home/huynguyen2741/airflow_venv/lib/python3.12/site-packages/airflow/example_dags/example_task_group_decorator.py
[2025-08-06T14:22:20.654-0400] {processor.py:925} INFO - DAG(s) 'example_task_group_decorator' retrieved from /home/huynguyen2741/airflow_venv/lib/python3.12/site-packages/airflow/example_dags/example_task_group_decorator.py
[2025-08-06T14:22:20.667-0400] {logging_mixin.py:190} INFO - [2025-08-06T14:22:20.667-0400] {dag.py:3239} INFO - Sync 1 DAGs
[2025-08-06T14:22:20.675-0400] {logging_mixin.py:190} INFO - [2025-08-06T14:22:20.675-0400] {dag.py:4180} INFO - Setting next_dagrun for example_task_group_decorator to None, run_after=None
[2025-08-06T14:22:20.690-0400] {processor.py:208} INFO - Processing /home/huynguyen2741/airflow_venv/lib/python3.12/site-packages/airflow/example_dags/example_task_group_decorator.py took 0.062 seconds
[2025-08-06T14:23:26.044-0400] {processor.py:186} INFO - Started process (PID=24981) to work on /home/huynguyen2741/airflow_venv/lib/python3.12/site-packages/airflow/example_dags/example_task_group_decorator.py
[2025-08-06T14:23:26.046-0400] {processor.py:914} INFO - Processing file /home/huynguyen2741/airflow_venv/lib/python3.12/site-packages/airflow/example_dags/example_task_group_decorator.py for tasks to queue
[2025-08-06T14:23:26.047-0400] {logging_mixin.py:190} INFO - [2025-08-06T14:23:26.047-0400] {dagbag.py:588} INFO - Filling up the DagBag from /home/huynguyen2741/airflow_venv/lib/python3.12/site-packages/airflow/example_dags/example_task_group_decorator.py
[2025-08-06T14:23:26.062-0400] {processor.py:925} INFO - DAG(s) 'example_task_group_decorator' retrieved from /home/huynguyen2741/airflow_venv/lib/python3.12/site-packages/airflow/example_dags/example_task_group_decorator.py
[2025-08-06T14:23:26.080-0400] {logging_mixin.py:190} INFO - [2025-08-06T14:23:26.080-0400] {dag.py:3239} INFO - Sync 1 DAGs
[2025-08-06T14:23:26.093-0400] {logging_mixin.py:190} INFO - [2025-08-06T14:23:26.093-0400] {dag.py:4180} INFO - Setting next_dagrun for example_task_group_decorator to None, run_after=None
[2025-08-06T14:23:26.111-0400] {processor.py:208} INFO - Processing /home/huynguyen2741/airflow_venv/lib/python3.12/site-packages/airflow/example_dags/example_task_group_decorator.py took 0.072 seconds
[2025-08-06T14:24:27.160-0400] {processor.py:186} INFO - Started process (PID=25254) to work on /home/huynguyen2741/airflow_venv/lib/python3.12/site-packages/airflow/example_dags/example_task_group_decorator.py
[2025-08-06T14:24:27.161-0400] {processor.py:914} INFO - Processing file /home/huynguyen2741/airflow_venv/lib/python3.12/site-packages/airflow/example_dags/example_task_group_decorator.py for tasks to queue
[2025-08-06T14:24:27.162-0400] {logging_mixin.py:190} INFO - [2025-08-06T14:24:27.162-0400] {dagbag.py:588} INFO - Filling up the DagBag from /home/huynguyen2741/airflow_venv/lib/python3.12/site-packages/airflow/example_dags/example_task_group_decorator.py
[2025-08-06T14:24:27.174-0400] {processor.py:925} INFO - DAG(s) 'example_task_group_decorator' retrieved from /home/huynguyen2741/airflow_venv/lib/python3.12/site-packages/airflow/example_dags/example_task_group_decorator.py
[2025-08-06T14:24:27.189-0400] {logging_mixin.py:190} INFO - [2025-08-06T14:24:27.189-0400] {dag.py:3239} INFO - Sync 1 DAGs
[2025-08-06T14:24:27.198-0400] {logging_mixin.py:190} INFO - [2025-08-06T14:24:27.198-0400] {dag.py:4180} INFO - Setting next_dagrun for example_task_group_decorator to None, run_after=None
[2025-08-06T14:24:27.214-0400] {processor.py:208} INFO - Processing /home/huynguyen2741/airflow_venv/lib/python3.12/site-packages/airflow/example_dags/example_task_group_decorator.py took 0.060 seconds
[2025-08-06T14:25:32.878-0400] {processor.py:186} INFO - Started process (PID=25626) to work on /home/huynguyen2741/airflow_venv/lib/python3.12/site-packages/airflow/example_dags/example_task_group_decorator.py
[2025-08-06T14:25:32.882-0400] {processor.py:914} INFO - Processing file /home/huynguyen2741/airflow_venv/lib/python3.12/site-packages/airflow/example_dags/example_task_group_decorator.py for tasks to queue
[2025-08-06T14:25:32.883-0400] {logging_mixin.py:190} INFO - [2025-08-06T14:25:32.883-0400] {dagbag.py:588} INFO - Filling up the DagBag from /home/huynguyen2741/airflow_venv/lib/python3.12/site-packages/airflow/example_dags/example_task_group_decorator.py
[2025-08-06T14:25:32.894-0400] {processor.py:925} INFO - DAG(s) 'example_task_group_decorator' retrieved from /home/huynguyen2741/airflow_venv/lib/python3.12/site-packages/airflow/example_dags/example_task_group_decorator.py
[2025-08-06T14:25:32.907-0400] {logging_mixin.py:190} INFO - [2025-08-06T14:25:32.907-0400] {dag.py:3239} INFO - Sync 1 DAGs
[2025-08-06T14:25:32.916-0400] {logging_mixin.py:190} INFO - [2025-08-06T14:25:32.915-0400] {dag.py:4180} INFO - Setting next_dagrun for example_task_group_decorator to None, run_after=None
[2025-08-06T14:25:32.931-0400] {processor.py:208} INFO - Processing /home/huynguyen2741/airflow_venv/lib/python3.12/site-packages/airflow/example_dags/example_task_group_decorator.py took 0.058 seconds
[2025-08-06T14:26:34.412-0400] {processor.py:186} INFO - Started process (PID=25839) to work on /home/huynguyen2741/airflow_venv/lib/python3.12/site-packages/airflow/example_dags/example_task_group_decorator.py
[2025-08-06T14:26:34.413-0400] {processor.py:914} INFO - Processing file /home/huynguyen2741/airflow_venv/lib/python3.12/site-packages/airflow/example_dags/example_task_group_decorator.py for tasks to queue
[2025-08-06T14:26:34.415-0400] {logging_mixin.py:190} INFO - [2025-08-06T14:26:34.415-0400] {dagbag.py:588} INFO - Filling up the DagBag from /home/huynguyen2741/airflow_venv/lib/python3.12/site-packages/airflow/example_dags/example_task_group_decorator.py
[2025-08-06T14:26:34.431-0400] {processor.py:925} INFO - DAG(s) 'example_task_group_decorator' retrieved from /home/huynguyen2741/airflow_venv/lib/python3.12/site-packages/airflow/example_dags/example_task_group_decorator.py
[2025-08-06T14:26:34.458-0400] {logging_mixin.py:190} INFO - [2025-08-06T14:26:34.457-0400] {dag.py:3239} INFO - Sync 1 DAGs
[2025-08-06T14:26:34.468-0400] {logging_mixin.py:190} INFO - [2025-08-06T14:26:34.468-0400] {dag.py:4180} INFO - Setting next_dagrun for example_task_group_decorator to None, run_after=None
[2025-08-06T14:26:34.487-0400] {processor.py:208} INFO - Processing /home/huynguyen2741/airflow_venv/lib/python3.12/site-packages/airflow/example_dags/example_task_group_decorator.py took 0.088 seconds
[2025-08-06T14:27:41.587-0400] {processor.py:186} INFO - Started process (PID=26148) to work on /home/huynguyen2741/airflow_venv/lib/python3.12/site-packages/airflow/example_dags/example_task_group_decorator.py
[2025-08-06T14:27:41.588-0400] {processor.py:914} INFO - Processing file /home/huynguyen2741/airflow_venv/lib/python3.12/site-packages/airflow/example_dags/example_task_group_decorator.py for tasks to queue
[2025-08-06T14:27:41.589-0400] {logging_mixin.py:190} INFO - [2025-08-06T14:27:41.589-0400] {dagbag.py:588} INFO - Filling up the DagBag from /home/huynguyen2741/airflow_venv/lib/python3.12/site-packages/airflow/example_dags/example_task_group_decorator.py
[2025-08-06T14:27:41.600-0400] {processor.py:925} INFO - DAG(s) 'example_task_group_decorator' retrieved from /home/huynguyen2741/airflow_venv/lib/python3.12/site-packages/airflow/example_dags/example_task_group_decorator.py
[2025-08-06T14:27:41.614-0400] {logging_mixin.py:190} INFO - [2025-08-06T14:27:41.614-0400] {dag.py:3239} INFO - Sync 1 DAGs
[2025-08-06T14:27:41.624-0400] {logging_mixin.py:190} INFO - [2025-08-06T14:27:41.624-0400] {dag.py:4180} INFO - Setting next_dagrun for example_task_group_decorator to None, run_after=None
[2025-08-06T14:27:41.641-0400] {processor.py:208} INFO - Processing /home/huynguyen2741/airflow_venv/lib/python3.12/site-packages/airflow/example_dags/example_task_group_decorator.py took 0.060 seconds
[2025-08-06T14:28:49.154-0400] {processor.py:186} INFO - Started process (PID=26440) to work on /home/huynguyen2741/airflow_venv/lib/python3.12/site-packages/airflow/example_dags/example_task_group_decorator.py
[2025-08-06T14:28:49.155-0400] {processor.py:914} INFO - Processing file /home/huynguyen2741/airflow_venv/lib/python3.12/site-packages/airflow/example_dags/example_task_group_decorator.py for tasks to queue
[2025-08-06T14:28:49.156-0400] {logging_mixin.py:190} INFO - [2025-08-06T14:28:49.155-0400] {dagbag.py:588} INFO - Filling up the DagBag from /home/huynguyen2741/airflow_venv/lib/python3.12/site-packages/airflow/example_dags/example_task_group_decorator.py
[2025-08-06T14:28:49.167-0400] {processor.py:925} INFO - DAG(s) 'example_task_group_decorator' retrieved from /home/huynguyen2741/airflow_venv/lib/python3.12/site-packages/airflow/example_dags/example_task_group_decorator.py
[2025-08-06T14:28:49.182-0400] {logging_mixin.py:190} INFO - [2025-08-06T14:28:49.181-0400] {dag.py:3239} INFO - Sync 1 DAGs
[2025-08-06T14:28:49.191-0400] {logging_mixin.py:190} INFO - [2025-08-06T14:28:49.191-0400] {dag.py:4180} INFO - Setting next_dagrun for example_task_group_decorator to None, run_after=None
[2025-08-06T14:28:49.209-0400] {processor.py:208} INFO - Processing /home/huynguyen2741/airflow_venv/lib/python3.12/site-packages/airflow/example_dags/example_task_group_decorator.py took 0.061 seconds
[2025-08-06T14:29:51.570-0400] {processor.py:186} INFO - Started process (PID=26701) to work on /home/huynguyen2741/airflow_venv/lib/python3.12/site-packages/airflow/example_dags/example_task_group_decorator.py
[2025-08-06T14:29:51.571-0400] {processor.py:914} INFO - Processing file /home/huynguyen2741/airflow_venv/lib/python3.12/site-packages/airflow/example_dags/example_task_group_decorator.py for tasks to queue
[2025-08-06T14:29:51.572-0400] {logging_mixin.py:190} INFO - [2025-08-06T14:29:51.572-0400] {dagbag.py:588} INFO - Filling up the DagBag from /home/huynguyen2741/airflow_venv/lib/python3.12/site-packages/airflow/example_dags/example_task_group_decorator.py
[2025-08-06T14:29:51.583-0400] {processor.py:925} INFO - DAG(s) 'example_task_group_decorator' retrieved from /home/huynguyen2741/airflow_venv/lib/python3.12/site-packages/airflow/example_dags/example_task_group_decorator.py
[2025-08-06T14:29:51.597-0400] {logging_mixin.py:190} INFO - [2025-08-06T14:29:51.597-0400] {dag.py:3239} INFO - Sync 1 DAGs
[2025-08-06T14:29:51.607-0400] {logging_mixin.py:190} INFO - [2025-08-06T14:29:51.607-0400] {dag.py:4180} INFO - Setting next_dagrun for example_task_group_decorator to None, run_after=None
[2025-08-06T14:29:51.649-0400] {processor.py:208} INFO - Processing /home/huynguyen2741/airflow_venv/lib/python3.12/site-packages/airflow/example_dags/example_task_group_decorator.py took 0.084 seconds
[2025-08-06T14:31:13.535-0400] {processor.py:186} INFO - Started process (PID=27142) to work on /home/huynguyen2741/airflow_venv/lib/python3.12/site-packages/airflow/example_dags/example_task_group_decorator.py
[2025-08-06T14:31:13.536-0400] {processor.py:914} INFO - Processing file /home/huynguyen2741/airflow_venv/lib/python3.12/site-packages/airflow/example_dags/example_task_group_decorator.py for tasks to queue
[2025-08-06T14:31:13.537-0400] {logging_mixin.py:190} INFO - [2025-08-06T14:31:13.537-0400] {dagbag.py:588} INFO - Filling up the DagBag from /home/huynguyen2741/airflow_venv/lib/python3.12/site-packages/airflow/example_dags/example_task_group_decorator.py
[2025-08-06T14:31:13.549-0400] {processor.py:925} INFO - DAG(s) 'example_task_group_decorator' retrieved from /home/huynguyen2741/airflow_venv/lib/python3.12/site-packages/airflow/example_dags/example_task_group_decorator.py
[2025-08-06T14:31:13.564-0400] {logging_mixin.py:190} INFO - [2025-08-06T14:31:13.564-0400] {dag.py:3239} INFO - Sync 1 DAGs
[2025-08-06T14:31:13.573-0400] {logging_mixin.py:190} INFO - [2025-08-06T14:31:13.573-0400] {dag.py:4180} INFO - Setting next_dagrun for example_task_group_decorator to None, run_after=None
[2025-08-06T14:31:13.589-0400] {processor.py:208} INFO - Processing /home/huynguyen2741/airflow_venv/lib/python3.12/site-packages/airflow/example_dags/example_task_group_decorator.py took 0.059 seconds
[2025-08-06T14:32:22.643-0400] {processor.py:186} INFO - Started process (PID=27392) to work on /home/huynguyen2741/airflow_venv/lib/python3.12/site-packages/airflow/example_dags/example_task_group_decorator.py
[2025-08-06T14:32:22.647-0400] {processor.py:914} INFO - Processing file /home/huynguyen2741/airflow_venv/lib/python3.12/site-packages/airflow/example_dags/example_task_group_decorator.py for tasks to queue
[2025-08-06T14:32:22.649-0400] {logging_mixin.py:190} INFO - [2025-08-06T14:32:22.648-0400] {dagbag.py:588} INFO - Filling up the DagBag from /home/huynguyen2741/airflow_venv/lib/python3.12/site-packages/airflow/example_dags/example_task_group_decorator.py
[2025-08-06T14:32:22.659-0400] {processor.py:925} INFO - DAG(s) 'example_task_group_decorator' retrieved from /home/huynguyen2741/airflow_venv/lib/python3.12/site-packages/airflow/example_dags/example_task_group_decorator.py
[2025-08-06T14:32:22.674-0400] {logging_mixin.py:190} INFO - [2025-08-06T14:32:22.674-0400] {dag.py:3239} INFO - Sync 1 DAGs
[2025-08-06T14:32:22.684-0400] {logging_mixin.py:190} INFO - [2025-08-06T14:32:22.683-0400] {dag.py:4180} INFO - Setting next_dagrun for example_task_group_decorator to None, run_after=None
[2025-08-06T14:32:22.700-0400] {processor.py:208} INFO - Processing /home/huynguyen2741/airflow_venv/lib/python3.12/site-packages/airflow/example_dags/example_task_group_decorator.py took 0.062 seconds
[2025-08-06T14:33:28.333-0400] {processor.py:186} INFO - Started process (PID=27718) to work on /home/huynguyen2741/airflow_venv/lib/python3.12/site-packages/airflow/example_dags/example_task_group_decorator.py
[2025-08-06T14:33:28.337-0400] {processor.py:914} INFO - Processing file /home/huynguyen2741/airflow_venv/lib/python3.12/site-packages/airflow/example_dags/example_task_group_decorator.py for tasks to queue
[2025-08-06T14:33:28.338-0400] {logging_mixin.py:190} INFO - [2025-08-06T14:33:28.338-0400] {dagbag.py:588} INFO - Filling up the DagBag from /home/huynguyen2741/airflow_venv/lib/python3.12/site-packages/airflow/example_dags/example_task_group_decorator.py
[2025-08-06T14:33:28.349-0400] {processor.py:925} INFO - DAG(s) 'example_task_group_decorator' retrieved from /home/huynguyen2741/airflow_venv/lib/python3.12/site-packages/airflow/example_dags/example_task_group_decorator.py
[2025-08-06T14:33:28.362-0400] {logging_mixin.py:190} INFO - [2025-08-06T14:33:28.362-0400] {dag.py:3239} INFO - Sync 1 DAGs
[2025-08-06T14:33:28.370-0400] {logging_mixin.py:190} INFO - [2025-08-06T14:33:28.369-0400] {dag.py:4180} INFO - Setting next_dagrun for example_task_group_decorator to None, run_after=None
[2025-08-06T14:33:28.385-0400] {processor.py:208} INFO - Processing /home/huynguyen2741/airflow_venv/lib/python3.12/site-packages/airflow/example_dags/example_task_group_decorator.py took 0.057 seconds
[2025-08-06T14:35:25.083-0400] {processor.py:186} INFO - Started process (PID=28338) to work on /home/huynguyen2741/airflow_venv/lib/python3.12/site-packages/airflow/example_dags/example_task_group_decorator.py
[2025-08-06T14:35:25.084-0400] {processor.py:914} INFO - Processing file /home/huynguyen2741/airflow_venv/lib/python3.12/site-packages/airflow/example_dags/example_task_group_decorator.py for tasks to queue
[2025-08-06T14:35:25.085-0400] {logging_mixin.py:190} INFO - [2025-08-06T14:35:25.085-0400] {dagbag.py:588} INFO - Filling up the DagBag from /home/huynguyen2741/airflow_venv/lib/python3.12/site-packages/airflow/example_dags/example_task_group_decorator.py
[2025-08-06T14:35:25.096-0400] {processor.py:925} INFO - DAG(s) 'example_task_group_decorator' retrieved from /home/huynguyen2741/airflow_venv/lib/python3.12/site-packages/airflow/example_dags/example_task_group_decorator.py
[2025-08-06T14:35:25.109-0400] {logging_mixin.py:190} INFO - [2025-08-06T14:35:25.109-0400] {dag.py:3239} INFO - Sync 1 DAGs
[2025-08-06T14:35:25.117-0400] {logging_mixin.py:190} INFO - [2025-08-06T14:35:25.117-0400] {dag.py:4180} INFO - Setting next_dagrun for example_task_group_decorator to None, run_after=None
[2025-08-06T14:35:25.132-0400] {processor.py:208} INFO - Processing /home/huynguyen2741/airflow_venv/lib/python3.12/site-packages/airflow/example_dags/example_task_group_decorator.py took 0.054 seconds
[2025-08-06T14:36:32.282-0400] {processor.py:186} INFO - Started process (PID=28605) to work on /home/huynguyen2741/airflow_venv/lib/python3.12/site-packages/airflow/example_dags/example_task_group_decorator.py
[2025-08-06T14:36:32.286-0400] {processor.py:914} INFO - Processing file /home/huynguyen2741/airflow_venv/lib/python3.12/site-packages/airflow/example_dags/example_task_group_decorator.py for tasks to queue
[2025-08-06T14:36:32.288-0400] {logging_mixin.py:190} INFO - [2025-08-06T14:36:32.287-0400] {dagbag.py:588} INFO - Filling up the DagBag from /home/huynguyen2741/airflow_venv/lib/python3.12/site-packages/airflow/example_dags/example_task_group_decorator.py
[2025-08-06T14:36:32.300-0400] {processor.py:925} INFO - DAG(s) 'example_task_group_decorator' retrieved from /home/huynguyen2741/airflow_venv/lib/python3.12/site-packages/airflow/example_dags/example_task_group_decorator.py
[2025-08-06T14:36:32.319-0400] {logging_mixin.py:190} INFO - [2025-08-06T14:36:32.319-0400] {dag.py:3239} INFO - Sync 1 DAGs
[2025-08-06T14:36:32.331-0400] {logging_mixin.py:190} INFO - [2025-08-06T14:36:32.331-0400] {dag.py:4180} INFO - Setting next_dagrun for example_task_group_decorator to None, run_after=None
[2025-08-06T14:36:32.350-0400] {processor.py:208} INFO - Processing /home/huynguyen2741/airflow_venv/lib/python3.12/site-packages/airflow/example_dags/example_task_group_decorator.py took 0.073 seconds
[2025-08-06T14:37:33.689-0400] {processor.py:186} INFO - Started process (PID=28853) to work on /home/huynguyen2741/airflow_venv/lib/python3.12/site-packages/airflow/example_dags/example_task_group_decorator.py
[2025-08-06T14:37:33.698-0400] {processor.py:914} INFO - Processing file /home/huynguyen2741/airflow_venv/lib/python3.12/site-packages/airflow/example_dags/example_task_group_decorator.py for tasks to queue
[2025-08-06T14:37:33.699-0400] {logging_mixin.py:190} INFO - [2025-08-06T14:37:33.699-0400] {dagbag.py:588} INFO - Filling up the DagBag from /home/huynguyen2741/airflow_venv/lib/python3.12/site-packages/airflow/example_dags/example_task_group_decorator.py
[2025-08-06T14:37:33.710-0400] {processor.py:925} INFO - DAG(s) 'example_task_group_decorator' retrieved from /home/huynguyen2741/airflow_venv/lib/python3.12/site-packages/airflow/example_dags/example_task_group_decorator.py
[2025-08-06T14:37:33.727-0400] {logging_mixin.py:190} INFO - [2025-08-06T14:37:33.727-0400] {dag.py:3239} INFO - Sync 1 DAGs
[2025-08-06T14:37:33.738-0400] {logging_mixin.py:190} INFO - [2025-08-06T14:37:33.738-0400] {dag.py:4180} INFO - Setting next_dagrun for example_task_group_decorator to None, run_after=None
[2025-08-06T14:37:33.756-0400] {processor.py:208} INFO - Processing /home/huynguyen2741/airflow_venv/lib/python3.12/site-packages/airflow/example_dags/example_task_group_decorator.py took 0.072 seconds
[2025-08-06T14:38:41.351-0400] {processor.py:186} INFO - Started process (PID=29112) to work on /home/huynguyen2741/airflow_venv/lib/python3.12/site-packages/airflow/example_dags/example_task_group_decorator.py
[2025-08-06T14:38:41.361-0400] {processor.py:914} INFO - Processing file /home/huynguyen2741/airflow_venv/lib/python3.12/site-packages/airflow/example_dags/example_task_group_decorator.py for tasks to queue
[2025-08-06T14:38:41.363-0400] {logging_mixin.py:190} INFO - [2025-08-06T14:38:41.362-0400] {dagbag.py:588} INFO - Filling up the DagBag from /home/huynguyen2741/airflow_venv/lib/python3.12/site-packages/airflow/example_dags/example_task_group_decorator.py
[2025-08-06T14:38:41.378-0400] {processor.py:925} INFO - DAG(s) 'example_task_group_decorator' retrieved from /home/huynguyen2741/airflow_venv/lib/python3.12/site-packages/airflow/example_dags/example_task_group_decorator.py
[2025-08-06T14:38:41.397-0400] {logging_mixin.py:190} INFO - [2025-08-06T14:38:41.397-0400] {dag.py:3239} INFO - Sync 1 DAGs
[2025-08-06T14:38:41.408-0400] {logging_mixin.py:190} INFO - [2025-08-06T14:38:41.408-0400] {dag.py:4180} INFO - Setting next_dagrun for example_task_group_decorator to None, run_after=None
[2025-08-06T14:38:41.426-0400] {processor.py:208} INFO - Processing /home/huynguyen2741/airflow_venv/lib/python3.12/site-packages/airflow/example_dags/example_task_group_decorator.py took 0.083 seconds
[2025-08-06T14:39:48.779-0400] {processor.py:186} INFO - Started process (PID=29389) to work on /home/huynguyen2741/airflow_venv/lib/python3.12/site-packages/airflow/example_dags/example_task_group_decorator.py
[2025-08-06T14:39:48.784-0400] {processor.py:914} INFO - Processing file /home/huynguyen2741/airflow_venv/lib/python3.12/site-packages/airflow/example_dags/example_task_group_decorator.py for tasks to queue
[2025-08-06T14:39:48.785-0400] {logging_mixin.py:190} INFO - [2025-08-06T14:39:48.785-0400] {dagbag.py:588} INFO - Filling up the DagBag from /home/huynguyen2741/airflow_venv/lib/python3.12/site-packages/airflow/example_dags/example_task_group_decorator.py
[2025-08-06T14:39:48.796-0400] {processor.py:925} INFO - DAG(s) 'example_task_group_decorator' retrieved from /home/huynguyen2741/airflow_venv/lib/python3.12/site-packages/airflow/example_dags/example_task_group_decorator.py
[2025-08-06T14:39:48.809-0400] {logging_mixin.py:190} INFO - [2025-08-06T14:39:48.808-0400] {dag.py:3239} INFO - Sync 1 DAGs
[2025-08-06T14:39:48.816-0400] {logging_mixin.py:190} INFO - [2025-08-06T14:39:48.816-0400] {dag.py:4180} INFO - Setting next_dagrun for example_task_group_decorator to None, run_after=None
[2025-08-06T14:39:48.832-0400] {processor.py:208} INFO - Processing /home/huynguyen2741/airflow_venv/lib/python3.12/site-packages/airflow/example_dags/example_task_group_decorator.py took 0.058 seconds
[2025-08-06T14:40:55.277-0400] {processor.py:186} INFO - Started process (PID=29623) to work on /home/huynguyen2741/airflow_venv/lib/python3.12/site-packages/airflow/example_dags/example_task_group_decorator.py
[2025-08-06T14:40:55.278-0400] {processor.py:914} INFO - Processing file /home/huynguyen2741/airflow_venv/lib/python3.12/site-packages/airflow/example_dags/example_task_group_decorator.py for tasks to queue
[2025-08-06T14:40:55.279-0400] {logging_mixin.py:190} INFO - [2025-08-06T14:40:55.279-0400] {dagbag.py:588} INFO - Filling up the DagBag from /home/huynguyen2741/airflow_venv/lib/python3.12/site-packages/airflow/example_dags/example_task_group_decorator.py
[2025-08-06T14:40:55.289-0400] {processor.py:925} INFO - DAG(s) 'example_task_group_decorator' retrieved from /home/huynguyen2741/airflow_venv/lib/python3.12/site-packages/airflow/example_dags/example_task_group_decorator.py
[2025-08-06T14:40:55.306-0400] {logging_mixin.py:190} INFO - [2025-08-06T14:40:55.306-0400] {dag.py:3239} INFO - Sync 1 DAGs
[2025-08-06T14:40:55.316-0400] {logging_mixin.py:190} INFO - [2025-08-06T14:40:55.316-0400] {dag.py:4180} INFO - Setting next_dagrun for example_task_group_decorator to None, run_after=None
[2025-08-06T14:40:55.333-0400] {processor.py:208} INFO - Processing /home/huynguyen2741/airflow_venv/lib/python3.12/site-packages/airflow/example_dags/example_task_group_decorator.py took 0.061 seconds
[2025-08-06T14:42:00.078-0400] {processor.py:186} INFO - Started process (PID=29908) to work on /home/huynguyen2741/airflow_venv/lib/python3.12/site-packages/airflow/example_dags/example_task_group_decorator.py
[2025-08-06T14:42:00.082-0400] {processor.py:914} INFO - Processing file /home/huynguyen2741/airflow_venv/lib/python3.12/site-packages/airflow/example_dags/example_task_group_decorator.py for tasks to queue
[2025-08-06T14:42:00.083-0400] {logging_mixin.py:190} INFO - [2025-08-06T14:42:00.082-0400] {dagbag.py:588} INFO - Filling up the DagBag from /home/huynguyen2741/airflow_venv/lib/python3.12/site-packages/airflow/example_dags/example_task_group_decorator.py
[2025-08-06T14:42:00.093-0400] {processor.py:925} INFO - DAG(s) 'example_task_group_decorator' retrieved from /home/huynguyen2741/airflow_venv/lib/python3.12/site-packages/airflow/example_dags/example_task_group_decorator.py
[2025-08-06T14:42:00.108-0400] {logging_mixin.py:190} INFO - [2025-08-06T14:42:00.108-0400] {dag.py:3239} INFO - Sync 1 DAGs
[2025-08-06T14:42:00.118-0400] {logging_mixin.py:190} INFO - [2025-08-06T14:42:00.118-0400] {dag.py:4180} INFO - Setting next_dagrun for example_task_group_decorator to None, run_after=None
[2025-08-06T14:42:00.134-0400] {processor.py:208} INFO - Processing /home/huynguyen2741/airflow_venv/lib/python3.12/site-packages/airflow/example_dags/example_task_group_decorator.py took 0.062 seconds
[2025-08-06T14:43:01.920-0400] {processor.py:186} INFO - Started process (PID=30137) to work on /home/huynguyen2741/airflow_venv/lib/python3.12/site-packages/airflow/example_dags/example_task_group_decorator.py
[2025-08-06T14:43:01.921-0400] {processor.py:914} INFO - Processing file /home/huynguyen2741/airflow_venv/lib/python3.12/site-packages/airflow/example_dags/example_task_group_decorator.py for tasks to queue
[2025-08-06T14:43:01.922-0400] {logging_mixin.py:190} INFO - [2025-08-06T14:43:01.922-0400] {dagbag.py:588} INFO - Filling up the DagBag from /home/huynguyen2741/airflow_venv/lib/python3.12/site-packages/airflow/example_dags/example_task_group_decorator.py
[2025-08-06T14:43:01.933-0400] {processor.py:925} INFO - DAG(s) 'example_task_group_decorator' retrieved from /home/huynguyen2741/airflow_venv/lib/python3.12/site-packages/airflow/example_dags/example_task_group_decorator.py
[2025-08-06T14:43:01.946-0400] {logging_mixin.py:190} INFO - [2025-08-06T14:43:01.946-0400] {dag.py:3239} INFO - Sync 1 DAGs
[2025-08-06T14:43:01.954-0400] {logging_mixin.py:190} INFO - [2025-08-06T14:43:01.954-0400] {dag.py:4180} INFO - Setting next_dagrun for example_task_group_decorator to None, run_after=None
[2025-08-06T14:43:01.969-0400] {processor.py:208} INFO - Processing /home/huynguyen2741/airflow_venv/lib/python3.12/site-packages/airflow/example_dags/example_task_group_decorator.py took 0.054 seconds
[2025-08-06T14:44:09.611-0400] {processor.py:186} INFO - Started process (PID=30395) to work on /home/huynguyen2741/airflow_venv/lib/python3.12/site-packages/airflow/example_dags/example_task_group_decorator.py
[2025-08-06T14:44:09.615-0400] {processor.py:914} INFO - Processing file /home/huynguyen2741/airflow_venv/lib/python3.12/site-packages/airflow/example_dags/example_task_group_decorator.py for tasks to queue
[2025-08-06T14:44:09.617-0400] {logging_mixin.py:190} INFO - [2025-08-06T14:44:09.617-0400] {dagbag.py:588} INFO - Filling up the DagBag from /home/huynguyen2741/airflow_venv/lib/python3.12/site-packages/airflow/example_dags/example_task_group_decorator.py
[2025-08-06T14:44:09.628-0400] {processor.py:925} INFO - DAG(s) 'example_task_group_decorator' retrieved from /home/huynguyen2741/airflow_venv/lib/python3.12/site-packages/airflow/example_dags/example_task_group_decorator.py
[2025-08-06T14:44:09.643-0400] {logging_mixin.py:190} INFO - [2025-08-06T14:44:09.643-0400] {dag.py:3239} INFO - Sync 1 DAGs
[2025-08-06T14:44:09.652-0400] {logging_mixin.py:190} INFO - [2025-08-06T14:44:09.652-0400] {dag.py:4180} INFO - Setting next_dagrun for example_task_group_decorator to None, run_after=None
[2025-08-06T14:44:09.670-0400] {processor.py:208} INFO - Processing /home/huynguyen2741/airflow_venv/lib/python3.12/site-packages/airflow/example_dags/example_task_group_decorator.py took 0.065 seconds
[2025-08-06T14:45:05.594-0400] {processor.py:186} INFO - Started process (PID=30627) to work on /home/huynguyen2741/airflow_venv/lib/python3.12/site-packages/airflow/example_dags/example_task_group_decorator.py
[2025-08-06T14:45:05.599-0400] {processor.py:914} INFO - Processing file /home/huynguyen2741/airflow_venv/lib/python3.12/site-packages/airflow/example_dags/example_task_group_decorator.py for tasks to queue
[2025-08-06T14:45:05.600-0400] {logging_mixin.py:190} INFO - [2025-08-06T14:45:05.600-0400] {dagbag.py:588} INFO - Filling up the DagBag from /home/huynguyen2741/airflow_venv/lib/python3.12/site-packages/airflow/example_dags/example_task_group_decorator.py
[2025-08-06T14:45:05.612-0400] {processor.py:925} INFO - DAG(s) 'example_task_group_decorator' retrieved from /home/huynguyen2741/airflow_venv/lib/python3.12/site-packages/airflow/example_dags/example_task_group_decorator.py
[2025-08-06T14:45:05.629-0400] {logging_mixin.py:190} INFO - [2025-08-06T14:45:05.629-0400] {dag.py:3239} INFO - Sync 1 DAGs
[2025-08-06T14:45:05.639-0400] {logging_mixin.py:190} INFO - [2025-08-06T14:45:05.639-0400] {dag.py:4180} INFO - Setting next_dagrun for example_task_group_decorator to None, run_after=None
[2025-08-06T14:45:05.656-0400] {processor.py:208} INFO - Processing /home/huynguyen2741/airflow_venv/lib/python3.12/site-packages/airflow/example_dags/example_task_group_decorator.py took 0.068 seconds
[2025-08-06T14:46:06.510-0400] {processor.py:186} INFO - Started process (PID=30891) to work on /home/huynguyen2741/airflow_venv/lib/python3.12/site-packages/airflow/example_dags/example_task_group_decorator.py
[2025-08-06T14:46:06.511-0400] {processor.py:914} INFO - Processing file /home/huynguyen2741/airflow_venv/lib/python3.12/site-packages/airflow/example_dags/example_task_group_decorator.py for tasks to queue
[2025-08-06T14:46:06.516-0400] {logging_mixin.py:190} INFO - [2025-08-06T14:46:06.515-0400] {dagbag.py:588} INFO - Filling up the DagBag from /home/huynguyen2741/airflow_venv/lib/python3.12/site-packages/airflow/example_dags/example_task_group_decorator.py
[2025-08-06T14:46:06.535-0400] {processor.py:925} INFO - DAG(s) 'example_task_group_decorator' retrieved from /home/huynguyen2741/airflow_venv/lib/python3.12/site-packages/airflow/example_dags/example_task_group_decorator.py
[2025-08-06T14:46:06.563-0400] {logging_mixin.py:190} INFO - [2025-08-06T14:46:06.563-0400] {dag.py:3239} INFO - Sync 1 DAGs
[2025-08-06T14:46:06.585-0400] {logging_mixin.py:190} INFO - [2025-08-06T14:46:06.585-0400] {dag.py:4180} INFO - Setting next_dagrun for example_task_group_decorator to None, run_after=None
[2025-08-06T14:46:06.632-0400] {processor.py:208} INFO - Processing /home/huynguyen2741/airflow_venv/lib/python3.12/site-packages/airflow/example_dags/example_task_group_decorator.py took 0.133 seconds
[2025-08-06T14:47:11.258-0400] {processor.py:186} INFO - Started process (PID=31185) to work on /home/huynguyen2741/airflow_venv/lib/python3.12/site-packages/airflow/example_dags/example_task_group_decorator.py
[2025-08-06T14:47:11.263-0400] {processor.py:914} INFO - Processing file /home/huynguyen2741/airflow_venv/lib/python3.12/site-packages/airflow/example_dags/example_task_group_decorator.py for tasks to queue
[2025-08-06T14:47:11.264-0400] {logging_mixin.py:190} INFO - [2025-08-06T14:47:11.263-0400] {dagbag.py:588} INFO - Filling up the DagBag from /home/huynguyen2741/airflow_venv/lib/python3.12/site-packages/airflow/example_dags/example_task_group_decorator.py
[2025-08-06T14:47:11.275-0400] {processor.py:925} INFO - DAG(s) 'example_task_group_decorator' retrieved from /home/huynguyen2741/airflow_venv/lib/python3.12/site-packages/airflow/example_dags/example_task_group_decorator.py
[2025-08-06T14:47:11.294-0400] {logging_mixin.py:190} INFO - [2025-08-06T14:47:11.294-0400] {dag.py:3239} INFO - Sync 1 DAGs
[2025-08-06T14:47:11.305-0400] {logging_mixin.py:190} INFO - [2025-08-06T14:47:11.304-0400] {dag.py:4180} INFO - Setting next_dagrun for example_task_group_decorator to None, run_after=None
[2025-08-06T14:47:11.327-0400] {processor.py:208} INFO - Processing /home/huynguyen2741/airflow_venv/lib/python3.12/site-packages/airflow/example_dags/example_task_group_decorator.py took 0.074 seconds
[2025-08-06T14:48:41.555-0400] {processor.py:186} INFO - Started process (PID=31723) to work on /home/huynguyen2741/airflow_venv/lib/python3.12/site-packages/airflow/example_dags/example_task_group_decorator.py
[2025-08-06T14:48:41.556-0400] {processor.py:914} INFO - Processing file /home/huynguyen2741/airflow_venv/lib/python3.12/site-packages/airflow/example_dags/example_task_group_decorator.py for tasks to queue
[2025-08-06T14:48:41.557-0400] {logging_mixin.py:190} INFO - [2025-08-06T14:48:41.557-0400] {dagbag.py:588} INFO - Filling up the DagBag from /home/huynguyen2741/airflow_venv/lib/python3.12/site-packages/airflow/example_dags/example_task_group_decorator.py
[2025-08-06T14:48:41.568-0400] {processor.py:925} INFO - DAG(s) 'example_task_group_decorator' retrieved from /home/huynguyen2741/airflow_venv/lib/python3.12/site-packages/airflow/example_dags/example_task_group_decorator.py
[2025-08-06T14:48:41.582-0400] {logging_mixin.py:190} INFO - [2025-08-06T14:48:41.582-0400] {dag.py:3239} INFO - Sync 1 DAGs
[2025-08-06T14:48:41.590-0400] {logging_mixin.py:190} INFO - [2025-08-06T14:48:41.590-0400] {dag.py:4180} INFO - Setting next_dagrun for example_task_group_decorator to None, run_after=None
[2025-08-06T14:48:41.607-0400] {processor.py:208} INFO - Processing /home/huynguyen2741/airflow_venv/lib/python3.12/site-packages/airflow/example_dags/example_task_group_decorator.py took 0.057 seconds
[2025-08-06T14:49:42.791-0400] {processor.py:186} INFO - Started process (PID=31943) to work on /home/huynguyen2741/airflow_venv/lib/python3.12/site-packages/airflow/example_dags/example_task_group_decorator.py
[2025-08-06T14:49:42.801-0400] {processor.py:914} INFO - Processing file /home/huynguyen2741/airflow_venv/lib/python3.12/site-packages/airflow/example_dags/example_task_group_decorator.py for tasks to queue
[2025-08-06T14:49:42.803-0400] {logging_mixin.py:190} INFO - [2025-08-06T14:49:42.802-0400] {dagbag.py:588} INFO - Filling up the DagBag from /home/huynguyen2741/airflow_venv/lib/python3.12/site-packages/airflow/example_dags/example_task_group_decorator.py
[2025-08-06T14:49:42.814-0400] {processor.py:925} INFO - DAG(s) 'example_task_group_decorator' retrieved from /home/huynguyen2741/airflow_venv/lib/python3.12/site-packages/airflow/example_dags/example_task_group_decorator.py
[2025-08-06T14:49:42.827-0400] {logging_mixin.py:190} INFO - [2025-08-06T14:49:42.827-0400] {dag.py:3239} INFO - Sync 1 DAGs
[2025-08-06T14:49:42.837-0400] {logging_mixin.py:190} INFO - [2025-08-06T14:49:42.836-0400] {dag.py:4180} INFO - Setting next_dagrun for example_task_group_decorator to None, run_after=None
[2025-08-06T14:49:42.851-0400] {processor.py:208} INFO - Processing /home/huynguyen2741/airflow_venv/lib/python3.12/site-packages/airflow/example_dags/example_task_group_decorator.py took 0.065 seconds
[2025-08-06T14:50:49.379-0400] {processor.py:186} INFO - Started process (PID=32179) to work on /home/huynguyen2741/airflow_venv/lib/python3.12/site-packages/airflow/example_dags/example_task_group_decorator.py
[2025-08-06T14:50:49.380-0400] {processor.py:914} INFO - Processing file /home/huynguyen2741/airflow_venv/lib/python3.12/site-packages/airflow/example_dags/example_task_group_decorator.py for tasks to queue
[2025-08-06T14:50:49.381-0400] {logging_mixin.py:190} INFO - [2025-08-06T14:50:49.381-0400] {dagbag.py:588} INFO - Filling up the DagBag from /home/huynguyen2741/airflow_venv/lib/python3.12/site-packages/airflow/example_dags/example_task_group_decorator.py
[2025-08-06T14:50:49.392-0400] {processor.py:925} INFO - DAG(s) 'example_task_group_decorator' retrieved from /home/huynguyen2741/airflow_venv/lib/python3.12/site-packages/airflow/example_dags/example_task_group_decorator.py
[2025-08-06T14:50:49.405-0400] {logging_mixin.py:190} INFO - [2025-08-06T14:50:49.405-0400] {dag.py:3239} INFO - Sync 1 DAGs
[2025-08-06T14:50:49.413-0400] {logging_mixin.py:190} INFO - [2025-08-06T14:50:49.413-0400] {dag.py:4180} INFO - Setting next_dagrun for example_task_group_decorator to None, run_after=None
[2025-08-06T14:50:49.430-0400] {processor.py:208} INFO - Processing /home/huynguyen2741/airflow_venv/lib/python3.12/site-packages/airflow/example_dags/example_task_group_decorator.py took 0.056 seconds
[2025-08-06T14:51:51.523-0400] {processor.py:186} INFO - Started process (PID=32409) to work on /home/huynguyen2741/airflow_venv/lib/python3.12/site-packages/airflow/example_dags/example_task_group_decorator.py
[2025-08-06T14:51:51.524-0400] {processor.py:914} INFO - Processing file /home/huynguyen2741/airflow_venv/lib/python3.12/site-packages/airflow/example_dags/example_task_group_decorator.py for tasks to queue
[2025-08-06T14:51:51.526-0400] {logging_mixin.py:190} INFO - [2025-08-06T14:51:51.525-0400] {dagbag.py:588} INFO - Filling up the DagBag from /home/huynguyen2741/airflow_venv/lib/python3.12/site-packages/airflow/example_dags/example_task_group_decorator.py
[2025-08-06T14:51:51.538-0400] {processor.py:925} INFO - DAG(s) 'example_task_group_decorator' retrieved from /home/huynguyen2741/airflow_venv/lib/python3.12/site-packages/airflow/example_dags/example_task_group_decorator.py
[2025-08-06T14:51:51.554-0400] {logging_mixin.py:190} INFO - [2025-08-06T14:51:51.554-0400] {dag.py:3239} INFO - Sync 1 DAGs
[2025-08-06T14:51:51.565-0400] {logging_mixin.py:190} INFO - [2025-08-06T14:51:51.564-0400] {dag.py:4180} INFO - Setting next_dagrun for example_task_group_decorator to None, run_after=None
[2025-08-06T14:51:51.584-0400] {processor.py:208} INFO - Processing /home/huynguyen2741/airflow_venv/lib/python3.12/site-packages/airflow/example_dags/example_task_group_decorator.py took 0.067 seconds
[2025-08-06T14:52:49.772-0400] {processor.py:186} INFO - Started process (PID=32674) to work on /home/huynguyen2741/airflow_venv/lib/python3.12/site-packages/airflow/example_dags/example_task_group_decorator.py
[2025-08-06T14:52:49.773-0400] {processor.py:914} INFO - Processing file /home/huynguyen2741/airflow_venv/lib/python3.12/site-packages/airflow/example_dags/example_task_group_decorator.py for tasks to queue
[2025-08-06T14:52:49.774-0400] {logging_mixin.py:190} INFO - [2025-08-06T14:52:49.774-0400] {dagbag.py:588} INFO - Filling up the DagBag from /home/huynguyen2741/airflow_venv/lib/python3.12/site-packages/airflow/example_dags/example_task_group_decorator.py
[2025-08-06T14:52:49.785-0400] {processor.py:925} INFO - DAG(s) 'example_task_group_decorator' retrieved from /home/huynguyen2741/airflow_venv/lib/python3.12/site-packages/airflow/example_dags/example_task_group_decorator.py
[2025-08-06T14:52:49.798-0400] {logging_mixin.py:190} INFO - [2025-08-06T14:52:49.798-0400] {dag.py:3239} INFO - Sync 1 DAGs
[2025-08-06T14:52:49.806-0400] {logging_mixin.py:190} INFO - [2025-08-06T14:52:49.806-0400] {dag.py:4180} INFO - Setting next_dagrun for example_task_group_decorator to None, run_after=None
[2025-08-06T14:52:49.821-0400] {processor.py:208} INFO - Processing /home/huynguyen2741/airflow_venv/lib/python3.12/site-packages/airflow/example_dags/example_task_group_decorator.py took 0.055 seconds
[2025-08-06T14:53:55.767-0400] {processor.py:186} INFO - Started process (PID=33133) to work on /home/huynguyen2741/airflow_venv/lib/python3.12/site-packages/airflow/example_dags/example_task_group_decorator.py
[2025-08-06T14:53:55.771-0400] {processor.py:914} INFO - Processing file /home/huynguyen2741/airflow_venv/lib/python3.12/site-packages/airflow/example_dags/example_task_group_decorator.py for tasks to queue
[2025-08-06T14:53:55.772-0400] {logging_mixin.py:190} INFO - [2025-08-06T14:53:55.772-0400] {dagbag.py:588} INFO - Filling up the DagBag from /home/huynguyen2741/airflow_venv/lib/python3.12/site-packages/airflow/example_dags/example_task_group_decorator.py
[2025-08-06T14:53:55.783-0400] {processor.py:925} INFO - DAG(s) 'example_task_group_decorator' retrieved from /home/huynguyen2741/airflow_venv/lib/python3.12/site-packages/airflow/example_dags/example_task_group_decorator.py
[2025-08-06T14:53:55.797-0400] {logging_mixin.py:190} INFO - [2025-08-06T14:53:55.797-0400] {dag.py:3239} INFO - Sync 1 DAGs
[2025-08-06T14:53:55.806-0400] {logging_mixin.py:190} INFO - [2025-08-06T14:53:55.806-0400] {dag.py:4180} INFO - Setting next_dagrun for example_task_group_decorator to None, run_after=None
[2025-08-06T14:53:55.822-0400] {processor.py:208} INFO - Processing /home/huynguyen2741/airflow_venv/lib/python3.12/site-packages/airflow/example_dags/example_task_group_decorator.py took 0.061 seconds
[2025-08-06T14:54:52.763-0400] {processor.py:186} INFO - Started process (PID=33486) to work on /home/huynguyen2741/airflow_venv/lib/python3.12/site-packages/airflow/example_dags/example_task_group_decorator.py
[2025-08-06T14:54:52.767-0400] {processor.py:914} INFO - Processing file /home/huynguyen2741/airflow_venv/lib/python3.12/site-packages/airflow/example_dags/example_task_group_decorator.py for tasks to queue
[2025-08-06T14:54:52.768-0400] {logging_mixin.py:190} INFO - [2025-08-06T14:54:52.768-0400] {dagbag.py:588} INFO - Filling up the DagBag from /home/huynguyen2741/airflow_venv/lib/python3.12/site-packages/airflow/example_dags/example_task_group_decorator.py
[2025-08-06T14:54:52.779-0400] {processor.py:925} INFO - DAG(s) 'example_task_group_decorator' retrieved from /home/huynguyen2741/airflow_venv/lib/python3.12/site-packages/airflow/example_dags/example_task_group_decorator.py
[2025-08-06T14:54:52.792-0400] {logging_mixin.py:190} INFO - [2025-08-06T14:54:52.792-0400] {dag.py:3239} INFO - Sync 1 DAGs
[2025-08-06T14:54:52.800-0400] {logging_mixin.py:190} INFO - [2025-08-06T14:54:52.800-0400] {dag.py:4180} INFO - Setting next_dagrun for example_task_group_decorator to None, run_after=None
[2025-08-06T14:54:52.815-0400] {processor.py:208} INFO - Processing /home/huynguyen2741/airflow_venv/lib/python3.12/site-packages/airflow/example_dags/example_task_group_decorator.py took 0.058 seconds
[2025-08-06T14:55:53.049-0400] {processor.py:186} INFO - Started process (PID=33738) to work on /home/huynguyen2741/airflow_venv/lib/python3.12/site-packages/airflow/example_dags/example_task_group_decorator.py
[2025-08-06T14:55:53.054-0400] {processor.py:914} INFO - Processing file /home/huynguyen2741/airflow_venv/lib/python3.12/site-packages/airflow/example_dags/example_task_group_decorator.py for tasks to queue
[2025-08-06T14:55:53.055-0400] {logging_mixin.py:190} INFO - [2025-08-06T14:55:53.055-0400] {dagbag.py:588} INFO - Filling up the DagBag from /home/huynguyen2741/airflow_venv/lib/python3.12/site-packages/airflow/example_dags/example_task_group_decorator.py
[2025-08-06T14:55:53.066-0400] {processor.py:925} INFO - DAG(s) 'example_task_group_decorator' retrieved from /home/huynguyen2741/airflow_venv/lib/python3.12/site-packages/airflow/example_dags/example_task_group_decorator.py
[2025-08-06T14:55:53.080-0400] {logging_mixin.py:190} INFO - [2025-08-06T14:55:53.080-0400] {dag.py:3239} INFO - Sync 1 DAGs
[2025-08-06T14:55:53.090-0400] {logging_mixin.py:190} INFO - [2025-08-06T14:55:53.089-0400] {dag.py:4180} INFO - Setting next_dagrun for example_task_group_decorator to None, run_after=None
[2025-08-06T14:55:53.106-0400] {processor.py:208} INFO - Processing /home/huynguyen2741/airflow_venv/lib/python3.12/site-packages/airflow/example_dags/example_task_group_decorator.py took 0.062 seconds
[2025-08-06T14:56:57.369-0400] {processor.py:186} INFO - Started process (PID=34026) to work on /home/huynguyen2741/airflow_venv/lib/python3.12/site-packages/airflow/example_dags/example_task_group_decorator.py
[2025-08-06T14:56:57.374-0400] {processor.py:914} INFO - Processing file /home/huynguyen2741/airflow_venv/lib/python3.12/site-packages/airflow/example_dags/example_task_group_decorator.py for tasks to queue
[2025-08-06T14:56:57.376-0400] {logging_mixin.py:190} INFO - [2025-08-06T14:56:57.375-0400] {dagbag.py:588} INFO - Filling up the DagBag from /home/huynguyen2741/airflow_venv/lib/python3.12/site-packages/airflow/example_dags/example_task_group_decorator.py
[2025-08-06T14:56:57.389-0400] {processor.py:925} INFO - DAG(s) 'example_task_group_decorator' retrieved from /home/huynguyen2741/airflow_venv/lib/python3.12/site-packages/airflow/example_dags/example_task_group_decorator.py
[2025-08-06T14:56:57.406-0400] {logging_mixin.py:190} INFO - [2025-08-06T14:56:57.406-0400] {dag.py:3239} INFO - Sync 1 DAGs
[2025-08-06T14:56:57.416-0400] {logging_mixin.py:190} INFO - [2025-08-06T14:56:57.415-0400] {dag.py:4180} INFO - Setting next_dagrun for example_task_group_decorator to None, run_after=None
[2025-08-06T14:56:57.435-0400] {processor.py:208} INFO - Processing /home/huynguyen2741/airflow_venv/lib/python3.12/site-packages/airflow/example_dags/example_task_group_decorator.py took 0.072 seconds
[2025-08-06T14:57:59.062-0400] {processor.py:186} INFO - Started process (PID=34300) to work on /home/huynguyen2741/airflow_venv/lib/python3.12/site-packages/airflow/example_dags/example_task_group_decorator.py
[2025-08-06T14:57:59.072-0400] {processor.py:914} INFO - Processing file /home/huynguyen2741/airflow_venv/lib/python3.12/site-packages/airflow/example_dags/example_task_group_decorator.py for tasks to queue
[2025-08-06T14:57:59.073-0400] {logging_mixin.py:190} INFO - [2025-08-06T14:57:59.072-0400] {dagbag.py:588} INFO - Filling up the DagBag from /home/huynguyen2741/airflow_venv/lib/python3.12/site-packages/airflow/example_dags/example_task_group_decorator.py
[2025-08-06T14:57:59.084-0400] {processor.py:925} INFO - DAG(s) 'example_task_group_decorator' retrieved from /home/huynguyen2741/airflow_venv/lib/python3.12/site-packages/airflow/example_dags/example_task_group_decorator.py
[2025-08-06T14:57:59.097-0400] {logging_mixin.py:190} INFO - [2025-08-06T14:57:59.097-0400] {dag.py:3239} INFO - Sync 1 DAGs
[2025-08-06T14:57:59.106-0400] {logging_mixin.py:190} INFO - [2025-08-06T14:57:59.106-0400] {dag.py:4180} INFO - Setting next_dagrun for example_task_group_decorator to None, run_after=None
[2025-08-06T14:57:59.122-0400] {processor.py:208} INFO - Processing /home/huynguyen2741/airflow_venv/lib/python3.12/site-packages/airflow/example_dags/example_task_group_decorator.py took 0.066 seconds
[2025-08-06T14:59:01.381-0400] {processor.py:186} INFO - Started process (PID=34562) to work on /home/huynguyen2741/airflow_venv/lib/python3.12/site-packages/airflow/example_dags/example_task_group_decorator.py
[2025-08-06T14:59:01.382-0400] {processor.py:914} INFO - Processing file /home/huynguyen2741/airflow_venv/lib/python3.12/site-packages/airflow/example_dags/example_task_group_decorator.py for tasks to queue
[2025-08-06T14:59:01.383-0400] {logging_mixin.py:190} INFO - [2025-08-06T14:59:01.383-0400] {dagbag.py:588} INFO - Filling up the DagBag from /home/huynguyen2741/airflow_venv/lib/python3.12/site-packages/airflow/example_dags/example_task_group_decorator.py
[2025-08-06T14:59:01.394-0400] {processor.py:925} INFO - DAG(s) 'example_task_group_decorator' retrieved from /home/huynguyen2741/airflow_venv/lib/python3.12/site-packages/airflow/example_dags/example_task_group_decorator.py
[2025-08-06T14:59:01.407-0400] {logging_mixin.py:190} INFO - [2025-08-06T14:59:01.407-0400] {dag.py:3239} INFO - Sync 1 DAGs
[2025-08-06T14:59:01.415-0400] {logging_mixin.py:190} INFO - [2025-08-06T14:59:01.415-0400] {dag.py:4180} INFO - Setting next_dagrun for example_task_group_decorator to None, run_after=None
[2025-08-06T14:59:01.430-0400] {processor.py:208} INFO - Processing /home/huynguyen2741/airflow_venv/lib/python3.12/site-packages/airflow/example_dags/example_task_group_decorator.py took 0.055 seconds
[2025-08-06T15:00:07.689-0400] {processor.py:186} INFO - Started process (PID=34800) to work on /home/huynguyen2741/airflow_venv/lib/python3.12/site-packages/airflow/example_dags/example_task_group_decorator.py
[2025-08-06T15:00:07.693-0400] {processor.py:914} INFO - Processing file /home/huynguyen2741/airflow_venv/lib/python3.12/site-packages/airflow/example_dags/example_task_group_decorator.py for tasks to queue
[2025-08-06T15:00:07.694-0400] {logging_mixin.py:190} INFO - [2025-08-06T15:00:07.694-0400] {dagbag.py:588} INFO - Filling up the DagBag from /home/huynguyen2741/airflow_venv/lib/python3.12/site-packages/airflow/example_dags/example_task_group_decorator.py
[2025-08-06T15:00:07.705-0400] {processor.py:925} INFO - DAG(s) 'example_task_group_decorator' retrieved from /home/huynguyen2741/airflow_venv/lib/python3.12/site-packages/airflow/example_dags/example_task_group_decorator.py
[2025-08-06T15:00:07.719-0400] {logging_mixin.py:190} INFO - [2025-08-06T15:00:07.719-0400] {dag.py:3239} INFO - Sync 1 DAGs
[2025-08-06T15:00:07.728-0400] {logging_mixin.py:190} INFO - [2025-08-06T15:00:07.728-0400] {dag.py:4180} INFO - Setting next_dagrun for example_task_group_decorator to None, run_after=None
[2025-08-06T15:00:07.743-0400] {processor.py:208} INFO - Processing /home/huynguyen2741/airflow_venv/lib/python3.12/site-packages/airflow/example_dags/example_task_group_decorator.py took 0.059 seconds
