[2025-08-06T13:57:12.791-0400] {processor.py:186} INFO - Started process (PID=17691) to work on /home/huynguyen2741/airflow_venv/lib/python3.12/site-packages/airflow/example_dags/example_workday_timetable.py
[2025-08-06T13:57:12.791-0400] {processor.py:914} INFO - Processing file /home/huynguyen2741/airflow_venv/lib/python3.12/site-packages/airflow/example_dags/example_workday_timetable.py for tasks to queue
[2025-08-06T13:57:12.793-0400] {logging_mixin.py:190} INFO - [2025-08-06T13:57:12.793-0400] {dagbag.py:588} INFO - Filling up the DagBag from /home/huynguyen2741/airflow_venv/lib/python3.12/site-packages/airflow/example_dags/example_workday_timetable.py
[2025-08-06T13:57:12.799-0400] {processor.py:925} INFO - DAG(s) 'example_workday_timetable' retrieved from /home/huynguyen2741/airflow_venv/lib/python3.12/site-packages/airflow/example_dags/example_workday_timetable.py
[2025-08-06T13:57:12.888-0400] {logging_mixin.py:190} INFO - [2025-08-06T13:57:12.887-0400] {override.py:1930} INFO - Created Permission View: can edit on DAG:example_workday_timetable
[2025-08-06T13:57:12.898-0400] {logging_mixin.py:190} INFO - [2025-08-06T13:57:12.897-0400] {override.py:1930} INFO - Created Permission View: can read on DAG:example_workday_timetable
[2025-08-06T13:57:12.906-0400] {logging_mixin.py:190} INFO - [2025-08-06T13:57:12.905-0400] {override.py:1930} INFO - Created Permission View: can delete on DAG:example_workday_timetable
[2025-08-06T13:57:12.925-0400] {logging_mixin.py:190} INFO - [2025-08-06T13:57:12.925-0400] {override.py:1930} INFO - Created Permission View: menu access on DAG Run:example_workday_timetable
[2025-08-06T13:57:12.935-0400] {logging_mixin.py:190} INFO - [2025-08-06T13:57:12.935-0400] {override.py:1930} INFO - Created Permission View: can read on DAG Run:example_workday_timetable
[2025-08-06T13:57:12.943-0400] {logging_mixin.py:190} INFO - [2025-08-06T13:57:12.943-0400] {override.py:1930} INFO - Created Permission View: can create on DAG Run:example_workday_timetable
[2025-08-06T13:57:12.951-0400] {logging_mixin.py:190} INFO - [2025-08-06T13:57:12.950-0400] {override.py:1930} INFO - Created Permission View: can delete on DAG Run:example_workday_timetable
[2025-08-06T13:57:12.951-0400] {logging_mixin.py:190} INFO - [2025-08-06T13:57:12.951-0400] {dag.py:3239} INFO - Sync 1 DAGs
[2025-08-06T13:57:12.959-0400] {logging_mixin.py:190} INFO - [2025-08-06T13:57:12.959-0400] {dag.py:3262} INFO - Creating ORM DAG for example_workday_timetable
[2025-08-06T13:57:12.966-0400] {logging_mixin.py:190} INFO - [2025-08-06T13:57:12.966-0400] {dag.py:4180} INFO - Setting next_dagrun for example_workday_timetable to 2021-01-01 00:00:00+00:00, run_after=2021-01-02 00:00:00+00:00
[2025-08-06T13:57:12.981-0400] {processor.py:208} INFO - Processing /home/huynguyen2741/airflow_venv/lib/python3.12/site-packages/airflow/example_dags/example_workday_timetable.py took 0.195 seconds
[2025-08-06T13:58:18.695-0400] {processor.py:186} INFO - Started process (PID=17936) to work on /home/huynguyen2741/airflow_venv/lib/python3.12/site-packages/airflow/example_dags/example_workday_timetable.py
[2025-08-06T13:58:18.699-0400] {processor.py:914} INFO - Processing file /home/huynguyen2741/airflow_venv/lib/python3.12/site-packages/airflow/example_dags/example_workday_timetable.py for tasks to queue
[2025-08-06T13:58:18.701-0400] {logging_mixin.py:190} INFO - [2025-08-06T13:58:18.700-0400] {dagbag.py:588} INFO - Filling up the DagBag from /home/huynguyen2741/airflow_venv/lib/python3.12/site-packages/airflow/example_dags/example_workday_timetable.py
[2025-08-06T13:58:18.705-0400] {processor.py:925} INFO - DAG(s) 'example_workday_timetable' retrieved from /home/huynguyen2741/airflow_venv/lib/python3.12/site-packages/airflow/example_dags/example_workday_timetable.py
[2025-08-06T13:58:18.716-0400] {logging_mixin.py:190} INFO - [2025-08-06T13:58:18.716-0400] {dag.py:3239} INFO - Sync 1 DAGs
[2025-08-06T13:58:18.729-0400] {logging_mixin.py:190} INFO - [2025-08-06T13:58:18.729-0400] {dag.py:4180} INFO - Setting next_dagrun for example_workday_timetable to 2021-01-01 00:00:00+00:00, run_after=2021-01-02 00:00:00+00:00
[2025-08-06T13:58:18.744-0400] {processor.py:208} INFO - Processing /home/huynguyen2741/airflow_venv/lib/python3.12/site-packages/airflow/example_dags/example_workday_timetable.py took 0.053 seconds
[2025-08-06T13:59:15.128-0400] {processor.py:186} INFO - Started process (PID=18150) to work on /home/huynguyen2741/airflow_venv/lib/python3.12/site-packages/airflow/example_dags/example_workday_timetable.py
[2025-08-06T13:59:15.129-0400] {processor.py:914} INFO - Processing file /home/huynguyen2741/airflow_venv/lib/python3.12/site-packages/airflow/example_dags/example_workday_timetable.py for tasks to queue
[2025-08-06T13:59:15.130-0400] {logging_mixin.py:190} INFO - [2025-08-06T13:59:15.130-0400] {dagbag.py:588} INFO - Filling up the DagBag from /home/huynguyen2741/airflow_venv/lib/python3.12/site-packages/airflow/example_dags/example_workday_timetable.py
[2025-08-06T13:59:15.135-0400] {processor.py:925} INFO - DAG(s) 'example_workday_timetable' retrieved from /home/huynguyen2741/airflow_venv/lib/python3.12/site-packages/airflow/example_dags/example_workday_timetable.py
[2025-08-06T13:59:15.145-0400] {logging_mixin.py:190} INFO - [2025-08-06T13:59:15.145-0400] {dag.py:3239} INFO - Sync 1 DAGs
[2025-08-06T13:59:15.157-0400] {logging_mixin.py:190} INFO - [2025-08-06T13:59:15.157-0400] {dag.py:4180} INFO - Setting next_dagrun for example_workday_timetable to 2021-01-01 00:00:00+00:00, run_after=2021-01-02 00:00:00+00:00
[2025-08-06T13:59:15.172-0400] {processor.py:208} INFO - Processing /home/huynguyen2741/airflow_venv/lib/python3.12/site-packages/airflow/example_dags/example_workday_timetable.py took 0.049 seconds
[2025-08-06T14:00:18.962-0400] {processor.py:186} INFO - Started process (PID=18375) to work on /home/huynguyen2741/airflow_venv/lib/python3.12/site-packages/airflow/example_dags/example_workday_timetable.py
[2025-08-06T14:00:18.963-0400] {processor.py:914} INFO - Processing file /home/huynguyen2741/airflow_venv/lib/python3.12/site-packages/airflow/example_dags/example_workday_timetable.py for tasks to queue
[2025-08-06T14:00:18.965-0400] {logging_mixin.py:190} INFO - [2025-08-06T14:00:18.964-0400] {dagbag.py:588} INFO - Filling up the DagBag from /home/huynguyen2741/airflow_venv/lib/python3.12/site-packages/airflow/example_dags/example_workday_timetable.py
[2025-08-06T14:00:18.969-0400] {processor.py:925} INFO - DAG(s) 'example_workday_timetable' retrieved from /home/huynguyen2741/airflow_venv/lib/python3.12/site-packages/airflow/example_dags/example_workday_timetable.py
[2025-08-06T14:00:18.979-0400] {logging_mixin.py:190} INFO - [2025-08-06T14:00:18.979-0400] {dag.py:3239} INFO - Sync 1 DAGs
[2025-08-06T14:00:18.991-0400] {logging_mixin.py:190} INFO - [2025-08-06T14:00:18.991-0400] {dag.py:4180} INFO - Setting next_dagrun for example_workday_timetable to 2021-01-01 00:00:00+00:00, run_after=2021-01-02 00:00:00+00:00
[2025-08-06T14:00:19.008-0400] {processor.py:208} INFO - Processing /home/huynguyen2741/airflow_venv/lib/python3.12/site-packages/airflow/example_dags/example_workday_timetable.py took 0.051 seconds
[2025-08-06T14:01:23.365-0400] {processor.py:186} INFO - Started process (PID=18602) to work on /home/huynguyen2741/airflow_venv/lib/python3.12/site-packages/airflow/example_dags/example_workday_timetable.py
[2025-08-06T14:01:23.366-0400] {processor.py:914} INFO - Processing file /home/huynguyen2741/airflow_venv/lib/python3.12/site-packages/airflow/example_dags/example_workday_timetable.py for tasks to queue
[2025-08-06T14:01:23.367-0400] {logging_mixin.py:190} INFO - [2025-08-06T14:01:23.367-0400] {dagbag.py:588} INFO - Filling up the DagBag from /home/huynguyen2741/airflow_venv/lib/python3.12/site-packages/airflow/example_dags/example_workday_timetable.py
[2025-08-06T14:01:23.373-0400] {processor.py:925} INFO - DAG(s) 'example_workday_timetable' retrieved from /home/huynguyen2741/airflow_venv/lib/python3.12/site-packages/airflow/example_dags/example_workday_timetable.py
[2025-08-06T14:01:23.383-0400] {logging_mixin.py:190} INFO - [2025-08-06T14:01:23.383-0400] {dag.py:3239} INFO - Sync 1 DAGs
[2025-08-06T14:01:23.398-0400] {logging_mixin.py:190} INFO - [2025-08-06T14:01:23.397-0400] {dag.py:4180} INFO - Setting next_dagrun for example_workday_timetable to 2021-01-01 00:00:00+00:00, run_after=2021-01-02 00:00:00+00:00
[2025-08-06T14:01:23.414-0400] {processor.py:208} INFO - Processing /home/huynguyen2741/airflow_venv/lib/python3.12/site-packages/airflow/example_dags/example_workday_timetable.py took 0.054 seconds
[2025-08-06T14:02:21.072-0400] {processor.py:186} INFO - Started process (PID=18844) to work on /home/huynguyen2741/airflow_venv/lib/python3.12/site-packages/airflow/example_dags/example_workday_timetable.py
[2025-08-06T14:02:21.076-0400] {processor.py:914} INFO - Processing file /home/huynguyen2741/airflow_venv/lib/python3.12/site-packages/airflow/example_dags/example_workday_timetable.py for tasks to queue
[2025-08-06T14:02:21.077-0400] {logging_mixin.py:190} INFO - [2025-08-06T14:02:21.077-0400] {dagbag.py:588} INFO - Filling up the DagBag from /home/huynguyen2741/airflow_venv/lib/python3.12/site-packages/airflow/example_dags/example_workday_timetable.py
[2025-08-06T14:02:21.082-0400] {processor.py:925} INFO - DAG(s) 'example_workday_timetable' retrieved from /home/huynguyen2741/airflow_venv/lib/python3.12/site-packages/airflow/example_dags/example_workday_timetable.py
[2025-08-06T14:02:21.092-0400] {logging_mixin.py:190} INFO - [2025-08-06T14:02:21.092-0400] {dag.py:3239} INFO - Sync 1 DAGs
[2025-08-06T14:02:21.106-0400] {logging_mixin.py:190} INFO - [2025-08-06T14:02:21.105-0400] {dag.py:4180} INFO - Setting next_dagrun for example_workday_timetable to 2021-01-01 00:00:00+00:00, run_after=2021-01-02 00:00:00+00:00
[2025-08-06T14:02:21.123-0400] {processor.py:208} INFO - Processing /home/huynguyen2741/airflow_venv/lib/python3.12/site-packages/airflow/example_dags/example_workday_timetable.py took 0.055 seconds
[2025-08-06T14:03:23.555-0400] {processor.py:186} INFO - Started process (PID=19064) to work on /home/huynguyen2741/airflow_venv/lib/python3.12/site-packages/airflow/example_dags/example_workday_timetable.py
[2025-08-06T14:03:23.564-0400] {processor.py:914} INFO - Processing file /home/huynguyen2741/airflow_venv/lib/python3.12/site-packages/airflow/example_dags/example_workday_timetable.py for tasks to queue
[2025-08-06T14:03:23.566-0400] {logging_mixin.py:190} INFO - [2025-08-06T14:03:23.565-0400] {dagbag.py:588} INFO - Filling up the DagBag from /home/huynguyen2741/airflow_venv/lib/python3.12/site-packages/airflow/example_dags/example_workday_timetable.py
[2025-08-06T14:03:23.570-0400] {processor.py:925} INFO - DAG(s) 'example_workday_timetable' retrieved from /home/huynguyen2741/airflow_venv/lib/python3.12/site-packages/airflow/example_dags/example_workday_timetable.py
[2025-08-06T14:03:23.580-0400] {logging_mixin.py:190} INFO - [2025-08-06T14:03:23.580-0400] {dag.py:3239} INFO - Sync 1 DAGs
[2025-08-06T14:03:23.593-0400] {logging_mixin.py:190} INFO - [2025-08-06T14:03:23.593-0400] {dag.py:4180} INFO - Setting next_dagrun for example_workday_timetable to 2021-01-01 00:00:00+00:00, run_after=2021-01-02 00:00:00+00:00
[2025-08-06T14:03:23.609-0400] {processor.py:208} INFO - Processing /home/huynguyen2741/airflow_venv/lib/python3.12/site-packages/airflow/example_dags/example_workday_timetable.py took 0.059 seconds
[2025-08-06T14:04:26.520-0400] {processor.py:186} INFO - Started process (PID=19284) to work on /home/huynguyen2741/airflow_venv/lib/python3.12/site-packages/airflow/example_dags/example_workday_timetable.py
[2025-08-06T14:04:26.525-0400] {processor.py:914} INFO - Processing file /home/huynguyen2741/airflow_venv/lib/python3.12/site-packages/airflow/example_dags/example_workday_timetable.py for tasks to queue
[2025-08-06T14:04:26.526-0400] {logging_mixin.py:190} INFO - [2025-08-06T14:04:26.526-0400] {dagbag.py:588} INFO - Filling up the DagBag from /home/huynguyen2741/airflow_venv/lib/python3.12/site-packages/airflow/example_dags/example_workday_timetable.py
[2025-08-06T14:04:26.531-0400] {processor.py:925} INFO - DAG(s) 'example_workday_timetable' retrieved from /home/huynguyen2741/airflow_venv/lib/python3.12/site-packages/airflow/example_dags/example_workday_timetable.py
[2025-08-06T14:04:26.543-0400] {logging_mixin.py:190} INFO - [2025-08-06T14:04:26.542-0400] {dag.py:3239} INFO - Sync 1 DAGs
[2025-08-06T14:04:26.555-0400] {logging_mixin.py:190} INFO - [2025-08-06T14:04:26.555-0400] {dag.py:4180} INFO - Setting next_dagrun for example_workday_timetable to 2021-01-01 00:00:00+00:00, run_after=2021-01-02 00:00:00+00:00
[2025-08-06T14:04:26.569-0400] {processor.py:208} INFO - Processing /home/huynguyen2741/airflow_venv/lib/python3.12/site-packages/airflow/example_dags/example_workday_timetable.py took 0.053 seconds
[2025-08-06T14:05:31.761-0400] {processor.py:186} INFO - Started process (PID=19662) to work on /home/huynguyen2741/airflow_venv/lib/python3.12/site-packages/airflow/example_dags/example_workday_timetable.py
[2025-08-06T14:05:31.762-0400] {processor.py:914} INFO - Processing file /home/huynguyen2741/airflow_venv/lib/python3.12/site-packages/airflow/example_dags/example_workday_timetable.py for tasks to queue
[2025-08-06T14:05:31.764-0400] {logging_mixin.py:190} INFO - [2025-08-06T14:05:31.763-0400] {dagbag.py:588} INFO - Filling up the DagBag from /home/huynguyen2741/airflow_venv/lib/python3.12/site-packages/airflow/example_dags/example_workday_timetable.py
[2025-08-06T14:05:31.768-0400] {processor.py:925} INFO - DAG(s) 'example_workday_timetable' retrieved from /home/huynguyen2741/airflow_venv/lib/python3.12/site-packages/airflow/example_dags/example_workday_timetable.py
[2025-08-06T14:05:31.781-0400] {logging_mixin.py:190} INFO - [2025-08-06T14:05:31.780-0400] {dag.py:3239} INFO - Sync 1 DAGs
[2025-08-06T14:05:31.795-0400] {logging_mixin.py:190} INFO - [2025-08-06T14:05:31.795-0400] {dag.py:4180} INFO - Setting next_dagrun for example_workday_timetable to 2021-01-01 00:00:00+00:00, run_after=2021-01-02 00:00:00+00:00
[2025-08-06T14:05:31.812-0400] {processor.py:208} INFO - Processing /home/huynguyen2741/airflow_venv/lib/python3.12/site-packages/airflow/example_dags/example_workday_timetable.py took 0.055 seconds
[2025-08-06T14:06:31.493-0400] {processor.py:186} INFO - Started process (PID=19889) to work on /home/huynguyen2741/airflow_venv/lib/python3.12/site-packages/airflow/example_dags/example_workday_timetable.py
[2025-08-06T14:06:31.494-0400] {processor.py:914} INFO - Processing file /home/huynguyen2741/airflow_venv/lib/python3.12/site-packages/airflow/example_dags/example_workday_timetable.py for tasks to queue
[2025-08-06T14:06:31.496-0400] {logging_mixin.py:190} INFO - [2025-08-06T14:06:31.496-0400] {dagbag.py:588} INFO - Filling up the DagBag from /home/huynguyen2741/airflow_venv/lib/python3.12/site-packages/airflow/example_dags/example_workday_timetable.py
[2025-08-06T14:06:31.501-0400] {processor.py:925} INFO - DAG(s) 'example_workday_timetable' retrieved from /home/huynguyen2741/airflow_venv/lib/python3.12/site-packages/airflow/example_dags/example_workday_timetable.py
[2025-08-06T14:06:31.511-0400] {logging_mixin.py:190} INFO - [2025-08-06T14:06:31.511-0400] {dag.py:3239} INFO - Sync 1 DAGs
[2025-08-06T14:06:31.523-0400] {logging_mixin.py:190} INFO - [2025-08-06T14:06:31.523-0400] {dag.py:4180} INFO - Setting next_dagrun for example_workday_timetable to 2021-01-01 00:00:00+00:00, run_after=2021-01-02 00:00:00+00:00
[2025-08-06T14:06:31.627-0400] {processor.py:208} INFO - Processing /home/huynguyen2741/airflow_venv/lib/python3.12/site-packages/airflow/example_dags/example_workday_timetable.py took 0.137 seconds
[2025-08-06T14:07:39.592-0400] {processor.py:186} INFO - Started process (PID=20126) to work on /home/huynguyen2741/airflow_venv/lib/python3.12/site-packages/airflow/example_dags/example_workday_timetable.py
[2025-08-06T14:07:39.593-0400] {processor.py:914} INFO - Processing file /home/huynguyen2741/airflow_venv/lib/python3.12/site-packages/airflow/example_dags/example_workday_timetable.py for tasks to queue
[2025-08-06T14:07:39.594-0400] {logging_mixin.py:190} INFO - [2025-08-06T14:07:39.594-0400] {dagbag.py:588} INFO - Filling up the DagBag from /home/huynguyen2741/airflow_venv/lib/python3.12/site-packages/airflow/example_dags/example_workday_timetable.py
[2025-08-06T14:07:39.600-0400] {processor.py:925} INFO - DAG(s) 'example_workday_timetable' retrieved from /home/huynguyen2741/airflow_venv/lib/python3.12/site-packages/airflow/example_dags/example_workday_timetable.py
[2025-08-06T14:07:39.611-0400] {logging_mixin.py:190} INFO - [2025-08-06T14:07:39.611-0400] {dag.py:3239} INFO - Sync 1 DAGs
[2025-08-06T14:07:39.625-0400] {logging_mixin.py:190} INFO - [2025-08-06T14:07:39.624-0400] {dag.py:4180} INFO - Setting next_dagrun for example_workday_timetable to 2021-01-01 00:00:00+00:00, run_after=2021-01-02 00:00:00+00:00
[2025-08-06T14:07:39.753-0400] {processor.py:208} INFO - Processing /home/huynguyen2741/airflow_venv/lib/python3.12/site-packages/airflow/example_dags/example_workday_timetable.py took 0.166 seconds
[2025-08-06T14:08:46.633-0400] {processor.py:186} INFO - Started process (PID=20470) to work on /home/huynguyen2741/airflow_venv/lib/python3.12/site-packages/airflow/example_dags/example_workday_timetable.py
[2025-08-06T14:08:46.634-0400] {processor.py:914} INFO - Processing file /home/huynguyen2741/airflow_venv/lib/python3.12/site-packages/airflow/example_dags/example_workday_timetable.py for tasks to queue
[2025-08-06T14:08:46.635-0400] {logging_mixin.py:190} INFO - [2025-08-06T14:08:46.635-0400] {dagbag.py:588} INFO - Filling up the DagBag from /home/huynguyen2741/airflow_venv/lib/python3.12/site-packages/airflow/example_dags/example_workday_timetable.py
[2025-08-06T14:08:46.640-0400] {processor.py:925} INFO - DAG(s) 'example_workday_timetable' retrieved from /home/huynguyen2741/airflow_venv/lib/python3.12/site-packages/airflow/example_dags/example_workday_timetable.py
[2025-08-06T14:08:46.651-0400] {logging_mixin.py:190} INFO - [2025-08-06T14:08:46.650-0400] {dag.py:3239} INFO - Sync 1 DAGs
[2025-08-06T14:08:46.664-0400] {logging_mixin.py:190} INFO - [2025-08-06T14:08:46.664-0400] {dag.py:4180} INFO - Setting next_dagrun for example_workday_timetable to 2021-01-01 00:00:00+00:00, run_after=2021-01-02 00:00:00+00:00
[2025-08-06T14:08:46.778-0400] {processor.py:208} INFO - Processing /home/huynguyen2741/airflow_venv/lib/python3.12/site-packages/airflow/example_dags/example_workday_timetable.py took 0.149 seconds
[2025-08-06T14:09:58.285-0400] {processor.py:186} INFO - Started process (PID=20976) to work on /home/huynguyen2741/airflow_venv/lib/python3.12/site-packages/airflow/example_dags/example_workday_timetable.py
[2025-08-06T14:09:58.290-0400] {processor.py:914} INFO - Processing file /home/huynguyen2741/airflow_venv/lib/python3.12/site-packages/airflow/example_dags/example_workday_timetable.py for tasks to queue
[2025-08-06T14:09:58.292-0400] {logging_mixin.py:190} INFO - [2025-08-06T14:09:58.292-0400] {dagbag.py:588} INFO - Filling up the DagBag from /home/huynguyen2741/airflow_venv/lib/python3.12/site-packages/airflow/example_dags/example_workday_timetable.py
[2025-08-06T14:09:58.297-0400] {processor.py:925} INFO - DAG(s) 'example_workday_timetable' retrieved from /home/huynguyen2741/airflow_venv/lib/python3.12/site-packages/airflow/example_dags/example_workday_timetable.py
[2025-08-06T14:09:58.310-0400] {logging_mixin.py:190} INFO - [2025-08-06T14:09:58.310-0400] {dag.py:3239} INFO - Sync 1 DAGs
[2025-08-06T14:09:58.325-0400] {logging_mixin.py:190} INFO - [2025-08-06T14:09:58.325-0400] {dag.py:4180} INFO - Setting next_dagrun for example_workday_timetable to 2021-01-01 00:00:00+00:00, run_after=2021-01-02 00:00:00+00:00
[2025-08-06T14:09:58.343-0400] {processor.py:208} INFO - Processing /home/huynguyen2741/airflow_venv/lib/python3.12/site-packages/airflow/example_dags/example_workday_timetable.py took 0.062 seconds
[2025-08-06T14:10:58.145-0400] {processor.py:186} INFO - Started process (PID=21277) to work on /home/huynguyen2741/airflow_venv/lib/python3.12/site-packages/airflow/example_dags/example_workday_timetable.py
[2025-08-06T14:10:58.146-0400] {processor.py:914} INFO - Processing file /home/huynguyen2741/airflow_venv/lib/python3.12/site-packages/airflow/example_dags/example_workday_timetable.py for tasks to queue
[2025-08-06T14:10:58.148-0400] {logging_mixin.py:190} INFO - [2025-08-06T14:10:58.147-0400] {dagbag.py:588} INFO - Filling up the DagBag from /home/huynguyen2741/airflow_venv/lib/python3.12/site-packages/airflow/example_dags/example_workday_timetable.py
[2025-08-06T14:10:58.153-0400] {processor.py:925} INFO - DAG(s) 'example_workday_timetable' retrieved from /home/huynguyen2741/airflow_venv/lib/python3.12/site-packages/airflow/example_dags/example_workday_timetable.py
[2025-08-06T14:10:58.164-0400] {logging_mixin.py:190} INFO - [2025-08-06T14:10:58.164-0400] {dag.py:3239} INFO - Sync 1 DAGs
[2025-08-06T14:10:58.177-0400] {logging_mixin.py:190} INFO - [2025-08-06T14:10:58.177-0400] {dag.py:4180} INFO - Setting next_dagrun for example_workday_timetable to 2021-01-01 00:00:00+00:00, run_after=2021-01-02 00:00:00+00:00
[2025-08-06T14:10:58.192-0400] {processor.py:208} INFO - Processing /home/huynguyen2741/airflow_venv/lib/python3.12/site-packages/airflow/example_dags/example_workday_timetable.py took 0.052 seconds
[2025-08-06T14:12:05.206-0400] {processor.py:186} INFO - Started process (PID=21557) to work on /home/huynguyen2741/airflow_venv/lib/python3.12/site-packages/airflow/example_dags/example_workday_timetable.py
[2025-08-06T14:12:05.211-0400] {processor.py:914} INFO - Processing file /home/huynguyen2741/airflow_venv/lib/python3.12/site-packages/airflow/example_dags/example_workday_timetable.py for tasks to queue
[2025-08-06T14:12:05.212-0400] {logging_mixin.py:190} INFO - [2025-08-06T14:12:05.212-0400] {dagbag.py:588} INFO - Filling up the DagBag from /home/huynguyen2741/airflow_venv/lib/python3.12/site-packages/airflow/example_dags/example_workday_timetable.py
[2025-08-06T14:12:05.217-0400] {processor.py:925} INFO - DAG(s) 'example_workday_timetable' retrieved from /home/huynguyen2741/airflow_venv/lib/python3.12/site-packages/airflow/example_dags/example_workday_timetable.py
[2025-08-06T14:12:05.232-0400] {logging_mixin.py:190} INFO - [2025-08-06T14:12:05.232-0400] {dag.py:3239} INFO - Sync 1 DAGs
[2025-08-06T14:12:05.247-0400] {logging_mixin.py:190} INFO - [2025-08-06T14:12:05.247-0400] {dag.py:4180} INFO - Setting next_dagrun for example_workday_timetable to 2021-01-01 00:00:00+00:00, run_after=2021-01-02 00:00:00+00:00
[2025-08-06T14:12:05.264-0400] {processor.py:208} INFO - Processing /home/huynguyen2741/airflow_venv/lib/python3.12/site-packages/airflow/example_dags/example_workday_timetable.py took 0.062 seconds
[2025-08-06T14:13:04.672-0400] {processor.py:186} INFO - Started process (PID=21977) to work on /home/huynguyen2741/airflow_venv/lib/python3.12/site-packages/airflow/example_dags/example_workday_timetable.py
[2025-08-06T14:13:04.676-0400] {processor.py:914} INFO - Processing file /home/huynguyen2741/airflow_venv/lib/python3.12/site-packages/airflow/example_dags/example_workday_timetable.py for tasks to queue
[2025-08-06T14:13:04.678-0400] {logging_mixin.py:190} INFO - [2025-08-06T14:13:04.677-0400] {dagbag.py:588} INFO - Filling up the DagBag from /home/huynguyen2741/airflow_venv/lib/python3.12/site-packages/airflow/example_dags/example_workday_timetable.py
[2025-08-06T14:13:04.682-0400] {processor.py:925} INFO - DAG(s) 'example_workday_timetable' retrieved from /home/huynguyen2741/airflow_venv/lib/python3.12/site-packages/airflow/example_dags/example_workday_timetable.py
[2025-08-06T14:13:04.697-0400] {logging_mixin.py:190} INFO - [2025-08-06T14:13:04.697-0400] {dag.py:3239} INFO - Sync 1 DAGs
[2025-08-06T14:13:04.712-0400] {logging_mixin.py:190} INFO - [2025-08-06T14:13:04.712-0400] {dag.py:4180} INFO - Setting next_dagrun for example_workday_timetable to 2021-01-01 00:00:00+00:00, run_after=2021-01-02 00:00:00+00:00
[2025-08-06T14:13:04.729-0400] {processor.py:208} INFO - Processing /home/huynguyen2741/airflow_venv/lib/python3.12/site-packages/airflow/example_dags/example_workday_timetable.py took 0.062 seconds
[2025-08-06T14:14:11.441-0400] {processor.py:186} INFO - Started process (PID=22384) to work on /home/huynguyen2741/airflow_venv/lib/python3.12/site-packages/airflow/example_dags/example_workday_timetable.py
[2025-08-06T14:14:11.445-0400] {processor.py:914} INFO - Processing file /home/huynguyen2741/airflow_venv/lib/python3.12/site-packages/airflow/example_dags/example_workday_timetable.py for tasks to queue
[2025-08-06T14:14:11.446-0400] {logging_mixin.py:190} INFO - [2025-08-06T14:14:11.446-0400] {dagbag.py:588} INFO - Filling up the DagBag from /home/huynguyen2741/airflow_venv/lib/python3.12/site-packages/airflow/example_dags/example_workday_timetable.py
[2025-08-06T14:14:11.451-0400] {processor.py:925} INFO - DAG(s) 'example_workday_timetable' retrieved from /home/huynguyen2741/airflow_venv/lib/python3.12/site-packages/airflow/example_dags/example_workday_timetable.py
[2025-08-06T14:14:11.463-0400] {logging_mixin.py:190} INFO - [2025-08-06T14:14:11.463-0400] {dag.py:3239} INFO - Sync 1 DAGs
[2025-08-06T14:14:11.477-0400] {logging_mixin.py:190} INFO - [2025-08-06T14:14:11.477-0400] {dag.py:4180} INFO - Setting next_dagrun for example_workday_timetable to 2021-01-01 00:00:00+00:00, run_after=2021-01-02 00:00:00+00:00
[2025-08-06T14:14:11.493-0400] {processor.py:208} INFO - Processing /home/huynguyen2741/airflow_venv/lib/python3.12/site-packages/airflow/example_dags/example_workday_timetable.py took 0.056 seconds
[2025-08-06T14:15:15.204-0400] {processor.py:186} INFO - Started process (PID=22735) to work on /home/huynguyen2741/airflow_venv/lib/python3.12/site-packages/airflow/example_dags/example_workday_timetable.py
[2025-08-06T14:15:15.208-0400] {processor.py:914} INFO - Processing file /home/huynguyen2741/airflow_venv/lib/python3.12/site-packages/airflow/example_dags/example_workday_timetable.py for tasks to queue
[2025-08-06T14:15:15.209-0400] {logging_mixin.py:190} INFO - [2025-08-06T14:15:15.209-0400] {dagbag.py:588} INFO - Filling up the DagBag from /home/huynguyen2741/airflow_venv/lib/python3.12/site-packages/airflow/example_dags/example_workday_timetable.py
[2025-08-06T14:15:15.213-0400] {processor.py:925} INFO - DAG(s) 'example_workday_timetable' retrieved from /home/huynguyen2741/airflow_venv/lib/python3.12/site-packages/airflow/example_dags/example_workday_timetable.py
[2025-08-06T14:15:15.225-0400] {logging_mixin.py:190} INFO - [2025-08-06T14:15:15.224-0400] {dag.py:3239} INFO - Sync 1 DAGs
[2025-08-06T14:15:15.237-0400] {logging_mixin.py:190} INFO - [2025-08-06T14:15:15.237-0400] {dag.py:4180} INFO - Setting next_dagrun for example_workday_timetable to 2021-01-01 00:00:00+00:00, run_after=2021-01-02 00:00:00+00:00
[2025-08-06T14:15:15.252-0400] {processor.py:208} INFO - Processing /home/huynguyen2741/airflow_venv/lib/python3.12/site-packages/airflow/example_dags/example_workday_timetable.py took 0.053 seconds
[2025-08-06T14:16:16.642-0400] {processor.py:186} INFO - Started process (PID=23076) to work on /home/huynguyen2741/airflow_venv/lib/python3.12/site-packages/airflow/example_dags/example_workday_timetable.py
[2025-08-06T14:16:16.652-0400] {processor.py:914} INFO - Processing file /home/huynguyen2741/airflow_venv/lib/python3.12/site-packages/airflow/example_dags/example_workday_timetable.py for tasks to queue
[2025-08-06T14:16:16.653-0400] {logging_mixin.py:190} INFO - [2025-08-06T14:16:16.653-0400] {dagbag.py:588} INFO - Filling up the DagBag from /home/huynguyen2741/airflow_venv/lib/python3.12/site-packages/airflow/example_dags/example_workday_timetable.py
[2025-08-06T14:16:16.658-0400] {processor.py:925} INFO - DAG(s) 'example_workday_timetable' retrieved from /home/huynguyen2741/airflow_venv/lib/python3.12/site-packages/airflow/example_dags/example_workday_timetable.py
[2025-08-06T14:16:16.669-0400] {logging_mixin.py:190} INFO - [2025-08-06T14:16:16.669-0400] {dag.py:3239} INFO - Sync 1 DAGs
[2025-08-06T14:16:16.682-0400] {logging_mixin.py:190} INFO - [2025-08-06T14:16:16.682-0400] {dag.py:4180} INFO - Setting next_dagrun for example_workday_timetable to 2021-01-01 00:00:00+00:00, run_after=2021-01-02 00:00:00+00:00
[2025-08-06T14:16:16.697-0400] {processor.py:208} INFO - Processing /home/huynguyen2741/airflow_venv/lib/python3.12/site-packages/airflow/example_dags/example_workday_timetable.py took 0.059 seconds
[2025-08-06T14:17:20.634-0400] {processor.py:186} INFO - Started process (PID=23324) to work on /home/huynguyen2741/airflow_venv/lib/python3.12/site-packages/airflow/example_dags/example_workday_timetable.py
[2025-08-06T14:17:20.638-0400] {processor.py:914} INFO - Processing file /home/huynguyen2741/airflow_venv/lib/python3.12/site-packages/airflow/example_dags/example_workday_timetable.py for tasks to queue
[2025-08-06T14:17:20.639-0400] {logging_mixin.py:190} INFO - [2025-08-06T14:17:20.639-0400] {dagbag.py:588} INFO - Filling up the DagBag from /home/huynguyen2741/airflow_venv/lib/python3.12/site-packages/airflow/example_dags/example_workday_timetable.py
[2025-08-06T14:17:20.644-0400] {processor.py:925} INFO - DAG(s) 'example_workday_timetable' retrieved from /home/huynguyen2741/airflow_venv/lib/python3.12/site-packages/airflow/example_dags/example_workday_timetable.py
[2025-08-06T14:17:20.655-0400] {logging_mixin.py:190} INFO - [2025-08-06T14:17:20.655-0400] {dag.py:3239} INFO - Sync 1 DAGs
[2025-08-06T14:17:20.667-0400] {logging_mixin.py:190} INFO - [2025-08-06T14:17:20.667-0400] {dag.py:4180} INFO - Setting next_dagrun for example_workday_timetable to 2021-01-01 00:00:00+00:00, run_after=2021-01-02 00:00:00+00:00
[2025-08-06T14:17:20.683-0400] {processor.py:208} INFO - Processing /home/huynguyen2741/airflow_venv/lib/python3.12/site-packages/airflow/example_dags/example_workday_timetable.py took 0.053 seconds
[2025-08-06T14:18:26.497-0400] {processor.py:186} INFO - Started process (PID=23565) to work on /home/huynguyen2741/airflow_venv/lib/python3.12/site-packages/airflow/example_dags/example_workday_timetable.py
[2025-08-06T14:18:26.498-0400] {processor.py:914} INFO - Processing file /home/huynguyen2741/airflow_venv/lib/python3.12/site-packages/airflow/example_dags/example_workday_timetable.py for tasks to queue
[2025-08-06T14:18:26.499-0400] {logging_mixin.py:190} INFO - [2025-08-06T14:18:26.499-0400] {dagbag.py:588} INFO - Filling up the DagBag from /home/huynguyen2741/airflow_venv/lib/python3.12/site-packages/airflow/example_dags/example_workday_timetable.py
[2025-08-06T14:18:26.505-0400] {processor.py:925} INFO - DAG(s) 'example_workday_timetable' retrieved from /home/huynguyen2741/airflow_venv/lib/python3.12/site-packages/airflow/example_dags/example_workday_timetable.py
[2025-08-06T14:18:26.520-0400] {logging_mixin.py:190} INFO - [2025-08-06T14:18:26.520-0400] {dag.py:3239} INFO - Sync 1 DAGs
[2025-08-06T14:18:26.536-0400] {logging_mixin.py:190} INFO - [2025-08-06T14:18:26.535-0400] {dag.py:4180} INFO - Setting next_dagrun for example_workday_timetable to 2021-01-01 00:00:00+00:00, run_after=2021-01-02 00:00:00+00:00
[2025-08-06T14:18:26.552-0400] {processor.py:208} INFO - Processing /home/huynguyen2741/airflow_venv/lib/python3.12/site-packages/airflow/example_dags/example_workday_timetable.py took 0.060 seconds
[2025-08-06T14:19:33.549-0400] {processor.py:186} INFO - Started process (PID=23834) to work on /home/huynguyen2741/airflow_venv/lib/python3.12/site-packages/airflow/example_dags/example_workday_timetable.py
[2025-08-06T14:19:33.550-0400] {processor.py:914} INFO - Processing file /home/huynguyen2741/airflow_venv/lib/python3.12/site-packages/airflow/example_dags/example_workday_timetable.py for tasks to queue
[2025-08-06T14:19:33.551-0400] {logging_mixin.py:190} INFO - [2025-08-06T14:19:33.551-0400] {dagbag.py:588} INFO - Filling up the DagBag from /home/huynguyen2741/airflow_venv/lib/python3.12/site-packages/airflow/example_dags/example_workday_timetable.py
[2025-08-06T14:19:33.556-0400] {processor.py:925} INFO - DAG(s) 'example_workday_timetable' retrieved from /home/huynguyen2741/airflow_venv/lib/python3.12/site-packages/airflow/example_dags/example_workday_timetable.py
[2025-08-06T14:19:33.567-0400] {logging_mixin.py:190} INFO - [2025-08-06T14:19:33.567-0400] {dag.py:3239} INFO - Sync 1 DAGs
[2025-08-06T14:19:33.579-0400] {logging_mixin.py:190} INFO - [2025-08-06T14:19:33.579-0400] {dag.py:4180} INFO - Setting next_dagrun for example_workday_timetable to 2021-01-01 00:00:00+00:00, run_after=2021-01-02 00:00:00+00:00
[2025-08-06T14:19:33.595-0400] {processor.py:208} INFO - Processing /home/huynguyen2741/airflow_venv/lib/python3.12/site-packages/airflow/example_dags/example_workday_timetable.py took 0.051 seconds
[2025-08-06T14:20:37.849-0400] {processor.py:186} INFO - Started process (PID=24057) to work on /home/huynguyen2741/airflow_venv/lib/python3.12/site-packages/airflow/example_dags/example_workday_timetable.py
[2025-08-06T14:20:37.851-0400] {processor.py:914} INFO - Processing file /home/huynguyen2741/airflow_venv/lib/python3.12/site-packages/airflow/example_dags/example_workday_timetable.py for tasks to queue
[2025-08-06T14:20:37.852-0400] {logging_mixin.py:190} INFO - [2025-08-06T14:20:37.851-0400] {dagbag.py:588} INFO - Filling up the DagBag from /home/huynguyen2741/airflow_venv/lib/python3.12/site-packages/airflow/example_dags/example_workday_timetable.py
[2025-08-06T14:20:37.857-0400] {processor.py:925} INFO - DAG(s) 'example_workday_timetable' retrieved from /home/huynguyen2741/airflow_venv/lib/python3.12/site-packages/airflow/example_dags/example_workday_timetable.py
[2025-08-06T14:20:37.867-0400] {logging_mixin.py:190} INFO - [2025-08-06T14:20:37.867-0400] {dag.py:3239} INFO - Sync 1 DAGs
[2025-08-06T14:20:37.880-0400] {logging_mixin.py:190} INFO - [2025-08-06T14:20:37.880-0400] {dag.py:4180} INFO - Setting next_dagrun for example_workday_timetable to 2021-01-01 00:00:00+00:00, run_after=2021-01-02 00:00:00+00:00
[2025-08-06T14:20:37.896-0400] {processor.py:208} INFO - Processing /home/huynguyen2741/airflow_venv/lib/python3.12/site-packages/airflow/example_dags/example_workday_timetable.py took 0.050 seconds
[2025-08-06T14:21:46.655-0400] {processor.py:186} INFO - Started process (PID=24300) to work on /home/huynguyen2741/airflow_venv/lib/python3.12/site-packages/airflow/example_dags/example_workday_timetable.py
[2025-08-06T14:21:46.665-0400] {processor.py:914} INFO - Processing file /home/huynguyen2741/airflow_venv/lib/python3.12/site-packages/airflow/example_dags/example_workday_timetable.py for tasks to queue
[2025-08-06T14:21:46.666-0400] {logging_mixin.py:190} INFO - [2025-08-06T14:21:46.665-0400] {dagbag.py:588} INFO - Filling up the DagBag from /home/huynguyen2741/airflow_venv/lib/python3.12/site-packages/airflow/example_dags/example_workday_timetable.py
[2025-08-06T14:21:46.670-0400] {processor.py:925} INFO - DAG(s) 'example_workday_timetable' retrieved from /home/huynguyen2741/airflow_venv/lib/python3.12/site-packages/airflow/example_dags/example_workday_timetable.py
[2025-08-06T14:21:46.681-0400] {logging_mixin.py:190} INFO - [2025-08-06T14:21:46.681-0400] {dag.py:3239} INFO - Sync 1 DAGs
[2025-08-06T14:21:46.695-0400] {logging_mixin.py:190} INFO - [2025-08-06T14:21:46.695-0400] {dag.py:4180} INFO - Setting next_dagrun for example_workday_timetable to 2021-01-01 00:00:00+00:00, run_after=2021-01-02 00:00:00+00:00
[2025-08-06T14:21:46.710-0400] {processor.py:208} INFO - Processing /home/huynguyen2741/airflow_venv/lib/python3.12/site-packages/airflow/example_dags/example_workday_timetable.py took 0.060 seconds
[2025-08-06T14:22:51.063-0400] {processor.py:186} INFO - Started process (PID=24714) to work on /home/huynguyen2741/airflow_venv/lib/python3.12/site-packages/airflow/example_dags/example_workday_timetable.py
[2025-08-06T14:22:51.072-0400] {processor.py:914} INFO - Processing file /home/huynguyen2741/airflow_venv/lib/python3.12/site-packages/airflow/example_dags/example_workday_timetable.py for tasks to queue
[2025-08-06T14:22:51.073-0400] {logging_mixin.py:190} INFO - [2025-08-06T14:22:51.073-0400] {dagbag.py:588} INFO - Filling up the DagBag from /home/huynguyen2741/airflow_venv/lib/python3.12/site-packages/airflow/example_dags/example_workday_timetable.py
[2025-08-06T14:22:51.078-0400] {processor.py:925} INFO - DAG(s) 'example_workday_timetable' retrieved from /home/huynguyen2741/airflow_venv/lib/python3.12/site-packages/airflow/example_dags/example_workday_timetable.py
[2025-08-06T14:22:51.089-0400] {logging_mixin.py:190} INFO - [2025-08-06T14:22:51.089-0400] {dag.py:3239} INFO - Sync 1 DAGs
[2025-08-06T14:22:51.102-0400] {logging_mixin.py:190} INFO - [2025-08-06T14:22:51.102-0400] {dag.py:4180} INFO - Setting next_dagrun for example_workday_timetable to 2021-01-01 00:00:00+00:00, run_after=2021-01-02 00:00:00+00:00
[2025-08-06T14:22:51.117-0400] {processor.py:208} INFO - Processing /home/huynguyen2741/airflow_venv/lib/python3.12/site-packages/airflow/example_dags/example_workday_timetable.py took 0.058 seconds
[2025-08-06T14:23:49.802-0400] {processor.py:186} INFO - Started process (PID=25124) to work on /home/huynguyen2741/airflow_venv/lib/python3.12/site-packages/airflow/example_dags/example_workday_timetable.py
[2025-08-06T14:23:49.812-0400] {processor.py:914} INFO - Processing file /home/huynguyen2741/airflow_venv/lib/python3.12/site-packages/airflow/example_dags/example_workday_timetable.py for tasks to queue
[2025-08-06T14:23:49.813-0400] {logging_mixin.py:190} INFO - [2025-08-06T14:23:49.813-0400] {dagbag.py:588} INFO - Filling up the DagBag from /home/huynguyen2741/airflow_venv/lib/python3.12/site-packages/airflow/example_dags/example_workday_timetable.py
[2025-08-06T14:23:49.818-0400] {processor.py:925} INFO - DAG(s) 'example_workday_timetable' retrieved from /home/huynguyen2741/airflow_venv/lib/python3.12/site-packages/airflow/example_dags/example_workday_timetable.py
[2025-08-06T14:23:49.829-0400] {logging_mixin.py:190} INFO - [2025-08-06T14:23:49.829-0400] {dag.py:3239} INFO - Sync 1 DAGs
[2025-08-06T14:23:49.843-0400] {logging_mixin.py:190} INFO - [2025-08-06T14:23:49.843-0400] {dag.py:4180} INFO - Setting next_dagrun for example_workday_timetable to 2021-01-01 00:00:00+00:00, run_after=2021-01-02 00:00:00+00:00
[2025-08-06T14:23:49.858-0400] {processor.py:208} INFO - Processing /home/huynguyen2741/airflow_venv/lib/python3.12/site-packages/airflow/example_dags/example_workday_timetable.py took 0.061 seconds
[2025-08-06T14:24:59.035-0400] {processor.py:186} INFO - Started process (PID=25433) to work on /home/huynguyen2741/airflow_venv/lib/python3.12/site-packages/airflow/example_dags/example_workday_timetable.py
[2025-08-06T14:24:59.036-0400] {processor.py:914} INFO - Processing file /home/huynguyen2741/airflow_venv/lib/python3.12/site-packages/airflow/example_dags/example_workday_timetable.py for tasks to queue
[2025-08-06T14:24:59.037-0400] {logging_mixin.py:190} INFO - [2025-08-06T14:24:59.036-0400] {dagbag.py:588} INFO - Filling up the DagBag from /home/huynguyen2741/airflow_venv/lib/python3.12/site-packages/airflow/example_dags/example_workday_timetable.py
[2025-08-06T14:24:59.041-0400] {processor.py:925} INFO - DAG(s) 'example_workday_timetable' retrieved from /home/huynguyen2741/airflow_venv/lib/python3.12/site-packages/airflow/example_dags/example_workday_timetable.py
[2025-08-06T14:24:59.052-0400] {logging_mixin.py:190} INFO - [2025-08-06T14:24:59.052-0400] {dag.py:3239} INFO - Sync 1 DAGs
[2025-08-06T14:24:59.064-0400] {logging_mixin.py:190} INFO - [2025-08-06T14:24:59.064-0400] {dag.py:4180} INFO - Setting next_dagrun for example_workday_timetable to 2021-01-01 00:00:00+00:00, run_after=2021-01-02 00:00:00+00:00
[2025-08-06T14:24:59.080-0400] {processor.py:208} INFO - Processing /home/huynguyen2741/airflow_venv/lib/python3.12/site-packages/airflow/example_dags/example_workday_timetable.py took 0.051 seconds
[2025-08-06T14:26:00.537-0400] {processor.py:186} INFO - Started process (PID=25723) to work on /home/huynguyen2741/airflow_venv/lib/python3.12/site-packages/airflow/example_dags/example_workday_timetable.py
[2025-08-06T14:26:00.547-0400] {processor.py:914} INFO - Processing file /home/huynguyen2741/airflow_venv/lib/python3.12/site-packages/airflow/example_dags/example_workday_timetable.py for tasks to queue
[2025-08-06T14:26:00.548-0400] {logging_mixin.py:190} INFO - [2025-08-06T14:26:00.547-0400] {dagbag.py:588} INFO - Filling up the DagBag from /home/huynguyen2741/airflow_venv/lib/python3.12/site-packages/airflow/example_dags/example_workday_timetable.py
[2025-08-06T14:26:00.552-0400] {processor.py:925} INFO - DAG(s) 'example_workday_timetable' retrieved from /home/huynguyen2741/airflow_venv/lib/python3.12/site-packages/airflow/example_dags/example_workday_timetable.py
[2025-08-06T14:26:00.563-0400] {logging_mixin.py:190} INFO - [2025-08-06T14:26:00.563-0400] {dag.py:3239} INFO - Sync 1 DAGs
[2025-08-06T14:26:00.576-0400] {logging_mixin.py:190} INFO - [2025-08-06T14:26:00.576-0400] {dag.py:4180} INFO - Setting next_dagrun for example_workday_timetable to 2021-01-01 00:00:00+00:00, run_after=2021-01-02 00:00:00+00:00
[2025-08-06T14:26:00.593-0400] {processor.py:208} INFO - Processing /home/huynguyen2741/airflow_venv/lib/python3.12/site-packages/airflow/example_dags/example_workday_timetable.py took 0.062 seconds
[2025-08-06T14:27:08.272-0400] {processor.py:186} INFO - Started process (PID=25988) to work on /home/huynguyen2741/airflow_venv/lib/python3.12/site-packages/airflow/example_dags/example_workday_timetable.py
[2025-08-06T14:27:08.276-0400] {processor.py:914} INFO - Processing file /home/huynguyen2741/airflow_venv/lib/python3.12/site-packages/airflow/example_dags/example_workday_timetable.py for tasks to queue
[2025-08-06T14:27:08.277-0400] {logging_mixin.py:190} INFO - [2025-08-06T14:27:08.277-0400] {dagbag.py:588} INFO - Filling up the DagBag from /home/huynguyen2741/airflow_venv/lib/python3.12/site-packages/airflow/example_dags/example_workday_timetable.py
[2025-08-06T14:27:08.281-0400] {processor.py:925} INFO - DAG(s) 'example_workday_timetable' retrieved from /home/huynguyen2741/airflow_venv/lib/python3.12/site-packages/airflow/example_dags/example_workday_timetable.py
[2025-08-06T14:27:08.292-0400] {logging_mixin.py:190} INFO - [2025-08-06T14:27:08.292-0400] {dag.py:3239} INFO - Sync 1 DAGs
[2025-08-06T14:27:08.305-0400] {logging_mixin.py:190} INFO - [2025-08-06T14:27:08.305-0400] {dag.py:4180} INFO - Setting next_dagrun for example_workday_timetable to 2021-01-01 00:00:00+00:00, run_after=2021-01-02 00:00:00+00:00
[2025-08-06T14:27:08.322-0400] {processor.py:208} INFO - Processing /home/huynguyen2741/airflow_venv/lib/python3.12/site-packages/airflow/example_dags/example_workday_timetable.py took 0.055 seconds
[2025-08-06T14:28:17.363-0400] {processor.py:186} INFO - Started process (PID=26299) to work on /home/huynguyen2741/airflow_venv/lib/python3.12/site-packages/airflow/example_dags/example_workday_timetable.py
[2025-08-06T14:28:17.364-0400] {processor.py:914} INFO - Processing file /home/huynguyen2741/airflow_venv/lib/python3.12/site-packages/airflow/example_dags/example_workday_timetable.py for tasks to queue
[2025-08-06T14:28:17.365-0400] {logging_mixin.py:190} INFO - [2025-08-06T14:28:17.365-0400] {dagbag.py:588} INFO - Filling up the DagBag from /home/huynguyen2741/airflow_venv/lib/python3.12/site-packages/airflow/example_dags/example_workday_timetable.py
[2025-08-06T14:28:17.370-0400] {processor.py:925} INFO - DAG(s) 'example_workday_timetable' retrieved from /home/huynguyen2741/airflow_venv/lib/python3.12/site-packages/airflow/example_dags/example_workday_timetable.py
[2025-08-06T14:28:17.380-0400] {logging_mixin.py:190} INFO - [2025-08-06T14:28:17.380-0400] {dag.py:3239} INFO - Sync 1 DAGs
[2025-08-06T14:28:17.393-0400] {logging_mixin.py:190} INFO - [2025-08-06T14:28:17.393-0400] {dag.py:4180} INFO - Setting next_dagrun for example_workday_timetable to 2021-01-01 00:00:00+00:00, run_after=2021-01-02 00:00:00+00:00
[2025-08-06T14:28:17.408-0400] {processor.py:208} INFO - Processing /home/huynguyen2741/airflow_venv/lib/python3.12/site-packages/airflow/example_dags/example_workday_timetable.py took 0.050 seconds
[2025-08-06T14:29:24.126-0400] {processor.py:186} INFO - Started process (PID=26563) to work on /home/huynguyen2741/airflow_venv/lib/python3.12/site-packages/airflow/example_dags/example_workday_timetable.py
[2025-08-06T14:29:24.130-0400] {processor.py:914} INFO - Processing file /home/huynguyen2741/airflow_venv/lib/python3.12/site-packages/airflow/example_dags/example_workday_timetable.py for tasks to queue
[2025-08-06T14:29:24.131-0400] {logging_mixin.py:190} INFO - [2025-08-06T14:29:24.131-0400] {dagbag.py:588} INFO - Filling up the DagBag from /home/huynguyen2741/airflow_venv/lib/python3.12/site-packages/airflow/example_dags/example_workday_timetable.py
[2025-08-06T14:29:24.136-0400] {processor.py:925} INFO - DAG(s) 'example_workday_timetable' retrieved from /home/huynguyen2741/airflow_venv/lib/python3.12/site-packages/airflow/example_dags/example_workday_timetable.py
[2025-08-06T14:29:24.146-0400] {logging_mixin.py:190} INFO - [2025-08-06T14:29:24.146-0400] {dag.py:3239} INFO - Sync 1 DAGs
[2025-08-06T14:29:24.159-0400] {logging_mixin.py:190} INFO - [2025-08-06T14:29:24.158-0400] {dag.py:4180} INFO - Setting next_dagrun for example_workday_timetable to 2021-01-01 00:00:00+00:00, run_after=2021-01-02 00:00:00+00:00
[2025-08-06T14:29:24.173-0400] {processor.py:208} INFO - Processing /home/huynguyen2741/airflow_venv/lib/python3.12/site-packages/airflow/example_dags/example_workday_timetable.py took 0.053 seconds
[2025-08-06T14:30:35.446-0400] {processor.py:186} INFO - Started process (PID=27003) to work on /home/huynguyen2741/airflow_venv/lib/python3.12/site-packages/airflow/example_dags/example_workday_timetable.py
[2025-08-06T14:30:35.447-0400] {processor.py:914} INFO - Processing file /home/huynguyen2741/airflow_venv/lib/python3.12/site-packages/airflow/example_dags/example_workday_timetable.py for tasks to queue
[2025-08-06T14:30:35.448-0400] {logging_mixin.py:190} INFO - [2025-08-06T14:30:35.448-0400] {dagbag.py:588} INFO - Filling up the DagBag from /home/huynguyen2741/airflow_venv/lib/python3.12/site-packages/airflow/example_dags/example_workday_timetable.py
[2025-08-06T14:30:35.453-0400] {processor.py:925} INFO - DAG(s) 'example_workday_timetable' retrieved from /home/huynguyen2741/airflow_venv/lib/python3.12/site-packages/airflow/example_dags/example_workday_timetable.py
[2025-08-06T14:30:35.464-0400] {logging_mixin.py:190} INFO - [2025-08-06T14:30:35.464-0400] {dag.py:3239} INFO - Sync 1 DAGs
[2025-08-06T14:30:35.478-0400] {logging_mixin.py:190} INFO - [2025-08-06T14:30:35.478-0400] {dag.py:4180} INFO - Setting next_dagrun for example_workday_timetable to 2021-01-01 00:00:00+00:00, run_after=2021-01-02 00:00:00+00:00
[2025-08-06T14:30:35.493-0400] {processor.py:208} INFO - Processing /home/huynguyen2741/airflow_venv/lib/python3.12/site-packages/airflow/example_dags/example_workday_timetable.py took 0.053 seconds
[2025-08-06T14:31:49.567-0400] {processor.py:186} INFO - Started process (PID=27276) to work on /home/huynguyen2741/airflow_venv/lib/python3.12/site-packages/airflow/example_dags/example_workday_timetable.py
[2025-08-06T14:31:49.576-0400] {processor.py:914} INFO - Processing file /home/huynguyen2741/airflow_venv/lib/python3.12/site-packages/airflow/example_dags/example_workday_timetable.py for tasks to queue
[2025-08-06T14:31:49.578-0400] {logging_mixin.py:190} INFO - [2025-08-06T14:31:49.577-0400] {dagbag.py:588} INFO - Filling up the DagBag from /home/huynguyen2741/airflow_venv/lib/python3.12/site-packages/airflow/example_dags/example_workday_timetable.py
[2025-08-06T14:31:49.582-0400] {processor.py:925} INFO - DAG(s) 'example_workday_timetable' retrieved from /home/huynguyen2741/airflow_venv/lib/python3.12/site-packages/airflow/example_dags/example_workday_timetable.py
[2025-08-06T14:31:49.594-0400] {logging_mixin.py:190} INFO - [2025-08-06T14:31:49.594-0400] {dag.py:3239} INFO - Sync 1 DAGs
[2025-08-06T14:31:49.611-0400] {logging_mixin.py:190} INFO - [2025-08-06T14:31:49.611-0400] {dag.py:4180} INFO - Setting next_dagrun for example_workday_timetable to 2021-01-01 00:00:00+00:00, run_after=2021-01-02 00:00:00+00:00
[2025-08-06T14:31:49.630-0400] {processor.py:208} INFO - Processing /home/huynguyen2741/airflow_venv/lib/python3.12/site-packages/airflow/example_dags/example_workday_timetable.py took 0.068 seconds
[2025-08-06T14:32:59.484-0400] {processor.py:186} INFO - Started process (PID=27587) to work on /home/huynguyen2741/airflow_venv/lib/python3.12/site-packages/airflow/example_dags/example_workday_timetable.py
[2025-08-06T14:32:59.488-0400] {processor.py:914} INFO - Processing file /home/huynguyen2741/airflow_venv/lib/python3.12/site-packages/airflow/example_dags/example_workday_timetable.py for tasks to queue
[2025-08-06T14:32:59.489-0400] {logging_mixin.py:190} INFO - [2025-08-06T14:32:59.489-0400] {dagbag.py:588} INFO - Filling up the DagBag from /home/huynguyen2741/airflow_venv/lib/python3.12/site-packages/airflow/example_dags/example_workday_timetable.py
[2025-08-06T14:32:59.494-0400] {processor.py:925} INFO - DAG(s) 'example_workday_timetable' retrieved from /home/huynguyen2741/airflow_venv/lib/python3.12/site-packages/airflow/example_dags/example_workday_timetable.py
[2025-08-06T14:32:59.509-0400] {logging_mixin.py:190} INFO - [2025-08-06T14:32:59.509-0400] {dag.py:3239} INFO - Sync 1 DAGs
[2025-08-06T14:32:59.525-0400] {logging_mixin.py:190} INFO - [2025-08-06T14:32:59.525-0400] {dag.py:4180} INFO - Setting next_dagrun for example_workday_timetable to 2021-01-01 00:00:00+00:00, run_after=2021-01-02 00:00:00+00:00
[2025-08-06T14:32:59.542-0400] {processor.py:208} INFO - Processing /home/huynguyen2741/airflow_venv/lib/python3.12/site-packages/airflow/example_dags/example_workday_timetable.py took 0.064 seconds
[2025-08-06T14:34:08.803-0400] {processor.py:186} INFO - Started process (PID=27861) to work on /home/huynguyen2741/airflow_venv/lib/python3.12/site-packages/airflow/example_dags/example_workday_timetable.py
[2025-08-06T14:34:08.807-0400] {processor.py:914} INFO - Processing file /home/huynguyen2741/airflow_venv/lib/python3.12/site-packages/airflow/example_dags/example_workday_timetable.py for tasks to queue
[2025-08-06T14:34:08.808-0400] {logging_mixin.py:190} INFO - [2025-08-06T14:34:08.808-0400] {dagbag.py:588} INFO - Filling up the DagBag from /home/huynguyen2741/airflow_venv/lib/python3.12/site-packages/airflow/example_dags/example_workday_timetable.py
[2025-08-06T14:34:08.813-0400] {processor.py:925} INFO - DAG(s) 'example_workday_timetable' retrieved from /home/huynguyen2741/airflow_venv/lib/python3.12/site-packages/airflow/example_dags/example_workday_timetable.py
[2025-08-06T14:34:08.828-0400] {logging_mixin.py:190} INFO - [2025-08-06T14:34:08.827-0400] {dag.py:3239} INFO - Sync 1 DAGs
[2025-08-06T14:34:08.844-0400] {logging_mixin.py:190} INFO - [2025-08-06T14:34:08.844-0400] {dag.py:4180} INFO - Setting next_dagrun for example_workday_timetable to 2021-01-01 00:00:00+00:00, run_after=2021-01-02 00:00:00+00:00
[2025-08-06T14:34:08.862-0400] {processor.py:208} INFO - Processing /home/huynguyen2741/airflow_venv/lib/python3.12/site-packages/airflow/example_dags/example_workday_timetable.py took 0.065 seconds
[2025-08-06T14:35:04.362-0400] {processor.py:186} INFO - Started process (PID=28265) to work on /home/huynguyen2741/airflow_venv/lib/python3.12/site-packages/airflow/example_dags/example_workday_timetable.py
[2025-08-06T14:35:04.363-0400] {processor.py:914} INFO - Processing file /home/huynguyen2741/airflow_venv/lib/python3.12/site-packages/airflow/example_dags/example_workday_timetable.py for tasks to queue
[2025-08-06T14:35:04.364-0400] {logging_mixin.py:190} INFO - [2025-08-06T14:35:04.363-0400] {dagbag.py:588} INFO - Filling up the DagBag from /home/huynguyen2741/airflow_venv/lib/python3.12/site-packages/airflow/example_dags/example_workday_timetable.py
[2025-08-06T14:35:04.369-0400] {processor.py:925} INFO - DAG(s) 'example_workday_timetable' retrieved from /home/huynguyen2741/airflow_venv/lib/python3.12/site-packages/airflow/example_dags/example_workday_timetable.py
[2025-08-06T14:35:04.380-0400] {logging_mixin.py:190} INFO - [2025-08-06T14:35:04.380-0400] {dag.py:3239} INFO - Sync 1 DAGs
[2025-08-06T14:35:04.395-0400] {logging_mixin.py:190} INFO - [2025-08-06T14:35:04.394-0400] {dag.py:4180} INFO - Setting next_dagrun for example_workday_timetable to 2021-01-01 00:00:00+00:00, run_after=2021-01-02 00:00:00+00:00
[2025-08-06T14:35:04.413-0400] {processor.py:208} INFO - Processing /home/huynguyen2741/airflow_venv/lib/python3.12/site-packages/airflow/example_dags/example_workday_timetable.py took 0.056 seconds
[2025-08-06T14:36:02.911-0400] {processor.py:186} INFO - Started process (PID=28505) to work on /home/huynguyen2741/airflow_venv/lib/python3.12/site-packages/airflow/example_dags/example_workday_timetable.py
[2025-08-06T14:36:02.911-0400] {processor.py:914} INFO - Processing file /home/huynguyen2741/airflow_venv/lib/python3.12/site-packages/airflow/example_dags/example_workday_timetable.py for tasks to queue
[2025-08-06T14:36:02.913-0400] {logging_mixin.py:190} INFO - [2025-08-06T14:36:02.912-0400] {dagbag.py:588} INFO - Filling up the DagBag from /home/huynguyen2741/airflow_venv/lib/python3.12/site-packages/airflow/example_dags/example_workday_timetable.py
[2025-08-06T14:36:02.919-0400] {processor.py:925} INFO - DAG(s) 'example_workday_timetable' retrieved from /home/huynguyen2741/airflow_venv/lib/python3.12/site-packages/airflow/example_dags/example_workday_timetable.py
[2025-08-06T14:36:02.933-0400] {logging_mixin.py:190} INFO - [2025-08-06T14:36:02.932-0400] {dag.py:3239} INFO - Sync 1 DAGs
[2025-08-06T14:36:02.950-0400] {logging_mixin.py:190} INFO - [2025-08-06T14:36:02.950-0400] {dag.py:4180} INFO - Setting next_dagrun for example_workday_timetable to 2021-01-01 00:00:00+00:00, run_after=2021-01-02 00:00:00+00:00
[2025-08-06T14:36:02.971-0400] {processor.py:208} INFO - Processing /home/huynguyen2741/airflow_venv/lib/python3.12/site-packages/airflow/example_dags/example_workday_timetable.py took 0.067 seconds
[2025-08-06T14:37:07.669-0400] {processor.py:186} INFO - Started process (PID=28743) to work on /home/huynguyen2741/airflow_venv/lib/python3.12/site-packages/airflow/example_dags/example_workday_timetable.py
[2025-08-06T14:37:07.671-0400] {processor.py:914} INFO - Processing file /home/huynguyen2741/airflow_venv/lib/python3.12/site-packages/airflow/example_dags/example_workday_timetable.py for tasks to queue
[2025-08-06T14:37:07.672-0400] {logging_mixin.py:190} INFO - [2025-08-06T14:37:07.672-0400] {dagbag.py:588} INFO - Filling up the DagBag from /home/huynguyen2741/airflow_venv/lib/python3.12/site-packages/airflow/example_dags/example_workday_timetable.py
[2025-08-06T14:37:07.680-0400] {processor.py:925} INFO - DAG(s) 'example_workday_timetable' retrieved from /home/huynguyen2741/airflow_venv/lib/python3.12/site-packages/airflow/example_dags/example_workday_timetable.py
[2025-08-06T14:37:07.697-0400] {logging_mixin.py:190} INFO - [2025-08-06T14:37:07.696-0400] {dag.py:3239} INFO - Sync 1 DAGs
[2025-08-06T14:37:07.715-0400] {logging_mixin.py:190} INFO - [2025-08-06T14:37:07.715-0400] {dag.py:4180} INFO - Setting next_dagrun for example_workday_timetable to 2021-01-01 00:00:00+00:00, run_after=2021-01-02 00:00:00+00:00
[2025-08-06T14:37:07.733-0400] {processor.py:208} INFO - Processing /home/huynguyen2741/airflow_venv/lib/python3.12/site-packages/airflow/example_dags/example_workday_timetable.py took 0.071 seconds
[2025-08-06T14:38:10.742-0400] {processor.py:186} INFO - Started process (PID=28990) to work on /home/huynguyen2741/airflow_venv/lib/python3.12/site-packages/airflow/example_dags/example_workday_timetable.py
[2025-08-06T14:38:10.752-0400] {processor.py:914} INFO - Processing file /home/huynguyen2741/airflow_venv/lib/python3.12/site-packages/airflow/example_dags/example_workday_timetable.py for tasks to queue
[2025-08-06T14:38:10.753-0400] {logging_mixin.py:190} INFO - [2025-08-06T14:38:10.753-0400] {dagbag.py:588} INFO - Filling up the DagBag from /home/huynguyen2741/airflow_venv/lib/python3.12/site-packages/airflow/example_dags/example_workday_timetable.py
[2025-08-06T14:38:10.758-0400] {processor.py:925} INFO - DAG(s) 'example_workday_timetable' retrieved from /home/huynguyen2741/airflow_venv/lib/python3.12/site-packages/airflow/example_dags/example_workday_timetable.py
[2025-08-06T14:38:10.770-0400] {logging_mixin.py:190} INFO - [2025-08-06T14:38:10.770-0400] {dag.py:3239} INFO - Sync 1 DAGs
[2025-08-06T14:38:10.786-0400] {logging_mixin.py:190} INFO - [2025-08-06T14:38:10.786-0400] {dag.py:4180} INFO - Setting next_dagrun for example_workday_timetable to 2021-01-01 00:00:00+00:00, run_after=2021-01-02 00:00:00+00:00
[2025-08-06T14:38:10.805-0400] {processor.py:208} INFO - Processing /home/huynguyen2741/airflow_venv/lib/python3.12/site-packages/airflow/example_dags/example_workday_timetable.py took 0.068 seconds
[2025-08-06T14:39:18.473-0400] {processor.py:186} INFO - Started process (PID=29283) to work on /home/huynguyen2741/airflow_venv/lib/python3.12/site-packages/airflow/example_dags/example_workday_timetable.py
[2025-08-06T14:39:18.477-0400] {processor.py:914} INFO - Processing file /home/huynguyen2741/airflow_venv/lib/python3.12/site-packages/airflow/example_dags/example_workday_timetable.py for tasks to queue
[2025-08-06T14:39:18.478-0400] {logging_mixin.py:190} INFO - [2025-08-06T14:39:18.478-0400] {dagbag.py:588} INFO - Filling up the DagBag from /home/huynguyen2741/airflow_venv/lib/python3.12/site-packages/airflow/example_dags/example_workday_timetable.py
[2025-08-06T14:39:18.482-0400] {processor.py:925} INFO - DAG(s) 'example_workday_timetable' retrieved from /home/huynguyen2741/airflow_venv/lib/python3.12/site-packages/airflow/example_dags/example_workday_timetable.py
[2025-08-06T14:39:18.493-0400] {logging_mixin.py:190} INFO - [2025-08-06T14:39:18.493-0400] {dag.py:3239} INFO - Sync 1 DAGs
[2025-08-06T14:39:18.505-0400] {logging_mixin.py:190} INFO - [2025-08-06T14:39:18.505-0400] {dag.py:4180} INFO - Setting next_dagrun for example_workday_timetable to 2021-01-01 00:00:00+00:00, run_after=2021-01-02 00:00:00+00:00
[2025-08-06T14:39:18.521-0400] {processor.py:208} INFO - Processing /home/huynguyen2741/airflow_venv/lib/python3.12/site-packages/airflow/example_dags/example_workday_timetable.py took 0.053 seconds
[2025-08-06T14:40:20.918-0400] {processor.py:186} INFO - Started process (PID=29503) to work on /home/huynguyen2741/airflow_venv/lib/python3.12/site-packages/airflow/example_dags/example_workday_timetable.py
[2025-08-06T14:40:20.922-0400] {processor.py:914} INFO - Processing file /home/huynguyen2741/airflow_venv/lib/python3.12/site-packages/airflow/example_dags/example_workday_timetable.py for tasks to queue
[2025-08-06T14:40:20.923-0400] {logging_mixin.py:190} INFO - [2025-08-06T14:40:20.923-0400] {dagbag.py:588} INFO - Filling up the DagBag from /home/huynguyen2741/airflow_venv/lib/python3.12/site-packages/airflow/example_dags/example_workday_timetable.py
[2025-08-06T14:40:20.928-0400] {processor.py:925} INFO - DAG(s) 'example_workday_timetable' retrieved from /home/huynguyen2741/airflow_venv/lib/python3.12/site-packages/airflow/example_dags/example_workday_timetable.py
[2025-08-06T14:40:20.939-0400] {logging_mixin.py:190} INFO - [2025-08-06T14:40:20.939-0400] {dag.py:3239} INFO - Sync 1 DAGs
[2025-08-06T14:40:20.952-0400] {logging_mixin.py:190} INFO - [2025-08-06T14:40:20.952-0400] {dag.py:4180} INFO - Setting next_dagrun for example_workday_timetable to 2021-01-01 00:00:00+00:00, run_after=2021-01-02 00:00:00+00:00
[2025-08-06T14:40:20.967-0400] {processor.py:208} INFO - Processing /home/huynguyen2741/airflow_venv/lib/python3.12/site-packages/airflow/example_dags/example_workday_timetable.py took 0.055 seconds
[2025-08-06T14:41:29.633-0400] {processor.py:186} INFO - Started process (PID=29802) to work on /home/huynguyen2741/airflow_venv/lib/python3.12/site-packages/airflow/example_dags/example_workday_timetable.py
[2025-08-06T14:41:29.637-0400] {processor.py:914} INFO - Processing file /home/huynguyen2741/airflow_venv/lib/python3.12/site-packages/airflow/example_dags/example_workday_timetable.py for tasks to queue
[2025-08-06T14:41:29.638-0400] {logging_mixin.py:190} INFO - [2025-08-06T14:41:29.638-0400] {dagbag.py:588} INFO - Filling up the DagBag from /home/huynguyen2741/airflow_venv/lib/python3.12/site-packages/airflow/example_dags/example_workday_timetable.py
[2025-08-06T14:41:29.643-0400] {processor.py:925} INFO - DAG(s) 'example_workday_timetable' retrieved from /home/huynguyen2741/airflow_venv/lib/python3.12/site-packages/airflow/example_dags/example_workday_timetable.py
[2025-08-06T14:41:29.653-0400] {logging_mixin.py:190} INFO - [2025-08-06T14:41:29.653-0400] {dag.py:3239} INFO - Sync 1 DAGs
[2025-08-06T14:41:29.665-0400] {logging_mixin.py:190} INFO - [2025-08-06T14:41:29.665-0400] {dag.py:4180} INFO - Setting next_dagrun for example_workday_timetable to 2021-01-01 00:00:00+00:00, run_after=2021-01-02 00:00:00+00:00
[2025-08-06T14:41:29.681-0400] {processor.py:208} INFO - Processing /home/huynguyen2741/airflow_venv/lib/python3.12/site-packages/airflow/example_dags/example_workday_timetable.py took 0.054 seconds
[2025-08-06T14:42:32.617-0400] {processor.py:186} INFO - Started process (PID=30023) to work on /home/huynguyen2741/airflow_venv/lib/python3.12/site-packages/airflow/example_dags/example_workday_timetable.py
[2025-08-06T14:42:32.621-0400] {processor.py:914} INFO - Processing file /home/huynguyen2741/airflow_venv/lib/python3.12/site-packages/airflow/example_dags/example_workday_timetable.py for tasks to queue
[2025-08-06T14:42:32.622-0400] {logging_mixin.py:190} INFO - [2025-08-06T14:42:32.622-0400] {dagbag.py:588} INFO - Filling up the DagBag from /home/huynguyen2741/airflow_venv/lib/python3.12/site-packages/airflow/example_dags/example_workday_timetable.py
[2025-08-06T14:42:32.627-0400] {processor.py:925} INFO - DAG(s) 'example_workday_timetable' retrieved from /home/huynguyen2741/airflow_venv/lib/python3.12/site-packages/airflow/example_dags/example_workday_timetable.py
[2025-08-06T14:42:32.640-0400] {logging_mixin.py:190} INFO - [2025-08-06T14:42:32.640-0400] {dag.py:3239} INFO - Sync 1 DAGs
[2025-08-06T14:42:32.655-0400] {logging_mixin.py:190} INFO - [2025-08-06T14:42:32.655-0400] {dag.py:4180} INFO - Setting next_dagrun for example_workday_timetable to 2021-01-01 00:00:00+00:00, run_after=2021-01-02 00:00:00+00:00
[2025-08-06T14:42:32.671-0400] {processor.py:208} INFO - Processing /home/huynguyen2741/airflow_venv/lib/python3.12/site-packages/airflow/example_dags/example_workday_timetable.py took 0.059 seconds
[2025-08-06T14:43:32.216-0400] {processor.py:186} INFO - Started process (PID=30258) to work on /home/huynguyen2741/airflow_venv/lib/python3.12/site-packages/airflow/example_dags/example_workday_timetable.py
[2025-08-06T14:43:32.217-0400] {processor.py:914} INFO - Processing file /home/huynguyen2741/airflow_venv/lib/python3.12/site-packages/airflow/example_dags/example_workday_timetable.py for tasks to queue
[2025-08-06T14:43:32.219-0400] {logging_mixin.py:190} INFO - [2025-08-06T14:43:32.218-0400] {dagbag.py:588} INFO - Filling up the DagBag from /home/huynguyen2741/airflow_venv/lib/python3.12/site-packages/airflow/example_dags/example_workday_timetable.py
[2025-08-06T14:43:32.224-0400] {processor.py:925} INFO - DAG(s) 'example_workday_timetable' retrieved from /home/huynguyen2741/airflow_venv/lib/python3.12/site-packages/airflow/example_dags/example_workday_timetable.py
[2025-08-06T14:43:32.240-0400] {logging_mixin.py:190} INFO - [2025-08-06T14:43:32.240-0400] {dag.py:3239} INFO - Sync 1 DAGs
[2025-08-06T14:43:32.258-0400] {logging_mixin.py:190} INFO - [2025-08-06T14:43:32.258-0400] {dag.py:4180} INFO - Setting next_dagrun for example_workday_timetable to 2021-01-01 00:00:00+00:00, run_after=2021-01-02 00:00:00+00:00
[2025-08-06T14:43:32.279-0400] {processor.py:208} INFO - Processing /home/huynguyen2741/airflow_venv/lib/python3.12/site-packages/airflow/example_dags/example_workday_timetable.py took 0.069 seconds
[2025-08-06T14:44:38.737-0400] {processor.py:186} INFO - Started process (PID=30527) to work on /home/huynguyen2741/airflow_venv/lib/python3.12/site-packages/airflow/example_dags/example_workday_timetable.py
[2025-08-06T14:44:38.742-0400] {processor.py:914} INFO - Processing file /home/huynguyen2741/airflow_venv/lib/python3.12/site-packages/airflow/example_dags/example_workday_timetable.py for tasks to queue
[2025-08-06T14:44:38.742-0400] {logging_mixin.py:190} INFO - [2025-08-06T14:44:38.742-0400] {dagbag.py:588} INFO - Filling up the DagBag from /home/huynguyen2741/airflow_venv/lib/python3.12/site-packages/airflow/example_dags/example_workday_timetable.py
[2025-08-06T14:44:38.747-0400] {processor.py:925} INFO - DAG(s) 'example_workday_timetable' retrieved from /home/huynguyen2741/airflow_venv/lib/python3.12/site-packages/airflow/example_dags/example_workday_timetable.py
[2025-08-06T14:44:38.762-0400] {logging_mixin.py:190} INFO - [2025-08-06T14:44:38.762-0400] {dag.py:3239} INFO - Sync 1 DAGs
[2025-08-06T14:44:38.777-0400] {logging_mixin.py:190} INFO - [2025-08-06T14:44:38.777-0400] {dag.py:4180} INFO - Setting next_dagrun for example_workday_timetable to 2021-01-01 00:00:00+00:00, run_after=2021-01-02 00:00:00+00:00
[2025-08-06T14:44:38.794-0400] {processor.py:208} INFO - Processing /home/huynguyen2741/airflow_venv/lib/python3.12/site-packages/airflow/example_dags/example_workday_timetable.py took 0.062 seconds
[2025-08-06T14:45:36.187-0400] {processor.py:186} INFO - Started process (PID=30783) to work on /home/huynguyen2741/airflow_venv/lib/python3.12/site-packages/airflow/example_dags/example_workday_timetable.py
[2025-08-06T14:45:36.197-0400] {processor.py:914} INFO - Processing file /home/huynguyen2741/airflow_venv/lib/python3.12/site-packages/airflow/example_dags/example_workday_timetable.py for tasks to queue
[2025-08-06T14:45:36.198-0400] {logging_mixin.py:190} INFO - [2025-08-06T14:45:36.198-0400] {dagbag.py:588} INFO - Filling up the DagBag from /home/huynguyen2741/airflow_venv/lib/python3.12/site-packages/airflow/example_dags/example_workday_timetable.py
[2025-08-06T14:45:36.203-0400] {processor.py:925} INFO - DAG(s) 'example_workday_timetable' retrieved from /home/huynguyen2741/airflow_venv/lib/python3.12/site-packages/airflow/example_dags/example_workday_timetable.py
[2025-08-06T14:45:36.218-0400] {logging_mixin.py:190} INFO - [2025-08-06T14:45:36.218-0400] {dag.py:3239} INFO - Sync 1 DAGs
[2025-08-06T14:45:36.234-0400] {logging_mixin.py:190} INFO - [2025-08-06T14:45:36.234-0400] {dag.py:4180} INFO - Setting next_dagrun for example_workday_timetable to 2021-01-01 00:00:00+00:00, run_after=2021-01-02 00:00:00+00:00
[2025-08-06T14:45:36.251-0400] {processor.py:208} INFO - Processing /home/huynguyen2741/airflow_venv/lib/python3.12/site-packages/airflow/example_dags/example_workday_timetable.py took 0.069 seconds
[2025-08-06T14:46:36.837-0400] {processor.py:186} INFO - Started process (PID=31058) to work on /home/huynguyen2741/airflow_venv/lib/python3.12/site-packages/airflow/example_dags/example_workday_timetable.py
[2025-08-06T14:46:36.838-0400] {processor.py:914} INFO - Processing file /home/huynguyen2741/airflow_venv/lib/python3.12/site-packages/airflow/example_dags/example_workday_timetable.py for tasks to queue
[2025-08-06T14:46:36.839-0400] {logging_mixin.py:190} INFO - [2025-08-06T14:46:36.839-0400] {dagbag.py:588} INFO - Filling up the DagBag from /home/huynguyen2741/airflow_venv/lib/python3.12/site-packages/airflow/example_dags/example_workday_timetable.py
[2025-08-06T14:46:36.844-0400] {processor.py:925} INFO - DAG(s) 'example_workday_timetable' retrieved from /home/huynguyen2741/airflow_venv/lib/python3.12/site-packages/airflow/example_dags/example_workday_timetable.py
[2025-08-06T14:46:36.857-0400] {logging_mixin.py:190} INFO - [2025-08-06T14:46:36.856-0400] {dag.py:3239} INFO - Sync 1 DAGs
[2025-08-06T14:46:36.871-0400] {logging_mixin.py:190} INFO - [2025-08-06T14:46:36.871-0400] {dag.py:4180} INFO - Setting next_dagrun for example_workday_timetable to 2021-01-01 00:00:00+00:00, run_after=2021-01-02 00:00:00+00:00
[2025-08-06T14:46:36.887-0400] {processor.py:208} INFO - Processing /home/huynguyen2741/airflow_venv/lib/python3.12/site-packages/airflow/example_dags/example_workday_timetable.py took 0.055 seconds
[2025-08-06T14:47:59.188-0400] {processor.py:186} INFO - Started process (PID=31545) to work on /home/huynguyen2741/airflow_venv/lib/python3.12/site-packages/airflow/example_dags/example_workday_timetable.py
[2025-08-06T14:47:59.189-0400] {processor.py:914} INFO - Processing file /home/huynguyen2741/airflow_venv/lib/python3.12/site-packages/airflow/example_dags/example_workday_timetable.py for tasks to queue
[2025-08-06T14:47:59.191-0400] {logging_mixin.py:190} INFO - [2025-08-06T14:47:59.190-0400] {dagbag.py:588} INFO - Filling up the DagBag from /home/huynguyen2741/airflow_venv/lib/python3.12/site-packages/airflow/example_dags/example_workday_timetable.py
[2025-08-06T14:47:59.196-0400] {processor.py:925} INFO - DAG(s) 'example_workday_timetable' retrieved from /home/huynguyen2741/airflow_venv/lib/python3.12/site-packages/airflow/example_dags/example_workday_timetable.py
[2025-08-06T14:47:59.209-0400] {logging_mixin.py:190} INFO - [2025-08-06T14:47:59.209-0400] {dag.py:3239} INFO - Sync 1 DAGs
[2025-08-06T14:47:59.223-0400] {logging_mixin.py:190} INFO - [2025-08-06T14:47:59.223-0400] {dag.py:4180} INFO - Setting next_dagrun for example_workday_timetable to 2021-01-01 00:00:00+00:00, run_after=2021-01-02 00:00:00+00:00
[2025-08-06T14:47:59.241-0400] {processor.py:208} INFO - Processing /home/huynguyen2741/airflow_venv/lib/python3.12/site-packages/airflow/example_dags/example_workday_timetable.py took 0.060 seconds
[2025-08-06T14:49:12.857-0400] {processor.py:186} INFO - Started process (PID=31837) to work on /home/huynguyen2741/airflow_venv/lib/python3.12/site-packages/airflow/example_dags/example_workday_timetable.py
[2025-08-06T14:49:12.867-0400] {processor.py:914} INFO - Processing file /home/huynguyen2741/airflow_venv/lib/python3.12/site-packages/airflow/example_dags/example_workday_timetable.py for tasks to queue
[2025-08-06T14:49:12.868-0400] {logging_mixin.py:190} INFO - [2025-08-06T14:49:12.868-0400] {dagbag.py:588} INFO - Filling up the DagBag from /home/huynguyen2741/airflow_venv/lib/python3.12/site-packages/airflow/example_dags/example_workday_timetable.py
[2025-08-06T14:49:12.873-0400] {processor.py:925} INFO - DAG(s) 'example_workday_timetable' retrieved from /home/huynguyen2741/airflow_venv/lib/python3.12/site-packages/airflow/example_dags/example_workday_timetable.py
[2025-08-06T14:49:12.883-0400] {logging_mixin.py:190} INFO - [2025-08-06T14:49:12.883-0400] {dag.py:3239} INFO - Sync 1 DAGs
[2025-08-06T14:49:12.897-0400] {logging_mixin.py:190} INFO - [2025-08-06T14:49:12.897-0400] {dag.py:4180} INFO - Setting next_dagrun for example_workday_timetable to 2021-01-01 00:00:00+00:00, run_after=2021-01-02 00:00:00+00:00
[2025-08-06T14:49:12.915-0400] {processor.py:208} INFO - Processing /home/huynguyen2741/airflow_venv/lib/python3.12/site-packages/airflow/example_dags/example_workday_timetable.py took 0.063 seconds
[2025-08-06T14:50:16.050-0400] {processor.py:186} INFO - Started process (PID=32063) to work on /home/huynguyen2741/airflow_venv/lib/python3.12/site-packages/airflow/example_dags/example_workday_timetable.py
[2025-08-06T14:50:16.054-0400] {processor.py:914} INFO - Processing file /home/huynguyen2741/airflow_venv/lib/python3.12/site-packages/airflow/example_dags/example_workday_timetable.py for tasks to queue
[2025-08-06T14:50:16.055-0400] {logging_mixin.py:190} INFO - [2025-08-06T14:50:16.054-0400] {dagbag.py:588} INFO - Filling up the DagBag from /home/huynguyen2741/airflow_venv/lib/python3.12/site-packages/airflow/example_dags/example_workday_timetable.py
[2025-08-06T14:50:16.059-0400] {processor.py:925} INFO - DAG(s) 'example_workday_timetable' retrieved from /home/huynguyen2741/airflow_venv/lib/python3.12/site-packages/airflow/example_dags/example_workday_timetable.py
[2025-08-06T14:50:16.073-0400] {logging_mixin.py:190} INFO - [2025-08-06T14:50:16.073-0400] {dag.py:3239} INFO - Sync 1 DAGs
[2025-08-06T14:50:16.089-0400] {logging_mixin.py:190} INFO - [2025-08-06T14:50:16.089-0400] {dag.py:4180} INFO - Setting next_dagrun for example_workday_timetable to 2021-01-01 00:00:00+00:00, run_after=2021-01-02 00:00:00+00:00
[2025-08-06T14:50:16.107-0400] {processor.py:208} INFO - Processing /home/huynguyen2741/airflow_venv/lib/python3.12/site-packages/airflow/example_dags/example_workday_timetable.py took 0.063 seconds
[2025-08-06T14:51:18.775-0400] {processor.py:186} INFO - Started process (PID=32285) to work on /home/huynguyen2741/airflow_venv/lib/python3.12/site-packages/airflow/example_dags/example_workday_timetable.py
[2025-08-06T14:51:18.785-0400] {processor.py:914} INFO - Processing file /home/huynguyen2741/airflow_venv/lib/python3.12/site-packages/airflow/example_dags/example_workday_timetable.py for tasks to queue
[2025-08-06T14:51:18.786-0400] {logging_mixin.py:190} INFO - [2025-08-06T14:51:18.786-0400] {dagbag.py:588} INFO - Filling up the DagBag from /home/huynguyen2741/airflow_venv/lib/python3.12/site-packages/airflow/example_dags/example_workday_timetable.py
[2025-08-06T14:51:18.791-0400] {processor.py:925} INFO - DAG(s) 'example_workday_timetable' retrieved from /home/huynguyen2741/airflow_venv/lib/python3.12/site-packages/airflow/example_dags/example_workday_timetable.py
[2025-08-06T14:51:18.804-0400] {logging_mixin.py:190} INFO - [2025-08-06T14:51:18.804-0400] {dag.py:3239} INFO - Sync 1 DAGs
[2025-08-06T14:51:18.820-0400] {logging_mixin.py:190} INFO - [2025-08-06T14:51:18.820-0400] {dag.py:4180} INFO - Setting next_dagrun for example_workday_timetable to 2021-01-01 00:00:00+00:00, run_after=2021-01-02 00:00:00+00:00
[2025-08-06T14:51:18.837-0400] {processor.py:208} INFO - Processing /home/huynguyen2741/airflow_venv/lib/python3.12/site-packages/airflow/example_dags/example_workday_timetable.py took 0.068 seconds
[2025-08-06T14:52:17.709-0400] {processor.py:186} INFO - Started process (PID=32543) to work on /home/huynguyen2741/airflow_venv/lib/python3.12/site-packages/airflow/example_dags/example_workday_timetable.py
[2025-08-06T14:52:17.710-0400] {processor.py:914} INFO - Processing file /home/huynguyen2741/airflow_venv/lib/python3.12/site-packages/airflow/example_dags/example_workday_timetable.py for tasks to queue
[2025-08-06T14:52:17.711-0400] {logging_mixin.py:190} INFO - [2025-08-06T14:52:17.711-0400] {dagbag.py:588} INFO - Filling up the DagBag from /home/huynguyen2741/airflow_venv/lib/python3.12/site-packages/airflow/example_dags/example_workday_timetable.py
[2025-08-06T14:52:17.715-0400] {processor.py:925} INFO - DAG(s) 'example_workday_timetable' retrieved from /home/huynguyen2741/airflow_venv/lib/python3.12/site-packages/airflow/example_dags/example_workday_timetable.py
[2025-08-06T14:52:17.728-0400] {logging_mixin.py:190} INFO - [2025-08-06T14:52:17.728-0400] {dag.py:3239} INFO - Sync 1 DAGs
[2025-08-06T14:52:17.744-0400] {logging_mixin.py:190} INFO - [2025-08-06T14:52:17.744-0400] {dag.py:4180} INFO - Setting next_dagrun for example_workday_timetable to 2021-01-01 00:00:00+00:00, run_after=2021-01-02 00:00:00+00:00
[2025-08-06T14:52:17.761-0400] {processor.py:208} INFO - Processing /home/huynguyen2741/airflow_venv/lib/python3.12/site-packages/airflow/example_dags/example_workday_timetable.py took 0.057 seconds
[2025-08-06T14:53:21.971-0400] {processor.py:186} INFO - Started process (PID=32843) to work on /home/huynguyen2741/airflow_venv/lib/python3.12/site-packages/airflow/example_dags/example_workday_timetable.py
[2025-08-06T14:53:21.981-0400] {processor.py:914} INFO - Processing file /home/huynguyen2741/airflow_venv/lib/python3.12/site-packages/airflow/example_dags/example_workday_timetable.py for tasks to queue
[2025-08-06T14:53:21.982-0400] {logging_mixin.py:190} INFO - [2025-08-06T14:53:21.981-0400] {dagbag.py:588} INFO - Filling up the DagBag from /home/huynguyen2741/airflow_venv/lib/python3.12/site-packages/airflow/example_dags/example_workday_timetable.py
[2025-08-06T14:53:21.987-0400] {processor.py:925} INFO - DAG(s) 'example_workday_timetable' retrieved from /home/huynguyen2741/airflow_venv/lib/python3.12/site-packages/airflow/example_dags/example_workday_timetable.py
[2025-08-06T14:53:22.000-0400] {logging_mixin.py:190} INFO - [2025-08-06T14:53:21.999-0400] {dag.py:3239} INFO - Sync 1 DAGs
[2025-08-06T14:53:22.016-0400] {logging_mixin.py:190} INFO - [2025-08-06T14:53:22.016-0400] {dag.py:4180} INFO - Setting next_dagrun for example_workday_timetable to 2021-01-01 00:00:00+00:00, run_after=2021-01-02 00:00:00+00:00
[2025-08-06T14:53:22.033-0400] {processor.py:208} INFO - Processing /home/huynguyen2741/airflow_venv/lib/python3.12/site-packages/airflow/example_dags/example_workday_timetable.py took 0.068 seconds
[2025-08-06T14:54:22.832-0400] {processor.py:186} INFO - Started process (PID=33292) to work on /home/huynguyen2741/airflow_venv/lib/python3.12/site-packages/airflow/example_dags/example_workday_timetable.py
[2025-08-06T14:54:22.842-0400] {processor.py:914} INFO - Processing file /home/huynguyen2741/airflow_venv/lib/python3.12/site-packages/airflow/example_dags/example_workday_timetable.py for tasks to queue
[2025-08-06T14:54:22.843-0400] {logging_mixin.py:190} INFO - [2025-08-06T14:54:22.843-0400] {dagbag.py:588} INFO - Filling up the DagBag from /home/huynguyen2741/airflow_venv/lib/python3.12/site-packages/airflow/example_dags/example_workday_timetable.py
[2025-08-06T14:54:22.848-0400] {processor.py:925} INFO - DAG(s) 'example_workday_timetable' retrieved from /home/huynguyen2741/airflow_venv/lib/python3.12/site-packages/airflow/example_dags/example_workday_timetable.py
[2025-08-06T14:54:22.858-0400] {logging_mixin.py:190} INFO - [2025-08-06T14:54:22.858-0400] {dag.py:3239} INFO - Sync 1 DAGs
[2025-08-06T14:54:22.870-0400] {logging_mixin.py:190} INFO - [2025-08-06T14:54:22.870-0400] {dag.py:4180} INFO - Setting next_dagrun for example_workday_timetable to 2021-01-01 00:00:00+00:00, run_after=2021-01-02 00:00:00+00:00
[2025-08-06T14:54:22.887-0400] {processor.py:208} INFO - Processing /home/huynguyen2741/airflow_venv/lib/python3.12/site-packages/airflow/example_dags/example_workday_timetable.py took 0.061 seconds
[2025-08-06T14:55:16.441-0400] {processor.py:186} INFO - Started process (PID=33575) to work on /home/huynguyen2741/airflow_venv/lib/python3.12/site-packages/airflow/example_dags/example_workday_timetable.py
[2025-08-06T14:55:16.446-0400] {processor.py:914} INFO - Processing file /home/huynguyen2741/airflow_venv/lib/python3.12/site-packages/airflow/example_dags/example_workday_timetable.py for tasks to queue
[2025-08-06T14:55:16.447-0400] {logging_mixin.py:190} INFO - [2025-08-06T14:55:16.446-0400] {dagbag.py:588} INFO - Filling up the DagBag from /home/huynguyen2741/airflow_venv/lib/python3.12/site-packages/airflow/example_dags/example_workday_timetable.py
[2025-08-06T14:55:16.451-0400] {processor.py:925} INFO - DAG(s) 'example_workday_timetable' retrieved from /home/huynguyen2741/airflow_venv/lib/python3.12/site-packages/airflow/example_dags/example_workday_timetable.py
[2025-08-06T14:55:16.463-0400] {logging_mixin.py:190} INFO - [2025-08-06T14:55:16.463-0400] {dag.py:3239} INFO - Sync 1 DAGs
[2025-08-06T14:55:16.478-0400] {logging_mixin.py:190} INFO - [2025-08-06T14:55:16.478-0400] {dag.py:4180} INFO - Setting next_dagrun for example_workday_timetable to 2021-01-01 00:00:00+00:00, run_after=2021-01-02 00:00:00+00:00
[2025-08-06T14:55:16.495-0400] {processor.py:208} INFO - Processing /home/huynguyen2741/airflow_venv/lib/python3.12/site-packages/airflow/example_dags/example_workday_timetable.py took 0.059 seconds
[2025-08-06T14:56:18.777-0400] {processor.py:186} INFO - Started process (PID=33875) to work on /home/huynguyen2741/airflow_venv/lib/python3.12/site-packages/airflow/example_dags/example_workday_timetable.py
[2025-08-06T14:56:18.782-0400] {processor.py:914} INFO - Processing file /home/huynguyen2741/airflow_venv/lib/python3.12/site-packages/airflow/example_dags/example_workday_timetable.py for tasks to queue
[2025-08-06T14:56:18.784-0400] {logging_mixin.py:190} INFO - [2025-08-06T14:56:18.783-0400] {dagbag.py:588} INFO - Filling up the DagBag from /home/huynguyen2741/airflow_venv/lib/python3.12/site-packages/airflow/example_dags/example_workday_timetable.py
[2025-08-06T14:56:18.788-0400] {processor.py:925} INFO - DAG(s) 'example_workday_timetable' retrieved from /home/huynguyen2741/airflow_venv/lib/python3.12/site-packages/airflow/example_dags/example_workday_timetable.py
[2025-08-06T14:56:18.799-0400] {logging_mixin.py:190} INFO - [2025-08-06T14:56:18.799-0400] {dag.py:3239} INFO - Sync 1 DAGs
[2025-08-06T14:56:18.812-0400] {logging_mixin.py:190} INFO - [2025-08-06T14:56:18.812-0400] {dag.py:4180} INFO - Setting next_dagrun for example_workday_timetable to 2021-01-01 00:00:00+00:00, run_after=2021-01-02 00:00:00+00:00
[2025-08-06T14:56:18.827-0400] {processor.py:208} INFO - Processing /home/huynguyen2741/airflow_venv/lib/python3.12/site-packages/airflow/example_dags/example_workday_timetable.py took 0.056 seconds
[2025-08-06T14:57:22.331-0400] {processor.py:186} INFO - Started process (PID=34142) to work on /home/huynguyen2741/airflow_venv/lib/python3.12/site-packages/airflow/example_dags/example_workday_timetable.py
[2025-08-06T14:57:22.335-0400] {processor.py:914} INFO - Processing file /home/huynguyen2741/airflow_venv/lib/python3.12/site-packages/airflow/example_dags/example_workday_timetable.py for tasks to queue
[2025-08-06T14:57:22.337-0400] {logging_mixin.py:190} INFO - [2025-08-06T14:57:22.336-0400] {dagbag.py:588} INFO - Filling up the DagBag from /home/huynguyen2741/airflow_venv/lib/python3.12/site-packages/airflow/example_dags/example_workday_timetable.py
[2025-08-06T14:57:22.341-0400] {processor.py:925} INFO - DAG(s) 'example_workday_timetable' retrieved from /home/huynguyen2741/airflow_venv/lib/python3.12/site-packages/airflow/example_dags/example_workday_timetable.py
[2025-08-06T14:57:22.352-0400] {logging_mixin.py:190} INFO - [2025-08-06T14:57:22.351-0400] {dag.py:3239} INFO - Sync 1 DAGs
[2025-08-06T14:57:22.364-0400] {logging_mixin.py:190} INFO - [2025-08-06T14:57:22.364-0400] {dag.py:4180} INFO - Setting next_dagrun for example_workday_timetable to 2021-01-01 00:00:00+00:00, run_after=2021-01-02 00:00:00+00:00
[2025-08-06T14:57:22.380-0400] {processor.py:208} INFO - Processing /home/huynguyen2741/airflow_venv/lib/python3.12/site-packages/airflow/example_dags/example_workday_timetable.py took 0.055 seconds
[2025-08-06T14:58:23.982-0400] {processor.py:186} INFO - Started process (PID=34413) to work on /home/huynguyen2741/airflow_venv/lib/python3.12/site-packages/airflow/example_dags/example_workday_timetable.py
[2025-08-06T14:58:23.992-0400] {processor.py:914} INFO - Processing file /home/huynguyen2741/airflow_venv/lib/python3.12/site-packages/airflow/example_dags/example_workday_timetable.py for tasks to queue
[2025-08-06T14:58:23.993-0400] {logging_mixin.py:190} INFO - [2025-08-06T14:58:23.993-0400] {dagbag.py:588} INFO - Filling up the DagBag from /home/huynguyen2741/airflow_venv/lib/python3.12/site-packages/airflow/example_dags/example_workday_timetable.py
[2025-08-06T14:58:23.997-0400] {processor.py:925} INFO - DAG(s) 'example_workday_timetable' retrieved from /home/huynguyen2741/airflow_venv/lib/python3.12/site-packages/airflow/example_dags/example_workday_timetable.py
[2025-08-06T14:58:24.008-0400] {logging_mixin.py:190} INFO - [2025-08-06T14:58:24.008-0400] {dag.py:3239} INFO - Sync 1 DAGs
[2025-08-06T14:58:24.024-0400] {logging_mixin.py:190} INFO - [2025-08-06T14:58:24.024-0400] {dag.py:4180} INFO - Setting next_dagrun for example_workday_timetable to 2021-01-01 00:00:00+00:00, run_after=2021-01-02 00:00:00+00:00
[2025-08-06T14:58:24.041-0400] {processor.py:208} INFO - Processing /home/huynguyen2741/airflow_venv/lib/python3.12/site-packages/airflow/example_dags/example_workday_timetable.py took 0.064 seconds
[2025-08-06T14:59:24.229-0400] {processor.py:186} INFO - Started process (PID=34651) to work on /home/huynguyen2741/airflow_venv/lib/python3.12/site-packages/airflow/example_dags/example_workday_timetable.py
[2025-08-06T14:59:24.230-0400] {processor.py:914} INFO - Processing file /home/huynguyen2741/airflow_venv/lib/python3.12/site-packages/airflow/example_dags/example_workday_timetable.py for tasks to queue
[2025-08-06T14:59:24.231-0400] {logging_mixin.py:190} INFO - [2025-08-06T14:59:24.231-0400] {dagbag.py:588} INFO - Filling up the DagBag from /home/huynguyen2741/airflow_venv/lib/python3.12/site-packages/airflow/example_dags/example_workday_timetable.py
[2025-08-06T14:59:24.236-0400] {processor.py:925} INFO - DAG(s) 'example_workday_timetable' retrieved from /home/huynguyen2741/airflow_venv/lib/python3.12/site-packages/airflow/example_dags/example_workday_timetable.py
[2025-08-06T14:59:24.247-0400] {logging_mixin.py:190} INFO - [2025-08-06T14:59:24.247-0400] {dag.py:3239} INFO - Sync 1 DAGs
[2025-08-06T14:59:24.261-0400] {logging_mixin.py:190} INFO - [2025-08-06T14:59:24.261-0400] {dag.py:4180} INFO - Setting next_dagrun for example_workday_timetable to 2021-01-01 00:00:00+00:00, run_after=2021-01-02 00:00:00+00:00
[2025-08-06T14:59:24.276-0400] {processor.py:208} INFO - Processing /home/huynguyen2741/airflow_venv/lib/python3.12/site-packages/airflow/example_dags/example_workday_timetable.py took 0.053 seconds
[2025-08-06T15:00:28.217-0400] {processor.py:186} INFO - Started process (PID=34881) to work on /home/huynguyen2741/airflow_venv/lib/python3.12/site-packages/airflow/example_dags/example_workday_timetable.py
[2025-08-06T15:00:28.227-0400] {processor.py:914} INFO - Processing file /home/huynguyen2741/airflow_venv/lib/python3.12/site-packages/airflow/example_dags/example_workday_timetable.py for tasks to queue
[2025-08-06T15:00:28.228-0400] {logging_mixin.py:190} INFO - [2025-08-06T15:00:28.228-0400] {dagbag.py:588} INFO - Filling up the DagBag from /home/huynguyen2741/airflow_venv/lib/python3.12/site-packages/airflow/example_dags/example_workday_timetable.py
[2025-08-06T15:00:28.233-0400] {processor.py:925} INFO - DAG(s) 'example_workday_timetable' retrieved from /home/huynguyen2741/airflow_venv/lib/python3.12/site-packages/airflow/example_dags/example_workday_timetable.py
[2025-08-06T15:00:28.244-0400] {logging_mixin.py:190} INFO - [2025-08-06T15:00:28.244-0400] {dag.py:3239} INFO - Sync 1 DAGs
[2025-08-06T15:00:28.256-0400] {logging_mixin.py:190} INFO - [2025-08-06T15:00:28.256-0400] {dag.py:4180} INFO - Setting next_dagrun for example_workday_timetable to 2021-01-01 00:00:00+00:00, run_after=2021-01-02 00:00:00+00:00
[2025-08-06T15:00:28.271-0400] {processor.py:208} INFO - Processing /home/huynguyen2741/airflow_venv/lib/python3.12/site-packages/airflow/example_dags/example_workday_timetable.py took 0.060 seconds
