[2025-08-06T13:57:18.360-0400] {processor.py:186} INFO - Started process (PID=17715) to work on /home/huynguyen2741/airflow_venv/lib/python3.12/site-packages/airflow/example_dags/example_xcomargs.py
[2025-08-06T13:57:18.361-0400] {processor.py:914} INFO - Processing file /home/huynguyen2741/airflow_venv/lib/python3.12/site-packages/airflow/example_dags/example_xcomargs.py for tasks to queue
[2025-08-06T13:57:18.362-0400] {logging_mixin.py:190} INFO - [2025-08-06T13:57:18.362-0400] {dagbag.py:588} INFO - Filling up the DagBag from /home/huynguyen2741/airflow_venv/lib/python3.12/site-packages/airflow/example_dags/example_xcomargs.py
[2025-08-06T13:57:18.370-0400] {processor.py:925} INFO - DAG(s) 'example_xcom_args_with_operators', 'example_xcom_args' retrieved from /home/huynguyen2741/airflow_venv/lib/python3.12/site-packages/airflow/example_dags/example_xcomargs.py
[2025-08-06T13:57:18.455-0400] {logging_mixin.py:190} INFO - [2025-08-06T13:57:18.455-0400] {override.py:1930} INFO - Created Permission View: can edit on DAG:example_xcom_args_with_operators
[2025-08-06T13:57:18.465-0400] {logging_mixin.py:190} INFO - [2025-08-06T13:57:18.465-0400] {override.py:1930} INFO - Created Permission View: can read on DAG:example_xcom_args_with_operators
[2025-08-06T13:57:18.473-0400] {logging_mixin.py:190} INFO - [2025-08-06T13:57:18.473-0400] {override.py:1930} INFO - Created Permission View: can delete on DAG:example_xcom_args_with_operators
[2025-08-06T13:57:18.485-0400] {logging_mixin.py:190} INFO - [2025-08-06T13:57:18.485-0400] {override.py:1930} INFO - Created Permission View: menu access on DAG Run:example_xcom_args_with_operators
[2025-08-06T13:57:18.493-0400] {logging_mixin.py:190} INFO - [2025-08-06T13:57:18.492-0400] {override.py:1930} INFO - Created Permission View: can read on DAG Run:example_xcom_args_with_operators
[2025-08-06T13:57:18.500-0400] {logging_mixin.py:190} INFO - [2025-08-06T13:57:18.500-0400] {override.py:1930} INFO - Created Permission View: can create on DAG Run:example_xcom_args_with_operators
[2025-08-06T13:57:18.508-0400] {logging_mixin.py:190} INFO - [2025-08-06T13:57:18.508-0400] {override.py:1930} INFO - Created Permission View: can delete on DAG Run:example_xcom_args_with_operators
[2025-08-06T13:57:18.527-0400] {logging_mixin.py:190} INFO - [2025-08-06T13:57:18.527-0400] {override.py:1930} INFO - Created Permission View: can edit on DAG:example_xcom_args
[2025-08-06T13:57:18.534-0400] {logging_mixin.py:190} INFO - [2025-08-06T13:57:18.534-0400] {override.py:1930} INFO - Created Permission View: can read on DAG:example_xcom_args
[2025-08-06T13:57:18.541-0400] {logging_mixin.py:190} INFO - [2025-08-06T13:57:18.541-0400] {override.py:1930} INFO - Created Permission View: can delete on DAG:example_xcom_args
[2025-08-06T13:57:18.554-0400] {logging_mixin.py:190} INFO - [2025-08-06T13:57:18.554-0400] {override.py:1930} INFO - Created Permission View: menu access on DAG Run:example_xcom_args
[2025-08-06T13:57:18.563-0400] {logging_mixin.py:190} INFO - [2025-08-06T13:57:18.563-0400] {override.py:1930} INFO - Created Permission View: can read on DAG Run:example_xcom_args
[2025-08-06T13:57:18.570-0400] {logging_mixin.py:190} INFO - [2025-08-06T13:57:18.570-0400] {override.py:1930} INFO - Created Permission View: can create on DAG Run:example_xcom_args
[2025-08-06T13:57:18.581-0400] {logging_mixin.py:190} INFO - [2025-08-06T13:57:18.580-0400] {override.py:1930} INFO - Created Permission View: can delete on DAG Run:example_xcom_args
[2025-08-06T13:57:18.581-0400] {logging_mixin.py:190} INFO - [2025-08-06T13:57:18.581-0400] {dag.py:3239} INFO - Sync 2 DAGs
[2025-08-06T13:57:18.589-0400] {logging_mixin.py:190} INFO - [2025-08-06T13:57:18.589-0400] {dag.py:3262} INFO - Creating ORM DAG for example_xcom_args
[2025-08-06T13:57:18.589-0400] {logging_mixin.py:190} INFO - [2025-08-06T13:57:18.589-0400] {dag.py:3262} INFO - Creating ORM DAG for example_xcom_args_with_operators
[2025-08-06T13:57:18.590-0400] {logging_mixin.py:190} INFO - [2025-08-06T13:57:18.590-0400] {dag.py:4180} INFO - Setting next_dagrun for example_xcom_args to None, run_after=None
[2025-08-06T13:57:18.590-0400] {logging_mixin.py:190} INFO - [2025-08-06T13:57:18.590-0400] {dag.py:4180} INFO - Setting next_dagrun for example_xcom_args_with_operators to None, run_after=None
[2025-08-06T13:57:18.606-0400] {processor.py:208} INFO - Processing /home/huynguyen2741/airflow_venv/lib/python3.12/site-packages/airflow/example_dags/example_xcomargs.py took 0.249 seconds
[2025-08-06T13:58:23.838-0400] {processor.py:186} INFO - Started process (PID=17957) to work on /home/huynguyen2741/airflow_venv/lib/python3.12/site-packages/airflow/example_dags/example_xcomargs.py
[2025-08-06T13:58:23.839-0400] {processor.py:914} INFO - Processing file /home/huynguyen2741/airflow_venv/lib/python3.12/site-packages/airflow/example_dags/example_xcomargs.py for tasks to queue
[2025-08-06T13:58:23.842-0400] {logging_mixin.py:190} INFO - [2025-08-06T13:58:23.842-0400] {dagbag.py:588} INFO - Filling up the DagBag from /home/huynguyen2741/airflow_venv/lib/python3.12/site-packages/airflow/example_dags/example_xcomargs.py
[2025-08-06T13:58:23.857-0400] {processor.py:925} INFO - DAG(s) 'example_xcom_args_with_operators', 'example_xcom_args' retrieved from /home/huynguyen2741/airflow_venv/lib/python3.12/site-packages/airflow/example_dags/example_xcomargs.py
[2025-08-06T13:58:23.879-0400] {logging_mixin.py:190} INFO - [2025-08-06T13:58:23.879-0400] {dag.py:3239} INFO - Sync 2 DAGs
[2025-08-06T13:58:23.892-0400] {logging_mixin.py:190} INFO - [2025-08-06T13:58:23.892-0400] {dag.py:4180} INFO - Setting next_dagrun for example_xcom_args to None, run_after=None
[2025-08-06T13:58:23.896-0400] {logging_mixin.py:190} INFO - [2025-08-06T13:58:23.895-0400] {dag.py:4180} INFO - Setting next_dagrun for example_xcom_args_with_operators to None, run_after=None
[2025-08-06T13:58:23.920-0400] {processor.py:208} INFO - Processing /home/huynguyen2741/airflow_venv/lib/python3.12/site-packages/airflow/example_dags/example_xcomargs.py took 0.092 seconds
[2025-08-06T13:59:19.978-0400] {processor.py:186} INFO - Started process (PID=18173) to work on /home/huynguyen2741/airflow_venv/lib/python3.12/site-packages/airflow/example_dags/example_xcomargs.py
[2025-08-06T13:59:19.979-0400] {processor.py:914} INFO - Processing file /home/huynguyen2741/airflow_venv/lib/python3.12/site-packages/airflow/example_dags/example_xcomargs.py for tasks to queue
[2025-08-06T13:59:19.980-0400] {logging_mixin.py:190} INFO - [2025-08-06T13:59:19.980-0400] {dagbag.py:588} INFO - Filling up the DagBag from /home/huynguyen2741/airflow_venv/lib/python3.12/site-packages/airflow/example_dags/example_xcomargs.py
[2025-08-06T13:59:19.988-0400] {processor.py:925} INFO - DAG(s) 'example_xcom_args_with_operators', 'example_xcom_args' retrieved from /home/huynguyen2741/airflow_venv/lib/python3.12/site-packages/airflow/example_dags/example_xcomargs.py
[2025-08-06T13:59:20.001-0400] {logging_mixin.py:190} INFO - [2025-08-06T13:59:20.001-0400] {dag.py:3239} INFO - Sync 2 DAGs
[2025-08-06T13:59:20.009-0400] {logging_mixin.py:190} INFO - [2025-08-06T13:59:20.009-0400] {dag.py:4180} INFO - Setting next_dagrun for example_xcom_args to None, run_after=None
[2025-08-06T13:59:20.011-0400] {logging_mixin.py:190} INFO - [2025-08-06T13:59:20.011-0400] {dag.py:4180} INFO - Setting next_dagrun for example_xcom_args_with_operators to None, run_after=None
[2025-08-06T13:59:20.026-0400] {processor.py:208} INFO - Processing /home/huynguyen2741/airflow_venv/lib/python3.12/site-packages/airflow/example_dags/example_xcomargs.py took 0.052 seconds
[2025-08-06T14:00:22.827-0400] {processor.py:186} INFO - Started process (PID=18392) to work on /home/huynguyen2741/airflow_venv/lib/python3.12/site-packages/airflow/example_dags/example_xcomargs.py
[2025-08-06T14:00:22.828-0400] {processor.py:914} INFO - Processing file /home/huynguyen2741/airflow_venv/lib/python3.12/site-packages/airflow/example_dags/example_xcomargs.py for tasks to queue
[2025-08-06T14:00:22.830-0400] {logging_mixin.py:190} INFO - [2025-08-06T14:00:22.829-0400] {dagbag.py:588} INFO - Filling up the DagBag from /home/huynguyen2741/airflow_venv/lib/python3.12/site-packages/airflow/example_dags/example_xcomargs.py
[2025-08-06T14:00:22.836-0400] {processor.py:925} INFO - DAG(s) 'example_xcom_args_with_operators', 'example_xcom_args' retrieved from /home/huynguyen2741/airflow_venv/lib/python3.12/site-packages/airflow/example_dags/example_xcomargs.py
[2025-08-06T14:00:22.848-0400] {logging_mixin.py:190} INFO - [2025-08-06T14:00:22.848-0400] {dag.py:3239} INFO - Sync 2 DAGs
[2025-08-06T14:00:22.856-0400] {logging_mixin.py:190} INFO - [2025-08-06T14:00:22.856-0400] {dag.py:4180} INFO - Setting next_dagrun for example_xcom_args to None, run_after=None
[2025-08-06T14:00:22.858-0400] {logging_mixin.py:190} INFO - [2025-08-06T14:00:22.858-0400] {dag.py:4180} INFO - Setting next_dagrun for example_xcom_args_with_operators to None, run_after=None
[2025-08-06T14:00:22.875-0400] {processor.py:208} INFO - Processing /home/huynguyen2741/airflow_venv/lib/python3.12/site-packages/airflow/example_dags/example_xcomargs.py took 0.052 seconds
[2025-08-06T14:01:27.838-0400] {processor.py:186} INFO - Started process (PID=18619) to work on /home/huynguyen2741/airflow_venv/lib/python3.12/site-packages/airflow/example_dags/example_xcomargs.py
[2025-08-06T14:01:27.839-0400] {processor.py:914} INFO - Processing file /home/huynguyen2741/airflow_venv/lib/python3.12/site-packages/airflow/example_dags/example_xcomargs.py for tasks to queue
[2025-08-06T14:01:27.840-0400] {logging_mixin.py:190} INFO - [2025-08-06T14:01:27.840-0400] {dagbag.py:588} INFO - Filling up the DagBag from /home/huynguyen2741/airflow_venv/lib/python3.12/site-packages/airflow/example_dags/example_xcomargs.py
[2025-08-06T14:01:27.848-0400] {processor.py:925} INFO - DAG(s) 'example_xcom_args_with_operators', 'example_xcom_args' retrieved from /home/huynguyen2741/airflow_venv/lib/python3.12/site-packages/airflow/example_dags/example_xcomargs.py
[2025-08-06T14:01:27.860-0400] {logging_mixin.py:190} INFO - [2025-08-06T14:01:27.860-0400] {dag.py:3239} INFO - Sync 2 DAGs
[2025-08-06T14:01:27.869-0400] {logging_mixin.py:190} INFO - [2025-08-06T14:01:27.869-0400] {dag.py:4180} INFO - Setting next_dagrun for example_xcom_args to None, run_after=None
[2025-08-06T14:01:27.871-0400] {logging_mixin.py:190} INFO - [2025-08-06T14:01:27.871-0400] {dag.py:4180} INFO - Setting next_dagrun for example_xcom_args_with_operators to None, run_after=None
[2025-08-06T14:01:27.886-0400] {processor.py:208} INFO - Processing /home/huynguyen2741/airflow_venv/lib/python3.12/site-packages/airflow/example_dags/example_xcomargs.py took 0.053 seconds
[2025-08-06T14:02:29.787-0400] {processor.py:186} INFO - Started process (PID=18867) to work on /home/huynguyen2741/airflow_venv/lib/python3.12/site-packages/airflow/example_dags/example_xcomargs.py
[2025-08-06T14:02:29.791-0400] {processor.py:914} INFO - Processing file /home/huynguyen2741/airflow_venv/lib/python3.12/site-packages/airflow/example_dags/example_xcomargs.py for tasks to queue
[2025-08-06T14:02:29.793-0400] {logging_mixin.py:190} INFO - [2025-08-06T14:02:29.792-0400] {dagbag.py:588} INFO - Filling up the DagBag from /home/huynguyen2741/airflow_venv/lib/python3.12/site-packages/airflow/example_dags/example_xcomargs.py
[2025-08-06T14:02:29.800-0400] {processor.py:925} INFO - DAG(s) 'example_xcom_args', 'example_xcom_args_with_operators' retrieved from /home/huynguyen2741/airflow_venv/lib/python3.12/site-packages/airflow/example_dags/example_xcomargs.py
[2025-08-06T14:02:29.812-0400] {logging_mixin.py:190} INFO - [2025-08-06T14:02:29.812-0400] {dag.py:3239} INFO - Sync 2 DAGs
[2025-08-06T14:02:29.822-0400] {logging_mixin.py:190} INFO - [2025-08-06T14:02:29.822-0400] {dag.py:4180} INFO - Setting next_dagrun for example_xcom_args to None, run_after=None
[2025-08-06T14:02:29.824-0400] {logging_mixin.py:190} INFO - [2025-08-06T14:02:29.824-0400] {dag.py:4180} INFO - Setting next_dagrun for example_xcom_args_with_operators to None, run_after=None
[2025-08-06T14:02:29.840-0400] {processor.py:208} INFO - Processing /home/huynguyen2741/airflow_venv/lib/python3.12/site-packages/airflow/example_dags/example_xcomargs.py took 0.057 seconds
[2025-08-06T14:03:28.687-0400] {processor.py:186} INFO - Started process (PID=19081) to work on /home/huynguyen2741/airflow_venv/lib/python3.12/site-packages/airflow/example_dags/example_xcomargs.py
[2025-08-06T14:03:28.688-0400] {processor.py:914} INFO - Processing file /home/huynguyen2741/airflow_venv/lib/python3.12/site-packages/airflow/example_dags/example_xcomargs.py for tasks to queue
[2025-08-06T14:03:28.689-0400] {logging_mixin.py:190} INFO - [2025-08-06T14:03:28.689-0400] {dagbag.py:588} INFO - Filling up the DagBag from /home/huynguyen2741/airflow_venv/lib/python3.12/site-packages/airflow/example_dags/example_xcomargs.py
[2025-08-06T14:03:28.697-0400] {processor.py:925} INFO - DAG(s) 'example_xcom_args_with_operators', 'example_xcom_args' retrieved from /home/huynguyen2741/airflow_venv/lib/python3.12/site-packages/airflow/example_dags/example_xcomargs.py
[2025-08-06T14:03:28.709-0400] {logging_mixin.py:190} INFO - [2025-08-06T14:03:28.709-0400] {dag.py:3239} INFO - Sync 2 DAGs
[2025-08-06T14:03:28.716-0400] {logging_mixin.py:190} INFO - [2025-08-06T14:03:28.716-0400] {dag.py:4180} INFO - Setting next_dagrun for example_xcom_args to None, run_after=None
[2025-08-06T14:03:28.718-0400] {logging_mixin.py:190} INFO - [2025-08-06T14:03:28.718-0400] {dag.py:4180} INFO - Setting next_dagrun for example_xcom_args_with_operators to None, run_after=None
[2025-08-06T14:03:28.732-0400] {processor.py:208} INFO - Processing /home/huynguyen2741/airflow_venv/lib/python3.12/site-packages/airflow/example_dags/example_xcomargs.py took 0.050 seconds
[2025-08-06T14:04:30.854-0400] {processor.py:186} INFO - Started process (PID=19301) to work on /home/huynguyen2741/airflow_venv/lib/python3.12/site-packages/airflow/example_dags/example_xcomargs.py
[2025-08-06T14:04:30.858-0400] {processor.py:914} INFO - Processing file /home/huynguyen2741/airflow_venv/lib/python3.12/site-packages/airflow/example_dags/example_xcomargs.py for tasks to queue
[2025-08-06T14:04:30.860-0400] {logging_mixin.py:190} INFO - [2025-08-06T14:04:30.860-0400] {dagbag.py:588} INFO - Filling up the DagBag from /home/huynguyen2741/airflow_venv/lib/python3.12/site-packages/airflow/example_dags/example_xcomargs.py
[2025-08-06T14:04:30.867-0400] {processor.py:925} INFO - DAG(s) 'example_xcom_args', 'example_xcom_args_with_operators' retrieved from /home/huynguyen2741/airflow_venv/lib/python3.12/site-packages/airflow/example_dags/example_xcomargs.py
[2025-08-06T14:04:30.879-0400] {logging_mixin.py:190} INFO - [2025-08-06T14:04:30.878-0400] {dag.py:3239} INFO - Sync 2 DAGs
[2025-08-06T14:04:30.886-0400] {logging_mixin.py:190} INFO - [2025-08-06T14:04:30.886-0400] {dag.py:4180} INFO - Setting next_dagrun for example_xcom_args to None, run_after=None
[2025-08-06T14:04:30.888-0400] {logging_mixin.py:190} INFO - [2025-08-06T14:04:30.888-0400] {dag.py:4180} INFO - Setting next_dagrun for example_xcom_args_with_operators to None, run_after=None
[2025-08-06T14:04:30.902-0400] {processor.py:208} INFO - Processing /home/huynguyen2741/airflow_venv/lib/python3.12/site-packages/airflow/example_dags/example_xcomargs.py took 0.051 seconds
[2025-08-06T14:05:35.759-0400] {processor.py:186} INFO - Started process (PID=19679) to work on /home/huynguyen2741/airflow_venv/lib/python3.12/site-packages/airflow/example_dags/example_xcomargs.py
[2025-08-06T14:05:35.760-0400] {processor.py:914} INFO - Processing file /home/huynguyen2741/airflow_venv/lib/python3.12/site-packages/airflow/example_dags/example_xcomargs.py for tasks to queue
[2025-08-06T14:05:35.761-0400] {logging_mixin.py:190} INFO - [2025-08-06T14:05:35.761-0400] {dagbag.py:588} INFO - Filling up the DagBag from /home/huynguyen2741/airflow_venv/lib/python3.12/site-packages/airflow/example_dags/example_xcomargs.py
[2025-08-06T14:05:35.769-0400] {processor.py:925} INFO - DAG(s) 'example_xcom_args_with_operators', 'example_xcom_args' retrieved from /home/huynguyen2741/airflow_venv/lib/python3.12/site-packages/airflow/example_dags/example_xcomargs.py
[2025-08-06T14:05:35.780-0400] {logging_mixin.py:190} INFO - [2025-08-06T14:05:35.780-0400] {dag.py:3239} INFO - Sync 2 DAGs
[2025-08-06T14:05:35.788-0400] {logging_mixin.py:190} INFO - [2025-08-06T14:05:35.788-0400] {dag.py:4180} INFO - Setting next_dagrun for example_xcom_args to None, run_after=None
[2025-08-06T14:05:35.790-0400] {logging_mixin.py:190} INFO - [2025-08-06T14:05:35.789-0400] {dag.py:4180} INFO - Setting next_dagrun for example_xcom_args_with_operators to None, run_after=None
[2025-08-06T14:05:35.805-0400] {processor.py:208} INFO - Processing /home/huynguyen2741/airflow_venv/lib/python3.12/site-packages/airflow/example_dags/example_xcomargs.py took 0.050 seconds
[2025-08-06T14:06:40.768-0400] {processor.py:186} INFO - Started process (PID=19909) to work on /home/huynguyen2741/airflow_venv/lib/python3.12/site-packages/airflow/example_dags/example_xcomargs.py
[2025-08-06T14:06:40.769-0400] {processor.py:914} INFO - Processing file /home/huynguyen2741/airflow_venv/lib/python3.12/site-packages/airflow/example_dags/example_xcomargs.py for tasks to queue
[2025-08-06T14:06:40.770-0400] {logging_mixin.py:190} INFO - [2025-08-06T14:06:40.770-0400] {dagbag.py:588} INFO - Filling up the DagBag from /home/huynguyen2741/airflow_venv/lib/python3.12/site-packages/airflow/example_dags/example_xcomargs.py
[2025-08-06T14:06:40.778-0400] {processor.py:925} INFO - DAG(s) 'example_xcom_args', 'example_xcom_args_with_operators' retrieved from /home/huynguyen2741/airflow_venv/lib/python3.12/site-packages/airflow/example_dags/example_xcomargs.py
[2025-08-06T14:06:40.790-0400] {logging_mixin.py:190} INFO - [2025-08-06T14:06:40.790-0400] {dag.py:3239} INFO - Sync 2 DAGs
[2025-08-06T14:06:40.797-0400] {logging_mixin.py:190} INFO - [2025-08-06T14:06:40.797-0400] {dag.py:4180} INFO - Setting next_dagrun for example_xcom_args to None, run_after=None
[2025-08-06T14:06:40.799-0400] {logging_mixin.py:190} INFO - [2025-08-06T14:06:40.799-0400] {dag.py:4180} INFO - Setting next_dagrun for example_xcom_args_with_operators to None, run_after=None
[2025-08-06T14:06:40.903-0400] {processor.py:208} INFO - Processing /home/huynguyen2741/airflow_venv/lib/python3.12/site-packages/airflow/example_dags/example_xcomargs.py took 0.139 seconds
[2025-08-06T14:07:45.279-0400] {processor.py:186} INFO - Started process (PID=20149) to work on /home/huynguyen2741/airflow_venv/lib/python3.12/site-packages/airflow/example_dags/example_xcomargs.py
[2025-08-06T14:07:45.280-0400] {processor.py:914} INFO - Processing file /home/huynguyen2741/airflow_venv/lib/python3.12/site-packages/airflow/example_dags/example_xcomargs.py for tasks to queue
[2025-08-06T14:07:45.282-0400] {logging_mixin.py:190} INFO - [2025-08-06T14:07:45.281-0400] {dagbag.py:588} INFO - Filling up the DagBag from /home/huynguyen2741/airflow_venv/lib/python3.12/site-packages/airflow/example_dags/example_xcomargs.py
[2025-08-06T14:07:45.296-0400] {processor.py:925} INFO - DAG(s) 'example_xcom_args', 'example_xcom_args_with_operators' retrieved from /home/huynguyen2741/airflow_venv/lib/python3.12/site-packages/airflow/example_dags/example_xcomargs.py
[2025-08-06T14:07:45.311-0400] {logging_mixin.py:190} INFO - [2025-08-06T14:07:45.311-0400] {dag.py:3239} INFO - Sync 2 DAGs
[2025-08-06T14:07:45.320-0400] {logging_mixin.py:190} INFO - [2025-08-06T14:07:45.320-0400] {dag.py:4180} INFO - Setting next_dagrun for example_xcom_args to None, run_after=None
[2025-08-06T14:07:45.322-0400] {logging_mixin.py:190} INFO - [2025-08-06T14:07:45.322-0400] {dag.py:4180} INFO - Setting next_dagrun for example_xcom_args_with_operators to None, run_after=None
[2025-08-06T14:07:45.486-0400] {processor.py:208} INFO - Processing /home/huynguyen2741/airflow_venv/lib/python3.12/site-packages/airflow/example_dags/example_xcomargs.py took 0.213 seconds
[2025-08-06T14:08:51.675-0400] {processor.py:186} INFO - Started process (PID=20514) to work on /home/huynguyen2741/airflow_venv/lib/python3.12/site-packages/airflow/example_dags/example_xcomargs.py
[2025-08-06T14:08:51.676-0400] {processor.py:914} INFO - Processing file /home/huynguyen2741/airflow_venv/lib/python3.12/site-packages/airflow/example_dags/example_xcomargs.py for tasks to queue
[2025-08-06T14:08:51.677-0400] {logging_mixin.py:190} INFO - [2025-08-06T14:08:51.677-0400] {dagbag.py:588} INFO - Filling up the DagBag from /home/huynguyen2741/airflow_venv/lib/python3.12/site-packages/airflow/example_dags/example_xcomargs.py
[2025-08-06T14:08:51.685-0400] {processor.py:925} INFO - DAG(s) 'example_xcom_args_with_operators', 'example_xcom_args' retrieved from /home/huynguyen2741/airflow_venv/lib/python3.12/site-packages/airflow/example_dags/example_xcomargs.py
[2025-08-06T14:08:51.696-0400] {logging_mixin.py:190} INFO - [2025-08-06T14:08:51.696-0400] {dag.py:3239} INFO - Sync 2 DAGs
[2025-08-06T14:08:51.706-0400] {logging_mixin.py:190} INFO - [2025-08-06T14:08:51.706-0400] {dag.py:4180} INFO - Setting next_dagrun for example_xcom_args to None, run_after=None
[2025-08-06T14:08:51.708-0400] {logging_mixin.py:190} INFO - [2025-08-06T14:08:51.707-0400] {dag.py:4180} INFO - Setting next_dagrun for example_xcom_args_with_operators to None, run_after=None
[2025-08-06T14:08:51.723-0400] {processor.py:208} INFO - Processing /home/huynguyen2741/airflow_venv/lib/python3.12/site-packages/airflow/example_dags/example_xcomargs.py took 0.053 seconds
[2025-08-06T14:10:02.234-0400] {processor.py:186} INFO - Started process (PID=21008) to work on /home/huynguyen2741/airflow_venv/lib/python3.12/site-packages/airflow/example_dags/example_xcomargs.py
[2025-08-06T14:10:02.239-0400] {processor.py:914} INFO - Processing file /home/huynguyen2741/airflow_venv/lib/python3.12/site-packages/airflow/example_dags/example_xcomargs.py for tasks to queue
[2025-08-06T14:10:02.241-0400] {logging_mixin.py:190} INFO - [2025-08-06T14:10:02.241-0400] {dagbag.py:588} INFO - Filling up the DagBag from /home/huynguyen2741/airflow_venv/lib/python3.12/site-packages/airflow/example_dags/example_xcomargs.py
[2025-08-06T14:10:02.248-0400] {processor.py:925} INFO - DAG(s) 'example_xcom_args_with_operators', 'example_xcom_args' retrieved from /home/huynguyen2741/airflow_venv/lib/python3.12/site-packages/airflow/example_dags/example_xcomargs.py
[2025-08-06T14:10:02.260-0400] {logging_mixin.py:190} INFO - [2025-08-06T14:10:02.260-0400] {dag.py:3239} INFO - Sync 2 DAGs
[2025-08-06T14:10:02.268-0400] {logging_mixin.py:190} INFO - [2025-08-06T14:10:02.268-0400] {dag.py:4180} INFO - Setting next_dagrun for example_xcom_args to None, run_after=None
[2025-08-06T14:10:02.270-0400] {logging_mixin.py:190} INFO - [2025-08-06T14:10:02.270-0400] {dag.py:4180} INFO - Setting next_dagrun for example_xcom_args_with_operators to None, run_after=None
[2025-08-06T14:10:02.284-0400] {processor.py:208} INFO - Processing /home/huynguyen2741/airflow_venv/lib/python3.12/site-packages/airflow/example_dags/example_xcomargs.py took 0.054 seconds
[2025-08-06T14:11:03.286-0400] {processor.py:186} INFO - Started process (PID=21300) to work on /home/huynguyen2741/airflow_venv/lib/python3.12/site-packages/airflow/example_dags/example_xcomargs.py
[2025-08-06T14:11:03.287-0400] {processor.py:914} INFO - Processing file /home/huynguyen2741/airflow_venv/lib/python3.12/site-packages/airflow/example_dags/example_xcomargs.py for tasks to queue
[2025-08-06T14:11:03.289-0400] {logging_mixin.py:190} INFO - [2025-08-06T14:11:03.289-0400] {dagbag.py:588} INFO - Filling up the DagBag from /home/huynguyen2741/airflow_venv/lib/python3.12/site-packages/airflow/example_dags/example_xcomargs.py
[2025-08-06T14:11:03.297-0400] {processor.py:925} INFO - DAG(s) 'example_xcom_args', 'example_xcom_args_with_operators' retrieved from /home/huynguyen2741/airflow_venv/lib/python3.12/site-packages/airflow/example_dags/example_xcomargs.py
[2025-08-06T14:11:03.309-0400] {logging_mixin.py:190} INFO - [2025-08-06T14:11:03.309-0400] {dag.py:3239} INFO - Sync 2 DAGs
[2025-08-06T14:11:03.319-0400] {logging_mixin.py:190} INFO - [2025-08-06T14:11:03.319-0400] {dag.py:4180} INFO - Setting next_dagrun for example_xcom_args to None, run_after=None
[2025-08-06T14:11:03.321-0400] {logging_mixin.py:190} INFO - [2025-08-06T14:11:03.321-0400] {dag.py:4180} INFO - Setting next_dagrun for example_xcom_args_with_operators to None, run_after=None
[2025-08-06T14:11:03.337-0400] {processor.py:208} INFO - Processing /home/huynguyen2741/airflow_venv/lib/python3.12/site-packages/airflow/example_dags/example_xcomargs.py took 0.055 seconds
[2025-08-06T14:12:10.327-0400] {processor.py:186} INFO - Started process (PID=21591) to work on /home/huynguyen2741/airflow_venv/lib/python3.12/site-packages/airflow/example_dags/example_xcomargs.py
[2025-08-06T14:12:10.332-0400] {processor.py:914} INFO - Processing file /home/huynguyen2741/airflow_venv/lib/python3.12/site-packages/airflow/example_dags/example_xcomargs.py for tasks to queue
[2025-08-06T14:12:10.333-0400] {logging_mixin.py:190} INFO - [2025-08-06T14:12:10.332-0400] {dagbag.py:588} INFO - Filling up the DagBag from /home/huynguyen2741/airflow_venv/lib/python3.12/site-packages/airflow/example_dags/example_xcomargs.py
[2025-08-06T14:12:10.342-0400] {processor.py:925} INFO - DAG(s) 'example_xcom_args', 'example_xcom_args_with_operators' retrieved from /home/huynguyen2741/airflow_venv/lib/python3.12/site-packages/airflow/example_dags/example_xcomargs.py
[2025-08-06T14:12:10.358-0400] {logging_mixin.py:190} INFO - [2025-08-06T14:12:10.358-0400] {dag.py:3239} INFO - Sync 2 DAGs
[2025-08-06T14:12:10.369-0400] {logging_mixin.py:190} INFO - [2025-08-06T14:12:10.368-0400] {dag.py:4180} INFO - Setting next_dagrun for example_xcom_args to None, run_after=None
[2025-08-06T14:12:10.371-0400] {logging_mixin.py:190} INFO - [2025-08-06T14:12:10.371-0400] {dag.py:4180} INFO - Setting next_dagrun for example_xcom_args_with_operators to None, run_after=None
[2025-08-06T14:12:10.386-0400] {processor.py:208} INFO - Processing /home/huynguyen2741/airflow_venv/lib/python3.12/site-packages/airflow/example_dags/example_xcomargs.py took 0.063 seconds
[2025-08-06T14:13:13.893-0400] {processor.py:186} INFO - Started process (PID=22023) to work on /home/huynguyen2741/airflow_venv/lib/python3.12/site-packages/airflow/example_dags/example_xcomargs.py
[2025-08-06T14:13:13.897-0400] {processor.py:914} INFO - Processing file /home/huynguyen2741/airflow_venv/lib/python3.12/site-packages/airflow/example_dags/example_xcomargs.py for tasks to queue
[2025-08-06T14:13:13.898-0400] {logging_mixin.py:190} INFO - [2025-08-06T14:13:13.898-0400] {dagbag.py:588} INFO - Filling up the DagBag from /home/huynguyen2741/airflow_venv/lib/python3.12/site-packages/airflow/example_dags/example_xcomargs.py
[2025-08-06T14:13:13.906-0400] {processor.py:925} INFO - DAG(s) 'example_xcom_args_with_operators', 'example_xcom_args' retrieved from /home/huynguyen2741/airflow_venv/lib/python3.12/site-packages/airflow/example_dags/example_xcomargs.py
[2025-08-06T14:13:13.917-0400] {logging_mixin.py:190} INFO - [2025-08-06T14:13:13.917-0400] {dag.py:3239} INFO - Sync 2 DAGs
[2025-08-06T14:13:13.925-0400] {logging_mixin.py:190} INFO - [2025-08-06T14:13:13.925-0400] {dag.py:4180} INFO - Setting next_dagrun for example_xcom_args to None, run_after=None
[2025-08-06T14:13:13.927-0400] {logging_mixin.py:190} INFO - [2025-08-06T14:13:13.927-0400] {dag.py:4180} INFO - Setting next_dagrun for example_xcom_args_with_operators to None, run_after=None
[2025-08-06T14:13:13.941-0400] {processor.py:208} INFO - Processing /home/huynguyen2741/airflow_venv/lib/python3.12/site-packages/airflow/example_dags/example_xcomargs.py took 0.053 seconds
[2025-08-06T14:14:16.701-0400] {processor.py:186} INFO - Started process (PID=22401) to work on /home/huynguyen2741/airflow_venv/lib/python3.12/site-packages/airflow/example_dags/example_xcomargs.py
[2025-08-06T14:14:16.702-0400] {processor.py:914} INFO - Processing file /home/huynguyen2741/airflow_venv/lib/python3.12/site-packages/airflow/example_dags/example_xcomargs.py for tasks to queue
[2025-08-06T14:14:16.703-0400] {logging_mixin.py:190} INFO - [2025-08-06T14:14:16.702-0400] {dagbag.py:588} INFO - Filling up the DagBag from /home/huynguyen2741/airflow_venv/lib/python3.12/site-packages/airflow/example_dags/example_xcomargs.py
[2025-08-06T14:14:16.711-0400] {processor.py:925} INFO - DAG(s) 'example_xcom_args_with_operators', 'example_xcom_args' retrieved from /home/huynguyen2741/airflow_venv/lib/python3.12/site-packages/airflow/example_dags/example_xcomargs.py
[2025-08-06T14:14:16.723-0400] {logging_mixin.py:190} INFO - [2025-08-06T14:14:16.723-0400] {dag.py:3239} INFO - Sync 2 DAGs
[2025-08-06T14:14:16.732-0400] {logging_mixin.py:190} INFO - [2025-08-06T14:14:16.732-0400] {dag.py:4180} INFO - Setting next_dagrun for example_xcom_args to None, run_after=None
[2025-08-06T14:14:16.734-0400] {logging_mixin.py:190} INFO - [2025-08-06T14:14:16.734-0400] {dag.py:4180} INFO - Setting next_dagrun for example_xcom_args_with_operators to None, run_after=None
[2025-08-06T14:14:16.749-0400] {processor.py:208} INFO - Processing /home/huynguyen2741/airflow_venv/lib/python3.12/site-packages/airflow/example_dags/example_xcomargs.py took 0.053 seconds
[2025-08-06T14:15:19.406-0400] {processor.py:186} INFO - Started process (PID=22766) to work on /home/huynguyen2741/airflow_venv/lib/python3.12/site-packages/airflow/example_dags/example_xcomargs.py
[2025-08-06T14:15:19.407-0400] {processor.py:914} INFO - Processing file /home/huynguyen2741/airflow_venv/lib/python3.12/site-packages/airflow/example_dags/example_xcomargs.py for tasks to queue
[2025-08-06T14:15:19.408-0400] {logging_mixin.py:190} INFO - [2025-08-06T14:15:19.408-0400] {dagbag.py:588} INFO - Filling up the DagBag from /home/huynguyen2741/airflow_venv/lib/python3.12/site-packages/airflow/example_dags/example_xcomargs.py
[2025-08-06T14:15:19.416-0400] {processor.py:925} INFO - DAG(s) 'example_xcom_args_with_operators', 'example_xcom_args' retrieved from /home/huynguyen2741/airflow_venv/lib/python3.12/site-packages/airflow/example_dags/example_xcomargs.py
[2025-08-06T14:15:19.433-0400] {logging_mixin.py:190} INFO - [2025-08-06T14:15:19.433-0400] {dag.py:3239} INFO - Sync 2 DAGs
[2025-08-06T14:15:19.444-0400] {logging_mixin.py:190} INFO - [2025-08-06T14:15:19.444-0400] {dag.py:4180} INFO - Setting next_dagrun for example_xcom_args to None, run_after=None
[2025-08-06T14:15:19.447-0400] {logging_mixin.py:190} INFO - [2025-08-06T14:15:19.447-0400] {dag.py:4180} INFO - Setting next_dagrun for example_xcom_args_with_operators to None, run_after=None
[2025-08-06T14:15:19.463-0400] {processor.py:208} INFO - Processing /home/huynguyen2741/airflow_venv/lib/python3.12/site-packages/airflow/example_dags/example_xcomargs.py took 0.061 seconds
[2025-08-06T14:16:21.775-0400] {processor.py:186} INFO - Started process (PID=23093) to work on /home/huynguyen2741/airflow_venv/lib/python3.12/site-packages/airflow/example_dags/example_xcomargs.py
[2025-08-06T14:16:21.785-0400] {processor.py:914} INFO - Processing file /home/huynguyen2741/airflow_venv/lib/python3.12/site-packages/airflow/example_dags/example_xcomargs.py for tasks to queue
[2025-08-06T14:16:21.786-0400] {logging_mixin.py:190} INFO - [2025-08-06T14:16:21.786-0400] {dagbag.py:588} INFO - Filling up the DagBag from /home/huynguyen2741/airflow_venv/lib/python3.12/site-packages/airflow/example_dags/example_xcomargs.py
[2025-08-06T14:16:21.794-0400] {processor.py:925} INFO - DAG(s) 'example_xcom_args_with_operators', 'example_xcom_args' retrieved from /home/huynguyen2741/airflow_venv/lib/python3.12/site-packages/airflow/example_dags/example_xcomargs.py
[2025-08-06T14:16:21.807-0400] {logging_mixin.py:190} INFO - [2025-08-06T14:16:21.807-0400] {dag.py:3239} INFO - Sync 2 DAGs
[2025-08-06T14:16:21.816-0400] {logging_mixin.py:190} INFO - [2025-08-06T14:16:21.816-0400] {dag.py:4180} INFO - Setting next_dagrun for example_xcom_args to None, run_after=None
[2025-08-06T14:16:21.818-0400] {logging_mixin.py:190} INFO - [2025-08-06T14:16:21.818-0400] {dag.py:4180} INFO - Setting next_dagrun for example_xcom_args_with_operators to None, run_after=None
[2025-08-06T14:16:21.832-0400] {processor.py:208} INFO - Processing /home/huynguyen2741/airflow_venv/lib/python3.12/site-packages/airflow/example_dags/example_xcomargs.py took 0.062 seconds
[2025-08-06T14:17:29.884-0400] {processor.py:186} INFO - Started process (PID=23347) to work on /home/huynguyen2741/airflow_venv/lib/python3.12/site-packages/airflow/example_dags/example_xcomargs.py
[2025-08-06T14:17:29.886-0400] {processor.py:914} INFO - Processing file /home/huynguyen2741/airflow_venv/lib/python3.12/site-packages/airflow/example_dags/example_xcomargs.py for tasks to queue
[2025-08-06T14:17:29.887-0400] {logging_mixin.py:190} INFO - [2025-08-06T14:17:29.887-0400] {dagbag.py:588} INFO - Filling up the DagBag from /home/huynguyen2741/airflow_venv/lib/python3.12/site-packages/airflow/example_dags/example_xcomargs.py
[2025-08-06T14:17:29.895-0400] {processor.py:925} INFO - DAG(s) 'example_xcom_args_with_operators', 'example_xcom_args' retrieved from /home/huynguyen2741/airflow_venv/lib/python3.12/site-packages/airflow/example_dags/example_xcomargs.py
[2025-08-06T14:17:29.910-0400] {logging_mixin.py:190} INFO - [2025-08-06T14:17:29.910-0400] {dag.py:3239} INFO - Sync 2 DAGs
[2025-08-06T14:17:29.920-0400] {logging_mixin.py:190} INFO - [2025-08-06T14:17:29.920-0400] {dag.py:4180} INFO - Setting next_dagrun for example_xcom_args to None, run_after=None
[2025-08-06T14:17:29.922-0400] {logging_mixin.py:190} INFO - [2025-08-06T14:17:29.922-0400] {dag.py:4180} INFO - Setting next_dagrun for example_xcom_args_with_operators to None, run_after=None
[2025-08-06T14:17:29.938-0400] {processor.py:208} INFO - Processing /home/huynguyen2741/airflow_venv/lib/python3.12/site-packages/airflow/example_dags/example_xcomargs.py took 0.058 seconds
[2025-08-06T14:18:31.638-0400] {processor.py:186} INFO - Started process (PID=23582) to work on /home/huynguyen2741/airflow_venv/lib/python3.12/site-packages/airflow/example_dags/example_xcomargs.py
[2025-08-06T14:18:31.639-0400] {processor.py:914} INFO - Processing file /home/huynguyen2741/airflow_venv/lib/python3.12/site-packages/airflow/example_dags/example_xcomargs.py for tasks to queue
[2025-08-06T14:18:31.640-0400] {logging_mixin.py:190} INFO - [2025-08-06T14:18:31.639-0400] {dagbag.py:588} INFO - Filling up the DagBag from /home/huynguyen2741/airflow_venv/lib/python3.12/site-packages/airflow/example_dags/example_xcomargs.py
[2025-08-06T14:18:31.649-0400] {processor.py:925} INFO - DAG(s) 'example_xcom_args', 'example_xcom_args_with_operators' retrieved from /home/huynguyen2741/airflow_venv/lib/python3.12/site-packages/airflow/example_dags/example_xcomargs.py
[2025-08-06T14:18:31.666-0400] {logging_mixin.py:190} INFO - [2025-08-06T14:18:31.666-0400] {dag.py:3239} INFO - Sync 2 DAGs
[2025-08-06T14:18:31.677-0400] {logging_mixin.py:190} INFO - [2025-08-06T14:18:31.677-0400] {dag.py:4180} INFO - Setting next_dagrun for example_xcom_args to None, run_after=None
[2025-08-06T14:18:31.680-0400] {logging_mixin.py:190} INFO - [2025-08-06T14:18:31.680-0400] {dag.py:4180} INFO - Setting next_dagrun for example_xcom_args_with_operators to None, run_after=None
[2025-08-06T14:18:31.695-0400] {processor.py:208} INFO - Processing /home/huynguyen2741/airflow_venv/lib/python3.12/site-packages/airflow/example_dags/example_xcomargs.py took 0.062 seconds
[2025-08-06T14:19:37.881-0400] {processor.py:186} INFO - Started process (PID=23851) to work on /home/huynguyen2741/airflow_venv/lib/python3.12/site-packages/airflow/example_dags/example_xcomargs.py
[2025-08-06T14:19:37.891-0400] {processor.py:914} INFO - Processing file /home/huynguyen2741/airflow_venv/lib/python3.12/site-packages/airflow/example_dags/example_xcomargs.py for tasks to queue
[2025-08-06T14:19:37.892-0400] {logging_mixin.py:190} INFO - [2025-08-06T14:19:37.892-0400] {dagbag.py:588} INFO - Filling up the DagBag from /home/huynguyen2741/airflow_venv/lib/python3.12/site-packages/airflow/example_dags/example_xcomargs.py
[2025-08-06T14:19:37.900-0400] {processor.py:925} INFO - DAG(s) 'example_xcom_args_with_operators', 'example_xcom_args' retrieved from /home/huynguyen2741/airflow_venv/lib/python3.12/site-packages/airflow/example_dags/example_xcomargs.py
[2025-08-06T14:19:37.917-0400] {logging_mixin.py:190} INFO - [2025-08-06T14:19:37.917-0400] {dag.py:3239} INFO - Sync 2 DAGs
[2025-08-06T14:19:37.928-0400] {logging_mixin.py:190} INFO - [2025-08-06T14:19:37.928-0400] {dag.py:4180} INFO - Setting next_dagrun for example_xcom_args to None, run_after=None
[2025-08-06T14:19:37.931-0400] {logging_mixin.py:190} INFO - [2025-08-06T14:19:37.931-0400] {dag.py:4180} INFO - Setting next_dagrun for example_xcom_args_with_operators to None, run_after=None
[2025-08-06T14:19:37.950-0400] {processor.py:208} INFO - Processing /home/huynguyen2741/airflow_venv/lib/python3.12/site-packages/airflow/example_dags/example_xcomargs.py took 0.073 seconds
[2025-08-06T14:20:42.625-0400] {processor.py:186} INFO - Started process (PID=24080) to work on /home/huynguyen2741/airflow_venv/lib/python3.12/site-packages/airflow/example_dags/example_xcomargs.py
[2025-08-06T14:20:42.626-0400] {processor.py:914} INFO - Processing file /home/huynguyen2741/airflow_venv/lib/python3.12/site-packages/airflow/example_dags/example_xcomargs.py for tasks to queue
[2025-08-06T14:20:42.627-0400] {logging_mixin.py:190} INFO - [2025-08-06T14:20:42.627-0400] {dagbag.py:588} INFO - Filling up the DagBag from /home/huynguyen2741/airflow_venv/lib/python3.12/site-packages/airflow/example_dags/example_xcomargs.py
[2025-08-06T14:20:42.637-0400] {processor.py:925} INFO - DAG(s) 'example_xcom_args_with_operators', 'example_xcom_args' retrieved from /home/huynguyen2741/airflow_venv/lib/python3.12/site-packages/airflow/example_dags/example_xcomargs.py
[2025-08-06T14:20:42.653-0400] {logging_mixin.py:190} INFO - [2025-08-06T14:20:42.653-0400] {dag.py:3239} INFO - Sync 2 DAGs
[2025-08-06T14:20:42.664-0400] {logging_mixin.py:190} INFO - [2025-08-06T14:20:42.664-0400] {dag.py:4180} INFO - Setting next_dagrun for example_xcom_args to None, run_after=None
[2025-08-06T14:20:42.667-0400] {logging_mixin.py:190} INFO - [2025-08-06T14:20:42.667-0400] {dag.py:4180} INFO - Setting next_dagrun for example_xcom_args_with_operators to None, run_after=None
[2025-08-06T14:20:42.684-0400] {processor.py:208} INFO - Processing /home/huynguyen2741/airflow_venv/lib/python3.12/site-packages/airflow/example_dags/example_xcomargs.py took 0.062 seconds
[2025-08-06T14:21:51.481-0400] {processor.py:186} INFO - Started process (PID=24325) to work on /home/huynguyen2741/airflow_venv/lib/python3.12/site-packages/airflow/example_dags/example_xcomargs.py
[2025-08-06T14:21:51.482-0400] {processor.py:914} INFO - Processing file /home/huynguyen2741/airflow_venv/lib/python3.12/site-packages/airflow/example_dags/example_xcomargs.py for tasks to queue
[2025-08-06T14:21:51.483-0400] {logging_mixin.py:190} INFO - [2025-08-06T14:21:51.483-0400] {dagbag.py:588} INFO - Filling up the DagBag from /home/huynguyen2741/airflow_venv/lib/python3.12/site-packages/airflow/example_dags/example_xcomargs.py
[2025-08-06T14:21:51.491-0400] {processor.py:925} INFO - DAG(s) 'example_xcom_args', 'example_xcom_args_with_operators' retrieved from /home/huynguyen2741/airflow_venv/lib/python3.12/site-packages/airflow/example_dags/example_xcomargs.py
[2025-08-06T14:21:51.503-0400] {logging_mixin.py:190} INFO - [2025-08-06T14:21:51.503-0400] {dag.py:3239} INFO - Sync 2 DAGs
[2025-08-06T14:21:51.511-0400] {logging_mixin.py:190} INFO - [2025-08-06T14:21:51.511-0400] {dag.py:4180} INFO - Setting next_dagrun for example_xcom_args to None, run_after=None
[2025-08-06T14:21:51.514-0400] {logging_mixin.py:190} INFO - [2025-08-06T14:21:51.514-0400] {dag.py:4180} INFO - Setting next_dagrun for example_xcom_args_with_operators to None, run_after=None
[2025-08-06T14:21:51.529-0400] {processor.py:208} INFO - Processing /home/huynguyen2741/airflow_venv/lib/python3.12/site-packages/airflow/example_dags/example_xcomargs.py took 0.052 seconds
[2025-08-06T14:22:56.582-0400] {processor.py:186} INFO - Started process (PID=24740) to work on /home/huynguyen2741/airflow_venv/lib/python3.12/site-packages/airflow/example_dags/example_xcomargs.py
[2025-08-06T14:22:56.586-0400] {processor.py:914} INFO - Processing file /home/huynguyen2741/airflow_venv/lib/python3.12/site-packages/airflow/example_dags/example_xcomargs.py for tasks to queue
[2025-08-06T14:22:56.586-0400] {logging_mixin.py:190} INFO - [2025-08-06T14:22:56.586-0400] {dagbag.py:588} INFO - Filling up the DagBag from /home/huynguyen2741/airflow_venv/lib/python3.12/site-packages/airflow/example_dags/example_xcomargs.py
[2025-08-06T14:22:56.594-0400] {processor.py:925} INFO - DAG(s) 'example_xcom_args', 'example_xcom_args_with_operators' retrieved from /home/huynguyen2741/airflow_venv/lib/python3.12/site-packages/airflow/example_dags/example_xcomargs.py
[2025-08-06T14:22:56.606-0400] {logging_mixin.py:190} INFO - [2025-08-06T14:22:56.606-0400] {dag.py:3239} INFO - Sync 2 DAGs
[2025-08-06T14:22:56.614-0400] {logging_mixin.py:190} INFO - [2025-08-06T14:22:56.614-0400] {dag.py:4180} INFO - Setting next_dagrun for example_xcom_args to None, run_after=None
[2025-08-06T14:22:56.616-0400] {logging_mixin.py:190} INFO - [2025-08-06T14:22:56.616-0400] {dag.py:4180} INFO - Setting next_dagrun for example_xcom_args_with_operators to None, run_after=None
[2025-08-06T14:22:56.630-0400] {processor.py:208} INFO - Processing /home/huynguyen2741/airflow_venv/lib/python3.12/site-packages/airflow/example_dags/example_xcomargs.py took 0.053 seconds
[2025-08-06T14:23:54.809-0400] {processor.py:186} INFO - Started process (PID=25141) to work on /home/huynguyen2741/airflow_venv/lib/python3.12/site-packages/airflow/example_dags/example_xcomargs.py
[2025-08-06T14:23:54.818-0400] {processor.py:914} INFO - Processing file /home/huynguyen2741/airflow_venv/lib/python3.12/site-packages/airflow/example_dags/example_xcomargs.py for tasks to queue
[2025-08-06T14:23:54.819-0400] {logging_mixin.py:190} INFO - [2025-08-06T14:23:54.819-0400] {dagbag.py:588} INFO - Filling up the DagBag from /home/huynguyen2741/airflow_venv/lib/python3.12/site-packages/airflow/example_dags/example_xcomargs.py
[2025-08-06T14:23:54.827-0400] {processor.py:925} INFO - DAG(s) 'example_xcom_args_with_operators', 'example_xcom_args' retrieved from /home/huynguyen2741/airflow_venv/lib/python3.12/site-packages/airflow/example_dags/example_xcomargs.py
[2025-08-06T14:23:54.840-0400] {logging_mixin.py:190} INFO - [2025-08-06T14:23:54.839-0400] {dag.py:3239} INFO - Sync 2 DAGs
[2025-08-06T14:23:54.848-0400] {logging_mixin.py:190} INFO - [2025-08-06T14:23:54.848-0400] {dag.py:4180} INFO - Setting next_dagrun for example_xcom_args to None, run_after=None
[2025-08-06T14:23:54.850-0400] {logging_mixin.py:190} INFO - [2025-08-06T14:23:54.850-0400] {dag.py:4180} INFO - Setting next_dagrun for example_xcom_args_with_operators to None, run_after=None
[2025-08-06T14:23:54.864-0400] {processor.py:208} INFO - Processing /home/huynguyen2741/airflow_venv/lib/python3.12/site-packages/airflow/example_dags/example_xcomargs.py took 0.061 seconds
[2025-08-06T14:25:02.904-0400] {processor.py:186} INFO - Started process (PID=25453) to work on /home/huynguyen2741/airflow_venv/lib/python3.12/site-packages/airflow/example_dags/example_xcomargs.py
[2025-08-06T14:25:02.905-0400] {processor.py:914} INFO - Processing file /home/huynguyen2741/airflow_venv/lib/python3.12/site-packages/airflow/example_dags/example_xcomargs.py for tasks to queue
[2025-08-06T14:25:02.906-0400] {logging_mixin.py:190} INFO - [2025-08-06T14:25:02.906-0400] {dagbag.py:588} INFO - Filling up the DagBag from /home/huynguyen2741/airflow_venv/lib/python3.12/site-packages/airflow/example_dags/example_xcomargs.py
[2025-08-06T14:25:02.913-0400] {processor.py:925} INFO - DAG(s) 'example_xcom_args', 'example_xcom_args_with_operators' retrieved from /home/huynguyen2741/airflow_venv/lib/python3.12/site-packages/airflow/example_dags/example_xcomargs.py
[2025-08-06T14:25:02.925-0400] {logging_mixin.py:190} INFO - [2025-08-06T14:25:02.925-0400] {dag.py:3239} INFO - Sync 2 DAGs
[2025-08-06T14:25:02.933-0400] {logging_mixin.py:190} INFO - [2025-08-06T14:25:02.933-0400] {dag.py:4180} INFO - Setting next_dagrun for example_xcom_args to None, run_after=None
[2025-08-06T14:25:02.935-0400] {logging_mixin.py:190} INFO - [2025-08-06T14:25:02.935-0400] {dag.py:4180} INFO - Setting next_dagrun for example_xcom_args_with_operators to None, run_after=None
[2025-08-06T14:25:02.949-0400] {processor.py:208} INFO - Processing /home/huynguyen2741/airflow_venv/lib/python3.12/site-packages/airflow/example_dags/example_xcomargs.py took 0.050 seconds
[2025-08-06T14:26:05.870-0400] {processor.py:186} INFO - Started process (PID=25740) to work on /home/huynguyen2741/airflow_venv/lib/python3.12/site-packages/airflow/example_dags/example_xcomargs.py
[2025-08-06T14:26:05.879-0400] {processor.py:914} INFO - Processing file /home/huynguyen2741/airflow_venv/lib/python3.12/site-packages/airflow/example_dags/example_xcomargs.py for tasks to queue
[2025-08-06T14:26:05.880-0400] {logging_mixin.py:190} INFO - [2025-08-06T14:26:05.880-0400] {dagbag.py:588} INFO - Filling up the DagBag from /home/huynguyen2741/airflow_venv/lib/python3.12/site-packages/airflow/example_dags/example_xcomargs.py
[2025-08-06T14:26:05.887-0400] {processor.py:925} INFO - DAG(s) 'example_xcom_args_with_operators', 'example_xcom_args' retrieved from /home/huynguyen2741/airflow_venv/lib/python3.12/site-packages/airflow/example_dags/example_xcomargs.py
[2025-08-06T14:26:05.900-0400] {logging_mixin.py:190} INFO - [2025-08-06T14:26:05.900-0400] {dag.py:3239} INFO - Sync 2 DAGs
[2025-08-06T14:26:05.908-0400] {logging_mixin.py:190} INFO - [2025-08-06T14:26:05.908-0400] {dag.py:4180} INFO - Setting next_dagrun for example_xcom_args to None, run_after=None
[2025-08-06T14:26:05.910-0400] {logging_mixin.py:190} INFO - [2025-08-06T14:26:05.910-0400] {dag.py:4180} INFO - Setting next_dagrun for example_xcom_args_with_operators to None, run_after=None
[2025-08-06T14:26:05.926-0400] {processor.py:208} INFO - Processing /home/huynguyen2741/airflow_venv/lib/python3.12/site-packages/airflow/example_dags/example_xcomargs.py took 0.062 seconds
[2025-08-06T14:27:13.529-0400] {processor.py:186} INFO - Started process (PID=26020) to work on /home/huynguyen2741/airflow_venv/lib/python3.12/site-packages/airflow/example_dags/example_xcomargs.py
[2025-08-06T14:27:13.533-0400] {processor.py:914} INFO - Processing file /home/huynguyen2741/airflow_venv/lib/python3.12/site-packages/airflow/example_dags/example_xcomargs.py for tasks to queue
[2025-08-06T14:27:13.534-0400] {logging_mixin.py:190} INFO - [2025-08-06T14:27:13.534-0400] {dagbag.py:588} INFO - Filling up the DagBag from /home/huynguyen2741/airflow_venv/lib/python3.12/site-packages/airflow/example_dags/example_xcomargs.py
[2025-08-06T14:27:13.541-0400] {processor.py:925} INFO - DAG(s) 'example_xcom_args', 'example_xcom_args_with_operators' retrieved from /home/huynguyen2741/airflow_venv/lib/python3.12/site-packages/airflow/example_dags/example_xcomargs.py
[2025-08-06T14:27:13.553-0400] {logging_mixin.py:190} INFO - [2025-08-06T14:27:13.553-0400] {dag.py:3239} INFO - Sync 2 DAGs
[2025-08-06T14:27:13.562-0400] {logging_mixin.py:190} INFO - [2025-08-06T14:27:13.562-0400] {dag.py:4180} INFO - Setting next_dagrun for example_xcom_args to None, run_after=None
[2025-08-06T14:27:13.564-0400] {logging_mixin.py:190} INFO - [2025-08-06T14:27:13.564-0400] {dag.py:4180} INFO - Setting next_dagrun for example_xcom_args_with_operators to None, run_after=None
[2025-08-06T14:27:13.579-0400] {processor.py:208} INFO - Processing /home/huynguyen2741/airflow_venv/lib/python3.12/site-packages/airflow/example_dags/example_xcomargs.py took 0.055 seconds
[2025-08-06T14:28:22.142-0400] {processor.py:186} INFO - Started process (PID=26319) to work on /home/huynguyen2741/airflow_venv/lib/python3.12/site-packages/airflow/example_dags/example_xcomargs.py
[2025-08-06T14:28:22.146-0400] {processor.py:914} INFO - Processing file /home/huynguyen2741/airflow_venv/lib/python3.12/site-packages/airflow/example_dags/example_xcomargs.py for tasks to queue
[2025-08-06T14:28:22.147-0400] {logging_mixin.py:190} INFO - [2025-08-06T14:28:22.147-0400] {dagbag.py:588} INFO - Filling up the DagBag from /home/huynguyen2741/airflow_venv/lib/python3.12/site-packages/airflow/example_dags/example_xcomargs.py
[2025-08-06T14:28:22.154-0400] {processor.py:925} INFO - DAG(s) 'example_xcom_args', 'example_xcom_args_with_operators' retrieved from /home/huynguyen2741/airflow_venv/lib/python3.12/site-packages/airflow/example_dags/example_xcomargs.py
[2025-08-06T14:28:22.167-0400] {logging_mixin.py:190} INFO - [2025-08-06T14:28:22.166-0400] {dag.py:3239} INFO - Sync 2 DAGs
[2025-08-06T14:28:22.175-0400] {logging_mixin.py:190} INFO - [2025-08-06T14:28:22.174-0400] {dag.py:4180} INFO - Setting next_dagrun for example_xcom_args to None, run_after=None
[2025-08-06T14:28:22.176-0400] {logging_mixin.py:190} INFO - [2025-08-06T14:28:22.176-0400] {dag.py:4180} INFO - Setting next_dagrun for example_xcom_args_with_operators to None, run_after=None
[2025-08-06T14:28:22.191-0400] {processor.py:208} INFO - Processing /home/huynguyen2741/airflow_venv/lib/python3.12/site-packages/airflow/example_dags/example_xcomargs.py took 0.054 seconds
[2025-08-06T14:29:29.785-0400] {processor.py:186} INFO - Started process (PID=26602) to work on /home/huynguyen2741/airflow_venv/lib/python3.12/site-packages/airflow/example_dags/example_xcomargs.py
[2025-08-06T14:29:29.795-0400] {processor.py:914} INFO - Processing file /home/huynguyen2741/airflow_venv/lib/python3.12/site-packages/airflow/example_dags/example_xcomargs.py for tasks to queue
[2025-08-06T14:29:29.796-0400] {logging_mixin.py:190} INFO - [2025-08-06T14:29:29.795-0400] {dagbag.py:588} INFO - Filling up the DagBag from /home/huynguyen2741/airflow_venv/lib/python3.12/site-packages/airflow/example_dags/example_xcomargs.py
[2025-08-06T14:29:29.803-0400] {processor.py:925} INFO - DAG(s) 'example_xcom_args', 'example_xcom_args_with_operators' retrieved from /home/huynguyen2741/airflow_venv/lib/python3.12/site-packages/airflow/example_dags/example_xcomargs.py
[2025-08-06T14:29:29.816-0400] {logging_mixin.py:190} INFO - [2025-08-06T14:29:29.815-0400] {dag.py:3239} INFO - Sync 2 DAGs
[2025-08-06T14:29:29.825-0400] {logging_mixin.py:190} INFO - [2025-08-06T14:29:29.825-0400] {dag.py:4180} INFO - Setting next_dagrun for example_xcom_args to None, run_after=None
[2025-08-06T14:29:29.827-0400] {logging_mixin.py:190} INFO - [2025-08-06T14:29:29.827-0400] {dag.py:4180} INFO - Setting next_dagrun for example_xcom_args_with_operators to None, run_after=None
[2025-08-06T14:29:29.843-0400] {processor.py:208} INFO - Processing /home/huynguyen2741/airflow_venv/lib/python3.12/site-packages/airflow/example_dags/example_xcomargs.py took 0.064 seconds
[2025-08-06T14:30:40.590-0400] {processor.py:186} INFO - Started process (PID=27026) to work on /home/huynguyen2741/airflow_venv/lib/python3.12/site-packages/airflow/example_dags/example_xcomargs.py
[2025-08-06T14:30:40.594-0400] {processor.py:914} INFO - Processing file /home/huynguyen2741/airflow_venv/lib/python3.12/site-packages/airflow/example_dags/example_xcomargs.py for tasks to queue
[2025-08-06T14:30:40.595-0400] {logging_mixin.py:190} INFO - [2025-08-06T14:30:40.594-0400] {dagbag.py:588} INFO - Filling up the DagBag from /home/huynguyen2741/airflow_venv/lib/python3.12/site-packages/airflow/example_dags/example_xcomargs.py
[2025-08-06T14:30:40.602-0400] {processor.py:925} INFO - DAG(s) 'example_xcom_args', 'example_xcom_args_with_operators' retrieved from /home/huynguyen2741/airflow_venv/lib/python3.12/site-packages/airflow/example_dags/example_xcomargs.py
[2025-08-06T14:30:40.617-0400] {logging_mixin.py:190} INFO - [2025-08-06T14:30:40.617-0400] {dag.py:3239} INFO - Sync 2 DAGs
[2025-08-06T14:30:40.627-0400] {logging_mixin.py:190} INFO - [2025-08-06T14:30:40.627-0400] {dag.py:4180} INFO - Setting next_dagrun for example_xcom_args to None, run_after=None
[2025-08-06T14:30:40.629-0400] {logging_mixin.py:190} INFO - [2025-08-06T14:30:40.629-0400] {dag.py:4180} INFO - Setting next_dagrun for example_xcom_args_with_operators to None, run_after=None
[2025-08-06T14:30:40.645-0400] {processor.py:208} INFO - Processing /home/huynguyen2741/airflow_venv/lib/python3.12/site-packages/airflow/example_dags/example_xcomargs.py took 0.061 seconds
[2025-08-06T14:31:54.739-0400] {processor.py:186} INFO - Started process (PID=27293) to work on /home/huynguyen2741/airflow_venv/lib/python3.12/site-packages/airflow/example_dags/example_xcomargs.py
[2025-08-06T14:31:54.743-0400] {processor.py:914} INFO - Processing file /home/huynguyen2741/airflow_venv/lib/python3.12/site-packages/airflow/example_dags/example_xcomargs.py for tasks to queue
[2025-08-06T14:31:54.745-0400] {logging_mixin.py:190} INFO - [2025-08-06T14:31:54.744-0400] {dagbag.py:588} INFO - Filling up the DagBag from /home/huynguyen2741/airflow_venv/lib/python3.12/site-packages/airflow/example_dags/example_xcomargs.py
[2025-08-06T14:31:54.753-0400] {processor.py:925} INFO - DAG(s) 'example_xcom_args_with_operators', 'example_xcom_args' retrieved from /home/huynguyen2741/airflow_venv/lib/python3.12/site-packages/airflow/example_dags/example_xcomargs.py
[2025-08-06T14:31:54.766-0400] {logging_mixin.py:190} INFO - [2025-08-06T14:31:54.766-0400] {dag.py:3239} INFO - Sync 2 DAGs
[2025-08-06T14:31:54.776-0400] {logging_mixin.py:190} INFO - [2025-08-06T14:31:54.776-0400] {dag.py:4180} INFO - Setting next_dagrun for example_xcom_args to None, run_after=None
[2025-08-06T14:31:54.778-0400] {logging_mixin.py:190} INFO - [2025-08-06T14:31:54.778-0400] {dag.py:4180} INFO - Setting next_dagrun for example_xcom_args_with_operators to None, run_after=None
[2025-08-06T14:31:54.794-0400] {processor.py:208} INFO - Processing /home/huynguyen2741/airflow_venv/lib/python3.12/site-packages/airflow/example_dags/example_xcomargs.py took 0.061 seconds
[2025-08-06T14:33:03.483-0400] {processor.py:186} INFO - Started process (PID=27621) to work on /home/huynguyen2741/airflow_venv/lib/python3.12/site-packages/airflow/example_dags/example_xcomargs.py
[2025-08-06T14:33:03.485-0400] {processor.py:914} INFO - Processing file /home/huynguyen2741/airflow_venv/lib/python3.12/site-packages/airflow/example_dags/example_xcomargs.py for tasks to queue
[2025-08-06T14:33:03.486-0400] {logging_mixin.py:190} INFO - [2025-08-06T14:33:03.485-0400] {dagbag.py:588} INFO - Filling up the DagBag from /home/huynguyen2741/airflow_venv/lib/python3.12/site-packages/airflow/example_dags/example_xcomargs.py
[2025-08-06T14:33:03.493-0400] {processor.py:925} INFO - DAG(s) 'example_xcom_args_with_operators', 'example_xcom_args' retrieved from /home/huynguyen2741/airflow_venv/lib/python3.12/site-packages/airflow/example_dags/example_xcomargs.py
[2025-08-06T14:33:03.507-0400] {logging_mixin.py:190} INFO - [2025-08-06T14:33:03.507-0400] {dag.py:3239} INFO - Sync 2 DAGs
[2025-08-06T14:33:03.516-0400] {logging_mixin.py:190} INFO - [2025-08-06T14:33:03.516-0400] {dag.py:4180} INFO - Setting next_dagrun for example_xcom_args to None, run_after=None
[2025-08-06T14:33:03.519-0400] {logging_mixin.py:190} INFO - [2025-08-06T14:33:03.519-0400] {dag.py:4180} INFO - Setting next_dagrun for example_xcom_args_with_operators to None, run_after=None
[2025-08-06T14:33:03.534-0400] {processor.py:208} INFO - Processing /home/huynguyen2741/airflow_venv/lib/python3.12/site-packages/airflow/example_dags/example_xcomargs.py took 0.056 seconds
[2025-08-06T14:34:13.631-0400] {processor.py:186} INFO - Started process (PID=27879) to work on /home/huynguyen2741/airflow_venv/lib/python3.12/site-packages/airflow/example_dags/example_xcomargs.py
[2025-08-06T14:34:13.636-0400] {processor.py:914} INFO - Processing file /home/huynguyen2741/airflow_venv/lib/python3.12/site-packages/airflow/example_dags/example_xcomargs.py for tasks to queue
[2025-08-06T14:34:13.637-0400] {logging_mixin.py:190} INFO - [2025-08-06T14:34:13.636-0400] {dagbag.py:588} INFO - Filling up the DagBag from /home/huynguyen2741/airflow_venv/lib/python3.12/site-packages/airflow/example_dags/example_xcomargs.py
[2025-08-06T14:34:13.644-0400] {processor.py:925} INFO - DAG(s) 'example_xcom_args_with_operators', 'example_xcom_args' retrieved from /home/huynguyen2741/airflow_venv/lib/python3.12/site-packages/airflow/example_dags/example_xcomargs.py
[2025-08-06T14:34:13.661-0400] {logging_mixin.py:190} INFO - [2025-08-06T14:34:13.661-0400] {dag.py:3239} INFO - Sync 2 DAGs
[2025-08-06T14:34:13.672-0400] {logging_mixin.py:190} INFO - [2025-08-06T14:34:13.672-0400] {dag.py:4180} INFO - Setting next_dagrun for example_xcom_args to None, run_after=None
[2025-08-06T14:34:13.674-0400] {logging_mixin.py:190} INFO - [2025-08-06T14:34:13.674-0400] {dag.py:4180} INFO - Setting next_dagrun for example_xcom_args_with_operators to None, run_after=None
[2025-08-06T14:34:13.690-0400] {processor.py:208} INFO - Processing /home/huynguyen2741/airflow_venv/lib/python3.12/site-packages/airflow/example_dags/example_xcomargs.py took 0.064 seconds
[2025-08-06T14:35:09.497-0400] {processor.py:186} INFO - Started process (PID=28282) to work on /home/huynguyen2741/airflow_venv/lib/python3.12/site-packages/airflow/example_dags/example_xcomargs.py
[2025-08-06T14:35:09.498-0400] {processor.py:914} INFO - Processing file /home/huynguyen2741/airflow_venv/lib/python3.12/site-packages/airflow/example_dags/example_xcomargs.py for tasks to queue
[2025-08-06T14:35:09.499-0400] {logging_mixin.py:190} INFO - [2025-08-06T14:35:09.499-0400] {dagbag.py:588} INFO - Filling up the DagBag from /home/huynguyen2741/airflow_venv/lib/python3.12/site-packages/airflow/example_dags/example_xcomargs.py
[2025-08-06T14:35:09.508-0400] {processor.py:925} INFO - DAG(s) 'example_xcom_args', 'example_xcom_args_with_operators' retrieved from /home/huynguyen2741/airflow_venv/lib/python3.12/site-packages/airflow/example_dags/example_xcomargs.py
[2025-08-06T14:35:09.522-0400] {logging_mixin.py:190} INFO - [2025-08-06T14:35:09.521-0400] {dag.py:3239} INFO - Sync 2 DAGs
[2025-08-06T14:35:09.530-0400] {logging_mixin.py:190} INFO - [2025-08-06T14:35:09.530-0400] {dag.py:4180} INFO - Setting next_dagrun for example_xcom_args to None, run_after=None
[2025-08-06T14:35:09.532-0400] {logging_mixin.py:190} INFO - [2025-08-06T14:35:09.532-0400] {dag.py:4180} INFO - Setting next_dagrun for example_xcom_args_with_operators to None, run_after=None
[2025-08-06T14:35:09.547-0400] {processor.py:208} INFO - Processing /home/huynguyen2741/airflow_venv/lib/python3.12/site-packages/airflow/example_dags/example_xcomargs.py took 0.055 seconds
[2025-08-06T14:36:14.905-0400] {processor.py:186} INFO - Started process (PID=28556) to work on /home/huynguyen2741/airflow_venv/lib/python3.12/site-packages/airflow/example_dags/example_xcomargs.py
[2025-08-06T14:36:14.910-0400] {processor.py:914} INFO - Processing file /home/huynguyen2741/airflow_venv/lib/python3.12/site-packages/airflow/example_dags/example_xcomargs.py for tasks to queue
[2025-08-06T14:36:14.911-0400] {logging_mixin.py:190} INFO - [2025-08-06T14:36:14.910-0400] {dagbag.py:588} INFO - Filling up the DagBag from /home/huynguyen2741/airflow_venv/lib/python3.12/site-packages/airflow/example_dags/example_xcomargs.py
[2025-08-06T14:36:14.920-0400] {processor.py:925} INFO - DAG(s) 'example_xcom_args_with_operators', 'example_xcom_args' retrieved from /home/huynguyen2741/airflow_venv/lib/python3.12/site-packages/airflow/example_dags/example_xcomargs.py
[2025-08-06T14:36:14.935-0400] {logging_mixin.py:190} INFO - [2025-08-06T14:36:14.935-0400] {dag.py:3239} INFO - Sync 2 DAGs
[2025-08-06T14:36:14.945-0400] {logging_mixin.py:190} INFO - [2025-08-06T14:36:14.945-0400] {dag.py:4180} INFO - Setting next_dagrun for example_xcom_args to None, run_after=None
[2025-08-06T14:36:14.947-0400] {logging_mixin.py:190} INFO - [2025-08-06T14:36:14.947-0400] {dag.py:4180} INFO - Setting next_dagrun for example_xcom_args_with_operators to None, run_after=None
[2025-08-06T14:36:14.963-0400] {processor.py:208} INFO - Processing /home/huynguyen2741/airflow_venv/lib/python3.12/site-packages/airflow/example_dags/example_xcomargs.py took 0.064 seconds
[2025-08-06T14:37:19.821-0400] {processor.py:186} INFO - Started process (PID=28804) to work on /home/huynguyen2741/airflow_venv/lib/python3.12/site-packages/airflow/example_dags/example_xcomargs.py
[2025-08-06T14:37:19.824-0400] {processor.py:914} INFO - Processing file /home/huynguyen2741/airflow_venv/lib/python3.12/site-packages/airflow/example_dags/example_xcomargs.py for tasks to queue
[2025-08-06T14:37:19.825-0400] {logging_mixin.py:190} INFO - [2025-08-06T14:37:19.825-0400] {dagbag.py:588} INFO - Filling up the DagBag from /home/huynguyen2741/airflow_venv/lib/python3.12/site-packages/airflow/example_dags/example_xcomargs.py
[2025-08-06T14:37:19.832-0400] {processor.py:925} INFO - DAG(s) 'example_xcom_args', 'example_xcom_args_with_operators' retrieved from /home/huynguyen2741/airflow_venv/lib/python3.12/site-packages/airflow/example_dags/example_xcomargs.py
[2025-08-06T14:37:19.844-0400] {logging_mixin.py:190} INFO - [2025-08-06T14:37:19.844-0400] {dag.py:3239} INFO - Sync 2 DAGs
[2025-08-06T14:37:19.852-0400] {logging_mixin.py:190} INFO - [2025-08-06T14:37:19.852-0400] {dag.py:4180} INFO - Setting next_dagrun for example_xcom_args to None, run_after=None
[2025-08-06T14:37:19.854-0400] {logging_mixin.py:190} INFO - [2025-08-06T14:37:19.854-0400] {dag.py:4180} INFO - Setting next_dagrun for example_xcom_args_with_operators to None, run_after=None
[2025-08-06T14:37:19.869-0400] {processor.py:208} INFO - Processing /home/huynguyen2741/airflow_venv/lib/python3.12/site-packages/airflow/example_dags/example_xcomargs.py took 0.054 seconds
[2025-08-06T14:38:14.749-0400] {processor.py:186} INFO - Started process (PID=29007) to work on /home/huynguyen2741/airflow_venv/lib/python3.12/site-packages/airflow/example_dags/example_xcomargs.py
[2025-08-06T14:38:14.759-0400] {processor.py:914} INFO - Processing file /home/huynguyen2741/airflow_venv/lib/python3.12/site-packages/airflow/example_dags/example_xcomargs.py for tasks to queue
[2025-08-06T14:38:14.761-0400] {logging_mixin.py:190} INFO - [2025-08-06T14:38:14.760-0400] {dagbag.py:588} INFO - Filling up the DagBag from /home/huynguyen2741/airflow_venv/lib/python3.12/site-packages/airflow/example_dags/example_xcomargs.py
[2025-08-06T14:38:14.768-0400] {processor.py:925} INFO - DAG(s) 'example_xcom_args_with_operators', 'example_xcom_args' retrieved from /home/huynguyen2741/airflow_venv/lib/python3.12/site-packages/airflow/example_dags/example_xcomargs.py
[2025-08-06T14:38:14.780-0400] {logging_mixin.py:190} INFO - [2025-08-06T14:38:14.780-0400] {dag.py:3239} INFO - Sync 2 DAGs
[2025-08-06T14:38:14.788-0400] {logging_mixin.py:190} INFO - [2025-08-06T14:38:14.788-0400] {dag.py:4180} INFO - Setting next_dagrun for example_xcom_args to None, run_after=None
[2025-08-06T14:38:14.790-0400] {logging_mixin.py:190} INFO - [2025-08-06T14:38:14.790-0400] {dag.py:4180} INFO - Setting next_dagrun for example_xcom_args_with_operators to None, run_after=None
[2025-08-06T14:38:14.805-0400] {processor.py:208} INFO - Processing /home/huynguyen2741/airflow_venv/lib/python3.12/site-packages/airflow/example_dags/example_xcomargs.py took 0.061 seconds
[2025-08-06T14:39:22.695-0400] {processor.py:186} INFO - Started process (PID=29300) to work on /home/huynguyen2741/airflow_venv/lib/python3.12/site-packages/airflow/example_dags/example_xcomargs.py
[2025-08-06T14:39:22.696-0400] {processor.py:914} INFO - Processing file /home/huynguyen2741/airflow_venv/lib/python3.12/site-packages/airflow/example_dags/example_xcomargs.py for tasks to queue
[2025-08-06T14:39:22.697-0400] {logging_mixin.py:190} INFO - [2025-08-06T14:39:22.697-0400] {dagbag.py:588} INFO - Filling up the DagBag from /home/huynguyen2741/airflow_venv/lib/python3.12/site-packages/airflow/example_dags/example_xcomargs.py
[2025-08-06T14:39:22.705-0400] {processor.py:925} INFO - DAG(s) 'example_xcom_args_with_operators', 'example_xcom_args' retrieved from /home/huynguyen2741/airflow_venv/lib/python3.12/site-packages/airflow/example_dags/example_xcomargs.py
[2025-08-06T14:39:22.718-0400] {logging_mixin.py:190} INFO - [2025-08-06T14:39:22.718-0400] {dag.py:3239} INFO - Sync 2 DAGs
[2025-08-06T14:39:22.726-0400] {logging_mixin.py:190} INFO - [2025-08-06T14:39:22.726-0400] {dag.py:4180} INFO - Setting next_dagrun for example_xcom_args to None, run_after=None
[2025-08-06T14:39:22.729-0400] {logging_mixin.py:190} INFO - [2025-08-06T14:39:22.728-0400] {dag.py:4180} INFO - Setting next_dagrun for example_xcom_args_with_operators to None, run_after=None
[2025-08-06T14:39:22.744-0400] {processor.py:208} INFO - Processing /home/huynguyen2741/airflow_venv/lib/python3.12/site-packages/airflow/example_dags/example_xcomargs.py took 0.055 seconds
[2025-08-06T14:40:26.051-0400] {processor.py:186} INFO - Started process (PID=29520) to work on /home/huynguyen2741/airflow_venv/lib/python3.12/site-packages/airflow/example_dags/example_xcomargs.py
[2025-08-06T14:40:26.056-0400] {processor.py:914} INFO - Processing file /home/huynguyen2741/airflow_venv/lib/python3.12/site-packages/airflow/example_dags/example_xcomargs.py for tasks to queue
[2025-08-06T14:40:26.057-0400] {logging_mixin.py:190} INFO - [2025-08-06T14:40:26.056-0400] {dagbag.py:588} INFO - Filling up the DagBag from /home/huynguyen2741/airflow_venv/lib/python3.12/site-packages/airflow/example_dags/example_xcomargs.py
[2025-08-06T14:40:26.064-0400] {processor.py:925} INFO - DAG(s) 'example_xcom_args', 'example_xcom_args_with_operators' retrieved from /home/huynguyen2741/airflow_venv/lib/python3.12/site-packages/airflow/example_dags/example_xcomargs.py
[2025-08-06T14:40:26.076-0400] {logging_mixin.py:190} INFO - [2025-08-06T14:40:26.076-0400] {dag.py:3239} INFO - Sync 2 DAGs
[2025-08-06T14:40:26.084-0400] {logging_mixin.py:190} INFO - [2025-08-06T14:40:26.084-0400] {dag.py:4180} INFO - Setting next_dagrun for example_xcom_args to None, run_after=None
[2025-08-06T14:40:26.086-0400] {logging_mixin.py:190} INFO - [2025-08-06T14:40:26.086-0400] {dag.py:4180} INFO - Setting next_dagrun for example_xcom_args_with_operators to None, run_after=None
[2025-08-06T14:40:26.099-0400] {processor.py:208} INFO - Processing /home/huynguyen2741/airflow_venv/lib/python3.12/site-packages/airflow/example_dags/example_xcomargs.py took 0.054 seconds
[2025-08-06T14:41:34.765-0400] {processor.py:186} INFO - Started process (PID=29819) to work on /home/huynguyen2741/airflow_venv/lib/python3.12/site-packages/airflow/example_dags/example_xcomargs.py
[2025-08-06T14:41:34.775-0400] {processor.py:914} INFO - Processing file /home/huynguyen2741/airflow_venv/lib/python3.12/site-packages/airflow/example_dags/example_xcomargs.py for tasks to queue
[2025-08-06T14:41:34.776-0400] {logging_mixin.py:190} INFO - [2025-08-06T14:41:34.776-0400] {dagbag.py:588} INFO - Filling up the DagBag from /home/huynguyen2741/airflow_venv/lib/python3.12/site-packages/airflow/example_dags/example_xcomargs.py
[2025-08-06T14:41:34.783-0400] {processor.py:925} INFO - DAG(s) 'example_xcom_args_with_operators', 'example_xcom_args' retrieved from /home/huynguyen2741/airflow_venv/lib/python3.12/site-packages/airflow/example_dags/example_xcomargs.py
[2025-08-06T14:41:34.795-0400] {logging_mixin.py:190} INFO - [2025-08-06T14:41:34.795-0400] {dag.py:3239} INFO - Sync 2 DAGs
[2025-08-06T14:41:34.803-0400] {logging_mixin.py:190} INFO - [2025-08-06T14:41:34.803-0400] {dag.py:4180} INFO - Setting next_dagrun for example_xcom_args to None, run_after=None
[2025-08-06T14:41:34.805-0400] {logging_mixin.py:190} INFO - [2025-08-06T14:41:34.805-0400] {dag.py:4180} INFO - Setting next_dagrun for example_xcom_args_with_operators to None, run_after=None
[2025-08-06T14:41:34.820-0400] {processor.py:208} INFO - Processing /home/huynguyen2741/airflow_venv/lib/python3.12/site-packages/airflow/example_dags/example_xcomargs.py took 0.060 seconds
[2025-08-06T14:42:37.908-0400] {processor.py:186} INFO - Started process (PID=30046) to work on /home/huynguyen2741/airflow_venv/lib/python3.12/site-packages/airflow/example_dags/example_xcomargs.py
[2025-08-06T14:42:37.912-0400] {processor.py:914} INFO - Processing file /home/huynguyen2741/airflow_venv/lib/python3.12/site-packages/airflow/example_dags/example_xcomargs.py for tasks to queue
[2025-08-06T14:42:37.913-0400] {logging_mixin.py:190} INFO - [2025-08-06T14:42:37.913-0400] {dagbag.py:588} INFO - Filling up the DagBag from /home/huynguyen2741/airflow_venv/lib/python3.12/site-packages/airflow/example_dags/example_xcomargs.py
[2025-08-06T14:42:37.921-0400] {processor.py:925} INFO - DAG(s) 'example_xcom_args', 'example_xcom_args_with_operators' retrieved from /home/huynguyen2741/airflow_venv/lib/python3.12/site-packages/airflow/example_dags/example_xcomargs.py
[2025-08-06T14:42:37.935-0400] {logging_mixin.py:190} INFO - [2025-08-06T14:42:37.935-0400] {dag.py:3239} INFO - Sync 2 DAGs
[2025-08-06T14:42:37.945-0400] {logging_mixin.py:190} INFO - [2025-08-06T14:42:37.945-0400] {dag.py:4180} INFO - Setting next_dagrun for example_xcom_args to None, run_after=None
[2025-08-06T14:42:37.948-0400] {logging_mixin.py:190} INFO - [2025-08-06T14:42:37.948-0400] {dag.py:4180} INFO - Setting next_dagrun for example_xcom_args_with_operators to None, run_after=None
[2025-08-06T14:42:37.962-0400] {processor.py:208} INFO - Processing /home/huynguyen2741/airflow_venv/lib/python3.12/site-packages/airflow/example_dags/example_xcomargs.py took 0.060 seconds
[2025-08-06T14:43:37.265-0400] {processor.py:186} INFO - Started process (PID=30275) to work on /home/huynguyen2741/airflow_venv/lib/python3.12/site-packages/airflow/example_dags/example_xcomargs.py
[2025-08-06T14:43:37.277-0400] {processor.py:914} INFO - Processing file /home/huynguyen2741/airflow_venv/lib/python3.12/site-packages/airflow/example_dags/example_xcomargs.py for tasks to queue
[2025-08-06T14:43:37.279-0400] {logging_mixin.py:190} INFO - [2025-08-06T14:43:37.279-0400] {dagbag.py:588} INFO - Filling up the DagBag from /home/huynguyen2741/airflow_venv/lib/python3.12/site-packages/airflow/example_dags/example_xcomargs.py
[2025-08-06T14:43:37.288-0400] {processor.py:925} INFO - DAG(s) 'example_xcom_args_with_operators', 'example_xcom_args' retrieved from /home/huynguyen2741/airflow_venv/lib/python3.12/site-packages/airflow/example_dags/example_xcomargs.py
[2025-08-06T14:43:37.305-0400] {logging_mixin.py:190} INFO - [2025-08-06T14:43:37.305-0400] {dag.py:3239} INFO - Sync 2 DAGs
[2025-08-06T14:43:37.317-0400] {logging_mixin.py:190} INFO - [2025-08-06T14:43:37.317-0400] {dag.py:4180} INFO - Setting next_dagrun for example_xcom_args to None, run_after=None
[2025-08-06T14:43:37.320-0400] {logging_mixin.py:190} INFO - [2025-08-06T14:43:37.319-0400] {dag.py:4180} INFO - Setting next_dagrun for example_xcom_args_with_operators to None, run_after=None
[2025-08-06T14:43:37.338-0400] {processor.py:208} INFO - Processing /home/huynguyen2741/airflow_venv/lib/python3.12/site-packages/airflow/example_dags/example_xcomargs.py took 0.079 seconds
[2025-08-06T14:44:42.519-0400] {processor.py:186} INFO - Started process (PID=30544) to work on /home/huynguyen2741/airflow_venv/lib/python3.12/site-packages/airflow/example_dags/example_xcomargs.py
[2025-08-06T14:44:42.524-0400] {processor.py:914} INFO - Processing file /home/huynguyen2741/airflow_venv/lib/python3.12/site-packages/airflow/example_dags/example_xcomargs.py for tasks to queue
[2025-08-06T14:44:42.526-0400] {logging_mixin.py:190} INFO - [2025-08-06T14:44:42.525-0400] {dagbag.py:588} INFO - Filling up the DagBag from /home/huynguyen2741/airflow_venv/lib/python3.12/site-packages/airflow/example_dags/example_xcomargs.py
[2025-08-06T14:44:42.534-0400] {processor.py:925} INFO - DAG(s) 'example_xcom_args', 'example_xcom_args_with_operators' retrieved from /home/huynguyen2741/airflow_venv/lib/python3.12/site-packages/airflow/example_dags/example_xcomargs.py
[2025-08-06T14:44:42.545-0400] {logging_mixin.py:190} INFO - [2025-08-06T14:44:42.545-0400] {dag.py:3239} INFO - Sync 2 DAGs
[2025-08-06T14:44:42.553-0400] {logging_mixin.py:190} INFO - [2025-08-06T14:44:42.553-0400] {dag.py:4180} INFO - Setting next_dagrun for example_xcom_args to None, run_after=None
[2025-08-06T14:44:42.555-0400] {logging_mixin.py:190} INFO - [2025-08-06T14:44:42.555-0400] {dag.py:4180} INFO - Setting next_dagrun for example_xcom_args_with_operators to None, run_after=None
[2025-08-06T14:44:42.569-0400] {processor.py:208} INFO - Processing /home/huynguyen2741/airflow_venv/lib/python3.12/site-packages/airflow/example_dags/example_xcomargs.py took 0.055 seconds
[2025-08-06T14:45:39.732-0400] {processor.py:186} INFO - Started process (PID=30794) to work on /home/huynguyen2741/airflow_venv/lib/python3.12/site-packages/airflow/example_dags/example_xcomargs.py
[2025-08-06T14:45:39.744-0400] {processor.py:914} INFO - Processing file /home/huynguyen2741/airflow_venv/lib/python3.12/site-packages/airflow/example_dags/example_xcomargs.py for tasks to queue
[2025-08-06T14:45:39.745-0400] {logging_mixin.py:190} INFO - [2025-08-06T14:45:39.745-0400] {dagbag.py:588} INFO - Filling up the DagBag from /home/huynguyen2741/airflow_venv/lib/python3.12/site-packages/airflow/example_dags/example_xcomargs.py
[2025-08-06T14:45:39.756-0400] {processor.py:925} INFO - DAG(s) 'example_xcom_args_with_operators', 'example_xcom_args' retrieved from /home/huynguyen2741/airflow_venv/lib/python3.12/site-packages/airflow/example_dags/example_xcomargs.py
[2025-08-06T14:45:39.778-0400] {logging_mixin.py:190} INFO - [2025-08-06T14:45:39.777-0400] {dag.py:3239} INFO - Sync 2 DAGs
[2025-08-06T14:45:39.794-0400] {logging_mixin.py:190} INFO - [2025-08-06T14:45:39.794-0400] {dag.py:4180} INFO - Setting next_dagrun for example_xcom_args to None, run_after=None
[2025-08-06T14:45:39.797-0400] {logging_mixin.py:190} INFO - [2025-08-06T14:45:39.797-0400] {dag.py:4180} INFO - Setting next_dagrun for example_xcom_args_with_operators to None, run_after=None
[2025-08-06T14:45:39.819-0400] {processor.py:208} INFO - Processing /home/huynguyen2741/airflow_venv/lib/python3.12/site-packages/airflow/example_dags/example_xcomargs.py took 0.093 seconds
[2025-08-06T14:46:42.190-0400] {processor.py:186} INFO - Started process (PID=31078) to work on /home/huynguyen2741/airflow_venv/lib/python3.12/site-packages/airflow/example_dags/example_xcomargs.py
[2025-08-06T14:46:42.191-0400] {processor.py:914} INFO - Processing file /home/huynguyen2741/airflow_venv/lib/python3.12/site-packages/airflow/example_dags/example_xcomargs.py for tasks to queue
[2025-08-06T14:46:42.192-0400] {logging_mixin.py:190} INFO - [2025-08-06T14:46:42.192-0400] {dagbag.py:588} INFO - Filling up the DagBag from /home/huynguyen2741/airflow_venv/lib/python3.12/site-packages/airflow/example_dags/example_xcomargs.py
[2025-08-06T14:46:42.201-0400] {processor.py:925} INFO - DAG(s) 'example_xcom_args_with_operators', 'example_xcom_args' retrieved from /home/huynguyen2741/airflow_venv/lib/python3.12/site-packages/airflow/example_dags/example_xcomargs.py
[2025-08-06T14:46:42.213-0400] {logging_mixin.py:190} INFO - [2025-08-06T14:46:42.213-0400] {dag.py:3239} INFO - Sync 2 DAGs
[2025-08-06T14:46:42.221-0400] {logging_mixin.py:190} INFO - [2025-08-06T14:46:42.221-0400] {dag.py:4180} INFO - Setting next_dagrun for example_xcom_args to None, run_after=None
[2025-08-06T14:46:42.223-0400] {logging_mixin.py:190} INFO - [2025-08-06T14:46:42.223-0400] {dag.py:4180} INFO - Setting next_dagrun for example_xcom_args_with_operators to None, run_after=None
[2025-08-06T14:46:42.237-0400] {processor.py:208} INFO - Processing /home/huynguyen2741/airflow_venv/lib/python3.12/site-packages/airflow/example_dags/example_xcomargs.py took 0.052 seconds
[2025-08-06T14:48:03.187-0400] {processor.py:186} INFO - Started process (PID=31575) to work on /home/huynguyen2741/airflow_venv/lib/python3.12/site-packages/airflow/example_dags/example_xcomargs.py
[2025-08-06T14:48:03.188-0400] {processor.py:914} INFO - Processing file /home/huynguyen2741/airflow_venv/lib/python3.12/site-packages/airflow/example_dags/example_xcomargs.py for tasks to queue
[2025-08-06T14:48:03.189-0400] {logging_mixin.py:190} INFO - [2025-08-06T14:48:03.189-0400] {dagbag.py:588} INFO - Filling up the DagBag from /home/huynguyen2741/airflow_venv/lib/python3.12/site-packages/airflow/example_dags/example_xcomargs.py
[2025-08-06T14:48:03.196-0400] {processor.py:925} INFO - DAG(s) 'example_xcom_args', 'example_xcom_args_with_operators' retrieved from /home/huynguyen2741/airflow_venv/lib/python3.12/site-packages/airflow/example_dags/example_xcomargs.py
[2025-08-06T14:48:03.209-0400] {logging_mixin.py:190} INFO - [2025-08-06T14:48:03.208-0400] {dag.py:3239} INFO - Sync 2 DAGs
[2025-08-06T14:48:03.216-0400] {logging_mixin.py:190} INFO - [2025-08-06T14:48:03.216-0400] {dag.py:4180} INFO - Setting next_dagrun for example_xcom_args to None, run_after=None
[2025-08-06T14:48:03.218-0400] {logging_mixin.py:190} INFO - [2025-08-06T14:48:03.218-0400] {dag.py:4180} INFO - Setting next_dagrun for example_xcom_args_with_operators to None, run_after=None
[2025-08-06T14:48:03.233-0400] {processor.py:208} INFO - Processing /home/huynguyen2741/airflow_venv/lib/python3.12/site-packages/airflow/example_dags/example_xcomargs.py took 0.052 seconds
[2025-08-06T14:49:16.866-0400] {processor.py:186} INFO - Started process (PID=31854) to work on /home/huynguyen2741/airflow_venv/lib/python3.12/site-packages/airflow/example_dags/example_xcomargs.py
[2025-08-06T14:49:16.867-0400] {processor.py:914} INFO - Processing file /home/huynguyen2741/airflow_venv/lib/python3.12/site-packages/airflow/example_dags/example_xcomargs.py for tasks to queue
[2025-08-06T14:49:16.868-0400] {logging_mixin.py:190} INFO - [2025-08-06T14:49:16.868-0400] {dagbag.py:588} INFO - Filling up the DagBag from /home/huynguyen2741/airflow_venv/lib/python3.12/site-packages/airflow/example_dags/example_xcomargs.py
[2025-08-06T14:49:16.876-0400] {processor.py:925} INFO - DAG(s) 'example_xcom_args_with_operators', 'example_xcom_args' retrieved from /home/huynguyen2741/airflow_venv/lib/python3.12/site-packages/airflow/example_dags/example_xcomargs.py
[2025-08-06T14:49:16.889-0400] {logging_mixin.py:190} INFO - [2025-08-06T14:49:16.889-0400] {dag.py:3239} INFO - Sync 2 DAGs
[2025-08-06T14:49:16.897-0400] {logging_mixin.py:190} INFO - [2025-08-06T14:49:16.897-0400] {dag.py:4180} INFO - Setting next_dagrun for example_xcom_args to None, run_after=None
[2025-08-06T14:49:16.899-0400] {logging_mixin.py:190} INFO - [2025-08-06T14:49:16.899-0400] {dag.py:4180} INFO - Setting next_dagrun for example_xcom_args_with_operators to None, run_after=None
[2025-08-06T14:49:16.914-0400] {processor.py:208} INFO - Processing /home/huynguyen2741/airflow_venv/lib/python3.12/site-packages/airflow/example_dags/example_xcomargs.py took 0.054 seconds
[2025-08-06T14:50:21.516-0400] {processor.py:186} INFO - Started process (PID=32080) to work on /home/huynguyen2741/airflow_venv/lib/python3.12/site-packages/airflow/example_dags/example_xcomargs.py
[2025-08-06T14:50:21.521-0400] {processor.py:914} INFO - Processing file /home/huynguyen2741/airflow_venv/lib/python3.12/site-packages/airflow/example_dags/example_xcomargs.py for tasks to queue
[2025-08-06T14:50:21.522-0400] {logging_mixin.py:190} INFO - [2025-08-06T14:50:21.522-0400] {dagbag.py:588} INFO - Filling up the DagBag from /home/huynguyen2741/airflow_venv/lib/python3.12/site-packages/airflow/example_dags/example_xcomargs.py
[2025-08-06T14:50:21.530-0400] {processor.py:925} INFO - DAG(s) 'example_xcom_args', 'example_xcom_args_with_operators' retrieved from /home/huynguyen2741/airflow_venv/lib/python3.12/site-packages/airflow/example_dags/example_xcomargs.py
[2025-08-06T14:50:21.541-0400] {logging_mixin.py:190} INFO - [2025-08-06T14:50:21.541-0400] {dag.py:3239} INFO - Sync 2 DAGs
[2025-08-06T14:50:21.550-0400] {logging_mixin.py:190} INFO - [2025-08-06T14:50:21.550-0400] {dag.py:4180} INFO - Setting next_dagrun for example_xcom_args to None, run_after=None
[2025-08-06T14:50:21.552-0400] {logging_mixin.py:190} INFO - [2025-08-06T14:50:21.552-0400] {dag.py:4180} INFO - Setting next_dagrun for example_xcom_args_with_operators to None, run_after=None
[2025-08-06T14:50:21.567-0400] {processor.py:208} INFO - Processing /home/huynguyen2741/airflow_venv/lib/python3.12/site-packages/airflow/example_dags/example_xcomargs.py took 0.056 seconds
[2025-08-06T14:51:23.839-0400] {processor.py:186} INFO - Started process (PID=32308) to work on /home/huynguyen2741/airflow_venv/lib/python3.12/site-packages/airflow/example_dags/example_xcomargs.py
[2025-08-06T14:51:23.843-0400] {processor.py:914} INFO - Processing file /home/huynguyen2741/airflow_venv/lib/python3.12/site-packages/airflow/example_dags/example_xcomargs.py for tasks to queue
[2025-08-06T14:51:23.844-0400] {logging_mixin.py:190} INFO - [2025-08-06T14:51:23.844-0400] {dagbag.py:588} INFO - Filling up the DagBag from /home/huynguyen2741/airflow_venv/lib/python3.12/site-packages/airflow/example_dags/example_xcomargs.py
[2025-08-06T14:51:23.852-0400] {processor.py:925} INFO - DAG(s) 'example_xcom_args', 'example_xcom_args_with_operators' retrieved from /home/huynguyen2741/airflow_venv/lib/python3.12/site-packages/airflow/example_dags/example_xcomargs.py
[2025-08-06T14:51:23.867-0400] {logging_mixin.py:190} INFO - [2025-08-06T14:51:23.867-0400] {dag.py:3239} INFO - Sync 2 DAGs
[2025-08-06T14:51:23.877-0400] {logging_mixin.py:190} INFO - [2025-08-06T14:51:23.877-0400] {dag.py:4180} INFO - Setting next_dagrun for example_xcom_args to None, run_after=None
[2025-08-06T14:51:23.880-0400] {logging_mixin.py:190} INFO - [2025-08-06T14:51:23.879-0400] {dag.py:4180} INFO - Setting next_dagrun for example_xcom_args_with_operators to None, run_after=None
[2025-08-06T14:51:23.895-0400] {processor.py:208} INFO - Processing /home/huynguyen2741/airflow_venv/lib/python3.12/site-packages/airflow/example_dags/example_xcomargs.py took 0.061 seconds
[2025-08-06T14:52:26.309-0400] {processor.py:186} INFO - Started process (PID=32563) to work on /home/huynguyen2741/airflow_venv/lib/python3.12/site-packages/airflow/example_dags/example_xcomargs.py
[2025-08-06T14:52:26.314-0400] {processor.py:914} INFO - Processing file /home/huynguyen2741/airflow_venv/lib/python3.12/site-packages/airflow/example_dags/example_xcomargs.py for tasks to queue
[2025-08-06T14:52:26.315-0400] {logging_mixin.py:190} INFO - [2025-08-06T14:52:26.315-0400] {dagbag.py:588} INFO - Filling up the DagBag from /home/huynguyen2741/airflow_venv/lib/python3.12/site-packages/airflow/example_dags/example_xcomargs.py
[2025-08-06T14:52:26.323-0400] {processor.py:925} INFO - DAG(s) 'example_xcom_args', 'example_xcom_args_with_operators' retrieved from /home/huynguyen2741/airflow_venv/lib/python3.12/site-packages/airflow/example_dags/example_xcomargs.py
[2025-08-06T14:52:26.335-0400] {logging_mixin.py:190} INFO - [2025-08-06T14:52:26.335-0400] {dag.py:3239} INFO - Sync 2 DAGs
[2025-08-06T14:52:26.344-0400] {logging_mixin.py:190} INFO - [2025-08-06T14:52:26.343-0400] {dag.py:4180} INFO - Setting next_dagrun for example_xcom_args to None, run_after=None
[2025-08-06T14:52:26.346-0400] {logging_mixin.py:190} INFO - [2025-08-06T14:52:26.345-0400] {dag.py:4180} INFO - Setting next_dagrun for example_xcom_args_with_operators to None, run_after=None
[2025-08-06T14:52:26.359-0400] {processor.py:208} INFO - Processing /home/huynguyen2741/airflow_venv/lib/python3.12/site-packages/airflow/example_dags/example_xcomargs.py took 0.056 seconds
[2025-08-06T14:53:26.306-0400] {processor.py:186} INFO - Started process (PID=32887) to work on /home/huynguyen2741/airflow_venv/lib/python3.12/site-packages/airflow/example_dags/example_xcomargs.py
[2025-08-06T14:53:26.316-0400] {processor.py:914} INFO - Processing file /home/huynguyen2741/airflow_venv/lib/python3.12/site-packages/airflow/example_dags/example_xcomargs.py for tasks to queue
[2025-08-06T14:53:26.318-0400] {logging_mixin.py:190} INFO - [2025-08-06T14:53:26.317-0400] {dagbag.py:588} INFO - Filling up the DagBag from /home/huynguyen2741/airflow_venv/lib/python3.12/site-packages/airflow/example_dags/example_xcomargs.py
[2025-08-06T14:53:26.326-0400] {processor.py:925} INFO - DAG(s) 'example_xcom_args_with_operators', 'example_xcom_args' retrieved from /home/huynguyen2741/airflow_venv/lib/python3.12/site-packages/airflow/example_dags/example_xcomargs.py
[2025-08-06T14:53:26.340-0400] {logging_mixin.py:190} INFO - [2025-08-06T14:53:26.340-0400] {dag.py:3239} INFO - Sync 2 DAGs
[2025-08-06T14:53:26.350-0400] {logging_mixin.py:190} INFO - [2025-08-06T14:53:26.350-0400] {dag.py:4180} INFO - Setting next_dagrun for example_xcom_args to None, run_after=None
[2025-08-06T14:53:26.352-0400] {logging_mixin.py:190} INFO - [2025-08-06T14:53:26.352-0400] {dag.py:4180} INFO - Setting next_dagrun for example_xcom_args_with_operators to None, run_after=None
[2025-08-06T14:53:26.367-0400] {processor.py:208} INFO - Processing /home/huynguyen2741/airflow_venv/lib/python3.12/site-packages/airflow/example_dags/example_xcomargs.py took 0.067 seconds
[2025-08-06T14:54:25.701-0400] {processor.py:186} INFO - Started process (PID=33306) to work on /home/huynguyen2741/airflow_venv/lib/python3.12/site-packages/airflow/example_dags/example_xcomargs.py
[2025-08-06T14:54:25.702-0400] {processor.py:914} INFO - Processing file /home/huynguyen2741/airflow_venv/lib/python3.12/site-packages/airflow/example_dags/example_xcomargs.py for tasks to queue
[2025-08-06T14:54:25.703-0400] {logging_mixin.py:190} INFO - [2025-08-06T14:54:25.703-0400] {dagbag.py:588} INFO - Filling up the DagBag from /home/huynguyen2741/airflow_venv/lib/python3.12/site-packages/airflow/example_dags/example_xcomargs.py
[2025-08-06T14:54:25.711-0400] {processor.py:925} INFO - DAG(s) 'example_xcom_args_with_operators', 'example_xcom_args' retrieved from /home/huynguyen2741/airflow_venv/lib/python3.12/site-packages/airflow/example_dags/example_xcomargs.py
[2025-08-06T14:54:25.723-0400] {logging_mixin.py:190} INFO - [2025-08-06T14:54:25.723-0400] {dag.py:3239} INFO - Sync 2 DAGs
[2025-08-06T14:54:25.731-0400] {logging_mixin.py:190} INFO - [2025-08-06T14:54:25.731-0400] {dag.py:4180} INFO - Setting next_dagrun for example_xcom_args to None, run_after=None
[2025-08-06T14:54:25.733-0400] {logging_mixin.py:190} INFO - [2025-08-06T14:54:25.732-0400] {dag.py:4180} INFO - Setting next_dagrun for example_xcom_args_with_operators to None, run_after=None
[2025-08-06T14:54:25.748-0400] {processor.py:208} INFO - Processing /home/huynguyen2741/airflow_venv/lib/python3.12/site-packages/airflow/example_dags/example_xcomargs.py took 0.053 seconds
[2025-08-06T14:55:24.523-0400] {processor.py:186} INFO - Started process (PID=33598) to work on /home/huynguyen2741/airflow_venv/lib/python3.12/site-packages/airflow/example_dags/example_xcomargs.py
[2025-08-06T14:55:24.524-0400] {processor.py:914} INFO - Processing file /home/huynguyen2741/airflow_venv/lib/python3.12/site-packages/airflow/example_dags/example_xcomargs.py for tasks to queue
[2025-08-06T14:55:24.525-0400] {logging_mixin.py:190} INFO - [2025-08-06T14:55:24.525-0400] {dagbag.py:588} INFO - Filling up the DagBag from /home/huynguyen2741/airflow_venv/lib/python3.12/site-packages/airflow/example_dags/example_xcomargs.py
[2025-08-06T14:55:24.533-0400] {processor.py:925} INFO - DAG(s) 'example_xcom_args_with_operators', 'example_xcom_args' retrieved from /home/huynguyen2741/airflow_venv/lib/python3.12/site-packages/airflow/example_dags/example_xcomargs.py
[2025-08-06T14:55:24.546-0400] {logging_mixin.py:190} INFO - [2025-08-06T14:55:24.546-0400] {dag.py:3239} INFO - Sync 2 DAGs
[2025-08-06T14:55:24.554-0400] {logging_mixin.py:190} INFO - [2025-08-06T14:55:24.554-0400] {dag.py:4180} INFO - Setting next_dagrun for example_xcom_args to None, run_after=None
[2025-08-06T14:55:24.557-0400] {logging_mixin.py:190} INFO - [2025-08-06T14:55:24.557-0400] {dag.py:4180} INFO - Setting next_dagrun for example_xcom_args_with_operators to None, run_after=None
[2025-08-06T14:55:24.575-0400] {processor.py:208} INFO - Processing /home/huynguyen2741/airflow_venv/lib/python3.12/site-packages/airflow/example_dags/example_xcomargs.py took 0.058 seconds
[2025-08-06T14:56:23.910-0400] {processor.py:186} INFO - Started process (PID=33904) to work on /home/huynguyen2741/airflow_venv/lib/python3.12/site-packages/airflow/example_dags/example_xcomargs.py
[2025-08-06T14:56:23.915-0400] {processor.py:914} INFO - Processing file /home/huynguyen2741/airflow_venv/lib/python3.12/site-packages/airflow/example_dags/example_xcomargs.py for tasks to queue
[2025-08-06T14:56:23.916-0400] {logging_mixin.py:190} INFO - [2025-08-06T14:56:23.915-0400] {dagbag.py:588} INFO - Filling up the DagBag from /home/huynguyen2741/airflow_venv/lib/python3.12/site-packages/airflow/example_dags/example_xcomargs.py
[2025-08-06T14:56:23.923-0400] {processor.py:925} INFO - DAG(s) 'example_xcom_args_with_operators', 'example_xcom_args' retrieved from /home/huynguyen2741/airflow_venv/lib/python3.12/site-packages/airflow/example_dags/example_xcomargs.py
[2025-08-06T14:56:23.936-0400] {logging_mixin.py:190} INFO - [2025-08-06T14:56:23.936-0400] {dag.py:3239} INFO - Sync 2 DAGs
[2025-08-06T14:56:23.944-0400] {logging_mixin.py:190} INFO - [2025-08-06T14:56:23.944-0400] {dag.py:4180} INFO - Setting next_dagrun for example_xcom_args to None, run_after=None
[2025-08-06T14:56:23.946-0400] {logging_mixin.py:190} INFO - [2025-08-06T14:56:23.946-0400] {dag.py:4180} INFO - Setting next_dagrun for example_xcom_args_with_operators to None, run_after=None
[2025-08-06T14:56:23.961-0400] {processor.py:208} INFO - Processing /home/huynguyen2741/airflow_venv/lib/python3.12/site-packages/airflow/example_dags/example_xcomargs.py took 0.056 seconds
[2025-08-06T14:57:27.441-0400] {processor.py:186} INFO - Started process (PID=34159) to work on /home/huynguyen2741/airflow_venv/lib/python3.12/site-packages/airflow/example_dags/example_xcomargs.py
[2025-08-06T14:57:27.446-0400] {processor.py:914} INFO - Processing file /home/huynguyen2741/airflow_venv/lib/python3.12/site-packages/airflow/example_dags/example_xcomargs.py for tasks to queue
[2025-08-06T14:57:27.447-0400] {logging_mixin.py:190} INFO - [2025-08-06T14:57:27.446-0400] {dagbag.py:588} INFO - Filling up the DagBag from /home/huynguyen2741/airflow_venv/lib/python3.12/site-packages/airflow/example_dags/example_xcomargs.py
[2025-08-06T14:57:27.454-0400] {processor.py:925} INFO - DAG(s) 'example_xcom_args', 'example_xcom_args_with_operators' retrieved from /home/huynguyen2741/airflow_venv/lib/python3.12/site-packages/airflow/example_dags/example_xcomargs.py
[2025-08-06T14:57:27.466-0400] {logging_mixin.py:190} INFO - [2025-08-06T14:57:27.466-0400] {dag.py:3239} INFO - Sync 2 DAGs
[2025-08-06T14:57:27.474-0400] {logging_mixin.py:190} INFO - [2025-08-06T14:57:27.474-0400] {dag.py:4180} INFO - Setting next_dagrun for example_xcom_args to None, run_after=None
[2025-08-06T14:57:27.476-0400] {logging_mixin.py:190} INFO - [2025-08-06T14:57:27.476-0400] {dag.py:4180} INFO - Setting next_dagrun for example_xcom_args_with_operators to None, run_after=None
[2025-08-06T14:57:27.492-0400] {processor.py:208} INFO - Processing /home/huynguyen2741/airflow_venv/lib/python3.12/site-packages/airflow/example_dags/example_xcomargs.py took 0.056 seconds
[2025-08-06T14:58:28.772-0400] {processor.py:186} INFO - Started process (PID=34433) to work on /home/huynguyen2741/airflow_venv/lib/python3.12/site-packages/airflow/example_dags/example_xcomargs.py
[2025-08-06T14:58:28.776-0400] {processor.py:914} INFO - Processing file /home/huynguyen2741/airflow_venv/lib/python3.12/site-packages/airflow/example_dags/example_xcomargs.py for tasks to queue
[2025-08-06T14:58:28.777-0400] {logging_mixin.py:190} INFO - [2025-08-06T14:58:28.777-0400] {dagbag.py:588} INFO - Filling up the DagBag from /home/huynguyen2741/airflow_venv/lib/python3.12/site-packages/airflow/example_dags/example_xcomargs.py
[2025-08-06T14:58:28.784-0400] {processor.py:925} INFO - DAG(s) 'example_xcom_args', 'example_xcom_args_with_operators' retrieved from /home/huynguyen2741/airflow_venv/lib/python3.12/site-packages/airflow/example_dags/example_xcomargs.py
[2025-08-06T14:58:28.796-0400] {logging_mixin.py:190} INFO - [2025-08-06T14:58:28.796-0400] {dag.py:3239} INFO - Sync 2 DAGs
[2025-08-06T14:58:28.806-0400] {logging_mixin.py:190} INFO - [2025-08-06T14:58:28.806-0400] {dag.py:4180} INFO - Setting next_dagrun for example_xcom_args to None, run_after=None
[2025-08-06T14:58:28.808-0400] {logging_mixin.py:190} INFO - [2025-08-06T14:58:28.808-0400] {dag.py:4180} INFO - Setting next_dagrun for example_xcom_args_with_operators to None, run_after=None
[2025-08-06T14:58:28.824-0400] {processor.py:208} INFO - Processing /home/huynguyen2741/airflow_venv/lib/python3.12/site-packages/airflow/example_dags/example_xcomargs.py took 0.057 seconds
[2025-08-06T14:59:31.645-0400] {processor.py:186} INFO - Started process (PID=34668) to work on /home/huynguyen2741/airflow_venv/lib/python3.12/site-packages/airflow/example_dags/example_xcomargs.py
[2025-08-06T14:59:31.646-0400] {processor.py:914} INFO - Processing file /home/huynguyen2741/airflow_venv/lib/python3.12/site-packages/airflow/example_dags/example_xcomargs.py for tasks to queue
[2025-08-06T14:59:31.647-0400] {logging_mixin.py:190} INFO - [2025-08-06T14:59:31.646-0400] {dagbag.py:588} INFO - Filling up the DagBag from /home/huynguyen2741/airflow_venv/lib/python3.12/site-packages/airflow/example_dags/example_xcomargs.py
[2025-08-06T14:59:31.654-0400] {processor.py:925} INFO - DAG(s) 'example_xcom_args_with_operators', 'example_xcom_args' retrieved from /home/huynguyen2741/airflow_venv/lib/python3.12/site-packages/airflow/example_dags/example_xcomargs.py
[2025-08-06T14:59:31.667-0400] {logging_mixin.py:190} INFO - [2025-08-06T14:59:31.666-0400] {dag.py:3239} INFO - Sync 2 DAGs
[2025-08-06T14:59:31.675-0400] {logging_mixin.py:190} INFO - [2025-08-06T14:59:31.674-0400] {dag.py:4180} INFO - Setting next_dagrun for example_xcom_args to None, run_after=None
[2025-08-06T14:59:31.677-0400] {logging_mixin.py:190} INFO - [2025-08-06T14:59:31.677-0400] {dag.py:4180} INFO - Setting next_dagrun for example_xcom_args_with_operators to None, run_after=None
[2025-08-06T14:59:31.691-0400] {processor.py:208} INFO - Processing /home/huynguyen2741/airflow_venv/lib/python3.12/site-packages/airflow/example_dags/example_xcomargs.py took 0.052 seconds
[2025-08-06T15:00:33.088-0400] {processor.py:186} INFO - Started process (PID=34904) to work on /home/huynguyen2741/airflow_venv/lib/python3.12/site-packages/airflow/example_dags/example_xcomargs.py
[2025-08-06T15:00:33.090-0400] {processor.py:914} INFO - Processing file /home/huynguyen2741/airflow_venv/lib/python3.12/site-packages/airflow/example_dags/example_xcomargs.py for tasks to queue
[2025-08-06T15:00:33.091-0400] {logging_mixin.py:190} INFO - [2025-08-06T15:00:33.090-0400] {dagbag.py:588} INFO - Filling up the DagBag from /home/huynguyen2741/airflow_venv/lib/python3.12/site-packages/airflow/example_dags/example_xcomargs.py
[2025-08-06T15:00:33.098-0400] {processor.py:925} INFO - DAG(s) 'example_xcom_args', 'example_xcom_args_with_operators' retrieved from /home/huynguyen2741/airflow_venv/lib/python3.12/site-packages/airflow/example_dags/example_xcomargs.py
[2025-08-06T15:00:33.110-0400] {logging_mixin.py:190} INFO - [2025-08-06T15:00:33.110-0400] {dag.py:3239} INFO - Sync 2 DAGs
[2025-08-06T15:00:33.118-0400] {logging_mixin.py:190} INFO - [2025-08-06T15:00:33.118-0400] {dag.py:4180} INFO - Setting next_dagrun for example_xcom_args to None, run_after=None
[2025-08-06T15:00:33.120-0400] {logging_mixin.py:190} INFO - [2025-08-06T15:00:33.120-0400] {dag.py:4180} INFO - Setting next_dagrun for example_xcom_args_with_operators to None, run_after=None
[2025-08-06T15:00:33.134-0400] {processor.py:208} INFO - Processing /home/huynguyen2741/airflow_venv/lib/python3.12/site-packages/airflow/example_dags/example_xcomargs.py took 0.052 seconds
