[2025-08-06T13:57:03.394-0400] {processor.py:186} INFO - Started process (PID=17667) to work on /home/huynguyen2741/airflow_venv/lib/python3.12/site-packages/airflow/example_dags/example_task_group.py
[2025-08-06T13:57:03.395-0400] {processor.py:914} INFO - Processing file /home/huynguyen2741/airflow_venv/lib/python3.12/site-packages/airflow/example_dags/example_task_group.py for tasks to queue
[2025-08-06T13:57:03.396-0400] {logging_mixin.py:190} INFO - [2025-08-06T13:57:03.396-0400] {dagbag.py:588} INFO - Filling up the DagBag from /home/huynguyen2741/airflow_venv/lib/python3.12/site-packages/airflow/example_dags/example_task_group.py
[2025-08-06T13:57:03.403-0400] {processor.py:925} INFO - DAG(s) 'example_task_group' retrieved from /home/huynguyen2741/airflow_venv/lib/python3.12/site-packages/airflow/example_dags/example_task_group.py
[2025-08-06T13:57:03.481-0400] {logging_mixin.py:190} INFO - [2025-08-06T13:57:03.481-0400] {override.py:1930} INFO - Created Permission View: can edit on DAG:example_task_group
[2025-08-06T13:57:03.491-0400] {logging_mixin.py:190} INFO - [2025-08-06T13:57:03.491-0400] {override.py:1930} INFO - Created Permission View: can read on DAG:example_task_group
[2025-08-06T13:57:03.500-0400] {logging_mixin.py:190} INFO - [2025-08-06T13:57:03.500-0400] {override.py:1930} INFO - Created Permission View: can delete on DAG:example_task_group
[2025-08-06T13:57:03.515-0400] {logging_mixin.py:190} INFO - [2025-08-06T13:57:03.515-0400] {override.py:1930} INFO - Created Permission View: menu access on DAG Run:example_task_group
[2025-08-06T13:57:03.527-0400] {logging_mixin.py:190} INFO - [2025-08-06T13:57:03.527-0400] {override.py:1930} INFO - Created Permission View: can read on DAG Run:example_task_group
[2025-08-06T13:57:03.535-0400] {logging_mixin.py:190} INFO - [2025-08-06T13:57:03.535-0400] {override.py:1930} INFO - Created Permission View: can create on DAG Run:example_task_group
[2025-08-06T13:57:03.542-0400] {logging_mixin.py:190} INFO - [2025-08-06T13:57:03.542-0400] {override.py:1930} INFO - Created Permission View: can delete on DAG Run:example_task_group
[2025-08-06T13:57:03.543-0400] {logging_mixin.py:190} INFO - [2025-08-06T13:57:03.543-0400] {dag.py:3239} INFO - Sync 1 DAGs
[2025-08-06T13:57:03.549-0400] {logging_mixin.py:190} INFO - [2025-08-06T13:57:03.549-0400] {dag.py:3262} INFO - Creating ORM DAG for example_task_group
[2025-08-06T13:57:03.550-0400] {logging_mixin.py:190} INFO - [2025-08-06T13:57:03.550-0400] {dag.py:4180} INFO - Setting next_dagrun for example_task_group to None, run_after=None
[2025-08-06T13:57:03.566-0400] {processor.py:208} INFO - Processing /home/huynguyen2741/airflow_venv/lib/python3.12/site-packages/airflow/example_dags/example_task_group.py took 0.176 seconds
[2025-08-06T13:58:09.229-0400] {processor.py:186} INFO - Started process (PID=17909) to work on /home/huynguyen2741/airflow_venv/lib/python3.12/site-packages/airflow/example_dags/example_task_group.py
[2025-08-06T13:58:09.230-0400] {processor.py:914} INFO - Processing file /home/huynguyen2741/airflow_venv/lib/python3.12/site-packages/airflow/example_dags/example_task_group.py for tasks to queue
[2025-08-06T13:58:09.231-0400] {logging_mixin.py:190} INFO - [2025-08-06T13:58:09.231-0400] {dagbag.py:588} INFO - Filling up the DagBag from /home/huynguyen2741/airflow_venv/lib/python3.12/site-packages/airflow/example_dags/example_task_group.py
[2025-08-06T13:58:09.238-0400] {processor.py:925} INFO - DAG(s) 'example_task_group' retrieved from /home/huynguyen2741/airflow_venv/lib/python3.12/site-packages/airflow/example_dags/example_task_group.py
[2025-08-06T13:58:09.249-0400] {logging_mixin.py:190} INFO - [2025-08-06T13:58:09.249-0400] {dag.py:3239} INFO - Sync 1 DAGs
[2025-08-06T13:58:09.257-0400] {logging_mixin.py:190} INFO - [2025-08-06T13:58:09.257-0400] {dag.py:4180} INFO - Setting next_dagrun for example_task_group to None, run_after=None
[2025-08-06T13:58:09.271-0400] {processor.py:208} INFO - Processing /home/huynguyen2741/airflow_venv/lib/python3.12/site-packages/airflow/example_dags/example_task_group.py took 0.047 seconds
[2025-08-06T13:59:09.830-0400] {processor.py:186} INFO - Started process (PID=18132) to work on /home/huynguyen2741/airflow_venv/lib/python3.12/site-packages/airflow/example_dags/example_task_group.py
[2025-08-06T13:59:09.831-0400] {processor.py:914} INFO - Processing file /home/huynguyen2741/airflow_venv/lib/python3.12/site-packages/airflow/example_dags/example_task_group.py for tasks to queue
[2025-08-06T13:59:09.832-0400] {logging_mixin.py:190} INFO - [2025-08-06T13:59:09.832-0400] {dagbag.py:588} INFO - Filling up the DagBag from /home/huynguyen2741/airflow_venv/lib/python3.12/site-packages/airflow/example_dags/example_task_group.py
[2025-08-06T13:59:09.839-0400] {processor.py:925} INFO - DAG(s) 'example_task_group' retrieved from /home/huynguyen2741/airflow_venv/lib/python3.12/site-packages/airflow/example_dags/example_task_group.py
[2025-08-06T13:59:09.850-0400] {logging_mixin.py:190} INFO - [2025-08-06T13:59:09.850-0400] {dag.py:3239} INFO - Sync 1 DAGs
[2025-08-06T13:59:09.858-0400] {logging_mixin.py:190} INFO - [2025-08-06T13:59:09.857-0400] {dag.py:4180} INFO - Setting next_dagrun for example_task_group to None, run_after=None
[2025-08-06T13:59:09.875-0400] {processor.py:208} INFO - Processing /home/huynguyen2741/airflow_venv/lib/python3.12/site-packages/airflow/example_dags/example_task_group.py took 0.050 seconds
[2025-08-06T14:00:13.458-0400] {processor.py:186} INFO - Started process (PID=18351) to work on /home/huynguyen2741/airflow_venv/lib/python3.12/site-packages/airflow/example_dags/example_task_group.py
[2025-08-06T14:00:13.458-0400] {processor.py:914} INFO - Processing file /home/huynguyen2741/airflow_venv/lib/python3.12/site-packages/airflow/example_dags/example_task_group.py for tasks to queue
[2025-08-06T14:00:13.460-0400] {logging_mixin.py:190} INFO - [2025-08-06T14:00:13.460-0400] {dagbag.py:588} INFO - Filling up the DagBag from /home/huynguyen2741/airflow_venv/lib/python3.12/site-packages/airflow/example_dags/example_task_group.py
[2025-08-06T14:00:13.466-0400] {processor.py:925} INFO - DAG(s) 'example_task_group' retrieved from /home/huynguyen2741/airflow_venv/lib/python3.12/site-packages/airflow/example_dags/example_task_group.py
[2025-08-06T14:00:13.478-0400] {logging_mixin.py:190} INFO - [2025-08-06T14:00:13.478-0400] {dag.py:3239} INFO - Sync 1 DAGs
[2025-08-06T14:00:13.487-0400] {logging_mixin.py:190} INFO - [2025-08-06T14:00:13.487-0400] {dag.py:4180} INFO - Setting next_dagrun for example_task_group to None, run_after=None
[2025-08-06T14:00:13.505-0400] {processor.py:208} INFO - Processing /home/huynguyen2741/airflow_venv/lib/python3.12/site-packages/airflow/example_dags/example_task_group.py took 0.051 seconds
[2025-08-06T14:01:12.967-0400] {processor.py:186} INFO - Started process (PID=18572) to work on /home/huynguyen2741/airflow_venv/lib/python3.12/site-packages/airflow/example_dags/example_task_group.py
[2025-08-06T14:01:12.968-0400] {processor.py:914} INFO - Processing file /home/huynguyen2741/airflow_venv/lib/python3.12/site-packages/airflow/example_dags/example_task_group.py for tasks to queue
[2025-08-06T14:01:12.969-0400] {logging_mixin.py:190} INFO - [2025-08-06T14:01:12.969-0400] {dagbag.py:588} INFO - Filling up the DagBag from /home/huynguyen2741/airflow_venv/lib/python3.12/site-packages/airflow/example_dags/example_task_group.py
[2025-08-06T14:01:12.976-0400] {processor.py:925} INFO - DAG(s) 'example_task_group' retrieved from /home/huynguyen2741/airflow_venv/lib/python3.12/site-packages/airflow/example_dags/example_task_group.py
[2025-08-06T14:01:12.987-0400] {logging_mixin.py:190} INFO - [2025-08-06T14:01:12.987-0400] {dag.py:3239} INFO - Sync 1 DAGs
[2025-08-06T14:01:12.994-0400] {logging_mixin.py:190} INFO - [2025-08-06T14:01:12.994-0400] {dag.py:4180} INFO - Setting next_dagrun for example_task_group to None, run_after=None
[2025-08-06T14:01:13.013-0400] {processor.py:208} INFO - Processing /home/huynguyen2741/airflow_venv/lib/python3.12/site-packages/airflow/example_dags/example_task_group.py took 0.051 seconds
[2025-08-06T14:02:16.304-0400] {processor.py:186} INFO - Started process (PID=18799) to work on /home/huynguyen2741/airflow_venv/lib/python3.12/site-packages/airflow/example_dags/example_task_group.py
[2025-08-06T14:02:16.313-0400] {processor.py:914} INFO - Processing file /home/huynguyen2741/airflow_venv/lib/python3.12/site-packages/airflow/example_dags/example_task_group.py for tasks to queue
[2025-08-06T14:02:16.315-0400] {logging_mixin.py:190} INFO - [2025-08-06T14:02:16.315-0400] {dagbag.py:588} INFO - Filling up the DagBag from /home/huynguyen2741/airflow_venv/lib/python3.12/site-packages/airflow/example_dags/example_task_group.py
[2025-08-06T14:02:16.322-0400] {processor.py:925} INFO - DAG(s) 'example_task_group' retrieved from /home/huynguyen2741/airflow_venv/lib/python3.12/site-packages/airflow/example_dags/example_task_group.py
[2025-08-06T14:02:16.333-0400] {logging_mixin.py:190} INFO - [2025-08-06T14:02:16.333-0400] {dag.py:3239} INFO - Sync 1 DAGs
[2025-08-06T14:02:16.341-0400] {logging_mixin.py:190} INFO - [2025-08-06T14:02:16.341-0400] {dag.py:4180} INFO - Setting next_dagrun for example_task_group to None, run_after=None
[2025-08-06T14:02:16.357-0400] {processor.py:208} INFO - Processing /home/huynguyen2741/airflow_venv/lib/python3.12/site-packages/airflow/example_dags/example_task_group.py took 0.057 seconds
[2025-08-06T14:03:18.423-0400] {processor.py:186} INFO - Started process (PID=19040) to work on /home/huynguyen2741/airflow_venv/lib/python3.12/site-packages/airflow/example_dags/example_task_group.py
[2025-08-06T14:03:18.432-0400] {processor.py:914} INFO - Processing file /home/huynguyen2741/airflow_venv/lib/python3.12/site-packages/airflow/example_dags/example_task_group.py for tasks to queue
[2025-08-06T14:03:18.434-0400] {logging_mixin.py:190} INFO - [2025-08-06T14:03:18.433-0400] {dagbag.py:588} INFO - Filling up the DagBag from /home/huynguyen2741/airflow_venv/lib/python3.12/site-packages/airflow/example_dags/example_task_group.py
[2025-08-06T14:03:18.440-0400] {processor.py:925} INFO - DAG(s) 'example_task_group' retrieved from /home/huynguyen2741/airflow_venv/lib/python3.12/site-packages/airflow/example_dags/example_task_group.py
[2025-08-06T14:03:18.451-0400] {logging_mixin.py:190} INFO - [2025-08-06T14:03:18.451-0400] {dag.py:3239} INFO - Sync 1 DAGs
[2025-08-06T14:03:18.459-0400] {logging_mixin.py:190} INFO - [2025-08-06T14:03:18.459-0400] {dag.py:4180} INFO - Setting next_dagrun for example_task_group to None, run_after=None
[2025-08-06T14:03:18.473-0400] {processor.py:208} INFO - Processing /home/huynguyen2741/airflow_venv/lib/python3.12/site-packages/airflow/example_dags/example_task_group.py took 0.055 seconds
[2025-08-06T14:04:20.757-0400] {processor.py:186} INFO - Started process (PID=19260) to work on /home/huynguyen2741/airflow_venv/lib/python3.12/site-packages/airflow/example_dags/example_task_group.py
[2025-08-06T14:04:20.760-0400] {processor.py:914} INFO - Processing file /home/huynguyen2741/airflow_venv/lib/python3.12/site-packages/airflow/example_dags/example_task_group.py for tasks to queue
[2025-08-06T14:04:20.762-0400] {logging_mixin.py:190} INFO - [2025-08-06T14:04:20.761-0400] {dagbag.py:588} INFO - Filling up the DagBag from /home/huynguyen2741/airflow_venv/lib/python3.12/site-packages/airflow/example_dags/example_task_group.py
[2025-08-06T14:04:20.770-0400] {processor.py:925} INFO - DAG(s) 'example_task_group' retrieved from /home/huynguyen2741/airflow_venv/lib/python3.12/site-packages/airflow/example_dags/example_task_group.py
[2025-08-06T14:04:20.786-0400] {logging_mixin.py:190} INFO - [2025-08-06T14:04:20.786-0400] {dag.py:3239} INFO - Sync 1 DAGs
[2025-08-06T14:04:20.797-0400] {logging_mixin.py:190} INFO - [2025-08-06T14:04:20.797-0400] {dag.py:4180} INFO - Setting next_dagrun for example_task_group to None, run_after=None
[2025-08-06T14:04:20.816-0400] {processor.py:208} INFO - Processing /home/huynguyen2741/airflow_venv/lib/python3.12/site-packages/airflow/example_dags/example_task_group.py took 0.066 seconds
[2025-08-06T14:05:21.913-0400] {processor.py:186} INFO - Started process (PID=19619) to work on /home/huynguyen2741/airflow_venv/lib/python3.12/site-packages/airflow/example_dags/example_task_group.py
[2025-08-06T14:05:21.914-0400] {processor.py:914} INFO - Processing file /home/huynguyen2741/airflow_venv/lib/python3.12/site-packages/airflow/example_dags/example_task_group.py for tasks to queue
[2025-08-06T14:05:21.916-0400] {logging_mixin.py:190} INFO - [2025-08-06T14:05:21.916-0400] {dagbag.py:588} INFO - Filling up the DagBag from /home/huynguyen2741/airflow_venv/lib/python3.12/site-packages/airflow/example_dags/example_task_group.py
[2025-08-06T14:05:21.925-0400] {processor.py:925} INFO - DAG(s) 'example_task_group' retrieved from /home/huynguyen2741/airflow_venv/lib/python3.12/site-packages/airflow/example_dags/example_task_group.py
[2025-08-06T14:05:21.944-0400] {logging_mixin.py:190} INFO - [2025-08-06T14:05:21.944-0400] {dag.py:3239} INFO - Sync 1 DAGs
[2025-08-06T14:05:21.959-0400] {logging_mixin.py:190} INFO - [2025-08-06T14:05:21.958-0400] {dag.py:4180} INFO - Setting next_dagrun for example_task_group to None, run_after=None
[2025-08-06T14:05:21.984-0400] {processor.py:208} INFO - Processing /home/huynguyen2741/airflow_venv/lib/python3.12/site-packages/airflow/example_dags/example_task_group.py took 0.076 seconds
[2025-08-06T14:06:25.555-0400] {processor.py:186} INFO - Started process (PID=19865) to work on /home/huynguyen2741/airflow_venv/lib/python3.12/site-packages/airflow/example_dags/example_task_group.py
[2025-08-06T14:06:25.556-0400] {processor.py:914} INFO - Processing file /home/huynguyen2741/airflow_venv/lib/python3.12/site-packages/airflow/example_dags/example_task_group.py for tasks to queue
[2025-08-06T14:06:25.557-0400] {logging_mixin.py:190} INFO - [2025-08-06T14:06:25.557-0400] {dagbag.py:588} INFO - Filling up the DagBag from /home/huynguyen2741/airflow_venv/lib/python3.12/site-packages/airflow/example_dags/example_task_group.py
[2025-08-06T14:06:25.564-0400] {processor.py:925} INFO - DAG(s) 'example_task_group' retrieved from /home/huynguyen2741/airflow_venv/lib/python3.12/site-packages/airflow/example_dags/example_task_group.py
[2025-08-06T14:06:25.577-0400] {logging_mixin.py:190} INFO - [2025-08-06T14:06:25.577-0400] {dag.py:3239} INFO - Sync 1 DAGs
[2025-08-06T14:06:25.584-0400] {logging_mixin.py:190} INFO - [2025-08-06T14:06:25.584-0400] {dag.py:4180} INFO - Setting next_dagrun for example_task_group to None, run_after=None
[2025-08-06T14:06:25.602-0400] {processor.py:208} INFO - Processing /home/huynguyen2741/airflow_venv/lib/python3.12/site-packages/airflow/example_dags/example_task_group.py took 0.052 seconds
[2025-08-06T14:07:34.819-0400] {processor.py:186} INFO - Started process (PID=20108) to work on /home/huynguyen2741/airflow_venv/lib/python3.12/site-packages/airflow/example_dags/example_task_group.py
[2025-08-06T14:07:34.820-0400] {processor.py:914} INFO - Processing file /home/huynguyen2741/airflow_venv/lib/python3.12/site-packages/airflow/example_dags/example_task_group.py for tasks to queue
[2025-08-06T14:07:34.821-0400] {logging_mixin.py:190} INFO - [2025-08-06T14:07:34.821-0400] {dagbag.py:588} INFO - Filling up the DagBag from /home/huynguyen2741/airflow_venv/lib/python3.12/site-packages/airflow/example_dags/example_task_group.py
[2025-08-06T14:07:34.828-0400] {processor.py:925} INFO - DAG(s) 'example_task_group' retrieved from /home/huynguyen2741/airflow_venv/lib/python3.12/site-packages/airflow/example_dags/example_task_group.py
[2025-08-06T14:07:34.840-0400] {logging_mixin.py:190} INFO - [2025-08-06T14:07:34.840-0400] {dag.py:3239} INFO - Sync 1 DAGs
[2025-08-06T14:07:34.848-0400] {logging_mixin.py:190} INFO - [2025-08-06T14:07:34.848-0400] {dag.py:4180} INFO - Setting next_dagrun for example_task_group to None, run_after=None
[2025-08-06T14:07:34.863-0400] {processor.py:208} INFO - Processing /home/huynguyen2741/airflow_venv/lib/python3.12/site-packages/airflow/example_dags/example_task_group.py took 0.049 seconds
[2025-08-06T14:08:41.405-0400] {processor.py:186} INFO - Started process (PID=20423) to work on /home/huynguyen2741/airflow_venv/lib/python3.12/site-packages/airflow/example_dags/example_task_group.py
[2025-08-06T14:08:41.406-0400] {processor.py:914} INFO - Processing file /home/huynguyen2741/airflow_venv/lib/python3.12/site-packages/airflow/example_dags/example_task_group.py for tasks to queue
[2025-08-06T14:08:41.408-0400] {logging_mixin.py:190} INFO - [2025-08-06T14:08:41.408-0400] {dagbag.py:588} INFO - Filling up the DagBag from /home/huynguyen2741/airflow_venv/lib/python3.12/site-packages/airflow/example_dags/example_task_group.py
[2025-08-06T14:08:41.415-0400] {processor.py:925} INFO - DAG(s) 'example_task_group' retrieved from /home/huynguyen2741/airflow_venv/lib/python3.12/site-packages/airflow/example_dags/example_task_group.py
[2025-08-06T14:08:41.426-0400] {logging_mixin.py:190} INFO - [2025-08-06T14:08:41.426-0400] {dag.py:3239} INFO - Sync 1 DAGs
[2025-08-06T14:08:41.433-0400] {logging_mixin.py:190} INFO - [2025-08-06T14:08:41.433-0400] {dag.py:4180} INFO - Setting next_dagrun for example_task_group to None, run_after=None
[2025-08-06T14:08:41.451-0400] {processor.py:208} INFO - Processing /home/huynguyen2741/airflow_venv/lib/python3.12/site-packages/airflow/example_dags/example_task_group.py took 0.050 seconds
[2025-08-06T14:09:53.235-0400] {processor.py:186} INFO - Started process (PID=20926) to work on /home/huynguyen2741/airflow_venv/lib/python3.12/site-packages/airflow/example_dags/example_task_group.py
[2025-08-06T14:09:53.240-0400] {processor.py:914} INFO - Processing file /home/huynguyen2741/airflow_venv/lib/python3.12/site-packages/airflow/example_dags/example_task_group.py for tasks to queue
[2025-08-06T14:09:53.242-0400] {logging_mixin.py:190} INFO - [2025-08-06T14:09:53.241-0400] {dagbag.py:588} INFO - Filling up the DagBag from /home/huynguyen2741/airflow_venv/lib/python3.12/site-packages/airflow/example_dags/example_task_group.py
[2025-08-06T14:09:53.248-0400] {processor.py:925} INFO - DAG(s) 'example_task_group' retrieved from /home/huynguyen2741/airflow_venv/lib/python3.12/site-packages/airflow/example_dags/example_task_group.py
[2025-08-06T14:09:53.263-0400] {logging_mixin.py:190} INFO - [2025-08-06T14:09:53.263-0400] {dag.py:3239} INFO - Sync 1 DAGs
[2025-08-06T14:09:53.273-0400] {logging_mixin.py:190} INFO - [2025-08-06T14:09:53.273-0400] {dag.py:4180} INFO - Setting next_dagrun for example_task_group to None, run_after=None
[2025-08-06T14:09:53.292-0400] {processor.py:208} INFO - Processing /home/huynguyen2741/airflow_venv/lib/python3.12/site-packages/airflow/example_dags/example_task_group.py took 0.061 seconds
[2025-08-06T14:10:51.875-0400] {processor.py:186} INFO - Started process (PID=21253) to work on /home/huynguyen2741/airflow_venv/lib/python3.12/site-packages/airflow/example_dags/example_task_group.py
[2025-08-06T14:10:51.876-0400] {processor.py:914} INFO - Processing file /home/huynguyen2741/airflow_venv/lib/python3.12/site-packages/airflow/example_dags/example_task_group.py for tasks to queue
[2025-08-06T14:10:51.878-0400] {logging_mixin.py:190} INFO - [2025-08-06T14:10:51.878-0400] {dagbag.py:588} INFO - Filling up the DagBag from /home/huynguyen2741/airflow_venv/lib/python3.12/site-packages/airflow/example_dags/example_task_group.py
[2025-08-06T14:10:51.885-0400] {processor.py:925} INFO - DAG(s) 'example_task_group' retrieved from /home/huynguyen2741/airflow_venv/lib/python3.12/site-packages/airflow/example_dags/example_task_group.py
[2025-08-06T14:10:51.896-0400] {logging_mixin.py:190} INFO - [2025-08-06T14:10:51.896-0400] {dag.py:3239} INFO - Sync 1 DAGs
[2025-08-06T14:10:51.903-0400] {logging_mixin.py:190} INFO - [2025-08-06T14:10:51.903-0400] {dag.py:4180} INFO - Setting next_dagrun for example_task_group to None, run_after=None
[2025-08-06T14:10:51.921-0400] {processor.py:208} INFO - Processing /home/huynguyen2741/airflow_venv/lib/python3.12/site-packages/airflow/example_dags/example_task_group.py took 0.051 seconds
[2025-08-06T14:11:55.477-0400] {processor.py:186} INFO - Started process (PID=21507) to work on /home/huynguyen2741/airflow_venv/lib/python3.12/site-packages/airflow/example_dags/example_task_group.py
[2025-08-06T14:11:55.481-0400] {processor.py:914} INFO - Processing file /home/huynguyen2741/airflow_venv/lib/python3.12/site-packages/airflow/example_dags/example_task_group.py for tasks to queue
[2025-08-06T14:11:55.482-0400] {logging_mixin.py:190} INFO - [2025-08-06T14:11:55.482-0400] {dagbag.py:588} INFO - Filling up the DagBag from /home/huynguyen2741/airflow_venv/lib/python3.12/site-packages/airflow/example_dags/example_task_group.py
[2025-08-06T14:11:55.488-0400] {processor.py:925} INFO - DAG(s) 'example_task_group' retrieved from /home/huynguyen2741/airflow_venv/lib/python3.12/site-packages/airflow/example_dags/example_task_group.py
[2025-08-06T14:11:55.500-0400] {logging_mixin.py:190} INFO - [2025-08-06T14:11:55.500-0400] {dag.py:3239} INFO - Sync 1 DAGs
[2025-08-06T14:11:55.508-0400] {logging_mixin.py:190} INFO - [2025-08-06T14:11:55.508-0400] {dag.py:4180} INFO - Setting next_dagrun for example_task_group to None, run_after=None
[2025-08-06T14:11:55.524-0400] {processor.py:208} INFO - Processing /home/huynguyen2741/airflow_venv/lib/python3.12/site-packages/airflow/example_dags/example_task_group.py took 0.051 seconds
[2025-08-06T14:13:00.124-0400] {processor.py:186} INFO - Started process (PID=21941) to work on /home/huynguyen2741/airflow_venv/lib/python3.12/site-packages/airflow/example_dags/example_task_group.py
[2025-08-06T14:13:00.128-0400] {processor.py:914} INFO - Processing file /home/huynguyen2741/airflow_venv/lib/python3.12/site-packages/airflow/example_dags/example_task_group.py for tasks to queue
[2025-08-06T14:13:00.129-0400] {logging_mixin.py:190} INFO - [2025-08-06T14:13:00.129-0400] {dagbag.py:588} INFO - Filling up the DagBag from /home/huynguyen2741/airflow_venv/lib/python3.12/site-packages/airflow/example_dags/example_task_group.py
[2025-08-06T14:13:00.136-0400] {processor.py:925} INFO - DAG(s) 'example_task_group' retrieved from /home/huynguyen2741/airflow_venv/lib/python3.12/site-packages/airflow/example_dags/example_task_group.py
[2025-08-06T14:13:00.148-0400] {logging_mixin.py:190} INFO - [2025-08-06T14:13:00.148-0400] {dag.py:3239} INFO - Sync 1 DAGs
[2025-08-06T14:13:00.156-0400] {logging_mixin.py:190} INFO - [2025-08-06T14:13:00.156-0400] {dag.py:4180} INFO - Setting next_dagrun for example_task_group to None, run_after=None
[2025-08-06T14:13:00.171-0400] {processor.py:208} INFO - Processing /home/huynguyen2741/airflow_venv/lib/python3.12/site-packages/airflow/example_dags/example_task_group.py took 0.051 seconds
[2025-08-06T14:14:05.428-0400] {processor.py:186} INFO - Started process (PID=22360) to work on /home/huynguyen2741/airflow_venv/lib/python3.12/site-packages/airflow/example_dags/example_task_group.py
[2025-08-06T14:14:05.432-0400] {processor.py:914} INFO - Processing file /home/huynguyen2741/airflow_venv/lib/python3.12/site-packages/airflow/example_dags/example_task_group.py for tasks to queue
[2025-08-06T14:14:05.433-0400] {logging_mixin.py:190} INFO - [2025-08-06T14:14:05.433-0400] {dagbag.py:588} INFO - Filling up the DagBag from /home/huynguyen2741/airflow_venv/lib/python3.12/site-packages/airflow/example_dags/example_task_group.py
[2025-08-06T14:14:05.440-0400] {processor.py:925} INFO - DAG(s) 'example_task_group' retrieved from /home/huynguyen2741/airflow_venv/lib/python3.12/site-packages/airflow/example_dags/example_task_group.py
[2025-08-06T14:14:05.452-0400] {logging_mixin.py:190} INFO - [2025-08-06T14:14:05.452-0400] {dag.py:3239} INFO - Sync 1 DAGs
[2025-08-06T14:14:05.461-0400] {logging_mixin.py:190} INFO - [2025-08-06T14:14:05.461-0400] {dag.py:4180} INFO - Setting next_dagrun for example_task_group to None, run_after=None
[2025-08-06T14:14:05.477-0400] {processor.py:208} INFO - Processing /home/huynguyen2741/airflow_venv/lib/python3.12/site-packages/airflow/example_dags/example_task_group.py took 0.053 seconds
[2025-08-06T14:15:09.272-0400] {processor.py:186} INFO - Started process (PID=22699) to work on /home/huynguyen2741/airflow_venv/lib/python3.12/site-packages/airflow/example_dags/example_task_group.py
[2025-08-06T14:15:09.276-0400] {processor.py:914} INFO - Processing file /home/huynguyen2741/airflow_venv/lib/python3.12/site-packages/airflow/example_dags/example_task_group.py for tasks to queue
[2025-08-06T14:15:09.277-0400] {logging_mixin.py:190} INFO - [2025-08-06T14:15:09.276-0400] {dagbag.py:588} INFO - Filling up the DagBag from /home/huynguyen2741/airflow_venv/lib/python3.12/site-packages/airflow/example_dags/example_task_group.py
[2025-08-06T14:15:09.284-0400] {processor.py:925} INFO - DAG(s) 'example_task_group' retrieved from /home/huynguyen2741/airflow_venv/lib/python3.12/site-packages/airflow/example_dags/example_task_group.py
[2025-08-06T14:15:09.296-0400] {logging_mixin.py:190} INFO - [2025-08-06T14:15:09.295-0400] {dag.py:3239} INFO - Sync 1 DAGs
[2025-08-06T14:15:09.304-0400] {logging_mixin.py:190} INFO - [2025-08-06T14:15:09.304-0400] {dag.py:4180} INFO - Setting next_dagrun for example_task_group to None, run_after=None
[2025-08-06T14:15:09.321-0400] {processor.py:208} INFO - Processing /home/huynguyen2741/airflow_venv/lib/python3.12/site-packages/airflow/example_dags/example_task_group.py took 0.054 seconds
[2025-08-06T14:16:07.125-0400] {processor.py:186} INFO - Started process (PID=23052) to work on /home/huynguyen2741/airflow_venv/lib/python3.12/site-packages/airflow/example_dags/example_task_group.py
[2025-08-06T14:16:07.129-0400] {processor.py:914} INFO - Processing file /home/huynguyen2741/airflow_venv/lib/python3.12/site-packages/airflow/example_dags/example_task_group.py for tasks to queue
[2025-08-06T14:16:07.131-0400] {logging_mixin.py:190} INFO - [2025-08-06T14:16:07.130-0400] {dagbag.py:588} INFO - Filling up the DagBag from /home/huynguyen2741/airflow_venv/lib/python3.12/site-packages/airflow/example_dags/example_task_group.py
[2025-08-06T14:16:07.138-0400] {processor.py:925} INFO - DAG(s) 'example_task_group' retrieved from /home/huynguyen2741/airflow_venv/lib/python3.12/site-packages/airflow/example_dags/example_task_group.py
[2025-08-06T14:16:07.154-0400] {logging_mixin.py:190} INFO - [2025-08-06T14:16:07.154-0400] {dag.py:3239} INFO - Sync 1 DAGs
[2025-08-06T14:16:07.166-0400] {logging_mixin.py:190} INFO - [2025-08-06T14:16:07.166-0400] {dag.py:4180} INFO - Setting next_dagrun for example_task_group to None, run_after=None
[2025-08-06T14:16:07.185-0400] {processor.py:208} INFO - Processing /home/huynguyen2741/airflow_venv/lib/python3.12/site-packages/airflow/example_dags/example_task_group.py took 0.064 seconds
[2025-08-06T14:17:14.822-0400] {processor.py:186} INFO - Started process (PID=23300) to work on /home/huynguyen2741/airflow_venv/lib/python3.12/site-packages/airflow/example_dags/example_task_group.py
[2025-08-06T14:17:14.826-0400] {processor.py:914} INFO - Processing file /home/huynguyen2741/airflow_venv/lib/python3.12/site-packages/airflow/example_dags/example_task_group.py for tasks to queue
[2025-08-06T14:17:14.827-0400] {logging_mixin.py:190} INFO - [2025-08-06T14:17:14.827-0400] {dagbag.py:588} INFO - Filling up the DagBag from /home/huynguyen2741/airflow_venv/lib/python3.12/site-packages/airflow/example_dags/example_task_group.py
[2025-08-06T14:17:14.834-0400] {processor.py:925} INFO - DAG(s) 'example_task_group' retrieved from /home/huynguyen2741/airflow_venv/lib/python3.12/site-packages/airflow/example_dags/example_task_group.py
[2025-08-06T14:17:14.846-0400] {logging_mixin.py:190} INFO - [2025-08-06T14:17:14.846-0400] {dag.py:3239} INFO - Sync 1 DAGs
[2025-08-06T14:17:14.854-0400] {logging_mixin.py:190} INFO - [2025-08-06T14:17:14.854-0400] {dag.py:4180} INFO - Setting next_dagrun for example_task_group to None, run_after=None
[2025-08-06T14:17:14.868-0400] {processor.py:208} INFO - Processing /home/huynguyen2741/airflow_venv/lib/python3.12/site-packages/airflow/example_dags/example_task_group.py took 0.051 seconds
[2025-08-06T14:18:20.217-0400] {processor.py:186} INFO - Started process (PID=23539) to work on /home/huynguyen2741/airflow_venv/lib/python3.12/site-packages/airflow/example_dags/example_task_group.py
[2025-08-06T14:18:20.218-0400] {processor.py:914} INFO - Processing file /home/huynguyen2741/airflow_venv/lib/python3.12/site-packages/airflow/example_dags/example_task_group.py for tasks to queue
[2025-08-06T14:18:20.219-0400] {logging_mixin.py:190} INFO - [2025-08-06T14:18:20.219-0400] {dagbag.py:588} INFO - Filling up the DagBag from /home/huynguyen2741/airflow_venv/lib/python3.12/site-packages/airflow/example_dags/example_task_group.py
[2025-08-06T14:18:20.227-0400] {processor.py:925} INFO - DAG(s) 'example_task_group' retrieved from /home/huynguyen2741/airflow_venv/lib/python3.12/site-packages/airflow/example_dags/example_task_group.py
[2025-08-06T14:18:20.239-0400] {logging_mixin.py:190} INFO - [2025-08-06T14:18:20.239-0400] {dag.py:3239} INFO - Sync 1 DAGs
[2025-08-06T14:18:20.249-0400] {logging_mixin.py:190} INFO - [2025-08-06T14:18:20.249-0400] {dag.py:4180} INFO - Setting next_dagrun for example_task_group to None, run_after=None
[2025-08-06T14:18:20.265-0400] {processor.py:208} INFO - Processing /home/huynguyen2741/airflow_venv/lib/python3.12/site-packages/airflow/example_dags/example_task_group.py took 0.052 seconds
[2025-08-06T14:19:27.749-0400] {processor.py:186} INFO - Started process (PID=23810) to work on /home/huynguyen2741/airflow_venv/lib/python3.12/site-packages/airflow/example_dags/example_task_group.py
[2025-08-06T14:19:27.750-0400] {processor.py:914} INFO - Processing file /home/huynguyen2741/airflow_venv/lib/python3.12/site-packages/airflow/example_dags/example_task_group.py for tasks to queue
[2025-08-06T14:19:27.751-0400] {logging_mixin.py:190} INFO - [2025-08-06T14:19:27.751-0400] {dagbag.py:588} INFO - Filling up the DagBag from /home/huynguyen2741/airflow_venv/lib/python3.12/site-packages/airflow/example_dags/example_task_group.py
[2025-08-06T14:19:27.758-0400] {processor.py:925} INFO - DAG(s) 'example_task_group' retrieved from /home/huynguyen2741/airflow_venv/lib/python3.12/site-packages/airflow/example_dags/example_task_group.py
[2025-08-06T14:19:27.774-0400] {logging_mixin.py:190} INFO - [2025-08-06T14:19:27.774-0400] {dag.py:3239} INFO - Sync 1 DAGs
[2025-08-06T14:19:27.785-0400] {logging_mixin.py:190} INFO - [2025-08-06T14:19:27.785-0400] {dag.py:4180} INFO - Setting next_dagrun for example_task_group to None, run_after=None
[2025-08-06T14:19:27.805-0400] {processor.py:208} INFO - Processing /home/huynguyen2741/airflow_venv/lib/python3.12/site-packages/airflow/example_dags/example_task_group.py took 0.060 seconds
[2025-08-06T14:20:32.562-0400] {processor.py:186} INFO - Started process (PID=24038) to work on /home/huynguyen2741/airflow_venv/lib/python3.12/site-packages/airflow/example_dags/example_task_group.py
[2025-08-06T14:20:32.563-0400] {processor.py:914} INFO - Processing file /home/huynguyen2741/airflow_venv/lib/python3.12/site-packages/airflow/example_dags/example_task_group.py for tasks to queue
[2025-08-06T14:20:32.564-0400] {logging_mixin.py:190} INFO - [2025-08-06T14:20:32.564-0400] {dagbag.py:588} INFO - Filling up the DagBag from /home/huynguyen2741/airflow_venv/lib/python3.12/site-packages/airflow/example_dags/example_task_group.py
[2025-08-06T14:20:32.571-0400] {processor.py:925} INFO - DAG(s) 'example_task_group' retrieved from /home/huynguyen2741/airflow_venv/lib/python3.12/site-packages/airflow/example_dags/example_task_group.py
[2025-08-06T14:20:32.583-0400] {logging_mixin.py:190} INFO - [2025-08-06T14:20:32.583-0400] {dag.py:3239} INFO - Sync 1 DAGs
[2025-08-06T14:20:32.592-0400] {logging_mixin.py:190} INFO - [2025-08-06T14:20:32.592-0400] {dag.py:4180} INFO - Setting next_dagrun for example_task_group to None, run_after=None
[2025-08-06T14:20:32.607-0400] {processor.py:208} INFO - Processing /home/huynguyen2741/airflow_venv/lib/python3.12/site-packages/airflow/example_dags/example_task_group.py took 0.050 seconds
[2025-08-06T14:21:41.184-0400] {processor.py:186} INFO - Started process (PID=24282) to work on /home/huynguyen2741/airflow_venv/lib/python3.12/site-packages/airflow/example_dags/example_task_group.py
[2025-08-06T14:21:41.185-0400] {processor.py:914} INFO - Processing file /home/huynguyen2741/airflow_venv/lib/python3.12/site-packages/airflow/example_dags/example_task_group.py for tasks to queue
[2025-08-06T14:21:41.186-0400] {logging_mixin.py:190} INFO - [2025-08-06T14:21:41.186-0400] {dagbag.py:588} INFO - Filling up the DagBag from /home/huynguyen2741/airflow_venv/lib/python3.12/site-packages/airflow/example_dags/example_task_group.py
[2025-08-06T14:21:41.193-0400] {processor.py:925} INFO - DAG(s) 'example_task_group' retrieved from /home/huynguyen2741/airflow_venv/lib/python3.12/site-packages/airflow/example_dags/example_task_group.py
[2025-08-06T14:21:41.210-0400] {logging_mixin.py:190} INFO - [2025-08-06T14:21:41.209-0400] {dag.py:3239} INFO - Sync 1 DAGs
[2025-08-06T14:21:41.221-0400] {logging_mixin.py:190} INFO - [2025-08-06T14:21:41.220-0400] {dag.py:4180} INFO - Setting next_dagrun for example_task_group to None, run_after=None
[2025-08-06T14:21:41.239-0400] {processor.py:208} INFO - Processing /home/huynguyen2741/airflow_venv/lib/python3.12/site-packages/airflow/example_dags/example_task_group.py took 0.059 seconds
[2025-08-06T14:22:41.732-0400] {processor.py:186} INFO - Started process (PID=24650) to work on /home/huynguyen2741/airflow_venv/lib/python3.12/site-packages/airflow/example_dags/example_task_group.py
[2025-08-06T14:22:41.743-0400] {processor.py:914} INFO - Processing file /home/huynguyen2741/airflow_venv/lib/python3.12/site-packages/airflow/example_dags/example_task_group.py for tasks to queue
[2025-08-06T14:22:41.744-0400] {logging_mixin.py:190} INFO - [2025-08-06T14:22:41.743-0400] {dagbag.py:588} INFO - Filling up the DagBag from /home/huynguyen2741/airflow_venv/lib/python3.12/site-packages/airflow/example_dags/example_task_group.py
[2025-08-06T14:22:41.751-0400] {processor.py:925} INFO - DAG(s) 'example_task_group' retrieved from /home/huynguyen2741/airflow_venv/lib/python3.12/site-packages/airflow/example_dags/example_task_group.py
[2025-08-06T14:22:41.763-0400] {logging_mixin.py:190} INFO - [2025-08-06T14:22:41.763-0400] {dag.py:3239} INFO - Sync 1 DAGs
[2025-08-06T14:22:41.771-0400] {logging_mixin.py:190} INFO - [2025-08-06T14:22:41.771-0400] {dag.py:4180} INFO - Setting next_dagrun for example_task_group to None, run_after=None
[2025-08-06T14:22:41.785-0400] {processor.py:208} INFO - Processing /home/huynguyen2741/airflow_venv/lib/python3.12/site-packages/airflow/example_dags/example_task_group.py took 0.058 seconds
[2025-08-06T14:23:43.540-0400] {processor.py:186} INFO - Started process (PID=25100) to work on /home/huynguyen2741/airflow_venv/lib/python3.12/site-packages/airflow/example_dags/example_task_group.py
[2025-08-06T14:23:43.550-0400] {processor.py:914} INFO - Processing file /home/huynguyen2741/airflow_venv/lib/python3.12/site-packages/airflow/example_dags/example_task_group.py for tasks to queue
[2025-08-06T14:23:43.551-0400] {logging_mixin.py:190} INFO - [2025-08-06T14:23:43.550-0400] {dagbag.py:588} INFO - Filling up the DagBag from /home/huynguyen2741/airflow_venv/lib/python3.12/site-packages/airflow/example_dags/example_task_group.py
[2025-08-06T14:23:43.557-0400] {processor.py:925} INFO - DAG(s) 'example_task_group' retrieved from /home/huynguyen2741/airflow_venv/lib/python3.12/site-packages/airflow/example_dags/example_task_group.py
[2025-08-06T14:23:43.569-0400] {logging_mixin.py:190} INFO - [2025-08-06T14:23:43.569-0400] {dag.py:3239} INFO - Sync 1 DAGs
[2025-08-06T14:23:43.577-0400] {logging_mixin.py:190} INFO - [2025-08-06T14:23:43.577-0400] {dag.py:4180} INFO - Setting next_dagrun for example_task_group to None, run_after=None
[2025-08-06T14:23:43.592-0400] {processor.py:208} INFO - Processing /home/huynguyen2741/airflow_venv/lib/python3.12/site-packages/airflow/example_dags/example_task_group.py took 0.058 seconds
[2025-08-06T14:24:53.766-0400] {processor.py:186} INFO - Started process (PID=25389) to work on /home/huynguyen2741/airflow_venv/lib/python3.12/site-packages/airflow/example_dags/example_task_group.py
[2025-08-06T14:24:53.771-0400] {processor.py:914} INFO - Processing file /home/huynguyen2741/airflow_venv/lib/python3.12/site-packages/airflow/example_dags/example_task_group.py for tasks to queue
[2025-08-06T14:24:53.772-0400] {logging_mixin.py:190} INFO - [2025-08-06T14:24:53.771-0400] {dagbag.py:588} INFO - Filling up the DagBag from /home/huynguyen2741/airflow_venv/lib/python3.12/site-packages/airflow/example_dags/example_task_group.py
[2025-08-06T14:24:53.778-0400] {processor.py:925} INFO - DAG(s) 'example_task_group' retrieved from /home/huynguyen2741/airflow_venv/lib/python3.12/site-packages/airflow/example_dags/example_task_group.py
[2025-08-06T14:24:53.791-0400] {logging_mixin.py:190} INFO - [2025-08-06T14:24:53.791-0400] {dag.py:3239} INFO - Sync 1 DAGs
[2025-08-06T14:24:53.800-0400] {logging_mixin.py:190} INFO - [2025-08-06T14:24:53.800-0400] {dag.py:4180} INFO - Setting next_dagrun for example_task_group to None, run_after=None
[2025-08-06T14:24:53.820-0400] {processor.py:208} INFO - Processing /home/huynguyen2741/airflow_venv/lib/python3.12/site-packages/airflow/example_dags/example_task_group.py took 0.059 seconds
[2025-08-06T14:25:54.457-0400] {processor.py:186} INFO - Started process (PID=25699) to work on /home/huynguyen2741/airflow_venv/lib/python3.12/site-packages/airflow/example_dags/example_task_group.py
[2025-08-06T14:25:54.462-0400] {processor.py:914} INFO - Processing file /home/huynguyen2741/airflow_venv/lib/python3.12/site-packages/airflow/example_dags/example_task_group.py for tasks to queue
[2025-08-06T14:25:54.463-0400] {logging_mixin.py:190} INFO - [2025-08-06T14:25:54.463-0400] {dagbag.py:588} INFO - Filling up the DagBag from /home/huynguyen2741/airflow_venv/lib/python3.12/site-packages/airflow/example_dags/example_task_group.py
[2025-08-06T14:25:54.469-0400] {processor.py:925} INFO - DAG(s) 'example_task_group' retrieved from /home/huynguyen2741/airflow_venv/lib/python3.12/site-packages/airflow/example_dags/example_task_group.py
[2025-08-06T14:25:54.481-0400] {logging_mixin.py:190} INFO - [2025-08-06T14:25:54.481-0400] {dag.py:3239} INFO - Sync 1 DAGs
[2025-08-06T14:25:54.490-0400] {logging_mixin.py:190} INFO - [2025-08-06T14:25:54.490-0400] {dag.py:4180} INFO - Setting next_dagrun for example_task_group to None, run_after=None
[2025-08-06T14:25:54.505-0400] {processor.py:208} INFO - Processing /home/huynguyen2741/airflow_venv/lib/python3.12/site-packages/airflow/example_dags/example_task_group.py took 0.053 seconds
[2025-08-06T14:27:02.134-0400] {processor.py:186} INFO - Started process (PID=25964) to work on /home/huynguyen2741/airflow_venv/lib/python3.12/site-packages/airflow/example_dags/example_task_group.py
[2025-08-06T14:27:02.139-0400] {processor.py:914} INFO - Processing file /home/huynguyen2741/airflow_venv/lib/python3.12/site-packages/airflow/example_dags/example_task_group.py for tasks to queue
[2025-08-06T14:27:02.140-0400] {logging_mixin.py:190} INFO - [2025-08-06T14:27:02.139-0400] {dagbag.py:588} INFO - Filling up the DagBag from /home/huynguyen2741/airflow_venv/lib/python3.12/site-packages/airflow/example_dags/example_task_group.py
[2025-08-06T14:27:02.146-0400] {processor.py:925} INFO - DAG(s) 'example_task_group' retrieved from /home/huynguyen2741/airflow_venv/lib/python3.12/site-packages/airflow/example_dags/example_task_group.py
[2025-08-06T14:27:02.158-0400] {logging_mixin.py:190} INFO - [2025-08-06T14:27:02.158-0400] {dag.py:3239} INFO - Sync 1 DAGs
[2025-08-06T14:27:02.166-0400] {logging_mixin.py:190} INFO - [2025-08-06T14:27:02.166-0400] {dag.py:4180} INFO - Setting next_dagrun for example_task_group to None, run_after=None
[2025-08-06T14:27:02.183-0400] {processor.py:208} INFO - Processing /home/huynguyen2741/airflow_venv/lib/python3.12/site-packages/airflow/example_dags/example_task_group.py took 0.054 seconds
[2025-08-06T14:28:11.838-0400] {processor.py:186} INFO - Started process (PID=26277) to work on /home/huynguyen2741/airflow_venv/lib/python3.12/site-packages/airflow/example_dags/example_task_group.py
[2025-08-06T14:28:11.841-0400] {processor.py:914} INFO - Processing file /home/huynguyen2741/airflow_venv/lib/python3.12/site-packages/airflow/example_dags/example_task_group.py for tasks to queue
[2025-08-06T14:28:11.842-0400] {logging_mixin.py:190} INFO - [2025-08-06T14:28:11.841-0400] {dagbag.py:588} INFO - Filling up the DagBag from /home/huynguyen2741/airflow_venv/lib/python3.12/site-packages/airflow/example_dags/example_task_group.py
[2025-08-06T14:28:11.848-0400] {processor.py:925} INFO - DAG(s) 'example_task_group' retrieved from /home/huynguyen2741/airflow_venv/lib/python3.12/site-packages/airflow/example_dags/example_task_group.py
[2025-08-06T14:28:11.861-0400] {logging_mixin.py:190} INFO - [2025-08-06T14:28:11.861-0400] {dag.py:3239} INFO - Sync 1 DAGs
[2025-08-06T14:28:11.869-0400] {logging_mixin.py:190} INFO - [2025-08-06T14:28:11.869-0400] {dag.py:4180} INFO - Setting next_dagrun for example_task_group to None, run_after=None
[2025-08-06T14:28:11.885-0400] {processor.py:208} INFO - Processing /home/huynguyen2741/airflow_venv/lib/python3.12/site-packages/airflow/example_dags/example_task_group.py took 0.053 seconds
[2025-08-06T14:29:14.819-0400] {processor.py:186} INFO - Started process (PID=26539) to work on /home/huynguyen2741/airflow_venv/lib/python3.12/site-packages/airflow/example_dags/example_task_group.py
[2025-08-06T14:29:14.820-0400] {processor.py:914} INFO - Processing file /home/huynguyen2741/airflow_venv/lib/python3.12/site-packages/airflow/example_dags/example_task_group.py for tasks to queue
[2025-08-06T14:29:14.821-0400] {logging_mixin.py:190} INFO - [2025-08-06T14:29:14.820-0400] {dagbag.py:588} INFO - Filling up the DagBag from /home/huynguyen2741/airflow_venv/lib/python3.12/site-packages/airflow/example_dags/example_task_group.py
[2025-08-06T14:29:14.828-0400] {processor.py:925} INFO - DAG(s) 'example_task_group' retrieved from /home/huynguyen2741/airflow_venv/lib/python3.12/site-packages/airflow/example_dags/example_task_group.py
[2025-08-06T14:29:14.840-0400] {logging_mixin.py:190} INFO - [2025-08-06T14:29:14.839-0400] {dag.py:3239} INFO - Sync 1 DAGs
[2025-08-06T14:29:14.848-0400] {logging_mixin.py:190} INFO - [2025-08-06T14:29:14.848-0400] {dag.py:4180} INFO - Setting next_dagrun for example_task_group to None, run_after=None
[2025-08-06T14:29:14.864-0400] {processor.py:208} INFO - Processing /home/huynguyen2741/airflow_venv/lib/python3.12/site-packages/airflow/example_dags/example_task_group.py took 0.051 seconds
[2025-08-06T14:30:26.153-0400] {processor.py:186} INFO - Started process (PID=26971) to work on /home/huynguyen2741/airflow_venv/lib/python3.12/site-packages/airflow/example_dags/example_task_group.py
[2025-08-06T14:30:26.157-0400] {processor.py:914} INFO - Processing file /home/huynguyen2741/airflow_venv/lib/python3.12/site-packages/airflow/example_dags/example_task_group.py for tasks to queue
[2025-08-06T14:30:26.159-0400] {logging_mixin.py:190} INFO - [2025-08-06T14:30:26.158-0400] {dagbag.py:588} INFO - Filling up the DagBag from /home/huynguyen2741/airflow_venv/lib/python3.12/site-packages/airflow/example_dags/example_task_group.py
[2025-08-06T14:30:26.166-0400] {processor.py:925} INFO - DAG(s) 'example_task_group' retrieved from /home/huynguyen2741/airflow_venv/lib/python3.12/site-packages/airflow/example_dags/example_task_group.py
[2025-08-06T14:30:26.178-0400] {logging_mixin.py:190} INFO - [2025-08-06T14:30:26.178-0400] {dag.py:3239} INFO - Sync 1 DAGs
[2025-08-06T14:30:26.187-0400] {logging_mixin.py:190} INFO - [2025-08-06T14:30:26.187-0400] {dag.py:4180} INFO - Setting next_dagrun for example_task_group to None, run_after=None
[2025-08-06T14:30:26.203-0400] {processor.py:208} INFO - Processing /home/huynguyen2741/airflow_venv/lib/python3.12/site-packages/airflow/example_dags/example_task_group.py took 0.056 seconds
[2025-08-06T14:31:40.815-0400] {processor.py:186} INFO - Started process (PID=27252) to work on /home/huynguyen2741/airflow_venv/lib/python3.12/site-packages/airflow/example_dags/example_task_group.py
[2025-08-06T14:31:40.817-0400] {processor.py:914} INFO - Processing file /home/huynguyen2741/airflow_venv/lib/python3.12/site-packages/airflow/example_dags/example_task_group.py for tasks to queue
[2025-08-06T14:31:40.818-0400] {logging_mixin.py:190} INFO - [2025-08-06T14:31:40.817-0400] {dagbag.py:588} INFO - Filling up the DagBag from /home/huynguyen2741/airflow_venv/lib/python3.12/site-packages/airflow/example_dags/example_task_group.py
[2025-08-06T14:31:40.825-0400] {processor.py:925} INFO - DAG(s) 'example_task_group' retrieved from /home/huynguyen2741/airflow_venv/lib/python3.12/site-packages/airflow/example_dags/example_task_group.py
[2025-08-06T14:31:40.839-0400] {logging_mixin.py:190} INFO - [2025-08-06T14:31:40.839-0400] {dag.py:3239} INFO - Sync 1 DAGs
[2025-08-06T14:31:40.848-0400] {logging_mixin.py:190} INFO - [2025-08-06T14:31:40.848-0400] {dag.py:4180} INFO - Setting next_dagrun for example_task_group to None, run_after=None
[2025-08-06T14:31:40.867-0400] {processor.py:208} INFO - Processing /home/huynguyen2741/airflow_venv/lib/python3.12/site-packages/airflow/example_dags/example_task_group.py took 0.057 seconds
[2025-08-06T14:32:50.754-0400] {processor.py:186} INFO - Started process (PID=27530) to work on /home/huynguyen2741/airflow_venv/lib/python3.12/site-packages/airflow/example_dags/example_task_group.py
[2025-08-06T14:32:50.755-0400] {processor.py:914} INFO - Processing file /home/huynguyen2741/airflow_venv/lib/python3.12/site-packages/airflow/example_dags/example_task_group.py for tasks to queue
[2025-08-06T14:32:50.757-0400] {logging_mixin.py:190} INFO - [2025-08-06T14:32:50.756-0400] {dagbag.py:588} INFO - Filling up the DagBag from /home/huynguyen2741/airflow_venv/lib/python3.12/site-packages/airflow/example_dags/example_task_group.py
[2025-08-06T14:32:50.764-0400] {processor.py:925} INFO - DAG(s) 'example_task_group' retrieved from /home/huynguyen2741/airflow_venv/lib/python3.12/site-packages/airflow/example_dags/example_task_group.py
[2025-08-06T14:32:50.781-0400] {logging_mixin.py:190} INFO - [2025-08-06T14:32:50.781-0400] {dag.py:3239} INFO - Sync 1 DAGs
[2025-08-06T14:32:50.795-0400] {logging_mixin.py:190} INFO - [2025-08-06T14:32:50.795-0400] {dag.py:4180} INFO - Setting next_dagrun for example_task_group to None, run_after=None
[2025-08-06T14:32:50.815-0400] {processor.py:208} INFO - Processing /home/huynguyen2741/airflow_venv/lib/python3.12/site-packages/airflow/example_dags/example_task_group.py took 0.066 seconds
[2025-08-06T14:34:00.896-0400] {processor.py:186} INFO - Started process (PID=27834) to work on /home/huynguyen2741/airflow_venv/lib/python3.12/site-packages/airflow/example_dags/example_task_group.py
[2025-08-06T14:34:00.900-0400] {processor.py:914} INFO - Processing file /home/huynguyen2741/airflow_venv/lib/python3.12/site-packages/airflow/example_dags/example_task_group.py for tasks to queue
[2025-08-06T14:34:00.902-0400] {logging_mixin.py:190} INFO - [2025-08-06T14:34:00.901-0400] {dagbag.py:588} INFO - Filling up the DagBag from /home/huynguyen2741/airflow_venv/lib/python3.12/site-packages/airflow/example_dags/example_task_group.py
[2025-08-06T14:34:00.908-0400] {processor.py:925} INFO - DAG(s) 'example_task_group' retrieved from /home/huynguyen2741/airflow_venv/lib/python3.12/site-packages/airflow/example_dags/example_task_group.py
[2025-08-06T14:34:00.924-0400] {logging_mixin.py:190} INFO - [2025-08-06T14:34:00.924-0400] {dag.py:3239} INFO - Sync 1 DAGs
[2025-08-06T14:34:00.934-0400] {logging_mixin.py:190} INFO - [2025-08-06T14:34:00.934-0400] {dag.py:4180} INFO - Setting next_dagrun for example_task_group to None, run_after=None
[2025-08-06T14:34:00.950-0400] {processor.py:208} INFO - Processing /home/huynguyen2741/airflow_venv/lib/python3.12/site-packages/airflow/example_dags/example_task_group.py took 0.059 seconds
[2025-08-06T14:34:59.247-0400] {processor.py:186} INFO - Started process (PID=28241) to work on /home/huynguyen2741/airflow_venv/lib/python3.12/site-packages/airflow/example_dags/example_task_group.py
[2025-08-06T14:34:59.249-0400] {processor.py:914} INFO - Processing file /home/huynguyen2741/airflow_venv/lib/python3.12/site-packages/airflow/example_dags/example_task_group.py for tasks to queue
[2025-08-06T14:34:59.250-0400] {logging_mixin.py:190} INFO - [2025-08-06T14:34:59.249-0400] {dagbag.py:588} INFO - Filling up the DagBag from /home/huynguyen2741/airflow_venv/lib/python3.12/site-packages/airflow/example_dags/example_task_group.py
[2025-08-06T14:34:59.256-0400] {processor.py:925} INFO - DAG(s) 'example_task_group' retrieved from /home/huynguyen2741/airflow_venv/lib/python3.12/site-packages/airflow/example_dags/example_task_group.py
[2025-08-06T14:34:59.268-0400] {logging_mixin.py:190} INFO - [2025-08-06T14:34:59.268-0400] {dag.py:3239} INFO - Sync 1 DAGs
[2025-08-06T14:34:59.276-0400] {logging_mixin.py:190} INFO - [2025-08-06T14:34:59.276-0400] {dag.py:4180} INFO - Setting next_dagrun for example_task_group to None, run_after=None
[2025-08-06T14:34:59.292-0400] {processor.py:208} INFO - Processing /home/huynguyen2741/airflow_venv/lib/python3.12/site-packages/airflow/example_dags/example_task_group.py took 0.049 seconds
[2025-08-06T14:35:56.647-0400] {processor.py:186} INFO - Started process (PID=28481) to work on /home/huynguyen2741/airflow_venv/lib/python3.12/site-packages/airflow/example_dags/example_task_group.py
[2025-08-06T14:35:56.652-0400] {processor.py:914} INFO - Processing file /home/huynguyen2741/airflow_venv/lib/python3.12/site-packages/airflow/example_dags/example_task_group.py for tasks to queue
[2025-08-06T14:35:56.653-0400] {logging_mixin.py:190} INFO - [2025-08-06T14:35:56.653-0400] {dagbag.py:588} INFO - Filling up the DagBag from /home/huynguyen2741/airflow_venv/lib/python3.12/site-packages/airflow/example_dags/example_task_group.py
[2025-08-06T14:35:56.661-0400] {processor.py:925} INFO - DAG(s) 'example_task_group' retrieved from /home/huynguyen2741/airflow_venv/lib/python3.12/site-packages/airflow/example_dags/example_task_group.py
[2025-08-06T14:35:56.674-0400] {logging_mixin.py:190} INFO - [2025-08-06T14:35:56.674-0400] {dag.py:3239} INFO - Sync 1 DAGs
[2025-08-06T14:35:56.683-0400] {logging_mixin.py:190} INFO - [2025-08-06T14:35:56.683-0400] {dag.py:4180} INFO - Setting next_dagrun for example_task_group to None, run_after=None
[2025-08-06T14:35:56.699-0400] {processor.py:208} INFO - Processing /home/huynguyen2741/airflow_venv/lib/python3.12/site-packages/airflow/example_dags/example_task_group.py took 0.057 seconds
[2025-08-06T14:36:57.955-0400] {processor.py:186} INFO - Started process (PID=28719) to work on /home/huynguyen2741/airflow_venv/lib/python3.12/site-packages/airflow/example_dags/example_task_group.py
[2025-08-06T14:36:57.959-0400] {processor.py:914} INFO - Processing file /home/huynguyen2741/airflow_venv/lib/python3.12/site-packages/airflow/example_dags/example_task_group.py for tasks to queue
[2025-08-06T14:36:57.960-0400] {logging_mixin.py:190} INFO - [2025-08-06T14:36:57.960-0400] {dagbag.py:588} INFO - Filling up the DagBag from /home/huynguyen2741/airflow_venv/lib/python3.12/site-packages/airflow/example_dags/example_task_group.py
[2025-08-06T14:36:57.967-0400] {processor.py:925} INFO - DAG(s) 'example_task_group' retrieved from /home/huynguyen2741/airflow_venv/lib/python3.12/site-packages/airflow/example_dags/example_task_group.py
[2025-08-06T14:36:57.979-0400] {logging_mixin.py:190} INFO - [2025-08-06T14:36:57.979-0400] {dag.py:3239} INFO - Sync 1 DAGs
[2025-08-06T14:36:57.988-0400] {logging_mixin.py:190} INFO - [2025-08-06T14:36:57.988-0400] {dag.py:4180} INFO - Setting next_dagrun for example_task_group to None, run_after=None
[2025-08-06T14:36:58.004-0400] {processor.py:208} INFO - Processing /home/huynguyen2741/airflow_venv/lib/python3.12/site-packages/airflow/example_dags/example_task_group.py took 0.054 seconds
[2025-08-06T14:38:04.474-0400] {processor.py:186} INFO - Started process (PID=28966) to work on /home/huynguyen2741/airflow_venv/lib/python3.12/site-packages/airflow/example_dags/example_task_group.py
[2025-08-06T14:38:04.475-0400] {processor.py:914} INFO - Processing file /home/huynguyen2741/airflow_venv/lib/python3.12/site-packages/airflow/example_dags/example_task_group.py for tasks to queue
[2025-08-06T14:38:04.476-0400] {logging_mixin.py:190} INFO - [2025-08-06T14:38:04.476-0400] {dagbag.py:588} INFO - Filling up the DagBag from /home/huynguyen2741/airflow_venv/lib/python3.12/site-packages/airflow/example_dags/example_task_group.py
[2025-08-06T14:38:04.483-0400] {processor.py:925} INFO - DAG(s) 'example_task_group' retrieved from /home/huynguyen2741/airflow_venv/lib/python3.12/site-packages/airflow/example_dags/example_task_group.py
[2025-08-06T14:38:04.495-0400] {logging_mixin.py:190} INFO - [2025-08-06T14:38:04.495-0400] {dag.py:3239} INFO - Sync 1 DAGs
[2025-08-06T14:38:04.503-0400] {logging_mixin.py:190} INFO - [2025-08-06T14:38:04.503-0400] {dag.py:4180} INFO - Setting next_dagrun for example_task_group to None, run_after=None
[2025-08-06T14:38:04.518-0400] {processor.py:208} INFO - Processing /home/huynguyen2741/airflow_venv/lib/python3.12/site-packages/airflow/example_dags/example_task_group.py took 0.049 seconds
[2025-08-06T14:39:12.209-0400] {processor.py:186} INFO - Started process (PID=29259) to work on /home/huynguyen2741/airflow_venv/lib/python3.12/site-packages/airflow/example_dags/example_task_group.py
[2025-08-06T14:39:12.214-0400] {processor.py:914} INFO - Processing file /home/huynguyen2741/airflow_venv/lib/python3.12/site-packages/airflow/example_dags/example_task_group.py for tasks to queue
[2025-08-06T14:39:12.215-0400] {logging_mixin.py:190} INFO - [2025-08-06T14:39:12.215-0400] {dagbag.py:588} INFO - Filling up the DagBag from /home/huynguyen2741/airflow_venv/lib/python3.12/site-packages/airflow/example_dags/example_task_group.py
[2025-08-06T14:39:12.222-0400] {processor.py:925} INFO - DAG(s) 'example_task_group' retrieved from /home/huynguyen2741/airflow_venv/lib/python3.12/site-packages/airflow/example_dags/example_task_group.py
[2025-08-06T14:39:12.235-0400] {logging_mixin.py:190} INFO - [2025-08-06T14:39:12.235-0400] {dag.py:3239} INFO - Sync 1 DAGs
[2025-08-06T14:39:12.245-0400] {logging_mixin.py:190} INFO - [2025-08-06T14:39:12.245-0400] {dag.py:4180} INFO - Setting next_dagrun for example_task_group to None, run_after=None
[2025-08-06T14:39:12.262-0400] {processor.py:208} INFO - Processing /home/huynguyen2741/airflow_venv/lib/python3.12/site-packages/airflow/example_dags/example_task_group.py took 0.058 seconds
[2025-08-06T14:40:15.152-0400] {processor.py:186} INFO - Started process (PID=29479) to work on /home/huynguyen2741/airflow_venv/lib/python3.12/site-packages/airflow/example_dags/example_task_group.py
[2025-08-06T14:40:15.152-0400] {processor.py:914} INFO - Processing file /home/huynguyen2741/airflow_venv/lib/python3.12/site-packages/airflow/example_dags/example_task_group.py for tasks to queue
[2025-08-06T14:40:15.153-0400] {logging_mixin.py:190} INFO - [2025-08-06T14:40:15.153-0400] {dagbag.py:588} INFO - Filling up the DagBag from /home/huynguyen2741/airflow_venv/lib/python3.12/site-packages/airflow/example_dags/example_task_group.py
[2025-08-06T14:40:15.160-0400] {processor.py:925} INFO - DAG(s) 'example_task_group' retrieved from /home/huynguyen2741/airflow_venv/lib/python3.12/site-packages/airflow/example_dags/example_task_group.py
[2025-08-06T14:40:15.173-0400] {logging_mixin.py:190} INFO - [2025-08-06T14:40:15.173-0400] {dag.py:3239} INFO - Sync 1 DAGs
[2025-08-06T14:40:15.182-0400] {logging_mixin.py:190} INFO - [2025-08-06T14:40:15.181-0400] {dag.py:4180} INFO - Setting next_dagrun for example_task_group to None, run_after=None
[2025-08-06T14:40:15.200-0400] {processor.py:208} INFO - Processing /home/huynguyen2741/airflow_venv/lib/python3.12/site-packages/airflow/example_dags/example_task_group.py took 0.054 seconds
[2025-08-06T14:41:24.500-0400] {processor.py:186} INFO - Started process (PID=29778) to work on /home/huynguyen2741/airflow_venv/lib/python3.12/site-packages/airflow/example_dags/example_task_group.py
[2025-08-06T14:41:24.505-0400] {processor.py:914} INFO - Processing file /home/huynguyen2741/airflow_venv/lib/python3.12/site-packages/airflow/example_dags/example_task_group.py for tasks to queue
[2025-08-06T14:41:24.506-0400] {logging_mixin.py:190} INFO - [2025-08-06T14:41:24.506-0400] {dagbag.py:588} INFO - Filling up the DagBag from /home/huynguyen2741/airflow_venv/lib/python3.12/site-packages/airflow/example_dags/example_task_group.py
[2025-08-06T14:41:24.512-0400] {processor.py:925} INFO - DAG(s) 'example_task_group' retrieved from /home/huynguyen2741/airflow_venv/lib/python3.12/site-packages/airflow/example_dags/example_task_group.py
[2025-08-06T14:41:24.524-0400] {logging_mixin.py:190} INFO - [2025-08-06T14:41:24.523-0400] {dag.py:3239} INFO - Sync 1 DAGs
[2025-08-06T14:41:24.531-0400] {logging_mixin.py:190} INFO - [2025-08-06T14:41:24.531-0400] {dag.py:4180} INFO - Setting next_dagrun for example_task_group to None, run_after=None
[2025-08-06T14:41:24.547-0400] {processor.py:208} INFO - Processing /home/huynguyen2741/airflow_venv/lib/python3.12/site-packages/airflow/example_dags/example_task_group.py took 0.053 seconds
[2025-08-06T14:42:24.143-0400] {processor.py:186} INFO - Started process (PID=30005) to work on /home/huynguyen2741/airflow_venv/lib/python3.12/site-packages/airflow/example_dags/example_task_group.py
[2025-08-06T14:42:24.147-0400] {processor.py:914} INFO - Processing file /home/huynguyen2741/airflow_venv/lib/python3.12/site-packages/airflow/example_dags/example_task_group.py for tasks to queue
[2025-08-06T14:42:24.148-0400] {logging_mixin.py:190} INFO - [2025-08-06T14:42:24.148-0400] {dagbag.py:588} INFO - Filling up the DagBag from /home/huynguyen2741/airflow_venv/lib/python3.12/site-packages/airflow/example_dags/example_task_group.py
[2025-08-06T14:42:24.155-0400] {processor.py:925} INFO - DAG(s) 'example_task_group' retrieved from /home/huynguyen2741/airflow_venv/lib/python3.12/site-packages/airflow/example_dags/example_task_group.py
[2025-08-06T14:42:24.168-0400] {logging_mixin.py:190} INFO - [2025-08-06T14:42:24.168-0400] {dag.py:3239} INFO - Sync 1 DAGs
[2025-08-06T14:42:24.178-0400] {logging_mixin.py:190} INFO - [2025-08-06T14:42:24.178-0400] {dag.py:4180} INFO - Setting next_dagrun for example_task_group to None, run_after=None
[2025-08-06T14:42:24.194-0400] {processor.py:208} INFO - Processing /home/huynguyen2741/airflow_venv/lib/python3.12/site-packages/airflow/example_dags/example_task_group.py took 0.057 seconds
[2025-08-06T14:43:27.586-0400] {processor.py:186} INFO - Started process (PID=30240) to work on /home/huynguyen2741/airflow_venv/lib/python3.12/site-packages/airflow/example_dags/example_task_group.py
[2025-08-06T14:43:27.587-0400] {processor.py:914} INFO - Processing file /home/huynguyen2741/airflow_venv/lib/python3.12/site-packages/airflow/example_dags/example_task_group.py for tasks to queue
[2025-08-06T14:43:27.588-0400] {logging_mixin.py:190} INFO - [2025-08-06T14:43:27.588-0400] {dagbag.py:588} INFO - Filling up the DagBag from /home/huynguyen2741/airflow_venv/lib/python3.12/site-packages/airflow/example_dags/example_task_group.py
[2025-08-06T14:43:27.595-0400] {processor.py:925} INFO - DAG(s) 'example_task_group' retrieved from /home/huynguyen2741/airflow_venv/lib/python3.12/site-packages/airflow/example_dags/example_task_group.py
[2025-08-06T14:43:27.609-0400] {logging_mixin.py:190} INFO - [2025-08-06T14:43:27.609-0400] {dag.py:3239} INFO - Sync 1 DAGs
[2025-08-06T14:43:27.619-0400] {logging_mixin.py:190} INFO - [2025-08-06T14:43:27.619-0400] {dag.py:4180} INFO - Setting next_dagrun for example_task_group to None, run_after=None
[2025-08-06T14:43:27.636-0400] {processor.py:208} INFO - Processing /home/huynguyen2741/airflow_venv/lib/python3.12/site-packages/airflow/example_dags/example_task_group.py took 0.055 seconds
[2025-08-06T14:44:32.942-0400] {processor.py:186} INFO - Started process (PID=30503) to work on /home/huynguyen2741/airflow_venv/lib/python3.12/site-packages/airflow/example_dags/example_task_group.py
[2025-08-06T14:44:32.943-0400] {processor.py:914} INFO - Processing file /home/huynguyen2741/airflow_venv/lib/python3.12/site-packages/airflow/example_dags/example_task_group.py for tasks to queue
[2025-08-06T14:44:32.944-0400] {logging_mixin.py:190} INFO - [2025-08-06T14:44:32.944-0400] {dagbag.py:588} INFO - Filling up the DagBag from /home/huynguyen2741/airflow_venv/lib/python3.12/site-packages/airflow/example_dags/example_task_group.py
[2025-08-06T14:44:32.950-0400] {processor.py:925} INFO - DAG(s) 'example_task_group' retrieved from /home/huynguyen2741/airflow_venv/lib/python3.12/site-packages/airflow/example_dags/example_task_group.py
[2025-08-06T14:44:32.963-0400] {logging_mixin.py:190} INFO - [2025-08-06T14:44:32.963-0400] {dag.py:3239} INFO - Sync 1 DAGs
[2025-08-06T14:44:32.971-0400] {logging_mixin.py:190} INFO - [2025-08-06T14:44:32.971-0400] {dag.py:4180} INFO - Setting next_dagrun for example_task_group to None, run_after=None
[2025-08-06T14:44:32.987-0400] {processor.py:208} INFO - Processing /home/huynguyen2741/airflow_venv/lib/python3.12/site-packages/airflow/example_dags/example_task_group.py took 0.051 seconds
[2025-08-06T14:45:30.306-0400] {processor.py:186} INFO - Started process (PID=30747) to work on /home/huynguyen2741/airflow_venv/lib/python3.12/site-packages/airflow/example_dags/example_task_group.py
[2025-08-06T14:45:30.316-0400] {processor.py:914} INFO - Processing file /home/huynguyen2741/airflow_venv/lib/python3.12/site-packages/airflow/example_dags/example_task_group.py for tasks to queue
[2025-08-06T14:45:30.317-0400] {logging_mixin.py:190} INFO - [2025-08-06T14:45:30.317-0400] {dagbag.py:588} INFO - Filling up the DagBag from /home/huynguyen2741/airflow_venv/lib/python3.12/site-packages/airflow/example_dags/example_task_group.py
[2025-08-06T14:45:30.324-0400] {processor.py:925} INFO - DAG(s) 'example_task_group' retrieved from /home/huynguyen2741/airflow_venv/lib/python3.12/site-packages/airflow/example_dags/example_task_group.py
[2025-08-06T14:45:30.336-0400] {logging_mixin.py:190} INFO - [2025-08-06T14:45:30.336-0400] {dag.py:3239} INFO - Sync 1 DAGs
[2025-08-06T14:45:30.347-0400] {logging_mixin.py:190} INFO - [2025-08-06T14:45:30.347-0400] {dag.py:4180} INFO - Setting next_dagrun for example_task_group to None, run_after=None
[2025-08-06T14:45:30.364-0400] {processor.py:208} INFO - Processing /home/huynguyen2741/airflow_venv/lib/python3.12/site-packages/airflow/example_dags/example_task_group.py took 0.064 seconds
[2025-08-06T14:46:28.016-0400] {processor.py:186} INFO - Started process (PID=30980) to work on /home/huynguyen2741/airflow_venv/lib/python3.12/site-packages/airflow/example_dags/example_task_group.py
[2025-08-06T14:46:28.017-0400] {processor.py:914} INFO - Processing file /home/huynguyen2741/airflow_venv/lib/python3.12/site-packages/airflow/example_dags/example_task_group.py for tasks to queue
[2025-08-06T14:46:28.018-0400] {logging_mixin.py:190} INFO - [2025-08-06T14:46:28.018-0400] {dagbag.py:588} INFO - Filling up the DagBag from /home/huynguyen2741/airflow_venv/lib/python3.12/site-packages/airflow/example_dags/example_task_group.py
[2025-08-06T14:46:28.026-0400] {processor.py:925} INFO - DAG(s) 'example_task_group' retrieved from /home/huynguyen2741/airflow_venv/lib/python3.12/site-packages/airflow/example_dags/example_task_group.py
[2025-08-06T14:46:28.038-0400] {logging_mixin.py:190} INFO - [2025-08-06T14:46:28.038-0400] {dag.py:3239} INFO - Sync 1 DAGs
[2025-08-06T14:46:28.047-0400] {logging_mixin.py:190} INFO - [2025-08-06T14:46:28.046-0400] {dag.py:4180} INFO - Setting next_dagrun for example_task_group to None, run_after=None
[2025-08-06T14:46:28.062-0400] {processor.py:208} INFO - Processing /home/huynguyen2741/airflow_venv/lib/python3.12/site-packages/airflow/example_dags/example_task_group.py took 0.052 seconds
[2025-08-06T14:47:53.052-0400] {processor.py:186} INFO - Started process (PID=31480) to work on /home/huynguyen2741/airflow_venv/lib/python3.12/site-packages/airflow/example_dags/example_task_group.py
[2025-08-06T14:47:53.053-0400] {processor.py:914} INFO - Processing file /home/huynguyen2741/airflow_venv/lib/python3.12/site-packages/airflow/example_dags/example_task_group.py for tasks to queue
[2025-08-06T14:47:53.054-0400] {logging_mixin.py:190} INFO - [2025-08-06T14:47:53.054-0400] {dagbag.py:588} INFO - Filling up the DagBag from /home/huynguyen2741/airflow_venv/lib/python3.12/site-packages/airflow/example_dags/example_task_group.py
[2025-08-06T14:47:53.062-0400] {processor.py:925} INFO - DAG(s) 'example_task_group' retrieved from /home/huynguyen2741/airflow_venv/lib/python3.12/site-packages/airflow/example_dags/example_task_group.py
[2025-08-06T14:47:53.076-0400] {logging_mixin.py:190} INFO - [2025-08-06T14:47:53.076-0400] {dag.py:3239} INFO - Sync 1 DAGs
[2025-08-06T14:47:53.085-0400] {logging_mixin.py:190} INFO - [2025-08-06T14:47:53.085-0400] {dag.py:4180} INFO - Setting next_dagrun for example_task_group to None, run_after=None
[2025-08-06T14:47:53.101-0400] {processor.py:208} INFO - Processing /home/huynguyen2741/airflow_venv/lib/python3.12/site-packages/airflow/example_dags/example_task_group.py took 0.056 seconds
[2025-08-06T14:49:06.583-0400] {processor.py:186} INFO - Started process (PID=31813) to work on /home/huynguyen2741/airflow_venv/lib/python3.12/site-packages/airflow/example_dags/example_task_group.py
[2025-08-06T14:49:06.584-0400] {processor.py:914} INFO - Processing file /home/huynguyen2741/airflow_venv/lib/python3.12/site-packages/airflow/example_dags/example_task_group.py for tasks to queue
[2025-08-06T14:49:06.585-0400] {logging_mixin.py:190} INFO - [2025-08-06T14:49:06.585-0400] {dagbag.py:588} INFO - Filling up the DagBag from /home/huynguyen2741/airflow_venv/lib/python3.12/site-packages/airflow/example_dags/example_task_group.py
[2025-08-06T14:49:06.592-0400] {processor.py:925} INFO - DAG(s) 'example_task_group' retrieved from /home/huynguyen2741/airflow_venv/lib/python3.12/site-packages/airflow/example_dags/example_task_group.py
[2025-08-06T14:49:06.605-0400] {logging_mixin.py:190} INFO - [2025-08-06T14:49:06.605-0400] {dag.py:3239} INFO - Sync 1 DAGs
[2025-08-06T14:49:06.614-0400] {logging_mixin.py:190} INFO - [2025-08-06T14:49:06.614-0400] {dag.py:4180} INFO - Setting next_dagrun for example_task_group to None, run_after=None
[2025-08-06T14:49:06.630-0400] {processor.py:208} INFO - Processing /home/huynguyen2741/airflow_venv/lib/python3.12/site-packages/airflow/example_dags/example_task_group.py took 0.052 seconds
[2025-08-06T14:50:10.106-0400] {processor.py:186} INFO - Started process (PID=32039) to work on /home/huynguyen2741/airflow_venv/lib/python3.12/site-packages/airflow/example_dags/example_task_group.py
[2025-08-06T14:50:10.110-0400] {processor.py:914} INFO - Processing file /home/huynguyen2741/airflow_venv/lib/python3.12/site-packages/airflow/example_dags/example_task_group.py for tasks to queue
[2025-08-06T14:50:10.111-0400] {logging_mixin.py:190} INFO - [2025-08-06T14:50:10.111-0400] {dagbag.py:588} INFO - Filling up the DagBag from /home/huynguyen2741/airflow_venv/lib/python3.12/site-packages/airflow/example_dags/example_task_group.py
[2025-08-06T14:50:10.118-0400] {processor.py:925} INFO - DAG(s) 'example_task_group' retrieved from /home/huynguyen2741/airflow_venv/lib/python3.12/site-packages/airflow/example_dags/example_task_group.py
[2025-08-06T14:50:10.130-0400] {logging_mixin.py:190} INFO - [2025-08-06T14:50:10.130-0400] {dag.py:3239} INFO - Sync 1 DAGs
[2025-08-06T14:50:10.138-0400] {logging_mixin.py:190} INFO - [2025-08-06T14:50:10.138-0400] {dag.py:4180} INFO - Setting next_dagrun for example_task_group to None, run_after=None
[2025-08-06T14:50:10.153-0400] {processor.py:208} INFO - Processing /home/huynguyen2741/airflow_venv/lib/python3.12/site-packages/airflow/example_dags/example_task_group.py took 0.053 seconds
[2025-08-06T14:51:09.643-0400] {processor.py:186} INFO - Started process (PID=32261) to work on /home/huynguyen2741/airflow_venv/lib/python3.12/site-packages/airflow/example_dags/example_task_group.py
[2025-08-06T14:51:09.649-0400] {processor.py:914} INFO - Processing file /home/huynguyen2741/airflow_venv/lib/python3.12/site-packages/airflow/example_dags/example_task_group.py for tasks to queue
[2025-08-06T14:51:09.651-0400] {logging_mixin.py:190} INFO - [2025-08-06T14:51:09.650-0400] {dagbag.py:588} INFO - Filling up the DagBag from /home/huynguyen2741/airflow_venv/lib/python3.12/site-packages/airflow/example_dags/example_task_group.py
[2025-08-06T14:51:09.658-0400] {processor.py:925} INFO - DAG(s) 'example_task_group' retrieved from /home/huynguyen2741/airflow_venv/lib/python3.12/site-packages/airflow/example_dags/example_task_group.py
[2025-08-06T14:51:09.671-0400] {logging_mixin.py:190} INFO - [2025-08-06T14:51:09.671-0400] {dag.py:3239} INFO - Sync 1 DAGs
[2025-08-06T14:51:09.679-0400] {logging_mixin.py:190} INFO - [2025-08-06T14:51:09.679-0400] {dag.py:4180} INFO - Setting next_dagrun for example_task_group to None, run_after=None
[2025-08-06T14:51:09.697-0400] {processor.py:208} INFO - Processing /home/huynguyen2741/airflow_venv/lib/python3.12/site-packages/airflow/example_dags/example_task_group.py took 0.059 seconds
[2025-08-06T14:52:13.202-0400] {processor.py:186} INFO - Started process (PID=32522) to work on /home/huynguyen2741/airflow_venv/lib/python3.12/site-packages/airflow/example_dags/example_task_group.py
[2025-08-06T14:52:13.204-0400] {processor.py:914} INFO - Processing file /home/huynguyen2741/airflow_venv/lib/python3.12/site-packages/airflow/example_dags/example_task_group.py for tasks to queue
[2025-08-06T14:52:13.205-0400] {logging_mixin.py:190} INFO - [2025-08-06T14:52:13.204-0400] {dagbag.py:588} INFO - Filling up the DagBag from /home/huynguyen2741/airflow_venv/lib/python3.12/site-packages/airflow/example_dags/example_task_group.py
[2025-08-06T14:52:13.211-0400] {processor.py:925} INFO - DAG(s) 'example_task_group' retrieved from /home/huynguyen2741/airflow_venv/lib/python3.12/site-packages/airflow/example_dags/example_task_group.py
[2025-08-06T14:52:13.223-0400] {logging_mixin.py:190} INFO - [2025-08-06T14:52:13.223-0400] {dag.py:3239} INFO - Sync 1 DAGs
[2025-08-06T14:52:13.232-0400] {logging_mixin.py:190} INFO - [2025-08-06T14:52:13.232-0400] {dag.py:4180} INFO - Setting next_dagrun for example_task_group to None, run_after=None
[2025-08-06T14:52:13.266-0400] {processor.py:208} INFO - Processing /home/huynguyen2741/airflow_venv/lib/python3.12/site-packages/airflow/example_dags/example_task_group.py took 0.069 seconds
[2025-08-06T14:53:16.160-0400] {processor.py:186} INFO - Started process (PID=32819) to work on /home/huynguyen2741/airflow_venv/lib/python3.12/site-packages/airflow/example_dags/example_task_group.py
[2025-08-06T14:53:16.161-0400] {processor.py:914} INFO - Processing file /home/huynguyen2741/airflow_venv/lib/python3.12/site-packages/airflow/example_dags/example_task_group.py for tasks to queue
[2025-08-06T14:53:16.162-0400] {logging_mixin.py:190} INFO - [2025-08-06T14:53:16.162-0400] {dagbag.py:588} INFO - Filling up the DagBag from /home/huynguyen2741/airflow_venv/lib/python3.12/site-packages/airflow/example_dags/example_task_group.py
[2025-08-06T14:53:16.169-0400] {processor.py:925} INFO - DAG(s) 'example_task_group' retrieved from /home/huynguyen2741/airflow_venv/lib/python3.12/site-packages/airflow/example_dags/example_task_group.py
[2025-08-06T14:53:16.183-0400] {logging_mixin.py:190} INFO - [2025-08-06T14:53:16.183-0400] {dag.py:3239} INFO - Sync 1 DAGs
[2025-08-06T14:53:16.194-0400] {logging_mixin.py:190} INFO - [2025-08-06T14:53:16.193-0400] {dag.py:4180} INFO - Setting next_dagrun for example_task_group to None, run_after=None
[2025-08-06T14:53:16.213-0400] {processor.py:208} INFO - Processing /home/huynguyen2741/airflow_venv/lib/python3.12/site-packages/airflow/example_dags/example_task_group.py took 0.058 seconds
[2025-08-06T14:54:17.565-0400] {processor.py:186} INFO - Started process (PID=33235) to work on /home/huynguyen2741/airflow_venv/lib/python3.12/site-packages/airflow/example_dags/example_task_group.py
[2025-08-06T14:54:17.569-0400] {processor.py:914} INFO - Processing file /home/huynguyen2741/airflow_venv/lib/python3.12/site-packages/airflow/example_dags/example_task_group.py for tasks to queue
[2025-08-06T14:54:17.570-0400] {logging_mixin.py:190} INFO - [2025-08-06T14:54:17.570-0400] {dagbag.py:588} INFO - Filling up the DagBag from /home/huynguyen2741/airflow_venv/lib/python3.12/site-packages/airflow/example_dags/example_task_group.py
[2025-08-06T14:54:17.577-0400] {processor.py:925} INFO - DAG(s) 'example_task_group' retrieved from /home/huynguyen2741/airflow_venv/lib/python3.12/site-packages/airflow/example_dags/example_task_group.py
[2025-08-06T14:54:17.589-0400] {logging_mixin.py:190} INFO - [2025-08-06T14:54:17.589-0400] {dag.py:3239} INFO - Sync 1 DAGs
[2025-08-06T14:54:17.597-0400] {logging_mixin.py:190} INFO - [2025-08-06T14:54:17.597-0400] {dag.py:4180} INFO - Setting next_dagrun for example_task_group to None, run_after=None
[2025-08-06T14:54:17.612-0400] {processor.py:208} INFO - Processing /home/huynguyen2741/airflow_venv/lib/python3.12/site-packages/airflow/example_dags/example_task_group.py took 0.053 seconds
[2025-08-06T14:55:10.298-0400] {processor.py:186} INFO - Started process (PID=33551) to work on /home/huynguyen2741/airflow_venv/lib/python3.12/site-packages/airflow/example_dags/example_task_group.py
[2025-08-06T14:55:10.302-0400] {processor.py:914} INFO - Processing file /home/huynguyen2741/airflow_venv/lib/python3.12/site-packages/airflow/example_dags/example_task_group.py for tasks to queue
[2025-08-06T14:55:10.303-0400] {logging_mixin.py:190} INFO - [2025-08-06T14:55:10.303-0400] {dagbag.py:588} INFO - Filling up the DagBag from /home/huynguyen2741/airflow_venv/lib/python3.12/site-packages/airflow/example_dags/example_task_group.py
[2025-08-06T14:55:10.310-0400] {processor.py:925} INFO - DAG(s) 'example_task_group' retrieved from /home/huynguyen2741/airflow_venv/lib/python3.12/site-packages/airflow/example_dags/example_task_group.py
[2025-08-06T14:55:10.322-0400] {logging_mixin.py:190} INFO - [2025-08-06T14:55:10.322-0400] {dag.py:3239} INFO - Sync 1 DAGs
[2025-08-06T14:55:10.330-0400] {logging_mixin.py:190} INFO - [2025-08-06T14:55:10.330-0400] {dag.py:4180} INFO - Setting next_dagrun for example_task_group to None, run_after=None
[2025-08-06T14:55:10.356-0400] {processor.py:208} INFO - Processing /home/huynguyen2741/airflow_venv/lib/python3.12/site-packages/airflow/example_dags/example_task_group.py took 0.063 seconds
[2025-08-06T14:56:12.506-0400] {processor.py:186} INFO - Started process (PID=33839) to work on /home/huynguyen2741/airflow_venv/lib/python3.12/site-packages/airflow/example_dags/example_task_group.py
[2025-08-06T14:56:12.516-0400] {processor.py:914} INFO - Processing file /home/huynguyen2741/airflow_venv/lib/python3.12/site-packages/airflow/example_dags/example_task_group.py for tasks to queue
[2025-08-06T14:56:12.517-0400] {logging_mixin.py:190} INFO - [2025-08-06T14:56:12.517-0400] {dagbag.py:588} INFO - Filling up the DagBag from /home/huynguyen2741/airflow_venv/lib/python3.12/site-packages/airflow/example_dags/example_task_group.py
[2025-08-06T14:56:12.524-0400] {processor.py:925} INFO - DAG(s) 'example_task_group' retrieved from /home/huynguyen2741/airflow_venv/lib/python3.12/site-packages/airflow/example_dags/example_task_group.py
[2025-08-06T14:56:12.538-0400] {logging_mixin.py:190} INFO - [2025-08-06T14:56:12.538-0400] {dag.py:3239} INFO - Sync 1 DAGs
[2025-08-06T14:56:12.547-0400] {logging_mixin.py:190} INFO - [2025-08-06T14:56:12.547-0400] {dag.py:4180} INFO - Setting next_dagrun for example_task_group to None, run_after=None
[2025-08-06T14:56:12.572-0400] {processor.py:208} INFO - Processing /home/huynguyen2741/airflow_venv/lib/python3.12/site-packages/airflow/example_dags/example_task_group.py took 0.071 seconds
[2025-08-06T14:57:16.176-0400] {processor.py:186} INFO - Started process (PID=34118) to work on /home/huynguyen2741/airflow_venv/lib/python3.12/site-packages/airflow/example_dags/example_task_group.py
[2025-08-06T14:57:16.180-0400] {processor.py:914} INFO - Processing file /home/huynguyen2741/airflow_venv/lib/python3.12/site-packages/airflow/example_dags/example_task_group.py for tasks to queue
[2025-08-06T14:57:16.181-0400] {logging_mixin.py:190} INFO - [2025-08-06T14:57:16.181-0400] {dagbag.py:588} INFO - Filling up the DagBag from /home/huynguyen2741/airflow_venv/lib/python3.12/site-packages/airflow/example_dags/example_task_group.py
[2025-08-06T14:57:16.188-0400] {processor.py:925} INFO - DAG(s) 'example_task_group' retrieved from /home/huynguyen2741/airflow_venv/lib/python3.12/site-packages/airflow/example_dags/example_task_group.py
[2025-08-06T14:57:16.200-0400] {logging_mixin.py:190} INFO - [2025-08-06T14:57:16.200-0400] {dag.py:3239} INFO - Sync 1 DAGs
[2025-08-06T14:57:16.208-0400] {logging_mixin.py:190} INFO - [2025-08-06T14:57:16.208-0400] {dag.py:4180} INFO - Setting next_dagrun for example_task_group to None, run_after=None
[2025-08-06T14:57:16.224-0400] {processor.py:208} INFO - Processing /home/huynguyen2741/airflow_venv/lib/python3.12/site-packages/airflow/example_dags/example_task_group.py took 0.053 seconds
[2025-08-06T14:58:18.520-0400] {processor.py:186} INFO - Started process (PID=34365) to work on /home/huynguyen2741/airflow_venv/lib/python3.12/site-packages/airflow/example_dags/example_task_group.py
[2025-08-06T14:58:18.530-0400] {processor.py:914} INFO - Processing file /home/huynguyen2741/airflow_venv/lib/python3.12/site-packages/airflow/example_dags/example_task_group.py for tasks to queue
[2025-08-06T14:58:18.531-0400] {logging_mixin.py:190} INFO - [2025-08-06T14:58:18.531-0400] {dagbag.py:588} INFO - Filling up the DagBag from /home/huynguyen2741/airflow_venv/lib/python3.12/site-packages/airflow/example_dags/example_task_group.py
[2025-08-06T14:58:18.538-0400] {processor.py:925} INFO - DAG(s) 'example_task_group' retrieved from /home/huynguyen2741/airflow_venv/lib/python3.12/site-packages/airflow/example_dags/example_task_group.py
[2025-08-06T14:58:18.549-0400] {logging_mixin.py:190} INFO - [2025-08-06T14:58:18.549-0400] {dag.py:3239} INFO - Sync 1 DAGs
[2025-08-06T14:58:18.558-0400] {logging_mixin.py:190} INFO - [2025-08-06T14:58:18.558-0400] {dag.py:4180} INFO - Setting next_dagrun for example_task_group to None, run_after=None
[2025-08-06T14:58:18.573-0400] {processor.py:208} INFO - Processing /home/huynguyen2741/airflow_venv/lib/python3.12/site-packages/airflow/example_dags/example_task_group.py took 0.059 seconds
[2025-08-06T14:59:17.523-0400] {processor.py:186} INFO - Started process (PID=34627) to work on /home/huynguyen2741/airflow_venv/lib/python3.12/site-packages/airflow/example_dags/example_task_group.py
[2025-08-06T14:59:17.524-0400] {processor.py:914} INFO - Processing file /home/huynguyen2741/airflow_venv/lib/python3.12/site-packages/airflow/example_dags/example_task_group.py for tasks to queue
[2025-08-06T14:59:17.525-0400] {logging_mixin.py:190} INFO - [2025-08-06T14:59:17.525-0400] {dagbag.py:588} INFO - Filling up the DagBag from /home/huynguyen2741/airflow_venv/lib/python3.12/site-packages/airflow/example_dags/example_task_group.py
[2025-08-06T14:59:17.533-0400] {processor.py:925} INFO - DAG(s) 'example_task_group' retrieved from /home/huynguyen2741/airflow_venv/lib/python3.12/site-packages/airflow/example_dags/example_task_group.py
[2025-08-06T14:59:17.545-0400] {logging_mixin.py:190} INFO - [2025-08-06T14:59:17.544-0400] {dag.py:3239} INFO - Sync 1 DAGs
[2025-08-06T14:59:17.553-0400] {logging_mixin.py:190} INFO - [2025-08-06T14:59:17.553-0400] {dag.py:4180} INFO - Setting next_dagrun for example_task_group to None, run_after=None
[2025-08-06T14:59:17.568-0400] {processor.py:208} INFO - Processing /home/huynguyen2741/airflow_venv/lib/python3.12/site-packages/airflow/example_dags/example_task_group.py took 0.050 seconds
[2025-08-06T15:00:21.955-0400] {processor.py:186} INFO - Started process (PID=34857) to work on /home/huynguyen2741/airflow_venv/lib/python3.12/site-packages/airflow/example_dags/example_task_group.py
[2025-08-06T15:00:21.965-0400] {processor.py:914} INFO - Processing file /home/huynguyen2741/airflow_venv/lib/python3.12/site-packages/airflow/example_dags/example_task_group.py for tasks to queue
[2025-08-06T15:00:21.966-0400] {logging_mixin.py:190} INFO - [2025-08-06T15:00:21.966-0400] {dagbag.py:588} INFO - Filling up the DagBag from /home/huynguyen2741/airflow_venv/lib/python3.12/site-packages/airflow/example_dags/example_task_group.py
[2025-08-06T15:00:21.973-0400] {processor.py:925} INFO - DAG(s) 'example_task_group' retrieved from /home/huynguyen2741/airflow_venv/lib/python3.12/site-packages/airflow/example_dags/example_task_group.py
[2025-08-06T15:00:21.986-0400] {logging_mixin.py:190} INFO - [2025-08-06T15:00:21.986-0400] {dag.py:3239} INFO - Sync 1 DAGs
[2025-08-06T15:00:21.994-0400] {logging_mixin.py:190} INFO - [2025-08-06T15:00:21.994-0400] {dag.py:4180} INFO - Setting next_dagrun for example_task_group to None, run_after=None
[2025-08-06T15:00:22.010-0400] {processor.py:208} INFO - Processing /home/huynguyen2741/airflow_venv/lib/python3.12/site-packages/airflow/example_dags/example_task_group.py took 0.060 seconds
