[2025-08-06T13:57:18.992-0400] {processor.py:186} INFO - Started process (PID=17716) to work on /home/huynguyen2741/airflow_venv/lib/python3.12/site-packages/airflow/example_dags/example_short_circuit_decorator.py
[2025-08-06T13:57:18.993-0400] {processor.py:914} INFO - Processing file /home/huynguyen2741/airflow_venv/lib/python3.12/site-packages/airflow/example_dags/example_short_circuit_decorator.py for tasks to queue
[2025-08-06T13:57:18.994-0400] {logging_mixin.py:190} INFO - [2025-08-06T13:57:18.994-0400] {dagbag.py:588} INFO - Filling up the DagBag from /home/huynguyen2741/airflow_venv/lib/python3.12/site-packages/airflow/example_dags/example_short_circuit_decorator.py
[2025-08-06T13:57:19.002-0400] {processor.py:925} INFO - DAG(s) 'example_short_circuit_decorator' retrieved from /home/huynguyen2741/airflow_venv/lib/python3.12/site-packages/airflow/example_dags/example_short_circuit_decorator.py
[2025-08-06T13:57:19.093-0400] {logging_mixin.py:190} INFO - [2025-08-06T13:57:19.092-0400] {override.py:1930} INFO - Created Permission View: can edit on DAG:example_short_circuit_decorator
[2025-08-06T13:57:19.111-0400] {logging_mixin.py:190} INFO - [2025-08-06T13:57:19.111-0400] {override.py:1930} INFO - Created Permission View: can read on DAG:example_short_circuit_decorator
[2025-08-06T13:57:19.120-0400] {logging_mixin.py:190} INFO - [2025-08-06T13:57:19.119-0400] {override.py:1930} INFO - Created Permission View: can delete on DAG:example_short_circuit_decorator
[2025-08-06T13:57:19.137-0400] {logging_mixin.py:190} INFO - [2025-08-06T13:57:19.137-0400] {override.py:1930} INFO - Created Permission View: menu access on DAG Run:example_short_circuit_decorator
[2025-08-06T13:57:19.146-0400] {logging_mixin.py:190} INFO - [2025-08-06T13:57:19.145-0400] {override.py:1930} INFO - Created Permission View: can read on DAG Run:example_short_circuit_decorator
[2025-08-06T13:57:19.155-0400] {logging_mixin.py:190} INFO - [2025-08-06T13:57:19.154-0400] {override.py:1930} INFO - Created Permission View: can create on DAG Run:example_short_circuit_decorator
[2025-08-06T13:57:19.164-0400] {logging_mixin.py:190} INFO - [2025-08-06T13:57:19.163-0400] {override.py:1930} INFO - Created Permission View: can delete on DAG Run:example_short_circuit_decorator
[2025-08-06T13:57:19.164-0400] {logging_mixin.py:190} INFO - [2025-08-06T13:57:19.164-0400] {dag.py:3239} INFO - Sync 1 DAGs
[2025-08-06T13:57:19.173-0400] {logging_mixin.py:190} INFO - [2025-08-06T13:57:19.173-0400] {dag.py:3262} INFO - Creating ORM DAG for example_short_circuit_decorator
[2025-08-06T13:57:19.174-0400] {logging_mixin.py:190} INFO - [2025-08-06T13:57:19.174-0400] {dag.py:4180} INFO - Setting next_dagrun for example_short_circuit_decorator to None, run_after=None
[2025-08-06T13:57:19.190-0400] {processor.py:208} INFO - Processing /home/huynguyen2741/airflow_venv/lib/python3.12/site-packages/airflow/example_dags/example_short_circuit_decorator.py took 0.202 seconds
[2025-08-06T13:58:24.963-0400] {processor.py:186} INFO - Started process (PID=17964) to work on /home/huynguyen2741/airflow_venv/lib/python3.12/site-packages/airflow/example_dags/example_short_circuit_decorator.py
[2025-08-06T13:58:24.965-0400] {processor.py:914} INFO - Processing file /home/huynguyen2741/airflow_venv/lib/python3.12/site-packages/airflow/example_dags/example_short_circuit_decorator.py for tasks to queue
[2025-08-06T13:58:24.967-0400] {logging_mixin.py:190} INFO - [2025-08-06T13:58:24.966-0400] {dagbag.py:588} INFO - Filling up the DagBag from /home/huynguyen2741/airflow_venv/lib/python3.12/site-packages/airflow/example_dags/example_short_circuit_decorator.py
[2025-08-06T13:58:24.975-0400] {processor.py:925} INFO - DAG(s) 'example_short_circuit_decorator' retrieved from /home/huynguyen2741/airflow_venv/lib/python3.12/site-packages/airflow/example_dags/example_short_circuit_decorator.py
[2025-08-06T13:58:24.992-0400] {logging_mixin.py:190} INFO - [2025-08-06T13:58:24.992-0400] {dag.py:3239} INFO - Sync 1 DAGs
[2025-08-06T13:58:25.002-0400] {logging_mixin.py:190} INFO - [2025-08-06T13:58:25.002-0400] {dag.py:4180} INFO - Setting next_dagrun for example_short_circuit_decorator to None, run_after=None
[2025-08-06T13:58:25.021-0400] {processor.py:208} INFO - Processing /home/huynguyen2741/airflow_venv/lib/python3.12/site-packages/airflow/example_dags/example_short_circuit_decorator.py took 0.062 seconds
[2025-08-06T13:59:21.120-0400] {processor.py:186} INFO - Started process (PID=18174) to work on /home/huynguyen2741/airflow_venv/lib/python3.12/site-packages/airflow/example_dags/example_short_circuit_decorator.py
[2025-08-06T13:59:21.121-0400] {processor.py:914} INFO - Processing file /home/huynguyen2741/airflow_venv/lib/python3.12/site-packages/airflow/example_dags/example_short_circuit_decorator.py for tasks to queue
[2025-08-06T13:59:21.122-0400] {logging_mixin.py:190} INFO - [2025-08-06T13:59:21.122-0400] {dagbag.py:588} INFO - Filling up the DagBag from /home/huynguyen2741/airflow_venv/lib/python3.12/site-packages/airflow/example_dags/example_short_circuit_decorator.py
[2025-08-06T13:59:21.129-0400] {processor.py:925} INFO - DAG(s) 'example_short_circuit_decorator' retrieved from /home/huynguyen2741/airflow_venv/lib/python3.12/site-packages/airflow/example_dags/example_short_circuit_decorator.py
[2025-08-06T13:59:21.141-0400] {logging_mixin.py:190} INFO - [2025-08-06T13:59:21.141-0400] {dag.py:3239} INFO - Sync 1 DAGs
[2025-08-06T13:59:21.150-0400] {logging_mixin.py:190} INFO - [2025-08-06T13:59:21.150-0400] {dag.py:4180} INFO - Setting next_dagrun for example_short_circuit_decorator to None, run_after=None
[2025-08-06T13:59:21.167-0400] {processor.py:208} INFO - Processing /home/huynguyen2741/airflow_venv/lib/python3.12/site-packages/airflow/example_dags/example_short_circuit_decorator.py took 0.052 seconds
[2025-08-06T14:00:23.959-0400] {processor.py:186} INFO - Started process (PID=18393) to work on /home/huynguyen2741/airflow_venv/lib/python3.12/site-packages/airflow/example_dags/example_short_circuit_decorator.py
[2025-08-06T14:00:23.960-0400] {processor.py:914} INFO - Processing file /home/huynguyen2741/airflow_venv/lib/python3.12/site-packages/airflow/example_dags/example_short_circuit_decorator.py for tasks to queue
[2025-08-06T14:00:23.962-0400] {logging_mixin.py:190} INFO - [2025-08-06T14:00:23.962-0400] {dagbag.py:588} INFO - Filling up the DagBag from /home/huynguyen2741/airflow_venv/lib/python3.12/site-packages/airflow/example_dags/example_short_circuit_decorator.py
[2025-08-06T14:00:23.969-0400] {processor.py:925} INFO - DAG(s) 'example_short_circuit_decorator' retrieved from /home/huynguyen2741/airflow_venv/lib/python3.12/site-packages/airflow/example_dags/example_short_circuit_decorator.py
[2025-08-06T14:00:23.981-0400] {logging_mixin.py:190} INFO - [2025-08-06T14:00:23.980-0400] {dag.py:3239} INFO - Sync 1 DAGs
[2025-08-06T14:00:23.988-0400] {logging_mixin.py:190} INFO - [2025-08-06T14:00:23.988-0400] {dag.py:4180} INFO - Setting next_dagrun for example_short_circuit_decorator to None, run_after=None
[2025-08-06T14:00:24.003-0400] {processor.py:208} INFO - Processing /home/huynguyen2741/airflow_venv/lib/python3.12/site-packages/airflow/example_dags/example_short_circuit_decorator.py took 0.048 seconds
[2025-08-06T14:01:28.977-0400] {processor.py:186} INFO - Started process (PID=18620) to work on /home/huynguyen2741/airflow_venv/lib/python3.12/site-packages/airflow/example_dags/example_short_circuit_decorator.py
[2025-08-06T14:01:28.978-0400] {processor.py:914} INFO - Processing file /home/huynguyen2741/airflow_venv/lib/python3.12/site-packages/airflow/example_dags/example_short_circuit_decorator.py for tasks to queue
[2025-08-06T14:01:28.980-0400] {logging_mixin.py:190} INFO - [2025-08-06T14:01:28.980-0400] {dagbag.py:588} INFO - Filling up the DagBag from /home/huynguyen2741/airflow_venv/lib/python3.12/site-packages/airflow/example_dags/example_short_circuit_decorator.py
[2025-08-06T14:01:28.987-0400] {processor.py:925} INFO - DAG(s) 'example_short_circuit_decorator' retrieved from /home/huynguyen2741/airflow_venv/lib/python3.12/site-packages/airflow/example_dags/example_short_circuit_decorator.py
[2025-08-06T14:01:28.999-0400] {logging_mixin.py:190} INFO - [2025-08-06T14:01:28.999-0400] {dag.py:3239} INFO - Sync 1 DAGs
[2025-08-06T14:01:29.007-0400] {logging_mixin.py:190} INFO - [2025-08-06T14:01:29.007-0400] {dag.py:4180} INFO - Setting next_dagrun for example_short_circuit_decorator to None, run_after=None
[2025-08-06T14:01:29.023-0400] {processor.py:208} INFO - Processing /home/huynguyen2741/airflow_venv/lib/python3.12/site-packages/airflow/example_dags/example_short_circuit_decorator.py took 0.050 seconds
[2025-08-06T14:02:30.925-0400] {processor.py:186} INFO - Started process (PID=18868) to work on /home/huynguyen2741/airflow_venv/lib/python3.12/site-packages/airflow/example_dags/example_short_circuit_decorator.py
[2025-08-06T14:02:30.926-0400] {processor.py:914} INFO - Processing file /home/huynguyen2741/airflow_venv/lib/python3.12/site-packages/airflow/example_dags/example_short_circuit_decorator.py for tasks to queue
[2025-08-06T14:02:30.928-0400] {logging_mixin.py:190} INFO - [2025-08-06T14:02:30.928-0400] {dagbag.py:588} INFO - Filling up the DagBag from /home/huynguyen2741/airflow_venv/lib/python3.12/site-packages/airflow/example_dags/example_short_circuit_decorator.py
[2025-08-06T14:02:30.935-0400] {processor.py:925} INFO - DAG(s) 'example_short_circuit_decorator' retrieved from /home/huynguyen2741/airflow_venv/lib/python3.12/site-packages/airflow/example_dags/example_short_circuit_decorator.py
[2025-08-06T14:02:30.947-0400] {logging_mixin.py:190} INFO - [2025-08-06T14:02:30.947-0400] {dag.py:3239} INFO - Sync 1 DAGs
[2025-08-06T14:02:30.954-0400] {logging_mixin.py:190} INFO - [2025-08-06T14:02:30.954-0400] {dag.py:4180} INFO - Setting next_dagrun for example_short_circuit_decorator to None, run_after=None
[2025-08-06T14:02:30.969-0400] {processor.py:208} INFO - Processing /home/huynguyen2741/airflow_venv/lib/python3.12/site-packages/airflow/example_dags/example_short_circuit_decorator.py took 0.048 seconds
[2025-08-06T14:03:29.820-0400] {processor.py:186} INFO - Started process (PID=19088) to work on /home/huynguyen2741/airflow_venv/lib/python3.12/site-packages/airflow/example_dags/example_short_circuit_decorator.py
[2025-08-06T14:03:29.824-0400] {processor.py:914} INFO - Processing file /home/huynguyen2741/airflow_venv/lib/python3.12/site-packages/airflow/example_dags/example_short_circuit_decorator.py for tasks to queue
[2025-08-06T14:03:29.826-0400] {logging_mixin.py:190} INFO - [2025-08-06T14:03:29.826-0400] {dagbag.py:588} INFO - Filling up the DagBag from /home/huynguyen2741/airflow_venv/lib/python3.12/site-packages/airflow/example_dags/example_short_circuit_decorator.py
[2025-08-06T14:03:29.833-0400] {processor.py:925} INFO - DAG(s) 'example_short_circuit_decorator' retrieved from /home/huynguyen2741/airflow_venv/lib/python3.12/site-packages/airflow/example_dags/example_short_circuit_decorator.py
[2025-08-06T14:03:29.846-0400] {logging_mixin.py:190} INFO - [2025-08-06T14:03:29.846-0400] {dag.py:3239} INFO - Sync 1 DAGs
[2025-08-06T14:03:29.855-0400] {logging_mixin.py:190} INFO - [2025-08-06T14:03:29.855-0400] {dag.py:4180} INFO - Setting next_dagrun for example_short_circuit_decorator to None, run_after=None
[2025-08-06T14:03:29.872-0400] {processor.py:208} INFO - Processing /home/huynguyen2741/airflow_venv/lib/python3.12/site-packages/airflow/example_dags/example_short_circuit_decorator.py took 0.058 seconds
[2025-08-06T14:04:31.985-0400] {processor.py:186} INFO - Started process (PID=19308) to work on /home/huynguyen2741/airflow_venv/lib/python3.12/site-packages/airflow/example_dags/example_short_circuit_decorator.py
[2025-08-06T14:04:31.986-0400] {processor.py:914} INFO - Processing file /home/huynguyen2741/airflow_venv/lib/python3.12/site-packages/airflow/example_dags/example_short_circuit_decorator.py for tasks to queue
[2025-08-06T14:04:31.988-0400] {logging_mixin.py:190} INFO - [2025-08-06T14:04:31.988-0400] {dagbag.py:588} INFO - Filling up the DagBag from /home/huynguyen2741/airflow_venv/lib/python3.12/site-packages/airflow/example_dags/example_short_circuit_decorator.py
[2025-08-06T14:04:31.995-0400] {processor.py:925} INFO - DAG(s) 'example_short_circuit_decorator' retrieved from /home/huynguyen2741/airflow_venv/lib/python3.12/site-packages/airflow/example_dags/example_short_circuit_decorator.py
[2025-08-06T14:04:32.007-0400] {logging_mixin.py:190} INFO - [2025-08-06T14:04:32.007-0400] {dag.py:3239} INFO - Sync 1 DAGs
[2025-08-06T14:04:32.014-0400] {logging_mixin.py:190} INFO - [2025-08-06T14:04:32.014-0400] {dag.py:4180} INFO - Setting next_dagrun for example_short_circuit_decorator to None, run_after=None
[2025-08-06T14:04:32.029-0400] {processor.py:208} INFO - Processing /home/huynguyen2741/airflow_venv/lib/python3.12/site-packages/airflow/example_dags/example_short_circuit_decorator.py took 0.047 seconds
[2025-08-06T14:05:36.891-0400] {processor.py:186} INFO - Started process (PID=19686) to work on /home/huynguyen2741/airflow_venv/lib/python3.12/site-packages/airflow/example_dags/example_short_circuit_decorator.py
[2025-08-06T14:05:36.895-0400] {processor.py:914} INFO - Processing file /home/huynguyen2741/airflow_venv/lib/python3.12/site-packages/airflow/example_dags/example_short_circuit_decorator.py for tasks to queue
[2025-08-06T14:05:36.897-0400] {logging_mixin.py:190} INFO - [2025-08-06T14:05:36.897-0400] {dagbag.py:588} INFO - Filling up the DagBag from /home/huynguyen2741/airflow_venv/lib/python3.12/site-packages/airflow/example_dags/example_short_circuit_decorator.py
[2025-08-06T14:05:36.905-0400] {processor.py:925} INFO - DAG(s) 'example_short_circuit_decorator' retrieved from /home/huynguyen2741/airflow_venv/lib/python3.12/site-packages/airflow/example_dags/example_short_circuit_decorator.py
[2025-08-06T14:05:36.920-0400] {logging_mixin.py:190} INFO - [2025-08-06T14:05:36.920-0400] {dag.py:3239} INFO - Sync 1 DAGs
[2025-08-06T14:05:36.930-0400] {logging_mixin.py:190} INFO - [2025-08-06T14:05:36.930-0400] {dag.py:4180} INFO - Setting next_dagrun for example_short_circuit_decorator to None, run_after=None
[2025-08-06T14:05:36.947-0400] {processor.py:208} INFO - Processing /home/huynguyen2741/airflow_venv/lib/python3.12/site-packages/airflow/example_dags/example_short_circuit_decorator.py took 0.059 seconds
[2025-08-06T14:06:41.375-0400] {processor.py:186} INFO - Started process (PID=19913) to work on /home/huynguyen2741/airflow_venv/lib/python3.12/site-packages/airflow/example_dags/example_short_circuit_decorator.py
[2025-08-06T14:06:41.376-0400] {processor.py:914} INFO - Processing file /home/huynguyen2741/airflow_venv/lib/python3.12/site-packages/airflow/example_dags/example_short_circuit_decorator.py for tasks to queue
[2025-08-06T14:06:41.378-0400] {logging_mixin.py:190} INFO - [2025-08-06T14:06:41.378-0400] {dagbag.py:588} INFO - Filling up the DagBag from /home/huynguyen2741/airflow_venv/lib/python3.12/site-packages/airflow/example_dags/example_short_circuit_decorator.py
[2025-08-06T14:06:41.385-0400] {processor.py:925} INFO - DAG(s) 'example_short_circuit_decorator' retrieved from /home/huynguyen2741/airflow_venv/lib/python3.12/site-packages/airflow/example_dags/example_short_circuit_decorator.py
[2025-08-06T14:06:41.399-0400] {logging_mixin.py:190} INFO - [2025-08-06T14:06:41.399-0400] {dag.py:3239} INFO - Sync 1 DAGs
[2025-08-06T14:06:41.408-0400] {logging_mixin.py:190} INFO - [2025-08-06T14:06:41.408-0400] {dag.py:4180} INFO - Setting next_dagrun for example_short_circuit_decorator to None, run_after=None
[2025-08-06T14:06:41.512-0400] {processor.py:208} INFO - Processing /home/huynguyen2741/airflow_venv/lib/python3.12/site-packages/airflow/example_dags/example_short_circuit_decorator.py took 0.142 seconds
[2025-08-06T14:07:45.961-0400] {processor.py:186} INFO - Started process (PID=20150) to work on /home/huynguyen2741/airflow_venv/lib/python3.12/site-packages/airflow/example_dags/example_short_circuit_decorator.py
[2025-08-06T14:07:45.962-0400] {processor.py:914} INFO - Processing file /home/huynguyen2741/airflow_venv/lib/python3.12/site-packages/airflow/example_dags/example_short_circuit_decorator.py for tasks to queue
[2025-08-06T14:07:45.964-0400] {logging_mixin.py:190} INFO - [2025-08-06T14:07:45.964-0400] {dagbag.py:588} INFO - Filling up the DagBag from /home/huynguyen2741/airflow_venv/lib/python3.12/site-packages/airflow/example_dags/example_short_circuit_decorator.py
[2025-08-06T14:07:45.971-0400] {processor.py:925} INFO - DAG(s) 'example_short_circuit_decorator' retrieved from /home/huynguyen2741/airflow_venv/lib/python3.12/site-packages/airflow/example_dags/example_short_circuit_decorator.py
[2025-08-06T14:07:45.984-0400] {logging_mixin.py:190} INFO - [2025-08-06T14:07:45.984-0400] {dag.py:3239} INFO - Sync 1 DAGs
[2025-08-06T14:07:45.993-0400] {logging_mixin.py:190} INFO - [2025-08-06T14:07:45.992-0400] {dag.py:4180} INFO - Setting next_dagrun for example_short_circuit_decorator to None, run_after=None
[2025-08-06T14:07:46.105-0400] {processor.py:208} INFO - Processing /home/huynguyen2741/airflow_venv/lib/python3.12/site-packages/airflow/example_dags/example_short_circuit_decorator.py took 0.148 seconds
[2025-08-06T14:08:52.807-0400] {processor.py:186} INFO - Started process (PID=20520) to work on /home/huynguyen2741/airflow_venv/lib/python3.12/site-packages/airflow/example_dags/example_short_circuit_decorator.py
[2025-08-06T14:08:52.808-0400] {processor.py:914} INFO - Processing file /home/huynguyen2741/airflow_venv/lib/python3.12/site-packages/airflow/example_dags/example_short_circuit_decorator.py for tasks to queue
[2025-08-06T14:08:52.809-0400] {logging_mixin.py:190} INFO - [2025-08-06T14:08:52.809-0400] {dagbag.py:588} INFO - Filling up the DagBag from /home/huynguyen2741/airflow_venv/lib/python3.12/site-packages/airflow/example_dags/example_short_circuit_decorator.py
[2025-08-06T14:08:52.816-0400] {processor.py:925} INFO - DAG(s) 'example_short_circuit_decorator' retrieved from /home/huynguyen2741/airflow_venv/lib/python3.12/site-packages/airflow/example_dags/example_short_circuit_decorator.py
[2025-08-06T14:08:52.828-0400] {logging_mixin.py:190} INFO - [2025-08-06T14:08:52.828-0400] {dag.py:3239} INFO - Sync 1 DAGs
[2025-08-06T14:08:52.836-0400] {logging_mixin.py:190} INFO - [2025-08-06T14:08:52.836-0400] {dag.py:4180} INFO - Setting next_dagrun for example_short_circuit_decorator to None, run_after=None
[2025-08-06T14:08:52.852-0400] {processor.py:208} INFO - Processing /home/huynguyen2741/airflow_venv/lib/python3.12/site-packages/airflow/example_dags/example_short_circuit_decorator.py took 0.049 seconds
[2025-08-06T14:10:03.014-0400] {processor.py:186} INFO - Started process (PID=21009) to work on /home/huynguyen2741/airflow_venv/lib/python3.12/site-packages/airflow/example_dags/example_short_circuit_decorator.py
[2025-08-06T14:10:03.018-0400] {processor.py:914} INFO - Processing file /home/huynguyen2741/airflow_venv/lib/python3.12/site-packages/airflow/example_dags/example_short_circuit_decorator.py for tasks to queue
[2025-08-06T14:10:03.020-0400] {logging_mixin.py:190} INFO - [2025-08-06T14:10:03.019-0400] {dagbag.py:588} INFO - Filling up the DagBag from /home/huynguyen2741/airflow_venv/lib/python3.12/site-packages/airflow/example_dags/example_short_circuit_decorator.py
[2025-08-06T14:10:03.027-0400] {processor.py:925} INFO - DAG(s) 'example_short_circuit_decorator' retrieved from /home/huynguyen2741/airflow_venv/lib/python3.12/site-packages/airflow/example_dags/example_short_circuit_decorator.py
[2025-08-06T14:10:03.042-0400] {logging_mixin.py:190} INFO - [2025-08-06T14:10:03.042-0400] {dag.py:3239} INFO - Sync 1 DAGs
[2025-08-06T14:10:03.052-0400] {logging_mixin.py:190} INFO - [2025-08-06T14:10:03.051-0400] {dag.py:4180} INFO - Setting next_dagrun for example_short_circuit_decorator to None, run_after=None
[2025-08-06T14:10:03.075-0400] {processor.py:208} INFO - Processing /home/huynguyen2741/airflow_venv/lib/python3.12/site-packages/airflow/example_dags/example_short_circuit_decorator.py took 0.066 seconds
[2025-08-06T14:11:03.614-0400] {processor.py:186} INFO - Started process (PID=21301) to work on /home/huynguyen2741/airflow_venv/lib/python3.12/site-packages/airflow/example_dags/example_short_circuit_decorator.py
[2025-08-06T14:11:03.615-0400] {processor.py:914} INFO - Processing file /home/huynguyen2741/airflow_venv/lib/python3.12/site-packages/airflow/example_dags/example_short_circuit_decorator.py for tasks to queue
[2025-08-06T14:11:03.617-0400] {logging_mixin.py:190} INFO - [2025-08-06T14:11:03.617-0400] {dagbag.py:588} INFO - Filling up the DagBag from /home/huynguyen2741/airflow_venv/lib/python3.12/site-packages/airflow/example_dags/example_short_circuit_decorator.py
[2025-08-06T14:11:03.624-0400] {processor.py:925} INFO - DAG(s) 'example_short_circuit_decorator' retrieved from /home/huynguyen2741/airflow_venv/lib/python3.12/site-packages/airflow/example_dags/example_short_circuit_decorator.py
[2025-08-06T14:11:03.636-0400] {logging_mixin.py:190} INFO - [2025-08-06T14:11:03.636-0400] {dag.py:3239} INFO - Sync 1 DAGs
[2025-08-06T14:11:03.644-0400] {logging_mixin.py:190} INFO - [2025-08-06T14:11:03.644-0400] {dag.py:4180} INFO - Setting next_dagrun for example_short_circuit_decorator to None, run_after=None
[2025-08-06T14:11:03.660-0400] {processor.py:208} INFO - Processing /home/huynguyen2741/airflow_venv/lib/python3.12/site-packages/airflow/example_dags/example_short_circuit_decorator.py took 0.050 seconds
[2025-08-06T14:12:10.946-0400] {processor.py:186} INFO - Started process (PID=21592) to work on /home/huynguyen2741/airflow_venv/lib/python3.12/site-packages/airflow/example_dags/example_short_circuit_decorator.py
[2025-08-06T14:12:10.951-0400] {processor.py:914} INFO - Processing file /home/huynguyen2741/airflow_venv/lib/python3.12/site-packages/airflow/example_dags/example_short_circuit_decorator.py for tasks to queue
[2025-08-06T14:12:10.952-0400] {logging_mixin.py:190} INFO - [2025-08-06T14:12:10.952-0400] {dagbag.py:588} INFO - Filling up the DagBag from /home/huynguyen2741/airflow_venv/lib/python3.12/site-packages/airflow/example_dags/example_short_circuit_decorator.py
[2025-08-06T14:12:10.959-0400] {processor.py:925} INFO - DAG(s) 'example_short_circuit_decorator' retrieved from /home/huynguyen2741/airflow_venv/lib/python3.12/site-packages/airflow/example_dags/example_short_circuit_decorator.py
[2025-08-06T14:12:10.972-0400] {logging_mixin.py:190} INFO - [2025-08-06T14:12:10.972-0400] {dag.py:3239} INFO - Sync 1 DAGs
[2025-08-06T14:12:10.981-0400] {logging_mixin.py:190} INFO - [2025-08-06T14:12:10.981-0400] {dag.py:4180} INFO - Setting next_dagrun for example_short_circuit_decorator to None, run_after=None
[2025-08-06T14:12:10.996-0400] {processor.py:208} INFO - Processing /home/huynguyen2741/airflow_venv/lib/python3.12/site-packages/airflow/example_dags/example_short_circuit_decorator.py took 0.055 seconds
[2025-08-06T14:13:14.501-0400] {processor.py:186} INFO - Started process (PID=22024) to work on /home/huynguyen2741/airflow_venv/lib/python3.12/site-packages/airflow/example_dags/example_short_circuit_decorator.py
[2025-08-06T14:13:14.506-0400] {processor.py:914} INFO - Processing file /home/huynguyen2741/airflow_venv/lib/python3.12/site-packages/airflow/example_dags/example_short_circuit_decorator.py for tasks to queue
[2025-08-06T14:13:14.507-0400] {logging_mixin.py:190} INFO - [2025-08-06T14:13:14.506-0400] {dagbag.py:588} INFO - Filling up the DagBag from /home/huynguyen2741/airflow_venv/lib/python3.12/site-packages/airflow/example_dags/example_short_circuit_decorator.py
[2025-08-06T14:13:14.514-0400] {processor.py:925} INFO - DAG(s) 'example_short_circuit_decorator' retrieved from /home/huynguyen2741/airflow_venv/lib/python3.12/site-packages/airflow/example_dags/example_short_circuit_decorator.py
[2025-08-06T14:13:14.526-0400] {logging_mixin.py:190} INFO - [2025-08-06T14:13:14.526-0400] {dag.py:3239} INFO - Sync 1 DAGs
[2025-08-06T14:13:14.535-0400] {logging_mixin.py:190} INFO - [2025-08-06T14:13:14.534-0400] {dag.py:4180} INFO - Setting next_dagrun for example_short_circuit_decorator to None, run_after=None
[2025-08-06T14:13:14.550-0400] {processor.py:208} INFO - Processing /home/huynguyen2741/airflow_venv/lib/python3.12/site-packages/airflow/example_dags/example_short_circuit_decorator.py took 0.053 seconds
[2025-08-06T14:14:17.830-0400] {processor.py:186} INFO - Started process (PID=22408) to work on /home/huynguyen2741/airflow_venv/lib/python3.12/site-packages/airflow/example_dags/example_short_circuit_decorator.py
[2025-08-06T14:14:17.831-0400] {processor.py:914} INFO - Processing file /home/huynguyen2741/airflow_venv/lib/python3.12/site-packages/airflow/example_dags/example_short_circuit_decorator.py for tasks to queue
[2025-08-06T14:14:17.832-0400] {logging_mixin.py:190} INFO - [2025-08-06T14:14:17.832-0400] {dagbag.py:588} INFO - Filling up the DagBag from /home/huynguyen2741/airflow_venv/lib/python3.12/site-packages/airflow/example_dags/example_short_circuit_decorator.py
[2025-08-06T14:14:17.841-0400] {processor.py:925} INFO - DAG(s) 'example_short_circuit_decorator' retrieved from /home/huynguyen2741/airflow_venv/lib/python3.12/site-packages/airflow/example_dags/example_short_circuit_decorator.py
[2025-08-06T14:14:17.858-0400] {logging_mixin.py:190} INFO - [2025-08-06T14:14:17.858-0400] {dag.py:3239} INFO - Sync 1 DAGs
[2025-08-06T14:14:17.870-0400] {logging_mixin.py:190} INFO - [2025-08-06T14:14:17.870-0400] {dag.py:4180} INFO - Setting next_dagrun for example_short_circuit_decorator to None, run_after=None
[2025-08-06T14:14:17.890-0400] {processor.py:208} INFO - Processing /home/huynguyen2741/airflow_venv/lib/python3.12/site-packages/airflow/example_dags/example_short_circuit_decorator.py took 0.064 seconds
[2025-08-06T14:15:20.534-0400] {processor.py:186} INFO - Started process (PID=22782) to work on /home/huynguyen2741/airflow_venv/lib/python3.12/site-packages/airflow/example_dags/example_short_circuit_decorator.py
[2025-08-06T14:15:20.543-0400] {processor.py:914} INFO - Processing file /home/huynguyen2741/airflow_venv/lib/python3.12/site-packages/airflow/example_dags/example_short_circuit_decorator.py for tasks to queue
[2025-08-06T14:15:20.544-0400] {logging_mixin.py:190} INFO - [2025-08-06T14:15:20.544-0400] {dagbag.py:588} INFO - Filling up the DagBag from /home/huynguyen2741/airflow_venv/lib/python3.12/site-packages/airflow/example_dags/example_short_circuit_decorator.py
[2025-08-06T14:15:20.552-0400] {processor.py:925} INFO - DAG(s) 'example_short_circuit_decorator' retrieved from /home/huynguyen2741/airflow_venv/lib/python3.12/site-packages/airflow/example_dags/example_short_circuit_decorator.py
[2025-08-06T14:15:20.564-0400] {logging_mixin.py:190} INFO - [2025-08-06T14:15:20.564-0400] {dag.py:3239} INFO - Sync 1 DAGs
[2025-08-06T14:15:20.573-0400] {logging_mixin.py:190} INFO - [2025-08-06T14:15:20.573-0400] {dag.py:4180} INFO - Setting next_dagrun for example_short_circuit_decorator to None, run_after=None
[2025-08-06T14:15:20.590-0400] {processor.py:208} INFO - Processing /home/huynguyen2741/airflow_venv/lib/python3.12/site-packages/airflow/example_dags/example_short_circuit_decorator.py took 0.060 seconds
[2025-08-06T14:16:22.904-0400] {processor.py:186} INFO - Started process (PID=23100) to work on /home/huynguyen2741/airflow_venv/lib/python3.12/site-packages/airflow/example_dags/example_short_circuit_decorator.py
[2025-08-06T14:16:22.906-0400] {processor.py:914} INFO - Processing file /home/huynguyen2741/airflow_venv/lib/python3.12/site-packages/airflow/example_dags/example_short_circuit_decorator.py for tasks to queue
[2025-08-06T14:16:22.906-0400] {logging_mixin.py:190} INFO - [2025-08-06T14:16:22.906-0400] {dagbag.py:588} INFO - Filling up the DagBag from /home/huynguyen2741/airflow_venv/lib/python3.12/site-packages/airflow/example_dags/example_short_circuit_decorator.py
[2025-08-06T14:16:22.914-0400] {processor.py:925} INFO - DAG(s) 'example_short_circuit_decorator' retrieved from /home/huynguyen2741/airflow_venv/lib/python3.12/site-packages/airflow/example_dags/example_short_circuit_decorator.py
[2025-08-06T14:16:22.926-0400] {logging_mixin.py:190} INFO - [2025-08-06T14:16:22.926-0400] {dag.py:3239} INFO - Sync 1 DAGs
[2025-08-06T14:16:22.934-0400] {logging_mixin.py:190} INFO - [2025-08-06T14:16:22.934-0400] {dag.py:4180} INFO - Setting next_dagrun for example_short_circuit_decorator to None, run_after=None
[2025-08-06T14:16:22.949-0400] {processor.py:208} INFO - Processing /home/huynguyen2741/airflow_venv/lib/python3.12/site-packages/airflow/example_dags/example_short_circuit_decorator.py took 0.049 seconds
[2025-08-06T14:17:30.488-0400] {processor.py:186} INFO - Started process (PID=23348) to work on /home/huynguyen2741/airflow_venv/lib/python3.12/site-packages/airflow/example_dags/example_short_circuit_decorator.py
[2025-08-06T14:17:30.490-0400] {processor.py:914} INFO - Processing file /home/huynguyen2741/airflow_venv/lib/python3.12/site-packages/airflow/example_dags/example_short_circuit_decorator.py for tasks to queue
[2025-08-06T14:17:30.491-0400] {logging_mixin.py:190} INFO - [2025-08-06T14:17:30.490-0400] {dagbag.py:588} INFO - Filling up the DagBag from /home/huynguyen2741/airflow_venv/lib/python3.12/site-packages/airflow/example_dags/example_short_circuit_decorator.py
[2025-08-06T14:17:30.499-0400] {processor.py:925} INFO - DAG(s) 'example_short_circuit_decorator' retrieved from /home/huynguyen2741/airflow_venv/lib/python3.12/site-packages/airflow/example_dags/example_short_circuit_decorator.py
[2025-08-06T14:17:30.513-0400] {logging_mixin.py:190} INFO - [2025-08-06T14:17:30.513-0400] {dag.py:3239} INFO - Sync 1 DAGs
[2025-08-06T14:17:30.522-0400] {logging_mixin.py:190} INFO - [2025-08-06T14:17:30.522-0400] {dag.py:4180} INFO - Setting next_dagrun for example_short_circuit_decorator to None, run_after=None
[2025-08-06T14:17:30.538-0400] {processor.py:208} INFO - Processing /home/huynguyen2741/airflow_venv/lib/python3.12/site-packages/airflow/example_dags/example_short_circuit_decorator.py took 0.054 seconds
[2025-08-06T14:18:36.355-0400] {processor.py:186} INFO - Started process (PID=23589) to work on /home/huynguyen2741/airflow_venv/lib/python3.12/site-packages/airflow/example_dags/example_short_circuit_decorator.py
[2025-08-06T14:18:36.356-0400] {processor.py:914} INFO - Processing file /home/huynguyen2741/airflow_venv/lib/python3.12/site-packages/airflow/example_dags/example_short_circuit_decorator.py for tasks to queue
[2025-08-06T14:18:36.357-0400] {logging_mixin.py:190} INFO - [2025-08-06T14:18:36.356-0400] {dagbag.py:588} INFO - Filling up the DagBag from /home/huynguyen2741/airflow_venv/lib/python3.12/site-packages/airflow/example_dags/example_short_circuit_decorator.py
[2025-08-06T14:18:36.364-0400] {processor.py:925} INFO - DAG(s) 'example_short_circuit_decorator' retrieved from /home/huynguyen2741/airflow_venv/lib/python3.12/site-packages/airflow/example_dags/example_short_circuit_decorator.py
[2025-08-06T14:18:36.376-0400] {logging_mixin.py:190} INFO - [2025-08-06T14:18:36.376-0400] {dag.py:3239} INFO - Sync 1 DAGs
[2025-08-06T14:18:36.384-0400] {logging_mixin.py:190} INFO - [2025-08-06T14:18:36.384-0400] {dag.py:4180} INFO - Setting next_dagrun for example_short_circuit_decorator to None, run_after=None
[2025-08-06T14:18:36.402-0400] {processor.py:208} INFO - Processing /home/huynguyen2741/airflow_venv/lib/python3.12/site-packages/airflow/example_dags/example_short_circuit_decorator.py took 0.052 seconds
[2025-08-06T14:19:39.014-0400] {processor.py:186} INFO - Started process (PID=23852) to work on /home/huynguyen2741/airflow_venv/lib/python3.12/site-packages/airflow/example_dags/example_short_circuit_decorator.py
[2025-08-06T14:19:39.015-0400] {processor.py:914} INFO - Processing file /home/huynguyen2741/airflow_venv/lib/python3.12/site-packages/airflow/example_dags/example_short_circuit_decorator.py for tasks to queue
[2025-08-06T14:19:39.016-0400] {logging_mixin.py:190} INFO - [2025-08-06T14:19:39.016-0400] {dagbag.py:588} INFO - Filling up the DagBag from /home/huynguyen2741/airflow_venv/lib/python3.12/site-packages/airflow/example_dags/example_short_circuit_decorator.py
[2025-08-06T14:19:39.025-0400] {processor.py:925} INFO - DAG(s) 'example_short_circuit_decorator' retrieved from /home/huynguyen2741/airflow_venv/lib/python3.12/site-packages/airflow/example_dags/example_short_circuit_decorator.py
[2025-08-06T14:19:39.039-0400] {logging_mixin.py:190} INFO - [2025-08-06T14:19:39.039-0400] {dag.py:3239} INFO - Sync 1 DAGs
[2025-08-06T14:19:39.048-0400] {logging_mixin.py:190} INFO - [2025-08-06T14:19:39.047-0400] {dag.py:4180} INFO - Setting next_dagrun for example_short_circuit_decorator to None, run_after=None
[2025-08-06T14:19:39.063-0400] {processor.py:208} INFO - Processing /home/huynguyen2741/airflow_venv/lib/python3.12/site-packages/airflow/example_dags/example_short_circuit_decorator.py took 0.054 seconds
[2025-08-06T14:20:43.207-0400] {processor.py:186} INFO - Started process (PID=24081) to work on /home/huynguyen2741/airflow_venv/lib/python3.12/site-packages/airflow/example_dags/example_short_circuit_decorator.py
[2025-08-06T14:20:43.208-0400] {processor.py:914} INFO - Processing file /home/huynguyen2741/airflow_venv/lib/python3.12/site-packages/airflow/example_dags/example_short_circuit_decorator.py for tasks to queue
[2025-08-06T14:20:43.209-0400] {logging_mixin.py:190} INFO - [2025-08-06T14:20:43.209-0400] {dagbag.py:588} INFO - Filling up the DagBag from /home/huynguyen2741/airflow_venv/lib/python3.12/site-packages/airflow/example_dags/example_short_circuit_decorator.py
[2025-08-06T14:20:43.218-0400] {processor.py:925} INFO - DAG(s) 'example_short_circuit_decorator' retrieved from /home/huynguyen2741/airflow_venv/lib/python3.12/site-packages/airflow/example_dags/example_short_circuit_decorator.py
[2025-08-06T14:20:43.231-0400] {logging_mixin.py:190} INFO - [2025-08-06T14:20:43.231-0400] {dag.py:3239} INFO - Sync 1 DAGs
[2025-08-06T14:20:43.241-0400] {logging_mixin.py:190} INFO - [2025-08-06T14:20:43.241-0400] {dag.py:4180} INFO - Setting next_dagrun for example_short_circuit_decorator to None, run_after=None
[2025-08-06T14:20:43.256-0400] {processor.py:208} INFO - Processing /home/huynguyen2741/airflow_venv/lib/python3.12/site-packages/airflow/example_dags/example_short_circuit_decorator.py took 0.054 seconds
[2025-08-06T14:21:51.960-0400] {processor.py:186} INFO - Started process (PID=24326) to work on /home/huynguyen2741/airflow_venv/lib/python3.12/site-packages/airflow/example_dags/example_short_circuit_decorator.py
[2025-08-06T14:21:51.961-0400] {processor.py:914} INFO - Processing file /home/huynguyen2741/airflow_venv/lib/python3.12/site-packages/airflow/example_dags/example_short_circuit_decorator.py for tasks to queue
[2025-08-06T14:21:51.962-0400] {logging_mixin.py:190} INFO - [2025-08-06T14:21:51.961-0400] {dagbag.py:588} INFO - Filling up the DagBag from /home/huynguyen2741/airflow_venv/lib/python3.12/site-packages/airflow/example_dags/example_short_circuit_decorator.py
[2025-08-06T14:21:51.969-0400] {processor.py:925} INFO - DAG(s) 'example_short_circuit_decorator' retrieved from /home/huynguyen2741/airflow_venv/lib/python3.12/site-packages/airflow/example_dags/example_short_circuit_decorator.py
[2025-08-06T14:21:51.982-0400] {logging_mixin.py:190} INFO - [2025-08-06T14:21:51.982-0400] {dag.py:3239} INFO - Sync 1 DAGs
[2025-08-06T14:21:51.990-0400] {logging_mixin.py:190} INFO - [2025-08-06T14:21:51.990-0400] {dag.py:4180} INFO - Setting next_dagrun for example_short_circuit_decorator to None, run_after=None
[2025-08-06T14:21:52.005-0400] {processor.py:208} INFO - Processing /home/huynguyen2741/airflow_venv/lib/python3.12/site-packages/airflow/example_dags/example_short_circuit_decorator.py took 0.050 seconds
[2025-08-06T14:22:57.711-0400] {processor.py:186} INFO - Started process (PID=24741) to work on /home/huynguyen2741/airflow_venv/lib/python3.12/site-packages/airflow/example_dags/example_short_circuit_decorator.py
[2025-08-06T14:22:57.713-0400] {processor.py:914} INFO - Processing file /home/huynguyen2741/airflow_venv/lib/python3.12/site-packages/airflow/example_dags/example_short_circuit_decorator.py for tasks to queue
[2025-08-06T14:22:57.714-0400] {logging_mixin.py:190} INFO - [2025-08-06T14:22:57.713-0400] {dagbag.py:588} INFO - Filling up the DagBag from /home/huynguyen2741/airflow_venv/lib/python3.12/site-packages/airflow/example_dags/example_short_circuit_decorator.py
[2025-08-06T14:22:57.721-0400] {processor.py:925} INFO - DAG(s) 'example_short_circuit_decorator' retrieved from /home/huynguyen2741/airflow_venv/lib/python3.12/site-packages/airflow/example_dags/example_short_circuit_decorator.py
[2025-08-06T14:22:57.734-0400] {logging_mixin.py:190} INFO - [2025-08-06T14:22:57.734-0400] {dag.py:3239} INFO - Sync 1 DAGs
[2025-08-06T14:22:57.742-0400] {logging_mixin.py:190} INFO - [2025-08-06T14:22:57.742-0400] {dag.py:4180} INFO - Setting next_dagrun for example_short_circuit_decorator to None, run_after=None
[2025-08-06T14:22:57.758-0400] {processor.py:208} INFO - Processing /home/huynguyen2741/airflow_venv/lib/python3.12/site-packages/airflow/example_dags/example_short_circuit_decorator.py took 0.051 seconds
[2025-08-06T14:23:58.861-0400] {processor.py:186} INFO - Started process (PID=25148) to work on /home/huynguyen2741/airflow_venv/lib/python3.12/site-packages/airflow/example_dags/example_short_circuit_decorator.py
[2025-08-06T14:23:58.862-0400] {processor.py:914} INFO - Processing file /home/huynguyen2741/airflow_venv/lib/python3.12/site-packages/airflow/example_dags/example_short_circuit_decorator.py for tasks to queue
[2025-08-06T14:23:58.863-0400] {logging_mixin.py:190} INFO - [2025-08-06T14:23:58.863-0400] {dagbag.py:588} INFO - Filling up the DagBag from /home/huynguyen2741/airflow_venv/lib/python3.12/site-packages/airflow/example_dags/example_short_circuit_decorator.py
[2025-08-06T14:23:58.871-0400] {processor.py:925} INFO - DAG(s) 'example_short_circuit_decorator' retrieved from /home/huynguyen2741/airflow_venv/lib/python3.12/site-packages/airflow/example_dags/example_short_circuit_decorator.py
[2025-08-06T14:23:58.883-0400] {logging_mixin.py:190} INFO - [2025-08-06T14:23:58.883-0400] {dag.py:3239} INFO - Sync 1 DAGs
[2025-08-06T14:23:58.892-0400] {logging_mixin.py:190} INFO - [2025-08-06T14:23:58.891-0400] {dag.py:4180} INFO - Setting next_dagrun for example_short_circuit_decorator to None, run_after=None
[2025-08-06T14:23:58.907-0400] {processor.py:208} INFO - Processing /home/huynguyen2741/airflow_venv/lib/python3.12/site-packages/airflow/example_dags/example_short_circuit_decorator.py took 0.051 seconds
[2025-08-06T14:25:04.036-0400] {processor.py:186} INFO - Started process (PID=25469) to work on /home/huynguyen2741/airflow_venv/lib/python3.12/site-packages/airflow/example_dags/example_short_circuit_decorator.py
[2025-08-06T14:25:04.041-0400] {processor.py:914} INFO - Processing file /home/huynguyen2741/airflow_venv/lib/python3.12/site-packages/airflow/example_dags/example_short_circuit_decorator.py for tasks to queue
[2025-08-06T14:25:04.042-0400] {logging_mixin.py:190} INFO - [2025-08-06T14:25:04.041-0400] {dagbag.py:588} INFO - Filling up the DagBag from /home/huynguyen2741/airflow_venv/lib/python3.12/site-packages/airflow/example_dags/example_short_circuit_decorator.py
[2025-08-06T14:25:04.049-0400] {processor.py:925} INFO - DAG(s) 'example_short_circuit_decorator' retrieved from /home/huynguyen2741/airflow_venv/lib/python3.12/site-packages/airflow/example_dags/example_short_circuit_decorator.py
[2025-08-06T14:25:04.061-0400] {logging_mixin.py:190} INFO - [2025-08-06T14:25:04.061-0400] {dag.py:3239} INFO - Sync 1 DAGs
[2025-08-06T14:25:04.070-0400] {logging_mixin.py:190} INFO - [2025-08-06T14:25:04.070-0400] {dag.py:4180} INFO - Setting next_dagrun for example_short_circuit_decorator to None, run_after=None
[2025-08-06T14:25:04.088-0400] {processor.py:208} INFO - Processing /home/huynguyen2741/airflow_venv/lib/python3.12/site-packages/airflow/example_dags/example_short_circuit_decorator.py took 0.057 seconds
[2025-08-06T14:26:06.999-0400] {processor.py:186} INFO - Started process (PID=25747) to work on /home/huynguyen2741/airflow_venv/lib/python3.12/site-packages/airflow/example_dags/example_short_circuit_decorator.py
[2025-08-06T14:26:07.009-0400] {processor.py:914} INFO - Processing file /home/huynguyen2741/airflow_venv/lib/python3.12/site-packages/airflow/example_dags/example_short_circuit_decorator.py for tasks to queue
[2025-08-06T14:26:07.010-0400] {logging_mixin.py:190} INFO - [2025-08-06T14:26:07.010-0400] {dagbag.py:588} INFO - Filling up the DagBag from /home/huynguyen2741/airflow_venv/lib/python3.12/site-packages/airflow/example_dags/example_short_circuit_decorator.py
[2025-08-06T14:26:07.017-0400] {processor.py:925} INFO - DAG(s) 'example_short_circuit_decorator' retrieved from /home/huynguyen2741/airflow_venv/lib/python3.12/site-packages/airflow/example_dags/example_short_circuit_decorator.py
[2025-08-06T14:26:07.030-0400] {logging_mixin.py:190} INFO - [2025-08-06T14:26:07.029-0400] {dag.py:3239} INFO - Sync 1 DAGs
[2025-08-06T14:26:07.038-0400] {logging_mixin.py:190} INFO - [2025-08-06T14:26:07.037-0400] {dag.py:4180} INFO - Setting next_dagrun for example_short_circuit_decorator to None, run_after=None
[2025-08-06T14:26:07.052-0400] {processor.py:208} INFO - Processing /home/huynguyen2741/airflow_venv/lib/python3.12/site-packages/airflow/example_dags/example_short_circuit_decorator.py took 0.059 seconds
[2025-08-06T14:27:14.661-0400] {processor.py:186} INFO - Started process (PID=26024) to work on /home/huynguyen2741/airflow_venv/lib/python3.12/site-packages/airflow/example_dags/example_short_circuit_decorator.py
[2025-08-06T14:27:14.665-0400] {processor.py:914} INFO - Processing file /home/huynguyen2741/airflow_venv/lib/python3.12/site-packages/airflow/example_dags/example_short_circuit_decorator.py for tasks to queue
[2025-08-06T14:27:14.666-0400] {logging_mixin.py:190} INFO - [2025-08-06T14:27:14.666-0400] {dagbag.py:588} INFO - Filling up the DagBag from /home/huynguyen2741/airflow_venv/lib/python3.12/site-packages/airflow/example_dags/example_short_circuit_decorator.py
[2025-08-06T14:27:14.674-0400] {processor.py:925} INFO - DAG(s) 'example_short_circuit_decorator' retrieved from /home/huynguyen2741/airflow_venv/lib/python3.12/site-packages/airflow/example_dags/example_short_circuit_decorator.py
[2025-08-06T14:27:14.686-0400] {logging_mixin.py:190} INFO - [2025-08-06T14:27:14.686-0400] {dag.py:3239} INFO - Sync 1 DAGs
[2025-08-06T14:27:14.696-0400] {logging_mixin.py:190} INFO - [2025-08-06T14:27:14.696-0400] {dag.py:4180} INFO - Setting next_dagrun for example_short_circuit_decorator to None, run_after=None
[2025-08-06T14:27:14.713-0400] {processor.py:208} INFO - Processing /home/huynguyen2741/airflow_venv/lib/python3.12/site-packages/airflow/example_dags/example_short_circuit_decorator.py took 0.057 seconds
[2025-08-06T14:28:23.273-0400] {processor.py:186} INFO - Started process (PID=26323) to work on /home/huynguyen2741/airflow_venv/lib/python3.12/site-packages/airflow/example_dags/example_short_circuit_decorator.py
[2025-08-06T14:28:23.277-0400] {processor.py:914} INFO - Processing file /home/huynguyen2741/airflow_venv/lib/python3.12/site-packages/airflow/example_dags/example_short_circuit_decorator.py for tasks to queue
[2025-08-06T14:28:23.279-0400] {logging_mixin.py:190} INFO - [2025-08-06T14:28:23.278-0400] {dagbag.py:588} INFO - Filling up the DagBag from /home/huynguyen2741/airflow_venv/lib/python3.12/site-packages/airflow/example_dags/example_short_circuit_decorator.py
[2025-08-06T14:28:23.286-0400] {processor.py:925} INFO - DAG(s) 'example_short_circuit_decorator' retrieved from /home/huynguyen2741/airflow_venv/lib/python3.12/site-packages/airflow/example_dags/example_short_circuit_decorator.py
[2025-08-06T14:28:23.299-0400] {logging_mixin.py:190} INFO - [2025-08-06T14:28:23.298-0400] {dag.py:3239} INFO - Sync 1 DAGs
[2025-08-06T14:28:23.307-0400] {logging_mixin.py:190} INFO - [2025-08-06T14:28:23.307-0400] {dag.py:4180} INFO - Setting next_dagrun for example_short_circuit_decorator to None, run_after=None
[2025-08-06T14:28:23.323-0400] {processor.py:208} INFO - Processing /home/huynguyen2741/airflow_venv/lib/python3.12/site-packages/airflow/example_dags/example_short_circuit_decorator.py took 0.055 seconds
[2025-08-06T14:29:30.914-0400] {processor.py:186} INFO - Started process (PID=26603) to work on /home/huynguyen2741/airflow_venv/lib/python3.12/site-packages/airflow/example_dags/example_short_circuit_decorator.py
[2025-08-06T14:29:30.924-0400] {processor.py:914} INFO - Processing file /home/huynguyen2741/airflow_venv/lib/python3.12/site-packages/airflow/example_dags/example_short_circuit_decorator.py for tasks to queue
[2025-08-06T14:29:30.925-0400] {logging_mixin.py:190} INFO - [2025-08-06T14:29:30.924-0400] {dagbag.py:588} INFO - Filling up the DagBag from /home/huynguyen2741/airflow_venv/lib/python3.12/site-packages/airflow/example_dags/example_short_circuit_decorator.py
[2025-08-06T14:29:30.932-0400] {processor.py:925} INFO - DAG(s) 'example_short_circuit_decorator' retrieved from /home/huynguyen2741/airflow_venv/lib/python3.12/site-packages/airflow/example_dags/example_short_circuit_decorator.py
[2025-08-06T14:29:30.945-0400] {logging_mixin.py:190} INFO - [2025-08-06T14:29:30.945-0400] {dag.py:3239} INFO - Sync 1 DAGs
[2025-08-06T14:29:30.953-0400] {logging_mixin.py:190} INFO - [2025-08-06T14:29:30.953-0400] {dag.py:4180} INFO - Setting next_dagrun for example_short_circuit_decorator to None, run_after=None
[2025-08-06T14:29:30.969-0400] {processor.py:208} INFO - Processing /home/huynguyen2741/airflow_venv/lib/python3.12/site-packages/airflow/example_dags/example_short_circuit_decorator.py took 0.060 seconds
[2025-08-06T14:30:41.452-0400] {processor.py:186} INFO - Started process (PID=27027) to work on /home/huynguyen2741/airflow_venv/lib/python3.12/site-packages/airflow/example_dags/example_short_circuit_decorator.py
[2025-08-06T14:30:41.453-0400] {processor.py:914} INFO - Processing file /home/huynguyen2741/airflow_venv/lib/python3.12/site-packages/airflow/example_dags/example_short_circuit_decorator.py for tasks to queue
[2025-08-06T14:30:41.455-0400] {logging_mixin.py:190} INFO - [2025-08-06T14:30:41.454-0400] {dagbag.py:588} INFO - Filling up the DagBag from /home/huynguyen2741/airflow_venv/lib/python3.12/site-packages/airflow/example_dags/example_short_circuit_decorator.py
[2025-08-06T14:30:41.462-0400] {processor.py:925} INFO - DAG(s) 'example_short_circuit_decorator' retrieved from /home/huynguyen2741/airflow_venv/lib/python3.12/site-packages/airflow/example_dags/example_short_circuit_decorator.py
[2025-08-06T14:30:41.475-0400] {logging_mixin.py:190} INFO - [2025-08-06T14:30:41.475-0400] {dag.py:3239} INFO - Sync 1 DAGs
[2025-08-06T14:30:41.484-0400] {logging_mixin.py:190} INFO - [2025-08-06T14:30:41.483-0400] {dag.py:4180} INFO - Setting next_dagrun for example_short_circuit_decorator to None, run_after=None
[2025-08-06T14:30:41.499-0400] {processor.py:208} INFO - Processing /home/huynguyen2741/airflow_venv/lib/python3.12/site-packages/airflow/example_dags/example_short_circuit_decorator.py took 0.052 seconds
[2025-08-06T14:31:55.890-0400] {processor.py:186} INFO - Started process (PID=27300) to work on /home/huynguyen2741/airflow_venv/lib/python3.12/site-packages/airflow/example_dags/example_short_circuit_decorator.py
[2025-08-06T14:31:55.891-0400] {processor.py:914} INFO - Processing file /home/huynguyen2741/airflow_venv/lib/python3.12/site-packages/airflow/example_dags/example_short_circuit_decorator.py for tasks to queue
[2025-08-06T14:31:55.892-0400] {logging_mixin.py:190} INFO - [2025-08-06T14:31:55.892-0400] {dagbag.py:588} INFO - Filling up the DagBag from /home/huynguyen2741/airflow_venv/lib/python3.12/site-packages/airflow/example_dags/example_short_circuit_decorator.py
[2025-08-06T14:31:55.899-0400] {processor.py:925} INFO - DAG(s) 'example_short_circuit_decorator' retrieved from /home/huynguyen2741/airflow_venv/lib/python3.12/site-packages/airflow/example_dags/example_short_circuit_decorator.py
[2025-08-06T14:31:55.912-0400] {logging_mixin.py:190} INFO - [2025-08-06T14:31:55.912-0400] {dag.py:3239} INFO - Sync 1 DAGs
[2025-08-06T14:31:55.921-0400] {logging_mixin.py:190} INFO - [2025-08-06T14:31:55.921-0400] {dag.py:4180} INFO - Setting next_dagrun for example_short_circuit_decorator to None, run_after=None
[2025-08-06T14:31:55.936-0400] {processor.py:208} INFO - Processing /home/huynguyen2741/airflow_venv/lib/python3.12/site-packages/airflow/example_dags/example_short_circuit_decorator.py took 0.052 seconds
[2025-08-06T14:33:04.627-0400] {processor.py:186} INFO - Started process (PID=27628) to work on /home/huynguyen2741/airflow_venv/lib/python3.12/site-packages/airflow/example_dags/example_short_circuit_decorator.py
[2025-08-06T14:33:04.631-0400] {processor.py:914} INFO - Processing file /home/huynguyen2741/airflow_venv/lib/python3.12/site-packages/airflow/example_dags/example_short_circuit_decorator.py for tasks to queue
[2025-08-06T14:33:04.633-0400] {logging_mixin.py:190} INFO - [2025-08-06T14:33:04.632-0400] {dagbag.py:588} INFO - Filling up the DagBag from /home/huynguyen2741/airflow_venv/lib/python3.12/site-packages/airflow/example_dags/example_short_circuit_decorator.py
[2025-08-06T14:33:04.640-0400] {processor.py:925} INFO - DAG(s) 'example_short_circuit_decorator' retrieved from /home/huynguyen2741/airflow_venv/lib/python3.12/site-packages/airflow/example_dags/example_short_circuit_decorator.py
[2025-08-06T14:33:04.652-0400] {logging_mixin.py:190} INFO - [2025-08-06T14:33:04.652-0400] {dag.py:3239} INFO - Sync 1 DAGs
[2025-08-06T14:33:04.660-0400] {logging_mixin.py:190} INFO - [2025-08-06T14:33:04.660-0400] {dag.py:4180} INFO - Setting next_dagrun for example_short_circuit_decorator to None, run_after=None
[2025-08-06T14:33:04.676-0400] {processor.py:208} INFO - Processing /home/huynguyen2741/airflow_venv/lib/python3.12/site-packages/airflow/example_dags/example_short_circuit_decorator.py took 0.054 seconds
[2025-08-06T14:34:14.772-0400] {processor.py:186} INFO - Started process (PID=27880) to work on /home/huynguyen2741/airflow_venv/lib/python3.12/site-packages/airflow/example_dags/example_short_circuit_decorator.py
[2025-08-06T14:34:14.774-0400] {processor.py:914} INFO - Processing file /home/huynguyen2741/airflow_venv/lib/python3.12/site-packages/airflow/example_dags/example_short_circuit_decorator.py for tasks to queue
[2025-08-06T14:34:14.775-0400] {logging_mixin.py:190} INFO - [2025-08-06T14:34:14.774-0400] {dagbag.py:588} INFO - Filling up the DagBag from /home/huynguyen2741/airflow_venv/lib/python3.12/site-packages/airflow/example_dags/example_short_circuit_decorator.py
[2025-08-06T14:34:14.782-0400] {processor.py:925} INFO - DAG(s) 'example_short_circuit_decorator' retrieved from /home/huynguyen2741/airflow_venv/lib/python3.12/site-packages/airflow/example_dags/example_short_circuit_decorator.py
[2025-08-06T14:34:14.796-0400] {logging_mixin.py:190} INFO - [2025-08-06T14:34:14.796-0400] {dag.py:3239} INFO - Sync 1 DAGs
[2025-08-06T14:34:14.805-0400] {logging_mixin.py:190} INFO - [2025-08-06T14:34:14.805-0400] {dag.py:4180} INFO - Setting next_dagrun for example_short_circuit_decorator to None, run_after=None
[2025-08-06T14:34:14.822-0400] {processor.py:208} INFO - Processing /home/huynguyen2741/airflow_venv/lib/python3.12/site-packages/airflow/example_dags/example_short_circuit_decorator.py took 0.056 seconds
[2025-08-06T14:36:05.774-0400] {processor.py:186} INFO - Started process (PID=28515) to work on /home/huynguyen2741/airflow_venv/lib/python3.12/site-packages/airflow/example_dags/example_short_circuit_decorator.py
[2025-08-06T14:36:05.778-0400] {processor.py:914} INFO - Processing file /home/huynguyen2741/airflow_venv/lib/python3.12/site-packages/airflow/example_dags/example_short_circuit_decorator.py for tasks to queue
[2025-08-06T14:36:05.779-0400] {logging_mixin.py:190} INFO - [2025-08-06T14:36:05.779-0400] {dagbag.py:588} INFO - Filling up the DagBag from /home/huynguyen2741/airflow_venv/lib/python3.12/site-packages/airflow/example_dags/example_short_circuit_decorator.py
[2025-08-06T14:36:05.787-0400] {processor.py:925} INFO - DAG(s) 'example_short_circuit_decorator' retrieved from /home/huynguyen2741/airflow_venv/lib/python3.12/site-packages/airflow/example_dags/example_short_circuit_decorator.py
[2025-08-06T14:36:05.801-0400] {logging_mixin.py:190} INFO - [2025-08-06T14:36:05.801-0400] {dag.py:3239} INFO - Sync 1 DAGs
[2025-08-06T14:36:05.811-0400] {logging_mixin.py:190} INFO - [2025-08-06T14:36:05.810-0400] {dag.py:4180} INFO - Setting next_dagrun for example_short_circuit_decorator to None, run_after=None
[2025-08-06T14:36:05.828-0400] {processor.py:208} INFO - Processing /home/huynguyen2741/airflow_venv/lib/python3.12/site-packages/airflow/example_dags/example_short_circuit_decorator.py took 0.059 seconds
[2025-08-06T14:37:10.875-0400] {processor.py:186} INFO - Started process (PID=28761) to work on /home/huynguyen2741/airflow_venv/lib/python3.12/site-packages/airflow/example_dags/example_short_circuit_decorator.py
[2025-08-06T14:37:10.876-0400] {processor.py:914} INFO - Processing file /home/huynguyen2741/airflow_venv/lib/python3.12/site-packages/airflow/example_dags/example_short_circuit_decorator.py for tasks to queue
[2025-08-06T14:37:10.877-0400] {logging_mixin.py:190} INFO - [2025-08-06T14:37:10.877-0400] {dagbag.py:588} INFO - Filling up the DagBag from /home/huynguyen2741/airflow_venv/lib/python3.12/site-packages/airflow/example_dags/example_short_circuit_decorator.py
[2025-08-06T14:37:10.885-0400] {processor.py:925} INFO - DAG(s) 'example_short_circuit_decorator' retrieved from /home/huynguyen2741/airflow_venv/lib/python3.12/site-packages/airflow/example_dags/example_short_circuit_decorator.py
[2025-08-06T14:37:10.898-0400] {logging_mixin.py:190} INFO - [2025-08-06T14:37:10.898-0400] {dag.py:3239} INFO - Sync 1 DAGs
[2025-08-06T14:37:10.907-0400] {logging_mixin.py:190} INFO - [2025-08-06T14:37:10.907-0400] {dag.py:4180} INFO - Setting next_dagrun for example_short_circuit_decorator to None, run_after=None
[2025-08-06T14:37:10.923-0400] {processor.py:208} INFO - Processing /home/huynguyen2741/airflow_venv/lib/python3.12/site-packages/airflow/example_dags/example_short_circuit_decorator.py took 0.054 seconds
[2025-08-06T14:38:14.993-0400] {processor.py:186} INFO - Started process (PID=29008) to work on /home/huynguyen2741/airflow_venv/lib/python3.12/site-packages/airflow/example_dags/example_short_circuit_decorator.py
[2025-08-06T14:38:15.004-0400] {processor.py:914} INFO - Processing file /home/huynguyen2741/airflow_venv/lib/python3.12/site-packages/airflow/example_dags/example_short_circuit_decorator.py for tasks to queue
[2025-08-06T14:38:15.005-0400] {logging_mixin.py:190} INFO - [2025-08-06T14:38:15.004-0400] {dagbag.py:588} INFO - Filling up the DagBag from /home/huynguyen2741/airflow_venv/lib/python3.12/site-packages/airflow/example_dags/example_short_circuit_decorator.py
[2025-08-06T14:38:15.013-0400] {processor.py:925} INFO - DAG(s) 'example_short_circuit_decorator' retrieved from /home/huynguyen2741/airflow_venv/lib/python3.12/site-packages/airflow/example_dags/example_short_circuit_decorator.py
[2025-08-06T14:38:15.027-0400] {logging_mixin.py:190} INFO - [2025-08-06T14:38:15.027-0400] {dag.py:3239} INFO - Sync 1 DAGs
[2025-08-06T14:38:15.036-0400] {logging_mixin.py:190} INFO - [2025-08-06T14:38:15.035-0400] {dag.py:4180} INFO - Setting next_dagrun for example_short_circuit_decorator to None, run_after=None
[2025-08-06T14:38:15.053-0400] {processor.py:208} INFO - Processing /home/huynguyen2741/airflow_venv/lib/python3.12/site-packages/airflow/example_dags/example_short_circuit_decorator.py took 0.065 seconds
[2025-08-06T14:39:23.827-0400] {processor.py:186} INFO - Started process (PID=29307) to work on /home/huynguyen2741/airflow_venv/lib/python3.12/site-packages/airflow/example_dags/example_short_circuit_decorator.py
[2025-08-06T14:39:23.831-0400] {processor.py:914} INFO - Processing file /home/huynguyen2741/airflow_venv/lib/python3.12/site-packages/airflow/example_dags/example_short_circuit_decorator.py for tasks to queue
[2025-08-06T14:39:23.832-0400] {logging_mixin.py:190} INFO - [2025-08-06T14:39:23.832-0400] {dagbag.py:588} INFO - Filling up the DagBag from /home/huynguyen2741/airflow_venv/lib/python3.12/site-packages/airflow/example_dags/example_short_circuit_decorator.py
[2025-08-06T14:39:23.839-0400] {processor.py:925} INFO - DAG(s) 'example_short_circuit_decorator' retrieved from /home/huynguyen2741/airflow_venv/lib/python3.12/site-packages/airflow/example_dags/example_short_circuit_decorator.py
[2025-08-06T14:39:23.854-0400] {logging_mixin.py:190} INFO - [2025-08-06T14:39:23.854-0400] {dag.py:3239} INFO - Sync 1 DAGs
[2025-08-06T14:39:23.864-0400] {logging_mixin.py:190} INFO - [2025-08-06T14:39:23.864-0400] {dag.py:4180} INFO - Setting next_dagrun for example_short_circuit_decorator to None, run_after=None
[2025-08-06T14:39:23.881-0400] {processor.py:208} INFO - Processing /home/huynguyen2741/airflow_venv/lib/python3.12/site-packages/airflow/example_dags/example_short_circuit_decorator.py took 0.060 seconds
[2025-08-06T14:40:26.915-0400] {processor.py:186} INFO - Started process (PID=29527) to work on /home/huynguyen2741/airflow_venv/lib/python3.12/site-packages/airflow/example_dags/example_short_circuit_decorator.py
[2025-08-06T14:40:26.920-0400] {processor.py:914} INFO - Processing file /home/huynguyen2741/airflow_venv/lib/python3.12/site-packages/airflow/example_dags/example_short_circuit_decorator.py for tasks to queue
[2025-08-06T14:40:26.921-0400] {logging_mixin.py:190} INFO - [2025-08-06T14:40:26.921-0400] {dagbag.py:588} INFO - Filling up the DagBag from /home/huynguyen2741/airflow_venv/lib/python3.12/site-packages/airflow/example_dags/example_short_circuit_decorator.py
[2025-08-06T14:40:26.930-0400] {processor.py:925} INFO - DAG(s) 'example_short_circuit_decorator' retrieved from /home/huynguyen2741/airflow_venv/lib/python3.12/site-packages/airflow/example_dags/example_short_circuit_decorator.py
[2025-08-06T14:40:26.952-0400] {logging_mixin.py:190} INFO - [2025-08-06T14:40:26.951-0400] {dag.py:3239} INFO - Sync 1 DAGs
[2025-08-06T14:40:26.966-0400] {logging_mixin.py:190} INFO - [2025-08-06T14:40:26.966-0400] {dag.py:4180} INFO - Setting next_dagrun for example_short_circuit_decorator to None, run_after=None
[2025-08-06T14:40:26.989-0400] {processor.py:208} INFO - Processing /home/huynguyen2741/airflow_venv/lib/python3.12/site-packages/airflow/example_dags/example_short_circuit_decorator.py took 0.079 seconds
[2025-08-06T14:41:35.909-0400] {processor.py:186} INFO - Started process (PID=29826) to work on /home/huynguyen2741/airflow_venv/lib/python3.12/site-packages/airflow/example_dags/example_short_circuit_decorator.py
[2025-08-06T14:41:35.919-0400] {processor.py:914} INFO - Processing file /home/huynguyen2741/airflow_venv/lib/python3.12/site-packages/airflow/example_dags/example_short_circuit_decorator.py for tasks to queue
[2025-08-06T14:41:35.920-0400] {logging_mixin.py:190} INFO - [2025-08-06T14:41:35.920-0400] {dagbag.py:588} INFO - Filling up the DagBag from /home/huynguyen2741/airflow_venv/lib/python3.12/site-packages/airflow/example_dags/example_short_circuit_decorator.py
[2025-08-06T14:41:35.928-0400] {processor.py:925} INFO - DAG(s) 'example_short_circuit_decorator' retrieved from /home/huynguyen2741/airflow_venv/lib/python3.12/site-packages/airflow/example_dags/example_short_circuit_decorator.py
[2025-08-06T14:41:35.939-0400] {logging_mixin.py:190} INFO - [2025-08-06T14:41:35.939-0400] {dag.py:3239} INFO - Sync 1 DAGs
[2025-08-06T14:41:35.948-0400] {logging_mixin.py:190} INFO - [2025-08-06T14:41:35.948-0400] {dag.py:4180} INFO - Setting next_dagrun for example_short_circuit_decorator to None, run_after=None
[2025-08-06T14:41:35.962-0400] {processor.py:208} INFO - Processing /home/huynguyen2741/airflow_venv/lib/python3.12/site-packages/airflow/example_dags/example_short_circuit_decorator.py took 0.059 seconds
[2025-08-06T14:42:38.507-0400] {processor.py:186} INFO - Started process (PID=30047) to work on /home/huynguyen2741/airflow_venv/lib/python3.12/site-packages/airflow/example_dags/example_short_circuit_decorator.py
[2025-08-06T14:42:38.509-0400] {processor.py:914} INFO - Processing file /home/huynguyen2741/airflow_venv/lib/python3.12/site-packages/airflow/example_dags/example_short_circuit_decorator.py for tasks to queue
[2025-08-06T14:42:38.510-0400] {logging_mixin.py:190} INFO - [2025-08-06T14:42:38.509-0400] {dagbag.py:588} INFO - Filling up the DagBag from /home/huynguyen2741/airflow_venv/lib/python3.12/site-packages/airflow/example_dags/example_short_circuit_decorator.py
[2025-08-06T14:42:38.517-0400] {processor.py:925} INFO - DAG(s) 'example_short_circuit_decorator' retrieved from /home/huynguyen2741/airflow_venv/lib/python3.12/site-packages/airflow/example_dags/example_short_circuit_decorator.py
[2025-08-06T14:42:38.529-0400] {logging_mixin.py:190} INFO - [2025-08-06T14:42:38.529-0400] {dag.py:3239} INFO - Sync 1 DAGs
[2025-08-06T14:42:38.537-0400] {logging_mixin.py:190} INFO - [2025-08-06T14:42:38.536-0400] {dag.py:4180} INFO - Setting next_dagrun for example_short_circuit_decorator to None, run_after=None
[2025-08-06T14:42:38.552-0400] {processor.py:208} INFO - Processing /home/huynguyen2741/airflow_venv/lib/python3.12/site-packages/airflow/example_dags/example_short_circuit_decorator.py took 0.050 seconds
[2025-08-06T14:43:44.247-0400] {processor.py:186} INFO - Started process (PID=30282) to work on /home/huynguyen2741/airflow_venv/lib/python3.12/site-packages/airflow/example_dags/example_short_circuit_decorator.py
[2025-08-06T14:43:44.258-0400] {processor.py:914} INFO - Processing file /home/huynguyen2741/airflow_venv/lib/python3.12/site-packages/airflow/example_dags/example_short_circuit_decorator.py for tasks to queue
[2025-08-06T14:43:44.260-0400] {logging_mixin.py:190} INFO - [2025-08-06T14:43:44.259-0400] {dagbag.py:588} INFO - Filling up the DagBag from /home/huynguyen2741/airflow_venv/lib/python3.12/site-packages/airflow/example_dags/example_short_circuit_decorator.py
[2025-08-06T14:43:44.269-0400] {processor.py:925} INFO - DAG(s) 'example_short_circuit_decorator' retrieved from /home/huynguyen2741/airflow_venv/lib/python3.12/site-packages/airflow/example_dags/example_short_circuit_decorator.py
[2025-08-06T14:43:44.283-0400] {logging_mixin.py:190} INFO - [2025-08-06T14:43:44.283-0400] {dag.py:3239} INFO - Sync 1 DAGs
[2025-08-06T14:43:44.292-0400] {logging_mixin.py:190} INFO - [2025-08-06T14:43:44.292-0400] {dag.py:4180} INFO - Setting next_dagrun for example_short_circuit_decorator to None, run_after=None
[2025-08-06T14:43:44.311-0400] {processor.py:208} INFO - Processing /home/huynguyen2741/airflow_venv/lib/python3.12/site-packages/airflow/example_dags/example_short_circuit_decorator.py took 0.071 seconds
[2025-08-06T14:44:43.649-0400] {processor.py:186} INFO - Started process (PID=30545) to work on /home/huynguyen2741/airflow_venv/lib/python3.12/site-packages/airflow/example_dags/example_short_circuit_decorator.py
[2025-08-06T14:44:43.653-0400] {processor.py:914} INFO - Processing file /home/huynguyen2741/airflow_venv/lib/python3.12/site-packages/airflow/example_dags/example_short_circuit_decorator.py for tasks to queue
[2025-08-06T14:44:43.654-0400] {logging_mixin.py:190} INFO - [2025-08-06T14:44:43.654-0400] {dagbag.py:588} INFO - Filling up the DagBag from /home/huynguyen2741/airflow_venv/lib/python3.12/site-packages/airflow/example_dags/example_short_circuit_decorator.py
[2025-08-06T14:44:43.661-0400] {processor.py:925} INFO - DAG(s) 'example_short_circuit_decorator' retrieved from /home/huynguyen2741/airflow_venv/lib/python3.12/site-packages/airflow/example_dags/example_short_circuit_decorator.py
[2025-08-06T14:44:43.677-0400] {logging_mixin.py:190} INFO - [2025-08-06T14:44:43.677-0400] {dag.py:3239} INFO - Sync 1 DAGs
[2025-08-06T14:44:43.687-0400] {logging_mixin.py:190} INFO - [2025-08-06T14:44:43.687-0400] {dag.py:4180} INFO - Setting next_dagrun for example_short_circuit_decorator to None, run_after=None
[2025-08-06T14:44:43.704-0400] {processor.py:208} INFO - Processing /home/huynguyen2741/airflow_venv/lib/python3.12/site-packages/airflow/example_dags/example_short_circuit_decorator.py took 0.060 seconds
[2025-08-06T14:45:40.871-0400] {processor.py:186} INFO - Started process (PID=30801) to work on /home/huynguyen2741/airflow_venv/lib/python3.12/site-packages/airflow/example_dags/example_short_circuit_decorator.py
[2025-08-06T14:45:40.882-0400] {processor.py:914} INFO - Processing file /home/huynguyen2741/airflow_venv/lib/python3.12/site-packages/airflow/example_dags/example_short_circuit_decorator.py for tasks to queue
[2025-08-06T14:45:40.884-0400] {logging_mixin.py:190} INFO - [2025-08-06T14:45:40.883-0400] {dagbag.py:588} INFO - Filling up the DagBag from /home/huynguyen2741/airflow_venv/lib/python3.12/site-packages/airflow/example_dags/example_short_circuit_decorator.py
[2025-08-06T14:45:40.892-0400] {processor.py:925} INFO - DAG(s) 'example_short_circuit_decorator' retrieved from /home/huynguyen2741/airflow_venv/lib/python3.12/site-packages/airflow/example_dags/example_short_circuit_decorator.py
[2025-08-06T14:45:40.910-0400] {logging_mixin.py:190} INFO - [2025-08-06T14:45:40.910-0400] {dag.py:3239} INFO - Sync 1 DAGs
[2025-08-06T14:45:40.921-0400] {logging_mixin.py:190} INFO - [2025-08-06T14:45:40.921-0400] {dag.py:4180} INFO - Setting next_dagrun for example_short_circuit_decorator to None, run_after=None
[2025-08-06T14:45:40.939-0400] {processor.py:208} INFO - Processing /home/huynguyen2741/airflow_venv/lib/python3.12/site-packages/airflow/example_dags/example_short_circuit_decorator.py took 0.074 seconds
[2025-08-06T14:46:42.685-0400] {processor.py:186} INFO - Started process (PID=31085) to work on /home/huynguyen2741/airflow_venv/lib/python3.12/site-packages/airflow/example_dags/example_short_circuit_decorator.py
[2025-08-06T14:46:42.686-0400] {processor.py:914} INFO - Processing file /home/huynguyen2741/airflow_venv/lib/python3.12/site-packages/airflow/example_dags/example_short_circuit_decorator.py for tasks to queue
[2025-08-06T14:46:42.687-0400] {logging_mixin.py:190} INFO - [2025-08-06T14:46:42.687-0400] {dagbag.py:588} INFO - Filling up the DagBag from /home/huynguyen2741/airflow_venv/lib/python3.12/site-packages/airflow/example_dags/example_short_circuit_decorator.py
[2025-08-06T14:46:42.694-0400] {processor.py:925} INFO - DAG(s) 'example_short_circuit_decorator' retrieved from /home/huynguyen2741/airflow_venv/lib/python3.12/site-packages/airflow/example_dags/example_short_circuit_decorator.py
[2025-08-06T14:46:42.707-0400] {logging_mixin.py:190} INFO - [2025-08-06T14:46:42.707-0400] {dag.py:3239} INFO - Sync 1 DAGs
[2025-08-06T14:46:42.716-0400] {logging_mixin.py:190} INFO - [2025-08-06T14:46:42.716-0400] {dag.py:4180} INFO - Setting next_dagrun for example_short_circuit_decorator to None, run_after=None
[2025-08-06T14:46:42.731-0400] {processor.py:208} INFO - Processing /home/huynguyen2741/airflow_venv/lib/python3.12/site-packages/airflow/example_dags/example_short_circuit_decorator.py took 0.051 seconds
[2025-08-06T14:48:04.329-0400] {processor.py:186} INFO - Started process (PID=31576) to work on /home/huynguyen2741/airflow_venv/lib/python3.12/site-packages/airflow/example_dags/example_short_circuit_decorator.py
[2025-08-06T14:48:04.334-0400] {processor.py:914} INFO - Processing file /home/huynguyen2741/airflow_venv/lib/python3.12/site-packages/airflow/example_dags/example_short_circuit_decorator.py for tasks to queue
[2025-08-06T14:48:04.335-0400] {logging_mixin.py:190} INFO - [2025-08-06T14:48:04.335-0400] {dagbag.py:588} INFO - Filling up the DagBag from /home/huynguyen2741/airflow_venv/lib/python3.12/site-packages/airflow/example_dags/example_short_circuit_decorator.py
[2025-08-06T14:48:04.342-0400] {processor.py:925} INFO - DAG(s) 'example_short_circuit_decorator' retrieved from /home/huynguyen2741/airflow_venv/lib/python3.12/site-packages/airflow/example_dags/example_short_circuit_decorator.py
[2025-08-06T14:48:04.355-0400] {logging_mixin.py:190} INFO - [2025-08-06T14:48:04.355-0400] {dag.py:3239} INFO - Sync 1 DAGs
[2025-08-06T14:48:04.363-0400] {logging_mixin.py:190} INFO - [2025-08-06T14:48:04.363-0400] {dag.py:4180} INFO - Setting next_dagrun for example_short_circuit_decorator to None, run_after=None
[2025-08-06T14:48:04.379-0400] {processor.py:208} INFO - Processing /home/huynguyen2741/airflow_venv/lib/python3.12/site-packages/airflow/example_dags/example_short_circuit_decorator.py took 0.056 seconds
[2025-08-06T14:49:17.996-0400] {processor.py:186} INFO - Started process (PID=31855) to work on /home/huynguyen2741/airflow_venv/lib/python3.12/site-packages/airflow/example_dags/example_short_circuit_decorator.py
[2025-08-06T14:49:18.006-0400] {processor.py:914} INFO - Processing file /home/huynguyen2741/airflow_venv/lib/python3.12/site-packages/airflow/example_dags/example_short_circuit_decorator.py for tasks to queue
[2025-08-06T14:49:18.008-0400] {logging_mixin.py:190} INFO - [2025-08-06T14:49:18.007-0400] {dagbag.py:588} INFO - Filling up the DagBag from /home/huynguyen2741/airflow_venv/lib/python3.12/site-packages/airflow/example_dags/example_short_circuit_decorator.py
[2025-08-06T14:49:18.015-0400] {processor.py:925} INFO - DAG(s) 'example_short_circuit_decorator' retrieved from /home/huynguyen2741/airflow_venv/lib/python3.12/site-packages/airflow/example_dags/example_short_circuit_decorator.py
[2025-08-06T14:49:18.029-0400] {logging_mixin.py:190} INFO - [2025-08-06T14:49:18.029-0400] {dag.py:3239} INFO - Sync 1 DAGs
[2025-08-06T14:49:18.038-0400] {logging_mixin.py:190} INFO - [2025-08-06T14:49:18.038-0400] {dag.py:4180} INFO - Setting next_dagrun for example_short_circuit_decorator to None, run_after=None
[2025-08-06T14:49:18.054-0400] {processor.py:208} INFO - Processing /home/huynguyen2741/airflow_venv/lib/python3.12/site-packages/airflow/example_dags/example_short_circuit_decorator.py took 0.064 seconds
[2025-08-06T14:50:21.843-0400] {processor.py:186} INFO - Started process (PID=32081) to work on /home/huynguyen2741/airflow_venv/lib/python3.12/site-packages/airflow/example_dags/example_short_circuit_decorator.py
[2025-08-06T14:50:21.848-0400] {processor.py:914} INFO - Processing file /home/huynguyen2741/airflow_venv/lib/python3.12/site-packages/airflow/example_dags/example_short_circuit_decorator.py for tasks to queue
[2025-08-06T14:50:21.849-0400] {logging_mixin.py:190} INFO - [2025-08-06T14:50:21.848-0400] {dagbag.py:588} INFO - Filling up the DagBag from /home/huynguyen2741/airflow_venv/lib/python3.12/site-packages/airflow/example_dags/example_short_circuit_decorator.py
[2025-08-06T14:50:21.856-0400] {processor.py:925} INFO - DAG(s) 'example_short_circuit_decorator' retrieved from /home/huynguyen2741/airflow_venv/lib/python3.12/site-packages/airflow/example_dags/example_short_circuit_decorator.py
[2025-08-06T14:50:21.869-0400] {logging_mixin.py:190} INFO - [2025-08-06T14:50:21.869-0400] {dag.py:3239} INFO - Sync 1 DAGs
[2025-08-06T14:50:21.877-0400] {logging_mixin.py:190} INFO - [2025-08-06T14:50:21.877-0400] {dag.py:4180} INFO - Setting next_dagrun for example_short_circuit_decorator to None, run_after=None
[2025-08-06T14:50:21.894-0400] {processor.py:208} INFO - Processing /home/huynguyen2741/airflow_venv/lib/python3.12/site-packages/airflow/example_dags/example_short_circuit_decorator.py took 0.057 seconds
[2025-08-06T14:51:24.970-0400] {processor.py:186} INFO - Started process (PID=32309) to work on /home/huynguyen2741/airflow_venv/lib/python3.12/site-packages/airflow/example_dags/example_short_circuit_decorator.py
[2025-08-06T14:51:24.975-0400] {processor.py:914} INFO - Processing file /home/huynguyen2741/airflow_venv/lib/python3.12/site-packages/airflow/example_dags/example_short_circuit_decorator.py for tasks to queue
[2025-08-06T14:51:24.976-0400] {logging_mixin.py:190} INFO - [2025-08-06T14:51:24.976-0400] {dagbag.py:588} INFO - Filling up the DagBag from /home/huynguyen2741/airflow_venv/lib/python3.12/site-packages/airflow/example_dags/example_short_circuit_decorator.py
[2025-08-06T14:51:24.984-0400] {processor.py:925} INFO - DAG(s) 'example_short_circuit_decorator' retrieved from /home/huynguyen2741/airflow_venv/lib/python3.12/site-packages/airflow/example_dags/example_short_circuit_decorator.py
[2025-08-06T14:51:24.996-0400] {logging_mixin.py:190} INFO - [2025-08-06T14:51:24.996-0400] {dag.py:3239} INFO - Sync 1 DAGs
[2025-08-06T14:51:25.004-0400] {logging_mixin.py:190} INFO - [2025-08-06T14:51:25.004-0400] {dag.py:4180} INFO - Setting next_dagrun for example_short_circuit_decorator to None, run_after=None
[2025-08-06T14:51:25.020-0400] {processor.py:208} INFO - Processing /home/huynguyen2741/airflow_venv/lib/python3.12/site-packages/airflow/example_dags/example_short_circuit_decorator.py took 0.055 seconds
[2025-08-06T14:52:27.452-0400] {processor.py:186} INFO - Started process (PID=32570) to work on /home/huynguyen2741/airflow_venv/lib/python3.12/site-packages/airflow/example_dags/example_short_circuit_decorator.py
[2025-08-06T14:52:27.456-0400] {processor.py:914} INFO - Processing file /home/huynguyen2741/airflow_venv/lib/python3.12/site-packages/airflow/example_dags/example_short_circuit_decorator.py for tasks to queue
[2025-08-06T14:52:27.457-0400] {logging_mixin.py:190} INFO - [2025-08-06T14:52:27.457-0400] {dagbag.py:588} INFO - Filling up the DagBag from /home/huynguyen2741/airflow_venv/lib/python3.12/site-packages/airflow/example_dags/example_short_circuit_decorator.py
[2025-08-06T14:52:27.465-0400] {processor.py:925} INFO - DAG(s) 'example_short_circuit_decorator' retrieved from /home/huynguyen2741/airflow_venv/lib/python3.12/site-packages/airflow/example_dags/example_short_circuit_decorator.py
[2025-08-06T14:52:27.480-0400] {logging_mixin.py:190} INFO - [2025-08-06T14:52:27.480-0400] {dag.py:3239} INFO - Sync 1 DAGs
[2025-08-06T14:52:27.490-0400] {logging_mixin.py:190} INFO - [2025-08-06T14:52:27.490-0400] {dag.py:4180} INFO - Setting next_dagrun for example_short_circuit_decorator to None, run_after=None
[2025-08-06T14:52:27.507-0400] {processor.py:208} INFO - Processing /home/huynguyen2741/airflow_venv/lib/python3.12/site-packages/airflow/example_dags/example_short_circuit_decorator.py took 0.060 seconds
[2025-08-06T14:53:27.437-0400] {processor.py:186} INFO - Started process (PID=32894) to work on /home/huynguyen2741/airflow_venv/lib/python3.12/site-packages/airflow/example_dags/example_short_circuit_decorator.py
[2025-08-06T14:53:27.438-0400] {processor.py:914} INFO - Processing file /home/huynguyen2741/airflow_venv/lib/python3.12/site-packages/airflow/example_dags/example_short_circuit_decorator.py for tasks to queue
[2025-08-06T14:53:27.439-0400] {logging_mixin.py:190} INFO - [2025-08-06T14:53:27.439-0400] {dagbag.py:588} INFO - Filling up the DagBag from /home/huynguyen2741/airflow_venv/lib/python3.12/site-packages/airflow/example_dags/example_short_circuit_decorator.py
[2025-08-06T14:53:27.447-0400] {processor.py:925} INFO - DAG(s) 'example_short_circuit_decorator' retrieved from /home/huynguyen2741/airflow_venv/lib/python3.12/site-packages/airflow/example_dags/example_short_circuit_decorator.py
[2025-08-06T14:53:27.460-0400] {logging_mixin.py:190} INFO - [2025-08-06T14:53:27.460-0400] {dag.py:3239} INFO - Sync 1 DAGs
[2025-08-06T14:53:27.469-0400] {logging_mixin.py:190} INFO - [2025-08-06T14:53:27.469-0400] {dag.py:4180} INFO - Setting next_dagrun for example_short_circuit_decorator to None, run_after=None
[2025-08-06T14:53:27.485-0400] {processor.py:208} INFO - Processing /home/huynguyen2741/airflow_venv/lib/python3.12/site-packages/airflow/example_dags/example_short_circuit_decorator.py took 0.055 seconds
[2025-08-06T14:54:26.838-0400] {processor.py:186} INFO - Started process (PID=33313) to work on /home/huynguyen2741/airflow_venv/lib/python3.12/site-packages/airflow/example_dags/example_short_circuit_decorator.py
[2025-08-06T14:54:26.839-0400] {processor.py:914} INFO - Processing file /home/huynguyen2741/airflow_venv/lib/python3.12/site-packages/airflow/example_dags/example_short_circuit_decorator.py for tasks to queue
[2025-08-06T14:54:26.840-0400] {logging_mixin.py:190} INFO - [2025-08-06T14:54:26.840-0400] {dagbag.py:588} INFO - Filling up the DagBag from /home/huynguyen2741/airflow_venv/lib/python3.12/site-packages/airflow/example_dags/example_short_circuit_decorator.py
[2025-08-06T14:54:26.847-0400] {processor.py:925} INFO - DAG(s) 'example_short_circuit_decorator' retrieved from /home/huynguyen2741/airflow_venv/lib/python3.12/site-packages/airflow/example_dags/example_short_circuit_decorator.py
[2025-08-06T14:54:26.859-0400] {logging_mixin.py:190} INFO - [2025-08-06T14:54:26.859-0400] {dag.py:3239} INFO - Sync 1 DAGs
[2025-08-06T14:54:26.868-0400] {logging_mixin.py:190} INFO - [2025-08-06T14:54:26.868-0400] {dag.py:4180} INFO - Setting next_dagrun for example_short_circuit_decorator to None, run_after=None
[2025-08-06T14:54:26.884-0400] {processor.py:208} INFO - Processing /home/huynguyen2741/airflow_venv/lib/python3.12/site-packages/airflow/example_dags/example_short_circuit_decorator.py took 0.052 seconds
[2025-08-06T14:55:25.655-0400] {processor.py:186} INFO - Started process (PID=33599) to work on /home/huynguyen2741/airflow_venv/lib/python3.12/site-packages/airflow/example_dags/example_short_circuit_decorator.py
[2025-08-06T14:55:25.656-0400] {processor.py:914} INFO - Processing file /home/huynguyen2741/airflow_venv/lib/python3.12/site-packages/airflow/example_dags/example_short_circuit_decorator.py for tasks to queue
[2025-08-06T14:55:25.657-0400] {logging_mixin.py:190} INFO - [2025-08-06T14:55:25.657-0400] {dagbag.py:588} INFO - Filling up the DagBag from /home/huynguyen2741/airflow_venv/lib/python3.12/site-packages/airflow/example_dags/example_short_circuit_decorator.py
[2025-08-06T14:55:25.665-0400] {processor.py:925} INFO - DAG(s) 'example_short_circuit_decorator' retrieved from /home/huynguyen2741/airflow_venv/lib/python3.12/site-packages/airflow/example_dags/example_short_circuit_decorator.py
[2025-08-06T14:55:25.679-0400] {logging_mixin.py:190} INFO - [2025-08-06T14:55:25.678-0400] {dag.py:3239} INFO - Sync 1 DAGs
[2025-08-06T14:55:25.687-0400] {logging_mixin.py:190} INFO - [2025-08-06T14:55:25.687-0400] {dag.py:4180} INFO - Setting next_dagrun for example_short_circuit_decorator to None, run_after=None
[2025-08-06T14:55:25.705-0400] {processor.py:208} INFO - Processing /home/huynguyen2741/airflow_venv/lib/python3.12/site-packages/airflow/example_dags/example_short_circuit_decorator.py took 0.056 seconds
[2025-08-06T14:56:24.068-0400] {processor.py:186} INFO - Started process (PID=33905) to work on /home/huynguyen2741/airflow_venv/lib/python3.12/site-packages/airflow/example_dags/example_short_circuit_decorator.py
[2025-08-06T14:56:24.069-0400] {processor.py:914} INFO - Processing file /home/huynguyen2741/airflow_venv/lib/python3.12/site-packages/airflow/example_dags/example_short_circuit_decorator.py for tasks to queue
[2025-08-06T14:56:24.070-0400] {logging_mixin.py:190} INFO - [2025-08-06T14:56:24.070-0400] {dagbag.py:588} INFO - Filling up the DagBag from /home/huynguyen2741/airflow_venv/lib/python3.12/site-packages/airflow/example_dags/example_short_circuit_decorator.py
[2025-08-06T14:56:24.077-0400] {processor.py:925} INFO - DAG(s) 'example_short_circuit_decorator' retrieved from /home/huynguyen2741/airflow_venv/lib/python3.12/site-packages/airflow/example_dags/example_short_circuit_decorator.py
[2025-08-06T14:56:24.091-0400] {logging_mixin.py:190} INFO - [2025-08-06T14:56:24.090-0400] {dag.py:3239} INFO - Sync 1 DAGs
[2025-08-06T14:56:24.099-0400] {logging_mixin.py:190} INFO - [2025-08-06T14:56:24.099-0400] {dag.py:4180} INFO - Setting next_dagrun for example_short_circuit_decorator to None, run_after=None
[2025-08-06T14:56:24.114-0400] {processor.py:208} INFO - Processing /home/huynguyen2741/airflow_venv/lib/python3.12/site-packages/airflow/example_dags/example_short_circuit_decorator.py took 0.052 seconds
[2025-08-06T14:57:27.593-0400] {processor.py:186} INFO - Started process (PID=34160) to work on /home/huynguyen2741/airflow_venv/lib/python3.12/site-packages/airflow/example_dags/example_short_circuit_decorator.py
[2025-08-06T14:57:27.594-0400] {processor.py:914} INFO - Processing file /home/huynguyen2741/airflow_venv/lib/python3.12/site-packages/airflow/example_dags/example_short_circuit_decorator.py for tasks to queue
[2025-08-06T14:57:27.595-0400] {logging_mixin.py:190} INFO - [2025-08-06T14:57:27.595-0400] {dagbag.py:588} INFO - Filling up the DagBag from /home/huynguyen2741/airflow_venv/lib/python3.12/site-packages/airflow/example_dags/example_short_circuit_decorator.py
[2025-08-06T14:57:27.603-0400] {processor.py:925} INFO - DAG(s) 'example_short_circuit_decorator' retrieved from /home/huynguyen2741/airflow_venv/lib/python3.12/site-packages/airflow/example_dags/example_short_circuit_decorator.py
[2025-08-06T14:57:27.615-0400] {logging_mixin.py:190} INFO - [2025-08-06T14:57:27.615-0400] {dag.py:3239} INFO - Sync 1 DAGs
[2025-08-06T14:57:27.624-0400] {logging_mixin.py:190} INFO - [2025-08-06T14:57:27.623-0400] {dag.py:4180} INFO - Setting next_dagrun for example_short_circuit_decorator to None, run_after=None
[2025-08-06T14:57:27.639-0400] {processor.py:208} INFO - Processing /home/huynguyen2741/airflow_venv/lib/python3.12/site-packages/airflow/example_dags/example_short_circuit_decorator.py took 0.051 seconds
[2025-08-06T14:58:29.912-0400] {processor.py:186} INFO - Started process (PID=34440) to work on /home/huynguyen2741/airflow_venv/lib/python3.12/site-packages/airflow/example_dags/example_short_circuit_decorator.py
[2025-08-06T14:58:29.913-0400] {processor.py:914} INFO - Processing file /home/huynguyen2741/airflow_venv/lib/python3.12/site-packages/airflow/example_dags/example_short_circuit_decorator.py for tasks to queue
[2025-08-06T14:58:29.914-0400] {logging_mixin.py:190} INFO - [2025-08-06T14:58:29.914-0400] {dagbag.py:588} INFO - Filling up the DagBag from /home/huynguyen2741/airflow_venv/lib/python3.12/site-packages/airflow/example_dags/example_short_circuit_decorator.py
[2025-08-06T14:58:29.921-0400] {processor.py:925} INFO - DAG(s) 'example_short_circuit_decorator' retrieved from /home/huynguyen2741/airflow_venv/lib/python3.12/site-packages/airflow/example_dags/example_short_circuit_decorator.py
[2025-08-06T14:58:29.933-0400] {logging_mixin.py:190} INFO - [2025-08-06T14:58:29.933-0400] {dag.py:3239} INFO - Sync 1 DAGs
[2025-08-06T14:58:29.941-0400] {logging_mixin.py:190} INFO - [2025-08-06T14:58:29.941-0400] {dag.py:4180} INFO - Setting next_dagrun for example_short_circuit_decorator to None, run_after=None
[2025-08-06T14:58:29.958-0400] {processor.py:208} INFO - Processing /home/huynguyen2741/airflow_venv/lib/python3.12/site-packages/airflow/example_dags/example_short_circuit_decorator.py took 0.052 seconds
[2025-08-06T14:59:32.779-0400] {processor.py:186} INFO - Started process (PID=34675) to work on /home/huynguyen2741/airflow_venv/lib/python3.12/site-packages/airflow/example_dags/example_short_circuit_decorator.py
[2025-08-06T14:59:32.780-0400] {processor.py:914} INFO - Processing file /home/huynguyen2741/airflow_venv/lib/python3.12/site-packages/airflow/example_dags/example_short_circuit_decorator.py for tasks to queue
[2025-08-06T14:59:32.781-0400] {logging_mixin.py:190} INFO - [2025-08-06T14:59:32.781-0400] {dagbag.py:588} INFO - Filling up the DagBag from /home/huynguyen2741/airflow_venv/lib/python3.12/site-packages/airflow/example_dags/example_short_circuit_decorator.py
[2025-08-06T14:59:32.788-0400] {processor.py:925} INFO - DAG(s) 'example_short_circuit_decorator' retrieved from /home/huynguyen2741/airflow_venv/lib/python3.12/site-packages/airflow/example_dags/example_short_circuit_decorator.py
[2025-08-06T14:59:32.801-0400] {logging_mixin.py:190} INFO - [2025-08-06T14:59:32.801-0400] {dag.py:3239} INFO - Sync 1 DAGs
[2025-08-06T14:59:32.809-0400] {logging_mixin.py:190} INFO - [2025-08-06T14:59:32.809-0400] {dag.py:4180} INFO - Setting next_dagrun for example_short_circuit_decorator to None, run_after=None
[2025-08-06T14:59:32.825-0400] {processor.py:208} INFO - Processing /home/huynguyen2741/airflow_venv/lib/python3.12/site-packages/airflow/example_dags/example_short_circuit_decorator.py took 0.052 seconds
[2025-08-06T15:00:34.221-0400] {processor.py:186} INFO - Started process (PID=34905) to work on /home/huynguyen2741/airflow_venv/lib/python3.12/site-packages/airflow/example_dags/example_short_circuit_decorator.py
[2025-08-06T15:00:34.231-0400] {processor.py:914} INFO - Processing file /home/huynguyen2741/airflow_venv/lib/python3.12/site-packages/airflow/example_dags/example_short_circuit_decorator.py for tasks to queue
[2025-08-06T15:00:34.232-0400] {logging_mixin.py:190} INFO - [2025-08-06T15:00:34.232-0400] {dagbag.py:588} INFO - Filling up the DagBag from /home/huynguyen2741/airflow_venv/lib/python3.12/site-packages/airflow/example_dags/example_short_circuit_decorator.py
[2025-08-06T15:00:34.240-0400] {processor.py:925} INFO - DAG(s) 'example_short_circuit_decorator' retrieved from /home/huynguyen2741/airflow_venv/lib/python3.12/site-packages/airflow/example_dags/example_short_circuit_decorator.py
[2025-08-06T15:00:34.252-0400] {logging_mixin.py:190} INFO - [2025-08-06T15:00:34.252-0400] {dag.py:3239} INFO - Sync 1 DAGs
[2025-08-06T15:00:34.260-0400] {logging_mixin.py:190} INFO - [2025-08-06T15:00:34.260-0400] {dag.py:4180} INFO - Setting next_dagrun for example_short_circuit_decorator to None, run_after=None
[2025-08-06T15:00:34.276-0400] {processor.py:208} INFO - Processing /home/huynguyen2741/airflow_venv/lib/python3.12/site-packages/airflow/example_dags/example_short_circuit_decorator.py took 0.061 seconds
