[2025-08-06T13:57:34.030-0400] {processor.py:186} INFO - Started process (PID=17781) to work on /home/huynguyen2741/airflow_venv/lib/python3.12/site-packages/airflow/example_dags/example_params_ui_tutorial.py
[2025-08-06T13:57:34.031-0400] {processor.py:914} INFO - Processing file /home/huynguyen2741/airflow_venv/lib/python3.12/site-packages/airflow/example_dags/example_params_ui_tutorial.py for tasks to queue
[2025-08-06T13:57:34.032-0400] {logging_mixin.py:190} INFO - [2025-08-06T13:57:34.032-0400] {dagbag.py:588} INFO - Filling up the DagBag from /home/huynguyen2741/airflow_venv/lib/python3.12/site-packages/airflow/example_dags/example_params_ui_tutorial.py
[2025-08-06T13:57:34.039-0400] {processor.py:925} INFO - DAG(s) 'example_params_ui_tutorial' retrieved from /home/huynguyen2741/airflow_venv/lib/python3.12/site-packages/airflow/example_dags/example_params_ui_tutorial.py
[2025-08-06T13:57:34.133-0400] {logging_mixin.py:190} INFO - [2025-08-06T13:57:34.132-0400] {override.py:1930} INFO - Created Permission View: can edit on DAG:example_params_ui_tutorial
[2025-08-06T13:57:34.144-0400] {logging_mixin.py:190} INFO - [2025-08-06T13:57:34.143-0400] {override.py:1930} INFO - Created Permission View: can read on DAG:example_params_ui_tutorial
[2025-08-06T13:57:34.152-0400] {logging_mixin.py:190} INFO - [2025-08-06T13:57:34.152-0400] {override.py:1930} INFO - Created Permission View: can delete on DAG:example_params_ui_tutorial
[2025-08-06T13:57:34.166-0400] {logging_mixin.py:190} INFO - [2025-08-06T13:57:34.166-0400] {override.py:1930} INFO - Created Permission View: menu access on DAG Run:example_params_ui_tutorial
[2025-08-06T13:57:34.175-0400] {logging_mixin.py:190} INFO - [2025-08-06T13:57:34.175-0400] {override.py:1930} INFO - Created Permission View: can read on DAG Run:example_params_ui_tutorial
[2025-08-06T13:57:34.184-0400] {logging_mixin.py:190} INFO - [2025-08-06T13:57:34.183-0400] {override.py:1930} INFO - Created Permission View: can create on DAG Run:example_params_ui_tutorial
[2025-08-06T13:57:34.192-0400] {logging_mixin.py:190} INFO - [2025-08-06T13:57:34.192-0400] {override.py:1930} INFO - Created Permission View: can delete on DAG Run:example_params_ui_tutorial
[2025-08-06T13:57:34.192-0400] {logging_mixin.py:190} INFO - [2025-08-06T13:57:34.192-0400] {dag.py:3239} INFO - Sync 1 DAGs
[2025-08-06T13:57:34.200-0400] {logging_mixin.py:190} INFO - [2025-08-06T13:57:34.200-0400] {dag.py:3262} INFO - Creating ORM DAG for example_params_ui_tutorial
[2025-08-06T13:57:34.201-0400] {logging_mixin.py:190} INFO - [2025-08-06T13:57:34.201-0400] {dag.py:4180} INFO - Setting next_dagrun for example_params_ui_tutorial to None, run_after=None
[2025-08-06T13:57:34.217-0400] {processor.py:208} INFO - Processing /home/huynguyen2741/airflow_venv/lib/python3.12/site-packages/airflow/example_dags/example_params_ui_tutorial.py took 0.191 seconds
[2025-08-06T13:58:42.416-0400] {processor.py:186} INFO - Started process (PID=18032) to work on /home/huynguyen2741/airflow_venv/lib/python3.12/site-packages/airflow/example_dags/example_params_ui_tutorial.py
[2025-08-06T13:58:42.418-0400] {processor.py:914} INFO - Processing file /home/huynguyen2741/airflow_venv/lib/python3.12/site-packages/airflow/example_dags/example_params_ui_tutorial.py for tasks to queue
[2025-08-06T13:58:42.419-0400] {logging_mixin.py:190} INFO - [2025-08-06T13:58:42.419-0400] {dagbag.py:588} INFO - Filling up the DagBag from /home/huynguyen2741/airflow_venv/lib/python3.12/site-packages/airflow/example_dags/example_params_ui_tutorial.py
[2025-08-06T13:58:42.428-0400] {processor.py:925} INFO - DAG(s) 'example_params_ui_tutorial' retrieved from /home/huynguyen2741/airflow_venv/lib/python3.12/site-packages/airflow/example_dags/example_params_ui_tutorial.py
[2025-08-06T13:58:42.458-0400] {logging_mixin.py:190} INFO - [2025-08-06T13:58:42.458-0400] {dag.py:3239} INFO - Sync 1 DAGs
[2025-08-06T13:58:42.469-0400] {logging_mixin.py:190} INFO - [2025-08-06T13:58:42.469-0400] {dag.py:4180} INFO - Setting next_dagrun for example_params_ui_tutorial to None, run_after=None
[2025-08-06T13:58:42.488-0400] {processor.py:208} INFO - Processing /home/huynguyen2741/airflow_venv/lib/python3.12/site-packages/airflow/example_dags/example_params_ui_tutorial.py took 0.077 seconds
[2025-08-06T13:59:43.090-0400] {processor.py:186} INFO - Started process (PID=18247) to work on /home/huynguyen2741/airflow_venv/lib/python3.12/site-packages/airflow/example_dags/example_params_ui_tutorial.py
[2025-08-06T13:59:43.100-0400] {processor.py:914} INFO - Processing file /home/huynguyen2741/airflow_venv/lib/python3.12/site-packages/airflow/example_dags/example_params_ui_tutorial.py for tasks to queue
[2025-08-06T13:59:43.102-0400] {logging_mixin.py:190} INFO - [2025-08-06T13:59:43.101-0400] {dagbag.py:588} INFO - Filling up the DagBag from /home/huynguyen2741/airflow_venv/lib/python3.12/site-packages/airflow/example_dags/example_params_ui_tutorial.py
[2025-08-06T13:59:43.108-0400] {processor.py:925} INFO - DAG(s) 'example_params_ui_tutorial' retrieved from /home/huynguyen2741/airflow_venv/lib/python3.12/site-packages/airflow/example_dags/example_params_ui_tutorial.py
[2025-08-06T13:59:43.133-0400] {logging_mixin.py:190} INFO - [2025-08-06T13:59:43.132-0400] {dag.py:3239} INFO - Sync 1 DAGs
[2025-08-06T13:59:43.140-0400] {logging_mixin.py:190} INFO - [2025-08-06T13:59:43.140-0400] {dag.py:4180} INFO - Setting next_dagrun for example_params_ui_tutorial to None, run_after=None
[2025-08-06T13:59:43.155-0400] {processor.py:208} INFO - Processing /home/huynguyen2741/airflow_venv/lib/python3.12/site-packages/airflow/example_dags/example_params_ui_tutorial.py took 0.069 seconds
[2025-08-06T14:00:45.610-0400] {processor.py:186} INFO - Started process (PID=18466) to work on /home/huynguyen2741/airflow_venv/lib/python3.12/site-packages/airflow/example_dags/example_params_ui_tutorial.py
[2025-08-06T14:00:45.611-0400] {processor.py:914} INFO - Processing file /home/huynguyen2741/airflow_venv/lib/python3.12/site-packages/airflow/example_dags/example_params_ui_tutorial.py for tasks to queue
[2025-08-06T14:00:45.613-0400] {logging_mixin.py:190} INFO - [2025-08-06T14:00:45.612-0400] {dagbag.py:588} INFO - Filling up the DagBag from /home/huynguyen2741/airflow_venv/lib/python3.12/site-packages/airflow/example_dags/example_params_ui_tutorial.py
[2025-08-06T14:00:45.619-0400] {processor.py:925} INFO - DAG(s) 'example_params_ui_tutorial' retrieved from /home/huynguyen2741/airflow_venv/lib/python3.12/site-packages/airflow/example_dags/example_params_ui_tutorial.py
[2025-08-06T14:00:45.645-0400] {logging_mixin.py:190} INFO - [2025-08-06T14:00:45.644-0400] {dag.py:3239} INFO - Sync 1 DAGs
[2025-08-06T14:00:45.653-0400] {logging_mixin.py:190} INFO - [2025-08-06T14:00:45.652-0400] {dag.py:4180} INFO - Setting next_dagrun for example_params_ui_tutorial to None, run_after=None
[2025-08-06T14:00:45.668-0400] {processor.py:208} INFO - Processing /home/huynguyen2741/airflow_venv/lib/python3.12/site-packages/airflow/example_dags/example_params_ui_tutorial.py took 0.062 seconds
[2025-08-06T14:01:46.956-0400] {processor.py:186} INFO - Started process (PID=18694) to work on /home/huynguyen2741/airflow_venv/lib/python3.12/site-packages/airflow/example_dags/example_params_ui_tutorial.py
[2025-08-06T14:01:46.957-0400] {processor.py:914} INFO - Processing file /home/huynguyen2741/airflow_venv/lib/python3.12/site-packages/airflow/example_dags/example_params_ui_tutorial.py for tasks to queue
[2025-08-06T14:01:46.958-0400] {logging_mixin.py:190} INFO - [2025-08-06T14:01:46.958-0400] {dagbag.py:588} INFO - Filling up the DagBag from /home/huynguyen2741/airflow_venv/lib/python3.12/site-packages/airflow/example_dags/example_params_ui_tutorial.py
[2025-08-06T14:01:46.965-0400] {processor.py:925} INFO - DAG(s) 'example_params_ui_tutorial' retrieved from /home/huynguyen2741/airflow_venv/lib/python3.12/site-packages/airflow/example_dags/example_params_ui_tutorial.py
[2025-08-06T14:01:46.989-0400] {logging_mixin.py:190} INFO - [2025-08-06T14:01:46.989-0400] {dag.py:3239} INFO - Sync 1 DAGs
[2025-08-06T14:01:46.997-0400] {logging_mixin.py:190} INFO - [2025-08-06T14:01:46.997-0400] {dag.py:4180} INFO - Setting next_dagrun for example_params_ui_tutorial to None, run_after=None
[2025-08-06T14:01:47.012-0400] {processor.py:208} INFO - Processing /home/huynguyen2741/airflow_venv/lib/python3.12/site-packages/airflow/example_dags/example_params_ui_tutorial.py took 0.061 seconds
[2025-08-06T14:02:49.184-0400] {processor.py:186} INFO - Started process (PID=18941) to work on /home/huynguyen2741/airflow_venv/lib/python3.12/site-packages/airflow/example_dags/example_params_ui_tutorial.py
[2025-08-06T14:02:49.188-0400] {processor.py:914} INFO - Processing file /home/huynguyen2741/airflow_venv/lib/python3.12/site-packages/airflow/example_dags/example_params_ui_tutorial.py for tasks to queue
[2025-08-06T14:02:49.190-0400] {logging_mixin.py:190} INFO - [2025-08-06T14:02:49.189-0400] {dagbag.py:588} INFO - Filling up the DagBag from /home/huynguyen2741/airflow_venv/lib/python3.12/site-packages/airflow/example_dags/example_params_ui_tutorial.py
[2025-08-06T14:02:49.196-0400] {processor.py:925} INFO - DAG(s) 'example_params_ui_tutorial' retrieved from /home/huynguyen2741/airflow_venv/lib/python3.12/site-packages/airflow/example_dags/example_params_ui_tutorial.py
[2025-08-06T14:02:49.220-0400] {logging_mixin.py:190} INFO - [2025-08-06T14:02:49.220-0400] {dag.py:3239} INFO - Sync 1 DAGs
[2025-08-06T14:02:49.228-0400] {logging_mixin.py:190} INFO - [2025-08-06T14:02:49.228-0400] {dag.py:4180} INFO - Setting next_dagrun for example_params_ui_tutorial to None, run_after=None
[2025-08-06T14:02:49.243-0400] {processor.py:208} INFO - Processing /home/huynguyen2741/airflow_venv/lib/python3.12/site-packages/airflow/example_dags/example_params_ui_tutorial.py took 0.064 seconds
[2025-08-06T14:03:54.811-0400] {processor.py:186} INFO - Started process (PID=19170) to work on /home/huynguyen2741/airflow_venv/lib/python3.12/site-packages/airflow/example_dags/example_params_ui_tutorial.py
[2025-08-06T14:03:54.817-0400] {processor.py:914} INFO - Processing file /home/huynguyen2741/airflow_venv/lib/python3.12/site-packages/airflow/example_dags/example_params_ui_tutorial.py for tasks to queue
[2025-08-06T14:03:54.818-0400] {logging_mixin.py:190} INFO - [2025-08-06T14:03:54.818-0400] {dagbag.py:588} INFO - Filling up the DagBag from /home/huynguyen2741/airflow_venv/lib/python3.12/site-packages/airflow/example_dags/example_params_ui_tutorial.py
[2025-08-06T14:03:54.825-0400] {processor.py:925} INFO - DAG(s) 'example_params_ui_tutorial' retrieved from /home/huynguyen2741/airflow_venv/lib/python3.12/site-packages/airflow/example_dags/example_params_ui_tutorial.py
[2025-08-06T14:03:54.849-0400] {logging_mixin.py:190} INFO - [2025-08-06T14:03:54.849-0400] {dag.py:3239} INFO - Sync 1 DAGs
[2025-08-06T14:03:54.857-0400] {logging_mixin.py:190} INFO - [2025-08-06T14:03:54.857-0400] {dag.py:4180} INFO - Setting next_dagrun for example_params_ui_tutorial to None, run_after=None
[2025-08-06T14:03:54.873-0400] {processor.py:208} INFO - Processing /home/huynguyen2741/airflow_venv/lib/python3.12/site-packages/airflow/example_dags/example_params_ui_tutorial.py took 0.066 seconds
[2025-08-06T14:04:55.837-0400] {processor.py:186} INFO - Started process (PID=19389) to work on /home/huynguyen2741/airflow_venv/lib/python3.12/site-packages/airflow/example_dags/example_params_ui_tutorial.py
[2025-08-06T14:04:55.846-0400] {processor.py:914} INFO - Processing file /home/huynguyen2741/airflow_venv/lib/python3.12/site-packages/airflow/example_dags/example_params_ui_tutorial.py for tasks to queue
[2025-08-06T14:04:55.848-0400] {logging_mixin.py:190} INFO - [2025-08-06T14:04:55.848-0400] {dagbag.py:588} INFO - Filling up the DagBag from /home/huynguyen2741/airflow_venv/lib/python3.12/site-packages/airflow/example_dags/example_params_ui_tutorial.py
[2025-08-06T14:04:55.855-0400] {processor.py:925} INFO - DAG(s) 'example_params_ui_tutorial' retrieved from /home/huynguyen2741/airflow_venv/lib/python3.12/site-packages/airflow/example_dags/example_params_ui_tutorial.py
[2025-08-06T14:04:55.880-0400] {logging_mixin.py:190} INFO - [2025-08-06T14:04:55.880-0400] {dag.py:3239} INFO - Sync 1 DAGs
[2025-08-06T14:04:55.889-0400] {logging_mixin.py:190} INFO - [2025-08-06T14:04:55.889-0400] {dag.py:4180} INFO - Setting next_dagrun for example_params_ui_tutorial to None, run_after=None
[2025-08-06T14:04:55.906-0400] {processor.py:208} INFO - Processing /home/huynguyen2741/airflow_venv/lib/python3.12/site-packages/airflow/example_dags/example_params_ui_tutorial.py took 0.074 seconds
[2025-08-06T14:05:56.301-0400] {processor.py:186} INFO - Started process (PID=19762) to work on /home/huynguyen2741/airflow_venv/lib/python3.12/site-packages/airflow/example_dags/example_params_ui_tutorial.py
[2025-08-06T14:05:56.311-0400] {processor.py:914} INFO - Processing file /home/huynguyen2741/airflow_venv/lib/python3.12/site-packages/airflow/example_dags/example_params_ui_tutorial.py for tasks to queue
[2025-08-06T14:05:56.312-0400] {logging_mixin.py:190} INFO - [2025-08-06T14:05:56.312-0400] {dagbag.py:588} INFO - Filling up the DagBag from /home/huynguyen2741/airflow_venv/lib/python3.12/site-packages/airflow/example_dags/example_params_ui_tutorial.py
[2025-08-06T14:05:56.319-0400] {processor.py:925} INFO - DAG(s) 'example_params_ui_tutorial' retrieved from /home/huynguyen2741/airflow_venv/lib/python3.12/site-packages/airflow/example_dags/example_params_ui_tutorial.py
[2025-08-06T14:05:56.344-0400] {logging_mixin.py:190} INFO - [2025-08-06T14:05:56.344-0400] {dag.py:3239} INFO - Sync 1 DAGs
[2025-08-06T14:05:56.352-0400] {logging_mixin.py:190} INFO - [2025-08-06T14:05:56.352-0400] {dag.py:4180} INFO - Setting next_dagrun for example_params_ui_tutorial to None, run_after=None
[2025-08-06T14:05:56.367-0400] {processor.py:208} INFO - Processing /home/huynguyen2741/airflow_venv/lib/python3.12/site-packages/airflow/example_dags/example_params_ui_tutorial.py took 0.070 seconds
[2025-08-06T14:07:05.130-0400] {processor.py:186} INFO - Started process (PID=20004) to work on /home/huynguyen2741/airflow_venv/lib/python3.12/site-packages/airflow/example_dags/example_params_ui_tutorial.py
[2025-08-06T14:07:05.135-0400] {processor.py:914} INFO - Processing file /home/huynguyen2741/airflow_venv/lib/python3.12/site-packages/airflow/example_dags/example_params_ui_tutorial.py for tasks to queue
[2025-08-06T14:07:05.137-0400] {logging_mixin.py:190} INFO - [2025-08-06T14:07:05.137-0400] {dagbag.py:588} INFO - Filling up the DagBag from /home/huynguyen2741/airflow_venv/lib/python3.12/site-packages/airflow/example_dags/example_params_ui_tutorial.py
[2025-08-06T14:07:05.143-0400] {processor.py:925} INFO - DAG(s) 'example_params_ui_tutorial' retrieved from /home/huynguyen2741/airflow_venv/lib/python3.12/site-packages/airflow/example_dags/example_params_ui_tutorial.py
[2025-08-06T14:07:05.168-0400] {logging_mixin.py:190} INFO - [2025-08-06T14:07:05.168-0400] {dag.py:3239} INFO - Sync 1 DAGs
[2025-08-06T14:07:05.175-0400] {logging_mixin.py:190} INFO - [2025-08-06T14:07:05.175-0400] {dag.py:4180} INFO - Setting next_dagrun for example_params_ui_tutorial to None, run_after=None
[2025-08-06T14:07:05.190-0400] {processor.py:208} INFO - Processing /home/huynguyen2741/airflow_venv/lib/python3.12/site-packages/airflow/example_dags/example_params_ui_tutorial.py took 0.064 seconds
[2025-08-06T14:08:13.424-0400] {processor.py:186} INFO - Started process (PID=20299) to work on /home/huynguyen2741/airflow_venv/lib/python3.12/site-packages/airflow/example_dags/example_params_ui_tutorial.py
[2025-08-06T14:08:13.425-0400] {processor.py:914} INFO - Processing file /home/huynguyen2741/airflow_venv/lib/python3.12/site-packages/airflow/example_dags/example_params_ui_tutorial.py for tasks to queue
[2025-08-06T14:08:13.427-0400] {logging_mixin.py:190} INFO - [2025-08-06T14:08:13.426-0400] {dagbag.py:588} INFO - Filling up the DagBag from /home/huynguyen2741/airflow_venv/lib/python3.12/site-packages/airflow/example_dags/example_params_ui_tutorial.py
[2025-08-06T14:08:13.434-0400] {processor.py:925} INFO - DAG(s) 'example_params_ui_tutorial' retrieved from /home/huynguyen2741/airflow_venv/lib/python3.12/site-packages/airflow/example_dags/example_params_ui_tutorial.py
[2025-08-06T14:08:13.458-0400] {logging_mixin.py:190} INFO - [2025-08-06T14:08:13.458-0400] {dag.py:3239} INFO - Sync 1 DAGs
[2025-08-06T14:08:13.468-0400] {logging_mixin.py:190} INFO - [2025-08-06T14:08:13.468-0400] {dag.py:4180} INFO - Setting next_dagrun for example_params_ui_tutorial to None, run_after=None
[2025-08-06T14:08:13.485-0400] {processor.py:208} INFO - Processing /home/huynguyen2741/airflow_venv/lib/python3.12/site-packages/airflow/example_dags/example_params_ui_tutorial.py took 0.065 seconds
[2025-08-06T14:09:21.252-0400] {processor.py:186} INFO - Started process (PID=20686) to work on /home/huynguyen2741/airflow_venv/lib/python3.12/site-packages/airflow/example_dags/example_params_ui_tutorial.py
[2025-08-06T14:09:21.253-0400] {processor.py:914} INFO - Processing file /home/huynguyen2741/airflow_venv/lib/python3.12/site-packages/airflow/example_dags/example_params_ui_tutorial.py for tasks to queue
[2025-08-06T14:09:21.255-0400] {logging_mixin.py:190} INFO - [2025-08-06T14:09:21.254-0400] {dagbag.py:588} INFO - Filling up the DagBag from /home/huynguyen2741/airflow_venv/lib/python3.12/site-packages/airflow/example_dags/example_params_ui_tutorial.py
[2025-08-06T14:09:21.262-0400] {processor.py:925} INFO - DAG(s) 'example_params_ui_tutorial' retrieved from /home/huynguyen2741/airflow_venv/lib/python3.12/site-packages/airflow/example_dags/example_params_ui_tutorial.py
[2025-08-06T14:09:21.398-0400] {logging_mixin.py:190} INFO - [2025-08-06T14:09:21.398-0400] {dag.py:3239} INFO - Sync 1 DAGs
[2025-08-06T14:09:21.404-0400] {logging_mixin.py:190} INFO - [2025-08-06T14:09:21.404-0400] {dag.py:4180} INFO - Setting next_dagrun for example_params_ui_tutorial to None, run_after=None
[2025-08-06T14:09:21.419-0400] {processor.py:208} INFO - Processing /home/huynguyen2741/airflow_venv/lib/python3.12/site-packages/airflow/example_dags/example_params_ui_tutorial.py took 0.171 seconds
[2025-08-06T14:10:22.610-0400] {processor.py:186} INFO - Started process (PID=21101) to work on /home/huynguyen2741/airflow_venv/lib/python3.12/site-packages/airflow/example_dags/example_params_ui_tutorial.py
[2025-08-06T14:10:22.610-0400] {processor.py:914} INFO - Processing file /home/huynguyen2741/airflow_venv/lib/python3.12/site-packages/airflow/example_dags/example_params_ui_tutorial.py for tasks to queue
[2025-08-06T14:10:22.612-0400] {logging_mixin.py:190} INFO - [2025-08-06T14:10:22.612-0400] {dagbag.py:588} INFO - Filling up the DagBag from /home/huynguyen2741/airflow_venv/lib/python3.12/site-packages/airflow/example_dags/example_params_ui_tutorial.py
[2025-08-06T14:10:22.619-0400] {processor.py:925} INFO - DAG(s) 'example_params_ui_tutorial' retrieved from /home/huynguyen2741/airflow_venv/lib/python3.12/site-packages/airflow/example_dags/example_params_ui_tutorial.py
[2025-08-06T14:10:22.646-0400] {logging_mixin.py:190} INFO - [2025-08-06T14:10:22.646-0400] {dag.py:3239} INFO - Sync 1 DAGs
[2025-08-06T14:10:22.654-0400] {logging_mixin.py:190} INFO - [2025-08-06T14:10:22.654-0400] {dag.py:4180} INFO - Setting next_dagrun for example_params_ui_tutorial to None, run_after=None
[2025-08-06T14:10:22.670-0400] {processor.py:208} INFO - Processing /home/huynguyen2741/airflow_venv/lib/python3.12/site-packages/airflow/example_dags/example_params_ui_tutorial.py took 0.065 seconds
[2025-08-06T14:11:27.353-0400] {processor.py:186} INFO - Started process (PID=21381) to work on /home/huynguyen2741/airflow_venv/lib/python3.12/site-packages/airflow/example_dags/example_params_ui_tutorial.py
[2025-08-06T14:11:27.357-0400] {processor.py:914} INFO - Processing file /home/huynguyen2741/airflow_venv/lib/python3.12/site-packages/airflow/example_dags/example_params_ui_tutorial.py for tasks to queue
[2025-08-06T14:11:27.359-0400] {logging_mixin.py:190} INFO - [2025-08-06T14:11:27.359-0400] {dagbag.py:588} INFO - Filling up the DagBag from /home/huynguyen2741/airflow_venv/lib/python3.12/site-packages/airflow/example_dags/example_params_ui_tutorial.py
[2025-08-06T14:11:27.366-0400] {processor.py:925} INFO - DAG(s) 'example_params_ui_tutorial' retrieved from /home/huynguyen2741/airflow_venv/lib/python3.12/site-packages/airflow/example_dags/example_params_ui_tutorial.py
[2025-08-06T14:11:27.393-0400] {logging_mixin.py:190} INFO - [2025-08-06T14:11:27.392-0400] {dag.py:3239} INFO - Sync 1 DAGs
[2025-08-06T14:11:27.402-0400] {logging_mixin.py:190} INFO - [2025-08-06T14:11:27.402-0400] {dag.py:4180} INFO - Setting next_dagrun for example_params_ui_tutorial to None, run_after=None
[2025-08-06T14:11:27.420-0400] {processor.py:208} INFO - Processing /home/huynguyen2741/airflow_venv/lib/python3.12/site-packages/airflow/example_dags/example_params_ui_tutorial.py took 0.071 seconds
[2025-08-06T14:12:27.644-0400] {processor.py:186} INFO - Started process (PID=21724) to work on /home/huynguyen2741/airflow_venv/lib/python3.12/site-packages/airflow/example_dags/example_params_ui_tutorial.py
[2025-08-06T14:12:27.645-0400] {processor.py:914} INFO - Processing file /home/huynguyen2741/airflow_venv/lib/python3.12/site-packages/airflow/example_dags/example_params_ui_tutorial.py for tasks to queue
[2025-08-06T14:12:27.646-0400] {logging_mixin.py:190} INFO - [2025-08-06T14:12:27.646-0400] {dagbag.py:588} INFO - Filling up the DagBag from /home/huynguyen2741/airflow_venv/lib/python3.12/site-packages/airflow/example_dags/example_params_ui_tutorial.py
[2025-08-06T14:12:27.653-0400] {processor.py:925} INFO - DAG(s) 'example_params_ui_tutorial' retrieved from /home/huynguyen2741/airflow_venv/lib/python3.12/site-packages/airflow/example_dags/example_params_ui_tutorial.py
[2025-08-06T14:12:27.683-0400] {logging_mixin.py:190} INFO - [2025-08-06T14:12:27.683-0400] {dag.py:3239} INFO - Sync 1 DAGs
[2025-08-06T14:12:27.693-0400] {logging_mixin.py:190} INFO - [2025-08-06T14:12:27.693-0400] {dag.py:4180} INFO - Setting next_dagrun for example_params_ui_tutorial to None, run_after=None
[2025-08-06T14:12:27.711-0400] {processor.py:208} INFO - Processing /home/huynguyen2741/airflow_venv/lib/python3.12/site-packages/airflow/example_dags/example_params_ui_tutorial.py took 0.072 seconds
[2025-08-06T14:13:33.298-0400] {processor.py:186} INFO - Started process (PID=22183) to work on /home/huynguyen2741/airflow_venv/lib/python3.12/site-packages/airflow/example_dags/example_params_ui_tutorial.py
[2025-08-06T14:13:33.299-0400] {processor.py:914} INFO - Processing file /home/huynguyen2741/airflow_venv/lib/python3.12/site-packages/airflow/example_dags/example_params_ui_tutorial.py for tasks to queue
[2025-08-06T14:13:33.300-0400] {logging_mixin.py:190} INFO - [2025-08-06T14:13:33.300-0400] {dagbag.py:588} INFO - Filling up the DagBag from /home/huynguyen2741/airflow_venv/lib/python3.12/site-packages/airflow/example_dags/example_params_ui_tutorial.py
[2025-08-06T14:13:33.309-0400] {processor.py:925} INFO - DAG(s) 'example_params_ui_tutorial' retrieved from /home/huynguyen2741/airflow_venv/lib/python3.12/site-packages/airflow/example_dags/example_params_ui_tutorial.py
[2025-08-06T14:13:33.339-0400] {logging_mixin.py:190} INFO - [2025-08-06T14:13:33.339-0400] {dag.py:3239} INFO - Sync 1 DAGs
[2025-08-06T14:13:33.349-0400] {logging_mixin.py:190} INFO - [2025-08-06T14:13:33.349-0400] {dag.py:4180} INFO - Setting next_dagrun for example_params_ui_tutorial to None, run_after=None
[2025-08-06T14:13:33.366-0400] {processor.py:208} INFO - Processing /home/huynguyen2741/airflow_venv/lib/python3.12/site-packages/airflow/example_dags/example_params_ui_tutorial.py took 0.073 seconds
[2025-08-06T14:14:41.942-0400] {processor.py:186} INFO - Started process (PID=22583) to work on /home/huynguyen2741/airflow_venv/lib/python3.12/site-packages/airflow/example_dags/example_params_ui_tutorial.py
[2025-08-06T14:14:41.947-0400] {processor.py:914} INFO - Processing file /home/huynguyen2741/airflow_venv/lib/python3.12/site-packages/airflow/example_dags/example_params_ui_tutorial.py for tasks to queue
[2025-08-06T14:14:41.949-0400] {logging_mixin.py:190} INFO - [2025-08-06T14:14:41.948-0400] {dagbag.py:588} INFO - Filling up the DagBag from /home/huynguyen2741/airflow_venv/lib/python3.12/site-packages/airflow/example_dags/example_params_ui_tutorial.py
[2025-08-06T14:14:41.956-0400] {processor.py:925} INFO - DAG(s) 'example_params_ui_tutorial' retrieved from /home/huynguyen2741/airflow_venv/lib/python3.12/site-packages/airflow/example_dags/example_params_ui_tutorial.py
[2025-08-06T14:14:41.980-0400] {logging_mixin.py:190} INFO - [2025-08-06T14:14:41.980-0400] {dag.py:3239} INFO - Sync 1 DAGs
[2025-08-06T14:14:41.988-0400] {logging_mixin.py:190} INFO - [2025-08-06T14:14:41.988-0400] {dag.py:4180} INFO - Setting next_dagrun for example_params_ui_tutorial to None, run_after=None
[2025-08-06T14:14:42.004-0400] {processor.py:208} INFO - Processing /home/huynguyen2741/airflow_venv/lib/python3.12/site-packages/airflow/example_dags/example_params_ui_tutorial.py took 0.066 seconds
[2025-08-06T14:15:43.353-0400] {processor.py:186} INFO - Started process (PID=22925) to work on /home/huynguyen2741/airflow_venv/lib/python3.12/site-packages/airflow/example_dags/example_params_ui_tutorial.py
[2025-08-06T14:15:43.363-0400] {processor.py:914} INFO - Processing file /home/huynguyen2741/airflow_venv/lib/python3.12/site-packages/airflow/example_dags/example_params_ui_tutorial.py for tasks to queue
[2025-08-06T14:15:43.364-0400] {logging_mixin.py:190} INFO - [2025-08-06T14:15:43.364-0400] {dagbag.py:588} INFO - Filling up the DagBag from /home/huynguyen2741/airflow_venv/lib/python3.12/site-packages/airflow/example_dags/example_params_ui_tutorial.py
[2025-08-06T14:15:43.372-0400] {processor.py:925} INFO - DAG(s) 'example_params_ui_tutorial' retrieved from /home/huynguyen2741/airflow_venv/lib/python3.12/site-packages/airflow/example_dags/example_params_ui_tutorial.py
[2025-08-06T14:15:43.402-0400] {logging_mixin.py:190} INFO - [2025-08-06T14:15:43.401-0400] {dag.py:3239} INFO - Sync 1 DAGs
[2025-08-06T14:15:43.412-0400] {logging_mixin.py:190} INFO - [2025-08-06T14:15:43.412-0400] {dag.py:4180} INFO - Setting next_dagrun for example_params_ui_tutorial to None, run_after=None
[2025-08-06T14:15:43.429-0400] {processor.py:208} INFO - Processing /home/huynguyen2741/airflow_venv/lib/python3.12/site-packages/airflow/example_dags/example_params_ui_tutorial.py took 0.080 seconds
[2025-08-06T14:16:44.088-0400] {processor.py:186} INFO - Started process (PID=23183) to work on /home/huynguyen2741/airflow_venv/lib/python3.12/site-packages/airflow/example_dags/example_params_ui_tutorial.py
[2025-08-06T14:16:44.089-0400] {processor.py:914} INFO - Processing file /home/huynguyen2741/airflow_venv/lib/python3.12/site-packages/airflow/example_dags/example_params_ui_tutorial.py for tasks to queue
[2025-08-06T14:16:44.090-0400] {logging_mixin.py:190} INFO - [2025-08-06T14:16:44.090-0400] {dagbag.py:588} INFO - Filling up the DagBag from /home/huynguyen2741/airflow_venv/lib/python3.12/site-packages/airflow/example_dags/example_params_ui_tutorial.py
[2025-08-06T14:16:44.097-0400] {processor.py:925} INFO - DAG(s) 'example_params_ui_tutorial' retrieved from /home/huynguyen2741/airflow_venv/lib/python3.12/site-packages/airflow/example_dags/example_params_ui_tutorial.py
[2025-08-06T14:16:44.122-0400] {logging_mixin.py:190} INFO - [2025-08-06T14:16:44.122-0400] {dag.py:3239} INFO - Sync 1 DAGs
[2025-08-06T14:16:44.131-0400] {logging_mixin.py:190} INFO - [2025-08-06T14:16:44.130-0400] {dag.py:4180} INFO - Setting next_dagrun for example_params_ui_tutorial to None, run_after=None
[2025-08-06T14:16:44.147-0400] {processor.py:208} INFO - Processing /home/huynguyen2741/airflow_venv/lib/python3.12/site-packages/airflow/example_dags/example_params_ui_tutorial.py took 0.063 seconds
[2025-08-06T14:17:52.528-0400] {processor.py:186} INFO - Started process (PID=23442) to work on /home/huynguyen2741/airflow_venv/lib/python3.12/site-packages/airflow/example_dags/example_params_ui_tutorial.py
[2025-08-06T14:17:52.529-0400] {processor.py:914} INFO - Processing file /home/huynguyen2741/airflow_venv/lib/python3.12/site-packages/airflow/example_dags/example_params_ui_tutorial.py for tasks to queue
[2025-08-06T14:17:52.530-0400] {logging_mixin.py:190} INFO - [2025-08-06T14:17:52.530-0400] {dagbag.py:588} INFO - Filling up the DagBag from /home/huynguyen2741/airflow_venv/lib/python3.12/site-packages/airflow/example_dags/example_params_ui_tutorial.py
[2025-08-06T14:17:52.537-0400] {processor.py:925} INFO - DAG(s) 'example_params_ui_tutorial' retrieved from /home/huynguyen2741/airflow_venv/lib/python3.12/site-packages/airflow/example_dags/example_params_ui_tutorial.py
[2025-08-06T14:17:52.562-0400] {logging_mixin.py:190} INFO - [2025-08-06T14:17:52.562-0400] {dag.py:3239} INFO - Sync 1 DAGs
[2025-08-06T14:17:52.570-0400] {logging_mixin.py:190} INFO - [2025-08-06T14:17:52.570-0400] {dag.py:4180} INFO - Setting next_dagrun for example_params_ui_tutorial to None, run_after=None
[2025-08-06T14:17:52.585-0400] {processor.py:208} INFO - Processing /home/huynguyen2741/airflow_venv/lib/python3.12/site-packages/airflow/example_dags/example_params_ui_tutorial.py took 0.062 seconds
[2025-08-06T14:18:58.424-0400] {processor.py:186} INFO - Started process (PID=23692) to work on /home/huynguyen2741/airflow_venv/lib/python3.12/site-packages/airflow/example_dags/example_params_ui_tutorial.py
[2025-08-06T14:18:58.426-0400] {processor.py:914} INFO - Processing file /home/huynguyen2741/airflow_venv/lib/python3.12/site-packages/airflow/example_dags/example_params_ui_tutorial.py for tasks to queue
[2025-08-06T14:18:58.427-0400] {logging_mixin.py:190} INFO - [2025-08-06T14:18:58.427-0400] {dagbag.py:588} INFO - Filling up the DagBag from /home/huynguyen2741/airflow_venv/lib/python3.12/site-packages/airflow/example_dags/example_params_ui_tutorial.py
[2025-08-06T14:18:58.437-0400] {processor.py:925} INFO - DAG(s) 'example_params_ui_tutorial' retrieved from /home/huynguyen2741/airflow_venv/lib/python3.12/site-packages/airflow/example_dags/example_params_ui_tutorial.py
[2025-08-06T14:18:58.473-0400] {logging_mixin.py:190} INFO - [2025-08-06T14:18:58.473-0400] {dag.py:3239} INFO - Sync 1 DAGs
[2025-08-06T14:18:58.488-0400] {logging_mixin.py:190} INFO - [2025-08-06T14:18:58.487-0400] {dag.py:4180} INFO - Setting next_dagrun for example_params_ui_tutorial to None, run_after=None
[2025-08-06T14:18:58.527-0400] {processor.py:208} INFO - Processing /home/huynguyen2741/airflow_venv/lib/python3.12/site-packages/airflow/example_dags/example_params_ui_tutorial.py took 0.108 seconds
[2025-08-06T14:20:02.833-0400] {processor.py:186} INFO - Started process (PID=23934) to work on /home/huynguyen2741/airflow_venv/lib/python3.12/site-packages/airflow/example_dags/example_params_ui_tutorial.py
[2025-08-06T14:20:02.834-0400] {processor.py:914} INFO - Processing file /home/huynguyen2741/airflow_venv/lib/python3.12/site-packages/airflow/example_dags/example_params_ui_tutorial.py for tasks to queue
[2025-08-06T14:20:02.835-0400] {logging_mixin.py:190} INFO - [2025-08-06T14:20:02.835-0400] {dagbag.py:588} INFO - Filling up the DagBag from /home/huynguyen2741/airflow_venv/lib/python3.12/site-packages/airflow/example_dags/example_params_ui_tutorial.py
[2025-08-06T14:20:02.843-0400] {processor.py:925} INFO - DAG(s) 'example_params_ui_tutorial' retrieved from /home/huynguyen2741/airflow_venv/lib/python3.12/site-packages/airflow/example_dags/example_params_ui_tutorial.py
[2025-08-06T14:20:02.869-0400] {logging_mixin.py:190} INFO - [2025-08-06T14:20:02.869-0400] {dag.py:3239} INFO - Sync 1 DAGs
[2025-08-06T14:20:02.879-0400] {logging_mixin.py:190} INFO - [2025-08-06T14:20:02.879-0400] {dag.py:4180} INFO - Setting next_dagrun for example_params_ui_tutorial to None, run_after=None
[2025-08-06T14:20:02.896-0400] {processor.py:208} INFO - Processing /home/huynguyen2741/airflow_venv/lib/python3.12/site-packages/airflow/example_dags/example_params_ui_tutorial.py took 0.067 seconds
[2025-08-06T14:21:08.446-0400] {processor.py:186} INFO - Started process (PID=24170) to work on /home/huynguyen2741/airflow_venv/lib/python3.12/site-packages/airflow/example_dags/example_params_ui_tutorial.py
[2025-08-06T14:21:08.450-0400] {processor.py:914} INFO - Processing file /home/huynguyen2741/airflow_venv/lib/python3.12/site-packages/airflow/example_dags/example_params_ui_tutorial.py for tasks to queue
[2025-08-06T14:21:08.452-0400] {logging_mixin.py:190} INFO - [2025-08-06T14:21:08.451-0400] {dagbag.py:588} INFO - Filling up the DagBag from /home/huynguyen2741/airflow_venv/lib/python3.12/site-packages/airflow/example_dags/example_params_ui_tutorial.py
[2025-08-06T14:21:08.459-0400] {processor.py:925} INFO - DAG(s) 'example_params_ui_tutorial' retrieved from /home/huynguyen2741/airflow_venv/lib/python3.12/site-packages/airflow/example_dags/example_params_ui_tutorial.py
[2025-08-06T14:21:08.490-0400] {logging_mixin.py:190} INFO - [2025-08-06T14:21:08.490-0400] {dag.py:3239} INFO - Sync 1 DAGs
[2025-08-06T14:21:08.501-0400] {logging_mixin.py:190} INFO - [2025-08-06T14:21:08.501-0400] {dag.py:4180} INFO - Setting next_dagrun for example_params_ui_tutorial to None, run_after=None
[2025-08-06T14:21:08.518-0400] {processor.py:208} INFO - Processing /home/huynguyen2741/airflow_venv/lib/python3.12/site-packages/airflow/example_dags/example_params_ui_tutorial.py took 0.076 seconds
[2025-08-06T14:22:16.399-0400] {processor.py:186} INFO - Started process (PID=24459) to work on /home/huynguyen2741/airflow_venv/lib/python3.12/site-packages/airflow/example_dags/example_params_ui_tutorial.py
[2025-08-06T14:22:16.409-0400] {processor.py:914} INFO - Processing file /home/huynguyen2741/airflow_venv/lib/python3.12/site-packages/airflow/example_dags/example_params_ui_tutorial.py for tasks to queue
[2025-08-06T14:22:16.411-0400] {logging_mixin.py:190} INFO - [2025-08-06T14:22:16.410-0400] {dagbag.py:588} INFO - Filling up the DagBag from /home/huynguyen2741/airflow_venv/lib/python3.12/site-packages/airflow/example_dags/example_params_ui_tutorial.py
[2025-08-06T14:22:16.418-0400] {processor.py:925} INFO - DAG(s) 'example_params_ui_tutorial' retrieved from /home/huynguyen2741/airflow_venv/lib/python3.12/site-packages/airflow/example_dags/example_params_ui_tutorial.py
[2025-08-06T14:22:16.445-0400] {logging_mixin.py:190} INFO - [2025-08-06T14:22:16.445-0400] {dag.py:3239} INFO - Sync 1 DAGs
[2025-08-06T14:22:16.457-0400] {logging_mixin.py:190} INFO - [2025-08-06T14:22:16.456-0400] {dag.py:4180} INFO - Setting next_dagrun for example_params_ui_tutorial to None, run_after=None
[2025-08-06T14:22:16.474-0400] {processor.py:208} INFO - Processing /home/huynguyen2741/airflow_venv/lib/python3.12/site-packages/airflow/example_dags/example_params_ui_tutorial.py took 0.080 seconds
[2025-08-06T14:23:24.090-0400] {processor.py:186} INFO - Started process (PID=24955) to work on /home/huynguyen2741/airflow_venv/lib/python3.12/site-packages/airflow/example_dags/example_params_ui_tutorial.py
[2025-08-06T14:23:24.091-0400] {processor.py:914} INFO - Processing file /home/huynguyen2741/airflow_venv/lib/python3.12/site-packages/airflow/example_dags/example_params_ui_tutorial.py for tasks to queue
[2025-08-06T14:23:24.092-0400] {logging_mixin.py:190} INFO - [2025-08-06T14:23:24.092-0400] {dagbag.py:588} INFO - Filling up the DagBag from /home/huynguyen2741/airflow_venv/lib/python3.12/site-packages/airflow/example_dags/example_params_ui_tutorial.py
[2025-08-06T14:23:24.102-0400] {processor.py:925} INFO - DAG(s) 'example_params_ui_tutorial' retrieved from /home/huynguyen2741/airflow_venv/lib/python3.12/site-packages/airflow/example_dags/example_params_ui_tutorial.py
[2025-08-06T14:23:24.131-0400] {logging_mixin.py:190} INFO - [2025-08-06T14:23:24.131-0400] {dag.py:3239} INFO - Sync 1 DAGs
[2025-08-06T14:23:24.139-0400] {logging_mixin.py:190} INFO - [2025-08-06T14:23:24.139-0400] {dag.py:4180} INFO - Setting next_dagrun for example_params_ui_tutorial to None, run_after=None
[2025-08-06T14:23:24.156-0400] {processor.py:208} INFO - Processing /home/huynguyen2741/airflow_venv/lib/python3.12/site-packages/airflow/example_dags/example_params_ui_tutorial.py took 0.070 seconds
[2025-08-06T14:24:23.059-0400] {processor.py:186} INFO - Started process (PID=25238) to work on /home/huynguyen2741/airflow_venv/lib/python3.12/site-packages/airflow/example_dags/example_params_ui_tutorial.py
[2025-08-06T14:24:23.069-0400] {processor.py:914} INFO - Processing file /home/huynguyen2741/airflow_venv/lib/python3.12/site-packages/airflow/example_dags/example_params_ui_tutorial.py for tasks to queue
[2025-08-06T14:24:23.071-0400] {logging_mixin.py:190} INFO - [2025-08-06T14:24:23.070-0400] {dagbag.py:588} INFO - Filling up the DagBag from /home/huynguyen2741/airflow_venv/lib/python3.12/site-packages/airflow/example_dags/example_params_ui_tutorial.py
[2025-08-06T14:24:23.078-0400] {processor.py:925} INFO - DAG(s) 'example_params_ui_tutorial' retrieved from /home/huynguyen2741/airflow_venv/lib/python3.12/site-packages/airflow/example_dags/example_params_ui_tutorial.py
[2025-08-06T14:24:23.105-0400] {logging_mixin.py:190} INFO - [2025-08-06T14:24:23.105-0400] {dag.py:3239} INFO - Sync 1 DAGs
[2025-08-06T14:24:23.114-0400] {logging_mixin.py:190} INFO - [2025-08-06T14:24:23.114-0400] {dag.py:4180} INFO - Setting next_dagrun for example_params_ui_tutorial to None, run_after=None
[2025-08-06T14:24:23.129-0400] {processor.py:208} INFO - Processing /home/huynguyen2741/airflow_venv/lib/python3.12/site-packages/airflow/example_dags/example_params_ui_tutorial.py took 0.075 seconds
[2025-08-06T14:25:28.145-0400] {processor.py:186} INFO - Started process (PID=25610) to work on /home/huynguyen2741/airflow_venv/lib/python3.12/site-packages/airflow/example_dags/example_params_ui_tutorial.py
[2025-08-06T14:25:28.149-0400] {processor.py:914} INFO - Processing file /home/huynguyen2741/airflow_venv/lib/python3.12/site-packages/airflow/example_dags/example_params_ui_tutorial.py for tasks to queue
[2025-08-06T14:25:28.150-0400] {logging_mixin.py:190} INFO - [2025-08-06T14:25:28.150-0400] {dagbag.py:588} INFO - Filling up the DagBag from /home/huynguyen2741/airflow_venv/lib/python3.12/site-packages/airflow/example_dags/example_params_ui_tutorial.py
[2025-08-06T14:25:28.157-0400] {processor.py:925} INFO - DAG(s) 'example_params_ui_tutorial' retrieved from /home/huynguyen2741/airflow_venv/lib/python3.12/site-packages/airflow/example_dags/example_params_ui_tutorial.py
[2025-08-06T14:25:28.182-0400] {logging_mixin.py:190} INFO - [2025-08-06T14:25:28.182-0400] {dag.py:3239} INFO - Sync 1 DAGs
[2025-08-06T14:25:28.190-0400] {logging_mixin.py:190} INFO - [2025-08-06T14:25:28.190-0400] {dag.py:4180} INFO - Setting next_dagrun for example_params_ui_tutorial to None, run_after=None
[2025-08-06T14:25:28.207-0400] {processor.py:208} INFO - Processing /home/huynguyen2741/airflow_venv/lib/python3.12/site-packages/airflow/example_dags/example_params_ui_tutorial.py took 0.068 seconds
[2025-08-06T14:26:31.520-0400] {processor.py:186} INFO - Started process (PID=25829) to work on /home/huynguyen2741/airflow_venv/lib/python3.12/site-packages/airflow/example_dags/example_params_ui_tutorial.py
[2025-08-06T14:26:31.521-0400] {processor.py:914} INFO - Processing file /home/huynguyen2741/airflow_venv/lib/python3.12/site-packages/airflow/example_dags/example_params_ui_tutorial.py for tasks to queue
[2025-08-06T14:26:31.523-0400] {logging_mixin.py:190} INFO - [2025-08-06T14:26:31.522-0400] {dagbag.py:588} INFO - Filling up the DagBag from /home/huynguyen2741/airflow_venv/lib/python3.12/site-packages/airflow/example_dags/example_params_ui_tutorial.py
[2025-08-06T14:26:31.530-0400] {processor.py:925} INFO - DAG(s) 'example_params_ui_tutorial' retrieved from /home/huynguyen2741/airflow_venv/lib/python3.12/site-packages/airflow/example_dags/example_params_ui_tutorial.py
[2025-08-06T14:26:31.558-0400] {logging_mixin.py:190} INFO - [2025-08-06T14:26:31.558-0400] {dag.py:3239} INFO - Sync 1 DAGs
[2025-08-06T14:26:31.567-0400] {logging_mixin.py:190} INFO - [2025-08-06T14:26:31.567-0400] {dag.py:4180} INFO - Setting next_dagrun for example_params_ui_tutorial to None, run_after=None
[2025-08-06T14:26:31.587-0400] {processor.py:208} INFO - Processing /home/huynguyen2741/airflow_venv/lib/python3.12/site-packages/airflow/example_dags/example_params_ui_tutorial.py took 0.073 seconds
[2025-08-06T14:27:36.853-0400] {processor.py:186} INFO - Started process (PID=26126) to work on /home/huynguyen2741/airflow_venv/lib/python3.12/site-packages/airflow/example_dags/example_params_ui_tutorial.py
[2025-08-06T14:27:36.863-0400] {processor.py:914} INFO - Processing file /home/huynguyen2741/airflow_venv/lib/python3.12/site-packages/airflow/example_dags/example_params_ui_tutorial.py for tasks to queue
[2025-08-06T14:27:36.865-0400] {logging_mixin.py:190} INFO - [2025-08-06T14:27:36.864-0400] {dagbag.py:588} INFO - Filling up the DagBag from /home/huynguyen2741/airflow_venv/lib/python3.12/site-packages/airflow/example_dags/example_params_ui_tutorial.py
[2025-08-06T14:27:36.871-0400] {processor.py:925} INFO - DAG(s) 'example_params_ui_tutorial' retrieved from /home/huynguyen2741/airflow_venv/lib/python3.12/site-packages/airflow/example_dags/example_params_ui_tutorial.py
[2025-08-06T14:27:36.898-0400] {logging_mixin.py:190} INFO - [2025-08-06T14:27:36.898-0400] {dag.py:3239} INFO - Sync 1 DAGs
[2025-08-06T14:27:36.906-0400] {logging_mixin.py:190} INFO - [2025-08-06T14:27:36.906-0400] {dag.py:4180} INFO - Setting next_dagrun for example_params_ui_tutorial to None, run_after=None
[2025-08-06T14:27:36.922-0400] {processor.py:208} INFO - Processing /home/huynguyen2741/airflow_venv/lib/python3.12/site-packages/airflow/example_dags/example_params_ui_tutorial.py took 0.074 seconds
[2025-08-06T14:28:40.969-0400] {processor.py:186} INFO - Started process (PID=26424) to work on /home/huynguyen2741/airflow_venv/lib/python3.12/site-packages/airflow/example_dags/example_params_ui_tutorial.py
[2025-08-06T14:28:40.979-0400] {processor.py:914} INFO - Processing file /home/huynguyen2741/airflow_venv/lib/python3.12/site-packages/airflow/example_dags/example_params_ui_tutorial.py for tasks to queue
[2025-08-06T14:28:40.981-0400] {logging_mixin.py:190} INFO - [2025-08-06T14:28:40.980-0400] {dagbag.py:588} INFO - Filling up the DagBag from /home/huynguyen2741/airflow_venv/lib/python3.12/site-packages/airflow/example_dags/example_params_ui_tutorial.py
[2025-08-06T14:28:40.988-0400] {processor.py:925} INFO - DAG(s) 'example_params_ui_tutorial' retrieved from /home/huynguyen2741/airflow_venv/lib/python3.12/site-packages/airflow/example_dags/example_params_ui_tutorial.py
[2025-08-06T14:28:41.013-0400] {logging_mixin.py:190} INFO - [2025-08-06T14:28:41.013-0400] {dag.py:3239} INFO - Sync 1 DAGs
[2025-08-06T14:28:41.023-0400] {logging_mixin.py:190} INFO - [2025-08-06T14:28:41.023-0400] {dag.py:4180} INFO - Setting next_dagrun for example_params_ui_tutorial to None, run_after=None
[2025-08-06T14:28:41.040-0400] {processor.py:208} INFO - Processing /home/huynguyen2741/airflow_venv/lib/python3.12/site-packages/airflow/example_dags/example_params_ui_tutorial.py took 0.076 seconds
[2025-08-06T14:29:47.981-0400] {processor.py:186} INFO - Started process (PID=26690) to work on /home/huynguyen2741/airflow_venv/lib/python3.12/site-packages/airflow/example_dags/example_params_ui_tutorial.py
[2025-08-06T14:29:47.986-0400] {processor.py:914} INFO - Processing file /home/huynguyen2741/airflow_venv/lib/python3.12/site-packages/airflow/example_dags/example_params_ui_tutorial.py for tasks to queue
[2025-08-06T14:29:47.987-0400] {logging_mixin.py:190} INFO - [2025-08-06T14:29:47.987-0400] {dagbag.py:588} INFO - Filling up the DagBag from /home/huynguyen2741/airflow_venv/lib/python3.12/site-packages/airflow/example_dags/example_params_ui_tutorial.py
[2025-08-06T14:29:47.994-0400] {processor.py:925} INFO - DAG(s) 'example_params_ui_tutorial' retrieved from /home/huynguyen2741/airflow_venv/lib/python3.12/site-packages/airflow/example_dags/example_params_ui_tutorial.py
[2025-08-06T14:29:48.018-0400] {logging_mixin.py:190} INFO - [2025-08-06T14:29:48.018-0400] {dag.py:3239} INFO - Sync 1 DAGs
[2025-08-06T14:29:48.026-0400] {logging_mixin.py:190} INFO - [2025-08-06T14:29:48.026-0400] {dag.py:4180} INFO - Setting next_dagrun for example_params_ui_tutorial to None, run_after=None
[2025-08-06T14:29:48.042-0400] {processor.py:208} INFO - Processing /home/huynguyen2741/airflow_venv/lib/python3.12/site-packages/airflow/example_dags/example_params_ui_tutorial.py took 0.066 seconds
[2025-08-06T14:31:08.756-0400] {processor.py:186} INFO - Started process (PID=27124) to work on /home/huynguyen2741/airflow_venv/lib/python3.12/site-packages/airflow/example_dags/example_params_ui_tutorial.py
[2025-08-06T14:31:08.760-0400] {processor.py:914} INFO - Processing file /home/huynguyen2741/airflow_venv/lib/python3.12/site-packages/airflow/example_dags/example_params_ui_tutorial.py for tasks to queue
[2025-08-06T14:31:08.761-0400] {logging_mixin.py:190} INFO - [2025-08-06T14:31:08.761-0400] {dagbag.py:588} INFO - Filling up the DagBag from /home/huynguyen2741/airflow_venv/lib/python3.12/site-packages/airflow/example_dags/example_params_ui_tutorial.py
[2025-08-06T14:31:08.768-0400] {processor.py:925} INFO - DAG(s) 'example_params_ui_tutorial' retrieved from /home/huynguyen2741/airflow_venv/lib/python3.12/site-packages/airflow/example_dags/example_params_ui_tutorial.py
[2025-08-06T14:31:08.794-0400] {logging_mixin.py:190} INFO - [2025-08-06T14:31:08.794-0400] {dag.py:3239} INFO - Sync 1 DAGs
[2025-08-06T14:31:08.802-0400] {logging_mixin.py:190} INFO - [2025-08-06T14:31:08.802-0400] {dag.py:4180} INFO - Setting next_dagrun for example_params_ui_tutorial to None, run_after=None
[2025-08-06T14:31:08.818-0400] {processor.py:208} INFO - Processing /home/huynguyen2741/airflow_venv/lib/python3.12/site-packages/airflow/example_dags/example_params_ui_tutorial.py took 0.067 seconds
[2025-08-06T14:32:15.348-0400] {processor.py:186} INFO - Started process (PID=27374) to work on /home/huynguyen2741/airflow_venv/lib/python3.12/site-packages/airflow/example_dags/example_params_ui_tutorial.py
[2025-08-06T14:32:15.350-0400] {processor.py:914} INFO - Processing file /home/huynguyen2741/airflow_venv/lib/python3.12/site-packages/airflow/example_dags/example_params_ui_tutorial.py for tasks to queue
[2025-08-06T14:32:15.351-0400] {logging_mixin.py:190} INFO - [2025-08-06T14:32:15.351-0400] {dagbag.py:588} INFO - Filling up the DagBag from /home/huynguyen2741/airflow_venv/lib/python3.12/site-packages/airflow/example_dags/example_params_ui_tutorial.py
[2025-08-06T14:32:15.358-0400] {processor.py:925} INFO - DAG(s) 'example_params_ui_tutorial' retrieved from /home/huynguyen2741/airflow_venv/lib/python3.12/site-packages/airflow/example_dags/example_params_ui_tutorial.py
[2025-08-06T14:32:15.383-0400] {logging_mixin.py:190} INFO - [2025-08-06T14:32:15.383-0400] {dag.py:3239} INFO - Sync 1 DAGs
[2025-08-06T14:32:15.391-0400] {logging_mixin.py:190} INFO - [2025-08-06T14:32:15.391-0400] {dag.py:4180} INFO - Setting next_dagrun for example_params_ui_tutorial to None, run_after=None
[2025-08-06T14:32:15.406-0400] {processor.py:208} INFO - Processing /home/huynguyen2741/airflow_venv/lib/python3.12/site-packages/airflow/example_dags/example_params_ui_tutorial.py took 0.063 seconds
[2025-08-06T14:33:24.054-0400] {processor.py:186} INFO - Started process (PID=27702) to work on /home/huynguyen2741/airflow_venv/lib/python3.12/site-packages/airflow/example_dags/example_params_ui_tutorial.py
[2025-08-06T14:33:24.064-0400] {processor.py:914} INFO - Processing file /home/huynguyen2741/airflow_venv/lib/python3.12/site-packages/airflow/example_dags/example_params_ui_tutorial.py for tasks to queue
[2025-08-06T14:33:24.065-0400] {logging_mixin.py:190} INFO - [2025-08-06T14:33:24.065-0400] {dagbag.py:588} INFO - Filling up the DagBag from /home/huynguyen2741/airflow_venv/lib/python3.12/site-packages/airflow/example_dags/example_params_ui_tutorial.py
[2025-08-06T14:33:24.072-0400] {processor.py:925} INFO - DAG(s) 'example_params_ui_tutorial' retrieved from /home/huynguyen2741/airflow_venv/lib/python3.12/site-packages/airflow/example_dags/example_params_ui_tutorial.py
[2025-08-06T14:33:24.098-0400] {logging_mixin.py:190} INFO - [2025-08-06T14:33:24.098-0400] {dag.py:3239} INFO - Sync 1 DAGs
[2025-08-06T14:33:24.106-0400] {logging_mixin.py:190} INFO - [2025-08-06T14:33:24.106-0400] {dag.py:4180} INFO - Setting next_dagrun for example_params_ui_tutorial to None, run_after=None
[2025-08-06T14:33:24.121-0400] {processor.py:208} INFO - Processing /home/huynguyen2741/airflow_venv/lib/python3.12/site-packages/airflow/example_dags/example_params_ui_tutorial.py took 0.073 seconds
[2025-08-06T14:35:21.083-0400] {processor.py:186} INFO - Started process (PID=28322) to work on /home/huynguyen2741/airflow_venv/lib/python3.12/site-packages/airflow/example_dags/example_params_ui_tutorial.py
[2025-08-06T14:35:21.084-0400] {processor.py:914} INFO - Processing file /home/huynguyen2741/airflow_venv/lib/python3.12/site-packages/airflow/example_dags/example_params_ui_tutorial.py for tasks to queue
[2025-08-06T14:35:21.085-0400] {logging_mixin.py:190} INFO - [2025-08-06T14:35:21.085-0400] {dagbag.py:588} INFO - Filling up the DagBag from /home/huynguyen2741/airflow_venv/lib/python3.12/site-packages/airflow/example_dags/example_params_ui_tutorial.py
[2025-08-06T14:35:21.092-0400] {processor.py:925} INFO - DAG(s) 'example_params_ui_tutorial' retrieved from /home/huynguyen2741/airflow_venv/lib/python3.12/site-packages/airflow/example_dags/example_params_ui_tutorial.py
[2025-08-06T14:35:21.119-0400] {logging_mixin.py:190} INFO - [2025-08-06T14:35:21.118-0400] {dag.py:3239} INFO - Sync 1 DAGs
[2025-08-06T14:35:21.127-0400] {logging_mixin.py:190} INFO - [2025-08-06T14:35:21.127-0400] {dag.py:4180} INFO - Setting next_dagrun for example_params_ui_tutorial to None, run_after=None
[2025-08-06T14:35:21.143-0400] {processor.py:208} INFO - Processing /home/huynguyen2741/airflow_venv/lib/python3.12/site-packages/airflow/example_dags/example_params_ui_tutorial.py took 0.065 seconds
[2025-08-06T14:36:24.499-0400] {processor.py:186} INFO - Started process (PID=28589) to work on /home/huynguyen2741/airflow_venv/lib/python3.12/site-packages/airflow/example_dags/example_params_ui_tutorial.py
[2025-08-06T14:36:24.504-0400] {processor.py:914} INFO - Processing file /home/huynguyen2741/airflow_venv/lib/python3.12/site-packages/airflow/example_dags/example_params_ui_tutorial.py for tasks to queue
[2025-08-06T14:36:24.505-0400] {logging_mixin.py:190} INFO - [2025-08-06T14:36:24.505-0400] {dagbag.py:588} INFO - Filling up the DagBag from /home/huynguyen2741/airflow_venv/lib/python3.12/site-packages/airflow/example_dags/example_params_ui_tutorial.py
[2025-08-06T14:36:24.513-0400] {processor.py:925} INFO - DAG(s) 'example_params_ui_tutorial' retrieved from /home/huynguyen2741/airflow_venv/lib/python3.12/site-packages/airflow/example_dags/example_params_ui_tutorial.py
[2025-08-06T14:36:24.542-0400] {logging_mixin.py:190} INFO - [2025-08-06T14:36:24.541-0400] {dag.py:3239} INFO - Sync 1 DAGs
[2025-08-06T14:36:24.551-0400] {logging_mixin.py:190} INFO - [2025-08-06T14:36:24.550-0400] {dag.py:4180} INFO - Setting next_dagrun for example_params_ui_tutorial to None, run_after=None
[2025-08-06T14:36:24.567-0400] {processor.py:208} INFO - Processing /home/huynguyen2741/airflow_venv/lib/python3.12/site-packages/airflow/example_dags/example_params_ui_tutorial.py took 0.073 seconds
[2025-08-06T14:37:28.961-0400] {processor.py:186} INFO - Started process (PID=28837) to work on /home/huynguyen2741/airflow_venv/lib/python3.12/site-packages/airflow/example_dags/example_params_ui_tutorial.py
[2025-08-06T14:37:28.962-0400] {processor.py:914} INFO - Processing file /home/huynguyen2741/airflow_venv/lib/python3.12/site-packages/airflow/example_dags/example_params_ui_tutorial.py for tasks to queue
[2025-08-06T14:37:28.963-0400] {logging_mixin.py:190} INFO - [2025-08-06T14:37:28.963-0400] {dagbag.py:588} INFO - Filling up the DagBag from /home/huynguyen2741/airflow_venv/lib/python3.12/site-packages/airflow/example_dags/example_params_ui_tutorial.py
[2025-08-06T14:37:28.970-0400] {processor.py:925} INFO - DAG(s) 'example_params_ui_tutorial' retrieved from /home/huynguyen2741/airflow_venv/lib/python3.12/site-packages/airflow/example_dags/example_params_ui_tutorial.py
[2025-08-06T14:37:29.000-0400] {logging_mixin.py:190} INFO - [2025-08-06T14:37:29.000-0400] {dag.py:3239} INFO - Sync 1 DAGs
[2025-08-06T14:37:29.012-0400] {logging_mixin.py:190} INFO - [2025-08-06T14:37:29.011-0400] {dag.py:4180} INFO - Setting next_dagrun for example_params_ui_tutorial to None, run_after=None
[2025-08-06T14:37:29.028-0400] {processor.py:208} INFO - Processing /home/huynguyen2741/airflow_venv/lib/python3.12/site-packages/airflow/example_dags/example_params_ui_tutorial.py took 0.072 seconds
[2025-08-06T14:38:37.107-0400] {processor.py:186} INFO - Started process (PID=29082) to work on /home/huynguyen2741/airflow_venv/lib/python3.12/site-packages/airflow/example_dags/example_params_ui_tutorial.py
[2025-08-06T14:38:37.108-0400] {processor.py:914} INFO - Processing file /home/huynguyen2741/airflow_venv/lib/python3.12/site-packages/airflow/example_dags/example_params_ui_tutorial.py for tasks to queue
[2025-08-06T14:38:37.109-0400] {logging_mixin.py:190} INFO - [2025-08-06T14:38:37.109-0400] {dagbag.py:588} INFO - Filling up the DagBag from /home/huynguyen2741/airflow_venv/lib/python3.12/site-packages/airflow/example_dags/example_params_ui_tutorial.py
[2025-08-06T14:38:37.116-0400] {processor.py:925} INFO - DAG(s) 'example_params_ui_tutorial' retrieved from /home/huynguyen2741/airflow_venv/lib/python3.12/site-packages/airflow/example_dags/example_params_ui_tutorial.py
[2025-08-06T14:38:37.141-0400] {logging_mixin.py:190} INFO - [2025-08-06T14:38:37.141-0400] {dag.py:3239} INFO - Sync 1 DAGs
[2025-08-06T14:38:37.149-0400] {logging_mixin.py:190} INFO - [2025-08-06T14:38:37.149-0400] {dag.py:4180} INFO - Setting next_dagrun for example_params_ui_tutorial to None, run_after=None
[2025-08-06T14:38:37.165-0400] {processor.py:208} INFO - Processing /home/huynguyen2741/airflow_venv/lib/python3.12/site-packages/airflow/example_dags/example_params_ui_tutorial.py took 0.063 seconds
[2025-08-06T14:39:44.037-0400] {processor.py:186} INFO - Started process (PID=29373) to work on /home/huynguyen2741/airflow_venv/lib/python3.12/site-packages/airflow/example_dags/example_params_ui_tutorial.py
[2025-08-06T14:39:44.042-0400] {processor.py:914} INFO - Processing file /home/huynguyen2741/airflow_venv/lib/python3.12/site-packages/airflow/example_dags/example_params_ui_tutorial.py for tasks to queue
[2025-08-06T14:39:44.043-0400] {logging_mixin.py:190} INFO - [2025-08-06T14:39:44.042-0400] {dagbag.py:588} INFO - Filling up the DagBag from /home/huynguyen2741/airflow_venv/lib/python3.12/site-packages/airflow/example_dags/example_params_ui_tutorial.py
[2025-08-06T14:39:44.050-0400] {processor.py:925} INFO - DAG(s) 'example_params_ui_tutorial' retrieved from /home/huynguyen2741/airflow_venv/lib/python3.12/site-packages/airflow/example_dags/example_params_ui_tutorial.py
[2025-08-06T14:39:44.076-0400] {logging_mixin.py:190} INFO - [2025-08-06T14:39:44.076-0400] {dag.py:3239} INFO - Sync 1 DAGs
[2025-08-06T14:39:44.084-0400] {logging_mixin.py:190} INFO - [2025-08-06T14:39:44.084-0400] {dag.py:4180} INFO - Setting next_dagrun for example_params_ui_tutorial to None, run_after=None
[2025-08-06T14:39:44.100-0400] {processor.py:208} INFO - Processing /home/huynguyen2741/airflow_venv/lib/python3.12/site-packages/airflow/example_dags/example_params_ui_tutorial.py took 0.068 seconds
[2025-08-06T14:40:50.762-0400] {processor.py:186} INFO - Started process (PID=29607) to work on /home/huynguyen2741/airflow_venv/lib/python3.12/site-packages/airflow/example_dags/example_params_ui_tutorial.py
[2025-08-06T14:40:50.763-0400] {processor.py:914} INFO - Processing file /home/huynguyen2741/airflow_venv/lib/python3.12/site-packages/airflow/example_dags/example_params_ui_tutorial.py for tasks to queue
[2025-08-06T14:40:50.764-0400] {logging_mixin.py:190} INFO - [2025-08-06T14:40:50.764-0400] {dagbag.py:588} INFO - Filling up the DagBag from /home/huynguyen2741/airflow_venv/lib/python3.12/site-packages/airflow/example_dags/example_params_ui_tutorial.py
[2025-08-06T14:40:50.771-0400] {processor.py:925} INFO - DAG(s) 'example_params_ui_tutorial' retrieved from /home/huynguyen2741/airflow_venv/lib/python3.12/site-packages/airflow/example_dags/example_params_ui_tutorial.py
[2025-08-06T14:40:50.796-0400] {logging_mixin.py:190} INFO - [2025-08-06T14:40:50.796-0400] {dag.py:3239} INFO - Sync 1 DAGs
[2025-08-06T14:40:50.805-0400] {logging_mixin.py:190} INFO - [2025-08-06T14:40:50.804-0400] {dag.py:4180} INFO - Setting next_dagrun for example_params_ui_tutorial to None, run_after=None
[2025-08-06T14:40:50.820-0400] {processor.py:208} INFO - Processing /home/huynguyen2741/airflow_venv/lib/python3.12/site-packages/airflow/example_dags/example_params_ui_tutorial.py took 0.063 seconds
[2025-08-06T14:41:56.704-0400] {processor.py:186} INFO - Started process (PID=29892) to work on /home/huynguyen2741/airflow_venv/lib/python3.12/site-packages/airflow/example_dags/example_params_ui_tutorial.py
[2025-08-06T14:41:56.708-0400] {processor.py:914} INFO - Processing file /home/huynguyen2741/airflow_venv/lib/python3.12/site-packages/airflow/example_dags/example_params_ui_tutorial.py for tasks to queue
[2025-08-06T14:41:56.709-0400] {logging_mixin.py:190} INFO - [2025-08-06T14:41:56.709-0400] {dagbag.py:588} INFO - Filling up the DagBag from /home/huynguyen2741/airflow_venv/lib/python3.12/site-packages/airflow/example_dags/example_params_ui_tutorial.py
[2025-08-06T14:41:56.716-0400] {processor.py:925} INFO - DAG(s) 'example_params_ui_tutorial' retrieved from /home/huynguyen2741/airflow_venv/lib/python3.12/site-packages/airflow/example_dags/example_params_ui_tutorial.py
[2025-08-06T14:41:56.741-0400] {logging_mixin.py:190} INFO - [2025-08-06T14:41:56.740-0400] {dag.py:3239} INFO - Sync 1 DAGs
[2025-08-06T14:41:56.748-0400] {logging_mixin.py:190} INFO - [2025-08-06T14:41:56.748-0400] {dag.py:4180} INFO - Setting next_dagrun for example_params_ui_tutorial to None, run_after=None
[2025-08-06T14:41:56.763-0400] {processor.py:208} INFO - Processing /home/huynguyen2741/airflow_venv/lib/python3.12/site-packages/airflow/example_dags/example_params_ui_tutorial.py took 0.064 seconds
[2025-08-06T14:42:58.444-0400] {processor.py:186} INFO - Started process (PID=30127) to work on /home/huynguyen2741/airflow_venv/lib/python3.12/site-packages/airflow/example_dags/example_params_ui_tutorial.py
[2025-08-06T14:42:58.448-0400] {processor.py:914} INFO - Processing file /home/huynguyen2741/airflow_venv/lib/python3.12/site-packages/airflow/example_dags/example_params_ui_tutorial.py for tasks to queue
[2025-08-06T14:42:58.449-0400] {logging_mixin.py:190} INFO - [2025-08-06T14:42:58.449-0400] {dagbag.py:588} INFO - Filling up the DagBag from /home/huynguyen2741/airflow_venv/lib/python3.12/site-packages/airflow/example_dags/example_params_ui_tutorial.py
[2025-08-06T14:42:58.456-0400] {processor.py:925} INFO - DAG(s) 'example_params_ui_tutorial' retrieved from /home/huynguyen2741/airflow_venv/lib/python3.12/site-packages/airflow/example_dags/example_params_ui_tutorial.py
[2025-08-06T14:42:58.482-0400] {logging_mixin.py:190} INFO - [2025-08-06T14:42:58.482-0400] {dag.py:3239} INFO - Sync 1 DAGs
[2025-08-06T14:42:58.490-0400] {logging_mixin.py:190} INFO - [2025-08-06T14:42:58.490-0400] {dag.py:4180} INFO - Setting next_dagrun for example_params_ui_tutorial to None, run_after=None
[2025-08-06T14:42:58.506-0400] {processor.py:208} INFO - Processing /home/huynguyen2741/airflow_venv/lib/python3.12/site-packages/airflow/example_dags/example_params_ui_tutorial.py took 0.068 seconds
[2025-08-06T14:44:05.826-0400] {processor.py:186} INFO - Started process (PID=30376) to work on /home/huynguyen2741/airflow_venv/lib/python3.12/site-packages/airflow/example_dags/example_params_ui_tutorial.py
[2025-08-06T14:44:05.831-0400] {processor.py:914} INFO - Processing file /home/huynguyen2741/airflow_venv/lib/python3.12/site-packages/airflow/example_dags/example_params_ui_tutorial.py for tasks to queue
[2025-08-06T14:44:05.832-0400] {logging_mixin.py:190} INFO - [2025-08-06T14:44:05.832-0400] {dagbag.py:588} INFO - Filling up the DagBag from /home/huynguyen2741/airflow_venv/lib/python3.12/site-packages/airflow/example_dags/example_params_ui_tutorial.py
[2025-08-06T14:44:05.842-0400] {processor.py:925} INFO - DAG(s) 'example_params_ui_tutorial' retrieved from /home/huynguyen2741/airflow_venv/lib/python3.12/site-packages/airflow/example_dags/example_params_ui_tutorial.py
[2025-08-06T14:44:05.873-0400] {logging_mixin.py:190} INFO - [2025-08-06T14:44:05.873-0400] {dag.py:3239} INFO - Sync 1 DAGs
[2025-08-06T14:44:05.884-0400] {logging_mixin.py:190} INFO - [2025-08-06T14:44:05.884-0400] {dag.py:4180} INFO - Setting next_dagrun for example_params_ui_tutorial to None, run_after=None
[2025-08-06T14:44:05.902-0400] {processor.py:208} INFO - Processing /home/huynguyen2741/airflow_venv/lib/python3.12/site-packages/airflow/example_dags/example_params_ui_tutorial.py took 0.083 seconds
[2025-08-06T14:45:01.735-0400] {processor.py:186} INFO - Started process (PID=30611) to work on /home/huynguyen2741/airflow_venv/lib/python3.12/site-packages/airflow/example_dags/example_params_ui_tutorial.py
[2025-08-06T14:45:01.739-0400] {processor.py:914} INFO - Processing file /home/huynguyen2741/airflow_venv/lib/python3.12/site-packages/airflow/example_dags/example_params_ui_tutorial.py for tasks to queue
[2025-08-06T14:45:01.740-0400] {logging_mixin.py:190} INFO - [2025-08-06T14:45:01.740-0400] {dagbag.py:588} INFO - Filling up the DagBag from /home/huynguyen2741/airflow_venv/lib/python3.12/site-packages/airflow/example_dags/example_params_ui_tutorial.py
[2025-08-06T14:45:01.747-0400] {processor.py:925} INFO - DAG(s) 'example_params_ui_tutorial' retrieved from /home/huynguyen2741/airflow_venv/lib/python3.12/site-packages/airflow/example_dags/example_params_ui_tutorial.py
[2025-08-06T14:45:01.772-0400] {logging_mixin.py:190} INFO - [2025-08-06T14:45:01.772-0400] {dag.py:3239} INFO - Sync 1 DAGs
[2025-08-06T14:45:01.780-0400] {logging_mixin.py:190} INFO - [2025-08-06T14:45:01.780-0400] {dag.py:4180} INFO - Setting next_dagrun for example_params_ui_tutorial to None, run_after=None
[2025-08-06T14:45:01.795-0400] {processor.py:208} INFO - Processing /home/huynguyen2741/airflow_venv/lib/python3.12/site-packages/airflow/example_dags/example_params_ui_tutorial.py took 0.065 seconds
[2025-08-06T14:46:03.154-0400] {processor.py:186} INFO - Started process (PID=30881) to work on /home/huynguyen2741/airflow_venv/lib/python3.12/site-packages/airflow/example_dags/example_params_ui_tutorial.py
[2025-08-06T14:46:03.158-0400] {processor.py:914} INFO - Processing file /home/huynguyen2741/airflow_venv/lib/python3.12/site-packages/airflow/example_dags/example_params_ui_tutorial.py for tasks to queue
[2025-08-06T14:46:03.159-0400] {logging_mixin.py:190} INFO - [2025-08-06T14:46:03.159-0400] {dagbag.py:588} INFO - Filling up the DagBag from /home/huynguyen2741/airflow_venv/lib/python3.12/site-packages/airflow/example_dags/example_params_ui_tutorial.py
[2025-08-06T14:46:03.166-0400] {processor.py:925} INFO - DAG(s) 'example_params_ui_tutorial' retrieved from /home/huynguyen2741/airflow_venv/lib/python3.12/site-packages/airflow/example_dags/example_params_ui_tutorial.py
[2025-08-06T14:46:03.197-0400] {logging_mixin.py:190} INFO - [2025-08-06T14:46:03.197-0400] {dag.py:3239} INFO - Sync 1 DAGs
[2025-08-06T14:46:03.213-0400] {logging_mixin.py:190} INFO - [2025-08-06T14:46:03.213-0400] {dag.py:4180} INFO - Setting next_dagrun for example_params_ui_tutorial to None, run_after=None
[2025-08-06T14:46:03.233-0400] {processor.py:208} INFO - Processing /home/huynguyen2741/airflow_venv/lib/python3.12/site-packages/airflow/example_dags/example_params_ui_tutorial.py took 0.085 seconds
[2025-08-06T14:47:04.359-0400] {processor.py:186} INFO - Started process (PID=31169) to work on /home/huynguyen2741/airflow_venv/lib/python3.12/site-packages/airflow/example_dags/example_params_ui_tutorial.py
[2025-08-06T14:47:04.360-0400] {processor.py:914} INFO - Processing file /home/huynguyen2741/airflow_venv/lib/python3.12/site-packages/airflow/example_dags/example_params_ui_tutorial.py for tasks to queue
[2025-08-06T14:47:04.362-0400] {logging_mixin.py:190} INFO - [2025-08-06T14:47:04.361-0400] {dagbag.py:588} INFO - Filling up the DagBag from /home/huynguyen2741/airflow_venv/lib/python3.12/site-packages/airflow/example_dags/example_params_ui_tutorial.py
[2025-08-06T14:47:04.369-0400] {processor.py:925} INFO - DAG(s) 'example_params_ui_tutorial' retrieved from /home/huynguyen2741/airflow_venv/lib/python3.12/site-packages/airflow/example_dags/example_params_ui_tutorial.py
[2025-08-06T14:47:04.396-0400] {logging_mixin.py:190} INFO - [2025-08-06T14:47:04.396-0400] {dag.py:3239} INFO - Sync 1 DAGs
[2025-08-06T14:47:04.404-0400] {logging_mixin.py:190} INFO - [2025-08-06T14:47:04.404-0400] {dag.py:4180} INFO - Setting next_dagrun for example_params_ui_tutorial to None, run_after=None
[2025-08-06T14:47:04.421-0400] {processor.py:208} INFO - Processing /home/huynguyen2741/airflow_venv/lib/python3.12/site-packages/airflow/example_dags/example_params_ui_tutorial.py took 0.069 seconds
[2025-08-06T14:48:36.828-0400] {processor.py:186} INFO - Started process (PID=31707) to work on /home/huynguyen2741/airflow_venv/lib/python3.12/site-packages/airflow/example_dags/example_params_ui_tutorial.py
[2025-08-06T14:48:36.833-0400] {processor.py:914} INFO - Processing file /home/huynguyen2741/airflow_venv/lib/python3.12/site-packages/airflow/example_dags/example_params_ui_tutorial.py for tasks to queue
[2025-08-06T14:48:36.834-0400] {logging_mixin.py:190} INFO - [2025-08-06T14:48:36.833-0400] {dagbag.py:588} INFO - Filling up the DagBag from /home/huynguyen2741/airflow_venv/lib/python3.12/site-packages/airflow/example_dags/example_params_ui_tutorial.py
[2025-08-06T14:48:36.841-0400] {processor.py:925} INFO - DAG(s) 'example_params_ui_tutorial' retrieved from /home/huynguyen2741/airflow_venv/lib/python3.12/site-packages/airflow/example_dags/example_params_ui_tutorial.py
[2025-08-06T14:48:36.867-0400] {logging_mixin.py:190} INFO - [2025-08-06T14:48:36.866-0400] {dag.py:3239} INFO - Sync 1 DAGs
[2025-08-06T14:48:36.875-0400] {logging_mixin.py:190} INFO - [2025-08-06T14:48:36.875-0400] {dag.py:4180} INFO - Setting next_dagrun for example_params_ui_tutorial to None, run_after=None
[2025-08-06T14:48:36.890-0400] {processor.py:208} INFO - Processing /home/huynguyen2741/airflow_venv/lib/python3.12/site-packages/airflow/example_dags/example_params_ui_tutorial.py took 0.067 seconds
[2025-08-06T14:49:38.592-0400] {processor.py:186} INFO - Started process (PID=31927) to work on /home/huynguyen2741/airflow_venv/lib/python3.12/site-packages/airflow/example_dags/example_params_ui_tutorial.py
[2025-08-06T14:49:38.602-0400] {processor.py:914} INFO - Processing file /home/huynguyen2741/airflow_venv/lib/python3.12/site-packages/airflow/example_dags/example_params_ui_tutorial.py for tasks to queue
[2025-08-06T14:49:38.604-0400] {logging_mixin.py:190} INFO - [2025-08-06T14:49:38.603-0400] {dagbag.py:588} INFO - Filling up the DagBag from /home/huynguyen2741/airflow_venv/lib/python3.12/site-packages/airflow/example_dags/example_params_ui_tutorial.py
[2025-08-06T14:49:38.611-0400] {processor.py:925} INFO - DAG(s) 'example_params_ui_tutorial' retrieved from /home/huynguyen2741/airflow_venv/lib/python3.12/site-packages/airflow/example_dags/example_params_ui_tutorial.py
[2025-08-06T14:49:38.636-0400] {logging_mixin.py:190} INFO - [2025-08-06T14:49:38.636-0400] {dag.py:3239} INFO - Sync 1 DAGs
[2025-08-06T14:49:38.644-0400] {logging_mixin.py:190} INFO - [2025-08-06T14:49:38.644-0400] {dag.py:4180} INFO - Setting next_dagrun for example_params_ui_tutorial to None, run_after=None
[2025-08-06T14:49:38.660-0400] {processor.py:208} INFO - Processing /home/huynguyen2741/airflow_venv/lib/python3.12/site-packages/airflow/example_dags/example_params_ui_tutorial.py took 0.073 seconds
[2025-08-06T14:50:46.088-0400] {processor.py:186} INFO - Started process (PID=32169) to work on /home/huynguyen2741/airflow_venv/lib/python3.12/site-packages/airflow/example_dags/example_params_ui_tutorial.py
[2025-08-06T14:50:46.092-0400] {processor.py:914} INFO - Processing file /home/huynguyen2741/airflow_venv/lib/python3.12/site-packages/airflow/example_dags/example_params_ui_tutorial.py for tasks to queue
[2025-08-06T14:50:46.093-0400] {logging_mixin.py:190} INFO - [2025-08-06T14:50:46.093-0400] {dagbag.py:588} INFO - Filling up the DagBag from /home/huynguyen2741/airflow_venv/lib/python3.12/site-packages/airflow/example_dags/example_params_ui_tutorial.py
[2025-08-06T14:50:46.100-0400] {processor.py:925} INFO - DAG(s) 'example_params_ui_tutorial' retrieved from /home/huynguyen2741/airflow_venv/lib/python3.12/site-packages/airflow/example_dags/example_params_ui_tutorial.py
[2025-08-06T14:50:46.129-0400] {logging_mixin.py:190} INFO - [2025-08-06T14:50:46.129-0400] {dag.py:3239} INFO - Sync 1 DAGs
[2025-08-06T14:50:46.140-0400] {logging_mixin.py:190} INFO - [2025-08-06T14:50:46.140-0400] {dag.py:4180} INFO - Setting next_dagrun for example_params_ui_tutorial to None, run_after=None
[2025-08-06T14:50:46.158-0400] {processor.py:208} INFO - Processing /home/huynguyen2741/airflow_venv/lib/python3.12/site-packages/airflow/example_dags/example_params_ui_tutorial.py took 0.075 seconds
[2025-08-06T14:51:44.511-0400] {processor.py:186} INFO - Started process (PID=32393) to work on /home/huynguyen2741/airflow_venv/lib/python3.12/site-packages/airflow/example_dags/example_params_ui_tutorial.py
[2025-08-06T14:51:44.512-0400] {processor.py:914} INFO - Processing file /home/huynguyen2741/airflow_venv/lib/python3.12/site-packages/airflow/example_dags/example_params_ui_tutorial.py for tasks to queue
[2025-08-06T14:51:44.513-0400] {logging_mixin.py:190} INFO - [2025-08-06T14:51:44.513-0400] {dagbag.py:588} INFO - Filling up the DagBag from /home/huynguyen2741/airflow_venv/lib/python3.12/site-packages/airflow/example_dags/example_params_ui_tutorial.py
[2025-08-06T14:51:44.520-0400] {processor.py:925} INFO - DAG(s) 'example_params_ui_tutorial' retrieved from /home/huynguyen2741/airflow_venv/lib/python3.12/site-packages/airflow/example_dags/example_params_ui_tutorial.py
[2025-08-06T14:51:44.545-0400] {logging_mixin.py:190} INFO - [2025-08-06T14:51:44.545-0400] {dag.py:3239} INFO - Sync 1 DAGs
[2025-08-06T14:51:44.553-0400] {logging_mixin.py:190} INFO - [2025-08-06T14:51:44.553-0400] {dag.py:4180} INFO - Setting next_dagrun for example_params_ui_tutorial to None, run_after=None
[2025-08-06T14:51:44.569-0400] {processor.py:208} INFO - Processing /home/huynguyen2741/airflow_venv/lib/python3.12/site-packages/airflow/example_dags/example_params_ui_tutorial.py took 0.064 seconds
[2025-08-06T14:52:46.838-0400] {processor.py:186} INFO - Started process (PID=32652) to work on /home/huynguyen2741/airflow_venv/lib/python3.12/site-packages/airflow/example_dags/example_params_ui_tutorial.py
[2025-08-06T14:52:46.840-0400] {processor.py:914} INFO - Processing file /home/huynguyen2741/airflow_venv/lib/python3.12/site-packages/airflow/example_dags/example_params_ui_tutorial.py for tasks to queue
[2025-08-06T14:52:46.842-0400] {logging_mixin.py:190} INFO - [2025-08-06T14:52:46.841-0400] {dagbag.py:588} INFO - Filling up the DagBag from /home/huynguyen2741/airflow_venv/lib/python3.12/site-packages/airflow/example_dags/example_params_ui_tutorial.py
[2025-08-06T14:52:46.848-0400] {processor.py:925} INFO - DAG(s) 'example_params_ui_tutorial' retrieved from /home/huynguyen2741/airflow_venv/lib/python3.12/site-packages/airflow/example_dags/example_params_ui_tutorial.py
[2025-08-06T14:52:46.877-0400] {logging_mixin.py:190} INFO - [2025-08-06T14:52:46.877-0400] {dag.py:3239} INFO - Sync 1 DAGs
[2025-08-06T14:52:46.887-0400] {logging_mixin.py:190} INFO - [2025-08-06T14:52:46.887-0400] {dag.py:4180} INFO - Setting next_dagrun for example_params_ui_tutorial to None, run_after=None
[2025-08-06T14:52:46.905-0400] {processor.py:208} INFO - Processing /home/huynguyen2741/airflow_venv/lib/python3.12/site-packages/airflow/example_dags/example_params_ui_tutorial.py took 0.072 seconds
[2025-08-06T14:53:51.770-0400] {processor.py:186} INFO - Started process (PID=33100) to work on /home/huynguyen2741/airflow_venv/lib/python3.12/site-packages/airflow/example_dags/example_params_ui_tutorial.py
[2025-08-06T14:53:51.775-0400] {processor.py:914} INFO - Processing file /home/huynguyen2741/airflow_venv/lib/python3.12/site-packages/airflow/example_dags/example_params_ui_tutorial.py for tasks to queue
[2025-08-06T14:53:51.776-0400] {logging_mixin.py:190} INFO - [2025-08-06T14:53:51.776-0400] {dagbag.py:588} INFO - Filling up the DagBag from /home/huynguyen2741/airflow_venv/lib/python3.12/site-packages/airflow/example_dags/example_params_ui_tutorial.py
[2025-08-06T14:53:51.783-0400] {processor.py:925} INFO - DAG(s) 'example_params_ui_tutorial' retrieved from /home/huynguyen2741/airflow_venv/lib/python3.12/site-packages/airflow/example_dags/example_params_ui_tutorial.py
[2025-08-06T14:53:51.808-0400] {logging_mixin.py:190} INFO - [2025-08-06T14:53:51.808-0400] {dag.py:3239} INFO - Sync 1 DAGs
[2025-08-06T14:53:51.816-0400] {logging_mixin.py:190} INFO - [2025-08-06T14:53:51.816-0400] {dag.py:4180} INFO - Setting next_dagrun for example_params_ui_tutorial to None, run_after=None
[2025-08-06T14:53:51.832-0400] {processor.py:208} INFO - Processing /home/huynguyen2741/airflow_venv/lib/python3.12/site-packages/airflow/example_dags/example_params_ui_tutorial.py took 0.067 seconds
[2025-08-06T14:54:48.763-0400] {processor.py:186} INFO - Started process (PID=33458) to work on /home/huynguyen2741/airflow_venv/lib/python3.12/site-packages/airflow/example_dags/example_params_ui_tutorial.py
[2025-08-06T14:54:48.768-0400] {processor.py:914} INFO - Processing file /home/huynguyen2741/airflow_venv/lib/python3.12/site-packages/airflow/example_dags/example_params_ui_tutorial.py for tasks to queue
[2025-08-06T14:54:48.769-0400] {logging_mixin.py:190} INFO - [2025-08-06T14:54:48.769-0400] {dagbag.py:588} INFO - Filling up the DagBag from /home/huynguyen2741/airflow_venv/lib/python3.12/site-packages/airflow/example_dags/example_params_ui_tutorial.py
[2025-08-06T14:54:48.777-0400] {processor.py:925} INFO - DAG(s) 'example_params_ui_tutorial' retrieved from /home/huynguyen2741/airflow_venv/lib/python3.12/site-packages/airflow/example_dags/example_params_ui_tutorial.py
[2025-08-06T14:54:48.803-0400] {logging_mixin.py:190} INFO - [2025-08-06T14:54:48.802-0400] {dag.py:3239} INFO - Sync 1 DAGs
[2025-08-06T14:54:48.811-0400] {logging_mixin.py:190} INFO - [2025-08-06T14:54:48.811-0400] {dag.py:4180} INFO - Setting next_dagrun for example_params_ui_tutorial to None, run_after=None
[2025-08-06T14:54:48.826-0400] {processor.py:208} INFO - Processing /home/huynguyen2741/airflow_venv/lib/python3.12/site-packages/airflow/example_dags/example_params_ui_tutorial.py took 0.069 seconds
[2025-08-06T14:55:49.050-0400] {processor.py:186} INFO - Started process (PID=33710) to work on /home/huynguyen2741/airflow_venv/lib/python3.12/site-packages/airflow/example_dags/example_params_ui_tutorial.py
[2025-08-06T14:55:49.051-0400] {processor.py:914} INFO - Processing file /home/huynguyen2741/airflow_venv/lib/python3.12/site-packages/airflow/example_dags/example_params_ui_tutorial.py for tasks to queue
[2025-08-06T14:55:49.052-0400] {logging_mixin.py:190} INFO - [2025-08-06T14:55:49.052-0400] {dagbag.py:588} INFO - Filling up the DagBag from /home/huynguyen2741/airflow_venv/lib/python3.12/site-packages/airflow/example_dags/example_params_ui_tutorial.py
[2025-08-06T14:55:49.059-0400] {processor.py:925} INFO - DAG(s) 'example_params_ui_tutorial' retrieved from /home/huynguyen2741/airflow_venv/lib/python3.12/site-packages/airflow/example_dags/example_params_ui_tutorial.py
[2025-08-06T14:55:49.085-0400] {logging_mixin.py:190} INFO - [2025-08-06T14:55:49.085-0400] {dag.py:3239} INFO - Sync 1 DAGs
[2025-08-06T14:55:49.094-0400] {logging_mixin.py:190} INFO - [2025-08-06T14:55:49.094-0400] {dag.py:4180} INFO - Setting next_dagrun for example_params_ui_tutorial to None, run_after=None
[2025-08-06T14:55:49.109-0400] {processor.py:208} INFO - Processing /home/huynguyen2741/airflow_venv/lib/python3.12/site-packages/airflow/example_dags/example_params_ui_tutorial.py took 0.065 seconds
[2025-08-06T14:56:52.975-0400] {processor.py:186} INFO - Started process (PID=34010) to work on /home/huynguyen2741/airflow_venv/lib/python3.12/site-packages/airflow/example_dags/example_params_ui_tutorial.py
[2025-08-06T14:56:52.979-0400] {processor.py:914} INFO - Processing file /home/huynguyen2741/airflow_venv/lib/python3.12/site-packages/airflow/example_dags/example_params_ui_tutorial.py for tasks to queue
[2025-08-06T14:56:52.980-0400] {logging_mixin.py:190} INFO - [2025-08-06T14:56:52.980-0400] {dagbag.py:588} INFO - Filling up the DagBag from /home/huynguyen2741/airflow_venv/lib/python3.12/site-packages/airflow/example_dags/example_params_ui_tutorial.py
[2025-08-06T14:56:52.988-0400] {processor.py:925} INFO - DAG(s) 'example_params_ui_tutorial' retrieved from /home/huynguyen2741/airflow_venv/lib/python3.12/site-packages/airflow/example_dags/example_params_ui_tutorial.py
[2025-08-06T14:56:53.016-0400] {logging_mixin.py:190} INFO - [2025-08-06T14:56:53.016-0400] {dag.py:3239} INFO - Sync 1 DAGs
[2025-08-06T14:56:53.025-0400] {logging_mixin.py:190} INFO - [2025-08-06T14:56:53.025-0400] {dag.py:4180} INFO - Setting next_dagrun for example_params_ui_tutorial to None, run_after=None
[2025-08-06T14:56:53.042-0400] {processor.py:208} INFO - Processing /home/huynguyen2741/airflow_venv/lib/python3.12/site-packages/airflow/example_dags/example_params_ui_tutorial.py took 0.073 seconds
[2025-08-06T14:57:54.963-0400] {processor.py:186} INFO - Started process (PID=34284) to work on /home/huynguyen2741/airflow_venv/lib/python3.12/site-packages/airflow/example_dags/example_params_ui_tutorial.py
[2025-08-06T14:57:54.973-0400] {processor.py:914} INFO - Processing file /home/huynguyen2741/airflow_venv/lib/python3.12/site-packages/airflow/example_dags/example_params_ui_tutorial.py for tasks to queue
[2025-08-06T14:57:54.975-0400] {logging_mixin.py:190} INFO - [2025-08-06T14:57:54.974-0400] {dagbag.py:588} INFO - Filling up the DagBag from /home/huynguyen2741/airflow_venv/lib/python3.12/site-packages/airflow/example_dags/example_params_ui_tutorial.py
[2025-08-06T14:57:54.981-0400] {processor.py:925} INFO - DAG(s) 'example_params_ui_tutorial' retrieved from /home/huynguyen2741/airflow_venv/lib/python3.12/site-packages/airflow/example_dags/example_params_ui_tutorial.py
[2025-08-06T14:57:55.007-0400] {logging_mixin.py:190} INFO - [2025-08-06T14:57:55.007-0400] {dag.py:3239} INFO - Sync 1 DAGs
[2025-08-06T14:57:55.015-0400] {logging_mixin.py:190} INFO - [2025-08-06T14:57:55.015-0400] {dag.py:4180} INFO - Setting next_dagrun for example_params_ui_tutorial to None, run_after=None
[2025-08-06T14:57:55.031-0400] {processor.py:208} INFO - Processing /home/huynguyen2741/airflow_venv/lib/python3.12/site-packages/airflow/example_dags/example_params_ui_tutorial.py took 0.072 seconds
[2025-08-06T14:58:57.251-0400] {processor.py:186} INFO - Started process (PID=34542) to work on /home/huynguyen2741/airflow_venv/lib/python3.12/site-packages/airflow/example_dags/example_params_ui_tutorial.py
[2025-08-06T14:58:57.252-0400] {processor.py:914} INFO - Processing file /home/huynguyen2741/airflow_venv/lib/python3.12/site-packages/airflow/example_dags/example_params_ui_tutorial.py for tasks to queue
[2025-08-06T14:58:57.253-0400] {logging_mixin.py:190} INFO - [2025-08-06T14:58:57.253-0400] {dagbag.py:588} INFO - Filling up the DagBag from /home/huynguyen2741/airflow_venv/lib/python3.12/site-packages/airflow/example_dags/example_params_ui_tutorial.py
[2025-08-06T14:58:57.260-0400] {processor.py:925} INFO - DAG(s) 'example_params_ui_tutorial' retrieved from /home/huynguyen2741/airflow_venv/lib/python3.12/site-packages/airflow/example_dags/example_params_ui_tutorial.py
[2025-08-06T14:58:57.286-0400] {logging_mixin.py:190} INFO - [2025-08-06T14:58:57.286-0400] {dag.py:3239} INFO - Sync 1 DAGs
[2025-08-06T14:58:57.295-0400] {logging_mixin.py:190} INFO - [2025-08-06T14:58:57.295-0400] {dag.py:4180} INFO - Setting next_dagrun for example_params_ui_tutorial to None, run_after=None
[2025-08-06T14:58:57.311-0400] {processor.py:208} INFO - Processing /home/huynguyen2741/airflow_venv/lib/python3.12/site-packages/airflow/example_dags/example_params_ui_tutorial.py took 0.065 seconds
[2025-08-06T15:00:03.840-0400] {processor.py:186} INFO - Started process (PID=34784) to work on /home/huynguyen2741/airflow_venv/lib/python3.12/site-packages/airflow/example_dags/example_params_ui_tutorial.py
[2025-08-06T15:00:03.850-0400] {processor.py:914} INFO - Processing file /home/huynguyen2741/airflow_venv/lib/python3.12/site-packages/airflow/example_dags/example_params_ui_tutorial.py for tasks to queue
[2025-08-06T15:00:03.851-0400] {logging_mixin.py:190} INFO - [2025-08-06T15:00:03.851-0400] {dagbag.py:588} INFO - Filling up the DagBag from /home/huynguyen2741/airflow_venv/lib/python3.12/site-packages/airflow/example_dags/example_params_ui_tutorial.py
[2025-08-06T15:00:03.858-0400] {processor.py:925} INFO - DAG(s) 'example_params_ui_tutorial' retrieved from /home/huynguyen2741/airflow_venv/lib/python3.12/site-packages/airflow/example_dags/example_params_ui_tutorial.py
[2025-08-06T15:00:03.884-0400] {logging_mixin.py:190} INFO - [2025-08-06T15:00:03.884-0400] {dag.py:3239} INFO - Sync 1 DAGs
[2025-08-06T15:00:03.892-0400] {logging_mixin.py:190} INFO - [2025-08-06T15:00:03.892-0400] {dag.py:4180} INFO - Setting next_dagrun for example_params_ui_tutorial to None, run_after=None
[2025-08-06T15:00:03.908-0400] {processor.py:208} INFO - Processing /home/huynguyen2741/airflow_venv/lib/python3.12/site-packages/airflow/example_dags/example_params_ui_tutorial.py took 0.074 seconds
