[2025-08-06T13:57:53.808-0400] {processor.py:186} INFO - Started process (PID=17851) to work on /home/huynguyen2741/airflow_venv/lib/python3.12/site-packages/airflow/example_dags/example_branch_operator_decorator.py
[2025-08-06T13:57:53.809-0400] {processor.py:914} INFO - Processing file /home/huynguyen2741/airflow_venv/lib/python3.12/site-packages/airflow/example_dags/example_branch_operator_decorator.py for tasks to queue
[2025-08-06T13:57:53.810-0400] {logging_mixin.py:190} INFO - [2025-08-06T13:57:53.810-0400] {dagbag.py:588} INFO - Filling up the DagBag from /home/huynguyen2741/airflow_venv/lib/python3.12/site-packages/airflow/example_dags/example_branch_operator_decorator.py
[2025-08-06T13:57:53.860-0400] {processor.py:927} WARNING - No viable dags retrieved from /home/huynguyen2741/airflow_venv/lib/python3.12/site-packages/airflow/example_dags/example_branch_operator_decorator.py
[2025-08-06T13:57:53.872-0400] {processor.py:208} INFO - Processing /home/huynguyen2741/airflow_venv/lib/python3.12/site-packages/airflow/example_dags/example_branch_operator_decorator.py took 0.068 seconds
[2025-08-06T13:58:59.680-0400] {processor.py:186} INFO - Started process (PID=18091) to work on /home/huynguyen2741/airflow_venv/lib/python3.12/site-packages/airflow/example_dags/example_branch_operator_decorator.py
[2025-08-06T13:58:59.681-0400] {processor.py:914} INFO - Processing file /home/huynguyen2741/airflow_venv/lib/python3.12/site-packages/airflow/example_dags/example_branch_operator_decorator.py for tasks to queue
[2025-08-06T13:58:59.682-0400] {logging_mixin.py:190} INFO - [2025-08-06T13:58:59.682-0400] {dagbag.py:588} INFO - Filling up the DagBag from /home/huynguyen2741/airflow_venv/lib/python3.12/site-packages/airflow/example_dags/example_branch_operator_decorator.py
[2025-08-06T13:58:59.730-0400] {processor.py:927} WARNING - No viable dags retrieved from /home/huynguyen2741/airflow_venv/lib/python3.12/site-packages/airflow/example_dags/example_branch_operator_decorator.py
[2025-08-06T13:58:59.739-0400] {processor.py:208} INFO - Processing /home/huynguyen2741/airflow_venv/lib/python3.12/site-packages/airflow/example_dags/example_branch_operator_decorator.py took 0.064 seconds
[2025-08-06T13:59:59.637-0400] {processor.py:186} INFO - Started process (PID=18311) to work on /home/huynguyen2741/airflow_venv/lib/python3.12/site-packages/airflow/example_dags/example_branch_operator_decorator.py
[2025-08-06T13:59:59.641-0400] {processor.py:914} INFO - Processing file /home/huynguyen2741/airflow_venv/lib/python3.12/site-packages/airflow/example_dags/example_branch_operator_decorator.py for tasks to queue
[2025-08-06T13:59:59.643-0400] {logging_mixin.py:190} INFO - [2025-08-06T13:59:59.642-0400] {dagbag.py:588} INFO - Filling up the DagBag from /home/huynguyen2741/airflow_venv/lib/python3.12/site-packages/airflow/example_dags/example_branch_operator_decorator.py
[2025-08-06T13:59:59.689-0400] {processor.py:927} WARNING - No viable dags retrieved from /home/huynguyen2741/airflow_venv/lib/python3.12/site-packages/airflow/example_dags/example_branch_operator_decorator.py
[2025-08-06T13:59:59.697-0400] {processor.py:208} INFO - Processing /home/huynguyen2741/airflow_venv/lib/python3.12/site-packages/airflow/example_dags/example_branch_operator_decorator.py took 0.064 seconds
[2025-08-06T14:01:35.098-0400] {processor.py:186} INFO - Started process (PID=18644) to work on /home/huynguyen2741/airflow_venv/lib/python3.12/site-packages/airflow/example_dags/example_branch_operator_decorator.py
[2025-08-06T14:01:35.099-0400] {processor.py:914} INFO - Processing file /home/huynguyen2741/airflow_venv/lib/python3.12/site-packages/airflow/example_dags/example_branch_operator_decorator.py for tasks to queue
[2025-08-06T14:01:35.101-0400] {logging_mixin.py:190} INFO - [2025-08-06T14:01:35.101-0400] {dagbag.py:588} INFO - Filling up the DagBag from /home/huynguyen2741/airflow_venv/lib/python3.12/site-packages/airflow/example_dags/example_branch_operator_decorator.py
[2025-08-06T14:01:35.149-0400] {processor.py:927} WARNING - No viable dags retrieved from /home/huynguyen2741/airflow_venv/lib/python3.12/site-packages/airflow/example_dags/example_branch_operator_decorator.py
[2025-08-06T14:01:35.159-0400] {processor.py:208} INFO - Processing /home/huynguyen2741/airflow_venv/lib/python3.12/site-packages/airflow/example_dags/example_branch_operator_decorator.py took 0.065 seconds
[2025-08-06T14:02:36.058-0400] {processor.py:186} INFO - Started process (PID=18892) to work on /home/huynguyen2741/airflow_venv/lib/python3.12/site-packages/airflow/example_dags/example_branch_operator_decorator.py
[2025-08-06T14:02:36.059-0400] {processor.py:914} INFO - Processing file /home/huynguyen2741/airflow_venv/lib/python3.12/site-packages/airflow/example_dags/example_branch_operator_decorator.py for tasks to queue
[2025-08-06T14:02:36.061-0400] {logging_mixin.py:190} INFO - [2025-08-06T14:02:36.061-0400] {dagbag.py:588} INFO - Filling up the DagBag from /home/huynguyen2741/airflow_venv/lib/python3.12/site-packages/airflow/example_dags/example_branch_operator_decorator.py
[2025-08-06T14:02:36.108-0400] {processor.py:927} WARNING - No viable dags retrieved from /home/huynguyen2741/airflow_venv/lib/python3.12/site-packages/airflow/example_dags/example_branch_operator_decorator.py
[2025-08-06T14:02:36.116-0400] {processor.py:208} INFO - Processing /home/huynguyen2741/airflow_venv/lib/python3.12/site-packages/airflow/example_dags/example_branch_operator_decorator.py took 0.062 seconds
[2025-08-06T14:03:36.080-0400] {processor.py:186} INFO - Started process (PID=19112) to work on /home/huynguyen2741/airflow_venv/lib/python3.12/site-packages/airflow/example_dags/example_branch_operator_decorator.py
[2025-08-06T14:03:36.090-0400] {processor.py:914} INFO - Processing file /home/huynguyen2741/airflow_venv/lib/python3.12/site-packages/airflow/example_dags/example_branch_operator_decorator.py for tasks to queue
[2025-08-06T14:03:36.091-0400] {logging_mixin.py:190} INFO - [2025-08-06T14:03:36.091-0400] {dagbag.py:588} INFO - Filling up the DagBag from /home/huynguyen2741/airflow_venv/lib/python3.12/site-packages/airflow/example_dags/example_branch_operator_decorator.py
[2025-08-06T14:03:36.139-0400] {processor.py:927} WARNING - No viable dags retrieved from /home/huynguyen2741/airflow_venv/lib/python3.12/site-packages/airflow/example_dags/example_branch_operator_decorator.py
[2025-08-06T14:03:36.148-0400] {processor.py:208} INFO - Processing /home/huynguyen2741/airflow_venv/lib/python3.12/site-packages/airflow/example_dags/example_branch_operator_decorator.py took 0.073 seconds
[2025-08-06T14:04:37.128-0400] {processor.py:186} INFO - Started process (PID=19326) to work on /home/huynguyen2741/airflow_venv/lib/python3.12/site-packages/airflow/example_dags/example_branch_operator_decorator.py
[2025-08-06T14:04:37.137-0400] {processor.py:914} INFO - Processing file /home/huynguyen2741/airflow_venv/lib/python3.12/site-packages/airflow/example_dags/example_branch_operator_decorator.py for tasks to queue
[2025-08-06T14:04:37.139-0400] {logging_mixin.py:190} INFO - [2025-08-06T14:04:37.139-0400] {dagbag.py:588} INFO - Filling up the DagBag from /home/huynguyen2741/airflow_venv/lib/python3.12/site-packages/airflow/example_dags/example_branch_operator_decorator.py
[2025-08-06T14:04:37.190-0400] {processor.py:927} WARNING - No viable dags retrieved from /home/huynguyen2741/airflow_venv/lib/python3.12/site-packages/airflow/example_dags/example_branch_operator_decorator.py
[2025-08-06T14:04:37.197-0400] {processor.py:208} INFO - Processing /home/huynguyen2741/airflow_venv/lib/python3.12/site-packages/airflow/example_dags/example_branch_operator_decorator.py took 0.074 seconds
[2025-08-06T14:05:42.550-0400] {processor.py:186} INFO - Started process (PID=19711) to work on /home/huynguyen2741/airflow_venv/lib/python3.12/site-packages/airflow/example_dags/example_branch_operator_decorator.py
[2025-08-06T14:05:42.560-0400] {processor.py:914} INFO - Processing file /home/huynguyen2741/airflow_venv/lib/python3.12/site-packages/airflow/example_dags/example_branch_operator_decorator.py for tasks to queue
[2025-08-06T14:05:42.561-0400] {logging_mixin.py:190} INFO - [2025-08-06T14:05:42.561-0400] {dagbag.py:588} INFO - Filling up the DagBag from /home/huynguyen2741/airflow_venv/lib/python3.12/site-packages/airflow/example_dags/example_branch_operator_decorator.py
[2025-08-06T14:05:42.608-0400] {processor.py:927} WARNING - No viable dags retrieved from /home/huynguyen2741/airflow_venv/lib/python3.12/site-packages/airflow/example_dags/example_branch_operator_decorator.py
[2025-08-06T14:05:42.617-0400] {processor.py:208} INFO - Processing /home/huynguyen2741/airflow_venv/lib/python3.12/site-packages/airflow/example_dags/example_branch_operator_decorator.py took 0.071 seconds
[2025-08-06T14:06:49.201-0400] {processor.py:186} INFO - Started process (PID=19944) to work on /home/huynguyen2741/airflow_venv/lib/python3.12/site-packages/airflow/example_dags/example_branch_operator_decorator.py
[2025-08-06T14:06:49.205-0400] {processor.py:914} INFO - Processing file /home/huynguyen2741/airflow_venv/lib/python3.12/site-packages/airflow/example_dags/example_branch_operator_decorator.py for tasks to queue
[2025-08-06T14:06:49.206-0400] {logging_mixin.py:190} INFO - [2025-08-06T14:06:49.206-0400] {dagbag.py:588} INFO - Filling up the DagBag from /home/huynguyen2741/airflow_venv/lib/python3.12/site-packages/airflow/example_dags/example_branch_operator_decorator.py
[2025-08-06T14:06:49.253-0400] {processor.py:927} WARNING - No viable dags retrieved from /home/huynguyen2741/airflow_venv/lib/python3.12/site-packages/airflow/example_dags/example_branch_operator_decorator.py
[2025-08-06T14:06:49.260-0400] {processor.py:208} INFO - Processing /home/huynguyen2741/airflow_venv/lib/python3.12/site-packages/airflow/example_dags/example_branch_operator_decorator.py took 0.064 seconds
[2025-08-06T14:07:56.559-0400] {processor.py:186} INFO - Started process (PID=20208) to work on /home/huynguyen2741/airflow_venv/lib/python3.12/site-packages/airflow/example_dags/example_branch_operator_decorator.py
[2025-08-06T14:07:56.560-0400] {processor.py:914} INFO - Processing file /home/huynguyen2741/airflow_venv/lib/python3.12/site-packages/airflow/example_dags/example_branch_operator_decorator.py for tasks to queue
[2025-08-06T14:07:56.562-0400] {logging_mixin.py:190} INFO - [2025-08-06T14:07:56.561-0400] {dagbag.py:588} INFO - Filling up the DagBag from /home/huynguyen2741/airflow_venv/lib/python3.12/site-packages/airflow/example_dags/example_branch_operator_decorator.py
[2025-08-06T14:07:56.609-0400] {processor.py:927} WARNING - No viable dags retrieved from /home/huynguyen2741/airflow_venv/lib/python3.12/site-packages/airflow/example_dags/example_branch_operator_decorator.py
[2025-08-06T14:07:56.619-0400] {processor.py:208} INFO - Processing /home/huynguyen2741/airflow_venv/lib/python3.12/site-packages/airflow/example_dags/example_branch_operator_decorator.py took 0.064 seconds
[2025-08-06T14:09:03.273-0400] {processor.py:186} INFO - Started process (PID=20560) to work on /home/huynguyen2741/airflow_venv/lib/python3.12/site-packages/airflow/example_dags/example_branch_operator_decorator.py
[2025-08-06T14:09:03.274-0400] {processor.py:914} INFO - Processing file /home/huynguyen2741/airflow_venv/lib/python3.12/site-packages/airflow/example_dags/example_branch_operator_decorator.py for tasks to queue
[2025-08-06T14:09:03.275-0400] {logging_mixin.py:190} INFO - [2025-08-06T14:09:03.275-0400] {dagbag.py:588} INFO - Filling up the DagBag from /home/huynguyen2741/airflow_venv/lib/python3.12/site-packages/airflow/example_dags/example_branch_operator_decorator.py
[2025-08-06T14:09:03.321-0400] {processor.py:927} WARNING - No viable dags retrieved from /home/huynguyen2741/airflow_venv/lib/python3.12/site-packages/airflow/example_dags/example_branch_operator_decorator.py
[2025-08-06T14:09:03.329-0400] {processor.py:208} INFO - Processing /home/huynguyen2741/airflow_venv/lib/python3.12/site-packages/airflow/example_dags/example_branch_operator_decorator.py took 0.060 seconds
[2025-08-06T14:10:08.764-0400] {processor.py:186} INFO - Started process (PID=21034) to work on /home/huynguyen2741/airflow_venv/lib/python3.12/site-packages/airflow/example_dags/example_branch_operator_decorator.py
[2025-08-06T14:10:08.765-0400] {processor.py:914} INFO - Processing file /home/huynguyen2741/airflow_venv/lib/python3.12/site-packages/airflow/example_dags/example_branch_operator_decorator.py for tasks to queue
[2025-08-06T14:10:08.767-0400] {logging_mixin.py:190} INFO - [2025-08-06T14:10:08.766-0400] {dagbag.py:588} INFO - Filling up the DagBag from /home/huynguyen2741/airflow_venv/lib/python3.12/site-packages/airflow/example_dags/example_branch_operator_decorator.py
[2025-08-06T14:10:08.805-0400] {processor.py:927} WARNING - No viable dags retrieved from /home/huynguyen2741/airflow_venv/lib/python3.12/site-packages/airflow/example_dags/example_branch_operator_decorator.py
[2025-08-06T14:10:08.814-0400] {processor.py:208} INFO - Processing /home/huynguyen2741/airflow_venv/lib/python3.12/site-packages/airflow/example_dags/example_branch_operator_decorator.py took 0.055 seconds
[2025-08-06T14:11:41.635-0400] {processor.py:186} INFO - Started process (PID=21438) to work on /home/huynguyen2741/airflow_venv/lib/python3.12/site-packages/airflow/example_dags/example_branch_operator_decorator.py
[2025-08-06T14:11:41.636-0400] {processor.py:914} INFO - Processing file /home/huynguyen2741/airflow_venv/lib/python3.12/site-packages/airflow/example_dags/example_branch_operator_decorator.py for tasks to queue
[2025-08-06T14:11:41.637-0400] {logging_mixin.py:190} INFO - [2025-08-06T14:11:41.637-0400] {dagbag.py:588} INFO - Filling up the DagBag from /home/huynguyen2741/airflow_venv/lib/python3.12/site-packages/airflow/example_dags/example_branch_operator_decorator.py
[2025-08-06T14:11:41.684-0400] {processor.py:927} WARNING - No viable dags retrieved from /home/huynguyen2741/airflow_venv/lib/python3.12/site-packages/airflow/example_dags/example_branch_operator_decorator.py
[2025-08-06T14:11:41.693-0400] {processor.py:208} INFO - Processing /home/huynguyen2741/airflow_venv/lib/python3.12/site-packages/airflow/example_dags/example_branch_operator_decorator.py took 0.063 seconds
[2025-08-06T14:12:46.361-0400] {processor.py:186} INFO - Started process (PID=21834) to work on /home/huynguyen2741/airflow_venv/lib/python3.12/site-packages/airflow/example_dags/example_branch_operator_decorator.py
[2025-08-06T14:12:46.362-0400] {processor.py:914} INFO - Processing file /home/huynguyen2741/airflow_venv/lib/python3.12/site-packages/airflow/example_dags/example_branch_operator_decorator.py for tasks to queue
[2025-08-06T14:12:46.363-0400] {logging_mixin.py:190} INFO - [2025-08-06T14:12:46.363-0400] {dagbag.py:588} INFO - Filling up the DagBag from /home/huynguyen2741/airflow_venv/lib/python3.12/site-packages/airflow/example_dags/example_branch_operator_decorator.py
[2025-08-06T14:12:46.410-0400] {processor.py:927} WARNING - No viable dags retrieved from /home/huynguyen2741/airflow_venv/lib/python3.12/site-packages/airflow/example_dags/example_branch_operator_decorator.py
[2025-08-06T14:12:46.418-0400] {processor.py:208} INFO - Processing /home/huynguyen2741/airflow_venv/lib/python3.12/site-packages/airflow/example_dags/example_branch_operator_decorator.py took 0.061 seconds
[2025-08-06T14:13:51.182-0400] {processor.py:186} INFO - Started process (PID=22280) to work on /home/huynguyen2741/airflow_venv/lib/python3.12/site-packages/airflow/example_dags/example_branch_operator_decorator.py
[2025-08-06T14:13:51.184-0400] {processor.py:914} INFO - Processing file /home/huynguyen2741/airflow_venv/lib/python3.12/site-packages/airflow/example_dags/example_branch_operator_decorator.py for tasks to queue
[2025-08-06T14:13:51.186-0400] {logging_mixin.py:190} INFO - [2025-08-06T14:13:51.185-0400] {dagbag.py:588} INFO - Filling up the DagBag from /home/huynguyen2741/airflow_venv/lib/python3.12/site-packages/airflow/example_dags/example_branch_operator_decorator.py
[2025-08-06T14:13:51.244-0400] {processor.py:927} WARNING - No viable dags retrieved from /home/huynguyen2741/airflow_venv/lib/python3.12/site-packages/airflow/example_dags/example_branch_operator_decorator.py
[2025-08-06T14:13:51.260-0400] {processor.py:208} INFO - Processing /home/huynguyen2741/airflow_venv/lib/python3.12/site-packages/airflow/example_dags/example_branch_operator_decorator.py took 0.083 seconds
[2025-08-06T14:14:56.688-0400] {processor.py:186} INFO - Started process (PID=22664) to work on /home/huynguyen2741/airflow_venv/lib/python3.12/site-packages/airflow/example_dags/example_branch_operator_decorator.py
[2025-08-06T14:14:56.692-0400] {processor.py:914} INFO - Processing file /home/huynguyen2741/airflow_venv/lib/python3.12/site-packages/airflow/example_dags/example_branch_operator_decorator.py for tasks to queue
[2025-08-06T14:14:56.693-0400] {logging_mixin.py:190} INFO - [2025-08-06T14:14:56.693-0400] {dagbag.py:588} INFO - Filling up the DagBag from /home/huynguyen2741/airflow_venv/lib/python3.12/site-packages/airflow/example_dags/example_branch_operator_decorator.py
[2025-08-06T14:14:56.741-0400] {processor.py:927} WARNING - No viable dags retrieved from /home/huynguyen2741/airflow_venv/lib/python3.12/site-packages/airflow/example_dags/example_branch_operator_decorator.py
[2025-08-06T14:14:56.753-0400] {processor.py:208} INFO - Processing /home/huynguyen2741/airflow_venv/lib/python3.12/site-packages/airflow/example_dags/example_branch_operator_decorator.py took 0.069 seconds
[2025-08-06T14:16:28.036-0400] {processor.py:186} INFO - Started process (PID=23118) to work on /home/huynguyen2741/airflow_venv/lib/python3.12/site-packages/airflow/example_dags/example_branch_operator_decorator.py
[2025-08-06T14:16:28.046-0400] {processor.py:914} INFO - Processing file /home/huynguyen2741/airflow_venv/lib/python3.12/site-packages/airflow/example_dags/example_branch_operator_decorator.py for tasks to queue
[2025-08-06T14:16:28.047-0400] {logging_mixin.py:190} INFO - [2025-08-06T14:16:28.047-0400] {dagbag.py:588} INFO - Filling up the DagBag from /home/huynguyen2741/airflow_venv/lib/python3.12/site-packages/airflow/example_dags/example_branch_operator_decorator.py
[2025-08-06T14:16:28.100-0400] {processor.py:927} WARNING - No viable dags retrieved from /home/huynguyen2741/airflow_venv/lib/python3.12/site-packages/airflow/example_dags/example_branch_operator_decorator.py
[2025-08-06T14:16:28.110-0400] {processor.py:208} INFO - Processing /home/huynguyen2741/airflow_venv/lib/python3.12/site-packages/airflow/example_dags/example_branch_operator_decorator.py took 0.078 seconds
[2025-08-06T14:17:35.632-0400] {processor.py:186} INFO - Started process (PID=23374) to work on /home/huynguyen2741/airflow_venv/lib/python3.12/site-packages/airflow/example_dags/example_branch_operator_decorator.py
[2025-08-06T14:17:35.633-0400] {processor.py:914} INFO - Processing file /home/huynguyen2741/airflow_venv/lib/python3.12/site-packages/airflow/example_dags/example_branch_operator_decorator.py for tasks to queue
[2025-08-06T14:17:35.634-0400] {logging_mixin.py:190} INFO - [2025-08-06T14:17:35.634-0400] {dagbag.py:588} INFO - Filling up the DagBag from /home/huynguyen2741/airflow_venv/lib/python3.12/site-packages/airflow/example_dags/example_branch_operator_decorator.py
[2025-08-06T14:17:35.681-0400] {processor.py:927} WARNING - No viable dags retrieved from /home/huynguyen2741/airflow_venv/lib/python3.12/site-packages/airflow/example_dags/example_branch_operator_decorator.py
[2025-08-06T14:17:35.689-0400] {processor.py:208} INFO - Processing /home/huynguyen2741/airflow_venv/lib/python3.12/site-packages/airflow/example_dags/example_branch_operator_decorator.py took 0.061 seconds
[2025-08-06T14:18:41.490-0400] {processor.py:186} INFO - Started process (PID=23610) to work on /home/huynguyen2741/airflow_venv/lib/python3.12/site-packages/airflow/example_dags/example_branch_operator_decorator.py
[2025-08-06T14:18:41.501-0400] {processor.py:914} INFO - Processing file /home/huynguyen2741/airflow_venv/lib/python3.12/site-packages/airflow/example_dags/example_branch_operator_decorator.py for tasks to queue
[2025-08-06T14:18:41.503-0400] {logging_mixin.py:190} INFO - [2025-08-06T14:18:41.503-0400] {dagbag.py:588} INFO - Filling up the DagBag from /home/huynguyen2741/airflow_venv/lib/python3.12/site-packages/airflow/example_dags/example_branch_operator_decorator.py
[2025-08-06T14:18:41.561-0400] {processor.py:927} WARNING - No viable dags retrieved from /home/huynguyen2741/airflow_venv/lib/python3.12/site-packages/airflow/example_dags/example_branch_operator_decorator.py
[2025-08-06T14:18:41.576-0400] {processor.py:208} INFO - Processing /home/huynguyen2741/airflow_venv/lib/python3.12/site-packages/airflow/example_dags/example_branch_operator_decorator.py took 0.094 seconds
[2025-08-06T14:19:44.192-0400] {processor.py:186} INFO - Started process (PID=23876) to work on /home/huynguyen2741/airflow_venv/lib/python3.12/site-packages/airflow/example_dags/example_branch_operator_decorator.py
[2025-08-06T14:19:44.194-0400] {processor.py:914} INFO - Processing file /home/huynguyen2741/airflow_venv/lib/python3.12/site-packages/airflow/example_dags/example_branch_operator_decorator.py for tasks to queue
[2025-08-06T14:19:44.195-0400] {logging_mixin.py:190} INFO - [2025-08-06T14:19:44.194-0400] {dagbag.py:588} INFO - Filling up the DagBag from /home/huynguyen2741/airflow_venv/lib/python3.12/site-packages/airflow/example_dags/example_branch_operator_decorator.py
[2025-08-06T14:19:44.246-0400] {processor.py:927} WARNING - No viable dags retrieved from /home/huynguyen2741/airflow_venv/lib/python3.12/site-packages/airflow/example_dags/example_branch_operator_decorator.py
[2025-08-06T14:19:44.258-0400] {processor.py:208} INFO - Processing /home/huynguyen2741/airflow_venv/lib/python3.12/site-packages/airflow/example_dags/example_branch_operator_decorator.py took 0.071 seconds
[2025-08-06T14:20:48.337-0400] {processor.py:186} INFO - Started process (PID=24105) to work on /home/huynguyen2741/airflow_venv/lib/python3.12/site-packages/airflow/example_dags/example_branch_operator_decorator.py
[2025-08-06T14:20:48.340-0400] {processor.py:914} INFO - Processing file /home/huynguyen2741/airflow_venv/lib/python3.12/site-packages/airflow/example_dags/example_branch_operator_decorator.py for tasks to queue
[2025-08-06T14:20:48.341-0400] {logging_mixin.py:190} INFO - [2025-08-06T14:20:48.341-0400] {dagbag.py:588} INFO - Filling up the DagBag from /home/huynguyen2741/airflow_venv/lib/python3.12/site-packages/airflow/example_dags/example_branch_operator_decorator.py
[2025-08-06T14:20:48.391-0400] {processor.py:927} WARNING - No viable dags retrieved from /home/huynguyen2741/airflow_venv/lib/python3.12/site-packages/airflow/example_dags/example_branch_operator_decorator.py
[2025-08-06T14:20:48.399-0400] {processor.py:208} INFO - Processing /home/huynguyen2741/airflow_venv/lib/python3.12/site-packages/airflow/example_dags/example_branch_operator_decorator.py took 0.067 seconds
[2025-08-06T14:21:58.213-0400] {processor.py:186} INFO - Started process (PID=24350) to work on /home/huynguyen2741/airflow_venv/lib/python3.12/site-packages/airflow/example_dags/example_branch_operator_decorator.py
[2025-08-06T14:21:58.217-0400] {processor.py:914} INFO - Processing file /home/huynguyen2741/airflow_venv/lib/python3.12/site-packages/airflow/example_dags/example_branch_operator_decorator.py for tasks to queue
[2025-08-06T14:21:58.218-0400] {logging_mixin.py:190} INFO - [2025-08-06T14:21:58.218-0400] {dagbag.py:588} INFO - Filling up the DagBag from /home/huynguyen2741/airflow_venv/lib/python3.12/site-packages/airflow/example_dags/example_branch_operator_decorator.py
[2025-08-06T14:21:58.266-0400] {processor.py:927} WARNING - No viable dags retrieved from /home/huynguyen2741/airflow_venv/lib/python3.12/site-packages/airflow/example_dags/example_branch_operator_decorator.py
[2025-08-06T14:21:58.274-0400] {processor.py:208} INFO - Processing /home/huynguyen2741/airflow_venv/lib/python3.12/site-packages/airflow/example_dags/example_branch_operator_decorator.py took 0.065 seconds
[2025-08-06T14:23:02.847-0400] {processor.py:186} INFO - Started process (PID=24789) to work on /home/huynguyen2741/airflow_venv/lib/python3.12/site-packages/airflow/example_dags/example_branch_operator_decorator.py
[2025-08-06T14:23:02.851-0400] {processor.py:914} INFO - Processing file /home/huynguyen2741/airflow_venv/lib/python3.12/site-packages/airflow/example_dags/example_branch_operator_decorator.py for tasks to queue
[2025-08-06T14:23:02.852-0400] {logging_mixin.py:190} INFO - [2025-08-06T14:23:02.852-0400] {dagbag.py:588} INFO - Filling up the DagBag from /home/huynguyen2741/airflow_venv/lib/python3.12/site-packages/airflow/example_dags/example_branch_operator_decorator.py
[2025-08-06T14:23:02.897-0400] {processor.py:927} WARNING - No viable dags retrieved from /home/huynguyen2741/airflow_venv/lib/python3.12/site-packages/airflow/example_dags/example_branch_operator_decorator.py
[2025-08-06T14:23:02.905-0400] {processor.py:208} INFO - Processing /home/huynguyen2741/airflow_venv/lib/python3.12/site-packages/airflow/example_dags/example_branch_operator_decorator.py took 0.062 seconds
[2025-08-06T14:24:04.260-0400] {processor.py:186} INFO - Started process (PID=25166) to work on /home/huynguyen2741/airflow_venv/lib/python3.12/site-packages/airflow/example_dags/example_branch_operator_decorator.py
[2025-08-06T14:24:04.261-0400] {processor.py:914} INFO - Processing file /home/huynguyen2741/airflow_venv/lib/python3.12/site-packages/airflow/example_dags/example_branch_operator_decorator.py for tasks to queue
[2025-08-06T14:24:04.262-0400] {logging_mixin.py:190} INFO - [2025-08-06T14:24:04.262-0400] {dagbag.py:588} INFO - Filling up the DagBag from /home/huynguyen2741/airflow_venv/lib/python3.12/site-packages/airflow/example_dags/example_branch_operator_decorator.py
[2025-08-06T14:24:04.308-0400] {processor.py:927} WARNING - No viable dags retrieved from /home/huynguyen2741/airflow_venv/lib/python3.12/site-packages/airflow/example_dags/example_branch_operator_decorator.py
[2025-08-06T14:24:04.318-0400] {processor.py:208} INFO - Processing /home/huynguyen2741/airflow_venv/lib/python3.12/site-packages/airflow/example_dags/example_branch_operator_decorator.py took 0.064 seconds
[2025-08-06T14:25:13.882-0400] {processor.py:186} INFO - Started process (PID=25520) to work on /home/huynguyen2741/airflow_venv/lib/python3.12/site-packages/airflow/example_dags/example_branch_operator_decorator.py
[2025-08-06T14:25:13.887-0400] {processor.py:914} INFO - Processing file /home/huynguyen2741/airflow_venv/lib/python3.12/site-packages/airflow/example_dags/example_branch_operator_decorator.py for tasks to queue
[2025-08-06T14:25:13.888-0400] {logging_mixin.py:190} INFO - [2025-08-06T14:25:13.888-0400] {dagbag.py:588} INFO - Filling up the DagBag from /home/huynguyen2741/airflow_venv/lib/python3.12/site-packages/airflow/example_dags/example_branch_operator_decorator.py
[2025-08-06T14:25:13.936-0400] {processor.py:927} WARNING - No viable dags retrieved from /home/huynguyen2741/airflow_venv/lib/python3.12/site-packages/airflow/example_dags/example_branch_operator_decorator.py
[2025-08-06T14:25:13.944-0400] {processor.py:208} INFO - Processing /home/huynguyen2741/airflow_venv/lib/python3.12/site-packages/airflow/example_dags/example_branch_operator_decorator.py took 0.067 seconds
[2025-08-06T14:26:45.665-0400] {processor.py:186} INFO - Started process (PID=25915) to work on /home/huynguyen2741/airflow_venv/lib/python3.12/site-packages/airflow/example_dags/example_branch_operator_decorator.py
[2025-08-06T14:26:45.669-0400] {processor.py:914} INFO - Processing file /home/huynguyen2741/airflow_venv/lib/python3.12/site-packages/airflow/example_dags/example_branch_operator_decorator.py for tasks to queue
[2025-08-06T14:26:45.670-0400] {logging_mixin.py:190} INFO - [2025-08-06T14:26:45.670-0400] {dagbag.py:588} INFO - Filling up the DagBag from /home/huynguyen2741/airflow_venv/lib/python3.12/site-packages/airflow/example_dags/example_branch_operator_decorator.py
[2025-08-06T14:26:45.719-0400] {processor.py:927} WARNING - No viable dags retrieved from /home/huynguyen2741/airflow_venv/lib/python3.12/site-packages/airflow/example_dags/example_branch_operator_decorator.py
[2025-08-06T14:26:45.730-0400] {processor.py:208} INFO - Processing /home/huynguyen2741/airflow_venv/lib/python3.12/site-packages/airflow/example_dags/example_branch_operator_decorator.py took 0.070 seconds
[2025-08-06T14:27:52.383-0400] {processor.py:186} INFO - Started process (PID=26190) to work on /home/huynguyen2741/airflow_venv/lib/python3.12/site-packages/airflow/example_dags/example_branch_operator_decorator.py
[2025-08-06T14:27:52.385-0400] {processor.py:914} INFO - Processing file /home/huynguyen2741/airflow_venv/lib/python3.12/site-packages/airflow/example_dags/example_branch_operator_decorator.py for tasks to queue
[2025-08-06T14:27:52.386-0400] {logging_mixin.py:190} INFO - [2025-08-06T14:27:52.385-0400] {dagbag.py:588} INFO - Filling up the DagBag from /home/huynguyen2741/airflow_venv/lib/python3.12/site-packages/airflow/example_dags/example_branch_operator_decorator.py
[2025-08-06T14:27:52.431-0400] {processor.py:927} WARNING - No viable dags retrieved from /home/huynguyen2741/airflow_venv/lib/python3.12/site-packages/airflow/example_dags/example_branch_operator_decorator.py
[2025-08-06T14:27:52.441-0400] {processor.py:208} INFO - Processing /home/huynguyen2741/airflow_venv/lib/python3.12/site-packages/airflow/example_dags/example_branch_operator_decorator.py took 0.063 seconds
[2025-08-06T14:29:00.279-0400] {processor.py:186} INFO - Started process (PID=26482) to work on /home/huynguyen2741/airflow_venv/lib/python3.12/site-packages/airflow/example_dags/example_branch_operator_decorator.py
[2025-08-06T14:29:00.280-0400] {processor.py:914} INFO - Processing file /home/huynguyen2741/airflow_venv/lib/python3.12/site-packages/airflow/example_dags/example_branch_operator_decorator.py for tasks to queue
[2025-08-06T14:29:00.282-0400] {logging_mixin.py:190} INFO - [2025-08-06T14:29:00.281-0400] {dagbag.py:588} INFO - Filling up the DagBag from /home/huynguyen2741/airflow_venv/lib/python3.12/site-packages/airflow/example_dags/example_branch_operator_decorator.py
[2025-08-06T14:29:00.331-0400] {processor.py:927} WARNING - No viable dags retrieved from /home/huynguyen2741/airflow_venv/lib/python3.12/site-packages/airflow/example_dags/example_branch_operator_decorator.py
[2025-08-06T14:29:00.340-0400] {processor.py:208} INFO - Processing /home/huynguyen2741/airflow_venv/lib/python3.12/site-packages/airflow/example_dags/example_branch_operator_decorator.py took 0.067 seconds
[2025-08-06T14:30:05.887-0400] {processor.py:186} INFO - Started process (PID=26755) to work on /home/huynguyen2741/airflow_venv/lib/python3.12/site-packages/airflow/example_dags/example_branch_operator_decorator.py
[2025-08-06T14:30:05.896-0400] {processor.py:914} INFO - Processing file /home/huynguyen2741/airflow_venv/lib/python3.12/site-packages/airflow/example_dags/example_branch_operator_decorator.py for tasks to queue
[2025-08-06T14:30:05.898-0400] {logging_mixin.py:190} INFO - [2025-08-06T14:30:05.897-0400] {dagbag.py:588} INFO - Filling up the DagBag from /home/huynguyen2741/airflow_venv/lib/python3.12/site-packages/airflow/example_dags/example_branch_operator_decorator.py
[2025-08-06T14:30:05.945-0400] {processor.py:927} WARNING - No viable dags retrieved from /home/huynguyen2741/airflow_venv/lib/python3.12/site-packages/airflow/example_dags/example_branch_operator_decorator.py
[2025-08-06T14:30:05.953-0400] {processor.py:208} INFO - Processing /home/huynguyen2741/airflow_venv/lib/python3.12/site-packages/airflow/example_dags/example_branch_operator_decorator.py took 0.072 seconds
[2025-08-06T14:31:24.865-0400] {processor.py:186} INFO - Started process (PID=27190) to work on /home/huynguyen2741/airflow_venv/lib/python3.12/site-packages/airflow/example_dags/example_branch_operator_decorator.py
[2025-08-06T14:31:24.866-0400] {processor.py:914} INFO - Processing file /home/huynguyen2741/airflow_venv/lib/python3.12/site-packages/airflow/example_dags/example_branch_operator_decorator.py for tasks to queue
[2025-08-06T14:31:24.867-0400] {logging_mixin.py:190} INFO - [2025-08-06T14:31:24.867-0400] {dagbag.py:588} INFO - Filling up the DagBag from /home/huynguyen2741/airflow_venv/lib/python3.12/site-packages/airflow/example_dags/example_branch_operator_decorator.py
[2025-08-06T14:31:24.916-0400] {processor.py:927} WARNING - No viable dags retrieved from /home/huynguyen2741/airflow_venv/lib/python3.12/site-packages/airflow/example_dags/example_branch_operator_decorator.py
[2025-08-06T14:31:24.924-0400] {processor.py:208} INFO - Processing /home/huynguyen2741/airflow_venv/lib/python3.12/site-packages/airflow/example_dags/example_branch_operator_decorator.py took 0.065 seconds
[2025-08-06T14:32:34.304-0400] {processor.py:186} INFO - Started process (PID=27442) to work on /home/huynguyen2741/airflow_venv/lib/python3.12/site-packages/airflow/example_dags/example_branch_operator_decorator.py
[2025-08-06T14:32:34.308-0400] {processor.py:914} INFO - Processing file /home/huynguyen2741/airflow_venv/lib/python3.12/site-packages/airflow/example_dags/example_branch_operator_decorator.py for tasks to queue
[2025-08-06T14:32:34.309-0400] {logging_mixin.py:190} INFO - [2025-08-06T14:32:34.308-0400] {dagbag.py:588} INFO - Filling up the DagBag from /home/huynguyen2741/airflow_venv/lib/python3.12/site-packages/airflow/example_dags/example_branch_operator_decorator.py
[2025-08-06T14:32:34.356-0400] {processor.py:927} WARNING - No viable dags retrieved from /home/huynguyen2741/airflow_venv/lib/python3.12/site-packages/airflow/example_dags/example_branch_operator_decorator.py
[2025-08-06T14:32:34.366-0400] {processor.py:208} INFO - Processing /home/huynguyen2741/airflow_venv/lib/python3.12/site-packages/airflow/example_dags/example_branch_operator_decorator.py took 0.067 seconds
[2025-08-06T14:33:43.781-0400] {processor.py:186} INFO - Started process (PID=27766) to work on /home/huynguyen2741/airflow_venv/lib/python3.12/site-packages/airflow/example_dags/example_branch_operator_decorator.py
[2025-08-06T14:33:43.791-0400] {processor.py:914} INFO - Processing file /home/huynguyen2741/airflow_venv/lib/python3.12/site-packages/airflow/example_dags/example_branch_operator_decorator.py for tasks to queue
[2025-08-06T14:33:43.792-0400] {logging_mixin.py:190} INFO - [2025-08-06T14:33:43.792-0400] {dagbag.py:588} INFO - Filling up the DagBag from /home/huynguyen2741/airflow_venv/lib/python3.12/site-packages/airflow/example_dags/example_branch_operator_decorator.py
[2025-08-06T14:33:43.841-0400] {processor.py:927} WARNING - No viable dags retrieved from /home/huynguyen2741/airflow_venv/lib/python3.12/site-packages/airflow/example_dags/example_branch_operator_decorator.py
[2025-08-06T14:33:43.849-0400] {processor.py:208} INFO - Processing /home/huynguyen2741/airflow_venv/lib/python3.12/site-packages/airflow/example_dags/example_branch_operator_decorator.py took 0.073 seconds
[2025-08-06T14:35:37.133-0400] {processor.py:186} INFO - Started process (PID=28389) to work on /home/huynguyen2741/airflow_venv/lib/python3.12/site-packages/airflow/example_dags/example_branch_operator_decorator.py
[2025-08-06T14:35:37.137-0400] {processor.py:914} INFO - Processing file /home/huynguyen2741/airflow_venv/lib/python3.12/site-packages/airflow/example_dags/example_branch_operator_decorator.py for tasks to queue
[2025-08-06T14:35:37.138-0400] {logging_mixin.py:190} INFO - [2025-08-06T14:35:37.138-0400] {dagbag.py:588} INFO - Filling up the DagBag from /home/huynguyen2741/airflow_venv/lib/python3.12/site-packages/airflow/example_dags/example_branch_operator_decorator.py
[2025-08-06T14:35:37.189-0400] {processor.py:927} WARNING - No viable dags retrieved from /home/huynguyen2741/airflow_venv/lib/python3.12/site-packages/airflow/example_dags/example_branch_operator_decorator.py
[2025-08-06T14:35:37.198-0400] {processor.py:208} INFO - Processing /home/huynguyen2741/airflow_venv/lib/python3.12/site-packages/airflow/example_dags/example_branch_operator_decorator.py took 0.070 seconds
[2025-08-06T14:36:42.685-0400] {processor.py:186} INFO - Started process (PID=28650) to work on /home/huynguyen2741/airflow_venv/lib/python3.12/site-packages/airflow/example_dags/example_branch_operator_decorator.py
[2025-08-06T14:36:42.689-0400] {processor.py:914} INFO - Processing file /home/huynguyen2741/airflow_venv/lib/python3.12/site-packages/airflow/example_dags/example_branch_operator_decorator.py for tasks to queue
[2025-08-06T14:36:42.691-0400] {logging_mixin.py:190} INFO - [2025-08-06T14:36:42.690-0400] {dagbag.py:588} INFO - Filling up the DagBag from /home/huynguyen2741/airflow_venv/lib/python3.12/site-packages/airflow/example_dags/example_branch_operator_decorator.py
[2025-08-06T14:36:42.737-0400] {processor.py:927} WARNING - No viable dags retrieved from /home/huynguyen2741/airflow_venv/lib/python3.12/site-packages/airflow/example_dags/example_branch_operator_decorator.py
[2025-08-06T14:36:42.747-0400] {processor.py:208} INFO - Processing /home/huynguyen2741/airflow_venv/lib/python3.12/site-packages/airflow/example_dags/example_branch_operator_decorator.py took 0.067 seconds
[2025-08-06T14:37:49.054-0400] {processor.py:186} INFO - Started process (PID=28901) to work on /home/huynguyen2741/airflow_venv/lib/python3.12/site-packages/airflow/example_dags/example_branch_operator_decorator.py
[2025-08-06T14:37:49.058-0400] {processor.py:914} INFO - Processing file /home/huynguyen2741/airflow_venv/lib/python3.12/site-packages/airflow/example_dags/example_branch_operator_decorator.py for tasks to queue
[2025-08-06T14:37:49.059-0400] {logging_mixin.py:190} INFO - [2025-08-06T14:37:49.059-0400] {dagbag.py:588} INFO - Filling up the DagBag from /home/huynguyen2741/airflow_venv/lib/python3.12/site-packages/airflow/example_dags/example_branch_operator_decorator.py
[2025-08-06T14:37:49.108-0400] {processor.py:927} WARNING - No viable dags retrieved from /home/huynguyen2741/airflow_venv/lib/python3.12/site-packages/airflow/example_dags/example_branch_operator_decorator.py
[2025-08-06T14:37:49.118-0400] {processor.py:208} INFO - Processing /home/huynguyen2741/airflow_venv/lib/python3.12/site-packages/airflow/example_dags/example_branch_operator_decorator.py took 0.069 seconds
[2025-08-06T14:38:56.811-0400] {processor.py:186} INFO - Started process (PID=29200) to work on /home/huynguyen2741/airflow_venv/lib/python3.12/site-packages/airflow/example_dags/example_branch_operator_decorator.py
[2025-08-06T14:38:56.816-0400] {processor.py:914} INFO - Processing file /home/huynguyen2741/airflow_venv/lib/python3.12/site-packages/airflow/example_dags/example_branch_operator_decorator.py for tasks to queue
[2025-08-06T14:38:56.817-0400] {logging_mixin.py:190} INFO - [2025-08-06T14:38:56.816-0400] {dagbag.py:588} INFO - Filling up the DagBag from /home/huynguyen2741/airflow_venv/lib/python3.12/site-packages/airflow/example_dags/example_branch_operator_decorator.py
[2025-08-06T14:38:56.865-0400] {processor.py:927} WARNING - No viable dags retrieved from /home/huynguyen2741/airflow_venv/lib/python3.12/site-packages/airflow/example_dags/example_branch_operator_decorator.py
[2025-08-06T14:38:56.873-0400] {processor.py:208} INFO - Processing /home/huynguyen2741/airflow_venv/lib/python3.12/site-packages/airflow/example_dags/example_branch_operator_decorator.py took 0.067 seconds
[2025-08-06T14:40:00.189-0400] {processor.py:186} INFO - Started process (PID=29437) to work on /home/huynguyen2741/airflow_venv/lib/python3.12/site-packages/airflow/example_dags/example_branch_operator_decorator.py
[2025-08-06T14:40:00.193-0400] {processor.py:914} INFO - Processing file /home/huynguyen2741/airflow_venv/lib/python3.12/site-packages/airflow/example_dags/example_branch_operator_decorator.py for tasks to queue
[2025-08-06T14:40:00.194-0400] {logging_mixin.py:190} INFO - [2025-08-06T14:40:00.194-0400] {dagbag.py:588} INFO - Filling up the DagBag from /home/huynguyen2741/airflow_venv/lib/python3.12/site-packages/airflow/example_dags/example_branch_operator_decorator.py
[2025-08-06T14:40:00.243-0400] {processor.py:927} WARNING - No viable dags retrieved from /home/huynguyen2741/airflow_venv/lib/python3.12/site-packages/airflow/example_dags/example_branch_operator_decorator.py
[2025-08-06T14:40:00.251-0400] {processor.py:208} INFO - Processing /home/huynguyen2741/airflow_venv/lib/python3.12/site-packages/airflow/example_dags/example_branch_operator_decorator.py took 0.068 seconds
[2025-08-06T14:41:06.669-0400] {processor.py:186} INFO - Started process (PID=29681) to work on /home/huynguyen2741/airflow_venv/lib/python3.12/site-packages/airflow/example_dags/example_branch_operator_decorator.py
[2025-08-06T14:41:06.674-0400] {processor.py:914} INFO - Processing file /home/huynguyen2741/airflow_venv/lib/python3.12/site-packages/airflow/example_dags/example_branch_operator_decorator.py for tasks to queue
[2025-08-06T14:41:06.675-0400] {logging_mixin.py:190} INFO - [2025-08-06T14:41:06.675-0400] {dagbag.py:588} INFO - Filling up the DagBag from /home/huynguyen2741/airflow_venv/lib/python3.12/site-packages/airflow/example_dags/example_branch_operator_decorator.py
[2025-08-06T14:41:06.725-0400] {processor.py:927} WARNING - No viable dags retrieved from /home/huynguyen2741/airflow_venv/lib/python3.12/site-packages/airflow/example_dags/example_branch_operator_decorator.py
[2025-08-06T14:41:06.733-0400] {processor.py:208} INFO - Processing /home/huynguyen2741/airflow_venv/lib/python3.12/site-packages/airflow/example_dags/example_branch_operator_decorator.py took 0.069 seconds
[2025-08-06T14:42:11.501-0400] {processor.py:186} INFO - Started process (PID=29951) to work on /home/huynguyen2741/airflow_venv/lib/python3.12/site-packages/airflow/example_dags/example_branch_operator_decorator.py
[2025-08-06T14:42:11.505-0400] {processor.py:914} INFO - Processing file /home/huynguyen2741/airflow_venv/lib/python3.12/site-packages/airflow/example_dags/example_branch_operator_decorator.py for tasks to queue
[2025-08-06T14:42:11.506-0400] {logging_mixin.py:190} INFO - [2025-08-06T14:42:11.506-0400] {dagbag.py:588} INFO - Filling up the DagBag from /home/huynguyen2741/airflow_venv/lib/python3.12/site-packages/airflow/example_dags/example_branch_operator_decorator.py
[2025-08-06T14:42:11.553-0400] {processor.py:927} WARNING - No viable dags retrieved from /home/huynguyen2741/airflow_venv/lib/python3.12/site-packages/airflow/example_dags/example_branch_operator_decorator.py
[2025-08-06T14:42:11.563-0400] {processor.py:208} INFO - Processing /home/huynguyen2741/airflow_venv/lib/python3.12/site-packages/airflow/example_dags/example_branch_operator_decorator.py took 0.066 seconds
[2025-08-06T14:43:14.288-0400] {processor.py:186} INFO - Started process (PID=30185) to work on /home/huynguyen2741/airflow_venv/lib/python3.12/site-packages/airflow/example_dags/example_branch_operator_decorator.py
[2025-08-06T14:43:14.297-0400] {processor.py:914} INFO - Processing file /home/huynguyen2741/airflow_venv/lib/python3.12/site-packages/airflow/example_dags/example_branch_operator_decorator.py for tasks to queue
[2025-08-06T14:43:14.299-0400] {logging_mixin.py:190} INFO - [2025-08-06T14:43:14.298-0400] {dagbag.py:588} INFO - Filling up the DagBag from /home/huynguyen2741/airflow_venv/lib/python3.12/site-packages/airflow/example_dags/example_branch_operator_decorator.py
[2025-08-06T14:43:14.345-0400] {processor.py:927} WARNING - No viable dags retrieved from /home/huynguyen2741/airflow_venv/lib/python3.12/site-packages/airflow/example_dags/example_branch_operator_decorator.py
[2025-08-06T14:43:14.353-0400] {processor.py:208} INFO - Processing /home/huynguyen2741/airflow_venv/lib/python3.12/site-packages/airflow/example_dags/example_branch_operator_decorator.py took 0.070 seconds
[2025-08-06T14:44:20.811-0400] {processor.py:186} INFO - Started process (PID=30455) to work on /home/huynguyen2741/airflow_venv/lib/python3.12/site-packages/airflow/example_dags/example_branch_operator_decorator.py
[2025-08-06T14:44:20.812-0400] {processor.py:914} INFO - Processing file /home/huynguyen2741/airflow_venv/lib/python3.12/site-packages/airflow/example_dags/example_branch_operator_decorator.py for tasks to queue
[2025-08-06T14:44:20.813-0400] {logging_mixin.py:190} INFO - [2025-08-06T14:44:20.813-0400] {dagbag.py:588} INFO - Filling up the DagBag from /home/huynguyen2741/airflow_venv/lib/python3.12/site-packages/airflow/example_dags/example_branch_operator_decorator.py
[2025-08-06T14:44:20.876-0400] {processor.py:927} WARNING - No viable dags retrieved from /home/huynguyen2741/airflow_venv/lib/python3.12/site-packages/airflow/example_dags/example_branch_operator_decorator.py
[2025-08-06T14:44:20.890-0400] {processor.py:208} INFO - Processing /home/huynguyen2741/airflow_venv/lib/python3.12/site-packages/airflow/example_dags/example_branch_operator_decorator.py took 0.087 seconds
[2025-08-06T14:45:44.056-0400] {processor.py:186} INFO - Started process (PID=30817) to work on /home/huynguyen2741/airflow_venv/lib/python3.12/site-packages/airflow/example_dags/example_branch_operator_decorator.py
[2025-08-06T14:45:44.061-0400] {processor.py:914} INFO - Processing file /home/huynguyen2741/airflow_venv/lib/python3.12/site-packages/airflow/example_dags/example_branch_operator_decorator.py for tasks to queue
[2025-08-06T14:45:44.062-0400] {logging_mixin.py:190} INFO - [2025-08-06T14:45:44.062-0400] {dagbag.py:588} INFO - Filling up the DagBag from /home/huynguyen2741/airflow_venv/lib/python3.12/site-packages/airflow/example_dags/example_branch_operator_decorator.py
[2025-08-06T14:45:44.112-0400] {processor.py:927} WARNING - No viable dags retrieved from /home/huynguyen2741/airflow_venv/lib/python3.12/site-packages/airflow/example_dags/example_branch_operator_decorator.py
[2025-08-06T14:45:44.121-0400] {processor.py:208} INFO - Processing /home/huynguyen2741/airflow_venv/lib/python3.12/site-packages/airflow/example_dags/example_branch_operator_decorator.py took 0.070 seconds
[2025-08-06T14:46:48.097-0400] {processor.py:186} INFO - Started process (PID=31102) to work on /home/huynguyen2741/airflow_venv/lib/python3.12/site-packages/airflow/example_dags/example_branch_operator_decorator.py
[2025-08-06T14:46:48.098-0400] {processor.py:914} INFO - Processing file /home/huynguyen2741/airflow_venv/lib/python3.12/site-packages/airflow/example_dags/example_branch_operator_decorator.py for tasks to queue
[2025-08-06T14:46:48.099-0400] {logging_mixin.py:190} INFO - [2025-08-06T14:46:48.099-0400] {dagbag.py:588} INFO - Filling up the DagBag from /home/huynguyen2741/airflow_venv/lib/python3.12/site-packages/airflow/example_dags/example_branch_operator_decorator.py
[2025-08-06T14:46:48.147-0400] {processor.py:927} WARNING - No viable dags retrieved from /home/huynguyen2741/airflow_venv/lib/python3.12/site-packages/airflow/example_dags/example_branch_operator_decorator.py
[2025-08-06T14:46:48.155-0400] {processor.py:208} INFO - Processing /home/huynguyen2741/airflow_venv/lib/python3.12/site-packages/airflow/example_dags/example_branch_operator_decorator.py took 0.064 seconds
[2025-08-06T14:48:09.097-0400] {processor.py:186} INFO - Started process (PID=31599) to work on /home/huynguyen2741/airflow_venv/lib/python3.12/site-packages/airflow/example_dags/example_branch_operator_decorator.py
[2025-08-06T14:48:09.107-0400] {processor.py:914} INFO - Processing file /home/huynguyen2741/airflow_venv/lib/python3.12/site-packages/airflow/example_dags/example_branch_operator_decorator.py for tasks to queue
[2025-08-06T14:48:09.108-0400] {logging_mixin.py:190} INFO - [2025-08-06T14:48:09.108-0400] {dagbag.py:588} INFO - Filling up the DagBag from /home/huynguyen2741/airflow_venv/lib/python3.12/site-packages/airflow/example_dags/example_branch_operator_decorator.py
[2025-08-06T14:48:09.161-0400] {processor.py:927} WARNING - No viable dags retrieved from /home/huynguyen2741/airflow_venv/lib/python3.12/site-packages/airflow/example_dags/example_branch_operator_decorator.py
[2025-08-06T14:48:09.169-0400] {processor.py:208} INFO - Processing /home/huynguyen2741/airflow_venv/lib/python3.12/site-packages/airflow/example_dags/example_branch_operator_decorator.py took 0.078 seconds
[2025-08-06T14:49:23.111-0400] {processor.py:186} INFO - Started process (PID=31878) to work on /home/huynguyen2741/airflow_venv/lib/python3.12/site-packages/airflow/example_dags/example_branch_operator_decorator.py
[2025-08-06T14:49:23.113-0400] {processor.py:914} INFO - Processing file /home/huynguyen2741/airflow_venv/lib/python3.12/site-packages/airflow/example_dags/example_branch_operator_decorator.py for tasks to queue
[2025-08-06T14:49:23.114-0400] {logging_mixin.py:190} INFO - [2025-08-06T14:49:23.113-0400] {dagbag.py:588} INFO - Filling up the DagBag from /home/huynguyen2741/airflow_venv/lib/python3.12/site-packages/airflow/example_dags/example_branch_operator_decorator.py
[2025-08-06T14:49:23.162-0400] {processor.py:927} WARNING - No viable dags retrieved from /home/huynguyen2741/airflow_venv/lib/python3.12/site-packages/airflow/example_dags/example_branch_operator_decorator.py
[2025-08-06T14:49:23.170-0400] {processor.py:208} INFO - Processing /home/huynguyen2741/airflow_venv/lib/python3.12/site-packages/airflow/example_dags/example_branch_operator_decorator.py took 0.064 seconds
[2025-08-06T14:50:26.181-0400] {processor.py:186} INFO - Started process (PID=32104) to work on /home/huynguyen2741/airflow_venv/lib/python3.12/site-packages/airflow/example_dags/example_branch_operator_decorator.py
[2025-08-06T14:50:26.186-0400] {processor.py:914} INFO - Processing file /home/huynguyen2741/airflow_venv/lib/python3.12/site-packages/airflow/example_dags/example_branch_operator_decorator.py for tasks to queue
[2025-08-06T14:50:26.187-0400] {logging_mixin.py:190} INFO - [2025-08-06T14:50:26.187-0400] {dagbag.py:588} INFO - Filling up the DagBag from /home/huynguyen2741/airflow_venv/lib/python3.12/site-packages/airflow/example_dags/example_branch_operator_decorator.py
[2025-08-06T14:50:26.236-0400] {processor.py:927} WARNING - No viable dags retrieved from /home/huynguyen2741/airflow_venv/lib/python3.12/site-packages/airflow/example_dags/example_branch_operator_decorator.py
[2025-08-06T14:50:26.243-0400] {processor.py:208} INFO - Processing /home/huynguyen2741/airflow_venv/lib/python3.12/site-packages/airflow/example_dags/example_branch_operator_decorator.py took 0.067 seconds
[2025-08-06T14:51:29.376-0400] {processor.py:186} INFO - Started process (PID=32326) to work on /home/huynguyen2741/airflow_venv/lib/python3.12/site-packages/airflow/example_dags/example_branch_operator_decorator.py
[2025-08-06T14:51:29.377-0400] {processor.py:914} INFO - Processing file /home/huynguyen2741/airflow_venv/lib/python3.12/site-packages/airflow/example_dags/example_branch_operator_decorator.py for tasks to queue
[2025-08-06T14:51:29.378-0400] {logging_mixin.py:190} INFO - [2025-08-06T14:51:29.378-0400] {dagbag.py:588} INFO - Filling up the DagBag from /home/huynguyen2741/airflow_venv/lib/python3.12/site-packages/airflow/example_dags/example_branch_operator_decorator.py
[2025-08-06T14:51:29.425-0400] {processor.py:927} WARNING - No viable dags retrieved from /home/huynguyen2741/airflow_venv/lib/python3.12/site-packages/airflow/example_dags/example_branch_operator_decorator.py
[2025-08-06T14:51:29.432-0400] {processor.py:208} INFO - Processing /home/huynguyen2741/airflow_venv/lib/python3.12/site-packages/airflow/example_dags/example_branch_operator_decorator.py took 0.062 seconds
[2025-08-06T14:52:31.626-0400] {processor.py:186} INFO - Started process (PID=32587) to work on /home/huynguyen2741/airflow_venv/lib/python3.12/site-packages/airflow/example_dags/example_branch_operator_decorator.py
[2025-08-06T14:52:31.631-0400] {processor.py:914} INFO - Processing file /home/huynguyen2741/airflow_venv/lib/python3.12/site-packages/airflow/example_dags/example_branch_operator_decorator.py for tasks to queue
[2025-08-06T14:52:31.632-0400] {logging_mixin.py:190} INFO - [2025-08-06T14:52:31.632-0400] {dagbag.py:588} INFO - Filling up the DagBag from /home/huynguyen2741/airflow_venv/lib/python3.12/site-packages/airflow/example_dags/example_branch_operator_decorator.py
[2025-08-06T14:52:31.680-0400] {processor.py:927} WARNING - No viable dags retrieved from /home/huynguyen2741/airflow_venv/lib/python3.12/site-packages/airflow/example_dags/example_branch_operator_decorator.py
[2025-08-06T14:52:31.688-0400] {processor.py:208} INFO - Processing /home/huynguyen2741/airflow_venv/lib/python3.12/site-packages/airflow/example_dags/example_branch_operator_decorator.py took 0.067 seconds
[2025-08-06T14:53:32.575-0400] {processor.py:186} INFO - Started process (PID=32965) to work on /home/huynguyen2741/airflow_venv/lib/python3.12/site-packages/airflow/example_dags/example_branch_operator_decorator.py
[2025-08-06T14:53:32.585-0400] {processor.py:914} INFO - Processing file /home/huynguyen2741/airflow_venv/lib/python3.12/site-packages/airflow/example_dags/example_branch_operator_decorator.py for tasks to queue
[2025-08-06T14:53:32.586-0400] {logging_mixin.py:190} INFO - [2025-08-06T14:53:32.586-0400] {dagbag.py:588} INFO - Filling up the DagBag from /home/huynguyen2741/airflow_venv/lib/python3.12/site-packages/airflow/example_dags/example_branch_operator_decorator.py
[2025-08-06T14:53:32.634-0400] {processor.py:927} WARNING - No viable dags retrieved from /home/huynguyen2741/airflow_venv/lib/python3.12/site-packages/airflow/example_dags/example_branch_operator_decorator.py
[2025-08-06T14:53:32.642-0400] {processor.py:208} INFO - Processing /home/huynguyen2741/airflow_venv/lib/python3.12/site-packages/airflow/example_dags/example_branch_operator_decorator.py took 0.072 seconds
[2025-08-06T14:54:30.835-0400] {processor.py:186} INFO - Started process (PID=33330) to work on /home/huynguyen2741/airflow_venv/lib/python3.12/site-packages/airflow/example_dags/example_branch_operator_decorator.py
[2025-08-06T14:54:30.841-0400] {processor.py:914} INFO - Processing file /home/huynguyen2741/airflow_venv/lib/python3.12/site-packages/airflow/example_dags/example_branch_operator_decorator.py for tasks to queue
[2025-08-06T14:54:30.842-0400] {logging_mixin.py:190} INFO - [2025-08-06T14:54:30.842-0400] {dagbag.py:588} INFO - Filling up the DagBag from /home/huynguyen2741/airflow_venv/lib/python3.12/site-packages/airflow/example_dags/example_branch_operator_decorator.py
[2025-08-06T14:54:30.893-0400] {processor.py:927} WARNING - No viable dags retrieved from /home/huynguyen2741/airflow_venv/lib/python3.12/site-packages/airflow/example_dags/example_branch_operator_decorator.py
[2025-08-06T14:54:30.904-0400] {processor.py:208} INFO - Processing /home/huynguyen2741/airflow_venv/lib/python3.12/site-packages/airflow/example_dags/example_branch_operator_decorator.py took 0.077 seconds
[2025-08-06T14:56:03.380-0400] {processor.py:186} INFO - Started process (PID=33775) to work on /home/huynguyen2741/airflow_venv/lib/python3.12/site-packages/airflow/example_dags/example_branch_operator_decorator.py
[2025-08-06T14:56:03.385-0400] {processor.py:914} INFO - Processing file /home/huynguyen2741/airflow_venv/lib/python3.12/site-packages/airflow/example_dags/example_branch_operator_decorator.py for tasks to queue
[2025-08-06T14:56:03.386-0400] {logging_mixin.py:190} INFO - [2025-08-06T14:56:03.385-0400] {dagbag.py:588} INFO - Filling up the DagBag from /home/huynguyen2741/airflow_venv/lib/python3.12/site-packages/airflow/example_dags/example_branch_operator_decorator.py
[2025-08-06T14:56:03.432-0400] {processor.py:927} WARNING - No viable dags retrieved from /home/huynguyen2741/airflow_venv/lib/python3.12/site-packages/airflow/example_dags/example_branch_operator_decorator.py
[2025-08-06T14:56:03.442-0400] {processor.py:208} INFO - Processing /home/huynguyen2741/airflow_venv/lib/python3.12/site-packages/airflow/example_dags/example_branch_operator_decorator.py took 0.068 seconds
[2025-08-06T14:57:07.177-0400] {processor.py:186} INFO - Started process (PID=34072) to work on /home/huynguyen2741/airflow_venv/lib/python3.12/site-packages/airflow/example_dags/example_branch_operator_decorator.py
[2025-08-06T14:57:07.181-0400] {processor.py:914} INFO - Processing file /home/huynguyen2741/airflow_venv/lib/python3.12/site-packages/airflow/example_dags/example_branch_operator_decorator.py for tasks to queue
[2025-08-06T14:57:07.182-0400] {logging_mixin.py:190} INFO - [2025-08-06T14:57:07.182-0400] {dagbag.py:588} INFO - Filling up the DagBag from /home/huynguyen2741/airflow_venv/lib/python3.12/site-packages/airflow/example_dags/example_branch_operator_decorator.py
[2025-08-06T14:57:07.232-0400] {processor.py:927} WARNING - No viable dags retrieved from /home/huynguyen2741/airflow_venv/lib/python3.12/site-packages/airflow/example_dags/example_branch_operator_decorator.py
[2025-08-06T14:57:07.242-0400] {processor.py:208} INFO - Processing /home/huynguyen2741/airflow_venv/lib/python3.12/site-packages/airflow/example_dags/example_branch_operator_decorator.py took 0.071 seconds
[2025-08-06T14:58:36.975-0400] {processor.py:186} INFO - Started process (PID=34467) to work on /home/huynguyen2741/airflow_venv/lib/python3.12/site-packages/airflow/example_dags/example_branch_operator_decorator.py
[2025-08-06T14:58:36.976-0400] {processor.py:914} INFO - Processing file /home/huynguyen2741/airflow_venv/lib/python3.12/site-packages/airflow/example_dags/example_branch_operator_decorator.py for tasks to queue
[2025-08-06T14:58:36.978-0400] {logging_mixin.py:190} INFO - [2025-08-06T14:58:36.977-0400] {dagbag.py:588} INFO - Filling up the DagBag from /home/huynguyen2741/airflow_venv/lib/python3.12/site-packages/airflow/example_dags/example_branch_operator_decorator.py
[2025-08-06T14:58:37.028-0400] {processor.py:927} WARNING - No viable dags retrieved from /home/huynguyen2741/airflow_venv/lib/python3.12/site-packages/airflow/example_dags/example_branch_operator_decorator.py
[2025-08-06T14:58:37.038-0400] {processor.py:208} INFO - Processing /home/huynguyen2741/airflow_venv/lib/python3.12/site-packages/airflow/example_dags/example_branch_operator_decorator.py took 0.073 seconds
[2025-08-06T14:59:41.775-0400] {processor.py:186} INFO - Started process (PID=34708) to work on /home/huynguyen2741/airflow_venv/lib/python3.12/site-packages/airflow/example_dags/example_branch_operator_decorator.py
[2025-08-06T14:59:41.777-0400] {processor.py:914} INFO - Processing file /home/huynguyen2741/airflow_venv/lib/python3.12/site-packages/airflow/example_dags/example_branch_operator_decorator.py for tasks to queue
[2025-08-06T14:59:41.778-0400] {logging_mixin.py:190} INFO - [2025-08-06T14:59:41.778-0400] {dagbag.py:588} INFO - Filling up the DagBag from /home/huynguyen2741/airflow_venv/lib/python3.12/site-packages/airflow/example_dags/example_branch_operator_decorator.py
[2025-08-06T14:59:41.825-0400] {processor.py:927} WARNING - No viable dags retrieved from /home/huynguyen2741/airflow_venv/lib/python3.12/site-packages/airflow/example_dags/example_branch_operator_decorator.py
[2025-08-06T14:59:41.835-0400] {processor.py:208} INFO - Processing /home/huynguyen2741/airflow_venv/lib/python3.12/site-packages/airflow/example_dags/example_branch_operator_decorator.py took 0.064 seconds
