[2025-08-06T13:57:28.698-0400] {processor.py:186} INFO - Started process (PID=17759) to work on /home/huynguyen2741/airflow_venv/lib/python3.12/site-packages/airflow/example_dags/example_time_delta_sensor_async.py
[2025-08-06T13:57:28.699-0400] {processor.py:914} INFO - Processing file /home/huynguyen2741/airflow_venv/lib/python3.12/site-packages/airflow/example_dags/example_time_delta_sensor_async.py for tasks to queue
[2025-08-06T13:57:28.700-0400] {logging_mixin.py:190} INFO - [2025-08-06T13:57:28.700-0400] {dagbag.py:588} INFO - Filling up the DagBag from /home/huynguyen2741/airflow_venv/lib/python3.12/site-packages/airflow/example_dags/example_time_delta_sensor_async.py
[2025-08-06T13:57:28.706-0400] {processor.py:925} INFO - DAG(s) 'example_time_delta_sensor_async' retrieved from /home/huynguyen2741/airflow_venv/lib/python3.12/site-packages/airflow/example_dags/example_time_delta_sensor_async.py
[2025-08-06T13:57:28.793-0400] {logging_mixin.py:190} INFO - [2025-08-06T13:57:28.792-0400] {override.py:1930} INFO - Created Permission View: can edit on DAG:example_time_delta_sensor_async
[2025-08-06T13:57:28.804-0400] {logging_mixin.py:190} INFO - [2025-08-06T13:57:28.803-0400] {override.py:1930} INFO - Created Permission View: can read on DAG:example_time_delta_sensor_async
[2025-08-06T13:57:28.812-0400] {logging_mixin.py:190} INFO - [2025-08-06T13:57:28.812-0400] {override.py:1930} INFO - Created Permission View: can delete on DAG:example_time_delta_sensor_async
[2025-08-06T13:57:28.828-0400] {logging_mixin.py:190} INFO - [2025-08-06T13:57:28.827-0400] {override.py:1930} INFO - Created Permission View: menu access on DAG Run:example_time_delta_sensor_async
[2025-08-06T13:57:28.837-0400] {logging_mixin.py:190} INFO - [2025-08-06T13:57:28.837-0400] {override.py:1930} INFO - Created Permission View: can read on DAG Run:example_time_delta_sensor_async
[2025-08-06T13:57:28.847-0400] {logging_mixin.py:190} INFO - [2025-08-06T13:57:28.847-0400] {override.py:1930} INFO - Created Permission View: can create on DAG Run:example_time_delta_sensor_async
[2025-08-06T13:57:28.858-0400] {logging_mixin.py:190} INFO - [2025-08-06T13:57:28.857-0400] {override.py:1930} INFO - Created Permission View: can delete on DAG Run:example_time_delta_sensor_async
[2025-08-06T13:57:28.858-0400] {logging_mixin.py:190} INFO - [2025-08-06T13:57:28.858-0400] {dag.py:3239} INFO - Sync 1 DAGs
[2025-08-06T13:57:28.866-0400] {logging_mixin.py:190} INFO - [2025-08-06T13:57:28.866-0400] {dag.py:3262} INFO - Creating ORM DAG for example_time_delta_sensor_async
[2025-08-06T13:57:28.867-0400] {logging_mixin.py:190} INFO - [2025-08-06T13:57:28.866-0400] {dag.py:4180} INFO - Setting next_dagrun for example_time_delta_sensor_async to None, run_after=None
[2025-08-06T13:57:28.883-0400] {processor.py:208} INFO - Processing /home/huynguyen2741/airflow_venv/lib/python3.12/site-packages/airflow/example_dags/example_time_delta_sensor_async.py took 0.190 seconds
[2025-08-06T13:58:38.087-0400] {processor.py:186} INFO - Started process (PID=18014) to work on /home/huynguyen2741/airflow_venv/lib/python3.12/site-packages/airflow/example_dags/example_time_delta_sensor_async.py
[2025-08-06T13:58:38.096-0400] {processor.py:914} INFO - Processing file /home/huynguyen2741/airflow_venv/lib/python3.12/site-packages/airflow/example_dags/example_time_delta_sensor_async.py for tasks to queue
[2025-08-06T13:58:38.098-0400] {logging_mixin.py:190} INFO - [2025-08-06T13:58:38.097-0400] {dagbag.py:588} INFO - Filling up the DagBag from /home/huynguyen2741/airflow_venv/lib/python3.12/site-packages/airflow/example_dags/example_time_delta_sensor_async.py
[2025-08-06T13:58:38.104-0400] {processor.py:925} INFO - DAG(s) 'example_time_delta_sensor_async' retrieved from /home/huynguyen2741/airflow_venv/lib/python3.12/site-packages/airflow/example_dags/example_time_delta_sensor_async.py
[2025-08-06T13:58:38.118-0400] {logging_mixin.py:190} INFO - [2025-08-06T13:58:38.118-0400] {dag.py:3239} INFO - Sync 1 DAGs
[2025-08-06T13:58:38.127-0400] {logging_mixin.py:190} INFO - [2025-08-06T13:58:38.127-0400] {dag.py:4180} INFO - Setting next_dagrun for example_time_delta_sensor_async to None, run_after=None
[2025-08-06T13:58:38.144-0400] {processor.py:208} INFO - Processing /home/huynguyen2741/airflow_venv/lib/python3.12/site-packages/airflow/example_dags/example_time_delta_sensor_async.py took 0.061 seconds
[2025-08-06T13:59:39.094-0400] {processor.py:186} INFO - Started process (PID=18231) to work on /home/huynguyen2741/airflow_venv/lib/python3.12/site-packages/airflow/example_dags/example_time_delta_sensor_async.py
[2025-08-06T13:59:39.095-0400] {processor.py:914} INFO - Processing file /home/huynguyen2741/airflow_venv/lib/python3.12/site-packages/airflow/example_dags/example_time_delta_sensor_async.py for tasks to queue
[2025-08-06T13:59:39.096-0400] {logging_mixin.py:190} INFO - [2025-08-06T13:59:39.096-0400] {dagbag.py:588} INFO - Filling up the DagBag from /home/huynguyen2741/airflow_venv/lib/python3.12/site-packages/airflow/example_dags/example_time_delta_sensor_async.py
[2025-08-06T13:59:39.102-0400] {processor.py:925} INFO - DAG(s) 'example_time_delta_sensor_async' retrieved from /home/huynguyen2741/airflow_venv/lib/python3.12/site-packages/airflow/example_dags/example_time_delta_sensor_async.py
[2025-08-06T13:59:39.112-0400] {logging_mixin.py:190} INFO - [2025-08-06T13:59:39.112-0400] {dag.py:3239} INFO - Sync 1 DAGs
[2025-08-06T13:59:39.120-0400] {logging_mixin.py:190} INFO - [2025-08-06T13:59:39.120-0400] {dag.py:4180} INFO - Setting next_dagrun for example_time_delta_sensor_async to None, run_after=None
[2025-08-06T13:59:39.136-0400] {processor.py:208} INFO - Processing /home/huynguyen2741/airflow_venv/lib/python3.12/site-packages/airflow/example_dags/example_time_delta_sensor_async.py took 0.047 seconds
[2025-08-06T14:00:41.542-0400] {processor.py:186} INFO - Started process (PID=18450) to work on /home/huynguyen2741/airflow_venv/lib/python3.12/site-packages/airflow/example_dags/example_time_delta_sensor_async.py
[2025-08-06T14:00:41.552-0400] {processor.py:914} INFO - Processing file /home/huynguyen2741/airflow_venv/lib/python3.12/site-packages/airflow/example_dags/example_time_delta_sensor_async.py for tasks to queue
[2025-08-06T14:00:41.553-0400] {logging_mixin.py:190} INFO - [2025-08-06T14:00:41.553-0400] {dagbag.py:588} INFO - Filling up the DagBag from /home/huynguyen2741/airflow_venv/lib/python3.12/site-packages/airflow/example_dags/example_time_delta_sensor_async.py
[2025-08-06T14:00:41.559-0400] {processor.py:925} INFO - DAG(s) 'example_time_delta_sensor_async' retrieved from /home/huynguyen2741/airflow_venv/lib/python3.12/site-packages/airflow/example_dags/example_time_delta_sensor_async.py
[2025-08-06T14:00:41.569-0400] {logging_mixin.py:190} INFO - [2025-08-06T14:00:41.569-0400] {dag.py:3239} INFO - Sync 1 DAGs
[2025-08-06T14:00:41.578-0400] {logging_mixin.py:190} INFO - [2025-08-06T14:00:41.577-0400] {dag.py:4180} INFO - Setting next_dagrun for example_time_delta_sensor_async to None, run_after=None
[2025-08-06T14:00:41.593-0400] {processor.py:208} INFO - Processing /home/huynguyen2741/airflow_venv/lib/python3.12/site-packages/airflow/example_dags/example_time_delta_sensor_async.py took 0.055 seconds
[2025-08-06T14:01:43.811-0400] {processor.py:186} INFO - Started process (PID=18684) to work on /home/huynguyen2741/airflow_venv/lib/python3.12/site-packages/airflow/example_dags/example_time_delta_sensor_async.py
[2025-08-06T14:01:43.812-0400] {processor.py:914} INFO - Processing file /home/huynguyen2741/airflow_venv/lib/python3.12/site-packages/airflow/example_dags/example_time_delta_sensor_async.py for tasks to queue
[2025-08-06T14:01:43.814-0400] {logging_mixin.py:190} INFO - [2025-08-06T14:01:43.813-0400] {dagbag.py:588} INFO - Filling up the DagBag from /home/huynguyen2741/airflow_venv/lib/python3.12/site-packages/airflow/example_dags/example_time_delta_sensor_async.py
[2025-08-06T14:01:43.819-0400] {processor.py:925} INFO - DAG(s) 'example_time_delta_sensor_async' retrieved from /home/huynguyen2741/airflow_venv/lib/python3.12/site-packages/airflow/example_dags/example_time_delta_sensor_async.py
[2025-08-06T14:01:43.829-0400] {logging_mixin.py:190} INFO - [2025-08-06T14:01:43.829-0400] {dag.py:3239} INFO - Sync 1 DAGs
[2025-08-06T14:01:43.837-0400] {logging_mixin.py:190} INFO - [2025-08-06T14:01:43.836-0400] {dag.py:4180} INFO - Setting next_dagrun for example_time_delta_sensor_async to None, run_after=None
[2025-08-06T14:01:43.853-0400] {processor.py:208} INFO - Processing /home/huynguyen2741/airflow_venv/lib/python3.12/site-packages/airflow/example_dags/example_time_delta_sensor_async.py took 0.046 seconds
[2025-08-06T14:02:45.183-0400] {processor.py:186} INFO - Started process (PID=18925) to work on /home/huynguyen2741/airflow_venv/lib/python3.12/site-packages/airflow/example_dags/example_time_delta_sensor_async.py
[2025-08-06T14:02:45.184-0400] {processor.py:914} INFO - Processing file /home/huynguyen2741/airflow_venv/lib/python3.12/site-packages/airflow/example_dags/example_time_delta_sensor_async.py for tasks to queue
[2025-08-06T14:02:45.186-0400] {logging_mixin.py:190} INFO - [2025-08-06T14:02:45.185-0400] {dagbag.py:588} INFO - Filling up the DagBag from /home/huynguyen2741/airflow_venv/lib/python3.12/site-packages/airflow/example_dags/example_time_delta_sensor_async.py
[2025-08-06T14:02:45.191-0400] {processor.py:925} INFO - DAG(s) 'example_time_delta_sensor_async' retrieved from /home/huynguyen2741/airflow_venv/lib/python3.12/site-packages/airflow/example_dags/example_time_delta_sensor_async.py
[2025-08-06T14:02:45.201-0400] {logging_mixin.py:190} INFO - [2025-08-06T14:02:45.201-0400] {dag.py:3239} INFO - Sync 1 DAGs
[2025-08-06T14:02:45.209-0400] {logging_mixin.py:190} INFO - [2025-08-06T14:02:45.209-0400] {dag.py:4180} INFO - Setting next_dagrun for example_time_delta_sensor_async to None, run_after=None
[2025-08-06T14:02:45.224-0400] {processor.py:208} INFO - Processing /home/huynguyen2741/airflow_venv/lib/python3.12/site-packages/airflow/example_dags/example_time_delta_sensor_async.py took 0.046 seconds
[2025-08-06T14:03:50.938-0400] {processor.py:186} INFO - Started process (PID=19159) to work on /home/huynguyen2741/airflow_venv/lib/python3.12/site-packages/airflow/example_dags/example_time_delta_sensor_async.py
[2025-08-06T14:03:50.948-0400] {processor.py:914} INFO - Processing file /home/huynguyen2741/airflow_venv/lib/python3.12/site-packages/airflow/example_dags/example_time_delta_sensor_async.py for tasks to queue
[2025-08-06T14:03:50.949-0400] {logging_mixin.py:190} INFO - [2025-08-06T14:03:50.949-0400] {dagbag.py:588} INFO - Filling up the DagBag from /home/huynguyen2741/airflow_venv/lib/python3.12/site-packages/airflow/example_dags/example_time_delta_sensor_async.py
[2025-08-06T14:03:50.954-0400] {processor.py:925} INFO - DAG(s) 'example_time_delta_sensor_async' retrieved from /home/huynguyen2741/airflow_venv/lib/python3.12/site-packages/airflow/example_dags/example_time_delta_sensor_async.py
[2025-08-06T14:03:50.966-0400] {logging_mixin.py:190} INFO - [2025-08-06T14:03:50.966-0400] {dag.py:3239} INFO - Sync 1 DAGs
[2025-08-06T14:03:50.976-0400] {logging_mixin.py:190} INFO - [2025-08-06T14:03:50.976-0400] {dag.py:4180} INFO - Setting next_dagrun for example_time_delta_sensor_async to None, run_after=None
[2025-08-06T14:03:50.994-0400] {processor.py:208} INFO - Processing /home/huynguyen2741/airflow_venv/lib/python3.12/site-packages/airflow/example_dags/example_time_delta_sensor_async.py took 0.060 seconds
[2025-08-06T14:04:52.131-0400] {processor.py:186} INFO - Started process (PID=19373) to work on /home/huynguyen2741/airflow_venv/lib/python3.12/site-packages/airflow/example_dags/example_time_delta_sensor_async.py
[2025-08-06T14:04:52.132-0400] {processor.py:914} INFO - Processing file /home/huynguyen2741/airflow_venv/lib/python3.12/site-packages/airflow/example_dags/example_time_delta_sensor_async.py for tasks to queue
[2025-08-06T14:04:52.134-0400] {logging_mixin.py:190} INFO - [2025-08-06T14:04:52.133-0400] {dagbag.py:588} INFO - Filling up the DagBag from /home/huynguyen2741/airflow_venv/lib/python3.12/site-packages/airflow/example_dags/example_time_delta_sensor_async.py
[2025-08-06T14:04:52.139-0400] {processor.py:925} INFO - DAG(s) 'example_time_delta_sensor_async' retrieved from /home/huynguyen2741/airflow_venv/lib/python3.12/site-packages/airflow/example_dags/example_time_delta_sensor_async.py
[2025-08-06T14:04:52.149-0400] {logging_mixin.py:190} INFO - [2025-08-06T14:04:52.148-0400] {dag.py:3239} INFO - Sync 1 DAGs
[2025-08-06T14:04:52.156-0400] {logging_mixin.py:190} INFO - [2025-08-06T14:04:52.156-0400] {dag.py:4180} INFO - Setting next_dagrun for example_time_delta_sensor_async to None, run_after=None
[2025-08-06T14:04:52.171-0400] {processor.py:208} INFO - Processing /home/huynguyen2741/airflow_venv/lib/python3.12/site-packages/airflow/example_dags/example_time_delta_sensor_async.py took 0.043 seconds
[2025-08-06T14:05:53.430-0400] {processor.py:186} INFO - Started process (PID=19752) to work on /home/huynguyen2741/airflow_venv/lib/python3.12/site-packages/airflow/example_dags/example_time_delta_sensor_async.py
[2025-08-06T14:05:53.441-0400] {processor.py:914} INFO - Processing file /home/huynguyen2741/airflow_venv/lib/python3.12/site-packages/airflow/example_dags/example_time_delta_sensor_async.py for tasks to queue
[2025-08-06T14:05:53.443-0400] {logging_mixin.py:190} INFO - [2025-08-06T14:05:53.442-0400] {dagbag.py:588} INFO - Filling up the DagBag from /home/huynguyen2741/airflow_venv/lib/python3.12/site-packages/airflow/example_dags/example_time_delta_sensor_async.py
[2025-08-06T14:05:53.448-0400] {processor.py:925} INFO - DAG(s) 'example_time_delta_sensor_async' retrieved from /home/huynguyen2741/airflow_venv/lib/python3.12/site-packages/airflow/example_dags/example_time_delta_sensor_async.py
[2025-08-06T14:05:53.458-0400] {logging_mixin.py:190} INFO - [2025-08-06T14:05:53.458-0400] {dag.py:3239} INFO - Sync 1 DAGs
[2025-08-06T14:05:53.466-0400] {logging_mixin.py:190} INFO - [2025-08-06T14:05:53.466-0400] {dag.py:4180} INFO - Setting next_dagrun for example_time_delta_sensor_async to None, run_after=None
[2025-08-06T14:05:53.481-0400] {processor.py:208} INFO - Processing /home/huynguyen2741/airflow_venv/lib/python3.12/site-packages/airflow/example_dags/example_time_delta_sensor_async.py took 0.055 seconds
[2025-08-06T14:07:01.435-0400] {processor.py:186} INFO - Started process (PID=19994) to work on /home/huynguyen2741/airflow_venv/lib/python3.12/site-packages/airflow/example_dags/example_time_delta_sensor_async.py
[2025-08-06T14:07:01.439-0400] {processor.py:914} INFO - Processing file /home/huynguyen2741/airflow_venv/lib/python3.12/site-packages/airflow/example_dags/example_time_delta_sensor_async.py for tasks to queue
[2025-08-06T14:07:01.441-0400] {logging_mixin.py:190} INFO - [2025-08-06T14:07:01.441-0400] {dagbag.py:588} INFO - Filling up the DagBag from /home/huynguyen2741/airflow_venv/lib/python3.12/site-packages/airflow/example_dags/example_time_delta_sensor_async.py
[2025-08-06T14:07:01.446-0400] {processor.py:925} INFO - DAG(s) 'example_time_delta_sensor_async' retrieved from /home/huynguyen2741/airflow_venv/lib/python3.12/site-packages/airflow/example_dags/example_time_delta_sensor_async.py
[2025-08-06T14:07:01.457-0400] {logging_mixin.py:190} INFO - [2025-08-06T14:07:01.457-0400] {dag.py:3239} INFO - Sync 1 DAGs
[2025-08-06T14:07:01.464-0400] {logging_mixin.py:190} INFO - [2025-08-06T14:07:01.464-0400] {dag.py:4180} INFO - Setting next_dagrun for example_time_delta_sensor_async to None, run_after=None
[2025-08-06T14:07:01.480-0400] {processor.py:208} INFO - Processing /home/huynguyen2741/airflow_venv/lib/python3.12/site-packages/airflow/example_dags/example_time_delta_sensor_async.py took 0.049 seconds
[2025-08-06T14:08:09.650-0400] {processor.py:186} INFO - Started process (PID=20257) to work on /home/huynguyen2741/airflow_venv/lib/python3.12/site-packages/airflow/example_dags/example_time_delta_sensor_async.py
[2025-08-06T14:08:09.651-0400] {processor.py:914} INFO - Processing file /home/huynguyen2741/airflow_venv/lib/python3.12/site-packages/airflow/example_dags/example_time_delta_sensor_async.py for tasks to queue
[2025-08-06T14:08:09.652-0400] {logging_mixin.py:190} INFO - [2025-08-06T14:08:09.652-0400] {dagbag.py:588} INFO - Filling up the DagBag from /home/huynguyen2741/airflow_venv/lib/python3.12/site-packages/airflow/example_dags/example_time_delta_sensor_async.py
[2025-08-06T14:08:09.658-0400] {processor.py:925} INFO - DAG(s) 'example_time_delta_sensor_async' retrieved from /home/huynguyen2741/airflow_venv/lib/python3.12/site-packages/airflow/example_dags/example_time_delta_sensor_async.py
[2025-08-06T14:08:09.668-0400] {logging_mixin.py:190} INFO - [2025-08-06T14:08:09.668-0400] {dag.py:3239} INFO - Sync 1 DAGs
[2025-08-06T14:08:09.676-0400] {logging_mixin.py:190} INFO - [2025-08-06T14:08:09.676-0400] {dag.py:4180} INFO - Setting next_dagrun for example_time_delta_sensor_async to None, run_after=None
[2025-08-06T14:08:09.691-0400] {processor.py:208} INFO - Processing /home/huynguyen2741/airflow_venv/lib/python3.12/site-packages/airflow/example_dags/example_time_delta_sensor_async.py took 0.045 seconds
[2025-08-06T14:09:17.249-0400] {processor.py:186} INFO - Started process (PID=20670) to work on /home/huynguyen2741/airflow_venv/lib/python3.12/site-packages/airflow/example_dags/example_time_delta_sensor_async.py
[2025-08-06T14:09:17.250-0400] {processor.py:914} INFO - Processing file /home/huynguyen2741/airflow_venv/lib/python3.12/site-packages/airflow/example_dags/example_time_delta_sensor_async.py for tasks to queue
[2025-08-06T14:09:17.252-0400] {logging_mixin.py:190} INFO - [2025-08-06T14:09:17.252-0400] {dagbag.py:588} INFO - Filling up the DagBag from /home/huynguyen2741/airflow_venv/lib/python3.12/site-packages/airflow/example_dags/example_time_delta_sensor_async.py
[2025-08-06T14:09:17.259-0400] {processor.py:925} INFO - DAG(s) 'example_time_delta_sensor_async' retrieved from /home/huynguyen2741/airflow_venv/lib/python3.12/site-packages/airflow/example_dags/example_time_delta_sensor_async.py
[2025-08-06T14:09:17.270-0400] {logging_mixin.py:190} INFO - [2025-08-06T14:09:17.270-0400] {dag.py:3239} INFO - Sync 1 DAGs
[2025-08-06T14:09:17.360-0400] {logging_mixin.py:190} INFO - [2025-08-06T14:09:17.360-0400] {dag.py:4180} INFO - Setting next_dagrun for example_time_delta_sensor_async to None, run_after=None
[2025-08-06T14:09:17.375-0400] {processor.py:208} INFO - Processing /home/huynguyen2741/airflow_venv/lib/python3.12/site-packages/airflow/example_dags/example_time_delta_sensor_async.py took 0.130 seconds
[2025-08-06T14:10:18.610-0400] {processor.py:186} INFO - Started process (PID=21061) to work on /home/huynguyen2741/airflow_venv/lib/python3.12/site-packages/airflow/example_dags/example_time_delta_sensor_async.py
[2025-08-06T14:10:18.614-0400] {processor.py:914} INFO - Processing file /home/huynguyen2741/airflow_venv/lib/python3.12/site-packages/airflow/example_dags/example_time_delta_sensor_async.py for tasks to queue
[2025-08-06T14:10:18.616-0400] {logging_mixin.py:190} INFO - [2025-08-06T14:10:18.616-0400] {dagbag.py:588} INFO - Filling up the DagBag from /home/huynguyen2741/airflow_venv/lib/python3.12/site-packages/airflow/example_dags/example_time_delta_sensor_async.py
[2025-08-06T14:10:18.621-0400] {processor.py:925} INFO - DAG(s) 'example_time_delta_sensor_async' retrieved from /home/huynguyen2741/airflow_venv/lib/python3.12/site-packages/airflow/example_dags/example_time_delta_sensor_async.py
[2025-08-06T14:10:18.634-0400] {logging_mixin.py:190} INFO - [2025-08-06T14:10:18.634-0400] {dag.py:3239} INFO - Sync 1 DAGs
[2025-08-06T14:10:18.645-0400] {logging_mixin.py:190} INFO - [2025-08-06T14:10:18.645-0400] {dag.py:4180} INFO - Setting next_dagrun for example_time_delta_sensor_async to None, run_after=None
[2025-08-06T14:10:18.662-0400] {processor.py:208} INFO - Processing /home/huynguyen2741/airflow_venv/lib/python3.12/site-packages/airflow/example_dags/example_time_delta_sensor_async.py took 0.057 seconds
[2025-08-06T14:11:19.856-0400] {processor.py:186} INFO - Started process (PID=21365) to work on /home/huynguyen2741/airflow_venv/lib/python3.12/site-packages/airflow/example_dags/example_time_delta_sensor_async.py
[2025-08-06T14:11:19.857-0400] {processor.py:914} INFO - Processing file /home/huynguyen2741/airflow_venv/lib/python3.12/site-packages/airflow/example_dags/example_time_delta_sensor_async.py for tasks to queue
[2025-08-06T14:11:19.858-0400] {logging_mixin.py:190} INFO - [2025-08-06T14:11:19.858-0400] {dagbag.py:588} INFO - Filling up the DagBag from /home/huynguyen2741/airflow_venv/lib/python3.12/site-packages/airflow/example_dags/example_time_delta_sensor_async.py
[2025-08-06T14:11:19.864-0400] {processor.py:925} INFO - DAG(s) 'example_time_delta_sensor_async' retrieved from /home/huynguyen2741/airflow_venv/lib/python3.12/site-packages/airflow/example_dags/example_time_delta_sensor_async.py
[2025-08-06T14:11:19.874-0400] {logging_mixin.py:190} INFO - [2025-08-06T14:11:19.874-0400] {dag.py:3239} INFO - Sync 1 DAGs
[2025-08-06T14:11:19.882-0400] {logging_mixin.py:190} INFO - [2025-08-06T14:11:19.882-0400] {dag.py:4180} INFO - Setting next_dagrun for example_time_delta_sensor_async to None, run_after=None
[2025-08-06T14:11:19.900-0400] {processor.py:208} INFO - Processing /home/huynguyen2741/airflow_venv/lib/python3.12/site-packages/airflow/example_dags/example_time_delta_sensor_async.py took 0.049 seconds
[2025-08-06T14:12:24.606-0400] {processor.py:186} INFO - Started process (PID=21706) to work on /home/huynguyen2741/airflow_venv/lib/python3.12/site-packages/airflow/example_dags/example_time_delta_sensor_async.py
[2025-08-06T14:12:24.611-0400] {processor.py:914} INFO - Processing file /home/huynguyen2741/airflow_venv/lib/python3.12/site-packages/airflow/example_dags/example_time_delta_sensor_async.py for tasks to queue
[2025-08-06T14:12:24.612-0400] {logging_mixin.py:190} INFO - [2025-08-06T14:12:24.611-0400] {dagbag.py:588} INFO - Filling up the DagBag from /home/huynguyen2741/airflow_venv/lib/python3.12/site-packages/airflow/example_dags/example_time_delta_sensor_async.py
[2025-08-06T14:12:24.618-0400] {processor.py:925} INFO - DAG(s) 'example_time_delta_sensor_async' retrieved from /home/huynguyen2741/airflow_venv/lib/python3.12/site-packages/airflow/example_dags/example_time_delta_sensor_async.py
[2025-08-06T14:12:24.632-0400] {logging_mixin.py:190} INFO - [2025-08-06T14:12:24.632-0400] {dag.py:3239} INFO - Sync 1 DAGs
[2025-08-06T14:12:24.642-0400] {logging_mixin.py:190} INFO - [2025-08-06T14:12:24.642-0400] {dag.py:4180} INFO - Setting next_dagrun for example_time_delta_sensor_async to None, run_after=None
[2025-08-06T14:12:24.659-0400] {processor.py:208} INFO - Processing /home/huynguyen2741/airflow_venv/lib/python3.12/site-packages/airflow/example_dags/example_time_delta_sensor_async.py took 0.057 seconds
[2025-08-06T14:13:29.652-0400] {processor.py:186} INFO - Started process (PID=22164) to work on /home/huynguyen2741/airflow_venv/lib/python3.12/site-packages/airflow/example_dags/example_time_delta_sensor_async.py
[2025-08-06T14:13:29.656-0400] {processor.py:914} INFO - Processing file /home/huynguyen2741/airflow_venv/lib/python3.12/site-packages/airflow/example_dags/example_time_delta_sensor_async.py for tasks to queue
[2025-08-06T14:13:29.657-0400] {logging_mixin.py:190} INFO - [2025-08-06T14:13:29.656-0400] {dagbag.py:588} INFO - Filling up the DagBag from /home/huynguyen2741/airflow_venv/lib/python3.12/site-packages/airflow/example_dags/example_time_delta_sensor_async.py
[2025-08-06T14:13:29.662-0400] {processor.py:925} INFO - DAG(s) 'example_time_delta_sensor_async' retrieved from /home/huynguyen2741/airflow_venv/lib/python3.12/site-packages/airflow/example_dags/example_time_delta_sensor_async.py
[2025-08-06T14:13:29.673-0400] {logging_mixin.py:190} INFO - [2025-08-06T14:13:29.673-0400] {dag.py:3239} INFO - Sync 1 DAGs
[2025-08-06T14:13:29.681-0400] {logging_mixin.py:190} INFO - [2025-08-06T14:13:29.681-0400] {dag.py:4180} INFO - Setting next_dagrun for example_time_delta_sensor_async to None, run_after=None
[2025-08-06T14:13:29.699-0400] {processor.py:208} INFO - Processing /home/huynguyen2741/airflow_venv/lib/python3.12/site-packages/airflow/example_dags/example_time_delta_sensor_async.py took 0.051 seconds
[2025-08-06T14:14:37.552-0400] {processor.py:186} INFO - Started process (PID=22552) to work on /home/huynguyen2741/airflow_venv/lib/python3.12/site-packages/airflow/example_dags/example_time_delta_sensor_async.py
[2025-08-06T14:14:37.557-0400] {processor.py:914} INFO - Processing file /home/huynguyen2741/airflow_venv/lib/python3.12/site-packages/airflow/example_dags/example_time_delta_sensor_async.py for tasks to queue
[2025-08-06T14:14:37.558-0400] {logging_mixin.py:190} INFO - [2025-08-06T14:14:37.558-0400] {dagbag.py:588} INFO - Filling up the DagBag from /home/huynguyen2741/airflow_venv/lib/python3.12/site-packages/airflow/example_dags/example_time_delta_sensor_async.py
[2025-08-06T14:14:37.563-0400] {processor.py:925} INFO - DAG(s) 'example_time_delta_sensor_async' retrieved from /home/huynguyen2741/airflow_venv/lib/python3.12/site-packages/airflow/example_dags/example_time_delta_sensor_async.py
[2025-08-06T14:14:37.574-0400] {logging_mixin.py:190} INFO - [2025-08-06T14:14:37.574-0400] {dag.py:3239} INFO - Sync 1 DAGs
[2025-08-06T14:14:37.583-0400] {logging_mixin.py:190} INFO - [2025-08-06T14:14:37.582-0400] {dag.py:4180} INFO - Setting next_dagrun for example_time_delta_sensor_async to None, run_after=None
[2025-08-06T14:14:37.602-0400] {processor.py:208} INFO - Processing /home/huynguyen2741/airflow_venv/lib/python3.12/site-packages/airflow/example_dags/example_time_delta_sensor_async.py took 0.054 seconds
[2025-08-06T14:15:40.372-0400] {processor.py:186} INFO - Started process (PID=22904) to work on /home/huynguyen2741/airflow_venv/lib/python3.12/site-packages/airflow/example_dags/example_time_delta_sensor_async.py
[2025-08-06T14:15:40.376-0400] {processor.py:914} INFO - Processing file /home/huynguyen2741/airflow_venv/lib/python3.12/site-packages/airflow/example_dags/example_time_delta_sensor_async.py for tasks to queue
[2025-08-06T14:15:40.377-0400] {logging_mixin.py:190} INFO - [2025-08-06T14:15:40.376-0400] {dagbag.py:588} INFO - Filling up the DagBag from /home/huynguyen2741/airflow_venv/lib/python3.12/site-packages/airflow/example_dags/example_time_delta_sensor_async.py
[2025-08-06T14:15:40.382-0400] {processor.py:925} INFO - DAG(s) 'example_time_delta_sensor_async' retrieved from /home/huynguyen2741/airflow_venv/lib/python3.12/site-packages/airflow/example_dags/example_time_delta_sensor_async.py
[2025-08-06T14:15:40.398-0400] {logging_mixin.py:190} INFO - [2025-08-06T14:15:40.398-0400] {dag.py:3239} INFO - Sync 1 DAGs
[2025-08-06T14:15:40.410-0400] {logging_mixin.py:190} INFO - [2025-08-06T14:15:40.409-0400] {dag.py:4180} INFO - Setting next_dagrun for example_time_delta_sensor_async to None, run_after=None
[2025-08-06T14:15:40.427-0400] {processor.py:208} INFO - Processing /home/huynguyen2741/airflow_venv/lib/python3.12/site-packages/airflow/example_dags/example_time_delta_sensor_async.py took 0.059 seconds
[2025-08-06T14:16:41.078-0400] {processor.py:186} INFO - Started process (PID=23173) to work on /home/huynguyen2741/airflow_venv/lib/python3.12/site-packages/airflow/example_dags/example_time_delta_sensor_async.py
[2025-08-06T14:16:41.079-0400] {processor.py:914} INFO - Processing file /home/huynguyen2741/airflow_venv/lib/python3.12/site-packages/airflow/example_dags/example_time_delta_sensor_async.py for tasks to queue
[2025-08-06T14:16:41.080-0400] {logging_mixin.py:190} INFO - [2025-08-06T14:16:41.080-0400] {dagbag.py:588} INFO - Filling up the DagBag from /home/huynguyen2741/airflow_venv/lib/python3.12/site-packages/airflow/example_dags/example_time_delta_sensor_async.py
[2025-08-06T14:16:41.086-0400] {processor.py:925} INFO - DAG(s) 'example_time_delta_sensor_async' retrieved from /home/huynguyen2741/airflow_venv/lib/python3.12/site-packages/airflow/example_dags/example_time_delta_sensor_async.py
[2025-08-06T14:16:41.101-0400] {logging_mixin.py:190} INFO - [2025-08-06T14:16:41.101-0400] {dag.py:3239} INFO - Sync 1 DAGs
[2025-08-06T14:16:41.112-0400] {logging_mixin.py:190} INFO - [2025-08-06T14:16:41.112-0400] {dag.py:4180} INFO - Setting next_dagrun for example_time_delta_sensor_async to None, run_after=None
[2025-08-06T14:16:41.129-0400] {processor.py:208} INFO - Processing /home/huynguyen2741/airflow_venv/lib/python3.12/site-packages/airflow/example_dags/example_time_delta_sensor_async.py took 0.055 seconds
[2025-08-06T14:17:48.671-0400] {processor.py:186} INFO - Started process (PID=23426) to work on /home/huynguyen2741/airflow_venv/lib/python3.12/site-packages/airflow/example_dags/example_time_delta_sensor_async.py
[2025-08-06T14:17:48.672-0400] {processor.py:914} INFO - Processing file /home/huynguyen2741/airflow_venv/lib/python3.12/site-packages/airflow/example_dags/example_time_delta_sensor_async.py for tasks to queue
[2025-08-06T14:17:48.673-0400] {logging_mixin.py:190} INFO - [2025-08-06T14:17:48.673-0400] {dagbag.py:588} INFO - Filling up the DagBag from /home/huynguyen2741/airflow_venv/lib/python3.12/site-packages/airflow/example_dags/example_time_delta_sensor_async.py
[2025-08-06T14:17:48.679-0400] {processor.py:925} INFO - DAG(s) 'example_time_delta_sensor_async' retrieved from /home/huynguyen2741/airflow_venv/lib/python3.12/site-packages/airflow/example_dags/example_time_delta_sensor_async.py
[2025-08-06T14:17:48.694-0400] {logging_mixin.py:190} INFO - [2025-08-06T14:17:48.694-0400] {dag.py:3239} INFO - Sync 1 DAGs
[2025-08-06T14:17:48.705-0400] {logging_mixin.py:190} INFO - [2025-08-06T14:17:48.705-0400] {dag.py:4180} INFO - Setting next_dagrun for example_time_delta_sensor_async to None, run_after=None
[2025-08-06T14:17:48.722-0400] {processor.py:208} INFO - Processing /home/huynguyen2741/airflow_venv/lib/python3.12/site-packages/airflow/example_dags/example_time_delta_sensor_async.py took 0.055 seconds
[2025-08-06T14:18:54.623-0400] {processor.py:186} INFO - Started process (PID=23663) to work on /home/huynguyen2741/airflow_venv/lib/python3.12/site-packages/airflow/example_dags/example_time_delta_sensor_async.py
[2025-08-06T14:18:54.627-0400] {processor.py:914} INFO - Processing file /home/huynguyen2741/airflow_venv/lib/python3.12/site-packages/airflow/example_dags/example_time_delta_sensor_async.py for tasks to queue
[2025-08-06T14:18:54.628-0400] {logging_mixin.py:190} INFO - [2025-08-06T14:18:54.627-0400] {dagbag.py:588} INFO - Filling up the DagBag from /home/huynguyen2741/airflow_venv/lib/python3.12/site-packages/airflow/example_dags/example_time_delta_sensor_async.py
[2025-08-06T14:18:54.634-0400] {processor.py:925} INFO - DAG(s) 'example_time_delta_sensor_async' retrieved from /home/huynguyen2741/airflow_venv/lib/python3.12/site-packages/airflow/example_dags/example_time_delta_sensor_async.py
[2025-08-06T14:18:54.649-0400] {logging_mixin.py:190} INFO - [2025-08-06T14:18:54.649-0400] {dag.py:3239} INFO - Sync 1 DAGs
[2025-08-06T14:18:54.660-0400] {logging_mixin.py:190} INFO - [2025-08-06T14:18:54.660-0400] {dag.py:4180} INFO - Setting next_dagrun for example_time_delta_sensor_async to None, run_after=None
[2025-08-06T14:18:54.680-0400] {processor.py:208} INFO - Processing /home/huynguyen2741/airflow_venv/lib/python3.12/site-packages/airflow/example_dags/example_time_delta_sensor_async.py took 0.061 seconds
[2025-08-06T14:19:58.298-0400] {processor.py:186} INFO - Started process (PID=23918) to work on /home/huynguyen2741/airflow_venv/lib/python3.12/site-packages/airflow/example_dags/example_time_delta_sensor_async.py
[2025-08-06T14:19:58.299-0400] {processor.py:914} INFO - Processing file /home/huynguyen2741/airflow_venv/lib/python3.12/site-packages/airflow/example_dags/example_time_delta_sensor_async.py for tasks to queue
[2025-08-06T14:19:58.300-0400] {logging_mixin.py:190} INFO - [2025-08-06T14:19:58.300-0400] {dagbag.py:588} INFO - Filling up the DagBag from /home/huynguyen2741/airflow_venv/lib/python3.12/site-packages/airflow/example_dags/example_time_delta_sensor_async.py
[2025-08-06T14:19:58.306-0400] {processor.py:925} INFO - DAG(s) 'example_time_delta_sensor_async' retrieved from /home/huynguyen2741/airflow_venv/lib/python3.12/site-packages/airflow/example_dags/example_time_delta_sensor_async.py
[2025-08-06T14:19:58.317-0400] {logging_mixin.py:190} INFO - [2025-08-06T14:19:58.317-0400] {dag.py:3239} INFO - Sync 1 DAGs
[2025-08-06T14:19:58.326-0400] {logging_mixin.py:190} INFO - [2025-08-06T14:19:58.326-0400] {dag.py:4180} INFO - Setting next_dagrun for example_time_delta_sensor_async to None, run_after=None
[2025-08-06T14:19:58.342-0400] {processor.py:208} INFO - Processing /home/huynguyen2741/airflow_venv/lib/python3.12/site-packages/airflow/example_dags/example_time_delta_sensor_async.py took 0.048 seconds
[2025-08-06T14:21:04.444-0400] {processor.py:186} INFO - Started process (PID=24154) to work on /home/huynguyen2741/airflow_venv/lib/python3.12/site-packages/airflow/example_dags/example_time_delta_sensor_async.py
[2025-08-06T14:21:04.453-0400] {processor.py:914} INFO - Processing file /home/huynguyen2741/airflow_venv/lib/python3.12/site-packages/airflow/example_dags/example_time_delta_sensor_async.py for tasks to queue
[2025-08-06T14:21:04.454-0400] {logging_mixin.py:190} INFO - [2025-08-06T14:21:04.453-0400] {dagbag.py:588} INFO - Filling up the DagBag from /home/huynguyen2741/airflow_venv/lib/python3.12/site-packages/airflow/example_dags/example_time_delta_sensor_async.py
[2025-08-06T14:21:04.459-0400] {processor.py:925} INFO - DAG(s) 'example_time_delta_sensor_async' retrieved from /home/huynguyen2741/airflow_venv/lib/python3.12/site-packages/airflow/example_dags/example_time_delta_sensor_async.py
[2025-08-06T14:21:04.471-0400] {logging_mixin.py:190} INFO - [2025-08-06T14:21:04.470-0400] {dag.py:3239} INFO - Sync 1 DAGs
[2025-08-06T14:21:04.479-0400] {logging_mixin.py:190} INFO - [2025-08-06T14:21:04.479-0400] {dag.py:4180} INFO - Setting next_dagrun for example_time_delta_sensor_async to None, run_after=None
[2025-08-06T14:21:04.495-0400] {processor.py:208} INFO - Processing /home/huynguyen2741/airflow_venv/lib/python3.12/site-packages/airflow/example_dags/example_time_delta_sensor_async.py took 0.055 seconds
[2025-08-06T14:22:13.206-0400] {processor.py:186} INFO - Started process (PID=24437) to work on /home/huynguyen2741/airflow_venv/lib/python3.12/site-packages/airflow/example_dags/example_time_delta_sensor_async.py
[2025-08-06T14:22:13.215-0400] {processor.py:914} INFO - Processing file /home/huynguyen2741/airflow_venv/lib/python3.12/site-packages/airflow/example_dags/example_time_delta_sensor_async.py for tasks to queue
[2025-08-06T14:22:13.217-0400] {logging_mixin.py:190} INFO - [2025-08-06T14:22:13.216-0400] {dagbag.py:588} INFO - Filling up the DagBag from /home/huynguyen2741/airflow_venv/lib/python3.12/site-packages/airflow/example_dags/example_time_delta_sensor_async.py
[2025-08-06T14:22:13.222-0400] {processor.py:925} INFO - DAG(s) 'example_time_delta_sensor_async' retrieved from /home/huynguyen2741/airflow_venv/lib/python3.12/site-packages/airflow/example_dags/example_time_delta_sensor_async.py
[2025-08-06T14:22:13.233-0400] {logging_mixin.py:190} INFO - [2025-08-06T14:22:13.233-0400] {dag.py:3239} INFO - Sync 1 DAGs
[2025-08-06T14:22:13.242-0400] {logging_mixin.py:190} INFO - [2025-08-06T14:22:13.242-0400] {dag.py:4180} INFO - Setting next_dagrun for example_time_delta_sensor_async to None, run_after=None
[2025-08-06T14:22:13.257-0400] {processor.py:208} INFO - Processing /home/huynguyen2741/airflow_venv/lib/python3.12/site-packages/airflow/example_dags/example_time_delta_sensor_async.py took 0.056 seconds
[2025-08-06T14:23:15.974-0400] {processor.py:186} INFO - Started process (PID=24915) to work on /home/huynguyen2741/airflow_venv/lib/python3.12/site-packages/airflow/example_dags/example_time_delta_sensor_async.py
[2025-08-06T14:23:15.984-0400] {processor.py:914} INFO - Processing file /home/huynguyen2741/airflow_venv/lib/python3.12/site-packages/airflow/example_dags/example_time_delta_sensor_async.py for tasks to queue
[2025-08-06T14:23:15.985-0400] {logging_mixin.py:190} INFO - [2025-08-06T14:23:15.984-0400] {dagbag.py:588} INFO - Filling up the DagBag from /home/huynguyen2741/airflow_venv/lib/python3.12/site-packages/airflow/example_dags/example_time_delta_sensor_async.py
[2025-08-06T14:23:15.990-0400] {processor.py:925} INFO - DAG(s) 'example_time_delta_sensor_async' retrieved from /home/huynguyen2741/airflow_venv/lib/python3.12/site-packages/airflow/example_dags/example_time_delta_sensor_async.py
[2025-08-06T14:23:16.004-0400] {logging_mixin.py:190} INFO - [2025-08-06T14:23:16.004-0400] {dag.py:3239} INFO - Sync 1 DAGs
[2025-08-06T14:23:16.013-0400] {logging_mixin.py:190} INFO - [2025-08-06T14:23:16.013-0400] {dag.py:4180} INFO - Setting next_dagrun for example_time_delta_sensor_async to None, run_after=None
[2025-08-06T14:23:16.029-0400] {processor.py:208} INFO - Processing /home/huynguyen2741/airflow_venv/lib/python3.12/site-packages/airflow/example_dags/example_time_delta_sensor_async.py took 0.060 seconds
[2025-08-06T14:24:18.660-0400] {processor.py:186} INFO - Started process (PID=25222) to work on /home/huynguyen2741/airflow_venv/lib/python3.12/site-packages/airflow/example_dags/example_time_delta_sensor_async.py
[2025-08-06T14:24:18.670-0400] {processor.py:914} INFO - Processing file /home/huynguyen2741/airflow_venv/lib/python3.12/site-packages/airflow/example_dags/example_time_delta_sensor_async.py for tasks to queue
[2025-08-06T14:24:18.671-0400] {logging_mixin.py:190} INFO - [2025-08-06T14:24:18.671-0400] {dagbag.py:588} INFO - Filling up the DagBag from /home/huynguyen2741/airflow_venv/lib/python3.12/site-packages/airflow/example_dags/example_time_delta_sensor_async.py
[2025-08-06T14:24:18.677-0400] {processor.py:925} INFO - DAG(s) 'example_time_delta_sensor_async' retrieved from /home/huynguyen2741/airflow_venv/lib/python3.12/site-packages/airflow/example_dags/example_time_delta_sensor_async.py
[2025-08-06T14:24:18.687-0400] {logging_mixin.py:190} INFO - [2025-08-06T14:24:18.687-0400] {dag.py:3239} INFO - Sync 1 DAGs
[2025-08-06T14:24:18.696-0400] {logging_mixin.py:190} INFO - [2025-08-06T14:24:18.696-0400] {dag.py:4180} INFO - Setting next_dagrun for example_time_delta_sensor_async to None, run_after=None
[2025-08-06T14:24:18.711-0400] {processor.py:208} INFO - Processing /home/huynguyen2741/airflow_venv/lib/python3.12/site-packages/airflow/example_dags/example_time_delta_sensor_async.py took 0.057 seconds
[2025-08-06T14:25:25.276-0400] {processor.py:186} INFO - Started process (PID=25594) to work on /home/huynguyen2741/airflow_venv/lib/python3.12/site-packages/airflow/example_dags/example_time_delta_sensor_async.py
[2025-08-06T14:25:25.280-0400] {processor.py:914} INFO - Processing file /home/huynguyen2741/airflow_venv/lib/python3.12/site-packages/airflow/example_dags/example_time_delta_sensor_async.py for tasks to queue
[2025-08-06T14:25:25.281-0400] {logging_mixin.py:190} INFO - [2025-08-06T14:25:25.281-0400] {dagbag.py:588} INFO - Filling up the DagBag from /home/huynguyen2741/airflow_venv/lib/python3.12/site-packages/airflow/example_dags/example_time_delta_sensor_async.py
[2025-08-06T14:25:25.287-0400] {processor.py:925} INFO - DAG(s) 'example_time_delta_sensor_async' retrieved from /home/huynguyen2741/airflow_venv/lib/python3.12/site-packages/airflow/example_dags/example_time_delta_sensor_async.py
[2025-08-06T14:25:25.298-0400] {logging_mixin.py:190} INFO - [2025-08-06T14:25:25.298-0400] {dag.py:3239} INFO - Sync 1 DAGs
[2025-08-06T14:25:25.308-0400] {logging_mixin.py:190} INFO - [2025-08-06T14:25:25.307-0400] {dag.py:4180} INFO - Setting next_dagrun for example_time_delta_sensor_async to None, run_after=None
[2025-08-06T14:25:25.323-0400] {processor.py:208} INFO - Processing /home/huynguyen2741/airflow_venv/lib/python3.12/site-packages/airflow/example_dags/example_time_delta_sensor_async.py took 0.053 seconds
[2025-08-06T14:26:27.655-0400] {processor.py:186} INFO - Started process (PID=25813) to work on /home/huynguyen2741/airflow_venv/lib/python3.12/site-packages/airflow/example_dags/example_time_delta_sensor_async.py
[2025-08-06T14:26:27.660-0400] {processor.py:914} INFO - Processing file /home/huynguyen2741/airflow_venv/lib/python3.12/site-packages/airflow/example_dags/example_time_delta_sensor_async.py for tasks to queue
[2025-08-06T14:26:27.661-0400] {logging_mixin.py:190} INFO - [2025-08-06T14:26:27.660-0400] {dagbag.py:588} INFO - Filling up the DagBag from /home/huynguyen2741/airflow_venv/lib/python3.12/site-packages/airflow/example_dags/example_time_delta_sensor_async.py
[2025-08-06T14:26:27.666-0400] {processor.py:925} INFO - DAG(s) 'example_time_delta_sensor_async' retrieved from /home/huynguyen2741/airflow_venv/lib/python3.12/site-packages/airflow/example_dags/example_time_delta_sensor_async.py
[2025-08-06T14:26:27.677-0400] {logging_mixin.py:190} INFO - [2025-08-06T14:26:27.677-0400] {dag.py:3239} INFO - Sync 1 DAGs
[2025-08-06T14:26:27.685-0400] {logging_mixin.py:190} INFO - [2025-08-06T14:26:27.685-0400] {dag.py:4180} INFO - Setting next_dagrun for example_time_delta_sensor_async to None, run_after=None
[2025-08-06T14:26:27.700-0400] {processor.py:208} INFO - Processing /home/huynguyen2741/airflow_venv/lib/python3.12/site-packages/airflow/example_dags/example_time_delta_sensor_async.py took 0.050 seconds
[2025-08-06T14:27:29.667-0400] {processor.py:186} INFO - Started process (PID=26110) to work on /home/huynguyen2741/airflow_venv/lib/python3.12/site-packages/airflow/example_dags/example_time_delta_sensor_async.py
[2025-08-06T14:27:29.668-0400] {processor.py:914} INFO - Processing file /home/huynguyen2741/airflow_venv/lib/python3.12/site-packages/airflow/example_dags/example_time_delta_sensor_async.py for tasks to queue
[2025-08-06T14:27:29.670-0400] {logging_mixin.py:190} INFO - [2025-08-06T14:27:29.669-0400] {dagbag.py:588} INFO - Filling up the DagBag from /home/huynguyen2741/airflow_venv/lib/python3.12/site-packages/airflow/example_dags/example_time_delta_sensor_async.py
[2025-08-06T14:27:29.675-0400] {processor.py:925} INFO - DAG(s) 'example_time_delta_sensor_async' retrieved from /home/huynguyen2741/airflow_venv/lib/python3.12/site-packages/airflow/example_dags/example_time_delta_sensor_async.py
[2025-08-06T14:27:29.686-0400] {logging_mixin.py:190} INFO - [2025-08-06T14:27:29.686-0400] {dag.py:3239} INFO - Sync 1 DAGs
[2025-08-06T14:27:29.695-0400] {logging_mixin.py:190} INFO - [2025-08-06T14:27:29.695-0400] {dag.py:4180} INFO - Setting next_dagrun for example_time_delta_sensor_async to None, run_after=None
[2025-08-06T14:27:29.713-0400] {processor.py:208} INFO - Processing /home/huynguyen2741/airflow_venv/lib/python3.12/site-packages/airflow/example_dags/example_time_delta_sensor_async.py took 0.051 seconds
[2025-08-06T14:28:37.563-0400] {processor.py:186} INFO - Started process (PID=26408) to work on /home/huynguyen2741/airflow_venv/lib/python3.12/site-packages/airflow/example_dags/example_time_delta_sensor_async.py
[2025-08-06T14:28:37.573-0400] {processor.py:914} INFO - Processing file /home/huynguyen2741/airflow_venv/lib/python3.12/site-packages/airflow/example_dags/example_time_delta_sensor_async.py for tasks to queue
[2025-08-06T14:28:37.575-0400] {logging_mixin.py:190} INFO - [2025-08-06T14:28:37.574-0400] {dagbag.py:588} INFO - Filling up the DagBag from /home/huynguyen2741/airflow_venv/lib/python3.12/site-packages/airflow/example_dags/example_time_delta_sensor_async.py
[2025-08-06T14:28:37.580-0400] {processor.py:925} INFO - DAG(s) 'example_time_delta_sensor_async' retrieved from /home/huynguyen2741/airflow_venv/lib/python3.12/site-packages/airflow/example_dags/example_time_delta_sensor_async.py
[2025-08-06T14:28:37.593-0400] {logging_mixin.py:190} INFO - [2025-08-06T14:28:37.592-0400] {dag.py:3239} INFO - Sync 1 DAGs
[2025-08-06T14:28:37.603-0400] {logging_mixin.py:190} INFO - [2025-08-06T14:28:37.602-0400] {dag.py:4180} INFO - Setting next_dagrun for example_time_delta_sensor_async to None, run_after=None
[2025-08-06T14:28:37.619-0400] {processor.py:208} INFO - Processing /home/huynguyen2741/airflow_venv/lib/python3.12/site-packages/airflow/example_dags/example_time_delta_sensor_async.py took 0.061 seconds
[2025-08-06T14:29:44.062-0400] {processor.py:186} INFO - Started process (PID=26674) to work on /home/huynguyen2741/airflow_venv/lib/python3.12/site-packages/airflow/example_dags/example_time_delta_sensor_async.py
[2025-08-06T14:29:44.063-0400] {processor.py:914} INFO - Processing file /home/huynguyen2741/airflow_venv/lib/python3.12/site-packages/airflow/example_dags/example_time_delta_sensor_async.py for tasks to queue
[2025-08-06T14:29:44.064-0400] {logging_mixin.py:190} INFO - [2025-08-06T14:29:44.064-0400] {dagbag.py:588} INFO - Filling up the DagBag from /home/huynguyen2741/airflow_venv/lib/python3.12/site-packages/airflow/example_dags/example_time_delta_sensor_async.py
[2025-08-06T14:29:44.070-0400] {processor.py:925} INFO - DAG(s) 'example_time_delta_sensor_async' retrieved from /home/huynguyen2741/airflow_venv/lib/python3.12/site-packages/airflow/example_dags/example_time_delta_sensor_async.py
[2025-08-06T14:29:44.082-0400] {logging_mixin.py:190} INFO - [2025-08-06T14:29:44.082-0400] {dag.py:3239} INFO - Sync 1 DAGs
[2025-08-06T14:29:44.091-0400] {logging_mixin.py:190} INFO - [2025-08-06T14:29:44.091-0400] {dag.py:4180} INFO - Setting next_dagrun for example_time_delta_sensor_async to None, run_after=None
[2025-08-06T14:29:44.110-0400] {processor.py:208} INFO - Processing /home/huynguyen2741/airflow_venv/lib/python3.12/site-packages/airflow/example_dags/example_time_delta_sensor_async.py took 0.054 seconds
[2025-08-06T14:31:01.169-0400] {processor.py:186} INFO - Started process (PID=27108) to work on /home/huynguyen2741/airflow_venv/lib/python3.12/site-packages/airflow/example_dags/example_time_delta_sensor_async.py
[2025-08-06T14:31:01.170-0400] {processor.py:914} INFO - Processing file /home/huynguyen2741/airflow_venv/lib/python3.12/site-packages/airflow/example_dags/example_time_delta_sensor_async.py for tasks to queue
[2025-08-06T14:31:01.172-0400] {logging_mixin.py:190} INFO - [2025-08-06T14:31:01.171-0400] {dagbag.py:588} INFO - Filling up the DagBag from /home/huynguyen2741/airflow_venv/lib/python3.12/site-packages/airflow/example_dags/example_time_delta_sensor_async.py
[2025-08-06T14:31:01.178-0400] {processor.py:925} INFO - DAG(s) 'example_time_delta_sensor_async' retrieved from /home/huynguyen2741/airflow_venv/lib/python3.12/site-packages/airflow/example_dags/example_time_delta_sensor_async.py
[2025-08-06T14:31:01.191-0400] {logging_mixin.py:190} INFO - [2025-08-06T14:31:01.191-0400] {dag.py:3239} INFO - Sync 1 DAGs
[2025-08-06T14:31:01.201-0400] {logging_mixin.py:190} INFO - [2025-08-06T14:31:01.201-0400] {dag.py:4180} INFO - Setting next_dagrun for example_time_delta_sensor_async to None, run_after=None
[2025-08-06T14:31:01.220-0400] {processor.py:208} INFO - Processing /home/huynguyen2741/airflow_venv/lib/python3.12/site-packages/airflow/example_dags/example_time_delta_sensor_async.py took 0.057 seconds
[2025-08-06T14:32:11.347-0400] {processor.py:186} INFO - Started process (PID=27358) to work on /home/huynguyen2741/airflow_venv/lib/python3.12/site-packages/airflow/example_dags/example_time_delta_sensor_async.py
[2025-08-06T14:32:11.351-0400] {processor.py:914} INFO - Processing file /home/huynguyen2741/airflow_venv/lib/python3.12/site-packages/airflow/example_dags/example_time_delta_sensor_async.py for tasks to queue
[2025-08-06T14:32:11.352-0400] {logging_mixin.py:190} INFO - [2025-08-06T14:32:11.352-0400] {dagbag.py:588} INFO - Filling up the DagBag from /home/huynguyen2741/airflow_venv/lib/python3.12/site-packages/airflow/example_dags/example_time_delta_sensor_async.py
[2025-08-06T14:32:11.357-0400] {processor.py:925} INFO - DAG(s) 'example_time_delta_sensor_async' retrieved from /home/huynguyen2741/airflow_venv/lib/python3.12/site-packages/airflow/example_dags/example_time_delta_sensor_async.py
[2025-08-06T14:32:11.369-0400] {logging_mixin.py:190} INFO - [2025-08-06T14:32:11.369-0400] {dag.py:3239} INFO - Sync 1 DAGs
[2025-08-06T14:32:11.377-0400] {logging_mixin.py:190} INFO - [2025-08-06T14:32:11.377-0400] {dag.py:4180} INFO - Setting next_dagrun for example_time_delta_sensor_async to None, run_after=None
[2025-08-06T14:32:11.391-0400] {processor.py:208} INFO - Processing /home/huynguyen2741/airflow_venv/lib/python3.12/site-packages/airflow/example_dags/example_time_delta_sensor_async.py took 0.050 seconds
[2025-08-06T14:33:19.912-0400] {processor.py:186} INFO - Started process (PID=27685) to work on /home/huynguyen2741/airflow_venv/lib/python3.12/site-packages/airflow/example_dags/example_time_delta_sensor_async.py
[2025-08-06T14:33:19.916-0400] {processor.py:914} INFO - Processing file /home/huynguyen2741/airflow_venv/lib/python3.12/site-packages/airflow/example_dags/example_time_delta_sensor_async.py for tasks to queue
[2025-08-06T14:33:19.918-0400] {logging_mixin.py:190} INFO - [2025-08-06T14:33:19.917-0400] {dagbag.py:588} INFO - Filling up the DagBag from /home/huynguyen2741/airflow_venv/lib/python3.12/site-packages/airflow/example_dags/example_time_delta_sensor_async.py
[2025-08-06T14:33:19.923-0400] {processor.py:925} INFO - DAG(s) 'example_time_delta_sensor_async' retrieved from /home/huynguyen2741/airflow_venv/lib/python3.12/site-packages/airflow/example_dags/example_time_delta_sensor_async.py
[2025-08-06T14:33:19.934-0400] {logging_mixin.py:190} INFO - [2025-08-06T14:33:19.934-0400] {dag.py:3239} INFO - Sync 1 DAGs
[2025-08-06T14:33:19.943-0400] {logging_mixin.py:190} INFO - [2025-08-06T14:33:19.943-0400] {dag.py:4180} INFO - Setting next_dagrun for example_time_delta_sensor_async to None, run_after=None
[2025-08-06T14:33:19.958-0400] {processor.py:208} INFO - Processing /home/huynguyen2741/airflow_venv/lib/python3.12/site-packages/airflow/example_dags/example_time_delta_sensor_async.py took 0.050 seconds
[2025-08-06T14:35:13.498-0400] {processor.py:186} INFO - Started process (PID=28299) to work on /home/huynguyen2741/airflow_venv/lib/python3.12/site-packages/airflow/example_dags/example_time_delta_sensor_async.py
[2025-08-06T14:35:13.499-0400] {processor.py:914} INFO - Processing file /home/huynguyen2741/airflow_venv/lib/python3.12/site-packages/airflow/example_dags/example_time_delta_sensor_async.py for tasks to queue
[2025-08-06T14:35:13.500-0400] {logging_mixin.py:190} INFO - [2025-08-06T14:35:13.500-0400] {dagbag.py:588} INFO - Filling up the DagBag from /home/huynguyen2741/airflow_venv/lib/python3.12/site-packages/airflow/example_dags/example_time_delta_sensor_async.py
[2025-08-06T14:35:13.506-0400] {processor.py:925} INFO - DAG(s) 'example_time_delta_sensor_async' retrieved from /home/huynguyen2741/airflow_venv/lib/python3.12/site-packages/airflow/example_dags/example_time_delta_sensor_async.py
[2025-08-06T14:35:13.517-0400] {logging_mixin.py:190} INFO - [2025-08-06T14:35:13.517-0400] {dag.py:3239} INFO - Sync 1 DAGs
[2025-08-06T14:35:13.526-0400] {logging_mixin.py:190} INFO - [2025-08-06T14:35:13.525-0400] {dag.py:4180} INFO - Setting next_dagrun for example_time_delta_sensor_async to None, run_after=None
[2025-08-06T14:35:13.541-0400] {processor.py:208} INFO - Processing /home/huynguyen2741/airflow_venv/lib/python3.12/site-packages/airflow/example_dags/example_time_delta_sensor_async.py took 0.049 seconds
[2025-08-06T14:36:19.971-0400] {processor.py:186} INFO - Started process (PID=28573) to work on /home/huynguyen2741/airflow_venv/lib/python3.12/site-packages/airflow/example_dags/example_time_delta_sensor_async.py
[2025-08-06T14:36:19.975-0400] {processor.py:914} INFO - Processing file /home/huynguyen2741/airflow_venv/lib/python3.12/site-packages/airflow/example_dags/example_time_delta_sensor_async.py for tasks to queue
[2025-08-06T14:36:19.976-0400] {logging_mixin.py:190} INFO - [2025-08-06T14:36:19.975-0400] {dagbag.py:588} INFO - Filling up the DagBag from /home/huynguyen2741/airflow_venv/lib/python3.12/site-packages/airflow/example_dags/example_time_delta_sensor_async.py
[2025-08-06T14:36:19.981-0400] {processor.py:925} INFO - DAG(s) 'example_time_delta_sensor_async' retrieved from /home/huynguyen2741/airflow_venv/lib/python3.12/site-packages/airflow/example_dags/example_time_delta_sensor_async.py
[2025-08-06T14:36:19.992-0400] {logging_mixin.py:190} INFO - [2025-08-06T14:36:19.991-0400] {dag.py:3239} INFO - Sync 1 DAGs
[2025-08-06T14:36:20.000-0400] {logging_mixin.py:190} INFO - [2025-08-06T14:36:20.000-0400] {dag.py:4180} INFO - Setting next_dagrun for example_time_delta_sensor_async to None, run_after=None
[2025-08-06T14:36:20.015-0400] {processor.py:208} INFO - Processing /home/huynguyen2741/airflow_venv/lib/python3.12/site-packages/airflow/example_dags/example_time_delta_sensor_async.py took 0.050 seconds
[2025-08-06T14:37:24.959-0400] {processor.py:186} INFO - Started process (PID=28821) to work on /home/huynguyen2741/airflow_venv/lib/python3.12/site-packages/airflow/example_dags/example_time_delta_sensor_async.py
[2025-08-06T14:37:24.969-0400] {processor.py:914} INFO - Processing file /home/huynguyen2741/airflow_venv/lib/python3.12/site-packages/airflow/example_dags/example_time_delta_sensor_async.py for tasks to queue
[2025-08-06T14:37:24.970-0400] {logging_mixin.py:190} INFO - [2025-08-06T14:37:24.970-0400] {dagbag.py:588} INFO - Filling up the DagBag from /home/huynguyen2741/airflow_venv/lib/python3.12/site-packages/airflow/example_dags/example_time_delta_sensor_async.py
[2025-08-06T14:37:24.975-0400] {processor.py:925} INFO - DAG(s) 'example_time_delta_sensor_async' retrieved from /home/huynguyen2741/airflow_venv/lib/python3.12/site-packages/airflow/example_dags/example_time_delta_sensor_async.py
[2025-08-06T14:37:24.986-0400] {logging_mixin.py:190} INFO - [2025-08-06T14:37:24.986-0400] {dag.py:3239} INFO - Sync 1 DAGs
[2025-08-06T14:37:24.994-0400] {logging_mixin.py:190} INFO - [2025-08-06T14:37:24.994-0400] {dag.py:4180} INFO - Setting next_dagrun for example_time_delta_sensor_async to None, run_after=None
[2025-08-06T14:37:25.009-0400] {processor.py:208} INFO - Processing /home/huynguyen2741/airflow_venv/lib/python3.12/site-packages/airflow/example_dags/example_time_delta_sensor_async.py took 0.055 seconds
[2025-08-06T14:38:32.596-0400] {processor.py:186} INFO - Started process (PID=29066) to work on /home/huynguyen2741/airflow_venv/lib/python3.12/site-packages/airflow/example_dags/example_time_delta_sensor_async.py
[2025-08-06T14:38:32.605-0400] {processor.py:914} INFO - Processing file /home/huynguyen2741/airflow_venv/lib/python3.12/site-packages/airflow/example_dags/example_time_delta_sensor_async.py for tasks to queue
[2025-08-06T14:38:32.607-0400] {logging_mixin.py:190} INFO - [2025-08-06T14:38:32.606-0400] {dagbag.py:588} INFO - Filling up the DagBag from /home/huynguyen2741/airflow_venv/lib/python3.12/site-packages/airflow/example_dags/example_time_delta_sensor_async.py
[2025-08-06T14:38:32.612-0400] {processor.py:925} INFO - DAG(s) 'example_time_delta_sensor_async' retrieved from /home/huynguyen2741/airflow_venv/lib/python3.12/site-packages/airflow/example_dags/example_time_delta_sensor_async.py
[2025-08-06T14:38:32.622-0400] {logging_mixin.py:190} INFO - [2025-08-06T14:38:32.622-0400] {dag.py:3239} INFO - Sync 1 DAGs
[2025-08-06T14:38:32.630-0400] {logging_mixin.py:190} INFO - [2025-08-06T14:38:32.630-0400] {dag.py:4180} INFO - Setting next_dagrun for example_time_delta_sensor_async to None, run_after=None
[2025-08-06T14:38:32.645-0400] {processor.py:208} INFO - Processing /home/huynguyen2741/airflow_venv/lib/python3.12/site-packages/airflow/example_dags/example_time_delta_sensor_async.py took 0.055 seconds
[2025-08-06T14:39:40.834-0400] {processor.py:186} INFO - Started process (PID=29357) to work on /home/huynguyen2741/airflow_venv/lib/python3.12/site-packages/airflow/example_dags/example_time_delta_sensor_async.py
[2025-08-06T14:39:40.838-0400] {processor.py:914} INFO - Processing file /home/huynguyen2741/airflow_venv/lib/python3.12/site-packages/airflow/example_dags/example_time_delta_sensor_async.py for tasks to queue
[2025-08-06T14:39:40.839-0400] {logging_mixin.py:190} INFO - [2025-08-06T14:39:40.838-0400] {dagbag.py:588} INFO - Filling up the DagBag from /home/huynguyen2741/airflow_venv/lib/python3.12/site-packages/airflow/example_dags/example_time_delta_sensor_async.py
[2025-08-06T14:39:40.845-0400] {processor.py:925} INFO - DAG(s) 'example_time_delta_sensor_async' retrieved from /home/huynguyen2741/airflow_venv/lib/python3.12/site-packages/airflow/example_dags/example_time_delta_sensor_async.py
[2025-08-06T14:39:40.857-0400] {logging_mixin.py:190} INFO - [2025-08-06T14:39:40.856-0400] {dag.py:3239} INFO - Sync 1 DAGs
[2025-08-06T14:39:40.866-0400] {logging_mixin.py:190} INFO - [2025-08-06T14:39:40.865-0400] {dag.py:4180} INFO - Setting next_dagrun for example_time_delta_sensor_async to None, run_after=None
[2025-08-06T14:39:40.882-0400] {processor.py:208} INFO - Processing /home/huynguyen2741/airflow_venv/lib/python3.12/site-packages/airflow/example_dags/example_time_delta_sensor_async.py took 0.054 seconds
[2025-08-06T14:40:47.299-0400] {processor.py:186} INFO - Started process (PID=29591) to work on /home/huynguyen2741/airflow_venv/lib/python3.12/site-packages/airflow/example_dags/example_time_delta_sensor_async.py
[2025-08-06T14:40:47.303-0400] {processor.py:914} INFO - Processing file /home/huynguyen2741/airflow_venv/lib/python3.12/site-packages/airflow/example_dags/example_time_delta_sensor_async.py for tasks to queue
[2025-08-06T14:40:47.304-0400] {logging_mixin.py:190} INFO - [2025-08-06T14:40:47.304-0400] {dagbag.py:588} INFO - Filling up the DagBag from /home/huynguyen2741/airflow_venv/lib/python3.12/site-packages/airflow/example_dags/example_time_delta_sensor_async.py
[2025-08-06T14:40:47.309-0400] {processor.py:925} INFO - DAG(s) 'example_time_delta_sensor_async' retrieved from /home/huynguyen2741/airflow_venv/lib/python3.12/site-packages/airflow/example_dags/example_time_delta_sensor_async.py
[2025-08-06T14:40:47.323-0400] {logging_mixin.py:190} INFO - [2025-08-06T14:40:47.323-0400] {dag.py:3239} INFO - Sync 1 DAGs
[2025-08-06T14:40:47.333-0400] {logging_mixin.py:190} INFO - [2025-08-06T14:40:47.333-0400] {dag.py:4180} INFO - Setting next_dagrun for example_time_delta_sensor_async to None, run_after=None
[2025-08-06T14:40:47.350-0400] {processor.py:208} INFO - Processing /home/huynguyen2741/airflow_venv/lib/python3.12/site-packages/airflow/example_dags/example_time_delta_sensor_async.py took 0.056 seconds
[2025-08-06T14:41:49.585-0400] {processor.py:186} INFO - Started process (PID=29882) to work on /home/huynguyen2741/airflow_venv/lib/python3.12/site-packages/airflow/example_dags/example_time_delta_sensor_async.py
[2025-08-06T14:41:49.586-0400] {processor.py:914} INFO - Processing file /home/huynguyen2741/airflow_venv/lib/python3.12/site-packages/airflow/example_dags/example_time_delta_sensor_async.py for tasks to queue
[2025-08-06T14:41:49.587-0400] {logging_mixin.py:190} INFO - [2025-08-06T14:41:49.587-0400] {dagbag.py:588} INFO - Filling up the DagBag from /home/huynguyen2741/airflow_venv/lib/python3.12/site-packages/airflow/example_dags/example_time_delta_sensor_async.py
[2025-08-06T14:41:49.592-0400] {processor.py:925} INFO - DAG(s) 'example_time_delta_sensor_async' retrieved from /home/huynguyen2741/airflow_venv/lib/python3.12/site-packages/airflow/example_dags/example_time_delta_sensor_async.py
[2025-08-06T14:41:49.603-0400] {logging_mixin.py:190} INFO - [2025-08-06T14:41:49.603-0400] {dag.py:3239} INFO - Sync 1 DAGs
[2025-08-06T14:41:49.611-0400] {logging_mixin.py:190} INFO - [2025-08-06T14:41:49.611-0400] {dag.py:4180} INFO - Setting next_dagrun for example_time_delta_sensor_async to None, run_after=None
[2025-08-06T14:41:49.626-0400] {processor.py:208} INFO - Processing /home/huynguyen2741/airflow_venv/lib/python3.12/site-packages/airflow/example_dags/example_time_delta_sensor_async.py took 0.046 seconds
[2025-08-06T14:42:53.904-0400] {processor.py:186} INFO - Started process (PID=30105) to work on /home/huynguyen2741/airflow_venv/lib/python3.12/site-packages/airflow/example_dags/example_time_delta_sensor_async.py
[2025-08-06T14:42:53.914-0400] {processor.py:914} INFO - Processing file /home/huynguyen2741/airflow_venv/lib/python3.12/site-packages/airflow/example_dags/example_time_delta_sensor_async.py for tasks to queue
[2025-08-06T14:42:53.915-0400] {logging_mixin.py:190} INFO - [2025-08-06T14:42:53.915-0400] {dagbag.py:588} INFO - Filling up the DagBag from /home/huynguyen2741/airflow_venv/lib/python3.12/site-packages/airflow/example_dags/example_time_delta_sensor_async.py
[2025-08-06T14:42:53.921-0400] {processor.py:925} INFO - DAG(s) 'example_time_delta_sensor_async' retrieved from /home/huynguyen2741/airflow_venv/lib/python3.12/site-packages/airflow/example_dags/example_time_delta_sensor_async.py
[2025-08-06T14:42:53.931-0400] {logging_mixin.py:190} INFO - [2025-08-06T14:42:53.931-0400] {dag.py:3239} INFO - Sync 1 DAGs
[2025-08-06T14:42:53.939-0400] {logging_mixin.py:190} INFO - [2025-08-06T14:42:53.939-0400] {dag.py:4180} INFO - Setting next_dagrun for example_time_delta_sensor_async to None, run_after=None
[2025-08-06T14:42:53.954-0400] {processor.py:208} INFO - Processing /home/huynguyen2741/airflow_venv/lib/python3.12/site-packages/airflow/example_dags/example_time_delta_sensor_async.py took 0.055 seconds
[2025-08-06T14:44:01.293-0400] {processor.py:186} INFO - Started process (PID=30347) to work on /home/huynguyen2741/airflow_venv/lib/python3.12/site-packages/airflow/example_dags/example_time_delta_sensor_async.py
[2025-08-06T14:44:01.304-0400] {processor.py:914} INFO - Processing file /home/huynguyen2741/airflow_venv/lib/python3.12/site-packages/airflow/example_dags/example_time_delta_sensor_async.py for tasks to queue
[2025-08-06T14:44:01.305-0400] {logging_mixin.py:190} INFO - [2025-08-06T14:44:01.305-0400] {dagbag.py:588} INFO - Filling up the DagBag from /home/huynguyen2741/airflow_venv/lib/python3.12/site-packages/airflow/example_dags/example_time_delta_sensor_async.py
[2025-08-06T14:44:01.312-0400] {processor.py:925} INFO - DAG(s) 'example_time_delta_sensor_async' retrieved from /home/huynguyen2741/airflow_venv/lib/python3.12/site-packages/airflow/example_dags/example_time_delta_sensor_async.py
[2025-08-06T14:44:01.324-0400] {logging_mixin.py:190} INFO - [2025-08-06T14:44:01.323-0400] {dag.py:3239} INFO - Sync 1 DAGs
[2025-08-06T14:44:01.332-0400] {logging_mixin.py:190} INFO - [2025-08-06T14:44:01.332-0400] {dag.py:4180} INFO - Setting next_dagrun for example_time_delta_sensor_async to None, run_after=None
[2025-08-06T14:44:01.349-0400] {processor.py:208} INFO - Processing /home/huynguyen2741/airflow_venv/lib/python3.12/site-packages/airflow/example_dags/example_time_delta_sensor_async.py took 0.062 seconds
[2025-08-06T14:44:58.197-0400] {processor.py:186} INFO - Started process (PID=30601) to work on /home/huynguyen2741/airflow_venv/lib/python3.12/site-packages/airflow/example_dags/example_time_delta_sensor_async.py
[2025-08-06T14:44:58.201-0400] {processor.py:914} INFO - Processing file /home/huynguyen2741/airflow_venv/lib/python3.12/site-packages/airflow/example_dags/example_time_delta_sensor_async.py for tasks to queue
[2025-08-06T14:44:58.202-0400] {logging_mixin.py:190} INFO - [2025-08-06T14:44:58.202-0400] {dagbag.py:588} INFO - Filling up the DagBag from /home/huynguyen2741/airflow_venv/lib/python3.12/site-packages/airflow/example_dags/example_time_delta_sensor_async.py
[2025-08-06T14:44:58.208-0400] {processor.py:925} INFO - DAG(s) 'example_time_delta_sensor_async' retrieved from /home/huynguyen2741/airflow_venv/lib/python3.12/site-packages/airflow/example_dags/example_time_delta_sensor_async.py
[2025-08-06T14:44:58.219-0400] {logging_mixin.py:190} INFO - [2025-08-06T14:44:58.219-0400] {dag.py:3239} INFO - Sync 1 DAGs
[2025-08-06T14:44:58.227-0400] {logging_mixin.py:190} INFO - [2025-08-06T14:44:58.227-0400] {dag.py:4180} INFO - Setting next_dagrun for example_time_delta_sensor_async to None, run_after=None
[2025-08-06T14:44:58.243-0400] {processor.py:208} INFO - Processing /home/huynguyen2741/airflow_venv/lib/python3.12/site-packages/airflow/example_dags/example_time_delta_sensor_async.py took 0.051 seconds
[2025-08-06T14:45:58.612-0400] {processor.py:186} INFO - Started process (PID=30865) to work on /home/huynguyen2741/airflow_venv/lib/python3.12/site-packages/airflow/example_dags/example_time_delta_sensor_async.py
[2025-08-06T14:45:58.613-0400] {processor.py:914} INFO - Processing file /home/huynguyen2741/airflow_venv/lib/python3.12/site-packages/airflow/example_dags/example_time_delta_sensor_async.py for tasks to queue
[2025-08-06T14:45:58.614-0400] {logging_mixin.py:190} INFO - [2025-08-06T14:45:58.614-0400] {dagbag.py:588} INFO - Filling up the DagBag from /home/huynguyen2741/airflow_venv/lib/python3.12/site-packages/airflow/example_dags/example_time_delta_sensor_async.py
[2025-08-06T14:45:58.620-0400] {processor.py:925} INFO - DAG(s) 'example_time_delta_sensor_async' retrieved from /home/huynguyen2741/airflow_venv/lib/python3.12/site-packages/airflow/example_dags/example_time_delta_sensor_async.py
[2025-08-06T14:45:58.634-0400] {logging_mixin.py:190} INFO - [2025-08-06T14:45:58.634-0400] {dag.py:3239} INFO - Sync 1 DAGs
[2025-08-06T14:45:58.645-0400] {logging_mixin.py:190} INFO - [2025-08-06T14:45:58.644-0400] {dag.py:4180} INFO - Setting next_dagrun for example_time_delta_sensor_async to None, run_after=None
[2025-08-06T14:45:58.661-0400] {processor.py:208} INFO - Processing /home/huynguyen2741/airflow_venv/lib/python3.12/site-packages/airflow/example_dags/example_time_delta_sensor_async.py took 0.055 seconds
[2025-08-06T14:47:00.180-0400] {processor.py:186} INFO - Started process (PID=31153) to work on /home/huynguyen2741/airflow_venv/lib/python3.12/site-packages/airflow/example_dags/example_time_delta_sensor_async.py
[2025-08-06T14:47:00.181-0400] {processor.py:914} INFO - Processing file /home/huynguyen2741/airflow_venv/lib/python3.12/site-packages/airflow/example_dags/example_time_delta_sensor_async.py for tasks to queue
[2025-08-06T14:47:00.182-0400] {logging_mixin.py:190} INFO - [2025-08-06T14:47:00.182-0400] {dagbag.py:588} INFO - Filling up the DagBag from /home/huynguyen2741/airflow_venv/lib/python3.12/site-packages/airflow/example_dags/example_time_delta_sensor_async.py
[2025-08-06T14:47:00.188-0400] {processor.py:925} INFO - DAG(s) 'example_time_delta_sensor_async' retrieved from /home/huynguyen2741/airflow_venv/lib/python3.12/site-packages/airflow/example_dags/example_time_delta_sensor_async.py
[2025-08-06T14:47:00.200-0400] {logging_mixin.py:190} INFO - [2025-08-06T14:47:00.200-0400] {dag.py:3239} INFO - Sync 1 DAGs
[2025-08-06T14:47:00.210-0400] {logging_mixin.py:190} INFO - [2025-08-06T14:47:00.209-0400] {dag.py:4180} INFO - Setting next_dagrun for example_time_delta_sensor_async to None, run_after=None
[2025-08-06T14:47:00.224-0400] {processor.py:208} INFO - Processing /home/huynguyen2741/airflow_venv/lib/python3.12/site-packages/airflow/example_dags/example_time_delta_sensor_async.py took 0.050 seconds
[2025-08-06T14:48:32.825-0400] {processor.py:186} INFO - Started process (PID=31691) to work on /home/huynguyen2741/airflow_venv/lib/python3.12/site-packages/airflow/example_dags/example_time_delta_sensor_async.py
[2025-08-06T14:48:32.829-0400] {processor.py:914} INFO - Processing file /home/huynguyen2741/airflow_venv/lib/python3.12/site-packages/airflow/example_dags/example_time_delta_sensor_async.py for tasks to queue
[2025-08-06T14:48:32.830-0400] {logging_mixin.py:190} INFO - [2025-08-06T14:48:32.830-0400] {dagbag.py:588} INFO - Filling up the DagBag from /home/huynguyen2741/airflow_venv/lib/python3.12/site-packages/airflow/example_dags/example_time_delta_sensor_async.py
[2025-08-06T14:48:32.836-0400] {processor.py:925} INFO - DAG(s) 'example_time_delta_sensor_async' retrieved from /home/huynguyen2741/airflow_venv/lib/python3.12/site-packages/airflow/example_dags/example_time_delta_sensor_async.py
[2025-08-06T14:48:32.847-0400] {logging_mixin.py:190} INFO - [2025-08-06T14:48:32.847-0400] {dag.py:3239} INFO - Sync 1 DAGs
[2025-08-06T14:48:32.855-0400] {logging_mixin.py:190} INFO - [2025-08-06T14:48:32.855-0400] {dag.py:4180} INFO - Setting next_dagrun for example_time_delta_sensor_async to None, run_after=None
[2025-08-06T14:48:32.871-0400] {processor.py:208} INFO - Processing /home/huynguyen2741/airflow_venv/lib/python3.12/site-packages/airflow/example_dags/example_time_delta_sensor_async.py took 0.052 seconds
[2025-08-06T14:49:34.056-0400] {processor.py:186} INFO - Started process (PID=31911) to work on /home/huynguyen2741/airflow_venv/lib/python3.12/site-packages/airflow/example_dags/example_time_delta_sensor_async.py
[2025-08-06T14:49:34.060-0400] {processor.py:914} INFO - Processing file /home/huynguyen2741/airflow_venv/lib/python3.12/site-packages/airflow/example_dags/example_time_delta_sensor_async.py for tasks to queue
[2025-08-06T14:49:34.061-0400] {logging_mixin.py:190} INFO - [2025-08-06T14:49:34.061-0400] {dagbag.py:588} INFO - Filling up the DagBag from /home/huynguyen2741/airflow_venv/lib/python3.12/site-packages/airflow/example_dags/example_time_delta_sensor_async.py
[2025-08-06T14:49:34.066-0400] {processor.py:925} INFO - DAG(s) 'example_time_delta_sensor_async' retrieved from /home/huynguyen2741/airflow_venv/lib/python3.12/site-packages/airflow/example_dags/example_time_delta_sensor_async.py
[2025-08-06T14:49:34.078-0400] {logging_mixin.py:190} INFO - [2025-08-06T14:49:34.078-0400] {dag.py:3239} INFO - Sync 1 DAGs
[2025-08-06T14:49:34.087-0400] {logging_mixin.py:190} INFO - [2025-08-06T14:49:34.086-0400] {dag.py:4180} INFO - Setting next_dagrun for example_time_delta_sensor_async to None, run_after=None
[2025-08-06T14:49:34.105-0400] {processor.py:208} INFO - Processing /home/huynguyen2741/airflow_venv/lib/python3.12/site-packages/airflow/example_dags/example_time_delta_sensor_async.py took 0.055 seconds
[2025-08-06T14:50:41.570-0400] {processor.py:186} INFO - Started process (PID=32153) to work on /home/huynguyen2741/airflow_venv/lib/python3.12/site-packages/airflow/example_dags/example_time_delta_sensor_async.py
[2025-08-06T14:50:41.574-0400] {processor.py:914} INFO - Processing file /home/huynguyen2741/airflow_venv/lib/python3.12/site-packages/airflow/example_dags/example_time_delta_sensor_async.py for tasks to queue
[2025-08-06T14:50:41.576-0400] {logging_mixin.py:190} INFO - [2025-08-06T14:50:41.575-0400] {dagbag.py:588} INFO - Filling up the DagBag from /home/huynguyen2741/airflow_venv/lib/python3.12/site-packages/airflow/example_dags/example_time_delta_sensor_async.py
[2025-08-06T14:50:41.581-0400] {processor.py:925} INFO - DAG(s) 'example_time_delta_sensor_async' retrieved from /home/huynguyen2741/airflow_venv/lib/python3.12/site-packages/airflow/example_dags/example_time_delta_sensor_async.py
[2025-08-06T14:50:41.592-0400] {logging_mixin.py:190} INFO - [2025-08-06T14:50:41.592-0400] {dag.py:3239} INFO - Sync 1 DAGs
[2025-08-06T14:50:41.600-0400] {logging_mixin.py:190} INFO - [2025-08-06T14:50:41.600-0400] {dag.py:4180} INFO - Setting next_dagrun for example_time_delta_sensor_async to None, run_after=None
[2025-08-06T14:50:41.617-0400] {processor.py:208} INFO - Processing /home/huynguyen2741/airflow_venv/lib/python3.12/site-packages/airflow/example_dags/example_time_delta_sensor_async.py took 0.053 seconds
[2025-08-06T14:51:41.079-0400] {processor.py:186} INFO - Started process (PID=32377) to work on /home/huynguyen2741/airflow_venv/lib/python3.12/site-packages/airflow/example_dags/example_time_delta_sensor_async.py
[2025-08-06T14:51:41.080-0400] {processor.py:914} INFO - Processing file /home/huynguyen2741/airflow_venv/lib/python3.12/site-packages/airflow/example_dags/example_time_delta_sensor_async.py for tasks to queue
[2025-08-06T14:51:41.081-0400] {logging_mixin.py:190} INFO - [2025-08-06T14:51:41.081-0400] {dagbag.py:588} INFO - Filling up the DagBag from /home/huynguyen2741/airflow_venv/lib/python3.12/site-packages/airflow/example_dags/example_time_delta_sensor_async.py
[2025-08-06T14:51:41.086-0400] {processor.py:925} INFO - DAG(s) 'example_time_delta_sensor_async' retrieved from /home/huynguyen2741/airflow_venv/lib/python3.12/site-packages/airflow/example_dags/example_time_delta_sensor_async.py
[2025-08-06T14:51:41.097-0400] {logging_mixin.py:190} INFO - [2025-08-06T14:51:41.097-0400] {dag.py:3239} INFO - Sync 1 DAGs
[2025-08-06T14:51:41.105-0400] {logging_mixin.py:190} INFO - [2025-08-06T14:51:41.105-0400] {dag.py:4180} INFO - Setting next_dagrun for example_time_delta_sensor_async to None, run_after=None
[2025-08-06T14:51:41.121-0400] {processor.py:208} INFO - Processing /home/huynguyen2741/airflow_venv/lib/python3.12/site-packages/airflow/example_dags/example_time_delta_sensor_async.py took 0.048 seconds
[2025-08-06T14:52:42.829-0400] {processor.py:186} INFO - Started process (PID=32634) to work on /home/huynguyen2741/airflow_venv/lib/python3.12/site-packages/airflow/example_dags/example_time_delta_sensor_async.py
[2025-08-06T14:52:42.839-0400] {processor.py:914} INFO - Processing file /home/huynguyen2741/airflow_venv/lib/python3.12/site-packages/airflow/example_dags/example_time_delta_sensor_async.py for tasks to queue
[2025-08-06T14:52:42.840-0400] {logging_mixin.py:190} INFO - [2025-08-06T14:52:42.840-0400] {dagbag.py:588} INFO - Filling up the DagBag from /home/huynguyen2741/airflow_venv/lib/python3.12/site-packages/airflow/example_dags/example_time_delta_sensor_async.py
[2025-08-06T14:52:42.846-0400] {processor.py:925} INFO - DAG(s) 'example_time_delta_sensor_async' retrieved from /home/huynguyen2741/airflow_venv/lib/python3.12/site-packages/airflow/example_dags/example_time_delta_sensor_async.py
[2025-08-06T14:52:42.857-0400] {logging_mixin.py:190} INFO - [2025-08-06T14:52:42.856-0400] {dag.py:3239} INFO - Sync 1 DAGs
[2025-08-06T14:52:42.865-0400] {logging_mixin.py:190} INFO - [2025-08-06T14:52:42.865-0400] {dag.py:4180} INFO - Setting next_dagrun for example_time_delta_sensor_async to None, run_after=None
[2025-08-06T14:52:42.881-0400] {processor.py:208} INFO - Processing /home/huynguyen2741/airflow_venv/lib/python3.12/site-packages/airflow/example_dags/example_time_delta_sensor_async.py took 0.057 seconds
[2025-08-06T14:53:47.237-0400] {processor.py:186} INFO - Started process (PID=33057) to work on /home/huynguyen2741/airflow_venv/lib/python3.12/site-packages/airflow/example_dags/example_time_delta_sensor_async.py
[2025-08-06T14:53:47.241-0400] {processor.py:914} INFO - Processing file /home/huynguyen2741/airflow_venv/lib/python3.12/site-packages/airflow/example_dags/example_time_delta_sensor_async.py for tasks to queue
[2025-08-06T14:53:47.243-0400] {logging_mixin.py:190} INFO - [2025-08-06T14:53:47.242-0400] {dagbag.py:588} INFO - Filling up the DagBag from /home/huynguyen2741/airflow_venv/lib/python3.12/site-packages/airflow/example_dags/example_time_delta_sensor_async.py
[2025-08-06T14:53:47.248-0400] {processor.py:925} INFO - DAG(s) 'example_time_delta_sensor_async' retrieved from /home/huynguyen2741/airflow_venv/lib/python3.12/site-packages/airflow/example_dags/example_time_delta_sensor_async.py
[2025-08-06T14:53:47.259-0400] {logging_mixin.py:190} INFO - [2025-08-06T14:53:47.258-0400] {dag.py:3239} INFO - Sync 1 DAGs
[2025-08-06T14:53:47.267-0400] {logging_mixin.py:190} INFO - [2025-08-06T14:53:47.267-0400] {dag.py:4180} INFO - Setting next_dagrun for example_time_delta_sensor_async to None, run_after=None
[2025-08-06T14:53:47.284-0400] {processor.py:208} INFO - Processing /home/huynguyen2741/airflow_venv/lib/python3.12/site-packages/airflow/example_dags/example_time_delta_sensor_async.py took 0.053 seconds
[2025-08-06T14:54:42.088-0400] {processor.py:186} INFO - Started process (PID=33430) to work on /home/huynguyen2741/airflow_venv/lib/python3.12/site-packages/airflow/example_dags/example_time_delta_sensor_async.py
[2025-08-06T14:54:42.089-0400] {processor.py:914} INFO - Processing file /home/huynguyen2741/airflow_venv/lib/python3.12/site-packages/airflow/example_dags/example_time_delta_sensor_async.py for tasks to queue
[2025-08-06T14:54:42.090-0400] {logging_mixin.py:190} INFO - [2025-08-06T14:54:42.090-0400] {dagbag.py:588} INFO - Filling up the DagBag from /home/huynguyen2741/airflow_venv/lib/python3.12/site-packages/airflow/example_dags/example_time_delta_sensor_async.py
[2025-08-06T14:54:42.095-0400] {processor.py:925} INFO - DAG(s) 'example_time_delta_sensor_async' retrieved from /home/huynguyen2741/airflow_venv/lib/python3.12/site-packages/airflow/example_dags/example_time_delta_sensor_async.py
[2025-08-06T14:54:42.106-0400] {logging_mixin.py:190} INFO - [2025-08-06T14:54:42.106-0400] {dag.py:3239} INFO - Sync 1 DAGs
[2025-08-06T14:54:42.114-0400] {logging_mixin.py:190} INFO - [2025-08-06T14:54:42.114-0400] {dag.py:4180} INFO - Setting next_dagrun for example_time_delta_sensor_async to None, run_after=None
[2025-08-06T14:54:42.129-0400] {processor.py:208} INFO - Processing /home/huynguyen2741/airflow_venv/lib/python3.12/site-packages/airflow/example_dags/example_time_delta_sensor_async.py took 0.047 seconds
[2025-08-06T14:55:46.186-0400] {processor.py:186} INFO - Started process (PID=33682) to work on /home/huynguyen2741/airflow_venv/lib/python3.12/site-packages/airflow/example_dags/example_time_delta_sensor_async.py
[2025-08-06T14:55:46.191-0400] {processor.py:914} INFO - Processing file /home/huynguyen2741/airflow_venv/lib/python3.12/site-packages/airflow/example_dags/example_time_delta_sensor_async.py for tasks to queue
[2025-08-06T14:55:46.192-0400] {logging_mixin.py:190} INFO - [2025-08-06T14:55:46.192-0400] {dagbag.py:588} INFO - Filling up the DagBag from /home/huynguyen2741/airflow_venv/lib/python3.12/site-packages/airflow/example_dags/example_time_delta_sensor_async.py
[2025-08-06T14:55:46.197-0400] {processor.py:925} INFO - DAG(s) 'example_time_delta_sensor_async' retrieved from /home/huynguyen2741/airflow_venv/lib/python3.12/site-packages/airflow/example_dags/example_time_delta_sensor_async.py
[2025-08-06T14:55:46.209-0400] {logging_mixin.py:190} INFO - [2025-08-06T14:55:46.208-0400] {dag.py:3239} INFO - Sync 1 DAGs
[2025-08-06T14:55:46.217-0400] {logging_mixin.py:190} INFO - [2025-08-06T14:55:46.217-0400] {dag.py:4180} INFO - Setting next_dagrun for example_time_delta_sensor_async to None, run_after=None
[2025-08-06T14:55:46.233-0400] {processor.py:208} INFO - Processing /home/huynguyen2741/airflow_venv/lib/python3.12/site-packages/airflow/example_dags/example_time_delta_sensor_async.py took 0.053 seconds
[2025-08-06T14:56:49.113-0400] {processor.py:186} INFO - Started process (PID=33994) to work on /home/huynguyen2741/airflow_venv/lib/python3.12/site-packages/airflow/example_dags/example_time_delta_sensor_async.py
[2025-08-06T14:56:49.114-0400] {processor.py:914} INFO - Processing file /home/huynguyen2741/airflow_venv/lib/python3.12/site-packages/airflow/example_dags/example_time_delta_sensor_async.py for tasks to queue
[2025-08-06T14:56:49.115-0400] {logging_mixin.py:190} INFO - [2025-08-06T14:56:49.115-0400] {dagbag.py:588} INFO - Filling up the DagBag from /home/huynguyen2741/airflow_venv/lib/python3.12/site-packages/airflow/example_dags/example_time_delta_sensor_async.py
[2025-08-06T14:56:49.121-0400] {processor.py:925} INFO - DAG(s) 'example_time_delta_sensor_async' retrieved from /home/huynguyen2741/airflow_venv/lib/python3.12/site-packages/airflow/example_dags/example_time_delta_sensor_async.py
[2025-08-06T14:56:49.133-0400] {logging_mixin.py:190} INFO - [2025-08-06T14:56:49.132-0400] {dag.py:3239} INFO - Sync 1 DAGs
[2025-08-06T14:56:49.141-0400] {logging_mixin.py:190} INFO - [2025-08-06T14:56:49.141-0400] {dag.py:4180} INFO - Setting next_dagrun for example_time_delta_sensor_async to None, run_after=None
[2025-08-06T14:56:49.157-0400] {processor.py:208} INFO - Processing /home/huynguyen2741/airflow_venv/lib/python3.12/site-packages/airflow/example_dags/example_time_delta_sensor_async.py took 0.050 seconds
[2025-08-06T14:57:50.646-0400] {processor.py:186} INFO - Started process (PID=34268) to work on /home/huynguyen2741/airflow_venv/lib/python3.12/site-packages/airflow/example_dags/example_time_delta_sensor_async.py
[2025-08-06T14:57:50.647-0400] {processor.py:914} INFO - Processing file /home/huynguyen2741/airflow_venv/lib/python3.12/site-packages/airflow/example_dags/example_time_delta_sensor_async.py for tasks to queue
[2025-08-06T14:57:50.648-0400] {logging_mixin.py:190} INFO - [2025-08-06T14:57:50.648-0400] {dagbag.py:588} INFO - Filling up the DagBag from /home/huynguyen2741/airflow_venv/lib/python3.12/site-packages/airflow/example_dags/example_time_delta_sensor_async.py
[2025-08-06T14:57:50.653-0400] {processor.py:925} INFO - DAG(s) 'example_time_delta_sensor_async' retrieved from /home/huynguyen2741/airflow_venv/lib/python3.12/site-packages/airflow/example_dags/example_time_delta_sensor_async.py
[2025-08-06T14:57:50.664-0400] {logging_mixin.py:190} INFO - [2025-08-06T14:57:50.664-0400] {dag.py:3239} INFO - Sync 1 DAGs
[2025-08-06T14:57:50.672-0400] {logging_mixin.py:190} INFO - [2025-08-06T14:57:50.672-0400] {dag.py:4180} INFO - Setting next_dagrun for example_time_delta_sensor_async to None, run_after=None
[2025-08-06T14:57:50.688-0400] {processor.py:208} INFO - Processing /home/huynguyen2741/airflow_venv/lib/python3.12/site-packages/airflow/example_dags/example_time_delta_sensor_async.py took 0.048 seconds
[2025-08-06T14:58:53.080-0400] {processor.py:186} INFO - Started process (PID=34526) to work on /home/huynguyen2741/airflow_venv/lib/python3.12/site-packages/airflow/example_dags/example_time_delta_sensor_async.py
[2025-08-06T14:58:53.081-0400] {processor.py:914} INFO - Processing file /home/huynguyen2741/airflow_venv/lib/python3.12/site-packages/airflow/example_dags/example_time_delta_sensor_async.py for tasks to queue
[2025-08-06T14:58:53.082-0400] {logging_mixin.py:190} INFO - [2025-08-06T14:58:53.082-0400] {dagbag.py:588} INFO - Filling up the DagBag from /home/huynguyen2741/airflow_venv/lib/python3.12/site-packages/airflow/example_dags/example_time_delta_sensor_async.py
[2025-08-06T14:58:53.088-0400] {processor.py:925} INFO - DAG(s) 'example_time_delta_sensor_async' retrieved from /home/huynguyen2741/airflow_venv/lib/python3.12/site-packages/airflow/example_dags/example_time_delta_sensor_async.py
[2025-08-06T14:58:53.100-0400] {logging_mixin.py:190} INFO - [2025-08-06T14:58:53.100-0400] {dag.py:3239} INFO - Sync 1 DAGs
[2025-08-06T14:58:53.109-0400] {logging_mixin.py:190} INFO - [2025-08-06T14:58:53.108-0400] {dag.py:4180} INFO - Setting next_dagrun for example_time_delta_sensor_async to None, run_after=None
[2025-08-06T14:58:53.123-0400] {processor.py:208} INFO - Processing /home/huynguyen2741/airflow_venv/lib/python3.12/site-packages/airflow/example_dags/example_time_delta_sensor_async.py took 0.048 seconds
[2025-08-06T14:59:57.879-0400] {processor.py:186} INFO - Started process (PID=34774) to work on /home/huynguyen2741/airflow_venv/lib/python3.12/site-packages/airflow/example_dags/example_time_delta_sensor_async.py
[2025-08-06T14:59:57.880-0400] {processor.py:914} INFO - Processing file /home/huynguyen2741/airflow_venv/lib/python3.12/site-packages/airflow/example_dags/example_time_delta_sensor_async.py for tasks to queue
[2025-08-06T14:59:57.881-0400] {logging_mixin.py:190} INFO - [2025-08-06T14:59:57.881-0400] {dagbag.py:588} INFO - Filling up the DagBag from /home/huynguyen2741/airflow_venv/lib/python3.12/site-packages/airflow/example_dags/example_time_delta_sensor_async.py
[2025-08-06T14:59:57.887-0400] {processor.py:925} INFO - DAG(s) 'example_time_delta_sensor_async' retrieved from /home/huynguyen2741/airflow_venv/lib/python3.12/site-packages/airflow/example_dags/example_time_delta_sensor_async.py
[2025-08-06T14:59:57.898-0400] {logging_mixin.py:190} INFO - [2025-08-06T14:59:57.898-0400] {dag.py:3239} INFO - Sync 1 DAGs
[2025-08-06T14:59:57.906-0400] {logging_mixin.py:190} INFO - [2025-08-06T14:59:57.906-0400] {dag.py:4180} INFO - Setting next_dagrun for example_time_delta_sensor_async to None, run_after=None
[2025-08-06T14:59:57.922-0400] {processor.py:208} INFO - Processing /home/huynguyen2741/airflow_venv/lib/python3.12/site-packages/airflow/example_dags/example_time_delta_sensor_async.py took 0.049 seconds
