[2025-08-06T13:57:10.224-0400] {processor.py:186} INFO - Started process (PID=17683) to work on /home/huynguyen2741/airflow_venv/lib/python3.12/site-packages/airflow/example_dags/example_latest_only_with_trigger.py
[2025-08-06T13:57:10.225-0400] {processor.py:914} INFO - Processing file /home/huynguyen2741/airflow_venv/lib/python3.12/site-packages/airflow/example_dags/example_latest_only_with_trigger.py for tasks to queue
[2025-08-06T13:57:10.227-0400] {logging_mixin.py:190} INFO - [2025-08-06T13:57:10.227-0400] {dagbag.py:588} INFO - Filling up the DagBag from /home/huynguyen2741/airflow_venv/lib/python3.12/site-packages/airflow/example_dags/example_latest_only_with_trigger.py
[2025-08-06T13:57:10.235-0400] {processor.py:925} INFO - DAG(s) 'latest_only_with_trigger' retrieved from /home/huynguyen2741/airflow_venv/lib/python3.12/site-packages/airflow/example_dags/example_latest_only_with_trigger.py
[2025-08-06T13:57:10.326-0400] {logging_mixin.py:190} INFO - [2025-08-06T13:57:10.326-0400] {override.py:1930} INFO - Created Permission View: can edit on DAG:latest_only_with_trigger
[2025-08-06T13:57:10.336-0400] {logging_mixin.py:190} INFO - [2025-08-06T13:57:10.336-0400] {override.py:1930} INFO - Created Permission View: can read on DAG:latest_only_with_trigger
[2025-08-06T13:57:10.344-0400] {logging_mixin.py:190} INFO - [2025-08-06T13:57:10.344-0400] {override.py:1930} INFO - Created Permission View: can delete on DAG:latest_only_with_trigger
[2025-08-06T13:57:10.358-0400] {logging_mixin.py:190} INFO - [2025-08-06T13:57:10.357-0400] {override.py:1930} INFO - Created Permission View: menu access on DAG Run:latest_only_with_trigger
[2025-08-06T13:57:10.367-0400] {logging_mixin.py:190} INFO - [2025-08-06T13:57:10.366-0400] {override.py:1930} INFO - Created Permission View: can read on DAG Run:latest_only_with_trigger
[2025-08-06T13:57:10.380-0400] {logging_mixin.py:190} INFO - [2025-08-06T13:57:10.380-0400] {override.py:1930} INFO - Created Permission View: can create on DAG Run:latest_only_with_trigger
[2025-08-06T13:57:10.395-0400] {logging_mixin.py:190} INFO - [2025-08-06T13:57:10.394-0400] {override.py:1930} INFO - Created Permission View: can delete on DAG Run:latest_only_with_trigger
[2025-08-06T13:57:10.395-0400] {logging_mixin.py:190} INFO - [2025-08-06T13:57:10.395-0400] {dag.py:3239} INFO - Sync 1 DAGs
[2025-08-06T13:57:10.405-0400] {logging_mixin.py:190} INFO - [2025-08-06T13:57:10.405-0400] {dag.py:3262} INFO - Creating ORM DAG for latest_only_with_trigger
[2025-08-06T13:57:10.411-0400] {logging_mixin.py:190} INFO - [2025-08-06T13:57:10.411-0400] {dag.py:4180} INFO - Setting next_dagrun for latest_only_with_trigger to 2025-08-06 12:00:00+00:00, run_after=2025-08-06 16:00:00+00:00
[2025-08-06T13:57:10.427-0400] {processor.py:208} INFO - Processing /home/huynguyen2741/airflow_venv/lib/python3.12/site-packages/airflow/example_dags/example_latest_only_with_trigger.py took 0.207 seconds
[2025-08-06T13:58:13.502-0400] {processor.py:186} INFO - Started process (PID=17931) to work on /home/huynguyen2741/airflow_venv/lib/python3.12/site-packages/airflow/example_dags/example_latest_only_with_trigger.py
[2025-08-06T13:58:13.506-0400] {processor.py:914} INFO - Processing file /home/huynguyen2741/airflow_venv/lib/python3.12/site-packages/airflow/example_dags/example_latest_only_with_trigger.py for tasks to queue
[2025-08-06T13:58:13.508-0400] {logging_mixin.py:190} INFO - [2025-08-06T13:58:13.507-0400] {dagbag.py:588} INFO - Filling up the DagBag from /home/huynguyen2741/airflow_venv/lib/python3.12/site-packages/airflow/example_dags/example_latest_only_with_trigger.py
[2025-08-06T13:58:13.514-0400] {processor.py:925} INFO - DAG(s) 'latest_only_with_trigger' retrieved from /home/huynguyen2741/airflow_venv/lib/python3.12/site-packages/airflow/example_dags/example_latest_only_with_trigger.py
[2025-08-06T13:58:13.526-0400] {logging_mixin.py:190} INFO - [2025-08-06T13:58:13.526-0400] {dag.py:3239} INFO - Sync 1 DAGs
[2025-08-06T13:58:13.538-0400] {logging_mixin.py:190} INFO - [2025-08-06T13:58:13.538-0400] {dag.py:4180} INFO - Setting next_dagrun for latest_only_with_trigger to 2025-08-06 12:00:00+00:00, run_after=2025-08-06 16:00:00+00:00
[2025-08-06T13:58:13.555-0400] {processor.py:208} INFO - Processing /home/huynguyen2741/airflow_venv/lib/python3.12/site-packages/airflow/example_dags/example_latest_only_with_trigger.py took 0.058 seconds
[2025-08-06T13:59:13.841-0400] {processor.py:186} INFO - Started process (PID=18148) to work on /home/huynguyen2741/airflow_venv/lib/python3.12/site-packages/airflow/example_dags/example_latest_only_with_trigger.py
[2025-08-06T13:59:13.842-0400] {processor.py:914} INFO - Processing file /home/huynguyen2741/airflow_venv/lib/python3.12/site-packages/airflow/example_dags/example_latest_only_with_trigger.py for tasks to queue
[2025-08-06T13:59:13.844-0400] {logging_mixin.py:190} INFO - [2025-08-06T13:59:13.843-0400] {dagbag.py:588} INFO - Filling up the DagBag from /home/huynguyen2741/airflow_venv/lib/python3.12/site-packages/airflow/example_dags/example_latest_only_with_trigger.py
[2025-08-06T13:59:13.849-0400] {processor.py:925} INFO - DAG(s) 'latest_only_with_trigger' retrieved from /home/huynguyen2741/airflow_venv/lib/python3.12/site-packages/airflow/example_dags/example_latest_only_with_trigger.py
[2025-08-06T13:59:13.860-0400] {logging_mixin.py:190} INFO - [2025-08-06T13:59:13.860-0400] {dag.py:3239} INFO - Sync 1 DAGs
[2025-08-06T13:59:13.872-0400] {logging_mixin.py:190} INFO - [2025-08-06T13:59:13.872-0400] {dag.py:4180} INFO - Setting next_dagrun for latest_only_with_trigger to 2025-08-06 12:00:00+00:00, run_after=2025-08-06 16:00:00+00:00
[2025-08-06T13:59:13.887-0400] {processor.py:208} INFO - Processing /home/huynguyen2741/airflow_venv/lib/python3.12/site-packages/airflow/example_dags/example_latest_only_with_trigger.py took 0.050 seconds
[2025-08-06T14:00:17.469-0400] {processor.py:186} INFO - Started process (PID=18367) to work on /home/huynguyen2741/airflow_venv/lib/python3.12/site-packages/airflow/example_dags/example_latest_only_with_trigger.py
[2025-08-06T14:00:17.479-0400] {processor.py:914} INFO - Processing file /home/huynguyen2741/airflow_venv/lib/python3.12/site-packages/airflow/example_dags/example_latest_only_with_trigger.py for tasks to queue
[2025-08-06T14:00:17.481-0400] {logging_mixin.py:190} INFO - [2025-08-06T14:00:17.480-0400] {dagbag.py:588} INFO - Filling up the DagBag from /home/huynguyen2741/airflow_venv/lib/python3.12/site-packages/airflow/example_dags/example_latest_only_with_trigger.py
[2025-08-06T14:00:17.487-0400] {processor.py:925} INFO - DAG(s) 'latest_only_with_trigger' retrieved from /home/huynguyen2741/airflow_venv/lib/python3.12/site-packages/airflow/example_dags/example_latest_only_with_trigger.py
[2025-08-06T14:00:17.499-0400] {logging_mixin.py:190} INFO - [2025-08-06T14:00:17.499-0400] {dag.py:3239} INFO - Sync 1 DAGs
[2025-08-06T14:00:17.513-0400] {logging_mixin.py:190} INFO - [2025-08-06T14:00:17.512-0400] {dag.py:4180} INFO - Setting next_dagrun for latest_only_with_trigger to 2025-08-06 12:00:00+00:00, run_after=2025-08-06 16:00:00+00:00
[2025-08-06T14:00:17.529-0400] {processor.py:208} INFO - Processing /home/huynguyen2741/airflow_venv/lib/python3.12/site-packages/airflow/example_dags/example_latest_only_with_trigger.py took 0.064 seconds
[2025-08-06T14:01:21.095-0400] {processor.py:186} INFO - Started process (PID=18594) to work on /home/huynguyen2741/airflow_venv/lib/python3.12/site-packages/airflow/example_dags/example_latest_only_with_trigger.py
[2025-08-06T14:01:21.096-0400] {processor.py:914} INFO - Processing file /home/huynguyen2741/airflow_venv/lib/python3.12/site-packages/airflow/example_dags/example_latest_only_with_trigger.py for tasks to queue
[2025-08-06T14:01:21.097-0400] {logging_mixin.py:190} INFO - [2025-08-06T14:01:21.097-0400] {dagbag.py:588} INFO - Filling up the DagBag from /home/huynguyen2741/airflow_venv/lib/python3.12/site-packages/airflow/example_dags/example_latest_only_with_trigger.py
[2025-08-06T14:01:21.103-0400] {processor.py:925} INFO - DAG(s) 'latest_only_with_trigger' retrieved from /home/huynguyen2741/airflow_venv/lib/python3.12/site-packages/airflow/example_dags/example_latest_only_with_trigger.py
[2025-08-06T14:01:21.114-0400] {logging_mixin.py:190} INFO - [2025-08-06T14:01:21.114-0400] {dag.py:3239} INFO - Sync 1 DAGs
[2025-08-06T14:01:21.128-0400] {logging_mixin.py:190} INFO - [2025-08-06T14:01:21.128-0400] {dag.py:4180} INFO - Setting next_dagrun for latest_only_with_trigger to 2025-08-06 12:00:00+00:00, run_after=2025-08-06 16:00:00+00:00
[2025-08-06T14:01:21.144-0400] {processor.py:208} INFO - Processing /home/huynguyen2741/airflow_venv/lib/python3.12/site-packages/airflow/example_dags/example_latest_only_with_trigger.py took 0.054 seconds
[2025-08-06T14:02:19.678-0400] {processor.py:186} INFO - Started process (PID=18836) to work on /home/huynguyen2741/airflow_venv/lib/python3.12/site-packages/airflow/example_dags/example_latest_only_with_trigger.py
[2025-08-06T14:02:19.679-0400] {processor.py:914} INFO - Processing file /home/huynguyen2741/airflow_venv/lib/python3.12/site-packages/airflow/example_dags/example_latest_only_with_trigger.py for tasks to queue
[2025-08-06T14:02:19.681-0400] {logging_mixin.py:190} INFO - [2025-08-06T14:02:19.681-0400] {dagbag.py:588} INFO - Filling up the DagBag from /home/huynguyen2741/airflow_venv/lib/python3.12/site-packages/airflow/example_dags/example_latest_only_with_trigger.py
[2025-08-06T14:02:19.687-0400] {processor.py:925} INFO - DAG(s) 'latest_only_with_trigger' retrieved from /home/huynguyen2741/airflow_venv/lib/python3.12/site-packages/airflow/example_dags/example_latest_only_with_trigger.py
[2025-08-06T14:02:19.698-0400] {logging_mixin.py:190} INFO - [2025-08-06T14:02:19.697-0400] {dag.py:3239} INFO - Sync 1 DAGs
[2025-08-06T14:02:19.709-0400] {logging_mixin.py:190} INFO - [2025-08-06T14:02:19.709-0400] {dag.py:4180} INFO - Setting next_dagrun for latest_only_with_trigger to 2025-08-06 12:00:00+00:00, run_after=2025-08-06 16:00:00+00:00
[2025-08-06T14:02:19.724-0400] {processor.py:208} INFO - Processing /home/huynguyen2741/airflow_venv/lib/python3.12/site-packages/airflow/example_dags/example_latest_only_with_trigger.py took 0.050 seconds
[2025-08-06T14:03:22.955-0400] {processor.py:186} INFO - Started process (PID=19062) to work on /home/huynguyen2741/airflow_venv/lib/python3.12/site-packages/airflow/example_dags/example_latest_only_with_trigger.py
[2025-08-06T14:03:22.965-0400] {processor.py:914} INFO - Processing file /home/huynguyen2741/airflow_venv/lib/python3.12/site-packages/airflow/example_dags/example_latest_only_with_trigger.py for tasks to queue
[2025-08-06T14:03:22.967-0400] {logging_mixin.py:190} INFO - [2025-08-06T14:03:22.967-0400] {dagbag.py:588} INFO - Filling up the DagBag from /home/huynguyen2741/airflow_venv/lib/python3.12/site-packages/airflow/example_dags/example_latest_only_with_trigger.py
[2025-08-06T14:03:22.973-0400] {processor.py:925} INFO - DAG(s) 'latest_only_with_trigger' retrieved from /home/huynguyen2741/airflow_venv/lib/python3.12/site-packages/airflow/example_dags/example_latest_only_with_trigger.py
[2025-08-06T14:03:22.984-0400] {logging_mixin.py:190} INFO - [2025-08-06T14:03:22.984-0400] {dag.py:3239} INFO - Sync 1 DAGs
[2025-08-06T14:03:22.996-0400] {logging_mixin.py:190} INFO - [2025-08-06T14:03:22.996-0400] {dag.py:4180} INFO - Setting next_dagrun for latest_only_with_trigger to 2025-08-06 12:00:00+00:00, run_after=2025-08-06 16:00:00+00:00
[2025-08-06T14:03:23.011-0400] {processor.py:208} INFO - Processing /home/huynguyen2741/airflow_venv/lib/python3.12/site-packages/airflow/example_dags/example_latest_only_with_trigger.py took 0.061 seconds
[2025-08-06T14:04:25.222-0400] {processor.py:186} INFO - Started process (PID=19282) to work on /home/huynguyen2741/airflow_venv/lib/python3.12/site-packages/airflow/example_dags/example_latest_only_with_trigger.py
[2025-08-06T14:04:25.231-0400] {processor.py:914} INFO - Processing file /home/huynguyen2741/airflow_venv/lib/python3.12/site-packages/airflow/example_dags/example_latest_only_with_trigger.py for tasks to queue
[2025-08-06T14:04:25.233-0400] {logging_mixin.py:190} INFO - [2025-08-06T14:04:25.233-0400] {dagbag.py:588} INFO - Filling up the DagBag from /home/huynguyen2741/airflow_venv/lib/python3.12/site-packages/airflow/example_dags/example_latest_only_with_trigger.py
[2025-08-06T14:04:25.238-0400] {processor.py:925} INFO - DAG(s) 'latest_only_with_trigger' retrieved from /home/huynguyen2741/airflow_venv/lib/python3.12/site-packages/airflow/example_dags/example_latest_only_with_trigger.py
[2025-08-06T14:04:25.249-0400] {logging_mixin.py:190} INFO - [2025-08-06T14:04:25.249-0400] {dag.py:3239} INFO - Sync 1 DAGs
[2025-08-06T14:04:25.263-0400] {logging_mixin.py:190} INFO - [2025-08-06T14:04:25.263-0400] {dag.py:4180} INFO - Setting next_dagrun for latest_only_with_trigger to 2025-08-06 12:00:00+00:00, run_after=2025-08-06 16:00:00+00:00
[2025-08-06T14:04:25.279-0400] {processor.py:208} INFO - Processing /home/huynguyen2741/airflow_venv/lib/python3.12/site-packages/airflow/example_dags/example_latest_only_with_trigger.py took 0.062 seconds
[2025-08-06T14:05:29.691-0400] {processor.py:186} INFO - Started process (PID=19654) to work on /home/huynguyen2741/airflow_venv/lib/python3.12/site-packages/airflow/example_dags/example_latest_only_with_trigger.py
[2025-08-06T14:05:29.701-0400] {processor.py:914} INFO - Processing file /home/huynguyen2741/airflow_venv/lib/python3.12/site-packages/airflow/example_dags/example_latest_only_with_trigger.py for tasks to queue
[2025-08-06T14:05:29.704-0400] {logging_mixin.py:190} INFO - [2025-08-06T14:05:29.703-0400] {dagbag.py:588} INFO - Filling up the DagBag from /home/huynguyen2741/airflow_venv/lib/python3.12/site-packages/airflow/example_dags/example_latest_only_with_trigger.py
[2025-08-06T14:05:29.711-0400] {processor.py:925} INFO - DAG(s) 'latest_only_with_trigger' retrieved from /home/huynguyen2741/airflow_venv/lib/python3.12/site-packages/airflow/example_dags/example_latest_only_with_trigger.py
[2025-08-06T14:05:29.726-0400] {logging_mixin.py:190} INFO - [2025-08-06T14:05:29.726-0400] {dag.py:3239} INFO - Sync 1 DAGs
[2025-08-06T14:05:29.740-0400] {logging_mixin.py:190} INFO - [2025-08-06T14:05:29.740-0400] {dag.py:4180} INFO - Setting next_dagrun for latest_only_with_trigger to 2025-08-06 12:00:00+00:00, run_after=2025-08-06 16:00:00+00:00
[2025-08-06T14:05:29.757-0400] {processor.py:208} INFO - Processing /home/huynguyen2741/airflow_venv/lib/python3.12/site-packages/airflow/example_dags/example_latest_only_with_trigger.py took 0.072 seconds
[2025-08-06T14:06:29.923-0400] {processor.py:186} INFO - Started process (PID=19881) to work on /home/huynguyen2741/airflow_venv/lib/python3.12/site-packages/airflow/example_dags/example_latest_only_with_trigger.py
[2025-08-06T14:06:29.924-0400] {processor.py:914} INFO - Processing file /home/huynguyen2741/airflow_venv/lib/python3.12/site-packages/airflow/example_dags/example_latest_only_with_trigger.py for tasks to queue
[2025-08-06T14:06:29.925-0400] {logging_mixin.py:190} INFO - [2025-08-06T14:06:29.925-0400] {dagbag.py:588} INFO - Filling up the DagBag from /home/huynguyen2741/airflow_venv/lib/python3.12/site-packages/airflow/example_dags/example_latest_only_with_trigger.py
[2025-08-06T14:06:29.932-0400] {processor.py:925} INFO - DAG(s) 'latest_only_with_trigger' retrieved from /home/huynguyen2741/airflow_venv/lib/python3.12/site-packages/airflow/example_dags/example_latest_only_with_trigger.py
[2025-08-06T14:06:29.943-0400] {logging_mixin.py:190} INFO - [2025-08-06T14:06:29.943-0400] {dag.py:3239} INFO - Sync 1 DAGs
[2025-08-06T14:06:29.958-0400] {logging_mixin.py:190} INFO - [2025-08-06T14:06:29.958-0400] {dag.py:4180} INFO - Setting next_dagrun for latest_only_with_trigger to 2025-08-06 12:00:00+00:00, run_after=2025-08-06 16:00:00+00:00
[2025-08-06T14:06:30.069-0400] {processor.py:208} INFO - Processing /home/huynguyen2741/airflow_venv/lib/python3.12/site-packages/airflow/example_dags/example_latest_only_with_trigger.py took 0.151 seconds
[2025-08-06T14:07:38.093-0400] {processor.py:186} INFO - Started process (PID=20124) to work on /home/huynguyen2741/airflow_venv/lib/python3.12/site-packages/airflow/example_dags/example_latest_only_with_trigger.py
[2025-08-06T14:07:38.094-0400] {processor.py:914} INFO - Processing file /home/huynguyen2741/airflow_venv/lib/python3.12/site-packages/airflow/example_dags/example_latest_only_with_trigger.py for tasks to queue
[2025-08-06T14:07:38.096-0400] {logging_mixin.py:190} INFO - [2025-08-06T14:07:38.095-0400] {dagbag.py:588} INFO - Filling up the DagBag from /home/huynguyen2741/airflow_venv/lib/python3.12/site-packages/airflow/example_dags/example_latest_only_with_trigger.py
[2025-08-06T14:07:38.102-0400] {processor.py:925} INFO - DAG(s) 'latest_only_with_trigger' retrieved from /home/huynguyen2741/airflow_venv/lib/python3.12/site-packages/airflow/example_dags/example_latest_only_with_trigger.py
[2025-08-06T14:07:38.114-0400] {logging_mixin.py:190} INFO - [2025-08-06T14:07:38.114-0400] {dag.py:3239} INFO - Sync 1 DAGs
[2025-08-06T14:07:38.126-0400] {logging_mixin.py:190} INFO - [2025-08-06T14:07:38.126-0400] {dag.py:4180} INFO - Setting next_dagrun for latest_only_with_trigger to 2025-08-06 12:00:00+00:00, run_after=2025-08-06 16:00:00+00:00
[2025-08-06T14:07:38.250-0400] {processor.py:208} INFO - Processing /home/huynguyen2741/airflow_venv/lib/python3.12/site-packages/airflow/example_dags/example_latest_only_with_trigger.py took 0.161 seconds
[2025-08-06T14:08:44.170-0400] {processor.py:186} INFO - Started process (PID=20447) to work on /home/huynguyen2741/airflow_venv/lib/python3.12/site-packages/airflow/example_dags/example_latest_only_with_trigger.py
[2025-08-06T14:08:44.171-0400] {processor.py:914} INFO - Processing file /home/huynguyen2741/airflow_venv/lib/python3.12/site-packages/airflow/example_dags/example_latest_only_with_trigger.py for tasks to queue
[2025-08-06T14:08:44.172-0400] {logging_mixin.py:190} INFO - [2025-08-06T14:08:44.172-0400] {dagbag.py:588} INFO - Filling up the DagBag from /home/huynguyen2741/airflow_venv/lib/python3.12/site-packages/airflow/example_dags/example_latest_only_with_trigger.py
[2025-08-06T14:08:44.178-0400] {processor.py:925} INFO - DAG(s) 'latest_only_with_trigger' retrieved from /home/huynguyen2741/airflow_venv/lib/python3.12/site-packages/airflow/example_dags/example_latest_only_with_trigger.py
[2025-08-06T14:08:44.189-0400] {logging_mixin.py:190} INFO - [2025-08-06T14:08:44.189-0400] {dag.py:3239} INFO - Sync 1 DAGs
[2025-08-06T14:08:44.201-0400] {logging_mixin.py:190} INFO - [2025-08-06T14:08:44.201-0400] {dag.py:4180} INFO - Setting next_dagrun for latest_only_with_trigger to 2025-08-06 12:00:00+00:00, run_after=2025-08-06 16:00:00+00:00
[2025-08-06T14:08:44.338-0400] {processor.py:208} INFO - Processing /home/huynguyen2741/airflow_venv/lib/python3.12/site-packages/airflow/example_dags/example_latest_only_with_trigger.py took 0.172 seconds
[2025-08-06T14:09:56.014-0400] {processor.py:186} INFO - Started process (PID=20953) to work on /home/huynguyen2741/airflow_venv/lib/python3.12/site-packages/airflow/example_dags/example_latest_only_with_trigger.py
[2025-08-06T14:09:56.018-0400] {processor.py:914} INFO - Processing file /home/huynguyen2741/airflow_venv/lib/python3.12/site-packages/airflow/example_dags/example_latest_only_with_trigger.py for tasks to queue
[2025-08-06T14:09:56.020-0400] {logging_mixin.py:190} INFO - [2025-08-06T14:09:56.019-0400] {dagbag.py:588} INFO - Filling up the DagBag from /home/huynguyen2741/airflow_venv/lib/python3.12/site-packages/airflow/example_dags/example_latest_only_with_trigger.py
[2025-08-06T14:09:56.025-0400] {processor.py:925} INFO - DAG(s) 'latest_only_with_trigger' retrieved from /home/huynguyen2741/airflow_venv/lib/python3.12/site-packages/airflow/example_dags/example_latest_only_with_trigger.py
[2025-08-06T14:09:56.037-0400] {logging_mixin.py:190} INFO - [2025-08-06T14:09:56.037-0400] {dag.py:3239} INFO - Sync 1 DAGs
[2025-08-06T14:09:56.049-0400] {logging_mixin.py:190} INFO - [2025-08-06T14:09:56.049-0400] {dag.py:4180} INFO - Setting next_dagrun for latest_only_with_trigger to 2025-08-06 12:00:00+00:00, run_after=2025-08-06 16:00:00+00:00
[2025-08-06T14:09:56.065-0400] {processor.py:208} INFO - Processing /home/huynguyen2741/airflow_venv/lib/python3.12/site-packages/airflow/example_dags/example_latest_only_with_trigger.py took 0.055 seconds
[2025-08-06T14:10:56.417-0400] {processor.py:186} INFO - Started process (PID=21275) to work on /home/huynguyen2741/airflow_venv/lib/python3.12/site-packages/airflow/example_dags/example_latest_only_with_trigger.py
[2025-08-06T14:10:56.418-0400] {processor.py:914} INFO - Processing file /home/huynguyen2741/airflow_venv/lib/python3.12/site-packages/airflow/example_dags/example_latest_only_with_trigger.py for tasks to queue
[2025-08-06T14:10:56.420-0400] {logging_mixin.py:190} INFO - [2025-08-06T14:10:56.420-0400] {dagbag.py:588} INFO - Filling up the DagBag from /home/huynguyen2741/airflow_venv/lib/python3.12/site-packages/airflow/example_dags/example_latest_only_with_trigger.py
[2025-08-06T14:10:56.426-0400] {processor.py:925} INFO - DAG(s) 'latest_only_with_trigger' retrieved from /home/huynguyen2741/airflow_venv/lib/python3.12/site-packages/airflow/example_dags/example_latest_only_with_trigger.py
[2025-08-06T14:10:56.436-0400] {logging_mixin.py:190} INFO - [2025-08-06T14:10:56.436-0400] {dag.py:3239} INFO - Sync 1 DAGs
[2025-08-06T14:10:56.451-0400] {logging_mixin.py:190} INFO - [2025-08-06T14:10:56.451-0400] {dag.py:4180} INFO - Setting next_dagrun for latest_only_with_trigger to 2025-08-06 12:00:00+00:00, run_after=2025-08-06 16:00:00+00:00
[2025-08-06T14:10:56.469-0400] {processor.py:208} INFO - Processing /home/huynguyen2741/airflow_venv/lib/python3.12/site-packages/airflow/example_dags/example_latest_only_with_trigger.py took 0.057 seconds
[2025-08-06T14:12:02.939-0400] {processor.py:186} INFO - Started process (PID=21546) to work on /home/huynguyen2741/airflow_venv/lib/python3.12/site-packages/airflow/example_dags/example_latest_only_with_trigger.py
[2025-08-06T14:12:02.940-0400] {processor.py:914} INFO - Processing file /home/huynguyen2741/airflow_venv/lib/python3.12/site-packages/airflow/example_dags/example_latest_only_with_trigger.py for tasks to queue
[2025-08-06T14:12:02.941-0400] {logging_mixin.py:190} INFO - [2025-08-06T14:12:02.940-0400] {dagbag.py:588} INFO - Filling up the DagBag from /home/huynguyen2741/airflow_venv/lib/python3.12/site-packages/airflow/example_dags/example_latest_only_with_trigger.py
[2025-08-06T14:12:02.947-0400] {processor.py:925} INFO - DAG(s) 'latest_only_with_trigger' retrieved from /home/huynguyen2741/airflow_venv/lib/python3.12/site-packages/airflow/example_dags/example_latest_only_with_trigger.py
[2025-08-06T14:12:02.962-0400] {logging_mixin.py:190} INFO - [2025-08-06T14:12:02.961-0400] {dag.py:3239} INFO - Sync 1 DAGs
[2025-08-06T14:12:02.976-0400] {logging_mixin.py:190} INFO - [2025-08-06T14:12:02.976-0400] {dag.py:4180} INFO - Setting next_dagrun for latest_only_with_trigger to 2025-08-06 12:00:00+00:00, run_after=2025-08-06 16:00:00+00:00
[2025-08-06T14:12:02.992-0400] {processor.py:208} INFO - Processing /home/huynguyen2741/airflow_venv/lib/python3.12/site-packages/airflow/example_dags/example_latest_only_with_trigger.py took 0.057 seconds
[2025-08-06T14:13:02.410-0400] {processor.py:186} INFO - Started process (PID=21957) to work on /home/huynguyen2741/airflow_venv/lib/python3.12/site-packages/airflow/example_dags/example_latest_only_with_trigger.py
[2025-08-06T14:13:02.414-0400] {processor.py:914} INFO - Processing file /home/huynguyen2741/airflow_venv/lib/python3.12/site-packages/airflow/example_dags/example_latest_only_with_trigger.py for tasks to queue
[2025-08-06T14:13:02.416-0400] {logging_mixin.py:190} INFO - [2025-08-06T14:13:02.415-0400] {dagbag.py:588} INFO - Filling up the DagBag from /home/huynguyen2741/airflow_venv/lib/python3.12/site-packages/airflow/example_dags/example_latest_only_with_trigger.py
[2025-08-06T14:13:02.422-0400] {processor.py:925} INFO - DAG(s) 'latest_only_with_trigger' retrieved from /home/huynguyen2741/airflow_venv/lib/python3.12/site-packages/airflow/example_dags/example_latest_only_with_trigger.py
[2025-08-06T14:13:02.433-0400] {logging_mixin.py:190} INFO - [2025-08-06T14:13:02.433-0400] {dag.py:3239} INFO - Sync 1 DAGs
[2025-08-06T14:13:02.445-0400] {logging_mixin.py:190} INFO - [2025-08-06T14:13:02.445-0400] {dag.py:4180} INFO - Setting next_dagrun for latest_only_with_trigger to 2025-08-06 12:00:00+00:00, run_after=2025-08-06 16:00:00+00:00
[2025-08-06T14:13:02.462-0400] {processor.py:208} INFO - Processing /home/huynguyen2741/airflow_venv/lib/python3.12/site-packages/airflow/example_dags/example_latest_only_with_trigger.py took 0.056 seconds
[2025-08-06T14:14:09.306-0400] {processor.py:186} INFO - Started process (PID=22376) to work on /home/huynguyen2741/airflow_venv/lib/python3.12/site-packages/airflow/example_dags/example_latest_only_with_trigger.py
[2025-08-06T14:14:09.308-0400] {processor.py:914} INFO - Processing file /home/huynguyen2741/airflow_venv/lib/python3.12/site-packages/airflow/example_dags/example_latest_only_with_trigger.py for tasks to queue
[2025-08-06T14:14:09.309-0400] {logging_mixin.py:190} INFO - [2025-08-06T14:14:09.308-0400] {dagbag.py:588} INFO - Filling up the DagBag from /home/huynguyen2741/airflow_venv/lib/python3.12/site-packages/airflow/example_dags/example_latest_only_with_trigger.py
[2025-08-06T14:14:09.315-0400] {processor.py:925} INFO - DAG(s) 'latest_only_with_trigger' retrieved from /home/huynguyen2741/airflow_venv/lib/python3.12/site-packages/airflow/example_dags/example_latest_only_with_trigger.py
[2025-08-06T14:14:09.326-0400] {logging_mixin.py:190} INFO - [2025-08-06T14:14:09.326-0400] {dag.py:3239} INFO - Sync 1 DAGs
[2025-08-06T14:14:09.339-0400] {logging_mixin.py:190} INFO - [2025-08-06T14:14:09.339-0400] {dag.py:4180} INFO - Setting next_dagrun for latest_only_with_trigger to 2025-08-06 12:00:00+00:00, run_after=2025-08-06 16:00:00+00:00
[2025-08-06T14:14:09.355-0400] {processor.py:208} INFO - Processing /home/huynguyen2741/airflow_venv/lib/python3.12/site-packages/airflow/example_dags/example_latest_only_with_trigger.py took 0.053 seconds
[2025-08-06T14:15:12.941-0400] {processor.py:186} INFO - Started process (PID=22724) to work on /home/huynguyen2741/airflow_venv/lib/python3.12/site-packages/airflow/example_dags/example_latest_only_with_trigger.py
[2025-08-06T14:15:12.942-0400] {processor.py:914} INFO - Processing file /home/huynguyen2741/airflow_venv/lib/python3.12/site-packages/airflow/example_dags/example_latest_only_with_trigger.py for tasks to queue
[2025-08-06T14:15:12.944-0400] {logging_mixin.py:190} INFO - [2025-08-06T14:15:12.943-0400] {dagbag.py:588} INFO - Filling up the DagBag from /home/huynguyen2741/airflow_venv/lib/python3.12/site-packages/airflow/example_dags/example_latest_only_with_trigger.py
[2025-08-06T14:15:12.949-0400] {processor.py:925} INFO - DAG(s) 'latest_only_with_trigger' retrieved from /home/huynguyen2741/airflow_venv/lib/python3.12/site-packages/airflow/example_dags/example_latest_only_with_trigger.py
[2025-08-06T14:15:12.961-0400] {logging_mixin.py:190} INFO - [2025-08-06T14:15:12.961-0400] {dag.py:3239} INFO - Sync 1 DAGs
[2025-08-06T14:15:12.975-0400] {logging_mixin.py:190} INFO - [2025-08-06T14:15:12.975-0400] {dag.py:4180} INFO - Setting next_dagrun for latest_only_with_trigger to 2025-08-06 12:00:00+00:00, run_after=2025-08-06 16:00:00+00:00
[2025-08-06T14:15:12.990-0400] {processor.py:208} INFO - Processing /home/huynguyen2741/airflow_venv/lib/python3.12/site-packages/airflow/example_dags/example_latest_only_with_trigger.py took 0.053 seconds
[2025-08-06T14:16:14.924-0400] {processor.py:186} INFO - Started process (PID=23068) to work on /home/huynguyen2741/airflow_venv/lib/python3.12/site-packages/airflow/example_dags/example_latest_only_with_trigger.py
[2025-08-06T14:16:14.928-0400] {processor.py:914} INFO - Processing file /home/huynguyen2741/airflow_venv/lib/python3.12/site-packages/airflow/example_dags/example_latest_only_with_trigger.py for tasks to queue
[2025-08-06T14:16:14.930-0400] {logging_mixin.py:190} INFO - [2025-08-06T14:16:14.929-0400] {dagbag.py:588} INFO - Filling up the DagBag from /home/huynguyen2741/airflow_venv/lib/python3.12/site-packages/airflow/example_dags/example_latest_only_with_trigger.py
[2025-08-06T14:16:14.938-0400] {processor.py:925} INFO - DAG(s) 'latest_only_with_trigger' retrieved from /home/huynguyen2741/airflow_venv/lib/python3.12/site-packages/airflow/example_dags/example_latest_only_with_trigger.py
[2025-08-06T14:16:14.957-0400] {logging_mixin.py:190} INFO - [2025-08-06T14:16:14.956-0400] {dag.py:3239} INFO - Sync 1 DAGs
[2025-08-06T14:16:14.979-0400] {logging_mixin.py:190} INFO - [2025-08-06T14:16:14.979-0400] {dag.py:4180} INFO - Setting next_dagrun for latest_only_with_trigger to 2025-08-06 12:00:00+00:00, run_after=2025-08-06 16:00:00+00:00
[2025-08-06T14:16:14.998-0400] {processor.py:208} INFO - Processing /home/huynguyen2741/airflow_venv/lib/python3.12/site-packages/airflow/example_dags/example_latest_only_with_trigger.py took 0.082 seconds
[2025-08-06T14:17:18.974-0400] {processor.py:186} INFO - Started process (PID=23316) to work on /home/huynguyen2741/airflow_venv/lib/python3.12/site-packages/airflow/example_dags/example_latest_only_with_trigger.py
[2025-08-06T14:17:18.975-0400] {processor.py:914} INFO - Processing file /home/huynguyen2741/airflow_venv/lib/python3.12/site-packages/airflow/example_dags/example_latest_only_with_trigger.py for tasks to queue
[2025-08-06T14:17:18.976-0400] {logging_mixin.py:190} INFO - [2025-08-06T14:17:18.976-0400] {dagbag.py:588} INFO - Filling up the DagBag from /home/huynguyen2741/airflow_venv/lib/python3.12/site-packages/airflow/example_dags/example_latest_only_with_trigger.py
[2025-08-06T14:17:18.983-0400] {processor.py:925} INFO - DAG(s) 'latest_only_with_trigger' retrieved from /home/huynguyen2741/airflow_venv/lib/python3.12/site-packages/airflow/example_dags/example_latest_only_with_trigger.py
[2025-08-06T14:17:18.998-0400] {logging_mixin.py:190} INFO - [2025-08-06T14:17:18.998-0400] {dag.py:3239} INFO - Sync 1 DAGs
[2025-08-06T14:17:19.014-0400] {logging_mixin.py:190} INFO - [2025-08-06T14:17:19.014-0400] {dag.py:4180} INFO - Setting next_dagrun for latest_only_with_trigger to 2025-08-06 12:00:00+00:00, run_after=2025-08-06 16:00:00+00:00
[2025-08-06T14:17:19.032-0400] {processor.py:208} INFO - Processing /home/huynguyen2741/airflow_venv/lib/python3.12/site-packages/airflow/example_dags/example_latest_only_with_trigger.py took 0.062 seconds
[2025-08-06T14:18:24.756-0400] {processor.py:186} INFO - Started process (PID=23557) to work on /home/huynguyen2741/airflow_venv/lib/python3.12/site-packages/airflow/example_dags/example_latest_only_with_trigger.py
[2025-08-06T14:18:24.757-0400] {processor.py:914} INFO - Processing file /home/huynguyen2741/airflow_venv/lib/python3.12/site-packages/airflow/example_dags/example_latest_only_with_trigger.py for tasks to queue
[2025-08-06T14:18:24.758-0400] {logging_mixin.py:190} INFO - [2025-08-06T14:18:24.758-0400] {dagbag.py:588} INFO - Filling up the DagBag from /home/huynguyen2741/airflow_venv/lib/python3.12/site-packages/airflow/example_dags/example_latest_only_with_trigger.py
[2025-08-06T14:18:24.765-0400] {processor.py:925} INFO - DAG(s) 'latest_only_with_trigger' retrieved from /home/huynguyen2741/airflow_venv/lib/python3.12/site-packages/airflow/example_dags/example_latest_only_with_trigger.py
[2025-08-06T14:18:24.776-0400] {logging_mixin.py:190} INFO - [2025-08-06T14:18:24.776-0400] {dag.py:3239} INFO - Sync 1 DAGs
[2025-08-06T14:18:24.788-0400] {logging_mixin.py:190} INFO - [2025-08-06T14:18:24.788-0400] {dag.py:4180} INFO - Setting next_dagrun for latest_only_with_trigger to 2025-08-06 12:00:00+00:00, run_after=2025-08-06 16:00:00+00:00
[2025-08-06T14:18:24.805-0400] {processor.py:208} INFO - Processing /home/huynguyen2741/airflow_venv/lib/python3.12/site-packages/airflow/example_dags/example_latest_only_with_trigger.py took 0.054 seconds
[2025-08-06T14:19:31.291-0400] {processor.py:186} INFO - Started process (PID=23826) to work on /home/huynguyen2741/airflow_venv/lib/python3.12/site-packages/airflow/example_dags/example_latest_only_with_trigger.py
[2025-08-06T14:19:31.295-0400] {processor.py:914} INFO - Processing file /home/huynguyen2741/airflow_venv/lib/python3.12/site-packages/airflow/example_dags/example_latest_only_with_trigger.py for tasks to queue
[2025-08-06T14:19:31.296-0400] {logging_mixin.py:190} INFO - [2025-08-06T14:19:31.296-0400] {dagbag.py:588} INFO - Filling up the DagBag from /home/huynguyen2741/airflow_venv/lib/python3.12/site-packages/airflow/example_dags/example_latest_only_with_trigger.py
[2025-08-06T14:19:31.303-0400] {processor.py:925} INFO - DAG(s) 'latest_only_with_trigger' retrieved from /home/huynguyen2741/airflow_venv/lib/python3.12/site-packages/airflow/example_dags/example_latest_only_with_trigger.py
[2025-08-06T14:19:31.315-0400] {logging_mixin.py:190} INFO - [2025-08-06T14:19:31.315-0400] {dag.py:3239} INFO - Sync 1 DAGs
[2025-08-06T14:19:31.329-0400] {logging_mixin.py:190} INFO - [2025-08-06T14:19:31.329-0400] {dag.py:4180} INFO - Setting next_dagrun for latest_only_with_trigger to 2025-08-06 12:00:00+00:00, run_after=2025-08-06 16:00:00+00:00
[2025-08-06T14:19:31.346-0400] {processor.py:208} INFO - Processing /home/huynguyen2741/airflow_venv/lib/python3.12/site-packages/airflow/example_dags/example_latest_only_with_trigger.py took 0.061 seconds
[2025-08-06T14:20:35.568-0400] {processor.py:186} INFO - Started process (PID=24048) to work on /home/huynguyen2741/airflow_venv/lib/python3.12/site-packages/airflow/example_dags/example_latest_only_with_trigger.py
[2025-08-06T14:20:35.569-0400] {processor.py:914} INFO - Processing file /home/huynguyen2741/airflow_venv/lib/python3.12/site-packages/airflow/example_dags/example_latest_only_with_trigger.py for tasks to queue
[2025-08-06T14:20:35.570-0400] {logging_mixin.py:190} INFO - [2025-08-06T14:20:35.570-0400] {dagbag.py:588} INFO - Filling up the DagBag from /home/huynguyen2741/airflow_venv/lib/python3.12/site-packages/airflow/example_dags/example_latest_only_with_trigger.py
[2025-08-06T14:20:35.577-0400] {processor.py:925} INFO - DAG(s) 'latest_only_with_trigger' retrieved from /home/huynguyen2741/airflow_venv/lib/python3.12/site-packages/airflow/example_dags/example_latest_only_with_trigger.py
[2025-08-06T14:20:35.589-0400] {logging_mixin.py:190} INFO - [2025-08-06T14:20:35.589-0400] {dag.py:3239} INFO - Sync 1 DAGs
[2025-08-06T14:20:35.603-0400] {logging_mixin.py:190} INFO - [2025-08-06T14:20:35.603-0400] {dag.py:4180} INFO - Setting next_dagrun for latest_only_with_trigger to 2025-08-06 12:00:00+00:00, run_after=2025-08-06 16:00:00+00:00
[2025-08-06T14:20:35.619-0400] {processor.py:208} INFO - Processing /home/huynguyen2741/airflow_venv/lib/python3.12/site-packages/airflow/example_dags/example_latest_only_with_trigger.py took 0.056 seconds
[2025-08-06T14:21:44.395-0400] {processor.py:186} INFO - Started process (PID=24292) to work on /home/huynguyen2741/airflow_venv/lib/python3.12/site-packages/airflow/example_dags/example_latest_only_with_trigger.py
[2025-08-06T14:21:44.396-0400] {processor.py:914} INFO - Processing file /home/huynguyen2741/airflow_venv/lib/python3.12/site-packages/airflow/example_dags/example_latest_only_with_trigger.py for tasks to queue
[2025-08-06T14:21:44.397-0400] {logging_mixin.py:190} INFO - [2025-08-06T14:21:44.397-0400] {dagbag.py:588} INFO - Filling up the DagBag from /home/huynguyen2741/airflow_venv/lib/python3.12/site-packages/airflow/example_dags/example_latest_only_with_trigger.py
[2025-08-06T14:21:44.403-0400] {processor.py:925} INFO - DAG(s) 'latest_only_with_trigger' retrieved from /home/huynguyen2741/airflow_venv/lib/python3.12/site-packages/airflow/example_dags/example_latest_only_with_trigger.py
[2025-08-06T14:21:44.415-0400] {logging_mixin.py:190} INFO - [2025-08-06T14:21:44.414-0400] {dag.py:3239} INFO - Sync 1 DAGs
[2025-08-06T14:21:44.428-0400] {logging_mixin.py:190} INFO - [2025-08-06T14:21:44.427-0400] {dag.py:4180} INFO - Setting next_dagrun for latest_only_with_trigger to 2025-08-06 12:00:00+00:00, run_after=2025-08-06 16:00:00+00:00
[2025-08-06T14:21:44.445-0400] {processor.py:208} INFO - Processing /home/huynguyen2741/airflow_venv/lib/python3.12/site-packages/airflow/example_dags/example_latest_only_with_trigger.py took 0.054 seconds
[2025-08-06T14:22:49.846-0400] {processor.py:186} INFO - Started process (PID=24700) to work on /home/huynguyen2741/airflow_venv/lib/python3.12/site-packages/airflow/example_dags/example_latest_only_with_trigger.py
[2025-08-06T14:22:49.850-0400] {processor.py:914} INFO - Processing file /home/huynguyen2741/airflow_venv/lib/python3.12/site-packages/airflow/example_dags/example_latest_only_with_trigger.py for tasks to queue
[2025-08-06T14:22:49.851-0400] {logging_mixin.py:190} INFO - [2025-08-06T14:22:49.851-0400] {dagbag.py:588} INFO - Filling up the DagBag from /home/huynguyen2741/airflow_venv/lib/python3.12/site-packages/airflow/example_dags/example_latest_only_with_trigger.py
[2025-08-06T14:22:49.859-0400] {processor.py:925} INFO - DAG(s) 'latest_only_with_trigger' retrieved from /home/huynguyen2741/airflow_venv/lib/python3.12/site-packages/airflow/example_dags/example_latest_only_with_trigger.py
[2025-08-06T14:22:49.874-0400] {logging_mixin.py:190} INFO - [2025-08-06T14:22:49.874-0400] {dag.py:3239} INFO - Sync 1 DAGs
[2025-08-06T14:22:49.887-0400] {logging_mixin.py:190} INFO - [2025-08-06T14:22:49.887-0400] {dag.py:4180} INFO - Setting next_dagrun for latest_only_with_trigger to 2025-08-06 12:00:00+00:00, run_after=2025-08-06 16:00:00+00:00
[2025-08-06T14:22:49.904-0400] {processor.py:208} INFO - Processing /home/huynguyen2741/airflow_venv/lib/python3.12/site-packages/airflow/example_dags/example_latest_only_with_trigger.py took 0.063 seconds
[2025-08-06T14:23:47.544-0400] {processor.py:186} INFO - Started process (PID=25116) to work on /home/huynguyen2741/airflow_venv/lib/python3.12/site-packages/airflow/example_dags/example_latest_only_with_trigger.py
[2025-08-06T14:23:47.554-0400] {processor.py:914} INFO - Processing file /home/huynguyen2741/airflow_venv/lib/python3.12/site-packages/airflow/example_dags/example_latest_only_with_trigger.py for tasks to queue
[2025-08-06T14:23:47.555-0400] {logging_mixin.py:190} INFO - [2025-08-06T14:23:47.555-0400] {dagbag.py:588} INFO - Filling up the DagBag from /home/huynguyen2741/airflow_venv/lib/python3.12/site-packages/airflow/example_dags/example_latest_only_with_trigger.py
[2025-08-06T14:23:47.561-0400] {processor.py:925} INFO - DAG(s) 'latest_only_with_trigger' retrieved from /home/huynguyen2741/airflow_venv/lib/python3.12/site-packages/airflow/example_dags/example_latest_only_with_trigger.py
[2025-08-06T14:23:47.573-0400] {logging_mixin.py:190} INFO - [2025-08-06T14:23:47.572-0400] {dag.py:3239} INFO - Sync 1 DAGs
[2025-08-06T14:23:47.585-0400] {logging_mixin.py:190} INFO - [2025-08-06T14:23:47.584-0400] {dag.py:4180} INFO - Setting next_dagrun for latest_only_with_trigger to 2025-08-06 12:00:00+00:00, run_after=2025-08-06 16:00:00+00:00
[2025-08-06T14:23:47.600-0400] {processor.py:208} INFO - Processing /home/huynguyen2741/airflow_venv/lib/python3.12/site-packages/airflow/example_dags/example_latest_only_with_trigger.py took 0.062 seconds
[2025-08-06T14:24:57.302-0400] {processor.py:186} INFO - Started process (PID=25416) to work on /home/huynguyen2741/airflow_venv/lib/python3.12/site-packages/airflow/example_dags/example_latest_only_with_trigger.py
[2025-08-06T14:24:57.306-0400] {processor.py:914} INFO - Processing file /home/huynguyen2741/airflow_venv/lib/python3.12/site-packages/airflow/example_dags/example_latest_only_with_trigger.py for tasks to queue
[2025-08-06T14:24:57.307-0400] {logging_mixin.py:190} INFO - [2025-08-06T14:24:57.307-0400] {dagbag.py:588} INFO - Filling up the DagBag from /home/huynguyen2741/airflow_venv/lib/python3.12/site-packages/airflow/example_dags/example_latest_only_with_trigger.py
[2025-08-06T14:24:57.313-0400] {processor.py:925} INFO - DAG(s) 'latest_only_with_trigger' retrieved from /home/huynguyen2741/airflow_venv/lib/python3.12/site-packages/airflow/example_dags/example_latest_only_with_trigger.py
[2025-08-06T14:24:57.324-0400] {logging_mixin.py:190} INFO - [2025-08-06T14:24:57.324-0400] {dag.py:3239} INFO - Sync 1 DAGs
[2025-08-06T14:24:57.337-0400] {logging_mixin.py:190} INFO - [2025-08-06T14:24:57.337-0400] {dag.py:4180} INFO - Setting next_dagrun for latest_only_with_trigger to 2025-08-06 12:00:00+00:00, run_after=2025-08-06 16:00:00+00:00
[2025-08-06T14:24:57.353-0400] {processor.py:208} INFO - Processing /home/huynguyen2741/airflow_venv/lib/python3.12/site-packages/airflow/example_dags/example_latest_only_with_trigger.py took 0.056 seconds
[2025-08-06T14:25:58.467-0400] {processor.py:186} INFO - Started process (PID=25715) to work on /home/huynguyen2741/airflow_venv/lib/python3.12/site-packages/airflow/example_dags/example_latest_only_with_trigger.py
[2025-08-06T14:25:58.477-0400] {processor.py:914} INFO - Processing file /home/huynguyen2741/airflow_venv/lib/python3.12/site-packages/airflow/example_dags/example_latest_only_with_trigger.py for tasks to queue
[2025-08-06T14:25:58.478-0400] {logging_mixin.py:190} INFO - [2025-08-06T14:25:58.477-0400] {dagbag.py:588} INFO - Filling up the DagBag from /home/huynguyen2741/airflow_venv/lib/python3.12/site-packages/airflow/example_dags/example_latest_only_with_trigger.py
[2025-08-06T14:25:58.484-0400] {processor.py:925} INFO - DAG(s) 'latest_only_with_trigger' retrieved from /home/huynguyen2741/airflow_venv/lib/python3.12/site-packages/airflow/example_dags/example_latest_only_with_trigger.py
[2025-08-06T14:25:58.496-0400] {logging_mixin.py:190} INFO - [2025-08-06T14:25:58.496-0400] {dag.py:3239} INFO - Sync 1 DAGs
[2025-08-06T14:25:58.510-0400] {logging_mixin.py:190} INFO - [2025-08-06T14:25:58.510-0400] {dag.py:4180} INFO - Setting next_dagrun for latest_only_with_trigger to 2025-08-06 12:00:00+00:00, run_after=2025-08-06 16:00:00+00:00
[2025-08-06T14:25:58.526-0400] {processor.py:208} INFO - Processing /home/huynguyen2741/airflow_venv/lib/python3.12/site-packages/airflow/example_dags/example_latest_only_with_trigger.py took 0.064 seconds
[2025-08-06T14:27:06.134-0400] {processor.py:186} INFO - Started process (PID=25980) to work on /home/huynguyen2741/airflow_venv/lib/python3.12/site-packages/airflow/example_dags/example_latest_only_with_trigger.py
[2025-08-06T14:27:06.135-0400] {processor.py:914} INFO - Processing file /home/huynguyen2741/airflow_venv/lib/python3.12/site-packages/airflow/example_dags/example_latest_only_with_trigger.py for tasks to queue
[2025-08-06T14:27:06.136-0400] {logging_mixin.py:190} INFO - [2025-08-06T14:27:06.136-0400] {dagbag.py:588} INFO - Filling up the DagBag from /home/huynguyen2741/airflow_venv/lib/python3.12/site-packages/airflow/example_dags/example_latest_only_with_trigger.py
[2025-08-06T14:27:06.142-0400] {processor.py:925} INFO - DAG(s) 'latest_only_with_trigger' retrieved from /home/huynguyen2741/airflow_venv/lib/python3.12/site-packages/airflow/example_dags/example_latest_only_with_trigger.py
[2025-08-06T14:27:06.154-0400] {logging_mixin.py:190} INFO - [2025-08-06T14:27:06.154-0400] {dag.py:3239} INFO - Sync 1 DAGs
[2025-08-06T14:27:06.167-0400] {logging_mixin.py:190} INFO - [2025-08-06T14:27:06.166-0400] {dag.py:4180} INFO - Setting next_dagrun for latest_only_with_trigger to 2025-08-06 12:00:00+00:00, run_after=2025-08-06 16:00:00+00:00
[2025-08-06T14:27:06.182-0400] {processor.py:208} INFO - Processing /home/huynguyen2741/airflow_venv/lib/python3.12/site-packages/airflow/example_dags/example_latest_only_with_trigger.py took 0.053 seconds
[2025-08-06T14:28:15.871-0400] {processor.py:186} INFO - Started process (PID=26291) to work on /home/huynguyen2741/airflow_venv/lib/python3.12/site-packages/airflow/example_dags/example_latest_only_with_trigger.py
[2025-08-06T14:28:15.876-0400] {processor.py:914} INFO - Processing file /home/huynguyen2741/airflow_venv/lib/python3.12/site-packages/airflow/example_dags/example_latest_only_with_trigger.py for tasks to queue
[2025-08-06T14:28:15.877-0400] {logging_mixin.py:190} INFO - [2025-08-06T14:28:15.876-0400] {dagbag.py:588} INFO - Filling up the DagBag from /home/huynguyen2741/airflow_venv/lib/python3.12/site-packages/airflow/example_dags/example_latest_only_with_trigger.py
[2025-08-06T14:28:15.882-0400] {processor.py:925} INFO - DAG(s) 'latest_only_with_trigger' retrieved from /home/huynguyen2741/airflow_venv/lib/python3.12/site-packages/airflow/example_dags/example_latest_only_with_trigger.py
[2025-08-06T14:28:15.893-0400] {logging_mixin.py:190} INFO - [2025-08-06T14:28:15.893-0400] {dag.py:3239} INFO - Sync 1 DAGs
[2025-08-06T14:28:15.905-0400] {logging_mixin.py:190} INFO - [2025-08-06T14:28:15.905-0400] {dag.py:4180} INFO - Setting next_dagrun for latest_only_with_trigger to 2025-08-06 12:00:00+00:00, run_after=2025-08-06 16:00:00+00:00
[2025-08-06T14:28:15.920-0400] {processor.py:208} INFO - Processing /home/huynguyen2741/airflow_venv/lib/python3.12/site-packages/airflow/example_dags/example_latest_only_with_trigger.py took 0.054 seconds
[2025-08-06T14:29:22.938-0400] {processor.py:186} INFO - Started process (PID=26561) to work on /home/huynguyen2741/airflow_venv/lib/python3.12/site-packages/airflow/example_dags/example_latest_only_with_trigger.py
[2025-08-06T14:29:22.942-0400] {processor.py:914} INFO - Processing file /home/huynguyen2741/airflow_venv/lib/python3.12/site-packages/airflow/example_dags/example_latest_only_with_trigger.py for tasks to queue
[2025-08-06T14:29:22.943-0400] {logging_mixin.py:190} INFO - [2025-08-06T14:29:22.943-0400] {dagbag.py:588} INFO - Filling up the DagBag from /home/huynguyen2741/airflow_venv/lib/python3.12/site-packages/airflow/example_dags/example_latest_only_with_trigger.py
[2025-08-06T14:29:22.949-0400] {processor.py:925} INFO - DAG(s) 'latest_only_with_trigger' retrieved from /home/huynguyen2741/airflow_venv/lib/python3.12/site-packages/airflow/example_dags/example_latest_only_with_trigger.py
[2025-08-06T14:29:22.961-0400] {logging_mixin.py:190} INFO - [2025-08-06T14:29:22.960-0400] {dag.py:3239} INFO - Sync 1 DAGs
[2025-08-06T14:29:22.975-0400] {logging_mixin.py:190} INFO - [2025-08-06T14:29:22.975-0400] {dag.py:4180} INFO - Setting next_dagrun for latest_only_with_trigger to 2025-08-06 12:00:00+00:00, run_after=2025-08-06 16:00:00+00:00
[2025-08-06T14:29:22.991-0400] {processor.py:208} INFO - Processing /home/huynguyen2741/airflow_venv/lib/python3.12/site-packages/airflow/example_dags/example_latest_only_with_trigger.py took 0.058 seconds
[2025-08-06T14:30:33.720-0400] {processor.py:186} INFO - Started process (PID=26995) to work on /home/huynguyen2741/airflow_venv/lib/python3.12/site-packages/airflow/example_dags/example_latest_only_with_trigger.py
[2025-08-06T14:30:33.724-0400] {processor.py:914} INFO - Processing file /home/huynguyen2741/airflow_venv/lib/python3.12/site-packages/airflow/example_dags/example_latest_only_with_trigger.py for tasks to queue
[2025-08-06T14:30:33.726-0400] {logging_mixin.py:190} INFO - [2025-08-06T14:30:33.725-0400] {dagbag.py:588} INFO - Filling up the DagBag from /home/huynguyen2741/airflow_venv/lib/python3.12/site-packages/airflow/example_dags/example_latest_only_with_trigger.py
[2025-08-06T14:30:33.732-0400] {processor.py:925} INFO - DAG(s) 'latest_only_with_trigger' retrieved from /home/huynguyen2741/airflow_venv/lib/python3.12/site-packages/airflow/example_dags/example_latest_only_with_trigger.py
[2025-08-06T14:30:33.744-0400] {logging_mixin.py:190} INFO - [2025-08-06T14:30:33.744-0400] {dag.py:3239} INFO - Sync 1 DAGs
[2025-08-06T14:30:33.757-0400] {logging_mixin.py:190} INFO - [2025-08-06T14:30:33.757-0400] {dag.py:4180} INFO - Setting next_dagrun for latest_only_with_trigger to 2025-08-06 12:00:00+00:00, run_after=2025-08-06 16:00:00+00:00
[2025-08-06T14:30:33.774-0400] {processor.py:208} INFO - Processing /home/huynguyen2741/airflow_venv/lib/python3.12/site-packages/airflow/example_dags/example_latest_only_with_trigger.py took 0.059 seconds
[2025-08-06T14:31:48.980-0400] {processor.py:186} INFO - Started process (PID=27274) to work on /home/huynguyen2741/airflow_venv/lib/python3.12/site-packages/airflow/example_dags/example_latest_only_with_trigger.py
[2025-08-06T14:31:48.984-0400] {processor.py:914} INFO - Processing file /home/huynguyen2741/airflow_venv/lib/python3.12/site-packages/airflow/example_dags/example_latest_only_with_trigger.py for tasks to queue
[2025-08-06T14:31:48.985-0400] {logging_mixin.py:190} INFO - [2025-08-06T14:31:48.985-0400] {dagbag.py:588} INFO - Filling up the DagBag from /home/huynguyen2741/airflow_venv/lib/python3.12/site-packages/airflow/example_dags/example_latest_only_with_trigger.py
[2025-08-06T14:31:48.991-0400] {processor.py:925} INFO - DAG(s) 'latest_only_with_trigger' retrieved from /home/huynguyen2741/airflow_venv/lib/python3.12/site-packages/airflow/example_dags/example_latest_only_with_trigger.py
[2025-08-06T14:31:49.004-0400] {logging_mixin.py:190} INFO - [2025-08-06T14:31:49.003-0400] {dag.py:3239} INFO - Sync 1 DAGs
[2025-08-06T14:31:49.017-0400] {logging_mixin.py:190} INFO - [2025-08-06T14:31:49.017-0400] {dag.py:4180} INFO - Setting next_dagrun for latest_only_with_trigger to 2025-08-06 12:00:00+00:00, run_after=2025-08-06 16:00:00+00:00
[2025-08-06T14:31:49.035-0400] {processor.py:208} INFO - Processing /home/huynguyen2741/airflow_venv/lib/python3.12/site-packages/airflow/example_dags/example_latest_only_with_trigger.py took 0.061 seconds
[2025-08-06T14:32:58.045-0400] {processor.py:186} INFO - Started process (PID=27562) to work on /home/huynguyen2741/airflow_venv/lib/python3.12/site-packages/airflow/example_dags/example_latest_only_with_trigger.py
[2025-08-06T14:32:58.049-0400] {processor.py:914} INFO - Processing file /home/huynguyen2741/airflow_venv/lib/python3.12/site-packages/airflow/example_dags/example_latest_only_with_trigger.py for tasks to queue
[2025-08-06T14:32:58.050-0400] {logging_mixin.py:190} INFO - [2025-08-06T14:32:58.050-0400] {dagbag.py:588} INFO - Filling up the DagBag from /home/huynguyen2741/airflow_venv/lib/python3.12/site-packages/airflow/example_dags/example_latest_only_with_trigger.py
[2025-08-06T14:32:58.056-0400] {processor.py:925} INFO - DAG(s) 'latest_only_with_trigger' retrieved from /home/huynguyen2741/airflow_venv/lib/python3.12/site-packages/airflow/example_dags/example_latest_only_with_trigger.py
[2025-08-06T14:32:58.068-0400] {logging_mixin.py:190} INFO - [2025-08-06T14:32:58.068-0400] {dag.py:3239} INFO - Sync 1 DAGs
[2025-08-06T14:32:58.081-0400] {logging_mixin.py:190} INFO - [2025-08-06T14:32:58.081-0400] {dag.py:4180} INFO - Setting next_dagrun for latest_only_with_trigger to 2025-08-06 12:00:00+00:00, run_after=2025-08-06 16:00:00+00:00
[2025-08-06T14:32:58.096-0400] {processor.py:208} INFO - Processing /home/huynguyen2741/airflow_venv/lib/python3.12/site-packages/airflow/example_dags/example_latest_only_with_trigger.py took 0.057 seconds
[2025-08-06T14:34:03.756-0400] {processor.py:186} INFO - Started process (PID=27853) to work on /home/huynguyen2741/airflow_venv/lib/python3.12/site-packages/airflow/example_dags/example_latest_only_with_trigger.py
[2025-08-06T14:34:03.757-0400] {processor.py:914} INFO - Processing file /home/huynguyen2741/airflow_venv/lib/python3.12/site-packages/airflow/example_dags/example_latest_only_with_trigger.py for tasks to queue
[2025-08-06T14:34:03.758-0400] {logging_mixin.py:190} INFO - [2025-08-06T14:34:03.757-0400] {dagbag.py:588} INFO - Filling up the DagBag from /home/huynguyen2741/airflow_venv/lib/python3.12/site-packages/airflow/example_dags/example_latest_only_with_trigger.py
[2025-08-06T14:34:03.764-0400] {processor.py:925} INFO - DAG(s) 'latest_only_with_trigger' retrieved from /home/huynguyen2741/airflow_venv/lib/python3.12/site-packages/airflow/example_dags/example_latest_only_with_trigger.py
[2025-08-06T14:34:03.776-0400] {logging_mixin.py:190} INFO - [2025-08-06T14:34:03.776-0400] {dag.py:3239} INFO - Sync 1 DAGs
[2025-08-06T14:34:03.789-0400] {logging_mixin.py:190} INFO - [2025-08-06T14:34:03.789-0400] {dag.py:4180} INFO - Setting next_dagrun for latest_only_with_trigger to 2025-08-06 12:00:00+00:00, run_after=2025-08-06 16:00:00+00:00
[2025-08-06T14:34:03.807-0400] {processor.py:208} INFO - Processing /home/huynguyen2741/airflow_venv/lib/python3.12/site-packages/airflow/example_dags/example_latest_only_with_trigger.py took 0.057 seconds
[2025-08-06T14:35:02.103-0400] {processor.py:186} INFO - Started process (PID=28257) to work on /home/huynguyen2741/airflow_venv/lib/python3.12/site-packages/airflow/example_dags/example_latest_only_with_trigger.py
[2025-08-06T14:35:02.104-0400] {processor.py:914} INFO - Processing file /home/huynguyen2741/airflow_venv/lib/python3.12/site-packages/airflow/example_dags/example_latest_only_with_trigger.py for tasks to queue
[2025-08-06T14:35:02.106-0400] {logging_mixin.py:190} INFO - [2025-08-06T14:35:02.105-0400] {dagbag.py:588} INFO - Filling up the DagBag from /home/huynguyen2741/airflow_venv/lib/python3.12/site-packages/airflow/example_dags/example_latest_only_with_trigger.py
[2025-08-06T14:35:02.112-0400] {processor.py:925} INFO - DAG(s) 'latest_only_with_trigger' retrieved from /home/huynguyen2741/airflow_venv/lib/python3.12/site-packages/airflow/example_dags/example_latest_only_with_trigger.py
[2025-08-06T14:35:02.124-0400] {logging_mixin.py:190} INFO - [2025-08-06T14:35:02.124-0400] {dag.py:3239} INFO - Sync 1 DAGs
[2025-08-06T14:35:02.138-0400] {logging_mixin.py:190} INFO - [2025-08-06T14:35:02.137-0400] {dag.py:4180} INFO - Setting next_dagrun for latest_only_with_trigger to 2025-08-06 12:00:00+00:00, run_after=2025-08-06 16:00:00+00:00
[2025-08-06T14:35:02.154-0400] {processor.py:208} INFO - Processing /home/huynguyen2741/airflow_venv/lib/python3.12/site-packages/airflow/example_dags/example_latest_only_with_trigger.py took 0.056 seconds
[2025-08-06T14:36:00.640-0400] {processor.py:186} INFO - Started process (PID=28497) to work on /home/huynguyen2741/airflow_venv/lib/python3.12/site-packages/airflow/example_dags/example_latest_only_with_trigger.py
[2025-08-06T14:36:00.645-0400] {processor.py:914} INFO - Processing file /home/huynguyen2741/airflow_venv/lib/python3.12/site-packages/airflow/example_dags/example_latest_only_with_trigger.py for tasks to queue
[2025-08-06T14:36:00.646-0400] {logging_mixin.py:190} INFO - [2025-08-06T14:36:00.645-0400] {dagbag.py:588} INFO - Filling up the DagBag from /home/huynguyen2741/airflow_venv/lib/python3.12/site-packages/airflow/example_dags/example_latest_only_with_trigger.py
[2025-08-06T14:36:00.652-0400] {processor.py:925} INFO - DAG(s) 'latest_only_with_trigger' retrieved from /home/huynguyen2741/airflow_venv/lib/python3.12/site-packages/airflow/example_dags/example_latest_only_with_trigger.py
[2025-08-06T14:36:00.665-0400] {logging_mixin.py:190} INFO - [2025-08-06T14:36:00.665-0400] {dag.py:3239} INFO - Sync 1 DAGs
[2025-08-06T14:36:00.681-0400] {logging_mixin.py:190} INFO - [2025-08-06T14:36:00.681-0400] {dag.py:4180} INFO - Setting next_dagrun for latest_only_with_trigger to 2025-08-06 12:00:00+00:00, run_after=2025-08-06 16:00:00+00:00
[2025-08-06T14:36:00.698-0400] {processor.py:208} INFO - Processing /home/huynguyen2741/airflow_venv/lib/python3.12/site-packages/airflow/example_dags/example_latest_only_with_trigger.py took 0.063 seconds
[2025-08-06T14:37:01.962-0400] {processor.py:186} INFO - Started process (PID=28735) to work on /home/huynguyen2741/airflow_venv/lib/python3.12/site-packages/airflow/example_dags/example_latest_only_with_trigger.py
[2025-08-06T14:37:01.966-0400] {processor.py:914} INFO - Processing file /home/huynguyen2741/airflow_venv/lib/python3.12/site-packages/airflow/example_dags/example_latest_only_with_trigger.py for tasks to queue
[2025-08-06T14:37:01.967-0400] {logging_mixin.py:190} INFO - [2025-08-06T14:37:01.967-0400] {dagbag.py:588} INFO - Filling up the DagBag from /home/huynguyen2741/airflow_venv/lib/python3.12/site-packages/airflow/example_dags/example_latest_only_with_trigger.py
[2025-08-06T14:37:01.974-0400] {processor.py:925} INFO - DAG(s) 'latest_only_with_trigger' retrieved from /home/huynguyen2741/airflow_venv/lib/python3.12/site-packages/airflow/example_dags/example_latest_only_with_trigger.py
[2025-08-06T14:37:01.991-0400] {logging_mixin.py:190} INFO - [2025-08-06T14:37:01.990-0400] {dag.py:3239} INFO - Sync 1 DAGs
[2025-08-06T14:37:02.006-0400] {logging_mixin.py:190} INFO - [2025-08-06T14:37:02.006-0400] {dag.py:4180} INFO - Setting next_dagrun for latest_only_with_trigger to 2025-08-06 12:00:00+00:00, run_after=2025-08-06 16:00:00+00:00
[2025-08-06T14:37:02.024-0400] {processor.py:208} INFO - Processing /home/huynguyen2741/airflow_venv/lib/python3.12/site-packages/airflow/example_dags/example_latest_only_with_trigger.py took 0.068 seconds
[2025-08-06T14:38:08.474-0400] {processor.py:186} INFO - Started process (PID=28982) to work on /home/huynguyen2741/airflow_venv/lib/python3.12/site-packages/airflow/example_dags/example_latest_only_with_trigger.py
[2025-08-06T14:38:08.475-0400] {processor.py:914} INFO - Processing file /home/huynguyen2741/airflow_venv/lib/python3.12/site-packages/airflow/example_dags/example_latest_only_with_trigger.py for tasks to queue
[2025-08-06T14:38:08.476-0400] {logging_mixin.py:190} INFO - [2025-08-06T14:38:08.476-0400] {dagbag.py:588} INFO - Filling up the DagBag from /home/huynguyen2741/airflow_venv/lib/python3.12/site-packages/airflow/example_dags/example_latest_only_with_trigger.py
[2025-08-06T14:38:08.483-0400] {processor.py:925} INFO - DAG(s) 'latest_only_with_trigger' retrieved from /home/huynguyen2741/airflow_venv/lib/python3.12/site-packages/airflow/example_dags/example_latest_only_with_trigger.py
[2025-08-06T14:38:08.498-0400] {logging_mixin.py:190} INFO - [2025-08-06T14:38:08.498-0400] {dag.py:3239} INFO - Sync 1 DAGs
[2025-08-06T14:38:08.510-0400] {logging_mixin.py:190} INFO - [2025-08-06T14:38:08.510-0400] {dag.py:4180} INFO - Setting next_dagrun for latest_only_with_trigger to 2025-08-06 12:00:00+00:00, run_after=2025-08-06 16:00:00+00:00
[2025-08-06T14:38:08.526-0400] {processor.py:208} INFO - Processing /home/huynguyen2741/airflow_venv/lib/python3.12/site-packages/airflow/example_dags/example_latest_only_with_trigger.py took 0.058 seconds
[2025-08-06T14:39:16.732-0400] {processor.py:186} INFO - Started process (PID=29275) to work on /home/huynguyen2741/airflow_venv/lib/python3.12/site-packages/airflow/example_dags/example_latest_only_with_trigger.py
[2025-08-06T14:39:16.736-0400] {processor.py:914} INFO - Processing file /home/huynguyen2741/airflow_venv/lib/python3.12/site-packages/airflow/example_dags/example_latest_only_with_trigger.py for tasks to queue
[2025-08-06T14:39:16.737-0400] {logging_mixin.py:190} INFO - [2025-08-06T14:39:16.737-0400] {dagbag.py:588} INFO - Filling up the DagBag from /home/huynguyen2741/airflow_venv/lib/python3.12/site-packages/airflow/example_dags/example_latest_only_with_trigger.py
[2025-08-06T14:39:16.743-0400] {processor.py:925} INFO - DAG(s) 'latest_only_with_trigger' retrieved from /home/huynguyen2741/airflow_venv/lib/python3.12/site-packages/airflow/example_dags/example_latest_only_with_trigger.py
[2025-08-06T14:39:16.757-0400] {logging_mixin.py:190} INFO - [2025-08-06T14:39:16.757-0400] {dag.py:3239} INFO - Sync 1 DAGs
[2025-08-06T14:39:16.771-0400] {logging_mixin.py:190} INFO - [2025-08-06T14:39:16.771-0400] {dag.py:4180} INFO - Setting next_dagrun for latest_only_with_trigger to 2025-08-06 12:00:00+00:00, run_after=2025-08-06 16:00:00+00:00
[2025-08-06T14:39:16.788-0400] {processor.py:208} INFO - Processing /home/huynguyen2741/airflow_venv/lib/python3.12/site-packages/airflow/example_dags/example_latest_only_with_trigger.py took 0.061 seconds
[2025-08-06T14:40:19.044-0400] {processor.py:186} INFO - Started process (PID=29495) to work on /home/huynguyen2741/airflow_venv/lib/python3.12/site-packages/airflow/example_dags/example_latest_only_with_trigger.py
[2025-08-06T14:40:19.046-0400] {processor.py:914} INFO - Processing file /home/huynguyen2741/airflow_venv/lib/python3.12/site-packages/airflow/example_dags/example_latest_only_with_trigger.py for tasks to queue
[2025-08-06T14:40:19.047-0400] {logging_mixin.py:190} INFO - [2025-08-06T14:40:19.046-0400] {dagbag.py:588} INFO - Filling up the DagBag from /home/huynguyen2741/airflow_venv/lib/python3.12/site-packages/airflow/example_dags/example_latest_only_with_trigger.py
[2025-08-06T14:40:19.052-0400] {processor.py:925} INFO - DAG(s) 'latest_only_with_trigger' retrieved from /home/huynguyen2741/airflow_venv/lib/python3.12/site-packages/airflow/example_dags/example_latest_only_with_trigger.py
[2025-08-06T14:40:19.066-0400] {logging_mixin.py:190} INFO - [2025-08-06T14:40:19.066-0400] {dag.py:3239} INFO - Sync 1 DAGs
[2025-08-06T14:40:19.081-0400] {logging_mixin.py:190} INFO - [2025-08-06T14:40:19.081-0400] {dag.py:4180} INFO - Setting next_dagrun for latest_only_with_trigger to 2025-08-06 12:00:00+00:00, run_after=2025-08-06 16:00:00+00:00
[2025-08-06T14:40:19.098-0400] {processor.py:208} INFO - Processing /home/huynguyen2741/airflow_venv/lib/python3.12/site-packages/airflow/example_dags/example_latest_only_with_trigger.py took 0.060 seconds
[2025-08-06T14:41:28.137-0400] {processor.py:186} INFO - Started process (PID=29794) to work on /home/huynguyen2741/airflow_venv/lib/python3.12/site-packages/airflow/example_dags/example_latest_only_with_trigger.py
[2025-08-06T14:41:28.141-0400] {processor.py:914} INFO - Processing file /home/huynguyen2741/airflow_venv/lib/python3.12/site-packages/airflow/example_dags/example_latest_only_with_trigger.py for tasks to queue
[2025-08-06T14:41:28.142-0400] {logging_mixin.py:190} INFO - [2025-08-06T14:41:28.142-0400] {dagbag.py:588} INFO - Filling up the DagBag from /home/huynguyen2741/airflow_venv/lib/python3.12/site-packages/airflow/example_dags/example_latest_only_with_trigger.py
[2025-08-06T14:41:28.148-0400] {processor.py:925} INFO - DAG(s) 'latest_only_with_trigger' retrieved from /home/huynguyen2741/airflow_venv/lib/python3.12/site-packages/airflow/example_dags/example_latest_only_with_trigger.py
[2025-08-06T14:41:28.159-0400] {logging_mixin.py:190} INFO - [2025-08-06T14:41:28.159-0400] {dag.py:3239} INFO - Sync 1 DAGs
[2025-08-06T14:41:28.171-0400] {logging_mixin.py:190} INFO - [2025-08-06T14:41:28.171-0400] {dag.py:4180} INFO - Setting next_dagrun for latest_only_with_trigger to 2025-08-06 12:00:00+00:00, run_after=2025-08-06 16:00:00+00:00
[2025-08-06T14:41:28.187-0400] {processor.py:208} INFO - Processing /home/huynguyen2741/airflow_venv/lib/python3.12/site-packages/airflow/example_dags/example_latest_only_with_trigger.py took 0.055 seconds
[2025-08-06T14:42:30.505-0400] {processor.py:186} INFO - Started process (PID=30015) to work on /home/huynguyen2741/airflow_venv/lib/python3.12/site-packages/airflow/example_dags/example_latest_only_with_trigger.py
[2025-08-06T14:42:30.509-0400] {processor.py:914} INFO - Processing file /home/huynguyen2741/airflow_venv/lib/python3.12/site-packages/airflow/example_dags/example_latest_only_with_trigger.py for tasks to queue
[2025-08-06T14:42:30.510-0400] {logging_mixin.py:190} INFO - [2025-08-06T14:42:30.510-0400] {dagbag.py:588} INFO - Filling up the DagBag from /home/huynguyen2741/airflow_venv/lib/python3.12/site-packages/airflow/example_dags/example_latest_only_with_trigger.py
[2025-08-06T14:42:30.516-0400] {processor.py:925} INFO - DAG(s) 'latest_only_with_trigger' retrieved from /home/huynguyen2741/airflow_venv/lib/python3.12/site-packages/airflow/example_dags/example_latest_only_with_trigger.py
[2025-08-06T14:42:30.530-0400] {logging_mixin.py:190} INFO - [2025-08-06T14:42:30.530-0400] {dag.py:3239} INFO - Sync 1 DAGs
[2025-08-06T14:42:30.545-0400] {logging_mixin.py:190} INFO - [2025-08-06T14:42:30.545-0400] {dag.py:4180} INFO - Setting next_dagrun for latest_only_with_trigger to 2025-08-06 12:00:00+00:00, run_after=2025-08-06 16:00:00+00:00
[2025-08-06T14:42:30.562-0400] {processor.py:208} INFO - Processing /home/huynguyen2741/airflow_venv/lib/python3.12/site-packages/airflow/example_dags/example_latest_only_with_trigger.py took 0.062 seconds
[2025-08-06T14:43:30.850-0400] {processor.py:186} INFO - Started process (PID=30250) to work on /home/huynguyen2741/airflow_venv/lib/python3.12/site-packages/airflow/example_dags/example_latest_only_with_trigger.py
[2025-08-06T14:43:30.855-0400] {processor.py:914} INFO - Processing file /home/huynguyen2741/airflow_venv/lib/python3.12/site-packages/airflow/example_dags/example_latest_only_with_trigger.py for tasks to queue
[2025-08-06T14:43:30.856-0400] {logging_mixin.py:190} INFO - [2025-08-06T14:43:30.856-0400] {dagbag.py:588} INFO - Filling up the DagBag from /home/huynguyen2741/airflow_venv/lib/python3.12/site-packages/airflow/example_dags/example_latest_only_with_trigger.py
[2025-08-06T14:43:30.863-0400] {processor.py:925} INFO - DAG(s) 'latest_only_with_trigger' retrieved from /home/huynguyen2741/airflow_venv/lib/python3.12/site-packages/airflow/example_dags/example_latest_only_with_trigger.py
[2025-08-06T14:43:30.877-0400] {logging_mixin.py:190} INFO - [2025-08-06T14:43:30.877-0400] {dag.py:3239} INFO - Sync 1 DAGs
[2025-08-06T14:43:30.890-0400] {logging_mixin.py:190} INFO - [2025-08-06T14:43:30.890-0400] {dag.py:4180} INFO - Setting next_dagrun for latest_only_with_trigger to 2025-08-06 12:00:00+00:00, run_after=2025-08-06 16:00:00+00:00
[2025-08-06T14:43:30.910-0400] {processor.py:208} INFO - Processing /home/huynguyen2741/airflow_venv/lib/python3.12/site-packages/airflow/example_dags/example_latest_only_with_trigger.py took 0.066 seconds
[2025-08-06T14:44:36.472-0400] {processor.py:186} INFO - Started process (PID=30519) to work on /home/huynguyen2741/airflow_venv/lib/python3.12/site-packages/airflow/example_dags/example_latest_only_with_trigger.py
[2025-08-06T14:44:36.474-0400] {processor.py:914} INFO - Processing file /home/huynguyen2741/airflow_venv/lib/python3.12/site-packages/airflow/example_dags/example_latest_only_with_trigger.py for tasks to queue
[2025-08-06T14:44:36.475-0400] {logging_mixin.py:190} INFO - [2025-08-06T14:44:36.474-0400] {dagbag.py:588} INFO - Filling up the DagBag from /home/huynguyen2741/airflow_venv/lib/python3.12/site-packages/airflow/example_dags/example_latest_only_with_trigger.py
[2025-08-06T14:44:36.481-0400] {processor.py:925} INFO - DAG(s) 'latest_only_with_trigger' retrieved from /home/huynguyen2741/airflow_venv/lib/python3.12/site-packages/airflow/example_dags/example_latest_only_with_trigger.py
[2025-08-06T14:44:36.493-0400] {logging_mixin.py:190} INFO - [2025-08-06T14:44:36.492-0400] {dag.py:3239} INFO - Sync 1 DAGs
[2025-08-06T14:44:36.505-0400] {logging_mixin.py:190} INFO - [2025-08-06T14:44:36.505-0400] {dag.py:4180} INFO - Setting next_dagrun for latest_only_with_trigger to 2025-08-06 12:00:00+00:00, run_after=2025-08-06 16:00:00+00:00
[2025-08-06T14:44:36.521-0400] {processor.py:208} INFO - Processing /home/huynguyen2741/airflow_venv/lib/python3.12/site-packages/airflow/example_dags/example_latest_only_with_trigger.py took 0.054 seconds
[2025-08-06T14:45:33.923-0400] {processor.py:186} INFO - Started process (PID=30775) to work on /home/huynguyen2741/airflow_venv/lib/python3.12/site-packages/airflow/example_dags/example_latest_only_with_trigger.py
[2025-08-06T14:45:33.933-0400] {processor.py:914} INFO - Processing file /home/huynguyen2741/airflow_venv/lib/python3.12/site-packages/airflow/example_dags/example_latest_only_with_trigger.py for tasks to queue
[2025-08-06T14:45:33.935-0400] {logging_mixin.py:190} INFO - [2025-08-06T14:45:33.934-0400] {dagbag.py:588} INFO - Filling up the DagBag from /home/huynguyen2741/airflow_venv/lib/python3.12/site-packages/airflow/example_dags/example_latest_only_with_trigger.py
[2025-08-06T14:45:33.941-0400] {processor.py:925} INFO - DAG(s) 'latest_only_with_trigger' retrieved from /home/huynguyen2741/airflow_venv/lib/python3.12/site-packages/airflow/example_dags/example_latest_only_with_trigger.py
[2025-08-06T14:45:33.955-0400] {logging_mixin.py:190} INFO - [2025-08-06T14:45:33.955-0400] {dag.py:3239} INFO - Sync 1 DAGs
[2025-08-06T14:45:33.970-0400] {logging_mixin.py:190} INFO - [2025-08-06T14:45:33.970-0400] {dag.py:4180} INFO - Setting next_dagrun for latest_only_with_trigger to 2025-08-06 12:00:00+00:00, run_after=2025-08-06 16:00:00+00:00
[2025-08-06T14:45:33.986-0400] {processor.py:208} INFO - Processing /home/huynguyen2741/airflow_venv/lib/python3.12/site-packages/airflow/example_dags/example_latest_only_with_trigger.py took 0.068 seconds
[2025-08-06T14:46:34.564-0400] {processor.py:186} INFO - Started process (PID=30998) to work on /home/huynguyen2741/airflow_venv/lib/python3.12/site-packages/airflow/example_dags/example_latest_only_with_trigger.py
[2025-08-06T14:46:34.565-0400] {processor.py:914} INFO - Processing file /home/huynguyen2741/airflow_venv/lib/python3.12/site-packages/airflow/example_dags/example_latest_only_with_trigger.py for tasks to queue
[2025-08-06T14:46:34.566-0400] {logging_mixin.py:190} INFO - [2025-08-06T14:46:34.566-0400] {dagbag.py:588} INFO - Filling up the DagBag from /home/huynguyen2741/airflow_venv/lib/python3.12/site-packages/airflow/example_dags/example_latest_only_with_trigger.py
[2025-08-06T14:46:34.575-0400] {processor.py:925} INFO - DAG(s) 'latest_only_with_trigger' retrieved from /home/huynguyen2741/airflow_venv/lib/python3.12/site-packages/airflow/example_dags/example_latest_only_with_trigger.py
[2025-08-06T14:46:34.591-0400] {logging_mixin.py:190} INFO - [2025-08-06T14:46:34.591-0400] {dag.py:3239} INFO - Sync 1 DAGs
[2025-08-06T14:46:34.609-0400] {logging_mixin.py:190} INFO - [2025-08-06T14:46:34.608-0400] {dag.py:4180} INFO - Setting next_dagrun for latest_only_with_trigger to 2025-08-06 12:00:00+00:00, run_after=2025-08-06 16:00:00+00:00
[2025-08-06T14:46:34.633-0400] {processor.py:208} INFO - Processing /home/huynguyen2741/airflow_venv/lib/python3.12/site-packages/airflow/example_dags/example_latest_only_with_trigger.py took 0.076 seconds
[2025-08-06T14:47:57.356-0400] {processor.py:186} INFO - Started process (PID=31523) to work on /home/huynguyen2741/airflow_venv/lib/python3.12/site-packages/airflow/example_dags/example_latest_only_with_trigger.py
[2025-08-06T14:47:57.358-0400] {processor.py:914} INFO - Processing file /home/huynguyen2741/airflow_venv/lib/python3.12/site-packages/airflow/example_dags/example_latest_only_with_trigger.py for tasks to queue
[2025-08-06T14:47:57.359-0400] {logging_mixin.py:190} INFO - [2025-08-06T14:47:57.358-0400] {dagbag.py:588} INFO - Filling up the DagBag from /home/huynguyen2741/airflow_venv/lib/python3.12/site-packages/airflow/example_dags/example_latest_only_with_trigger.py
[2025-08-06T14:47:57.366-0400] {processor.py:925} INFO - DAG(s) 'latest_only_with_trigger' retrieved from /home/huynguyen2741/airflow_venv/lib/python3.12/site-packages/airflow/example_dags/example_latest_only_with_trigger.py
[2025-08-06T14:47:57.380-0400] {logging_mixin.py:190} INFO - [2025-08-06T14:47:57.380-0400] {dag.py:3239} INFO - Sync 1 DAGs
[2025-08-06T14:47:57.396-0400] {logging_mixin.py:190} INFO - [2025-08-06T14:47:57.396-0400] {dag.py:4180} INFO - Setting next_dagrun for latest_only_with_trigger to 2025-08-06 12:00:00+00:00, run_after=2025-08-06 16:00:00+00:00
[2025-08-06T14:47:57.417-0400] {processor.py:208} INFO - Processing /home/huynguyen2741/airflow_venv/lib/python3.12/site-packages/airflow/example_dags/example_latest_only_with_trigger.py took 0.066 seconds
[2025-08-06T14:49:10.582-0400] {processor.py:186} INFO - Started process (PID=31829) to work on /home/huynguyen2741/airflow_venv/lib/python3.12/site-packages/airflow/example_dags/example_latest_only_with_trigger.py
[2025-08-06T14:49:10.583-0400] {processor.py:914} INFO - Processing file /home/huynguyen2741/airflow_venv/lib/python3.12/site-packages/airflow/example_dags/example_latest_only_with_trigger.py for tasks to queue
[2025-08-06T14:49:10.584-0400] {logging_mixin.py:190} INFO - [2025-08-06T14:49:10.584-0400] {dagbag.py:588} INFO - Filling up the DagBag from /home/huynguyen2741/airflow_venv/lib/python3.12/site-packages/airflow/example_dags/example_latest_only_with_trigger.py
[2025-08-06T14:49:10.590-0400] {processor.py:925} INFO - DAG(s) 'latest_only_with_trigger' retrieved from /home/huynguyen2741/airflow_venv/lib/python3.12/site-packages/airflow/example_dags/example_latest_only_with_trigger.py
[2025-08-06T14:49:10.602-0400] {logging_mixin.py:190} INFO - [2025-08-06T14:49:10.602-0400] {dag.py:3239} INFO - Sync 1 DAGs
[2025-08-06T14:49:10.615-0400] {logging_mixin.py:190} INFO - [2025-08-06T14:49:10.615-0400] {dag.py:4180} INFO - Setting next_dagrun for latest_only_with_trigger to 2025-08-06 12:00:00+00:00, run_after=2025-08-06 16:00:00+00:00
[2025-08-06T14:49:10.633-0400] {processor.py:208} INFO - Processing /home/huynguyen2741/airflow_venv/lib/python3.12/site-packages/airflow/example_dags/example_latest_only_with_trigger.py took 0.056 seconds
[2025-08-06T14:50:14.108-0400] {processor.py:186} INFO - Started process (PID=32055) to work on /home/huynguyen2741/airflow_venv/lib/python3.12/site-packages/airflow/example_dags/example_latest_only_with_trigger.py
[2025-08-06T14:50:14.112-0400] {processor.py:914} INFO - Processing file /home/huynguyen2741/airflow_venv/lib/python3.12/site-packages/airflow/example_dags/example_latest_only_with_trigger.py for tasks to queue
[2025-08-06T14:50:14.114-0400] {logging_mixin.py:190} INFO - [2025-08-06T14:50:14.113-0400] {dagbag.py:588} INFO - Filling up the DagBag from /home/huynguyen2741/airflow_venv/lib/python3.12/site-packages/airflow/example_dags/example_latest_only_with_trigger.py
[2025-08-06T14:50:14.120-0400] {processor.py:925} INFO - DAG(s) 'latest_only_with_trigger' retrieved from /home/huynguyen2741/airflow_venv/lib/python3.12/site-packages/airflow/example_dags/example_latest_only_with_trigger.py
[2025-08-06T14:50:14.134-0400] {logging_mixin.py:190} INFO - [2025-08-06T14:50:14.134-0400] {dag.py:3239} INFO - Sync 1 DAGs
[2025-08-06T14:50:14.149-0400] {logging_mixin.py:190} INFO - [2025-08-06T14:50:14.149-0400] {dag.py:4180} INFO - Setting next_dagrun for latest_only_with_trigger to 2025-08-06 12:00:00+00:00, run_after=2025-08-06 16:00:00+00:00
[2025-08-06T14:50:14.166-0400] {processor.py:208} INFO - Processing /home/huynguyen2741/airflow_venv/lib/python3.12/site-packages/airflow/example_dags/example_latest_only_with_trigger.py took 0.063 seconds
[2025-08-06T14:51:16.515-0400] {processor.py:186} INFO - Started process (PID=32277) to work on /home/huynguyen2741/airflow_venv/lib/python3.12/site-packages/airflow/example_dags/example_latest_only_with_trigger.py
[2025-08-06T14:51:16.521-0400] {processor.py:914} INFO - Processing file /home/huynguyen2741/airflow_venv/lib/python3.12/site-packages/airflow/example_dags/example_latest_only_with_trigger.py for tasks to queue
[2025-08-06T14:51:16.522-0400] {logging_mixin.py:190} INFO - [2025-08-06T14:51:16.522-0400] {dagbag.py:588} INFO - Filling up the DagBag from /home/huynguyen2741/airflow_venv/lib/python3.12/site-packages/airflow/example_dags/example_latest_only_with_trigger.py
[2025-08-06T14:51:16.528-0400] {processor.py:925} INFO - DAG(s) 'latest_only_with_trigger' retrieved from /home/huynguyen2741/airflow_venv/lib/python3.12/site-packages/airflow/example_dags/example_latest_only_with_trigger.py
[2025-08-06T14:51:16.541-0400] {logging_mixin.py:190} INFO - [2025-08-06T14:51:16.541-0400] {dag.py:3239} INFO - Sync 1 DAGs
[2025-08-06T14:51:16.555-0400] {logging_mixin.py:190} INFO - [2025-08-06T14:51:16.555-0400] {dag.py:4180} INFO - Setting next_dagrun for latest_only_with_trigger to 2025-08-06 12:00:00+00:00, run_after=2025-08-06 16:00:00+00:00
[2025-08-06T14:51:16.576-0400] {processor.py:208} INFO - Processing /home/huynguyen2741/airflow_venv/lib/python3.12/site-packages/airflow/example_dags/example_latest_only_with_trigger.py took 0.066 seconds
[2025-08-06T14:52:16.299-0400] {processor.py:186} INFO - Started process (PID=32538) to work on /home/huynguyen2741/airflow_venv/lib/python3.12/site-packages/airflow/example_dags/example_latest_only_with_trigger.py
[2025-08-06T14:52:16.304-0400] {processor.py:914} INFO - Processing file /home/huynguyen2741/airflow_venv/lib/python3.12/site-packages/airflow/example_dags/example_latest_only_with_trigger.py for tasks to queue
[2025-08-06T14:52:16.305-0400] {logging_mixin.py:190} INFO - [2025-08-06T14:52:16.304-0400] {dagbag.py:588} INFO - Filling up the DagBag from /home/huynguyen2741/airflow_venv/lib/python3.12/site-packages/airflow/example_dags/example_latest_only_with_trigger.py
[2025-08-06T14:52:16.311-0400] {processor.py:925} INFO - DAG(s) 'latest_only_with_trigger' retrieved from /home/huynguyen2741/airflow_venv/lib/python3.12/site-packages/airflow/example_dags/example_latest_only_with_trigger.py
[2025-08-06T14:52:16.322-0400] {logging_mixin.py:190} INFO - [2025-08-06T14:52:16.322-0400] {dag.py:3239} INFO - Sync 1 DAGs
[2025-08-06T14:52:16.334-0400] {logging_mixin.py:190} INFO - [2025-08-06T14:52:16.334-0400] {dag.py:4180} INFO - Setting next_dagrun for latest_only_with_trigger to 2025-08-06 12:00:00+00:00, run_after=2025-08-06 16:00:00+00:00
[2025-08-06T14:52:16.349-0400] {processor.py:208} INFO - Processing /home/huynguyen2741/airflow_venv/lib/python3.12/site-packages/airflow/example_dags/example_latest_only_with_trigger.py took 0.056 seconds
[2025-08-06T14:53:19.707-0400] {processor.py:186} INFO - Started process (PID=32835) to work on /home/huynguyen2741/airflow_venv/lib/python3.12/site-packages/airflow/example_dags/example_latest_only_with_trigger.py
[2025-08-06T14:53:19.708-0400] {processor.py:914} INFO - Processing file /home/huynguyen2741/airflow_venv/lib/python3.12/site-packages/airflow/example_dags/example_latest_only_with_trigger.py for tasks to queue
[2025-08-06T14:53:19.709-0400] {logging_mixin.py:190} INFO - [2025-08-06T14:53:19.709-0400] {dagbag.py:588} INFO - Filling up the DagBag from /home/huynguyen2741/airflow_venv/lib/python3.12/site-packages/airflow/example_dags/example_latest_only_with_trigger.py
[2025-08-06T14:53:19.715-0400] {processor.py:925} INFO - DAG(s) 'latest_only_with_trigger' retrieved from /home/huynguyen2741/airflow_venv/lib/python3.12/site-packages/airflow/example_dags/example_latest_only_with_trigger.py
[2025-08-06T14:53:19.728-0400] {logging_mixin.py:190} INFO - [2025-08-06T14:53:19.728-0400] {dag.py:3239} INFO - Sync 1 DAGs
[2025-08-06T14:53:19.743-0400] {logging_mixin.py:190} INFO - [2025-08-06T14:53:19.743-0400] {dag.py:4180} INFO - Setting next_dagrun for latest_only_with_trigger to 2025-08-06 12:00:00+00:00, run_after=2025-08-06 16:00:00+00:00
[2025-08-06T14:53:19.761-0400] {processor.py:208} INFO - Processing /home/huynguyen2741/airflow_venv/lib/python3.12/site-packages/airflow/example_dags/example_latest_only_with_trigger.py took 0.060 seconds
[2025-08-06T14:54:20.570-0400] {processor.py:186} INFO - Started process (PID=33263) to work on /home/huynguyen2741/airflow_venv/lib/python3.12/site-packages/airflow/example_dags/example_latest_only_with_trigger.py
[2025-08-06T14:54:20.571-0400] {processor.py:914} INFO - Processing file /home/huynguyen2741/airflow_venv/lib/python3.12/site-packages/airflow/example_dags/example_latest_only_with_trigger.py for tasks to queue
[2025-08-06T14:54:20.572-0400] {logging_mixin.py:190} INFO - [2025-08-06T14:54:20.571-0400] {dagbag.py:588} INFO - Filling up the DagBag from /home/huynguyen2741/airflow_venv/lib/python3.12/site-packages/airflow/example_dags/example_latest_only_with_trigger.py
[2025-08-06T14:54:20.578-0400] {processor.py:925} INFO - DAG(s) 'latest_only_with_trigger' retrieved from /home/huynguyen2741/airflow_venv/lib/python3.12/site-packages/airflow/example_dags/example_latest_only_with_trigger.py
[2025-08-06T14:54:20.590-0400] {logging_mixin.py:190} INFO - [2025-08-06T14:54:20.590-0400] {dag.py:3239} INFO - Sync 1 DAGs
[2025-08-06T14:54:20.602-0400] {logging_mixin.py:190} INFO - [2025-08-06T14:54:20.602-0400] {dag.py:4180} INFO - Setting next_dagrun for latest_only_with_trigger to 2025-08-06 12:00:00+00:00, run_after=2025-08-06 16:00:00+00:00
[2025-08-06T14:54:20.618-0400] {processor.py:208} INFO - Processing /home/huynguyen2741/airflow_venv/lib/python3.12/site-packages/airflow/example_dags/example_latest_only_with_trigger.py took 0.053 seconds
[2025-08-06T14:55:14.180-0400] {processor.py:186} INFO - Started process (PID=33567) to work on /home/huynguyen2741/airflow_venv/lib/python3.12/site-packages/airflow/example_dags/example_latest_only_with_trigger.py
[2025-08-06T14:55:14.184-0400] {processor.py:914} INFO - Processing file /home/huynguyen2741/airflow_venv/lib/python3.12/site-packages/airflow/example_dags/example_latest_only_with_trigger.py for tasks to queue
[2025-08-06T14:55:14.186-0400] {logging_mixin.py:190} INFO - [2025-08-06T14:55:14.185-0400] {dagbag.py:588} INFO - Filling up the DagBag from /home/huynguyen2741/airflow_venv/lib/python3.12/site-packages/airflow/example_dags/example_latest_only_with_trigger.py
[2025-08-06T14:55:14.194-0400] {processor.py:925} INFO - DAG(s) 'latest_only_with_trigger' retrieved from /home/huynguyen2741/airflow_venv/lib/python3.12/site-packages/airflow/example_dags/example_latest_only_with_trigger.py
[2025-08-06T14:55:14.210-0400] {logging_mixin.py:190} INFO - [2025-08-06T14:55:14.210-0400] {dag.py:3239} INFO - Sync 1 DAGs
[2025-08-06T14:55:14.226-0400] {logging_mixin.py:190} INFO - [2025-08-06T14:55:14.226-0400] {dag.py:4180} INFO - Setting next_dagrun for latest_only_with_trigger to 2025-08-06 12:00:00+00:00, run_after=2025-08-06 16:00:00+00:00
[2025-08-06T14:55:14.244-0400] {processor.py:208} INFO - Processing /home/huynguyen2741/airflow_venv/lib/python3.12/site-packages/airflow/example_dags/example_latest_only_with_trigger.py took 0.071 seconds
[2025-08-06T14:56:16.506-0400] {processor.py:186} INFO - Started process (PID=33867) to work on /home/huynguyen2741/airflow_venv/lib/python3.12/site-packages/airflow/example_dags/example_latest_only_with_trigger.py
[2025-08-06T14:56:16.511-0400] {processor.py:914} INFO - Processing file /home/huynguyen2741/airflow_venv/lib/python3.12/site-packages/airflow/example_dags/example_latest_only_with_trigger.py for tasks to queue
[2025-08-06T14:56:16.512-0400] {logging_mixin.py:190} INFO - [2025-08-06T14:56:16.511-0400] {dagbag.py:588} INFO - Filling up the DagBag from /home/huynguyen2741/airflow_venv/lib/python3.12/site-packages/airflow/example_dags/example_latest_only_with_trigger.py
[2025-08-06T14:56:16.518-0400] {processor.py:925} INFO - DAG(s) 'latest_only_with_trigger' retrieved from /home/huynguyen2741/airflow_venv/lib/python3.12/site-packages/airflow/example_dags/example_latest_only_with_trigger.py
[2025-08-06T14:56:16.529-0400] {logging_mixin.py:190} INFO - [2025-08-06T14:56:16.529-0400] {dag.py:3239} INFO - Sync 1 DAGs
[2025-08-06T14:56:16.542-0400] {logging_mixin.py:190} INFO - [2025-08-06T14:56:16.542-0400] {dag.py:4180} INFO - Setting next_dagrun for latest_only_with_trigger to 2025-08-06 12:00:00+00:00, run_after=2025-08-06 16:00:00+00:00
[2025-08-06T14:56:16.559-0400] {processor.py:208} INFO - Processing /home/huynguyen2741/airflow_venv/lib/python3.12/site-packages/airflow/example_dags/example_latest_only_with_trigger.py took 0.058 seconds
[2025-08-06T14:57:20.071-0400] {processor.py:186} INFO - Started process (PID=34134) to work on /home/huynguyen2741/airflow_venv/lib/python3.12/site-packages/airflow/example_dags/example_latest_only_with_trigger.py
[2025-08-06T14:57:20.075-0400] {processor.py:914} INFO - Processing file /home/huynguyen2741/airflow_venv/lib/python3.12/site-packages/airflow/example_dags/example_latest_only_with_trigger.py for tasks to queue
[2025-08-06T14:57:20.077-0400] {logging_mixin.py:190} INFO - [2025-08-06T14:57:20.076-0400] {dagbag.py:588} INFO - Filling up the DagBag from /home/huynguyen2741/airflow_venv/lib/python3.12/site-packages/airflow/example_dags/example_latest_only_with_trigger.py
[2025-08-06T14:57:20.083-0400] {processor.py:925} INFO - DAG(s) 'latest_only_with_trigger' retrieved from /home/huynguyen2741/airflow_venv/lib/python3.12/site-packages/airflow/example_dags/example_latest_only_with_trigger.py
[2025-08-06T14:57:20.094-0400] {logging_mixin.py:190} INFO - [2025-08-06T14:57:20.094-0400] {dag.py:3239} INFO - Sync 1 DAGs
[2025-08-06T14:57:20.106-0400] {logging_mixin.py:190} INFO - [2025-08-06T14:57:20.106-0400] {dag.py:4180} INFO - Setting next_dagrun for latest_only_with_trigger to 2025-08-06 12:00:00+00:00, run_after=2025-08-06 16:00:00+00:00
[2025-08-06T14:57:20.122-0400] {processor.py:208} INFO - Processing /home/huynguyen2741/airflow_venv/lib/python3.12/site-packages/airflow/example_dags/example_latest_only_with_trigger.py took 0.057 seconds
[2025-08-06T14:58:21.832-0400] {processor.py:186} INFO - Started process (PID=34393) to work on /home/huynguyen2741/airflow_venv/lib/python3.12/site-packages/airflow/example_dags/example_latest_only_with_trigger.py
[2025-08-06T14:58:21.842-0400] {processor.py:914} INFO - Processing file /home/huynguyen2741/airflow_venv/lib/python3.12/site-packages/airflow/example_dags/example_latest_only_with_trigger.py for tasks to queue
[2025-08-06T14:58:21.843-0400] {logging_mixin.py:190} INFO - [2025-08-06T14:58:21.843-0400] {dagbag.py:588} INFO - Filling up the DagBag from /home/huynguyen2741/airflow_venv/lib/python3.12/site-packages/airflow/example_dags/example_latest_only_with_trigger.py
[2025-08-06T14:58:21.849-0400] {processor.py:925} INFO - DAG(s) 'latest_only_with_trigger' retrieved from /home/huynguyen2741/airflow_venv/lib/python3.12/site-packages/airflow/example_dags/example_latest_only_with_trigger.py
[2025-08-06T14:58:21.861-0400] {logging_mixin.py:190} INFO - [2025-08-06T14:58:21.861-0400] {dag.py:3239} INFO - Sync 1 DAGs
[2025-08-06T14:58:21.877-0400] {logging_mixin.py:190} INFO - [2025-08-06T14:58:21.877-0400] {dag.py:4180} INFO - Setting next_dagrun for latest_only_with_trigger to 2025-08-06 12:00:00+00:00, run_after=2025-08-06 16:00:00+00:00
[2025-08-06T14:58:21.894-0400] {processor.py:208} INFO - Processing /home/huynguyen2741/airflow_venv/lib/python3.12/site-packages/airflow/example_dags/example_latest_only_with_trigger.py took 0.067 seconds
[2025-08-06T14:59:21.961-0400] {processor.py:186} INFO - Started process (PID=34643) to work on /home/huynguyen2741/airflow_venv/lib/python3.12/site-packages/airflow/example_dags/example_latest_only_with_trigger.py
[2025-08-06T14:59:21.962-0400] {processor.py:914} INFO - Processing file /home/huynguyen2741/airflow_venv/lib/python3.12/site-packages/airflow/example_dags/example_latest_only_with_trigger.py for tasks to queue
[2025-08-06T14:59:21.963-0400] {logging_mixin.py:190} INFO - [2025-08-06T14:59:21.963-0400] {dagbag.py:588} INFO - Filling up the DagBag from /home/huynguyen2741/airflow_venv/lib/python3.12/site-packages/airflow/example_dags/example_latest_only_with_trigger.py
[2025-08-06T14:59:21.969-0400] {processor.py:925} INFO - DAG(s) 'latest_only_with_trigger' retrieved from /home/huynguyen2741/airflow_venv/lib/python3.12/site-packages/airflow/example_dags/example_latest_only_with_trigger.py
[2025-08-06T14:59:21.981-0400] {logging_mixin.py:190} INFO - [2025-08-06T14:59:21.980-0400] {dag.py:3239} INFO - Sync 1 DAGs
[2025-08-06T14:59:21.993-0400] {logging_mixin.py:190} INFO - [2025-08-06T14:59:21.993-0400] {dag.py:4180} INFO - Setting next_dagrun for latest_only_with_trigger to 2025-08-06 12:00:00+00:00, run_after=2025-08-06 16:00:00+00:00
[2025-08-06T14:59:22.017-0400] {processor.py:208} INFO - Processing /home/huynguyen2741/airflow_venv/lib/python3.12/site-packages/airflow/example_dags/example_latest_only_with_trigger.py took 0.061 seconds
[2025-08-06T15:00:26.348-0400] {processor.py:186} INFO - Started process (PID=34873) to work on /home/huynguyen2741/airflow_venv/lib/python3.12/site-packages/airflow/example_dags/example_latest_only_with_trigger.py
[2025-08-06T15:00:26.358-0400] {processor.py:914} INFO - Processing file /home/huynguyen2741/airflow_venv/lib/python3.12/site-packages/airflow/example_dags/example_latest_only_with_trigger.py for tasks to queue
[2025-08-06T15:00:26.359-0400] {logging_mixin.py:190} INFO - [2025-08-06T15:00:26.359-0400] {dagbag.py:588} INFO - Filling up the DagBag from /home/huynguyen2741/airflow_venv/lib/python3.12/site-packages/airflow/example_dags/example_latest_only_with_trigger.py
[2025-08-06T15:00:26.365-0400] {processor.py:925} INFO - DAG(s) 'latest_only_with_trigger' retrieved from /home/huynguyen2741/airflow_venv/lib/python3.12/site-packages/airflow/example_dags/example_latest_only_with_trigger.py
[2025-08-06T15:00:26.377-0400] {logging_mixin.py:190} INFO - [2025-08-06T15:00:26.377-0400] {dag.py:3239} INFO - Sync 1 DAGs
[2025-08-06T15:00:26.389-0400] {logging_mixin.py:190} INFO - [2025-08-06T15:00:26.389-0400] {dag.py:4180} INFO - Setting next_dagrun for latest_only_with_trigger to 2025-08-06 12:00:00+00:00, run_after=2025-08-06 16:00:00+00:00
[2025-08-06T15:00:26.405-0400] {processor.py:208} INFO - Processing /home/huynguyen2741/airflow_venv/lib/python3.12/site-packages/airflow/example_dags/example_latest_only_with_trigger.py took 0.063 seconds
