[2025-08-06T13:57:48.568-0400] {processor.py:186} INFO - Started process (PID=17825) to work on /home/huynguyen2741/airflow_venv/lib/python3.12/site-packages/airflow/example_dags/example_bash_operator.py
[2025-08-06T13:57:48.568-0400] {processor.py:914} INFO - Processing file /home/huynguyen2741/airflow_venv/lib/python3.12/site-packages/airflow/example_dags/example_bash_operator.py for tasks to queue
[2025-08-06T13:57:48.570-0400] {logging_mixin.py:190} INFO - [2025-08-06T13:57:48.570-0400] {dagbag.py:588} INFO - Filling up the DagBag from /home/huynguyen2741/airflow_venv/lib/python3.12/site-packages/airflow/example_dags/example_bash_operator.py
[2025-08-06T13:57:48.579-0400] {processor.py:925} INFO - DAG(s) 'example_bash_operator' retrieved from /home/huynguyen2741/airflow_venv/lib/python3.12/site-packages/airflow/example_dags/example_bash_operator.py
[2025-08-06T13:57:48.669-0400] {logging_mixin.py:190} INFO - [2025-08-06T13:57:48.669-0400] {override.py:1930} INFO - Created Permission View: can edit on DAG:example_bash_operator
[2025-08-06T13:57:48.681-0400] {logging_mixin.py:190} INFO - [2025-08-06T13:57:48.680-0400] {override.py:1930} INFO - Created Permission View: can read on DAG:example_bash_operator
[2025-08-06T13:57:48.690-0400] {logging_mixin.py:190} INFO - [2025-08-06T13:57:48.690-0400] {override.py:1930} INFO - Created Permission View: can delete on DAG:example_bash_operator
[2025-08-06T13:57:48.703-0400] {logging_mixin.py:190} INFO - [2025-08-06T13:57:48.703-0400] {override.py:1930} INFO - Created Permission View: menu access on DAG Run:example_bash_operator
[2025-08-06T13:57:48.711-0400] {logging_mixin.py:190} INFO - [2025-08-06T13:57:48.710-0400] {override.py:1930} INFO - Created Permission View: can read on DAG Run:example_bash_operator
[2025-08-06T13:57:48.719-0400] {logging_mixin.py:190} INFO - [2025-08-06T13:57:48.718-0400] {override.py:1930} INFO - Created Permission View: can create on DAG Run:example_bash_operator
[2025-08-06T13:57:48.726-0400] {logging_mixin.py:190} INFO - [2025-08-06T13:57:48.726-0400] {override.py:1930} INFO - Created Permission View: can delete on DAG Run:example_bash_operator
[2025-08-06T13:57:48.726-0400] {logging_mixin.py:190} INFO - [2025-08-06T13:57:48.726-0400] {dag.py:3239} INFO - Sync 1 DAGs
[2025-08-06T13:57:48.733-0400] {logging_mixin.py:190} INFO - [2025-08-06T13:57:48.733-0400] {dag.py:3262} INFO - Creating ORM DAG for example_bash_operator
[2025-08-06T13:57:48.739-0400] {logging_mixin.py:190} INFO - [2025-08-06T13:57:48.739-0400] {dag.py:4180} INFO - Setting next_dagrun for example_bash_operator to 2025-08-05 00:00:00+00:00, run_after=2025-08-06 00:00:00+00:00
[2025-08-06T13:57:48.756-0400] {processor.py:208} INFO - Processing /home/huynguyen2741/airflow_venv/lib/python3.12/site-packages/airflow/example_dags/example_bash_operator.py took 0.192 seconds
[2025-08-06T13:58:56.705-0400] {processor.py:186} INFO - Started process (PID=18074) to work on /home/huynguyen2741/airflow_venv/lib/python3.12/site-packages/airflow/example_dags/example_bash_operator.py
[2025-08-06T13:58:56.706-0400] {processor.py:914} INFO - Processing file /home/huynguyen2741/airflow_venv/lib/python3.12/site-packages/airflow/example_dags/example_bash_operator.py for tasks to queue
[2025-08-06T13:58:56.707-0400] {logging_mixin.py:190} INFO - [2025-08-06T13:58:56.707-0400] {dagbag.py:588} INFO - Filling up the DagBag from /home/huynguyen2741/airflow_venv/lib/python3.12/site-packages/airflow/example_dags/example_bash_operator.py
[2025-08-06T13:58:56.717-0400] {processor.py:925} INFO - DAG(s) 'example_bash_operator' retrieved from /home/huynguyen2741/airflow_venv/lib/python3.12/site-packages/airflow/example_dags/example_bash_operator.py
[2025-08-06T13:58:56.731-0400] {logging_mixin.py:190} INFO - [2025-08-06T13:58:56.731-0400] {dag.py:3239} INFO - Sync 1 DAGs
[2025-08-06T13:58:56.744-0400] {logging_mixin.py:190} INFO - [2025-08-06T13:58:56.744-0400] {dag.py:4180} INFO - Setting next_dagrun for example_bash_operator to 2025-08-05 00:00:00+00:00, run_after=2025-08-06 00:00:00+00:00
[2025-08-06T13:58:56.758-0400] {processor.py:208} INFO - Processing /home/huynguyen2741/airflow_venv/lib/python3.12/site-packages/airflow/example_dags/example_bash_operator.py took 0.058 seconds
[2025-08-06T13:59:54.074-0400] {processor.py:186} INFO - Started process (PID=18288) to work on /home/huynguyen2741/airflow_venv/lib/python3.12/site-packages/airflow/example_dags/example_bash_operator.py
[2025-08-06T13:59:54.075-0400] {processor.py:914} INFO - Processing file /home/huynguyen2741/airflow_venv/lib/python3.12/site-packages/airflow/example_dags/example_bash_operator.py for tasks to queue
[2025-08-06T13:59:54.077-0400] {logging_mixin.py:190} INFO - [2025-08-06T13:59:54.076-0400] {dagbag.py:588} INFO - Filling up the DagBag from /home/huynguyen2741/airflow_venv/lib/python3.12/site-packages/airflow/example_dags/example_bash_operator.py
[2025-08-06T13:59:54.086-0400] {processor.py:925} INFO - DAG(s) 'example_bash_operator' retrieved from /home/huynguyen2741/airflow_venv/lib/python3.12/site-packages/airflow/example_dags/example_bash_operator.py
[2025-08-06T13:59:54.099-0400] {logging_mixin.py:190} INFO - [2025-08-06T13:59:54.099-0400] {dag.py:3239} INFO - Sync 1 DAGs
[2025-08-06T13:59:54.112-0400] {logging_mixin.py:190} INFO - [2025-08-06T13:59:54.112-0400] {dag.py:4180} INFO - Setting next_dagrun for example_bash_operator to 2025-08-05 00:00:00+00:00, run_after=2025-08-06 00:00:00+00:00
[2025-08-06T13:59:54.129-0400] {processor.py:208} INFO - Processing /home/huynguyen2741/airflow_venv/lib/python3.12/site-packages/airflow/example_dags/example_bash_operator.py took 0.059 seconds
[2025-08-06T14:00:56.690-0400] {processor.py:186} INFO - Started process (PID=18507) to work on /home/huynguyen2741/airflow_venv/lib/python3.12/site-packages/airflow/example_dags/example_bash_operator.py
[2025-08-06T14:00:56.692-0400] {processor.py:914} INFO - Processing file /home/huynguyen2741/airflow_venv/lib/python3.12/site-packages/airflow/example_dags/example_bash_operator.py for tasks to queue
[2025-08-06T14:00:56.693-0400] {logging_mixin.py:190} INFO - [2025-08-06T14:00:56.693-0400] {dagbag.py:588} INFO - Filling up the DagBag from /home/huynguyen2741/airflow_venv/lib/python3.12/site-packages/airflow/example_dags/example_bash_operator.py
[2025-08-06T14:00:56.704-0400] {processor.py:925} INFO - DAG(s) 'example_bash_operator' retrieved from /home/huynguyen2741/airflow_venv/lib/python3.12/site-packages/airflow/example_dags/example_bash_operator.py
[2025-08-06T14:00:56.720-0400] {logging_mixin.py:190} INFO - [2025-08-06T14:00:56.720-0400] {dag.py:3239} INFO - Sync 1 DAGs
[2025-08-06T14:00:56.734-0400] {logging_mixin.py:190} INFO - [2025-08-06T14:00:56.734-0400] {dag.py:4180} INFO - Setting next_dagrun for example_bash_operator to 2025-08-05 00:00:00+00:00, run_after=2025-08-06 00:00:00+00:00
[2025-08-06T14:00:56.751-0400] {processor.py:208} INFO - Processing /home/huynguyen2741/airflow_venv/lib/python3.12/site-packages/airflow/example_dags/example_bash_operator.py took 0.065 seconds
[2025-08-06T14:02:02.809-0400] {processor.py:186} INFO - Started process (PID=18741) to work on /home/huynguyen2741/airflow_venv/lib/python3.12/site-packages/airflow/example_dags/example_bash_operator.py
[2025-08-06T14:02:02.813-0400] {processor.py:914} INFO - Processing file /home/huynguyen2741/airflow_venv/lib/python3.12/site-packages/airflow/example_dags/example_bash_operator.py for tasks to queue
[2025-08-06T14:02:02.815-0400] {logging_mixin.py:190} INFO - [2025-08-06T14:02:02.814-0400] {dagbag.py:588} INFO - Filling up the DagBag from /home/huynguyen2741/airflow_venv/lib/python3.12/site-packages/airflow/example_dags/example_bash_operator.py
[2025-08-06T14:02:02.824-0400] {processor.py:925} INFO - DAG(s) 'example_bash_operator' retrieved from /home/huynguyen2741/airflow_venv/lib/python3.12/site-packages/airflow/example_dags/example_bash_operator.py
[2025-08-06T14:02:02.837-0400] {logging_mixin.py:190} INFO - [2025-08-06T14:02:02.837-0400] {dag.py:3239} INFO - Sync 1 DAGs
[2025-08-06T14:02:02.849-0400] {logging_mixin.py:190} INFO - [2025-08-06T14:02:02.849-0400] {dag.py:4180} INFO - Setting next_dagrun for example_bash_operator to 2025-08-05 00:00:00+00:00, run_after=2025-08-06 00:00:00+00:00
[2025-08-06T14:02:02.866-0400] {processor.py:208} INFO - Processing /home/huynguyen2741/airflow_venv/lib/python3.12/site-packages/airflow/example_dags/example_bash_operator.py took 0.061 seconds
[2025-08-06T14:02:59.445-0400] {processor.py:186} INFO - Started process (PID=18982) to work on /home/huynguyen2741/airflow_venv/lib/python3.12/site-packages/airflow/example_dags/example_bash_operator.py
[2025-08-06T14:02:59.449-0400] {processor.py:914} INFO - Processing file /home/huynguyen2741/airflow_venv/lib/python3.12/site-packages/airflow/example_dags/example_bash_operator.py for tasks to queue
[2025-08-06T14:02:59.450-0400] {logging_mixin.py:190} INFO - [2025-08-06T14:02:59.450-0400] {dagbag.py:588} INFO - Filling up the DagBag from /home/huynguyen2741/airflow_venv/lib/python3.12/site-packages/airflow/example_dags/example_bash_operator.py
[2025-08-06T14:02:59.459-0400] {processor.py:925} INFO - DAG(s) 'example_bash_operator' retrieved from /home/huynguyen2741/airflow_venv/lib/python3.12/site-packages/airflow/example_dags/example_bash_operator.py
[2025-08-06T14:02:59.473-0400] {logging_mixin.py:190} INFO - [2025-08-06T14:02:59.473-0400] {dag.py:3239} INFO - Sync 1 DAGs
[2025-08-06T14:02:59.485-0400] {logging_mixin.py:190} INFO - [2025-08-06T14:02:59.485-0400] {dag.py:4180} INFO - Setting next_dagrun for example_bash_operator to 2025-08-05 00:00:00+00:00, run_after=2025-08-06 00:00:00+00:00
[2025-08-06T14:02:59.500-0400] {processor.py:208} INFO - Processing /home/huynguyen2741/airflow_venv/lib/python3.12/site-packages/airflow/example_dags/example_bash_operator.py took 0.059 seconds
[2025-08-06T14:04:05.095-0400] {processor.py:186} INFO - Started process (PID=19211) to work on /home/huynguyen2741/airflow_venv/lib/python3.12/site-packages/airflow/example_dags/example_bash_operator.py
[2025-08-06T14:04:05.097-0400] {processor.py:914} INFO - Processing file /home/huynguyen2741/airflow_venv/lib/python3.12/site-packages/airflow/example_dags/example_bash_operator.py for tasks to queue
[2025-08-06T14:04:05.099-0400] {logging_mixin.py:190} INFO - [2025-08-06T14:04:05.098-0400] {dagbag.py:588} INFO - Filling up the DagBag from /home/huynguyen2741/airflow_venv/lib/python3.12/site-packages/airflow/example_dags/example_bash_operator.py
[2025-08-06T14:04:05.108-0400] {processor.py:925} INFO - DAG(s) 'example_bash_operator' retrieved from /home/huynguyen2741/airflow_venv/lib/python3.12/site-packages/airflow/example_dags/example_bash_operator.py
[2025-08-06T14:04:05.123-0400] {logging_mixin.py:190} INFO - [2025-08-06T14:04:05.123-0400] {dag.py:3239} INFO - Sync 1 DAGs
[2025-08-06T14:04:05.138-0400] {logging_mixin.py:190} INFO - [2025-08-06T14:04:05.138-0400] {dag.py:4180} INFO - Setting next_dagrun for example_bash_operator to 2025-08-05 00:00:00+00:00, run_after=2025-08-06 00:00:00+00:00
[2025-08-06T14:04:05.154-0400] {processor.py:208} INFO - Processing /home/huynguyen2741/airflow_venv/lib/python3.12/site-packages/airflow/example_dags/example_bash_operator.py took 0.063 seconds
[2025-08-06T14:05:06.592-0400] {processor.py:186} INFO - Started process (PID=19430) to work on /home/huynguyen2741/airflow_venv/lib/python3.12/site-packages/airflow/example_dags/example_bash_operator.py
[2025-08-06T14:05:06.595-0400] {processor.py:914} INFO - Processing file /home/huynguyen2741/airflow_venv/lib/python3.12/site-packages/airflow/example_dags/example_bash_operator.py for tasks to queue
[2025-08-06T14:05:06.597-0400] {logging_mixin.py:190} INFO - [2025-08-06T14:05:06.597-0400] {dagbag.py:588} INFO - Filling up the DagBag from /home/huynguyen2741/airflow_venv/lib/python3.12/site-packages/airflow/example_dags/example_bash_operator.py
[2025-08-06T14:05:06.606-0400] {processor.py:925} INFO - DAG(s) 'example_bash_operator' retrieved from /home/huynguyen2741/airflow_venv/lib/python3.12/site-packages/airflow/example_dags/example_bash_operator.py
[2025-08-06T14:05:06.622-0400] {logging_mixin.py:190} INFO - [2025-08-06T14:05:06.622-0400] {dag.py:3239} INFO - Sync 1 DAGs
[2025-08-06T14:05:06.636-0400] {logging_mixin.py:190} INFO - [2025-08-06T14:05:06.636-0400] {dag.py:4180} INFO - Setting next_dagrun for example_bash_operator to 2025-08-05 00:00:00+00:00, run_after=2025-08-06 00:00:00+00:00
[2025-08-06T14:05:06.740-0400] {processor.py:208} INFO - Processing /home/huynguyen2741/airflow_venv/lib/python3.12/site-packages/airflow/example_dags/example_bash_operator.py took 0.152 seconds
[2025-08-06T14:06:11.287-0400] {processor.py:186} INFO - Started process (PID=19809) to work on /home/huynguyen2741/airflow_venv/lib/python3.12/site-packages/airflow/example_dags/example_bash_operator.py
[2025-08-06T14:06:11.292-0400] {processor.py:914} INFO - Processing file /home/huynguyen2741/airflow_venv/lib/python3.12/site-packages/airflow/example_dags/example_bash_operator.py for tasks to queue
[2025-08-06T14:06:11.293-0400] {logging_mixin.py:190} INFO - [2025-08-06T14:06:11.293-0400] {dagbag.py:588} INFO - Filling up the DagBag from /home/huynguyen2741/airflow_venv/lib/python3.12/site-packages/airflow/example_dags/example_bash_operator.py
[2025-08-06T14:06:11.305-0400] {processor.py:925} INFO - DAG(s) 'example_bash_operator' retrieved from /home/huynguyen2741/airflow_venv/lib/python3.12/site-packages/airflow/example_dags/example_bash_operator.py
[2025-08-06T14:06:11.323-0400] {logging_mixin.py:190} INFO - [2025-08-06T14:06:11.322-0400] {dag.py:3239} INFO - Sync 1 DAGs
[2025-08-06T14:06:11.337-0400] {logging_mixin.py:190} INFO - [2025-08-06T14:06:11.337-0400] {dag.py:4180} INFO - Setting next_dagrun for example_bash_operator to 2025-08-05 00:00:00+00:00, run_after=2025-08-06 00:00:00+00:00
[2025-08-06T14:06:11.354-0400] {processor.py:208} INFO - Processing /home/huynguyen2741/airflow_venv/lib/python3.12/site-packages/airflow/example_dags/example_bash_operator.py took 0.072 seconds
[2025-08-06T14:07:19.605-0400] {processor.py:186} INFO - Started process (PID=20051) to work on /home/huynguyen2741/airflow_venv/lib/python3.12/site-packages/airflow/example_dags/example_bash_operator.py
[2025-08-06T14:07:19.614-0400] {processor.py:914} INFO - Processing file /home/huynguyen2741/airflow_venv/lib/python3.12/site-packages/airflow/example_dags/example_bash_operator.py for tasks to queue
[2025-08-06T14:07:19.616-0400] {logging_mixin.py:190} INFO - [2025-08-06T14:07:19.616-0400] {dagbag.py:588} INFO - Filling up the DagBag from /home/huynguyen2741/airflow_venv/lib/python3.12/site-packages/airflow/example_dags/example_bash_operator.py
[2025-08-06T14:07:19.626-0400] {processor.py:925} INFO - DAG(s) 'example_bash_operator' retrieved from /home/huynguyen2741/airflow_venv/lib/python3.12/site-packages/airflow/example_dags/example_bash_operator.py
[2025-08-06T14:07:19.641-0400] {logging_mixin.py:190} INFO - [2025-08-06T14:07:19.641-0400] {dag.py:3239} INFO - Sync 1 DAGs
[2025-08-06T14:07:19.654-0400] {logging_mixin.py:190} INFO - [2025-08-06T14:07:19.654-0400] {dag.py:4180} INFO - Setting next_dagrun for example_bash_operator to 2025-08-05 00:00:00+00:00, run_after=2025-08-06 00:00:00+00:00
[2025-08-06T14:07:19.670-0400] {processor.py:208} INFO - Processing /home/huynguyen2741/airflow_venv/lib/python3.12/site-packages/airflow/example_dags/example_bash_operator.py took 0.069 seconds
[2025-08-06T14:08:27.155-0400] {processor.py:186} INFO - Started process (PID=20355) to work on /home/huynguyen2741/airflow_venv/lib/python3.12/site-packages/airflow/example_dags/example_bash_operator.py
[2025-08-06T14:08:27.156-0400] {processor.py:914} INFO - Processing file /home/huynguyen2741/airflow_venv/lib/python3.12/site-packages/airflow/example_dags/example_bash_operator.py for tasks to queue
[2025-08-06T14:08:27.157-0400] {logging_mixin.py:190} INFO - [2025-08-06T14:08:27.157-0400] {dagbag.py:588} INFO - Filling up the DagBag from /home/huynguyen2741/airflow_venv/lib/python3.12/site-packages/airflow/example_dags/example_bash_operator.py
[2025-08-06T14:08:27.167-0400] {processor.py:925} INFO - DAG(s) 'example_bash_operator' retrieved from /home/huynguyen2741/airflow_venv/lib/python3.12/site-packages/airflow/example_dags/example_bash_operator.py
[2025-08-06T14:08:27.182-0400] {logging_mixin.py:190} INFO - [2025-08-06T14:08:27.181-0400] {dag.py:3239} INFO - Sync 1 DAGs
[2025-08-06T14:08:27.195-0400] {logging_mixin.py:190} INFO - [2025-08-06T14:08:27.194-0400] {dag.py:4180} INFO - Setting next_dagrun for example_bash_operator to 2025-08-05 00:00:00+00:00, run_after=2025-08-06 00:00:00+00:00
[2025-08-06T14:08:27.209-0400] {processor.py:208} INFO - Processing /home/huynguyen2741/airflow_venv/lib/python3.12/site-packages/airflow/example_dags/example_bash_operator.py took 0.059 seconds
[2025-08-06T14:09:32.959-0400] {processor.py:186} INFO - Started process (PID=20770) to work on /home/huynguyen2741/airflow_venv/lib/python3.12/site-packages/airflow/example_dags/example_bash_operator.py
[2025-08-06T14:09:32.960-0400] {processor.py:914} INFO - Processing file /home/huynguyen2741/airflow_venv/lib/python3.12/site-packages/airflow/example_dags/example_bash_operator.py for tasks to queue
[2025-08-06T14:09:32.962-0400] {logging_mixin.py:190} INFO - [2025-08-06T14:09:32.961-0400] {dagbag.py:588} INFO - Filling up the DagBag from /home/huynguyen2741/airflow_venv/lib/python3.12/site-packages/airflow/example_dags/example_bash_operator.py
[2025-08-06T14:09:33.115-0400] {processor.py:925} INFO - DAG(s) 'example_bash_operator' retrieved from /home/huynguyen2741/airflow_venv/lib/python3.12/site-packages/airflow/example_dags/example_bash_operator.py
[2025-08-06T14:09:33.137-0400] {logging_mixin.py:190} INFO - [2025-08-06T14:09:33.136-0400] {dag.py:3239} INFO - Sync 1 DAGs
[2025-08-06T14:09:33.159-0400] {logging_mixin.py:190} INFO - [2025-08-06T14:09:33.158-0400] {dag.py:4180} INFO - Setting next_dagrun for example_bash_operator to 2025-08-05 00:00:00+00:00, run_after=2025-08-06 00:00:00+00:00
[2025-08-06T14:09:33.186-0400] {processor.py:208} INFO - Processing /home/huynguyen2741/airflow_venv/lib/python3.12/site-packages/airflow/example_dags/example_bash_operator.py took 0.231 seconds
[2025-08-06T14:10:34.015-0400] {processor.py:186} INFO - Started process (PID=21166) to work on /home/huynguyen2741/airflow_venv/lib/python3.12/site-packages/airflow/example_dags/example_bash_operator.py
[2025-08-06T14:10:34.016-0400] {processor.py:914} INFO - Processing file /home/huynguyen2741/airflow_venv/lib/python3.12/site-packages/airflow/example_dags/example_bash_operator.py for tasks to queue
[2025-08-06T14:10:34.018-0400] {logging_mixin.py:190} INFO - [2025-08-06T14:10:34.017-0400] {dagbag.py:588} INFO - Filling up the DagBag from /home/huynguyen2741/airflow_venv/lib/python3.12/site-packages/airflow/example_dags/example_bash_operator.py
[2025-08-06T14:10:34.028-0400] {processor.py:925} INFO - DAG(s) 'example_bash_operator' retrieved from /home/huynguyen2741/airflow_venv/lib/python3.12/site-packages/airflow/example_dags/example_bash_operator.py
[2025-08-06T14:10:34.044-0400] {logging_mixin.py:190} INFO - [2025-08-06T14:10:34.043-0400] {dag.py:3239} INFO - Sync 1 DAGs
[2025-08-06T14:10:34.058-0400] {logging_mixin.py:190} INFO - [2025-08-06T14:10:34.058-0400] {dag.py:4180} INFO - Setting next_dagrun for example_bash_operator to 2025-08-05 00:00:00+00:00, run_after=2025-08-06 00:00:00+00:00
[2025-08-06T14:10:34.074-0400] {processor.py:208} INFO - Processing /home/huynguyen2741/airflow_venv/lib/python3.12/site-packages/airflow/example_dags/example_bash_operator.py took 0.063 seconds
[2025-08-06T14:11:37.433-0400] {processor.py:186} INFO - Started process (PID=21422) to work on /home/huynguyen2741/airflow_venv/lib/python3.12/site-packages/airflow/example_dags/example_bash_operator.py
[2025-08-06T14:11:37.434-0400] {processor.py:914} INFO - Processing file /home/huynguyen2741/airflow_venv/lib/python3.12/site-packages/airflow/example_dags/example_bash_operator.py for tasks to queue
[2025-08-06T14:11:37.436-0400] {logging_mixin.py:190} INFO - [2025-08-06T14:11:37.436-0400] {dagbag.py:588} INFO - Filling up the DagBag from /home/huynguyen2741/airflow_venv/lib/python3.12/site-packages/airflow/example_dags/example_bash_operator.py
[2025-08-06T14:11:37.446-0400] {processor.py:925} INFO - DAG(s) 'example_bash_operator' retrieved from /home/huynguyen2741/airflow_venv/lib/python3.12/site-packages/airflow/example_dags/example_bash_operator.py
[2025-08-06T14:11:37.464-0400] {logging_mixin.py:190} INFO - [2025-08-06T14:11:37.464-0400] {dag.py:3239} INFO - Sync 1 DAGs
[2025-08-06T14:11:37.481-0400] {logging_mixin.py:190} INFO - [2025-08-06T14:11:37.481-0400] {dag.py:4180} INFO - Setting next_dagrun for example_bash_operator to 2025-08-05 00:00:00+00:00, run_after=2025-08-06 00:00:00+00:00
[2025-08-06T14:11:37.498-0400] {processor.py:208} INFO - Processing /home/huynguyen2741/airflow_venv/lib/python3.12/site-packages/airflow/example_dags/example_bash_operator.py took 0.069 seconds
[2025-08-06T14:12:42.150-0400] {processor.py:186} INFO - Started process (PID=21806) to work on /home/huynguyen2741/airflow_venv/lib/python3.12/site-packages/airflow/example_dags/example_bash_operator.py
[2025-08-06T14:12:42.154-0400] {processor.py:914} INFO - Processing file /home/huynguyen2741/airflow_venv/lib/python3.12/site-packages/airflow/example_dags/example_bash_operator.py for tasks to queue
[2025-08-06T14:12:42.155-0400] {logging_mixin.py:190} INFO - [2025-08-06T14:12:42.155-0400] {dagbag.py:588} INFO - Filling up the DagBag from /home/huynguyen2741/airflow_venv/lib/python3.12/site-packages/airflow/example_dags/example_bash_operator.py
[2025-08-06T14:12:42.169-0400] {processor.py:925} INFO - DAG(s) 'example_bash_operator' retrieved from /home/huynguyen2741/airflow_venv/lib/python3.12/site-packages/airflow/example_dags/example_bash_operator.py
[2025-08-06T14:12:42.187-0400] {logging_mixin.py:190} INFO - [2025-08-06T14:12:42.187-0400] {dag.py:3239} INFO - Sync 1 DAGs
[2025-08-06T14:12:42.204-0400] {logging_mixin.py:190} INFO - [2025-08-06T14:12:42.204-0400] {dag.py:4180} INFO - Setting next_dagrun for example_bash_operator to 2025-08-05 00:00:00+00:00, run_after=2025-08-06 00:00:00+00:00
[2025-08-06T14:12:42.222-0400] {processor.py:208} INFO - Processing /home/huynguyen2741/airflow_venv/lib/python3.12/site-packages/airflow/example_dags/example_bash_operator.py took 0.078 seconds
[2025-08-06T14:13:43.575-0400] {processor.py:186} INFO - Started process (PID=22251) to work on /home/huynguyen2741/airflow_venv/lib/python3.12/site-packages/airflow/example_dags/example_bash_operator.py
[2025-08-06T14:13:43.576-0400] {processor.py:914} INFO - Processing file /home/huynguyen2741/airflow_venv/lib/python3.12/site-packages/airflow/example_dags/example_bash_operator.py for tasks to queue
[2025-08-06T14:13:43.577-0400] {logging_mixin.py:190} INFO - [2025-08-06T14:13:43.576-0400] {dagbag.py:588} INFO - Filling up the DagBag from /home/huynguyen2741/airflow_venv/lib/python3.12/site-packages/airflow/example_dags/example_bash_operator.py
[2025-08-06T14:13:43.587-0400] {processor.py:925} INFO - DAG(s) 'example_bash_operator' retrieved from /home/huynguyen2741/airflow_venv/lib/python3.12/site-packages/airflow/example_dags/example_bash_operator.py
[2025-08-06T14:13:43.606-0400] {logging_mixin.py:190} INFO - [2025-08-06T14:13:43.606-0400] {dag.py:3239} INFO - Sync 1 DAGs
[2025-08-06T14:13:43.623-0400] {logging_mixin.py:190} INFO - [2025-08-06T14:13:43.623-0400] {dag.py:4180} INFO - Setting next_dagrun for example_bash_operator to 2025-08-05 00:00:00+00:00, run_after=2025-08-06 00:00:00+00:00
[2025-08-06T14:13:43.643-0400] {processor.py:208} INFO - Processing /home/huynguyen2741/airflow_venv/lib/python3.12/site-packages/airflow/example_dags/example_bash_operator.py took 0.072 seconds
[2025-08-06T14:14:53.341-0400] {processor.py:186} INFO - Started process (PID=22648) to work on /home/huynguyen2741/airflow_venv/lib/python3.12/site-packages/airflow/example_dags/example_bash_operator.py
[2025-08-06T14:14:53.343-0400] {processor.py:914} INFO - Processing file /home/huynguyen2741/airflow_venv/lib/python3.12/site-packages/airflow/example_dags/example_bash_operator.py for tasks to queue
[2025-08-06T14:14:53.344-0400] {logging_mixin.py:190} INFO - [2025-08-06T14:14:53.344-0400] {dagbag.py:588} INFO - Filling up the DagBag from /home/huynguyen2741/airflow_venv/lib/python3.12/site-packages/airflow/example_dags/example_bash_operator.py
[2025-08-06T14:14:53.354-0400] {processor.py:925} INFO - DAG(s) 'example_bash_operator' retrieved from /home/huynguyen2741/airflow_venv/lib/python3.12/site-packages/airflow/example_dags/example_bash_operator.py
[2025-08-06T14:14:53.368-0400] {logging_mixin.py:190} INFO - [2025-08-06T14:14:53.368-0400] {dag.py:3239} INFO - Sync 1 DAGs
[2025-08-06T14:14:53.381-0400] {logging_mixin.py:190} INFO - [2025-08-06T14:14:53.381-0400] {dag.py:4180} INFO - Setting next_dagrun for example_bash_operator to 2025-08-05 00:00:00+00:00, run_after=2025-08-06 00:00:00+00:00
[2025-08-06T14:14:53.396-0400] {processor.py:208} INFO - Processing /home/huynguyen2741/airflow_venv/lib/python3.12/site-packages/airflow/example_dags/example_bash_operator.py took 0.059 seconds
[2025-08-06T14:15:53.635-0400] {processor.py:186} INFO - Started process (PID=22996) to work on /home/huynguyen2741/airflow_venv/lib/python3.12/site-packages/airflow/example_dags/example_bash_operator.py
[2025-08-06T14:15:53.645-0400] {processor.py:914} INFO - Processing file /home/huynguyen2741/airflow_venv/lib/python3.12/site-packages/airflow/example_dags/example_bash_operator.py for tasks to queue
[2025-08-06T14:15:53.647-0400] {logging_mixin.py:190} INFO - [2025-08-06T14:15:53.646-0400] {dagbag.py:588} INFO - Filling up the DagBag from /home/huynguyen2741/airflow_venv/lib/python3.12/site-packages/airflow/example_dags/example_bash_operator.py
[2025-08-06T14:15:53.657-0400] {processor.py:925} INFO - DAG(s) 'example_bash_operator' retrieved from /home/huynguyen2741/airflow_venv/lib/python3.12/site-packages/airflow/example_dags/example_bash_operator.py
[2025-08-06T14:15:53.671-0400] {logging_mixin.py:190} INFO - [2025-08-06T14:15:53.671-0400] {dag.py:3239} INFO - Sync 1 DAGs
[2025-08-06T14:15:53.684-0400] {logging_mixin.py:190} INFO - [2025-08-06T14:15:53.684-0400] {dag.py:4180} INFO - Setting next_dagrun for example_bash_operator to 2025-08-05 00:00:00+00:00, run_after=2025-08-06 00:00:00+00:00
[2025-08-06T14:15:53.700-0400] {processor.py:208} INFO - Processing /home/huynguyen2741/airflow_venv/lib/python3.12/site-packages/airflow/example_dags/example_bash_operator.py took 0.068 seconds
[2025-08-06T14:16:58.558-0400] {processor.py:186} INFO - Started process (PID=23231) to work on /home/huynguyen2741/airflow_venv/lib/python3.12/site-packages/airflow/example_dags/example_bash_operator.py
[2025-08-06T14:16:58.560-0400] {processor.py:914} INFO - Processing file /home/huynguyen2741/airflow_venv/lib/python3.12/site-packages/airflow/example_dags/example_bash_operator.py for tasks to queue
[2025-08-06T14:16:58.561-0400] {logging_mixin.py:190} INFO - [2025-08-06T14:16:58.561-0400] {dagbag.py:588} INFO - Filling up the DagBag from /home/huynguyen2741/airflow_venv/lib/python3.12/site-packages/airflow/example_dags/example_bash_operator.py
[2025-08-06T14:16:58.572-0400] {processor.py:925} INFO - DAG(s) 'example_bash_operator' retrieved from /home/huynguyen2741/airflow_venv/lib/python3.12/site-packages/airflow/example_dags/example_bash_operator.py
[2025-08-06T14:16:58.588-0400] {logging_mixin.py:190} INFO - [2025-08-06T14:16:58.588-0400] {dag.py:3239} INFO - Sync 1 DAGs
[2025-08-06T14:16:58.605-0400] {logging_mixin.py:190} INFO - [2025-08-06T14:16:58.605-0400] {dag.py:4180} INFO - Setting next_dagrun for example_bash_operator to 2025-08-05 00:00:00+00:00, run_after=2025-08-06 00:00:00+00:00
[2025-08-06T14:16:58.624-0400] {processor.py:208} INFO - Processing /home/huynguyen2741/airflow_venv/lib/python3.12/site-packages/airflow/example_dags/example_bash_operator.py took 0.071 seconds
[2025-08-06T14:18:06.264-0400] {processor.py:186} INFO - Started process (PID=23483) to work on /home/huynguyen2741/airflow_venv/lib/python3.12/site-packages/airflow/example_dags/example_bash_operator.py
[2025-08-06T14:18:06.265-0400] {processor.py:914} INFO - Processing file /home/huynguyen2741/airflow_venv/lib/python3.12/site-packages/airflow/example_dags/example_bash_operator.py for tasks to queue
[2025-08-06T14:18:06.266-0400] {logging_mixin.py:190} INFO - [2025-08-06T14:18:06.265-0400] {dagbag.py:588} INFO - Filling up the DagBag from /home/huynguyen2741/airflow_venv/lib/python3.12/site-packages/airflow/example_dags/example_bash_operator.py
[2025-08-06T14:18:06.276-0400] {processor.py:925} INFO - DAG(s) 'example_bash_operator' retrieved from /home/huynguyen2741/airflow_venv/lib/python3.12/site-packages/airflow/example_dags/example_bash_operator.py
[2025-08-06T14:18:06.292-0400] {logging_mixin.py:190} INFO - [2025-08-06T14:18:06.292-0400] {dag.py:3239} INFO - Sync 1 DAGs
[2025-08-06T14:18:06.310-0400] {logging_mixin.py:190} INFO - [2025-08-06T14:18:06.309-0400] {dag.py:4180} INFO - Setting next_dagrun for example_bash_operator to 2025-08-05 00:00:00+00:00, run_after=2025-08-06 00:00:00+00:00
[2025-08-06T14:18:06.329-0400] {processor.py:208} INFO - Processing /home/huynguyen2741/airflow_venv/lib/python3.12/site-packages/airflow/example_dags/example_bash_operator.py took 0.070 seconds
[2025-08-06T14:19:12.781-0400] {processor.py:186} INFO - Started process (PID=23753) to work on /home/huynguyen2741/airflow_venv/lib/python3.12/site-packages/airflow/example_dags/example_bash_operator.py
[2025-08-06T14:19:12.782-0400] {processor.py:914} INFO - Processing file /home/huynguyen2741/airflow_venv/lib/python3.12/site-packages/airflow/example_dags/example_bash_operator.py for tasks to queue
[2025-08-06T14:19:12.783-0400] {logging_mixin.py:190} INFO - [2025-08-06T14:19:12.783-0400] {dagbag.py:588} INFO - Filling up the DagBag from /home/huynguyen2741/airflow_venv/lib/python3.12/site-packages/airflow/example_dags/example_bash_operator.py
[2025-08-06T14:19:12.792-0400] {processor.py:925} INFO - DAG(s) 'example_bash_operator' retrieved from /home/huynguyen2741/airflow_venv/lib/python3.12/site-packages/airflow/example_dags/example_bash_operator.py
[2025-08-06T14:19:12.807-0400] {logging_mixin.py:190} INFO - [2025-08-06T14:19:12.806-0400] {dag.py:3239} INFO - Sync 1 DAGs
[2025-08-06T14:19:12.820-0400] {logging_mixin.py:190} INFO - [2025-08-06T14:19:12.819-0400] {dag.py:4180} INFO - Setting next_dagrun for example_bash_operator to 2025-08-05 00:00:00+00:00, run_after=2025-08-06 00:00:00+00:00
[2025-08-06T14:19:12.835-0400] {processor.py:208} INFO - Processing /home/huynguyen2741/airflow_venv/lib/python3.12/site-packages/airflow/example_dags/example_bash_operator.py took 0.059 seconds
[2025-08-06T14:20:13.929-0400] {processor.py:186} INFO - Started process (PID=23981) to work on /home/huynguyen2741/airflow_venv/lib/python3.12/site-packages/airflow/example_dags/example_bash_operator.py
[2025-08-06T14:20:13.930-0400] {processor.py:914} INFO - Processing file /home/huynguyen2741/airflow_venv/lib/python3.12/site-packages/airflow/example_dags/example_bash_operator.py for tasks to queue
[2025-08-06T14:20:13.932-0400] {logging_mixin.py:190} INFO - [2025-08-06T14:20:13.931-0400] {dagbag.py:588} INFO - Filling up the DagBag from /home/huynguyen2741/airflow_venv/lib/python3.12/site-packages/airflow/example_dags/example_bash_operator.py
[2025-08-06T14:20:13.942-0400] {processor.py:925} INFO - DAG(s) 'example_bash_operator' retrieved from /home/huynguyen2741/airflow_venv/lib/python3.12/site-packages/airflow/example_dags/example_bash_operator.py
[2025-08-06T14:20:13.957-0400] {logging_mixin.py:190} INFO - [2025-08-06T14:20:13.957-0400] {dag.py:3239} INFO - Sync 1 DAGs
[2025-08-06T14:20:13.971-0400] {logging_mixin.py:190} INFO - [2025-08-06T14:20:13.971-0400] {dag.py:4180} INFO - Setting next_dagrun for example_bash_operator to 2025-08-05 00:00:00+00:00, run_after=2025-08-06 00:00:00+00:00
[2025-08-06T14:20:13.990-0400] {processor.py:208} INFO - Processing /home/huynguyen2741/airflow_venv/lib/python3.12/site-packages/airflow/example_dags/example_bash_operator.py took 0.066 seconds
[2025-08-06T14:21:19.709-0400] {processor.py:186} INFO - Started process (PID=24211) to work on /home/huynguyen2741/airflow_venv/lib/python3.12/site-packages/airflow/example_dags/example_bash_operator.py
[2025-08-06T14:21:19.719-0400] {processor.py:914} INFO - Processing file /home/huynguyen2741/airflow_venv/lib/python3.12/site-packages/airflow/example_dags/example_bash_operator.py for tasks to queue
[2025-08-06T14:21:19.721-0400] {logging_mixin.py:190} INFO - [2025-08-06T14:21:19.720-0400] {dagbag.py:588} INFO - Filling up the DagBag from /home/huynguyen2741/airflow_venv/lib/python3.12/site-packages/airflow/example_dags/example_bash_operator.py
[2025-08-06T14:21:19.731-0400] {processor.py:925} INFO - DAG(s) 'example_bash_operator' retrieved from /home/huynguyen2741/airflow_venv/lib/python3.12/site-packages/airflow/example_dags/example_bash_operator.py
[2025-08-06T14:21:19.745-0400] {logging_mixin.py:190} INFO - [2025-08-06T14:21:19.745-0400] {dag.py:3239} INFO - Sync 1 DAGs
[2025-08-06T14:21:19.759-0400] {logging_mixin.py:190} INFO - [2025-08-06T14:21:19.758-0400] {dag.py:4180} INFO - Setting next_dagrun for example_bash_operator to 2025-08-05 00:00:00+00:00, run_after=2025-08-06 00:00:00+00:00
[2025-08-06T14:21:19.776-0400] {processor.py:208} INFO - Processing /home/huynguyen2741/airflow_venv/lib/python3.12/site-packages/airflow/example_dags/example_bash_operator.py took 0.071 seconds
[2025-08-06T14:22:26.531-0400] {processor.py:186} INFO - Started process (PID=24543) to work on /home/huynguyen2741/airflow_venv/lib/python3.12/site-packages/airflow/example_dags/example_bash_operator.py
[2025-08-06T14:22:26.532-0400] {processor.py:914} INFO - Processing file /home/huynguyen2741/airflow_venv/lib/python3.12/site-packages/airflow/example_dags/example_bash_operator.py for tasks to queue
[2025-08-06T14:22:26.533-0400] {logging_mixin.py:190} INFO - [2025-08-06T14:22:26.533-0400] {dagbag.py:588} INFO - Filling up the DagBag from /home/huynguyen2741/airflow_venv/lib/python3.12/site-packages/airflow/example_dags/example_bash_operator.py
[2025-08-06T14:22:26.543-0400] {processor.py:925} INFO - DAG(s) 'example_bash_operator' retrieved from /home/huynguyen2741/airflow_venv/lib/python3.12/site-packages/airflow/example_dags/example_bash_operator.py
[2025-08-06T14:22:26.557-0400] {logging_mixin.py:190} INFO - [2025-08-06T14:22:26.557-0400] {dag.py:3239} INFO - Sync 1 DAGs
[2025-08-06T14:22:26.570-0400] {logging_mixin.py:190} INFO - [2025-08-06T14:22:26.569-0400] {dag.py:4180} INFO - Setting next_dagrun for example_bash_operator to 2025-08-05 00:00:00+00:00, run_after=2025-08-06 00:00:00+00:00
[2025-08-06T14:22:26.584-0400] {processor.py:208} INFO - Processing /home/huynguyen2741/airflow_venv/lib/python3.12/site-packages/airflow/example_dags/example_bash_operator.py took 0.057 seconds
[2025-08-06T14:23:32.079-0400] {processor.py:186} INFO - Started process (PID=25024) to work on /home/huynguyen2741/airflow_venv/lib/python3.12/site-packages/airflow/example_dags/example_bash_operator.py
[2025-08-06T14:23:32.080-0400] {processor.py:914} INFO - Processing file /home/huynguyen2741/airflow_venv/lib/python3.12/site-packages/airflow/example_dags/example_bash_operator.py for tasks to queue
[2025-08-06T14:23:32.081-0400] {logging_mixin.py:190} INFO - [2025-08-06T14:23:32.080-0400] {dagbag.py:588} INFO - Filling up the DagBag from /home/huynguyen2741/airflow_venv/lib/python3.12/site-packages/airflow/example_dags/example_bash_operator.py
[2025-08-06T14:23:32.091-0400] {processor.py:925} INFO - DAG(s) 'example_bash_operator' retrieved from /home/huynguyen2741/airflow_venv/lib/python3.12/site-packages/airflow/example_dags/example_bash_operator.py
[2025-08-06T14:23:32.106-0400] {logging_mixin.py:190} INFO - [2025-08-06T14:23:32.106-0400] {dag.py:3239} INFO - Sync 1 DAGs
[2025-08-06T14:23:32.120-0400] {logging_mixin.py:190} INFO - [2025-08-06T14:23:32.120-0400] {dag.py:4180} INFO - Setting next_dagrun for example_bash_operator to 2025-08-05 00:00:00+00:00, run_after=2025-08-06 00:00:00+00:00
[2025-08-06T14:23:32.140-0400] {processor.py:208} INFO - Processing /home/huynguyen2741/airflow_venv/lib/python3.12/site-packages/airflow/example_dags/example_bash_operator.py took 0.067 seconds
[2025-08-06T14:24:36.362-0400] {processor.py:186} INFO - Started process (PID=25306) to work on /home/huynguyen2741/airflow_venv/lib/python3.12/site-packages/airflow/example_dags/example_bash_operator.py
[2025-08-06T14:24:36.366-0400] {processor.py:914} INFO - Processing file /home/huynguyen2741/airflow_venv/lib/python3.12/site-packages/airflow/example_dags/example_bash_operator.py for tasks to queue
[2025-08-06T14:24:36.367-0400] {logging_mixin.py:190} INFO - [2025-08-06T14:24:36.367-0400] {dagbag.py:588} INFO - Filling up the DagBag from /home/huynguyen2741/airflow_venv/lib/python3.12/site-packages/airflow/example_dags/example_bash_operator.py
[2025-08-06T14:24:36.378-0400] {processor.py:925} INFO - DAG(s) 'example_bash_operator' retrieved from /home/huynguyen2741/airflow_venv/lib/python3.12/site-packages/airflow/example_dags/example_bash_operator.py
[2025-08-06T14:24:36.393-0400] {logging_mixin.py:190} INFO - [2025-08-06T14:24:36.393-0400] {dag.py:3239} INFO - Sync 1 DAGs
[2025-08-06T14:24:36.407-0400] {logging_mixin.py:190} INFO - [2025-08-06T14:24:36.407-0400] {dag.py:4180} INFO - Setting next_dagrun for example_bash_operator to 2025-08-05 00:00:00+00:00, run_after=2025-08-06 00:00:00+00:00
[2025-08-06T14:24:36.426-0400] {processor.py:208} INFO - Processing /home/huynguyen2741/airflow_venv/lib/python3.12/site-packages/airflow/example_dags/example_bash_operator.py took 0.070 seconds
[2025-08-06T14:25:38.426-0400] {processor.py:186} INFO - Started process (PID=25651) to work on /home/huynguyen2741/airflow_venv/lib/python3.12/site-packages/airflow/example_dags/example_bash_operator.py
[2025-08-06T14:25:38.427-0400] {processor.py:914} INFO - Processing file /home/huynguyen2741/airflow_venv/lib/python3.12/site-packages/airflow/example_dags/example_bash_operator.py for tasks to queue
[2025-08-06T14:25:38.429-0400] {logging_mixin.py:190} INFO - [2025-08-06T14:25:38.428-0400] {dagbag.py:588} INFO - Filling up the DagBag from /home/huynguyen2741/airflow_venv/lib/python3.12/site-packages/airflow/example_dags/example_bash_operator.py
[2025-08-06T14:25:38.438-0400] {processor.py:925} INFO - DAG(s) 'example_bash_operator' retrieved from /home/huynguyen2741/airflow_venv/lib/python3.12/site-packages/airflow/example_dags/example_bash_operator.py
[2025-08-06T14:25:38.453-0400] {logging_mixin.py:190} INFO - [2025-08-06T14:25:38.452-0400] {dag.py:3239} INFO - Sync 1 DAGs
[2025-08-06T14:25:38.465-0400] {logging_mixin.py:190} INFO - [2025-08-06T14:25:38.465-0400] {dag.py:4180} INFO - Setting next_dagrun for example_bash_operator to 2025-08-05 00:00:00+00:00, run_after=2025-08-06 00:00:00+00:00
[2025-08-06T14:25:38.480-0400] {processor.py:208} INFO - Processing /home/huynguyen2741/airflow_venv/lib/python3.12/site-packages/airflow/example_dags/example_bash_operator.py took 0.060 seconds
[2025-08-06T14:26:41.417-0400] {processor.py:186} INFO - Started process (PID=25886) to work on /home/huynguyen2741/airflow_venv/lib/python3.12/site-packages/airflow/example_dags/example_bash_operator.py
[2025-08-06T14:26:41.421-0400] {processor.py:914} INFO - Processing file /home/huynguyen2741/airflow_venv/lib/python3.12/site-packages/airflow/example_dags/example_bash_operator.py for tasks to queue
[2025-08-06T14:26:41.423-0400] {logging_mixin.py:190} INFO - [2025-08-06T14:26:41.422-0400] {dagbag.py:588} INFO - Filling up the DagBag from /home/huynguyen2741/airflow_venv/lib/python3.12/site-packages/airflow/example_dags/example_bash_operator.py
[2025-08-06T14:26:41.432-0400] {processor.py:925} INFO - DAG(s) 'example_bash_operator' retrieved from /home/huynguyen2741/airflow_venv/lib/python3.12/site-packages/airflow/example_dags/example_bash_operator.py
[2025-08-06T14:26:41.447-0400] {logging_mixin.py:190} INFO - [2025-08-06T14:26:41.447-0400] {dag.py:3239} INFO - Sync 1 DAGs
[2025-08-06T14:26:41.460-0400] {logging_mixin.py:190} INFO - [2025-08-06T14:26:41.460-0400] {dag.py:4180} INFO - Setting next_dagrun for example_bash_operator to 2025-08-05 00:00:00+00:00, run_after=2025-08-06 00:00:00+00:00
[2025-08-06T14:26:41.482-0400] {processor.py:208} INFO - Processing /home/huynguyen2741/airflow_venv/lib/python3.12/site-packages/airflow/example_dags/example_bash_operator.py took 0.070 seconds
[2025-08-06T14:27:48.988-0400] {processor.py:186} INFO - Started process (PID=26173) to work on /home/huynguyen2741/airflow_venv/lib/python3.12/site-packages/airflow/example_dags/example_bash_operator.py
[2025-08-06T14:27:48.989-0400] {processor.py:914} INFO - Processing file /home/huynguyen2741/airflow_venv/lib/python3.12/site-packages/airflow/example_dags/example_bash_operator.py for tasks to queue
[2025-08-06T14:27:48.990-0400] {logging_mixin.py:190} INFO - [2025-08-06T14:27:48.990-0400] {dagbag.py:588} INFO - Filling up the DagBag from /home/huynguyen2741/airflow_venv/lib/python3.12/site-packages/airflow/example_dags/example_bash_operator.py
[2025-08-06T14:27:49.000-0400] {processor.py:925} INFO - DAG(s) 'example_bash_operator' retrieved from /home/huynguyen2741/airflow_venv/lib/python3.12/site-packages/airflow/example_dags/example_bash_operator.py
[2025-08-06T14:27:49.014-0400] {logging_mixin.py:190} INFO - [2025-08-06T14:27:49.014-0400] {dag.py:3239} INFO - Sync 1 DAGs
[2025-08-06T14:27:49.029-0400] {logging_mixin.py:190} INFO - [2025-08-06T14:27:49.029-0400] {dag.py:4180} INFO - Setting next_dagrun for example_bash_operator to 2025-08-05 00:00:00+00:00, run_after=2025-08-06 00:00:00+00:00
[2025-08-06T14:27:49.046-0400] {processor.py:208} INFO - Processing /home/huynguyen2741/airflow_venv/lib/python3.12/site-packages/airflow/example_dags/example_bash_operator.py took 0.063 seconds
[2025-08-06T14:28:56.556-0400] {processor.py:186} INFO - Started process (PID=26465) to work on /home/huynguyen2741/airflow_venv/lib/python3.12/site-packages/airflow/example_dags/example_bash_operator.py
[2025-08-06T14:28:56.560-0400] {processor.py:914} INFO - Processing file /home/huynguyen2741/airflow_venv/lib/python3.12/site-packages/airflow/example_dags/example_bash_operator.py for tasks to queue
[2025-08-06T14:28:56.561-0400] {logging_mixin.py:190} INFO - [2025-08-06T14:28:56.561-0400] {dagbag.py:588} INFO - Filling up the DagBag from /home/huynguyen2741/airflow_venv/lib/python3.12/site-packages/airflow/example_dags/example_bash_operator.py
[2025-08-06T14:28:56.571-0400] {processor.py:925} INFO - DAG(s) 'example_bash_operator' retrieved from /home/huynguyen2741/airflow_venv/lib/python3.12/site-packages/airflow/example_dags/example_bash_operator.py
[2025-08-06T14:28:56.586-0400] {logging_mixin.py:190} INFO - [2025-08-06T14:28:56.586-0400] {dag.py:3239} INFO - Sync 1 DAGs
[2025-08-06T14:28:56.601-0400] {logging_mixin.py:190} INFO - [2025-08-06T14:28:56.600-0400] {dag.py:4180} INFO - Setting next_dagrun for example_bash_operator to 2025-08-05 00:00:00+00:00, run_after=2025-08-06 00:00:00+00:00
[2025-08-06T14:28:56.618-0400] {processor.py:208} INFO - Processing /home/huynguyen2741/airflow_venv/lib/python3.12/site-packages/airflow/example_dags/example_bash_operator.py took 0.067 seconds
[2025-08-06T14:30:01.697-0400] {processor.py:186} INFO - Started process (PID=26734) to work on /home/huynguyen2741/airflow_venv/lib/python3.12/site-packages/airflow/example_dags/example_bash_operator.py
[2025-08-06T14:30:01.701-0400] {processor.py:914} INFO - Processing file /home/huynguyen2741/airflow_venv/lib/python3.12/site-packages/airflow/example_dags/example_bash_operator.py for tasks to queue
[2025-08-06T14:30:01.702-0400] {logging_mixin.py:190} INFO - [2025-08-06T14:30:01.702-0400] {dagbag.py:588} INFO - Filling up the DagBag from /home/huynguyen2741/airflow_venv/lib/python3.12/site-packages/airflow/example_dags/example_bash_operator.py
[2025-08-06T14:30:01.714-0400] {processor.py:925} INFO - DAG(s) 'example_bash_operator' retrieved from /home/huynguyen2741/airflow_venv/lib/python3.12/site-packages/airflow/example_dags/example_bash_operator.py
[2025-08-06T14:30:01.731-0400] {logging_mixin.py:190} INFO - [2025-08-06T14:30:01.731-0400] {dag.py:3239} INFO - Sync 1 DAGs
[2025-08-06T14:30:01.746-0400] {logging_mixin.py:190} INFO - [2025-08-06T14:30:01.746-0400] {dag.py:4180} INFO - Setting next_dagrun for example_bash_operator to 2025-08-05 00:00:00+00:00, run_after=2025-08-06 00:00:00+00:00
[2025-08-06T14:30:01.762-0400] {processor.py:208} INFO - Processing /home/huynguyen2741/airflow_venv/lib/python3.12/site-packages/airflow/example_dags/example_bash_operator.py took 0.071 seconds
[2025-08-06T14:31:19.907-0400] {processor.py:186} INFO - Started process (PID=27167) to work on /home/huynguyen2741/airflow_venv/lib/python3.12/site-packages/airflow/example_dags/example_bash_operator.py
[2025-08-06T14:31:19.911-0400] {processor.py:914} INFO - Processing file /home/huynguyen2741/airflow_venv/lib/python3.12/site-packages/airflow/example_dags/example_bash_operator.py for tasks to queue
[2025-08-06T14:31:19.912-0400] {logging_mixin.py:190} INFO - [2025-08-06T14:31:19.911-0400] {dagbag.py:588} INFO - Filling up the DagBag from /home/huynguyen2741/airflow_venv/lib/python3.12/site-packages/airflow/example_dags/example_bash_operator.py
[2025-08-06T14:31:19.922-0400] {processor.py:925} INFO - DAG(s) 'example_bash_operator' retrieved from /home/huynguyen2741/airflow_venv/lib/python3.12/site-packages/airflow/example_dags/example_bash_operator.py
[2025-08-06T14:31:19.936-0400] {logging_mixin.py:190} INFO - [2025-08-06T14:31:19.936-0400] {dag.py:3239} INFO - Sync 1 DAGs
[2025-08-06T14:31:19.951-0400] {logging_mixin.py:190} INFO - [2025-08-06T14:31:19.951-0400] {dag.py:4180} INFO - Setting next_dagrun for example_bash_operator to 2025-08-05 00:00:00+00:00, run_after=2025-08-06 00:00:00+00:00
[2025-08-06T14:31:19.968-0400] {processor.py:208} INFO - Processing /home/huynguyen2741/airflow_venv/lib/python3.12/site-packages/airflow/example_dags/example_bash_operator.py took 0.067 seconds
[2025-08-06T14:32:29.162-0400] {processor.py:186} INFO - Started process (PID=27419) to work on /home/huynguyen2741/airflow_venv/lib/python3.12/site-packages/airflow/example_dags/example_bash_operator.py
[2025-08-06T14:32:29.163-0400] {processor.py:914} INFO - Processing file /home/huynguyen2741/airflow_venv/lib/python3.12/site-packages/airflow/example_dags/example_bash_operator.py for tasks to queue
[2025-08-06T14:32:29.164-0400] {logging_mixin.py:190} INFO - [2025-08-06T14:32:29.164-0400] {dagbag.py:588} INFO - Filling up the DagBag from /home/huynguyen2741/airflow_venv/lib/python3.12/site-packages/airflow/example_dags/example_bash_operator.py
[2025-08-06T14:32:29.174-0400] {processor.py:925} INFO - DAG(s) 'example_bash_operator' retrieved from /home/huynguyen2741/airflow_venv/lib/python3.12/site-packages/airflow/example_dags/example_bash_operator.py
[2025-08-06T14:32:29.194-0400] {logging_mixin.py:190} INFO - [2025-08-06T14:32:29.193-0400] {dag.py:3239} INFO - Sync 1 DAGs
[2025-08-06T14:32:29.211-0400] {logging_mixin.py:190} INFO - [2025-08-06T14:32:29.210-0400] {dag.py:4180} INFO - Setting next_dagrun for example_bash_operator to 2025-08-05 00:00:00+00:00, run_after=2025-08-06 00:00:00+00:00
[2025-08-06T14:32:29.229-0400] {processor.py:208} INFO - Processing /home/huynguyen2741/airflow_venv/lib/python3.12/site-packages/airflow/example_dags/example_bash_operator.py took 0.072 seconds
[2025-08-06T14:33:39.074-0400] {processor.py:186} INFO - Started process (PID=27749) to work on /home/huynguyen2741/airflow_venv/lib/python3.12/site-packages/airflow/example_dags/example_bash_operator.py
[2025-08-06T14:33:39.075-0400] {processor.py:914} INFO - Processing file /home/huynguyen2741/airflow_venv/lib/python3.12/site-packages/airflow/example_dags/example_bash_operator.py for tasks to queue
[2025-08-06T14:33:39.076-0400] {logging_mixin.py:190} INFO - [2025-08-06T14:33:39.075-0400] {dagbag.py:588} INFO - Filling up the DagBag from /home/huynguyen2741/airflow_venv/lib/python3.12/site-packages/airflow/example_dags/example_bash_operator.py
[2025-08-06T14:33:39.085-0400] {processor.py:925} INFO - DAG(s) 'example_bash_operator' retrieved from /home/huynguyen2741/airflow_venv/lib/python3.12/site-packages/airflow/example_dags/example_bash_operator.py
[2025-08-06T14:33:39.100-0400] {logging_mixin.py:190} INFO - [2025-08-06T14:33:39.100-0400] {dag.py:3239} INFO - Sync 1 DAGs
[2025-08-06T14:33:39.113-0400] {logging_mixin.py:190} INFO - [2025-08-06T14:33:39.112-0400] {dag.py:4180} INFO - Setting next_dagrun for example_bash_operator to 2025-08-05 00:00:00+00:00, run_after=2025-08-06 00:00:00+00:00
[2025-08-06T14:33:39.129-0400] {processor.py:208} INFO - Processing /home/huynguyen2741/airflow_venv/lib/python3.12/site-packages/airflow/example_dags/example_bash_operator.py took 0.060 seconds
[2025-08-06T14:35:32.609-0400] {processor.py:186} INFO - Started process (PID=28372) to work on /home/huynguyen2741/airflow_venv/lib/python3.12/site-packages/airflow/example_dags/example_bash_operator.py
[2025-08-06T14:35:32.613-0400] {processor.py:914} INFO - Processing file /home/huynguyen2741/airflow_venv/lib/python3.12/site-packages/airflow/example_dags/example_bash_operator.py for tasks to queue
[2025-08-06T14:35:32.614-0400] {logging_mixin.py:190} INFO - [2025-08-06T14:35:32.614-0400] {dagbag.py:588} INFO - Filling up the DagBag from /home/huynguyen2741/airflow_venv/lib/python3.12/site-packages/airflow/example_dags/example_bash_operator.py
[2025-08-06T14:35:32.624-0400] {processor.py:925} INFO - DAG(s) 'example_bash_operator' retrieved from /home/huynguyen2741/airflow_venv/lib/python3.12/site-packages/airflow/example_dags/example_bash_operator.py
[2025-08-06T14:35:32.640-0400] {logging_mixin.py:190} INFO - [2025-08-06T14:35:32.639-0400] {dag.py:3239} INFO - Sync 1 DAGs
[2025-08-06T14:35:32.654-0400] {logging_mixin.py:190} INFO - [2025-08-06T14:35:32.653-0400] {dag.py:4180} INFO - Setting next_dagrun for example_bash_operator to 2025-08-05 00:00:00+00:00, run_after=2025-08-06 00:00:00+00:00
[2025-08-06T14:35:32.671-0400] {processor.py:208} INFO - Processing /home/huynguyen2741/airflow_venv/lib/python3.12/site-packages/airflow/example_dags/example_bash_operator.py took 0.067 seconds
[2025-08-06T14:36:38.157-0400] {processor.py:186} INFO - Started process (PID=28630) to work on /home/huynguyen2741/airflow_venv/lib/python3.12/site-packages/airflow/example_dags/example_bash_operator.py
[2025-08-06T14:36:38.162-0400] {processor.py:914} INFO - Processing file /home/huynguyen2741/airflow_venv/lib/python3.12/site-packages/airflow/example_dags/example_bash_operator.py for tasks to queue
[2025-08-06T14:36:38.163-0400] {logging_mixin.py:190} INFO - [2025-08-06T14:36:38.162-0400] {dagbag.py:588} INFO - Filling up the DagBag from /home/huynguyen2741/airflow_venv/lib/python3.12/site-packages/airflow/example_dags/example_bash_operator.py
[2025-08-06T14:36:38.173-0400] {processor.py:925} INFO - DAG(s) 'example_bash_operator' retrieved from /home/huynguyen2741/airflow_venv/lib/python3.12/site-packages/airflow/example_dags/example_bash_operator.py
[2025-08-06T14:36:38.192-0400] {logging_mixin.py:190} INFO - [2025-08-06T14:36:38.192-0400] {dag.py:3239} INFO - Sync 1 DAGs
[2025-08-06T14:36:38.207-0400] {logging_mixin.py:190} INFO - [2025-08-06T14:36:38.207-0400] {dag.py:4180} INFO - Setting next_dagrun for example_bash_operator to 2025-08-05 00:00:00+00:00, run_after=2025-08-06 00:00:00+00:00
[2025-08-06T14:36:38.224-0400] {processor.py:208} INFO - Processing /home/huynguyen2741/airflow_venv/lib/python3.12/site-packages/airflow/example_dags/example_bash_operator.py took 0.072 seconds
[2025-08-06T14:37:43.911-0400] {processor.py:186} INFO - Started process (PID=28884) to work on /home/huynguyen2741/airflow_venv/lib/python3.12/site-packages/airflow/example_dags/example_bash_operator.py
[2025-08-06T14:37:43.921-0400] {processor.py:914} INFO - Processing file /home/huynguyen2741/airflow_venv/lib/python3.12/site-packages/airflow/example_dags/example_bash_operator.py for tasks to queue
[2025-08-06T14:37:43.922-0400] {logging_mixin.py:190} INFO - [2025-08-06T14:37:43.922-0400] {dagbag.py:588} INFO - Filling up the DagBag from /home/huynguyen2741/airflow_venv/lib/python3.12/site-packages/airflow/example_dags/example_bash_operator.py
[2025-08-06T14:37:43.933-0400] {processor.py:925} INFO - DAG(s) 'example_bash_operator' retrieved from /home/huynguyen2741/airflow_venv/lib/python3.12/site-packages/airflow/example_dags/example_bash_operator.py
[2025-08-06T14:37:43.954-0400] {logging_mixin.py:190} INFO - [2025-08-06T14:37:43.954-0400] {dag.py:3239} INFO - Sync 1 DAGs
[2025-08-06T14:37:43.971-0400] {logging_mixin.py:190} INFO - [2025-08-06T14:37:43.970-0400] {dag.py:4180} INFO - Setting next_dagrun for example_bash_operator to 2025-08-05 00:00:00+00:00, run_after=2025-08-06 00:00:00+00:00
[2025-08-06T14:37:43.987-0400] {processor.py:208} INFO - Processing /home/huynguyen2741/airflow_venv/lib/python3.12/site-packages/airflow/example_dags/example_bash_operator.py took 0.081 seconds
[2025-08-06T14:38:48.093-0400] {processor.py:186} INFO - Started process (PID=29177) to work on /home/huynguyen2741/airflow_venv/lib/python3.12/site-packages/airflow/example_dags/example_bash_operator.py
[2025-08-06T14:38:48.094-0400] {processor.py:914} INFO - Processing file /home/huynguyen2741/airflow_venv/lib/python3.12/site-packages/airflow/example_dags/example_bash_operator.py for tasks to queue
[2025-08-06T14:38:48.095-0400] {logging_mixin.py:190} INFO - [2025-08-06T14:38:48.095-0400] {dagbag.py:588} INFO - Filling up the DagBag from /home/huynguyen2741/airflow_venv/lib/python3.12/site-packages/airflow/example_dags/example_bash_operator.py
[2025-08-06T14:38:48.104-0400] {processor.py:925} INFO - DAG(s) 'example_bash_operator' retrieved from /home/huynguyen2741/airflow_venv/lib/python3.12/site-packages/airflow/example_dags/example_bash_operator.py
[2025-08-06T14:38:48.119-0400] {logging_mixin.py:190} INFO - [2025-08-06T14:38:48.118-0400] {dag.py:3239} INFO - Sync 1 DAGs
[2025-08-06T14:38:48.132-0400] {logging_mixin.py:190} INFO - [2025-08-06T14:38:48.132-0400] {dag.py:4180} INFO - Setting next_dagrun for example_bash_operator to 2025-08-05 00:00:00+00:00, run_after=2025-08-06 00:00:00+00:00
[2025-08-06T14:38:48.148-0400] {processor.py:208} INFO - Processing /home/huynguyen2741/airflow_venv/lib/python3.12/site-packages/airflow/example_dags/example_bash_operator.py took 0.060 seconds
[2025-08-06T14:39:55.305-0400] {processor.py:186} INFO - Started process (PID=29414) to work on /home/huynguyen2741/airflow_venv/lib/python3.12/site-packages/airflow/example_dags/example_bash_operator.py
[2025-08-06T14:39:55.309-0400] {processor.py:914} INFO - Processing file /home/huynguyen2741/airflow_venv/lib/python3.12/site-packages/airflow/example_dags/example_bash_operator.py for tasks to queue
[2025-08-06T14:39:55.310-0400] {logging_mixin.py:190} INFO - [2025-08-06T14:39:55.310-0400] {dagbag.py:588} INFO - Filling up the DagBag from /home/huynguyen2741/airflow_venv/lib/python3.12/site-packages/airflow/example_dags/example_bash_operator.py
[2025-08-06T14:39:55.320-0400] {processor.py:925} INFO - DAG(s) 'example_bash_operator' retrieved from /home/huynguyen2741/airflow_venv/lib/python3.12/site-packages/airflow/example_dags/example_bash_operator.py
[2025-08-06T14:39:55.335-0400] {logging_mixin.py:190} INFO - [2025-08-06T14:39:55.335-0400] {dag.py:3239} INFO - Sync 1 DAGs
[2025-08-06T14:39:55.351-0400] {logging_mixin.py:190} INFO - [2025-08-06T14:39:55.350-0400] {dag.py:4180} INFO - Setting next_dagrun for example_bash_operator to 2025-08-05 00:00:00+00:00, run_after=2025-08-06 00:00:00+00:00
[2025-08-06T14:39:55.371-0400] {processor.py:208} INFO - Processing /home/huynguyen2741/airflow_venv/lib/python3.12/site-packages/airflow/example_dags/example_bash_operator.py took 0.072 seconds
[2025-08-06T14:41:02.029-0400] {processor.py:186} INFO - Started process (PID=29648) to work on /home/huynguyen2741/airflow_venv/lib/python3.12/site-packages/airflow/example_dags/example_bash_operator.py
[2025-08-06T14:41:02.033-0400] {processor.py:914} INFO - Processing file /home/huynguyen2741/airflow_venv/lib/python3.12/site-packages/airflow/example_dags/example_bash_operator.py for tasks to queue
[2025-08-06T14:41:02.034-0400] {logging_mixin.py:190} INFO - [2025-08-06T14:41:02.034-0400] {dagbag.py:588} INFO - Filling up the DagBag from /home/huynguyen2741/airflow_venv/lib/python3.12/site-packages/airflow/example_dags/example_bash_operator.py
[2025-08-06T14:41:02.043-0400] {processor.py:925} INFO - DAG(s) 'example_bash_operator' retrieved from /home/huynguyen2741/airflow_venv/lib/python3.12/site-packages/airflow/example_dags/example_bash_operator.py
[2025-08-06T14:41:02.062-0400] {logging_mixin.py:190} INFO - [2025-08-06T14:41:02.062-0400] {dag.py:3239} INFO - Sync 1 DAGs
[2025-08-06T14:41:02.078-0400] {logging_mixin.py:190} INFO - [2025-08-06T14:41:02.078-0400] {dag.py:4180} INFO - Setting next_dagrun for example_bash_operator to 2025-08-05 00:00:00+00:00, run_after=2025-08-06 00:00:00+00:00
[2025-08-06T14:41:02.094-0400] {processor.py:208} INFO - Processing /home/huynguyen2741/airflow_venv/lib/python3.12/site-packages/airflow/example_dags/example_bash_operator.py took 0.071 seconds
[2025-08-06T14:42:07.490-0400] {processor.py:186} INFO - Started process (PID=29939) to work on /home/huynguyen2741/airflow_venv/lib/python3.12/site-packages/airflow/example_dags/example_bash_operator.py
[2025-08-06T14:42:07.495-0400] {processor.py:914} INFO - Processing file /home/huynguyen2741/airflow_venv/lib/python3.12/site-packages/airflow/example_dags/example_bash_operator.py for tasks to queue
[2025-08-06T14:42:07.496-0400] {logging_mixin.py:190} INFO - [2025-08-06T14:42:07.496-0400] {dagbag.py:588} INFO - Filling up the DagBag from /home/huynguyen2741/airflow_venv/lib/python3.12/site-packages/airflow/example_dags/example_bash_operator.py
[2025-08-06T14:42:07.505-0400] {processor.py:925} INFO - DAG(s) 'example_bash_operator' retrieved from /home/huynguyen2741/airflow_venv/lib/python3.12/site-packages/airflow/example_dags/example_bash_operator.py
[2025-08-06T14:42:07.520-0400] {logging_mixin.py:190} INFO - [2025-08-06T14:42:07.519-0400] {dag.py:3239} INFO - Sync 1 DAGs
[2025-08-06T14:42:07.532-0400] {logging_mixin.py:190} INFO - [2025-08-06T14:42:07.532-0400] {dag.py:4180} INFO - Setting next_dagrun for example_bash_operator to 2025-08-05 00:00:00+00:00, run_after=2025-08-06 00:00:00+00:00
[2025-08-06T14:42:07.548-0400] {processor.py:208} INFO - Processing /home/huynguyen2741/airflow_venv/lib/python3.12/site-packages/airflow/example_dags/example_bash_operator.py took 0.063 seconds
[2025-08-06T14:43:09.286-0400] {processor.py:186} INFO - Started process (PID=30168) to work on /home/huynguyen2741/airflow_venv/lib/python3.12/site-packages/airflow/example_dags/example_bash_operator.py
[2025-08-06T14:43:09.287-0400] {processor.py:914} INFO - Processing file /home/huynguyen2741/airflow_venv/lib/python3.12/site-packages/airflow/example_dags/example_bash_operator.py for tasks to queue
[2025-08-06T14:43:09.288-0400] {logging_mixin.py:190} INFO - [2025-08-06T14:43:09.288-0400] {dagbag.py:588} INFO - Filling up the DagBag from /home/huynguyen2741/airflow_venv/lib/python3.12/site-packages/airflow/example_dags/example_bash_operator.py
[2025-08-06T14:43:09.298-0400] {processor.py:925} INFO - DAG(s) 'example_bash_operator' retrieved from /home/huynguyen2741/airflow_venv/lib/python3.12/site-packages/airflow/example_dags/example_bash_operator.py
[2025-08-06T14:43:09.313-0400] {logging_mixin.py:190} INFO - [2025-08-06T14:43:09.313-0400] {dag.py:3239} INFO - Sync 1 DAGs
[2025-08-06T14:43:09.326-0400] {logging_mixin.py:190} INFO - [2025-08-06T14:43:09.326-0400] {dag.py:4180} INFO - Setting next_dagrun for example_bash_operator to 2025-08-05 00:00:00+00:00, run_after=2025-08-06 00:00:00+00:00
[2025-08-06T14:43:09.341-0400] {processor.py:208} INFO - Processing /home/huynguyen2741/airflow_venv/lib/python3.12/site-packages/airflow/example_dags/example_bash_operator.py took 0.061 seconds
[2025-08-06T14:44:15.669-0400] {processor.py:186} INFO - Started process (PID=30438) to work on /home/huynguyen2741/airflow_venv/lib/python3.12/site-packages/airflow/example_dags/example_bash_operator.py
[2025-08-06T14:44:15.680-0400] {processor.py:914} INFO - Processing file /home/huynguyen2741/airflow_venv/lib/python3.12/site-packages/airflow/example_dags/example_bash_operator.py for tasks to queue
[2025-08-06T14:44:15.682-0400] {logging_mixin.py:190} INFO - [2025-08-06T14:44:15.681-0400] {dagbag.py:588} INFO - Filling up the DagBag from /home/huynguyen2741/airflow_venv/lib/python3.12/site-packages/airflow/example_dags/example_bash_operator.py
[2025-08-06T14:44:15.692-0400] {processor.py:925} INFO - DAG(s) 'example_bash_operator' retrieved from /home/huynguyen2741/airflow_venv/lib/python3.12/site-packages/airflow/example_dags/example_bash_operator.py
[2025-08-06T14:44:15.710-0400] {logging_mixin.py:190} INFO - [2025-08-06T14:44:15.710-0400] {dag.py:3239} INFO - Sync 1 DAGs
[2025-08-06T14:44:15.726-0400] {logging_mixin.py:190} INFO - [2025-08-06T14:44:15.726-0400] {dag.py:4180} INFO - Setting next_dagrun for example_bash_operator to 2025-08-05 00:00:00+00:00, run_after=2025-08-06 00:00:00+00:00
[2025-08-06T14:44:15.744-0400] {processor.py:208} INFO - Processing /home/huynguyen2741/airflow_venv/lib/python3.12/site-packages/airflow/example_dags/example_bash_operator.py took 0.081 seconds
[2025-08-06T14:45:11.855-0400] {processor.py:186} INFO - Started process (PID=30652) to work on /home/huynguyen2741/airflow_venv/lib/python3.12/site-packages/airflow/example_dags/example_bash_operator.py
[2025-08-06T14:45:11.859-0400] {processor.py:914} INFO - Processing file /home/huynguyen2741/airflow_venv/lib/python3.12/site-packages/airflow/example_dags/example_bash_operator.py for tasks to queue
[2025-08-06T14:45:11.861-0400] {logging_mixin.py:190} INFO - [2025-08-06T14:45:11.860-0400] {dagbag.py:588} INFO - Filling up the DagBag from /home/huynguyen2741/airflow_venv/lib/python3.12/site-packages/airflow/example_dags/example_bash_operator.py
[2025-08-06T14:45:11.870-0400] {processor.py:925} INFO - DAG(s) 'example_bash_operator' retrieved from /home/huynguyen2741/airflow_venv/lib/python3.12/site-packages/airflow/example_dags/example_bash_operator.py
[2025-08-06T14:45:11.885-0400] {logging_mixin.py:190} INFO - [2025-08-06T14:45:11.885-0400] {dag.py:3239} INFO - Sync 1 DAGs
[2025-08-06T14:45:11.898-0400] {logging_mixin.py:190} INFO - [2025-08-06T14:45:11.898-0400] {dag.py:4180} INFO - Setting next_dagrun for example_bash_operator to 2025-08-05 00:00:00+00:00, run_after=2025-08-06 00:00:00+00:00
[2025-08-06T14:45:11.915-0400] {processor.py:208} INFO - Processing /home/huynguyen2741/airflow_venv/lib/python3.12/site-packages/airflow/example_dags/example_bash_operator.py took 0.065 seconds
[2025-08-06T14:46:13.755-0400] {processor.py:186} INFO - Started process (PID=30922) to work on /home/huynguyen2741/airflow_venv/lib/python3.12/site-packages/airflow/example_dags/example_bash_operator.py
[2025-08-06T14:46:13.756-0400] {processor.py:914} INFO - Processing file /home/huynguyen2741/airflow_venv/lib/python3.12/site-packages/airflow/example_dags/example_bash_operator.py for tasks to queue
[2025-08-06T14:46:13.757-0400] {logging_mixin.py:190} INFO - [2025-08-06T14:46:13.757-0400] {dagbag.py:588} INFO - Filling up the DagBag from /home/huynguyen2741/airflow_venv/lib/python3.12/site-packages/airflow/example_dags/example_bash_operator.py
[2025-08-06T14:46:13.768-0400] {processor.py:925} INFO - DAG(s) 'example_bash_operator' retrieved from /home/huynguyen2741/airflow_venv/lib/python3.12/site-packages/airflow/example_dags/example_bash_operator.py
[2025-08-06T14:46:13.783-0400] {logging_mixin.py:190} INFO - [2025-08-06T14:46:13.783-0400] {dag.py:3239} INFO - Sync 1 DAGs
[2025-08-06T14:46:13.796-0400] {logging_mixin.py:190} INFO - [2025-08-06T14:46:13.795-0400] {dag.py:4180} INFO - Setting next_dagrun for example_bash_operator to 2025-08-05 00:00:00+00:00, run_after=2025-08-06 00:00:00+00:00
[2025-08-06T14:46:13.812-0400] {processor.py:208} INFO - Processing /home/huynguyen2741/airflow_venv/lib/python3.12/site-packages/airflow/example_dags/example_bash_operator.py took 0.062 seconds
[2025-08-06T14:47:17.777-0400] {processor.py:186} INFO - Started process (PID=31212) to work on /home/huynguyen2741/airflow_venv/lib/python3.12/site-packages/airflow/example_dags/example_bash_operator.py
[2025-08-06T14:47:17.779-0400] {processor.py:914} INFO - Processing file /home/huynguyen2741/airflow_venv/lib/python3.12/site-packages/airflow/example_dags/example_bash_operator.py for tasks to queue
[2025-08-06T14:47:17.780-0400] {logging_mixin.py:190} INFO - [2025-08-06T14:47:17.779-0400] {dagbag.py:588} INFO - Filling up the DagBag from /home/huynguyen2741/airflow_venv/lib/python3.12/site-packages/airflow/example_dags/example_bash_operator.py
[2025-08-06T14:47:17.791-0400] {processor.py:925} INFO - DAG(s) 'example_bash_operator' retrieved from /home/huynguyen2741/airflow_venv/lib/python3.12/site-packages/airflow/example_dags/example_bash_operator.py
[2025-08-06T14:47:17.808-0400] {logging_mixin.py:190} INFO - [2025-08-06T14:47:17.807-0400] {dag.py:3239} INFO - Sync 1 DAGs
[2025-08-06T14:47:17.823-0400] {logging_mixin.py:190} INFO - [2025-08-06T14:47:17.823-0400] {dag.py:4180} INFO - Setting next_dagrun for example_bash_operator to 2025-08-05 00:00:00+00:00, run_after=2025-08-06 00:00:00+00:00
[2025-08-06T14:47:17.842-0400] {processor.py:208} INFO - Processing /home/huynguyen2741/airflow_venv/lib/python3.12/site-packages/airflow/example_dags/example_bash_operator.py took 0.071 seconds
[2025-08-06T14:48:47.093-0400] {processor.py:186} INFO - Started process (PID=31748) to work on /home/huynguyen2741/airflow_venv/lib/python3.12/site-packages/airflow/example_dags/example_bash_operator.py
[2025-08-06T14:48:47.095-0400] {processor.py:914} INFO - Processing file /home/huynguyen2741/airflow_venv/lib/python3.12/site-packages/airflow/example_dags/example_bash_operator.py for tasks to queue
[2025-08-06T14:48:47.096-0400] {logging_mixin.py:190} INFO - [2025-08-06T14:48:47.096-0400] {dagbag.py:588} INFO - Filling up the DagBag from /home/huynguyen2741/airflow_venv/lib/python3.12/site-packages/airflow/example_dags/example_bash_operator.py
[2025-08-06T14:48:47.106-0400] {processor.py:925} INFO - DAG(s) 'example_bash_operator' retrieved from /home/huynguyen2741/airflow_venv/lib/python3.12/site-packages/airflow/example_dags/example_bash_operator.py
[2025-08-06T14:48:47.121-0400] {logging_mixin.py:190} INFO - [2025-08-06T14:48:47.121-0400] {dag.py:3239} INFO - Sync 1 DAGs
[2025-08-06T14:48:47.134-0400] {logging_mixin.py:190} INFO - [2025-08-06T14:48:47.134-0400] {dag.py:4180} INFO - Setting next_dagrun for example_bash_operator to 2025-08-05 00:00:00+00:00, run_after=2025-08-06 00:00:00+00:00
[2025-08-06T14:48:47.148-0400] {processor.py:208} INFO - Processing /home/huynguyen2741/airflow_venv/lib/python3.12/site-packages/airflow/example_dags/example_bash_operator.py took 0.061 seconds
[2025-08-06T14:49:49.554-0400] {processor.py:186} INFO - Started process (PID=31968) to work on /home/huynguyen2741/airflow_venv/lib/python3.12/site-packages/airflow/example_dags/example_bash_operator.py
[2025-08-06T14:49:49.555-0400] {processor.py:914} INFO - Processing file /home/huynguyen2741/airflow_venv/lib/python3.12/site-packages/airflow/example_dags/example_bash_operator.py for tasks to queue
[2025-08-06T14:49:49.556-0400] {logging_mixin.py:190} INFO - [2025-08-06T14:49:49.556-0400] {dagbag.py:588} INFO - Filling up the DagBag from /home/huynguyen2741/airflow_venv/lib/python3.12/site-packages/airflow/example_dags/example_bash_operator.py
[2025-08-06T14:49:49.569-0400] {processor.py:925} INFO - DAG(s) 'example_bash_operator' retrieved from /home/huynguyen2741/airflow_venv/lib/python3.12/site-packages/airflow/example_dags/example_bash_operator.py
[2025-08-06T14:49:49.586-0400] {logging_mixin.py:190} INFO - [2025-08-06T14:49:49.586-0400] {dag.py:3239} INFO - Sync 1 DAGs
[2025-08-06T14:49:49.603-0400] {logging_mixin.py:190} INFO - [2025-08-06T14:49:49.603-0400] {dag.py:4180} INFO - Setting next_dagrun for example_bash_operator to 2025-08-05 00:00:00+00:00, run_after=2025-08-06 00:00:00+00:00
[2025-08-06T14:49:49.627-0400] {processor.py:208} INFO - Processing /home/huynguyen2741/airflow_venv/lib/python3.12/site-packages/airflow/example_dags/example_bash_operator.py took 0.079 seconds
[2025-08-06T14:50:56.175-0400] {processor.py:186} INFO - Started process (PID=32210) to work on /home/huynguyen2741/airflow_venv/lib/python3.12/site-packages/airflow/example_dags/example_bash_operator.py
[2025-08-06T14:50:56.179-0400] {processor.py:914} INFO - Processing file /home/huynguyen2741/airflow_venv/lib/python3.12/site-packages/airflow/example_dags/example_bash_operator.py for tasks to queue
[2025-08-06T14:50:56.181-0400] {logging_mixin.py:190} INFO - [2025-08-06T14:50:56.180-0400] {dagbag.py:588} INFO - Filling up the DagBag from /home/huynguyen2741/airflow_venv/lib/python3.12/site-packages/airflow/example_dags/example_bash_operator.py
[2025-08-06T14:50:56.190-0400] {processor.py:925} INFO - DAG(s) 'example_bash_operator' retrieved from /home/huynguyen2741/airflow_venv/lib/python3.12/site-packages/airflow/example_dags/example_bash_operator.py
[2025-08-06T14:50:56.205-0400] {logging_mixin.py:190} INFO - [2025-08-06T14:50:56.205-0400] {dag.py:3239} INFO - Sync 1 DAGs
[2025-08-06T14:50:56.218-0400] {logging_mixin.py:190} INFO - [2025-08-06T14:50:56.218-0400] {dag.py:4180} INFO - Setting next_dagrun for example_bash_operator to 2025-08-05 00:00:00+00:00, run_after=2025-08-06 00:00:00+00:00
[2025-08-06T14:50:56.233-0400] {processor.py:208} INFO - Processing /home/huynguyen2741/airflow_venv/lib/python3.12/site-packages/airflow/example_dags/example_bash_operator.py took 0.063 seconds
[2025-08-06T14:51:58.574-0400] {processor.py:186} INFO - Started process (PID=32437) to work on /home/huynguyen2741/airflow_venv/lib/python3.12/site-packages/airflow/example_dags/example_bash_operator.py
[2025-08-06T14:51:58.583-0400] {processor.py:914} INFO - Processing file /home/huynguyen2741/airflow_venv/lib/python3.12/site-packages/airflow/example_dags/example_bash_operator.py for tasks to queue
[2025-08-06T14:51:58.585-0400] {logging_mixin.py:190} INFO - [2025-08-06T14:51:58.584-0400] {dagbag.py:588} INFO - Filling up the DagBag from /home/huynguyen2741/airflow_venv/lib/python3.12/site-packages/airflow/example_dags/example_bash_operator.py
[2025-08-06T14:51:58.597-0400] {processor.py:925} INFO - DAG(s) 'example_bash_operator' retrieved from /home/huynguyen2741/airflow_venv/lib/python3.12/site-packages/airflow/example_dags/example_bash_operator.py
[2025-08-06T14:51:58.614-0400] {logging_mixin.py:190} INFO - [2025-08-06T14:51:58.614-0400] {dag.py:3239} INFO - Sync 1 DAGs
[2025-08-06T14:51:58.630-0400] {logging_mixin.py:190} INFO - [2025-08-06T14:51:58.630-0400] {dag.py:4180} INFO - Setting next_dagrun for example_bash_operator to 2025-08-05 00:00:00+00:00, run_after=2025-08-06 00:00:00+00:00
[2025-08-06T14:51:58.649-0400] {processor.py:208} INFO - Processing /home/huynguyen2741/airflow_venv/lib/python3.12/site-packages/airflow/example_dags/example_bash_operator.py took 0.081 seconds
[2025-08-06T14:52:57.201-0400] {processor.py:186} INFO - Started process (PID=32725) to work on /home/huynguyen2741/airflow_venv/lib/python3.12/site-packages/airflow/example_dags/example_bash_operator.py
[2025-08-06T14:52:57.205-0400] {processor.py:914} INFO - Processing file /home/huynguyen2741/airflow_venv/lib/python3.12/site-packages/airflow/example_dags/example_bash_operator.py for tasks to queue
[2025-08-06T14:52:57.206-0400] {logging_mixin.py:190} INFO - [2025-08-06T14:52:57.206-0400] {dagbag.py:588} INFO - Filling up the DagBag from /home/huynguyen2741/airflow_venv/lib/python3.12/site-packages/airflow/example_dags/example_bash_operator.py
[2025-08-06T14:52:57.217-0400] {processor.py:925} INFO - DAG(s) 'example_bash_operator' retrieved from /home/huynguyen2741/airflow_venv/lib/python3.12/site-packages/airflow/example_dags/example_bash_operator.py
[2025-08-06T14:52:57.232-0400] {logging_mixin.py:190} INFO - [2025-08-06T14:52:57.232-0400] {dag.py:3239} INFO - Sync 1 DAGs
[2025-08-06T14:52:57.245-0400] {logging_mixin.py:190} INFO - [2025-08-06T14:52:57.245-0400] {dag.py:4180} INFO - Setting next_dagrun for example_bash_operator to 2025-08-05 00:00:00+00:00, run_after=2025-08-06 00:00:00+00:00
[2025-08-06T14:52:57.261-0400] {processor.py:208} INFO - Processing /home/huynguyen2741/airflow_venv/lib/python3.12/site-packages/airflow/example_dags/example_bash_operator.py took 0.066 seconds
[2025-08-06T14:54:01.900-0400] {processor.py:186} INFO - Started process (PID=33182) to work on /home/huynguyen2741/airflow_venv/lib/python3.12/site-packages/airflow/example_dags/example_bash_operator.py
[2025-08-06T14:54:01.904-0400] {processor.py:914} INFO - Processing file /home/huynguyen2741/airflow_venv/lib/python3.12/site-packages/airflow/example_dags/example_bash_operator.py for tasks to queue
[2025-08-06T14:54:01.906-0400] {logging_mixin.py:190} INFO - [2025-08-06T14:54:01.905-0400] {dagbag.py:588} INFO - Filling up the DagBag from /home/huynguyen2741/airflow_venv/lib/python3.12/site-packages/airflow/example_dags/example_bash_operator.py
[2025-08-06T14:54:01.915-0400] {processor.py:925} INFO - DAG(s) 'example_bash_operator' retrieved from /home/huynguyen2741/airflow_venv/lib/python3.12/site-packages/airflow/example_dags/example_bash_operator.py
[2025-08-06T14:54:01.930-0400] {logging_mixin.py:190} INFO - [2025-08-06T14:54:01.930-0400] {dag.py:3239} INFO - Sync 1 DAGs
[2025-08-06T14:54:01.943-0400] {logging_mixin.py:190} INFO - [2025-08-06T14:54:01.943-0400] {dag.py:4180} INFO - Setting next_dagrun for example_bash_operator to 2025-08-05 00:00:00+00:00, run_after=2025-08-06 00:00:00+00:00
[2025-08-06T14:54:01.958-0400] {processor.py:208} INFO - Processing /home/huynguyen2741/airflow_venv/lib/python3.12/site-packages/airflow/example_dags/example_bash_operator.py took 0.063 seconds
[2025-08-06T14:55:28.517-0400] {processor.py:186} INFO - Started process (PID=33615) to work on /home/huynguyen2741/airflow_venv/lib/python3.12/site-packages/airflow/example_dags/example_bash_operator.py
[2025-08-06T14:55:28.518-0400] {processor.py:914} INFO - Processing file /home/huynguyen2741/airflow_venv/lib/python3.12/site-packages/airflow/example_dags/example_bash_operator.py for tasks to queue
[2025-08-06T14:55:28.520-0400] {logging_mixin.py:190} INFO - [2025-08-06T14:55:28.519-0400] {dagbag.py:588} INFO - Filling up the DagBag from /home/huynguyen2741/airflow_venv/lib/python3.12/site-packages/airflow/example_dags/example_bash_operator.py
[2025-08-06T14:55:28.531-0400] {processor.py:925} INFO - DAG(s) 'example_bash_operator' retrieved from /home/huynguyen2741/airflow_venv/lib/python3.12/site-packages/airflow/example_dags/example_bash_operator.py
[2025-08-06T14:55:28.547-0400] {logging_mixin.py:190} INFO - [2025-08-06T14:55:28.547-0400] {dag.py:3239} INFO - Sync 1 DAGs
[2025-08-06T14:55:28.561-0400] {logging_mixin.py:190} INFO - [2025-08-06T14:55:28.561-0400] {dag.py:4180} INFO - Setting next_dagrun for example_bash_operator to 2025-08-05 00:00:00+00:00, run_after=2025-08-06 00:00:00+00:00
[2025-08-06T14:55:28.581-0400] {processor.py:208} INFO - Processing /home/huynguyen2741/airflow_venv/lib/python3.12/site-packages/airflow/example_dags/example_bash_operator.py took 0.070 seconds
[2025-08-06T14:56:27.905-0400] {processor.py:186} INFO - Started process (PID=33921) to work on /home/huynguyen2741/airflow_venv/lib/python3.12/site-packages/airflow/example_dags/example_bash_operator.py
[2025-08-06T14:56:27.909-0400] {processor.py:914} INFO - Processing file /home/huynguyen2741/airflow_venv/lib/python3.12/site-packages/airflow/example_dags/example_bash_operator.py for tasks to queue
[2025-08-06T14:56:27.910-0400] {logging_mixin.py:190} INFO - [2025-08-06T14:56:27.910-0400] {dagbag.py:588} INFO - Filling up the DagBag from /home/huynguyen2741/airflow_venv/lib/python3.12/site-packages/airflow/example_dags/example_bash_operator.py
[2025-08-06T14:56:27.920-0400] {processor.py:925} INFO - DAG(s) 'example_bash_operator' retrieved from /home/huynguyen2741/airflow_venv/lib/python3.12/site-packages/airflow/example_dags/example_bash_operator.py
[2025-08-06T14:56:27.934-0400] {logging_mixin.py:190} INFO - [2025-08-06T14:56:27.934-0400] {dag.py:3239} INFO - Sync 1 DAGs
[2025-08-06T14:56:27.946-0400] {logging_mixin.py:190} INFO - [2025-08-06T14:56:27.946-0400] {dag.py:4180} INFO - Setting next_dagrun for example_bash_operator to 2025-08-05 00:00:00+00:00, run_after=2025-08-06 00:00:00+00:00
[2025-08-06T14:56:27.961-0400] {processor.py:208} INFO - Processing /home/huynguyen2741/airflow_venv/lib/python3.12/site-packages/airflow/example_dags/example_bash_operator.py took 0.063 seconds
[2025-08-06T14:57:30.569-0400] {processor.py:186} INFO - Started process (PID=34203) to work on /home/huynguyen2741/airflow_venv/lib/python3.12/site-packages/airflow/example_dags/example_bash_operator.py
[2025-08-06T14:57:30.570-0400] {processor.py:914} INFO - Processing file /home/huynguyen2741/airflow_venv/lib/python3.12/site-packages/airflow/example_dags/example_bash_operator.py for tasks to queue
[2025-08-06T14:57:30.571-0400] {logging_mixin.py:190} INFO - [2025-08-06T14:57:30.571-0400] {dagbag.py:588} INFO - Filling up the DagBag from /home/huynguyen2741/airflow_venv/lib/python3.12/site-packages/airflow/example_dags/example_bash_operator.py
[2025-08-06T14:57:30.581-0400] {processor.py:925} INFO - DAG(s) 'example_bash_operator' retrieved from /home/huynguyen2741/airflow_venv/lib/python3.12/site-packages/airflow/example_dags/example_bash_operator.py
[2025-08-06T14:57:30.596-0400] {logging_mixin.py:190} INFO - [2025-08-06T14:57:30.596-0400] {dag.py:3239} INFO - Sync 1 DAGs
[2025-08-06T14:57:30.609-0400] {logging_mixin.py:190} INFO - [2025-08-06T14:57:30.609-0400] {dag.py:4180} INFO - Setting next_dagrun for example_bash_operator to 2025-08-05 00:00:00+00:00, run_after=2025-08-06 00:00:00+00:00
[2025-08-06T14:57:30.625-0400] {processor.py:208} INFO - Processing /home/huynguyen2741/airflow_venv/lib/python3.12/site-packages/airflow/example_dags/example_bash_operator.py took 0.062 seconds
[2025-08-06T14:58:32.984-0400] {processor.py:186} INFO - Started process (PID=34450) to work on /home/huynguyen2741/airflow_venv/lib/python3.12/site-packages/airflow/example_dags/example_bash_operator.py
[2025-08-06T14:58:32.985-0400] {processor.py:914} INFO - Processing file /home/huynguyen2741/airflow_venv/lib/python3.12/site-packages/airflow/example_dags/example_bash_operator.py for tasks to queue
[2025-08-06T14:58:32.986-0400] {logging_mixin.py:190} INFO - [2025-08-06T14:58:32.986-0400] {dagbag.py:588} INFO - Filling up the DagBag from /home/huynguyen2741/airflow_venv/lib/python3.12/site-packages/airflow/example_dags/example_bash_operator.py
[2025-08-06T14:58:32.996-0400] {processor.py:925} INFO - DAG(s) 'example_bash_operator' retrieved from /home/huynguyen2741/airflow_venv/lib/python3.12/site-packages/airflow/example_dags/example_bash_operator.py
[2025-08-06T14:58:33.011-0400] {logging_mixin.py:190} INFO - [2025-08-06T14:58:33.011-0400] {dag.py:3239} INFO - Sync 1 DAGs
[2025-08-06T14:58:33.027-0400] {logging_mixin.py:190} INFO - [2025-08-06T14:58:33.026-0400] {dag.py:4180} INFO - Setting next_dagrun for example_bash_operator to 2025-08-05 00:00:00+00:00, run_after=2025-08-06 00:00:00+00:00
[2025-08-06T14:58:33.043-0400] {processor.py:208} INFO - Processing /home/huynguyen2741/airflow_venv/lib/python3.12/site-packages/airflow/example_dags/example_bash_operator.py took 0.065 seconds
[2025-08-06T14:59:37.329-0400] {processor.py:186} INFO - Started process (PID=34691) to work on /home/huynguyen2741/airflow_venv/lib/python3.12/site-packages/airflow/example_dags/example_bash_operator.py
[2025-08-06T14:59:37.330-0400] {processor.py:914} INFO - Processing file /home/huynguyen2741/airflow_venv/lib/python3.12/site-packages/airflow/example_dags/example_bash_operator.py for tasks to queue
[2025-08-06T14:59:37.331-0400] {logging_mixin.py:190} INFO - [2025-08-06T14:59:37.331-0400] {dagbag.py:588} INFO - Filling up the DagBag from /home/huynguyen2741/airflow_venv/lib/python3.12/site-packages/airflow/example_dags/example_bash_operator.py
[2025-08-06T14:59:37.341-0400] {processor.py:925} INFO - DAG(s) 'example_bash_operator' retrieved from /home/huynguyen2741/airflow_venv/lib/python3.12/site-packages/airflow/example_dags/example_bash_operator.py
[2025-08-06T14:59:37.355-0400] {logging_mixin.py:190} INFO - [2025-08-06T14:59:37.355-0400] {dag.py:3239} INFO - Sync 1 DAGs
[2025-08-06T14:59:37.368-0400] {logging_mixin.py:190} INFO - [2025-08-06T14:59:37.368-0400] {dag.py:4180} INFO - Setting next_dagrun for example_bash_operator to 2025-08-05 00:00:00+00:00, run_after=2025-08-06 00:00:00+00:00
[2025-08-06T14:59:37.383-0400] {processor.py:208} INFO - Processing /home/huynguyen2741/airflow_venv/lib/python3.12/site-packages/airflow/example_dags/example_bash_operator.py took 0.060 seconds
