[2025-08-06T13:56:58.981-0400] {processor.py:186} INFO - Started process (PID=17652) to work on /home/huynguyen2741/airflow_venv/lib/python3.12/site-packages/airflow/example_dags/example_python_decorator.py
[2025-08-06T13:56:58.982-0400] {processor.py:914} INFO - Processing file /home/huynguyen2741/airflow_venv/lib/python3.12/site-packages/airflow/example_dags/example_python_decorator.py for tasks to queue
[2025-08-06T13:56:58.984-0400] {logging_mixin.py:190} INFO - [2025-08-06T13:56:58.983-0400] {dagbag.py:588} INFO - Filling up the DagBag from /home/huynguyen2741/airflow_venv/lib/python3.12/site-packages/airflow/example_dags/example_python_decorator.py
[2025-08-06T13:56:59.040-0400] {logging_mixin.py:190} INFO - [2025-08-06T13:56:59.040-0400] {example_python_decorator.py:80} WARNING - The virtalenv_python example task requires virtualenv, please install it.
[2025-08-06T13:56:59.042-0400] {processor.py:925} INFO - DAG(s) 'example_python_decorator' retrieved from /home/huynguyen2741/airflow_venv/lib/python3.12/site-packages/airflow/example_dags/example_python_decorator.py
[2025-08-06T13:56:59.144-0400] {logging_mixin.py:190} INFO - [2025-08-06T13:56:59.144-0400] {override.py:1930} INFO - Created Permission View: can edit on DAG:example_python_decorator
[2025-08-06T13:56:59.155-0400] {logging_mixin.py:190} INFO - [2025-08-06T13:56:59.155-0400] {override.py:1930} INFO - Created Permission View: can read on DAG:example_python_decorator
[2025-08-06T13:56:59.164-0400] {logging_mixin.py:190} INFO - [2025-08-06T13:56:59.163-0400] {override.py:1930} INFO - Created Permission View: can delete on DAG:example_python_decorator
[2025-08-06T13:56:59.177-0400] {logging_mixin.py:190} INFO - [2025-08-06T13:56:59.177-0400] {override.py:1930} INFO - Created Permission View: menu access on DAG Run:example_python_decorator
[2025-08-06T13:56:59.186-0400] {logging_mixin.py:190} INFO - [2025-08-06T13:56:59.185-0400] {override.py:1930} INFO - Created Permission View: can read on DAG Run:example_python_decorator
[2025-08-06T13:56:59.194-0400] {logging_mixin.py:190} INFO - [2025-08-06T13:56:59.194-0400] {override.py:1930} INFO - Created Permission View: can create on DAG Run:example_python_decorator
[2025-08-06T13:56:59.202-0400] {logging_mixin.py:190} INFO - [2025-08-06T13:56:59.202-0400] {override.py:1930} INFO - Created Permission View: can delete on DAG Run:example_python_decorator
[2025-08-06T13:56:59.202-0400] {logging_mixin.py:190} INFO - [2025-08-06T13:56:59.202-0400] {dag.py:3239} INFO - Sync 1 DAGs
[2025-08-06T13:56:59.211-0400] {logging_mixin.py:190} INFO - [2025-08-06T13:56:59.210-0400] {dag.py:3262} INFO - Creating ORM DAG for example_python_decorator
[2025-08-06T13:56:59.211-0400] {logging_mixin.py:190} INFO - [2025-08-06T13:56:59.211-0400] {dag.py:4180} INFO - Setting next_dagrun for example_python_decorator to None, run_after=None
[2025-08-06T13:56:59.228-0400] {processor.py:208} INFO - Processing /home/huynguyen2741/airflow_venv/lib/python3.12/site-packages/airflow/example_dags/example_python_decorator.py took 0.252 seconds
[2025-08-06T13:58:07.487-0400] {processor.py:186} INFO - Started process (PID=17906) to work on /home/huynguyen2741/airflow_venv/lib/python3.12/site-packages/airflow/example_dags/example_python_decorator.py
[2025-08-06T13:58:07.491-0400] {processor.py:914} INFO - Processing file /home/huynguyen2741/airflow_venv/lib/python3.12/site-packages/airflow/example_dags/example_python_decorator.py for tasks to queue
[2025-08-06T13:58:07.492-0400] {logging_mixin.py:190} INFO - [2025-08-06T13:58:07.492-0400] {dagbag.py:588} INFO - Filling up the DagBag from /home/huynguyen2741/airflow_venv/lib/python3.12/site-packages/airflow/example_dags/example_python_decorator.py
[2025-08-06T13:58:07.543-0400] {logging_mixin.py:190} INFO - [2025-08-06T13:58:07.543-0400] {example_python_decorator.py:80} WARNING - The virtalenv_python example task requires virtualenv, please install it.
[2025-08-06T13:58:07.545-0400] {processor.py:925} INFO - DAG(s) 'example_python_decorator' retrieved from /home/huynguyen2741/airflow_venv/lib/python3.12/site-packages/airflow/example_dags/example_python_decorator.py
[2025-08-06T13:58:07.557-0400] {logging_mixin.py:190} INFO - [2025-08-06T13:58:07.556-0400] {dag.py:3239} INFO - Sync 1 DAGs
[2025-08-06T13:58:07.564-0400] {logging_mixin.py:190} INFO - [2025-08-06T13:58:07.564-0400] {dag.py:4180} INFO - Setting next_dagrun for example_python_decorator to None, run_after=None
[2025-08-06T13:58:07.581-0400] {processor.py:208} INFO - Processing /home/huynguyen2741/airflow_venv/lib/python3.12/site-packages/airflow/example_dags/example_python_decorator.py took 0.098 seconds
[2025-08-06T13:59:06.968-0400] {processor.py:186} INFO - Started process (PID=18117) to work on /home/huynguyen2741/airflow_venv/lib/python3.12/site-packages/airflow/example_dags/example_python_decorator.py
[2025-08-06T13:59:06.969-0400] {processor.py:914} INFO - Processing file /home/huynguyen2741/airflow_venv/lib/python3.12/site-packages/airflow/example_dags/example_python_decorator.py for tasks to queue
[2025-08-06T13:59:06.970-0400] {logging_mixin.py:190} INFO - [2025-08-06T13:59:06.970-0400] {dagbag.py:588} INFO - Filling up the DagBag from /home/huynguyen2741/airflow_venv/lib/python3.12/site-packages/airflow/example_dags/example_python_decorator.py
[2025-08-06T13:59:07.024-0400] {logging_mixin.py:190} INFO - [2025-08-06T13:59:07.024-0400] {example_python_decorator.py:80} WARNING - The virtalenv_python example task requires virtualenv, please install it.
[2025-08-06T13:59:07.026-0400] {processor.py:925} INFO - DAG(s) 'example_python_decorator' retrieved from /home/huynguyen2741/airflow_venv/lib/python3.12/site-packages/airflow/example_dags/example_python_decorator.py
[2025-08-06T13:59:07.037-0400] {logging_mixin.py:190} INFO - [2025-08-06T13:59:07.037-0400] {dag.py:3239} INFO - Sync 1 DAGs
[2025-08-06T13:59:07.045-0400] {logging_mixin.py:190} INFO - [2025-08-06T13:59:07.045-0400] {dag.py:4180} INFO - Setting next_dagrun for example_python_decorator to None, run_after=None
[2025-08-06T13:59:07.060-0400] {processor.py:208} INFO - Processing /home/huynguyen2741/airflow_venv/lib/python3.12/site-packages/airflow/example_dags/example_python_decorator.py took 0.097 seconds
[2025-08-06T14:00:09.960-0400] {processor.py:186} INFO - Started process (PID=18336) to work on /home/huynguyen2741/airflow_venv/lib/python3.12/site-packages/airflow/example_dags/example_python_decorator.py
[2025-08-06T14:00:09.970-0400] {processor.py:914} INFO - Processing file /home/huynguyen2741/airflow_venv/lib/python3.12/site-packages/airflow/example_dags/example_python_decorator.py for tasks to queue
[2025-08-06T14:00:09.972-0400] {logging_mixin.py:190} INFO - [2025-08-06T14:00:09.971-0400] {dagbag.py:588} INFO - Filling up the DagBag from /home/huynguyen2741/airflow_venv/lib/python3.12/site-packages/airflow/example_dags/example_python_decorator.py
[2025-08-06T14:00:10.023-0400] {logging_mixin.py:190} INFO - [2025-08-06T14:00:10.022-0400] {example_python_decorator.py:80} WARNING - The virtalenv_python example task requires virtualenv, please install it.
[2025-08-06T14:00:10.024-0400] {processor.py:925} INFO - DAG(s) 'example_python_decorator' retrieved from /home/huynguyen2741/airflow_venv/lib/python3.12/site-packages/airflow/example_dags/example_python_decorator.py
[2025-08-06T14:00:10.036-0400] {logging_mixin.py:190} INFO - [2025-08-06T14:00:10.035-0400] {dag.py:3239} INFO - Sync 1 DAGs
[2025-08-06T14:00:10.044-0400] {logging_mixin.py:190} INFO - [2025-08-06T14:00:10.043-0400] {dag.py:4180} INFO - Setting next_dagrun for example_python_decorator to None, run_after=None
[2025-08-06T14:00:10.060-0400] {processor.py:208} INFO - Processing /home/huynguyen2741/airflow_venv/lib/python3.12/site-packages/airflow/example_dags/example_python_decorator.py took 0.104 seconds
[2025-08-06T14:01:10.146-0400] {processor.py:186} INFO - Started process (PID=18563) to work on /home/huynguyen2741/airflow_venv/lib/python3.12/site-packages/airflow/example_dags/example_python_decorator.py
[2025-08-06T14:01:10.146-0400] {processor.py:914} INFO - Processing file /home/huynguyen2741/airflow_venv/lib/python3.12/site-packages/airflow/example_dags/example_python_decorator.py for tasks to queue
[2025-08-06T14:01:10.148-0400] {logging_mixin.py:190} INFO - [2025-08-06T14:01:10.148-0400] {dagbag.py:588} INFO - Filling up the DagBag from /home/huynguyen2741/airflow_venv/lib/python3.12/site-packages/airflow/example_dags/example_python_decorator.py
[2025-08-06T14:01:10.199-0400] {logging_mixin.py:190} INFO - [2025-08-06T14:01:10.198-0400] {example_python_decorator.py:80} WARNING - The virtalenv_python example task requires virtualenv, please install it.
[2025-08-06T14:01:10.201-0400] {processor.py:925} INFO - DAG(s) 'example_python_decorator' retrieved from /home/huynguyen2741/airflow_venv/lib/python3.12/site-packages/airflow/example_dags/example_python_decorator.py
[2025-08-06T14:01:10.215-0400] {logging_mixin.py:190} INFO - [2025-08-06T14:01:10.215-0400] {dag.py:3239} INFO - Sync 1 DAGs
[2025-08-06T14:01:10.225-0400] {logging_mixin.py:190} INFO - [2025-08-06T14:01:10.225-0400] {dag.py:4180} INFO - Setting next_dagrun for example_python_decorator to None, run_after=None
[2025-08-06T14:01:10.242-0400] {processor.py:208} INFO - Processing /home/huynguyen2741/airflow_venv/lib/python3.12/site-packages/airflow/example_dags/example_python_decorator.py took 0.101 seconds
[2025-08-06T14:02:14.202-0400] {processor.py:186} INFO - Started process (PID=18790) to work on /home/huynguyen2741/airflow_venv/lib/python3.12/site-packages/airflow/example_dags/example_python_decorator.py
[2025-08-06T14:02:14.212-0400] {processor.py:914} INFO - Processing file /home/huynguyen2741/airflow_venv/lib/python3.12/site-packages/airflow/example_dags/example_python_decorator.py for tasks to queue
[2025-08-06T14:02:14.214-0400] {logging_mixin.py:190} INFO - [2025-08-06T14:02:14.213-0400] {dagbag.py:588} INFO - Filling up the DagBag from /home/huynguyen2741/airflow_venv/lib/python3.12/site-packages/airflow/example_dags/example_python_decorator.py
[2025-08-06T14:02:14.265-0400] {logging_mixin.py:190} INFO - [2025-08-06T14:02:14.265-0400] {example_python_decorator.py:80} WARNING - The virtalenv_python example task requires virtualenv, please install it.
[2025-08-06T14:02:14.267-0400] {processor.py:925} INFO - DAG(s) 'example_python_decorator' retrieved from /home/huynguyen2741/airflow_venv/lib/python3.12/site-packages/airflow/example_dags/example_python_decorator.py
[2025-08-06T14:02:14.279-0400] {logging_mixin.py:190} INFO - [2025-08-06T14:02:14.279-0400] {dag.py:3239} INFO - Sync 1 DAGs
[2025-08-06T14:02:14.286-0400] {logging_mixin.py:190} INFO - [2025-08-06T14:02:14.286-0400] {dag.py:4180} INFO - Setting next_dagrun for example_python_decorator to None, run_after=None
[2025-08-06T14:02:14.302-0400] {processor.py:208} INFO - Processing /home/huynguyen2741/airflow_venv/lib/python3.12/site-packages/airflow/example_dags/example_python_decorator.py took 0.104 seconds
[2025-08-06T14:03:15.552-0400] {processor.py:186} INFO - Started process (PID=19031) to work on /home/huynguyen2741/airflow_venv/lib/python3.12/site-packages/airflow/example_dags/example_python_decorator.py
[2025-08-06T14:03:15.561-0400] {processor.py:914} INFO - Processing file /home/huynguyen2741/airflow_venv/lib/python3.12/site-packages/airflow/example_dags/example_python_decorator.py for tasks to queue
[2025-08-06T14:03:15.563-0400] {logging_mixin.py:190} INFO - [2025-08-06T14:03:15.562-0400] {dagbag.py:588} INFO - Filling up the DagBag from /home/huynguyen2741/airflow_venv/lib/python3.12/site-packages/airflow/example_dags/example_python_decorator.py
[2025-08-06T14:03:15.615-0400] {logging_mixin.py:190} INFO - [2025-08-06T14:03:15.614-0400] {example_python_decorator.py:80} WARNING - The virtalenv_python example task requires virtualenv, please install it.
[2025-08-06T14:03:15.617-0400] {processor.py:925} INFO - DAG(s) 'example_python_decorator' retrieved from /home/huynguyen2741/airflow_venv/lib/python3.12/site-packages/airflow/example_dags/example_python_decorator.py
[2025-08-06T14:03:15.629-0400] {logging_mixin.py:190} INFO - [2025-08-06T14:03:15.629-0400] {dag.py:3239} INFO - Sync 1 DAGs
[2025-08-06T14:03:15.638-0400] {logging_mixin.py:190} INFO - [2025-08-06T14:03:15.638-0400] {dag.py:4180} INFO - Setting next_dagrun for example_python_decorator to None, run_after=None
[2025-08-06T14:03:15.654-0400] {processor.py:208} INFO - Processing /home/huynguyen2741/airflow_venv/lib/python3.12/site-packages/airflow/example_dags/example_python_decorator.py took 0.107 seconds
[2025-08-06T14:04:17.818-0400] {processor.py:186} INFO - Started process (PID=19251) to work on /home/huynguyen2741/airflow_venv/lib/python3.12/site-packages/airflow/example_dags/example_python_decorator.py
[2025-08-06T14:04:17.828-0400] {processor.py:914} INFO - Processing file /home/huynguyen2741/airflow_venv/lib/python3.12/site-packages/airflow/example_dags/example_python_decorator.py for tasks to queue
[2025-08-06T14:04:17.830-0400] {logging_mixin.py:190} INFO - [2025-08-06T14:04:17.830-0400] {dagbag.py:588} INFO - Filling up the DagBag from /home/huynguyen2741/airflow_venv/lib/python3.12/site-packages/airflow/example_dags/example_python_decorator.py
[2025-08-06T14:04:17.882-0400] {logging_mixin.py:190} INFO - [2025-08-06T14:04:17.882-0400] {example_python_decorator.py:80} WARNING - The virtalenv_python example task requires virtualenv, please install it.
[2025-08-06T14:04:17.884-0400] {processor.py:925} INFO - DAG(s) 'example_python_decorator' retrieved from /home/huynguyen2741/airflow_venv/lib/python3.12/site-packages/airflow/example_dags/example_python_decorator.py
[2025-08-06T14:04:17.896-0400] {logging_mixin.py:190} INFO - [2025-08-06T14:04:17.896-0400] {dag.py:3239} INFO - Sync 1 DAGs
[2025-08-06T14:04:17.907-0400] {logging_mixin.py:190} INFO - [2025-08-06T14:04:17.907-0400] {dag.py:4180} INFO - Setting next_dagrun for example_python_decorator to None, run_after=None
[2025-08-06T14:04:17.923-0400] {processor.py:208} INFO - Processing /home/huynguyen2741/airflow_venv/lib/python3.12/site-packages/airflow/example_dags/example_python_decorator.py took 0.109 seconds
[2025-08-06T14:05:19.157-0400] {processor.py:186} INFO - Started process (PID=19596) to work on /home/huynguyen2741/airflow_venv/lib/python3.12/site-packages/airflow/example_dags/example_python_decorator.py
[2025-08-06T14:05:19.166-0400] {processor.py:914} INFO - Processing file /home/huynguyen2741/airflow_venv/lib/python3.12/site-packages/airflow/example_dags/example_python_decorator.py for tasks to queue
[2025-08-06T14:05:19.168-0400] {logging_mixin.py:190} INFO - [2025-08-06T14:05:19.168-0400] {dagbag.py:588} INFO - Filling up the DagBag from /home/huynguyen2741/airflow_venv/lib/python3.12/site-packages/airflow/example_dags/example_python_decorator.py
[2025-08-06T14:05:19.219-0400] {logging_mixin.py:190} INFO - [2025-08-06T14:05:19.219-0400] {example_python_decorator.py:80} WARNING - The virtalenv_python example task requires virtualenv, please install it.
[2025-08-06T14:05:19.221-0400] {processor.py:925} INFO - DAG(s) 'example_python_decorator' retrieved from /home/huynguyen2741/airflow_venv/lib/python3.12/site-packages/airflow/example_dags/example_python_decorator.py
[2025-08-06T14:05:19.235-0400] {logging_mixin.py:190} INFO - [2025-08-06T14:05:19.235-0400] {dag.py:3239} INFO - Sync 1 DAGs
[2025-08-06T14:05:19.246-0400] {logging_mixin.py:190} INFO - [2025-08-06T14:05:19.246-0400] {dag.py:4180} INFO - Setting next_dagrun for example_python_decorator to None, run_after=None
[2025-08-06T14:05:19.264-0400] {processor.py:208} INFO - Processing /home/huynguyen2741/airflow_venv/lib/python3.12/site-packages/airflow/example_dags/example_python_decorator.py took 0.111 seconds
[2025-08-06T14:06:22.686-0400] {processor.py:186} INFO - Started process (PID=19850) to work on /home/huynguyen2741/airflow_venv/lib/python3.12/site-packages/airflow/example_dags/example_python_decorator.py
[2025-08-06T14:06:22.696-0400] {processor.py:914} INFO - Processing file /home/huynguyen2741/airflow_venv/lib/python3.12/site-packages/airflow/example_dags/example_python_decorator.py for tasks to queue
[2025-08-06T14:06:22.698-0400] {logging_mixin.py:190} INFO - [2025-08-06T14:06:22.697-0400] {dagbag.py:588} INFO - Filling up the DagBag from /home/huynguyen2741/airflow_venv/lib/python3.12/site-packages/airflow/example_dags/example_python_decorator.py
[2025-08-06T14:06:22.748-0400] {logging_mixin.py:190} INFO - [2025-08-06T14:06:22.748-0400] {example_python_decorator.py:80} WARNING - The virtalenv_python example task requires virtualenv, please install it.
[2025-08-06T14:06:22.751-0400] {processor.py:925} INFO - DAG(s) 'example_python_decorator' retrieved from /home/huynguyen2741/airflow_venv/lib/python3.12/site-packages/airflow/example_dags/example_python_decorator.py
[2025-08-06T14:06:22.766-0400] {logging_mixin.py:190} INFO - [2025-08-06T14:06:22.766-0400] {dag.py:3239} INFO - Sync 1 DAGs
[2025-08-06T14:06:22.775-0400] {logging_mixin.py:190} INFO - [2025-08-06T14:06:22.775-0400] {dag.py:4180} INFO - Setting next_dagrun for example_python_decorator to None, run_after=None
[2025-08-06T14:06:22.793-0400] {processor.py:208} INFO - Processing /home/huynguyen2741/airflow_venv/lib/python3.12/site-packages/airflow/example_dags/example_python_decorator.py took 0.111 seconds
[2025-08-06T14:07:30.997-0400] {processor.py:186} INFO - Started process (PID=20093) to work on /home/huynguyen2741/airflow_venv/lib/python3.12/site-packages/airflow/example_dags/example_python_decorator.py
[2025-08-06T14:07:31.007-0400] {processor.py:914} INFO - Processing file /home/huynguyen2741/airflow_venv/lib/python3.12/site-packages/airflow/example_dags/example_python_decorator.py for tasks to queue
[2025-08-06T14:07:31.009-0400] {logging_mixin.py:190} INFO - [2025-08-06T14:07:31.008-0400] {dagbag.py:588} INFO - Filling up the DagBag from /home/huynguyen2741/airflow_venv/lib/python3.12/site-packages/airflow/example_dags/example_python_decorator.py
[2025-08-06T14:07:31.060-0400] {logging_mixin.py:190} INFO - [2025-08-06T14:07:31.059-0400] {example_python_decorator.py:80} WARNING - The virtalenv_python example task requires virtualenv, please install it.
[2025-08-06T14:07:31.062-0400] {processor.py:925} INFO - DAG(s) 'example_python_decorator' retrieved from /home/huynguyen2741/airflow_venv/lib/python3.12/site-packages/airflow/example_dags/example_python_decorator.py
[2025-08-06T14:07:31.074-0400] {logging_mixin.py:190} INFO - [2025-08-06T14:07:31.074-0400] {dag.py:3239} INFO - Sync 1 DAGs
[2025-08-06T14:07:31.083-0400] {logging_mixin.py:190} INFO - [2025-08-06T14:07:31.083-0400] {dag.py:4180} INFO - Setting next_dagrun for example_python_decorator to None, run_after=None
[2025-08-06T14:07:31.100-0400] {processor.py:208} INFO - Processing /home/huynguyen2741/airflow_venv/lib/python3.12/site-packages/airflow/example_dags/example_python_decorator.py took 0.108 seconds
[2025-08-06T14:08:38.344-0400] {processor.py:186} INFO - Started process (PID=20396) to work on /home/huynguyen2741/airflow_venv/lib/python3.12/site-packages/airflow/example_dags/example_python_decorator.py
[2025-08-06T14:08:38.345-0400] {processor.py:914} INFO - Processing file /home/huynguyen2741/airflow_venv/lib/python3.12/site-packages/airflow/example_dags/example_python_decorator.py for tasks to queue
[2025-08-06T14:08:38.347-0400] {logging_mixin.py:190} INFO - [2025-08-06T14:08:38.346-0400] {dagbag.py:588} INFO - Filling up the DagBag from /home/huynguyen2741/airflow_venv/lib/python3.12/site-packages/airflow/example_dags/example_python_decorator.py
[2025-08-06T14:08:38.397-0400] {logging_mixin.py:190} INFO - [2025-08-06T14:08:38.397-0400] {example_python_decorator.py:80} WARNING - The virtalenv_python example task requires virtualenv, please install it.
[2025-08-06T14:08:38.399-0400] {processor.py:925} INFO - DAG(s) 'example_python_decorator' retrieved from /home/huynguyen2741/airflow_venv/lib/python3.12/site-packages/airflow/example_dags/example_python_decorator.py
[2025-08-06T14:08:38.410-0400] {logging_mixin.py:190} INFO - [2025-08-06T14:08:38.410-0400] {dag.py:3239} INFO - Sync 1 DAGs
[2025-08-06T14:08:38.418-0400] {logging_mixin.py:190} INFO - [2025-08-06T14:08:38.418-0400] {dag.py:4180} INFO - Setting next_dagrun for example_python_decorator to None, run_after=None
[2025-08-06T14:08:38.435-0400] {processor.py:208} INFO - Processing /home/huynguyen2741/airflow_venv/lib/python3.12/site-packages/airflow/example_dags/example_python_decorator.py took 0.095 seconds
[2025-08-06T14:09:50.501-0400] {processor.py:186} INFO - Started process (PID=20902) to work on /home/huynguyen2741/airflow_venv/lib/python3.12/site-packages/airflow/example_dags/example_python_decorator.py
[2025-08-06T14:09:50.502-0400] {processor.py:914} INFO - Processing file /home/huynguyen2741/airflow_venv/lib/python3.12/site-packages/airflow/example_dags/example_python_decorator.py for tasks to queue
[2025-08-06T14:09:50.504-0400] {logging_mixin.py:190} INFO - [2025-08-06T14:09:50.503-0400] {dagbag.py:588} INFO - Filling up the DagBag from /home/huynguyen2741/airflow_venv/lib/python3.12/site-packages/airflow/example_dags/example_python_decorator.py
[2025-08-06T14:09:50.557-0400] {logging_mixin.py:190} INFO - [2025-08-06T14:09:50.557-0400] {example_python_decorator.py:80} WARNING - The virtalenv_python example task requires virtualenv, please install it.
[2025-08-06T14:09:50.560-0400] {processor.py:925} INFO - DAG(s) 'example_python_decorator' retrieved from /home/huynguyen2741/airflow_venv/lib/python3.12/site-packages/airflow/example_dags/example_python_decorator.py
[2025-08-06T14:09:50.575-0400] {logging_mixin.py:190} INFO - [2025-08-06T14:09:50.575-0400] {dag.py:3239} INFO - Sync 1 DAGs
[2025-08-06T14:09:50.586-0400] {logging_mixin.py:190} INFO - [2025-08-06T14:09:50.586-0400] {dag.py:4180} INFO - Setting next_dagrun for example_python_decorator to None, run_after=None
[2025-08-06T14:09:50.603-0400] {processor.py:208} INFO - Processing /home/huynguyen2741/airflow_venv/lib/python3.12/site-packages/airflow/example_dags/example_python_decorator.py took 0.106 seconds
[2025-08-06T14:10:46.034-0400] {processor.py:186} INFO - Started process (PID=21244) to work on /home/huynguyen2741/airflow_venv/lib/python3.12/site-packages/airflow/example_dags/example_python_decorator.py
[2025-08-06T14:10:46.035-0400] {processor.py:914} INFO - Processing file /home/huynguyen2741/airflow_venv/lib/python3.12/site-packages/airflow/example_dags/example_python_decorator.py for tasks to queue
[2025-08-06T14:10:46.037-0400] {logging_mixin.py:190} INFO - [2025-08-06T14:10:46.037-0400] {dagbag.py:588} INFO - Filling up the DagBag from /home/huynguyen2741/airflow_venv/lib/python3.12/site-packages/airflow/example_dags/example_python_decorator.py
[2025-08-06T14:10:46.088-0400] {logging_mixin.py:190} INFO - [2025-08-06T14:10:46.088-0400] {example_python_decorator.py:80} WARNING - The virtalenv_python example task requires virtualenv, please install it.
[2025-08-06T14:10:46.090-0400] {processor.py:925} INFO - DAG(s) 'example_python_decorator' retrieved from /home/huynguyen2741/airflow_venv/lib/python3.12/site-packages/airflow/example_dags/example_python_decorator.py
[2025-08-06T14:10:46.101-0400] {logging_mixin.py:190} INFO - [2025-08-06T14:10:46.101-0400] {dag.py:3239} INFO - Sync 1 DAGs
[2025-08-06T14:10:46.109-0400] {logging_mixin.py:190} INFO - [2025-08-06T14:10:46.109-0400] {dag.py:4180} INFO - Setting next_dagrun for example_python_decorator to None, run_after=None
[2025-08-06T14:10:46.125-0400] {processor.py:208} INFO - Processing /home/huynguyen2741/airflow_venv/lib/python3.12/site-packages/airflow/example_dags/example_python_decorator.py took 0.095 seconds
[2025-08-06T14:11:52.564-0400] {processor.py:186} INFO - Started process (PID=21480) to work on /home/huynguyen2741/airflow_venv/lib/python3.12/site-packages/airflow/example_dags/example_python_decorator.py
[2025-08-06T14:11:52.565-0400] {processor.py:914} INFO - Processing file /home/huynguyen2741/airflow_venv/lib/python3.12/site-packages/airflow/example_dags/example_python_decorator.py for tasks to queue
[2025-08-06T14:11:52.566-0400] {logging_mixin.py:190} INFO - [2025-08-06T14:11:52.566-0400] {dagbag.py:588} INFO - Filling up the DagBag from /home/huynguyen2741/airflow_venv/lib/python3.12/site-packages/airflow/example_dags/example_python_decorator.py
[2025-08-06T14:11:52.617-0400] {logging_mixin.py:190} INFO - [2025-08-06T14:11:52.617-0400] {example_python_decorator.py:80} WARNING - The virtalenv_python example task requires virtualenv, please install it.
[2025-08-06T14:11:52.619-0400] {processor.py:925} INFO - DAG(s) 'example_python_decorator' retrieved from /home/huynguyen2741/airflow_venv/lib/python3.12/site-packages/airflow/example_dags/example_python_decorator.py
[2025-08-06T14:11:52.634-0400] {logging_mixin.py:190} INFO - [2025-08-06T14:11:52.634-0400] {dag.py:3239} INFO - Sync 1 DAGs
[2025-08-06T14:11:52.642-0400] {logging_mixin.py:190} INFO - [2025-08-06T14:11:52.642-0400] {dag.py:4180} INFO - Setting next_dagrun for example_python_decorator to None, run_after=None
[2025-08-06T14:11:52.658-0400] {processor.py:208} INFO - Processing /home/huynguyen2741/airflow_venv/lib/python3.12/site-packages/airflow/example_dags/example_python_decorator.py took 0.099 seconds
[2025-08-06T14:12:56.634-0400] {processor.py:186} INFO - Started process (PID=21915) to work on /home/huynguyen2741/airflow_venv/lib/python3.12/site-packages/airflow/example_dags/example_python_decorator.py
[2025-08-06T14:12:56.639-0400] {processor.py:914} INFO - Processing file /home/huynguyen2741/airflow_venv/lib/python3.12/site-packages/airflow/example_dags/example_python_decorator.py for tasks to queue
[2025-08-06T14:12:56.640-0400] {logging_mixin.py:190} INFO - [2025-08-06T14:12:56.640-0400] {dagbag.py:588} INFO - Filling up the DagBag from /home/huynguyen2741/airflow_venv/lib/python3.12/site-packages/airflow/example_dags/example_python_decorator.py
[2025-08-06T14:12:56.693-0400] {logging_mixin.py:190} INFO - [2025-08-06T14:12:56.693-0400] {example_python_decorator.py:80} WARNING - The virtalenv_python example task requires virtualenv, please install it.
[2025-08-06T14:12:56.696-0400] {processor.py:925} INFO - DAG(s) 'example_python_decorator' retrieved from /home/huynguyen2741/airflow_venv/lib/python3.12/site-packages/airflow/example_dags/example_python_decorator.py
[2025-08-06T14:12:56.713-0400] {logging_mixin.py:190} INFO - [2025-08-06T14:12:56.713-0400] {dag.py:3239} INFO - Sync 1 DAGs
[2025-08-06T14:12:56.725-0400] {logging_mixin.py:190} INFO - [2025-08-06T14:12:56.725-0400] {dag.py:4180} INFO - Setting next_dagrun for example_python_decorator to None, run_after=None
[2025-08-06T14:12:56.742-0400] {processor.py:208} INFO - Processing /home/huynguyen2741/airflow_venv/lib/python3.12/site-packages/airflow/example_dags/example_python_decorator.py took 0.113 seconds
[2025-08-06T14:14:02.444-0400] {processor.py:186} INFO - Started process (PID=22345) to work on /home/huynguyen2741/airflow_venv/lib/python3.12/site-packages/airflow/example_dags/example_python_decorator.py
[2025-08-06T14:14:02.446-0400] {processor.py:914} INFO - Processing file /home/huynguyen2741/airflow_venv/lib/python3.12/site-packages/airflow/example_dags/example_python_decorator.py for tasks to queue
[2025-08-06T14:14:02.447-0400] {logging_mixin.py:190} INFO - [2025-08-06T14:14:02.447-0400] {dagbag.py:588} INFO - Filling up the DagBag from /home/huynguyen2741/airflow_venv/lib/python3.12/site-packages/airflow/example_dags/example_python_decorator.py
[2025-08-06T14:14:02.498-0400] {logging_mixin.py:190} INFO - [2025-08-06T14:14:02.498-0400] {example_python_decorator.py:80} WARNING - The virtalenv_python example task requires virtualenv, please install it.
[2025-08-06T14:14:02.500-0400] {processor.py:925} INFO - DAG(s) 'example_python_decorator' retrieved from /home/huynguyen2741/airflow_venv/lib/python3.12/site-packages/airflow/example_dags/example_python_decorator.py
[2025-08-06T14:14:02.511-0400] {logging_mixin.py:190} INFO - [2025-08-06T14:14:02.511-0400] {dag.py:3239} INFO - Sync 1 DAGs
[2025-08-06T14:14:02.519-0400] {logging_mixin.py:190} INFO - [2025-08-06T14:14:02.519-0400] {dag.py:4180} INFO - Setting next_dagrun for example_python_decorator to None, run_after=None
[2025-08-06T14:14:02.535-0400] {processor.py:208} INFO - Processing /home/huynguyen2741/airflow_venv/lib/python3.12/site-packages/airflow/example_dags/example_python_decorator.py took 0.095 seconds
[2025-08-06T14:15:07.198-0400] {processor.py:186} INFO - Started process (PID=22690) to work on /home/huynguyen2741/airflow_venv/lib/python3.12/site-packages/airflow/example_dags/example_python_decorator.py
[2025-08-06T14:15:07.202-0400] {processor.py:914} INFO - Processing file /home/huynguyen2741/airflow_venv/lib/python3.12/site-packages/airflow/example_dags/example_python_decorator.py for tasks to queue
[2025-08-06T14:15:07.203-0400] {logging_mixin.py:190} INFO - [2025-08-06T14:15:07.202-0400] {dagbag.py:588} INFO - Filling up the DagBag from /home/huynguyen2741/airflow_venv/lib/python3.12/site-packages/airflow/example_dags/example_python_decorator.py
[2025-08-06T14:15:07.259-0400] {logging_mixin.py:190} INFO - [2025-08-06T14:15:07.258-0400] {example_python_decorator.py:80} WARNING - The virtalenv_python example task requires virtualenv, please install it.
[2025-08-06T14:15:07.261-0400] {processor.py:925} INFO - DAG(s) 'example_python_decorator' retrieved from /home/huynguyen2741/airflow_venv/lib/python3.12/site-packages/airflow/example_dags/example_python_decorator.py
[2025-08-06T14:15:07.278-0400] {logging_mixin.py:190} INFO - [2025-08-06T14:15:07.277-0400] {dag.py:3239} INFO - Sync 1 DAGs
[2025-08-06T14:15:07.289-0400] {logging_mixin.py:190} INFO - [2025-08-06T14:15:07.289-0400] {dag.py:4180} INFO - Setting next_dagrun for example_python_decorator to None, run_after=None
[2025-08-06T14:15:07.309-0400] {processor.py:208} INFO - Processing /home/huynguyen2741/airflow_venv/lib/python3.12/site-packages/airflow/example_dags/example_python_decorator.py took 0.116 seconds
[2025-08-06T14:16:03.915-0400] {processor.py:186} INFO - Started process (PID=23037) to work on /home/huynguyen2741/airflow_venv/lib/python3.12/site-packages/airflow/example_dags/example_python_decorator.py
[2025-08-06T14:16:03.925-0400] {processor.py:914} INFO - Processing file /home/huynguyen2741/airflow_venv/lib/python3.12/site-packages/airflow/example_dags/example_python_decorator.py for tasks to queue
[2025-08-06T14:16:03.926-0400] {logging_mixin.py:190} INFO - [2025-08-06T14:16:03.926-0400] {dagbag.py:588} INFO - Filling up the DagBag from /home/huynguyen2741/airflow_venv/lib/python3.12/site-packages/airflow/example_dags/example_python_decorator.py
[2025-08-06T14:16:03.978-0400] {logging_mixin.py:190} INFO - [2025-08-06T14:16:03.978-0400] {example_python_decorator.py:80} WARNING - The virtalenv_python example task requires virtualenv, please install it.
[2025-08-06T14:16:03.980-0400] {processor.py:925} INFO - DAG(s) 'example_python_decorator' retrieved from /home/huynguyen2741/airflow_venv/lib/python3.12/site-packages/airflow/example_dags/example_python_decorator.py
[2025-08-06T14:16:03.995-0400] {logging_mixin.py:190} INFO - [2025-08-06T14:16:03.995-0400] {dag.py:3239} INFO - Sync 1 DAGs
[2025-08-06T14:16:04.005-0400] {logging_mixin.py:190} INFO - [2025-08-06T14:16:04.004-0400] {dag.py:4180} INFO - Setting next_dagrun for example_python_decorator to None, run_after=None
[2025-08-06T14:16:04.021-0400] {processor.py:208} INFO - Processing /home/huynguyen2741/airflow_venv/lib/python3.12/site-packages/airflow/example_dags/example_python_decorator.py took 0.110 seconds
[2025-08-06T14:17:11.459-0400] {processor.py:186} INFO - Started process (PID=23291) to work on /home/huynguyen2741/airflow_venv/lib/python3.12/site-packages/airflow/example_dags/example_python_decorator.py
[2025-08-06T14:17:11.463-0400] {processor.py:914} INFO - Processing file /home/huynguyen2741/airflow_venv/lib/python3.12/site-packages/airflow/example_dags/example_python_decorator.py for tasks to queue
[2025-08-06T14:17:11.464-0400] {logging_mixin.py:190} INFO - [2025-08-06T14:17:11.464-0400] {dagbag.py:588} INFO - Filling up the DagBag from /home/huynguyen2741/airflow_venv/lib/python3.12/site-packages/airflow/example_dags/example_python_decorator.py
[2025-08-06T14:17:11.515-0400] {logging_mixin.py:190} INFO - [2025-08-06T14:17:11.515-0400] {example_python_decorator.py:80} WARNING - The virtalenv_python example task requires virtualenv, please install it.
[2025-08-06T14:17:11.517-0400] {processor.py:925} INFO - DAG(s) 'example_python_decorator' retrieved from /home/huynguyen2741/airflow_venv/lib/python3.12/site-packages/airflow/example_dags/example_python_decorator.py
[2025-08-06T14:17:11.533-0400] {logging_mixin.py:190} INFO - [2025-08-06T14:17:11.532-0400] {dag.py:3239} INFO - Sync 1 DAGs
[2025-08-06T14:17:11.544-0400] {logging_mixin.py:190} INFO - [2025-08-06T14:17:11.544-0400] {dag.py:4180} INFO - Setting next_dagrun for example_python_decorator to None, run_after=None
[2025-08-06T14:17:11.562-0400] {processor.py:208} INFO - Processing /home/huynguyen2741/airflow_venv/lib/python3.12/site-packages/airflow/example_dags/example_python_decorator.py took 0.107 seconds
[2025-08-06T14:18:17.357-0400] {processor.py:186} INFO - Started process (PID=23524) to work on /home/huynguyen2741/airflow_venv/lib/python3.12/site-packages/airflow/example_dags/example_python_decorator.py
[2025-08-06T14:18:17.358-0400] {processor.py:914} INFO - Processing file /home/huynguyen2741/airflow_venv/lib/python3.12/site-packages/airflow/example_dags/example_python_decorator.py for tasks to queue
[2025-08-06T14:18:17.359-0400] {logging_mixin.py:190} INFO - [2025-08-06T14:18:17.359-0400] {dagbag.py:588} INFO - Filling up the DagBag from /home/huynguyen2741/airflow_venv/lib/python3.12/site-packages/airflow/example_dags/example_python_decorator.py
[2025-08-06T14:18:17.411-0400] {logging_mixin.py:190} INFO - [2025-08-06T14:18:17.411-0400] {example_python_decorator.py:80} WARNING - The virtalenv_python example task requires virtualenv, please install it.
[2025-08-06T14:18:17.413-0400] {processor.py:925} INFO - DAG(s) 'example_python_decorator' retrieved from /home/huynguyen2741/airflow_venv/lib/python3.12/site-packages/airflow/example_dags/example_python_decorator.py
[2025-08-06T14:18:17.426-0400] {logging_mixin.py:190} INFO - [2025-08-06T14:18:17.426-0400] {dag.py:3239} INFO - Sync 1 DAGs
[2025-08-06T14:18:17.435-0400] {logging_mixin.py:190} INFO - [2025-08-06T14:18:17.435-0400] {dag.py:4180} INFO - Setting next_dagrun for example_python_decorator to None, run_after=None
[2025-08-06T14:18:17.452-0400] {processor.py:208} INFO - Processing /home/huynguyen2741/airflow_venv/lib/python3.12/site-packages/airflow/example_dags/example_python_decorator.py took 0.099 seconds
[2025-08-06T14:19:25.019-0400] {processor.py:186} INFO - Started process (PID=23801) to work on /home/huynguyen2741/airflow_venv/lib/python3.12/site-packages/airflow/example_dags/example_python_decorator.py
[2025-08-06T14:19:25.020-0400] {processor.py:914} INFO - Processing file /home/huynguyen2741/airflow_venv/lib/python3.12/site-packages/airflow/example_dags/example_python_decorator.py for tasks to queue
[2025-08-06T14:19:25.021-0400] {logging_mixin.py:190} INFO - [2025-08-06T14:19:25.021-0400] {dagbag.py:588} INFO - Filling up the DagBag from /home/huynguyen2741/airflow_venv/lib/python3.12/site-packages/airflow/example_dags/example_python_decorator.py
[2025-08-06T14:19:25.073-0400] {logging_mixin.py:190} INFO - [2025-08-06T14:19:25.072-0400] {example_python_decorator.py:80} WARNING - The virtalenv_python example task requires virtualenv, please install it.
[2025-08-06T14:19:25.074-0400] {processor.py:925} INFO - DAG(s) 'example_python_decorator' retrieved from /home/huynguyen2741/airflow_venv/lib/python3.12/site-packages/airflow/example_dags/example_python_decorator.py
[2025-08-06T14:19:25.089-0400] {logging_mixin.py:190} INFO - [2025-08-06T14:19:25.089-0400] {dag.py:3239} INFO - Sync 1 DAGs
[2025-08-06T14:19:25.100-0400] {logging_mixin.py:190} INFO - [2025-08-06T14:19:25.100-0400] {dag.py:4180} INFO - Setting next_dagrun for example_python_decorator to None, run_after=None
[2025-08-06T14:19:25.117-0400] {processor.py:208} INFO - Processing /home/huynguyen2741/airflow_venv/lib/python3.12/site-packages/airflow/example_dags/example_python_decorator.py took 0.103 seconds
[2025-08-06T14:20:28.944-0400] {processor.py:186} INFO - Started process (PID=24022) to work on /home/huynguyen2741/airflow_venv/lib/python3.12/site-packages/airflow/example_dags/example_python_decorator.py
[2025-08-06T14:20:28.945-0400] {processor.py:914} INFO - Processing file /home/huynguyen2741/airflow_venv/lib/python3.12/site-packages/airflow/example_dags/example_python_decorator.py for tasks to queue
[2025-08-06T14:20:28.946-0400] {logging_mixin.py:190} INFO - [2025-08-06T14:20:28.946-0400] {dagbag.py:588} INFO - Filling up the DagBag from /home/huynguyen2741/airflow_venv/lib/python3.12/site-packages/airflow/example_dags/example_python_decorator.py
[2025-08-06T14:20:28.997-0400] {logging_mixin.py:190} INFO - [2025-08-06T14:20:28.997-0400] {example_python_decorator.py:80} WARNING - The virtalenv_python example task requires virtualenv, please install it.
[2025-08-06T14:20:28.999-0400] {processor.py:925} INFO - DAG(s) 'example_python_decorator' retrieved from /home/huynguyen2741/airflow_venv/lib/python3.12/site-packages/airflow/example_dags/example_python_decorator.py
[2025-08-06T14:20:29.015-0400] {logging_mixin.py:190} INFO - [2025-08-06T14:20:29.015-0400] {dag.py:3239} INFO - Sync 1 DAGs
[2025-08-06T14:20:29.027-0400] {logging_mixin.py:190} INFO - [2025-08-06T14:20:29.027-0400] {dag.py:4180} INFO - Setting next_dagrun for example_python_decorator to None, run_after=None
[2025-08-06T14:20:29.046-0400] {processor.py:208} INFO - Processing /home/huynguyen2741/airflow_venv/lib/python3.12/site-packages/airflow/example_dags/example_python_decorator.py took 0.106 seconds
[2025-08-06T14:21:37.695-0400] {processor.py:186} INFO - Started process (PID=24267) to work on /home/huynguyen2741/airflow_venv/lib/python3.12/site-packages/airflow/example_dags/example_python_decorator.py
[2025-08-06T14:21:37.705-0400] {processor.py:914} INFO - Processing file /home/huynguyen2741/airflow_venv/lib/python3.12/site-packages/airflow/example_dags/example_python_decorator.py for tasks to queue
[2025-08-06T14:21:37.707-0400] {logging_mixin.py:190} INFO - [2025-08-06T14:21:37.706-0400] {dagbag.py:588} INFO - Filling up the DagBag from /home/huynguyen2741/airflow_venv/lib/python3.12/site-packages/airflow/example_dags/example_python_decorator.py
[2025-08-06T14:21:37.759-0400] {logging_mixin.py:190} INFO - [2025-08-06T14:21:37.759-0400] {example_python_decorator.py:80} WARNING - The virtalenv_python example task requires virtualenv, please install it.
[2025-08-06T14:21:37.761-0400] {processor.py:925} INFO - DAG(s) 'example_python_decorator' retrieved from /home/huynguyen2741/airflow_venv/lib/python3.12/site-packages/airflow/example_dags/example_python_decorator.py
[2025-08-06T14:21:37.772-0400] {logging_mixin.py:190} INFO - [2025-08-06T14:21:37.772-0400] {dag.py:3239} INFO - Sync 1 DAGs
[2025-08-06T14:21:37.781-0400] {logging_mixin.py:190} INFO - [2025-08-06T14:21:37.780-0400] {dag.py:4180} INFO - Setting next_dagrun for example_python_decorator to None, run_after=None
[2025-08-06T14:21:37.797-0400] {processor.py:208} INFO - Processing /home/huynguyen2741/airflow_venv/lib/python3.12/site-packages/airflow/example_dags/example_python_decorator.py took 0.106 seconds
[2025-08-06T14:22:38.866-0400] {processor.py:186} INFO - Started process (PID=24626) to work on /home/huynguyen2741/airflow_venv/lib/python3.12/site-packages/airflow/example_dags/example_python_decorator.py
[2025-08-06T14:22:38.876-0400] {processor.py:914} INFO - Processing file /home/huynguyen2741/airflow_venv/lib/python3.12/site-packages/airflow/example_dags/example_python_decorator.py for tasks to queue
[2025-08-06T14:22:38.877-0400] {logging_mixin.py:190} INFO - [2025-08-06T14:22:38.877-0400] {dagbag.py:588} INFO - Filling up the DagBag from /home/huynguyen2741/airflow_venv/lib/python3.12/site-packages/airflow/example_dags/example_python_decorator.py
[2025-08-06T14:22:38.928-0400] {logging_mixin.py:190} INFO - [2025-08-06T14:22:38.928-0400] {example_python_decorator.py:80} WARNING - The virtalenv_python example task requires virtualenv, please install it.
[2025-08-06T14:22:38.930-0400] {processor.py:925} INFO - DAG(s) 'example_python_decorator' retrieved from /home/huynguyen2741/airflow_venv/lib/python3.12/site-packages/airflow/example_dags/example_python_decorator.py
[2025-08-06T14:22:38.941-0400] {logging_mixin.py:190} INFO - [2025-08-06T14:22:38.941-0400] {dag.py:3239} INFO - Sync 1 DAGs
[2025-08-06T14:22:38.950-0400] {logging_mixin.py:190} INFO - [2025-08-06T14:22:38.949-0400] {dag.py:4180} INFO - Setting next_dagrun for example_python_decorator to None, run_after=None
[2025-08-06T14:22:38.966-0400] {processor.py:208} INFO - Processing /home/huynguyen2741/airflow_venv/lib/python3.12/site-packages/airflow/example_dags/example_python_decorator.py took 0.104 seconds
[2025-08-06T14:23:40.044-0400] {processor.py:186} INFO - Started process (PID=25085) to work on /home/huynguyen2741/airflow_venv/lib/python3.12/site-packages/airflow/example_dags/example_python_decorator.py
[2025-08-06T14:23:40.054-0400] {processor.py:914} INFO - Processing file /home/huynguyen2741/airflow_venv/lib/python3.12/site-packages/airflow/example_dags/example_python_decorator.py for tasks to queue
[2025-08-06T14:23:40.055-0400] {logging_mixin.py:190} INFO - [2025-08-06T14:23:40.054-0400] {dagbag.py:588} INFO - Filling up the DagBag from /home/huynguyen2741/airflow_venv/lib/python3.12/site-packages/airflow/example_dags/example_python_decorator.py
[2025-08-06T14:23:40.106-0400] {logging_mixin.py:190} INFO - [2025-08-06T14:23:40.105-0400] {example_python_decorator.py:80} WARNING - The virtalenv_python example task requires virtualenv, please install it.
[2025-08-06T14:23:40.108-0400] {processor.py:925} INFO - DAG(s) 'example_python_decorator' retrieved from /home/huynguyen2741/airflow_venv/lib/python3.12/site-packages/airflow/example_dags/example_python_decorator.py
[2025-08-06T14:23:40.120-0400] {logging_mixin.py:190} INFO - [2025-08-06T14:23:40.120-0400] {dag.py:3239} INFO - Sync 1 DAGs
[2025-08-06T14:23:40.128-0400] {logging_mixin.py:190} INFO - [2025-08-06T14:23:40.128-0400] {dag.py:4180} INFO - Setting next_dagrun for example_python_decorator to None, run_after=None
[2025-08-06T14:23:40.143-0400] {processor.py:208} INFO - Processing /home/huynguyen2741/airflow_venv/lib/python3.12/site-packages/airflow/example_dags/example_python_decorator.py took 0.105 seconds
[2025-08-06T14:24:51.042-0400] {processor.py:186} INFO - Started process (PID=25362) to work on /home/huynguyen2741/airflow_venv/lib/python3.12/site-packages/airflow/example_dags/example_python_decorator.py
[2025-08-06T14:24:51.051-0400] {processor.py:914} INFO - Processing file /home/huynguyen2741/airflow_venv/lib/python3.12/site-packages/airflow/example_dags/example_python_decorator.py for tasks to queue
[2025-08-06T14:24:51.053-0400] {logging_mixin.py:190} INFO - [2025-08-06T14:24:51.052-0400] {dagbag.py:588} INFO - Filling up the DagBag from /home/huynguyen2741/airflow_venv/lib/python3.12/site-packages/airflow/example_dags/example_python_decorator.py
[2025-08-06T14:24:51.104-0400] {logging_mixin.py:190} INFO - [2025-08-06T14:24:51.104-0400] {example_python_decorator.py:80} WARNING - The virtalenv_python example task requires virtualenv, please install it.
[2025-08-06T14:24:51.106-0400] {processor.py:925} INFO - DAG(s) 'example_python_decorator' retrieved from /home/huynguyen2741/airflow_venv/lib/python3.12/site-packages/airflow/example_dags/example_python_decorator.py
[2025-08-06T14:24:51.118-0400] {logging_mixin.py:190} INFO - [2025-08-06T14:24:51.118-0400] {dag.py:3239} INFO - Sync 1 DAGs
[2025-08-06T14:24:51.126-0400] {logging_mixin.py:190} INFO - [2025-08-06T14:24:51.126-0400] {dag.py:4180} INFO - Setting next_dagrun for example_python_decorator to None, run_after=None
[2025-08-06T14:24:51.145-0400] {processor.py:208} INFO - Processing /home/huynguyen2741/airflow_venv/lib/python3.12/site-packages/airflow/example_dags/example_python_decorator.py took 0.108 seconds
[2025-08-06T14:25:51.534-0400] {processor.py:186} INFO - Started process (PID=25684) to work on /home/huynguyen2741/airflow_venv/lib/python3.12/site-packages/airflow/example_dags/example_python_decorator.py
[2025-08-06T14:25:51.535-0400] {processor.py:914} INFO - Processing file /home/huynguyen2741/airflow_venv/lib/python3.12/site-packages/airflow/example_dags/example_python_decorator.py for tasks to queue
[2025-08-06T14:25:51.536-0400] {logging_mixin.py:190} INFO - [2025-08-06T14:25:51.536-0400] {dagbag.py:588} INFO - Filling up the DagBag from /home/huynguyen2741/airflow_venv/lib/python3.12/site-packages/airflow/example_dags/example_python_decorator.py
[2025-08-06T14:25:51.586-0400] {logging_mixin.py:190} INFO - [2025-08-06T14:25:51.585-0400] {example_python_decorator.py:80} WARNING - The virtalenv_python example task requires virtualenv, please install it.
[2025-08-06T14:25:51.588-0400] {processor.py:925} INFO - DAG(s) 'example_python_decorator' retrieved from /home/huynguyen2741/airflow_venv/lib/python3.12/site-packages/airflow/example_dags/example_python_decorator.py
[2025-08-06T14:25:51.599-0400] {logging_mixin.py:190} INFO - [2025-08-06T14:25:51.599-0400] {dag.py:3239} INFO - Sync 1 DAGs
[2025-08-06T14:25:51.607-0400] {logging_mixin.py:190} INFO - [2025-08-06T14:25:51.607-0400] {dag.py:4180} INFO - Setting next_dagrun for example_python_decorator to None, run_after=None
[2025-08-06T14:25:51.625-0400] {processor.py:208} INFO - Processing /home/huynguyen2741/airflow_venv/lib/python3.12/site-packages/airflow/example_dags/example_python_decorator.py took 0.096 seconds
[2025-08-06T14:26:59.273-0400] {processor.py:186} INFO - Started process (PID=25955) to work on /home/huynguyen2741/airflow_venv/lib/python3.12/site-packages/airflow/example_dags/example_python_decorator.py
[2025-08-06T14:26:59.277-0400] {processor.py:914} INFO - Processing file /home/huynguyen2741/airflow_venv/lib/python3.12/site-packages/airflow/example_dags/example_python_decorator.py for tasks to queue
[2025-08-06T14:26:59.278-0400] {logging_mixin.py:190} INFO - [2025-08-06T14:26:59.278-0400] {dagbag.py:588} INFO - Filling up the DagBag from /home/huynguyen2741/airflow_venv/lib/python3.12/site-packages/airflow/example_dags/example_python_decorator.py
[2025-08-06T14:26:59.330-0400] {logging_mixin.py:190} INFO - [2025-08-06T14:26:59.330-0400] {example_python_decorator.py:80} WARNING - The virtalenv_python example task requires virtualenv, please install it.
[2025-08-06T14:26:59.332-0400] {processor.py:925} INFO - DAG(s) 'example_python_decorator' retrieved from /home/huynguyen2741/airflow_venv/lib/python3.12/site-packages/airflow/example_dags/example_python_decorator.py
[2025-08-06T14:26:59.344-0400] {logging_mixin.py:190} INFO - [2025-08-06T14:26:59.344-0400] {dag.py:3239} INFO - Sync 1 DAGs
[2025-08-06T14:26:59.352-0400] {logging_mixin.py:190} INFO - [2025-08-06T14:26:59.352-0400] {dag.py:4180} INFO - Setting next_dagrun for example_python_decorator to None, run_after=None
[2025-08-06T14:26:59.369-0400] {processor.py:208} INFO - Processing /home/huynguyen2741/airflow_venv/lib/python3.12/site-packages/airflow/example_dags/example_python_decorator.py took 0.101 seconds
[2025-08-06T14:28:04.780-0400] {processor.py:186} INFO - Started process (PID=26254) to work on /home/huynguyen2741/airflow_venv/lib/python3.12/site-packages/airflow/example_dags/example_python_decorator.py
[2025-08-06T14:28:04.790-0400] {processor.py:914} INFO - Processing file /home/huynguyen2741/airflow_venv/lib/python3.12/site-packages/airflow/example_dags/example_python_decorator.py for tasks to queue
[2025-08-06T14:28:04.791-0400] {logging_mixin.py:190} INFO - [2025-08-06T14:28:04.791-0400] {dagbag.py:588} INFO - Filling up the DagBag from /home/huynguyen2741/airflow_venv/lib/python3.12/site-packages/airflow/example_dags/example_python_decorator.py
[2025-08-06T14:28:04.842-0400] {logging_mixin.py:190} INFO - [2025-08-06T14:28:04.842-0400] {example_python_decorator.py:80} WARNING - The virtalenv_python example task requires virtualenv, please install it.
[2025-08-06T14:28:04.844-0400] {processor.py:925} INFO - DAG(s) 'example_python_decorator' retrieved from /home/huynguyen2741/airflow_venv/lib/python3.12/site-packages/airflow/example_dags/example_python_decorator.py
[2025-08-06T14:28:04.859-0400] {logging_mixin.py:190} INFO - [2025-08-06T14:28:04.859-0400] {dag.py:3239} INFO - Sync 1 DAGs
[2025-08-06T14:28:04.869-0400] {logging_mixin.py:190} INFO - [2025-08-06T14:28:04.869-0400] {dag.py:4180} INFO - Setting next_dagrun for example_python_decorator to None, run_after=None
[2025-08-06T14:28:04.893-0400] {processor.py:208} INFO - Processing /home/huynguyen2741/airflow_venv/lib/python3.12/site-packages/airflow/example_dags/example_python_decorator.py took 0.118 seconds
[2025-08-06T14:29:11.541-0400] {processor.py:186} INFO - Started process (PID=26530) to work on /home/huynguyen2741/airflow_venv/lib/python3.12/site-packages/airflow/example_dags/example_python_decorator.py
[2025-08-06T14:29:11.551-0400] {processor.py:914} INFO - Processing file /home/huynguyen2741/airflow_venv/lib/python3.12/site-packages/airflow/example_dags/example_python_decorator.py for tasks to queue
[2025-08-06T14:29:11.552-0400] {logging_mixin.py:190} INFO - [2025-08-06T14:29:11.552-0400] {dagbag.py:588} INFO - Filling up the DagBag from /home/huynguyen2741/airflow_venv/lib/python3.12/site-packages/airflow/example_dags/example_python_decorator.py
[2025-08-06T14:29:11.604-0400] {logging_mixin.py:190} INFO - [2025-08-06T14:29:11.604-0400] {example_python_decorator.py:80} WARNING - The virtalenv_python example task requires virtualenv, please install it.
[2025-08-06T14:29:11.606-0400] {processor.py:925} INFO - DAG(s) 'example_python_decorator' retrieved from /home/huynguyen2741/airflow_venv/lib/python3.12/site-packages/airflow/example_dags/example_python_decorator.py
[2025-08-06T14:29:11.618-0400] {logging_mixin.py:190} INFO - [2025-08-06T14:29:11.618-0400] {dag.py:3239} INFO - Sync 1 DAGs
[2025-08-06T14:29:11.627-0400] {logging_mixin.py:190} INFO - [2025-08-06T14:29:11.627-0400] {dag.py:4180} INFO - Setting next_dagrun for example_python_decorator to None, run_after=None
[2025-08-06T14:29:11.648-0400] {processor.py:208} INFO - Processing /home/huynguyen2741/airflow_venv/lib/python3.12/site-packages/airflow/example_dags/example_python_decorator.py took 0.112 seconds
[2025-08-06T14:30:22.621-0400] {processor.py:186} INFO - Started process (PID=26942) to work on /home/huynguyen2741/airflow_venv/lib/python3.12/site-packages/airflow/example_dags/example_python_decorator.py
[2025-08-06T14:30:22.625-0400] {processor.py:914} INFO - Processing file /home/huynguyen2741/airflow_venv/lib/python3.12/site-packages/airflow/example_dags/example_python_decorator.py for tasks to queue
[2025-08-06T14:30:22.626-0400] {logging_mixin.py:190} INFO - [2025-08-06T14:30:22.626-0400] {dagbag.py:588} INFO - Filling up the DagBag from /home/huynguyen2741/airflow_venv/lib/python3.12/site-packages/airflow/example_dags/example_python_decorator.py
[2025-08-06T14:30:22.680-0400] {logging_mixin.py:190} INFO - [2025-08-06T14:30:22.680-0400] {example_python_decorator.py:80} WARNING - The virtalenv_python example task requires virtualenv, please install it.
[2025-08-06T14:30:22.683-0400] {processor.py:925} INFO - DAG(s) 'example_python_decorator' retrieved from /home/huynguyen2741/airflow_venv/lib/python3.12/site-packages/airflow/example_dags/example_python_decorator.py
[2025-08-06T14:30:22.698-0400] {logging_mixin.py:190} INFO - [2025-08-06T14:30:22.697-0400] {dag.py:3239} INFO - Sync 1 DAGs
[2025-08-06T14:30:22.708-0400] {logging_mixin.py:190} INFO - [2025-08-06T14:30:22.708-0400] {dag.py:4180} INFO - Setting next_dagrun for example_python_decorator to None, run_after=None
[2025-08-06T14:30:22.725-0400] {processor.py:208} INFO - Processing /home/huynguyen2741/airflow_venv/lib/python3.12/site-packages/airflow/example_dags/example_python_decorator.py took 0.110 seconds
[2025-08-06T14:31:37.880-0400] {processor.py:186} INFO - Started process (PID=27241) to work on /home/huynguyen2741/airflow_venv/lib/python3.12/site-packages/airflow/example_dags/example_python_decorator.py
[2025-08-06T14:31:37.881-0400] {processor.py:914} INFO - Processing file /home/huynguyen2741/airflow_venv/lib/python3.12/site-packages/airflow/example_dags/example_python_decorator.py for tasks to queue
[2025-08-06T14:31:37.882-0400] {logging_mixin.py:190} INFO - [2025-08-06T14:31:37.882-0400] {dagbag.py:588} INFO - Filling up the DagBag from /home/huynguyen2741/airflow_venv/lib/python3.12/site-packages/airflow/example_dags/example_python_decorator.py
[2025-08-06T14:31:37.938-0400] {logging_mixin.py:190} INFO - [2025-08-06T14:31:37.937-0400] {example_python_decorator.py:80} WARNING - The virtalenv_python example task requires virtualenv, please install it.
[2025-08-06T14:31:37.939-0400] {processor.py:925} INFO - DAG(s) 'example_python_decorator' retrieved from /home/huynguyen2741/airflow_venv/lib/python3.12/site-packages/airflow/example_dags/example_python_decorator.py
[2025-08-06T14:31:37.953-0400] {logging_mixin.py:190} INFO - [2025-08-06T14:31:37.953-0400] {dag.py:3239} INFO - Sync 1 DAGs
[2025-08-06T14:31:37.966-0400] {logging_mixin.py:190} INFO - [2025-08-06T14:31:37.965-0400] {dag.py:4180} INFO - Setting next_dagrun for example_python_decorator to None, run_after=None
[2025-08-06T14:31:37.987-0400] {processor.py:208} INFO - Processing /home/huynguyen2741/airflow_venv/lib/python3.12/site-packages/airflow/example_dags/example_python_decorator.py took 0.113 seconds
[2025-08-06T14:32:47.177-0400] {processor.py:186} INFO - Started process (PID=27492) to work on /home/huynguyen2741/airflow_venv/lib/python3.12/site-packages/airflow/example_dags/example_python_decorator.py
[2025-08-06T14:32:47.186-0400] {processor.py:914} INFO - Processing file /home/huynguyen2741/airflow_venv/lib/python3.12/site-packages/airflow/example_dags/example_python_decorator.py for tasks to queue
[2025-08-06T14:32:47.187-0400] {logging_mixin.py:190} INFO - [2025-08-06T14:32:47.187-0400] {dagbag.py:588} INFO - Filling up the DagBag from /home/huynguyen2741/airflow_venv/lib/python3.12/site-packages/airflow/example_dags/example_python_decorator.py
[2025-08-06T14:32:47.243-0400] {logging_mixin.py:190} INFO - [2025-08-06T14:32:47.243-0400] {example_python_decorator.py:80} WARNING - The virtalenv_python example task requires virtualenv, please install it.
[2025-08-06T14:32:47.245-0400] {processor.py:925} INFO - DAG(s) 'example_python_decorator' retrieved from /home/huynguyen2741/airflow_venv/lib/python3.12/site-packages/airflow/example_dags/example_python_decorator.py
[2025-08-06T14:32:47.257-0400] {logging_mixin.py:190} INFO - [2025-08-06T14:32:47.257-0400] {dag.py:3239} INFO - Sync 1 DAGs
[2025-08-06T14:32:47.265-0400] {logging_mixin.py:190} INFO - [2025-08-06T14:32:47.265-0400] {dag.py:4180} INFO - Setting next_dagrun for example_python_decorator to None, run_after=None
[2025-08-06T14:32:47.280-0400] {processor.py:208} INFO - Processing /home/huynguyen2741/airflow_venv/lib/python3.12/site-packages/airflow/example_dags/example_python_decorator.py took 0.109 seconds
[2025-08-06T14:33:57.367-0400] {processor.py:186} INFO - Started process (PID=27825) to work on /home/huynguyen2741/airflow_venv/lib/python3.12/site-packages/airflow/example_dags/example_python_decorator.py
[2025-08-06T14:33:57.371-0400] {processor.py:914} INFO - Processing file /home/huynguyen2741/airflow_venv/lib/python3.12/site-packages/airflow/example_dags/example_python_decorator.py for tasks to queue
[2025-08-06T14:33:57.372-0400] {logging_mixin.py:190} INFO - [2025-08-06T14:33:57.372-0400] {dagbag.py:588} INFO - Filling up the DagBag from /home/huynguyen2741/airflow_venv/lib/python3.12/site-packages/airflow/example_dags/example_python_decorator.py
[2025-08-06T14:33:57.423-0400] {logging_mixin.py:190} INFO - [2025-08-06T14:33:57.423-0400] {example_python_decorator.py:80} WARNING - The virtalenv_python example task requires virtualenv, please install it.
[2025-08-06T14:33:57.425-0400] {processor.py:925} INFO - DAG(s) 'example_python_decorator' retrieved from /home/huynguyen2741/airflow_venv/lib/python3.12/site-packages/airflow/example_dags/example_python_decorator.py
[2025-08-06T14:33:57.436-0400] {logging_mixin.py:190} INFO - [2025-08-06T14:33:57.436-0400] {dag.py:3239} INFO - Sync 1 DAGs
[2025-08-06T14:33:57.446-0400] {logging_mixin.py:190} INFO - [2025-08-06T14:33:57.446-0400] {dag.py:4180} INFO - Setting next_dagrun for example_python_decorator to None, run_after=None
[2025-08-06T14:33:57.462-0400] {processor.py:208} INFO - Processing /home/huynguyen2741/airflow_venv/lib/python3.12/site-packages/airflow/example_dags/example_python_decorator.py took 0.100 seconds
[2025-08-06T14:34:55.740-0400] {processor.py:186} INFO - Started process (PID=28230) to work on /home/huynguyen2741/airflow_venv/lib/python3.12/site-packages/airflow/example_dags/example_python_decorator.py
[2025-08-06T14:34:55.741-0400] {processor.py:914} INFO - Processing file /home/huynguyen2741/airflow_venv/lib/python3.12/site-packages/airflow/example_dags/example_python_decorator.py for tasks to queue
[2025-08-06T14:34:55.742-0400] {logging_mixin.py:190} INFO - [2025-08-06T14:34:55.742-0400] {dagbag.py:588} INFO - Filling up the DagBag from /home/huynguyen2741/airflow_venv/lib/python3.12/site-packages/airflow/example_dags/example_python_decorator.py
[2025-08-06T14:34:55.796-0400] {logging_mixin.py:190} INFO - [2025-08-06T14:34:55.796-0400] {example_python_decorator.py:80} WARNING - The virtalenv_python example task requires virtualenv, please install it.
[2025-08-06T14:34:55.799-0400] {processor.py:925} INFO - DAG(s) 'example_python_decorator' retrieved from /home/huynguyen2741/airflow_venv/lib/python3.12/site-packages/airflow/example_dags/example_python_decorator.py
[2025-08-06T14:34:55.816-0400] {logging_mixin.py:190} INFO - [2025-08-06T14:34:55.816-0400] {dag.py:3239} INFO - Sync 1 DAGs
[2025-08-06T14:34:55.826-0400] {logging_mixin.py:190} INFO - [2025-08-06T14:34:55.826-0400] {dag.py:4180} INFO - Setting next_dagrun for example_python_decorator to None, run_after=None
[2025-08-06T14:34:55.842-0400] {processor.py:208} INFO - Processing /home/huynguyen2741/airflow_venv/lib/python3.12/site-packages/airflow/example_dags/example_python_decorator.py took 0.108 seconds
[2025-08-06T14:35:50.192-0400] {processor.py:186} INFO - Started process (PID=28466) to work on /home/huynguyen2741/airflow_venv/lib/python3.12/site-packages/airflow/example_dags/example_python_decorator.py
[2025-08-06T14:35:50.195-0400] {processor.py:914} INFO - Processing file /home/huynguyen2741/airflow_venv/lib/python3.12/site-packages/airflow/example_dags/example_python_decorator.py for tasks to queue
[2025-08-06T14:35:50.197-0400] {logging_mixin.py:190} INFO - [2025-08-06T14:35:50.196-0400] {dagbag.py:588} INFO - Filling up the DagBag from /home/huynguyen2741/airflow_venv/lib/python3.12/site-packages/airflow/example_dags/example_python_decorator.py
[2025-08-06T14:35:50.247-0400] {logging_mixin.py:190} INFO - [2025-08-06T14:35:50.247-0400] {example_python_decorator.py:80} WARNING - The virtalenv_python example task requires virtualenv, please install it.
[2025-08-06T14:35:50.249-0400] {processor.py:925} INFO - DAG(s) 'example_python_decorator' retrieved from /home/huynguyen2741/airflow_venv/lib/python3.12/site-packages/airflow/example_dags/example_python_decorator.py
[2025-08-06T14:35:50.260-0400] {logging_mixin.py:190} INFO - [2025-08-06T14:35:50.260-0400] {dag.py:3239} INFO - Sync 1 DAGs
[2025-08-06T14:35:50.268-0400] {logging_mixin.py:190} INFO - [2025-08-06T14:35:50.268-0400] {dag.py:4180} INFO - Setting next_dagrun for example_python_decorator to None, run_after=None
[2025-08-06T14:35:50.286-0400] {processor.py:208} INFO - Processing /home/huynguyen2741/airflow_venv/lib/python3.12/site-packages/airflow/example_dags/example_python_decorator.py took 0.099 seconds
[2025-08-06T14:36:54.455-0400] {processor.py:186} INFO - Started process (PID=28702) to work on /home/huynguyen2741/airflow_venv/lib/python3.12/site-packages/airflow/example_dags/example_python_decorator.py
[2025-08-06T14:36:54.459-0400] {processor.py:914} INFO - Processing file /home/huynguyen2741/airflow_venv/lib/python3.12/site-packages/airflow/example_dags/example_python_decorator.py for tasks to queue
[2025-08-06T14:36:54.460-0400] {logging_mixin.py:190} INFO - [2025-08-06T14:36:54.460-0400] {dagbag.py:588} INFO - Filling up the DagBag from /home/huynguyen2741/airflow_venv/lib/python3.12/site-packages/airflow/example_dags/example_python_decorator.py
[2025-08-06T14:36:54.511-0400] {logging_mixin.py:190} INFO - [2025-08-06T14:36:54.511-0400] {example_python_decorator.py:80} WARNING - The virtalenv_python example task requires virtualenv, please install it.
[2025-08-06T14:36:54.513-0400] {processor.py:925} INFO - DAG(s) 'example_python_decorator' retrieved from /home/huynguyen2741/airflow_venv/lib/python3.12/site-packages/airflow/example_dags/example_python_decorator.py
[2025-08-06T14:36:54.530-0400] {logging_mixin.py:190} INFO - [2025-08-06T14:36:54.529-0400] {dag.py:3239} INFO - Sync 1 DAGs
[2025-08-06T14:36:54.540-0400] {logging_mixin.py:190} INFO - [2025-08-06T14:36:54.540-0400] {dag.py:4180} INFO - Setting next_dagrun for example_python_decorator to None, run_after=None
[2025-08-06T14:36:54.558-0400] {processor.py:208} INFO - Processing /home/huynguyen2741/airflow_venv/lib/python3.12/site-packages/airflow/example_dags/example_python_decorator.py took 0.108 seconds
[2025-08-06T14:38:01.911-0400] {processor.py:186} INFO - Started process (PID=28951) to work on /home/huynguyen2741/airflow_venv/lib/python3.12/site-packages/airflow/example_dags/example_python_decorator.py
[2025-08-06T14:38:01.921-0400] {processor.py:914} INFO - Processing file /home/huynguyen2741/airflow_venv/lib/python3.12/site-packages/airflow/example_dags/example_python_decorator.py for tasks to queue
[2025-08-06T14:38:01.923-0400] {logging_mixin.py:190} INFO - [2025-08-06T14:38:01.922-0400] {dagbag.py:588} INFO - Filling up the DagBag from /home/huynguyen2741/airflow_venv/lib/python3.12/site-packages/airflow/example_dags/example_python_decorator.py
[2025-08-06T14:38:01.982-0400] {logging_mixin.py:190} INFO - [2025-08-06T14:38:01.982-0400] {example_python_decorator.py:80} WARNING - The virtalenv_python example task requires virtualenv, please install it.
[2025-08-06T14:38:01.985-0400] {processor.py:925} INFO - DAG(s) 'example_python_decorator' retrieved from /home/huynguyen2741/airflow_venv/lib/python3.12/site-packages/airflow/example_dags/example_python_decorator.py
[2025-08-06T14:38:02.008-0400] {logging_mixin.py:190} INFO - [2025-08-06T14:38:02.008-0400] {dag.py:3239} INFO - Sync 1 DAGs
[2025-08-06T14:38:02.027-0400] {logging_mixin.py:190} INFO - [2025-08-06T14:38:02.027-0400] {dag.py:4180} INFO - Setting next_dagrun for example_python_decorator to None, run_after=None
[2025-08-06T14:38:02.053-0400] {processor.py:208} INFO - Processing /home/huynguyen2741/airflow_venv/lib/python3.12/site-packages/airflow/example_dags/example_python_decorator.py took 0.149 seconds
[2025-08-06T14:39:08.826-0400] {processor.py:186} INFO - Started process (PID=29244) to work on /home/huynguyen2741/airflow_venv/lib/python3.12/site-packages/airflow/example_dags/example_python_decorator.py
[2025-08-06T14:39:08.827-0400] {processor.py:914} INFO - Processing file /home/huynguyen2741/airflow_venv/lib/python3.12/site-packages/airflow/example_dags/example_python_decorator.py for tasks to queue
[2025-08-06T14:39:08.828-0400] {logging_mixin.py:190} INFO - [2025-08-06T14:39:08.828-0400] {dagbag.py:588} INFO - Filling up the DagBag from /home/huynguyen2741/airflow_venv/lib/python3.12/site-packages/airflow/example_dags/example_python_decorator.py
[2025-08-06T14:39:08.880-0400] {logging_mixin.py:190} INFO - [2025-08-06T14:39:08.880-0400] {example_python_decorator.py:80} WARNING - The virtalenv_python example task requires virtualenv, please install it.
[2025-08-06T14:39:08.883-0400] {processor.py:925} INFO - DAG(s) 'example_python_decorator' retrieved from /home/huynguyen2741/airflow_venv/lib/python3.12/site-packages/airflow/example_dags/example_python_decorator.py
[2025-08-06T14:39:08.904-0400] {logging_mixin.py:190} INFO - [2025-08-06T14:39:08.904-0400] {dag.py:3239} INFO - Sync 1 DAGs
[2025-08-06T14:39:08.916-0400] {logging_mixin.py:190} INFO - [2025-08-06T14:39:08.916-0400] {dag.py:4180} INFO - Setting next_dagrun for example_python_decorator to None, run_after=None
[2025-08-06T14:39:08.938-0400] {processor.py:208} INFO - Processing /home/huynguyen2741/airflow_venv/lib/python3.12/site-packages/airflow/example_dags/example_python_decorator.py took 0.117 seconds
[2025-08-06T14:40:12.912-0400] {processor.py:186} INFO - Started process (PID=29470) to work on /home/huynguyen2741/airflow_venv/lib/python3.12/site-packages/airflow/example_dags/example_python_decorator.py
[2025-08-06T14:40:12.916-0400] {processor.py:914} INFO - Processing file /home/huynguyen2741/airflow_venv/lib/python3.12/site-packages/airflow/example_dags/example_python_decorator.py for tasks to queue
[2025-08-06T14:40:12.918-0400] {logging_mixin.py:190} INFO - [2025-08-06T14:40:12.917-0400] {dagbag.py:588} INFO - Filling up the DagBag from /home/huynguyen2741/airflow_venv/lib/python3.12/site-packages/airflow/example_dags/example_python_decorator.py
[2025-08-06T14:40:12.970-0400] {logging_mixin.py:190} INFO - [2025-08-06T14:40:12.970-0400] {example_python_decorator.py:80} WARNING - The virtalenv_python example task requires virtualenv, please install it.
[2025-08-06T14:40:12.972-0400] {processor.py:925} INFO - DAG(s) 'example_python_decorator' retrieved from /home/huynguyen2741/airflow_venv/lib/python3.12/site-packages/airflow/example_dags/example_python_decorator.py
[2025-08-06T14:40:12.983-0400] {logging_mixin.py:190} INFO - [2025-08-06T14:40:12.983-0400] {dag.py:3239} INFO - Sync 1 DAGs
[2025-08-06T14:40:12.992-0400] {logging_mixin.py:190} INFO - [2025-08-06T14:40:12.992-0400] {dag.py:4180} INFO - Setting next_dagrun for example_python_decorator to None, run_after=None
[2025-08-06T14:40:13.007-0400] {processor.py:208} INFO - Processing /home/huynguyen2741/airflow_venv/lib/python3.12/site-packages/airflow/example_dags/example_python_decorator.py took 0.100 seconds
[2025-08-06T14:41:21.821-0400] {processor.py:186} INFO - Started process (PID=29769) to work on /home/huynguyen2741/airflow_venv/lib/python3.12/site-packages/airflow/example_dags/example_python_decorator.py
[2025-08-06T14:41:21.825-0400] {processor.py:914} INFO - Processing file /home/huynguyen2741/airflow_venv/lib/python3.12/site-packages/airflow/example_dags/example_python_decorator.py for tasks to queue
[2025-08-06T14:41:21.826-0400] {logging_mixin.py:190} INFO - [2025-08-06T14:41:21.826-0400] {dagbag.py:588} INFO - Filling up the DagBag from /home/huynguyen2741/airflow_venv/lib/python3.12/site-packages/airflow/example_dags/example_python_decorator.py
[2025-08-06T14:41:21.879-0400] {logging_mixin.py:190} INFO - [2025-08-06T14:41:21.878-0400] {example_python_decorator.py:80} WARNING - The virtalenv_python example task requires virtualenv, please install it.
[2025-08-06T14:41:21.880-0400] {processor.py:925} INFO - DAG(s) 'example_python_decorator' retrieved from /home/huynguyen2741/airflow_venv/lib/python3.12/site-packages/airflow/example_dags/example_python_decorator.py
[2025-08-06T14:41:21.893-0400] {logging_mixin.py:190} INFO - [2025-08-06T14:41:21.893-0400] {dag.py:3239} INFO - Sync 1 DAGs
[2025-08-06T14:41:21.905-0400] {logging_mixin.py:190} INFO - [2025-08-06T14:41:21.905-0400] {dag.py:4180} INFO - Setting next_dagrun for example_python_decorator to None, run_after=None
[2025-08-06T14:41:21.922-0400] {processor.py:208} INFO - Processing /home/huynguyen2741/airflow_venv/lib/python3.12/site-packages/airflow/example_dags/example_python_decorator.py took 0.106 seconds
[2025-08-06T14:42:20.648-0400] {processor.py:186} INFO - Started process (PID=29990) to work on /home/huynguyen2741/airflow_venv/lib/python3.12/site-packages/airflow/example_dags/example_python_decorator.py
[2025-08-06T14:42:20.658-0400] {processor.py:914} INFO - Processing file /home/huynguyen2741/airflow_venv/lib/python3.12/site-packages/airflow/example_dags/example_python_decorator.py for tasks to queue
[2025-08-06T14:42:20.659-0400] {logging_mixin.py:190} INFO - [2025-08-06T14:42:20.659-0400] {dagbag.py:588} INFO - Filling up the DagBag from /home/huynguyen2741/airflow_venv/lib/python3.12/site-packages/airflow/example_dags/example_python_decorator.py
[2025-08-06T14:42:20.709-0400] {logging_mixin.py:190} INFO - [2025-08-06T14:42:20.709-0400] {example_python_decorator.py:80} WARNING - The virtalenv_python example task requires virtualenv, please install it.
[2025-08-06T14:42:20.712-0400] {processor.py:925} INFO - DAG(s) 'example_python_decorator' retrieved from /home/huynguyen2741/airflow_venv/lib/python3.12/site-packages/airflow/example_dags/example_python_decorator.py
[2025-08-06T14:42:20.725-0400] {logging_mixin.py:190} INFO - [2025-08-06T14:42:20.725-0400] {dag.py:3239} INFO - Sync 1 DAGs
[2025-08-06T14:42:20.734-0400] {logging_mixin.py:190} INFO - [2025-08-06T14:42:20.734-0400] {dag.py:4180} INFO - Setting next_dagrun for example_python_decorator to None, run_after=None
[2025-08-06T14:42:20.751-0400] {processor.py:208} INFO - Processing /home/huynguyen2741/airflow_venv/lib/python3.12/site-packages/airflow/example_dags/example_python_decorator.py took 0.108 seconds
[2025-08-06T14:43:24.420-0400] {processor.py:186} INFO - Started process (PID=30225) to work on /home/huynguyen2741/airflow_venv/lib/python3.12/site-packages/airflow/example_dags/example_python_decorator.py
[2025-08-06T14:43:24.424-0400] {processor.py:914} INFO - Processing file /home/huynguyen2741/airflow_venv/lib/python3.12/site-packages/airflow/example_dags/example_python_decorator.py for tasks to queue
[2025-08-06T14:43:24.425-0400] {logging_mixin.py:190} INFO - [2025-08-06T14:43:24.425-0400] {dagbag.py:588} INFO - Filling up the DagBag from /home/huynguyen2741/airflow_venv/lib/python3.12/site-packages/airflow/example_dags/example_python_decorator.py
[2025-08-06T14:43:24.476-0400] {logging_mixin.py:190} INFO - [2025-08-06T14:43:24.476-0400] {example_python_decorator.py:80} WARNING - The virtalenv_python example task requires virtualenv, please install it.
[2025-08-06T14:43:24.478-0400] {processor.py:925} INFO - DAG(s) 'example_python_decorator' retrieved from /home/huynguyen2741/airflow_venv/lib/python3.12/site-packages/airflow/example_dags/example_python_decorator.py
[2025-08-06T14:43:24.492-0400] {logging_mixin.py:190} INFO - [2025-08-06T14:43:24.492-0400] {dag.py:3239} INFO - Sync 1 DAGs
[2025-08-06T14:43:24.501-0400] {logging_mixin.py:190} INFO - [2025-08-06T14:43:24.500-0400] {dag.py:4180} INFO - Setting next_dagrun for example_python_decorator to None, run_after=None
[2025-08-06T14:43:24.517-0400] {processor.py:208} INFO - Processing /home/huynguyen2741/airflow_venv/lib/python3.12/site-packages/airflow/example_dags/example_python_decorator.py took 0.103 seconds
[2025-08-06T14:44:29.889-0400] {processor.py:186} INFO - Started process (PID=30494) to work on /home/huynguyen2741/airflow_venv/lib/python3.12/site-packages/airflow/example_dags/example_python_decorator.py
[2025-08-06T14:44:29.891-0400] {processor.py:914} INFO - Processing file /home/huynguyen2741/airflow_venv/lib/python3.12/site-packages/airflow/example_dags/example_python_decorator.py for tasks to queue
[2025-08-06T14:44:29.892-0400] {logging_mixin.py:190} INFO - [2025-08-06T14:44:29.891-0400] {dagbag.py:588} INFO - Filling up the DagBag from /home/huynguyen2741/airflow_venv/lib/python3.12/site-packages/airflow/example_dags/example_python_decorator.py
[2025-08-06T14:44:29.950-0400] {logging_mixin.py:190} INFO - [2025-08-06T14:44:29.950-0400] {example_python_decorator.py:80} WARNING - The virtalenv_python example task requires virtualenv, please install it.
[2025-08-06T14:44:29.954-0400] {processor.py:925} INFO - DAG(s) 'example_python_decorator' retrieved from /home/huynguyen2741/airflow_venv/lib/python3.12/site-packages/airflow/example_dags/example_python_decorator.py
[2025-08-06T14:44:29.976-0400] {logging_mixin.py:190} INFO - [2025-08-06T14:44:29.976-0400] {dag.py:3239} INFO - Sync 1 DAGs
[2025-08-06T14:44:29.991-0400] {logging_mixin.py:190} INFO - [2025-08-06T14:44:29.991-0400] {dag.py:4180} INFO - Setting next_dagrun for example_python_decorator to None, run_after=None
[2025-08-06T14:44:30.013-0400] {processor.py:208} INFO - Processing /home/huynguyen2741/airflow_venv/lib/python3.12/site-packages/airflow/example_dags/example_python_decorator.py took 0.130 seconds
[2025-08-06T14:45:26.817-0400] {processor.py:186} INFO - Started process (PID=30718) to work on /home/huynguyen2741/airflow_venv/lib/python3.12/site-packages/airflow/example_dags/example_python_decorator.py
[2025-08-06T14:45:26.827-0400] {processor.py:914} INFO - Processing file /home/huynguyen2741/airflow_venv/lib/python3.12/site-packages/airflow/example_dags/example_python_decorator.py for tasks to queue
[2025-08-06T14:45:26.828-0400] {logging_mixin.py:190} INFO - [2025-08-06T14:45:26.828-0400] {dagbag.py:588} INFO - Filling up the DagBag from /home/huynguyen2741/airflow_venv/lib/python3.12/site-packages/airflow/example_dags/example_python_decorator.py
[2025-08-06T14:45:26.883-0400] {logging_mixin.py:190} INFO - [2025-08-06T14:45:26.883-0400] {example_python_decorator.py:80} WARNING - The virtalenv_python example task requires virtualenv, please install it.
[2025-08-06T14:45:26.886-0400] {processor.py:925} INFO - DAG(s) 'example_python_decorator' retrieved from /home/huynguyen2741/airflow_venv/lib/python3.12/site-packages/airflow/example_dags/example_python_decorator.py
[2025-08-06T14:45:26.901-0400] {logging_mixin.py:190} INFO - [2025-08-06T14:45:26.901-0400] {dag.py:3239} INFO - Sync 1 DAGs
[2025-08-06T14:45:26.911-0400] {logging_mixin.py:190} INFO - [2025-08-06T14:45:26.911-0400] {dag.py:4180} INFO - Setting next_dagrun for example_python_decorator to None, run_after=None
[2025-08-06T14:45:26.930-0400] {processor.py:208} INFO - Processing /home/huynguyen2741/airflow_venv/lib/python3.12/site-packages/airflow/example_dags/example_python_decorator.py took 0.121 seconds
[2025-08-06T14:46:25.441-0400] {processor.py:186} INFO - Started process (PID=30971) to work on /home/huynguyen2741/airflow_venv/lib/python3.12/site-packages/airflow/example_dags/example_python_decorator.py
[2025-08-06T14:46:25.442-0400] {processor.py:914} INFO - Processing file /home/huynguyen2741/airflow_venv/lib/python3.12/site-packages/airflow/example_dags/example_python_decorator.py for tasks to queue
[2025-08-06T14:46:25.443-0400] {logging_mixin.py:190} INFO - [2025-08-06T14:46:25.443-0400] {dagbag.py:588} INFO - Filling up the DagBag from /home/huynguyen2741/airflow_venv/lib/python3.12/site-packages/airflow/example_dags/example_python_decorator.py
[2025-08-06T14:46:25.493-0400] {logging_mixin.py:190} INFO - [2025-08-06T14:46:25.493-0400] {example_python_decorator.py:80} WARNING - The virtalenv_python example task requires virtualenv, please install it.
[2025-08-06T14:46:25.495-0400] {processor.py:925} INFO - DAG(s) 'example_python_decorator' retrieved from /home/huynguyen2741/airflow_venv/lib/python3.12/site-packages/airflow/example_dags/example_python_decorator.py
[2025-08-06T14:46:25.510-0400] {logging_mixin.py:190} INFO - [2025-08-06T14:46:25.510-0400] {dag.py:3239} INFO - Sync 1 DAGs
[2025-08-06T14:46:25.519-0400] {logging_mixin.py:190} INFO - [2025-08-06T14:46:25.519-0400] {dag.py:4180} INFO - Setting next_dagrun for example_python_decorator to None, run_after=None
[2025-08-06T14:46:25.536-0400] {processor.py:208} INFO - Processing /home/huynguyen2741/airflow_venv/lib/python3.12/site-packages/airflow/example_dags/example_python_decorator.py took 0.100 seconds
[2025-08-06T14:47:30.580-0400] {processor.py:186} INFO - Started process (PID=31278) to work on /home/huynguyen2741/airflow_venv/lib/python3.12/site-packages/airflow/example_dags/example_python_decorator.py
[2025-08-06T14:47:30.585-0400] {processor.py:914} INFO - Processing file /home/huynguyen2741/airflow_venv/lib/python3.12/site-packages/airflow/example_dags/example_python_decorator.py for tasks to queue
[2025-08-06T14:47:30.586-0400] {logging_mixin.py:190} INFO - [2025-08-06T14:47:30.586-0400] {dagbag.py:588} INFO - Filling up the DagBag from /home/huynguyen2741/airflow_venv/lib/python3.12/site-packages/airflow/example_dags/example_python_decorator.py
[2025-08-06T14:47:30.638-0400] {logging_mixin.py:190} INFO - [2025-08-06T14:47:30.638-0400] {example_python_decorator.py:80} WARNING - The virtalenv_python example task requires virtualenv, please install it.
[2025-08-06T14:47:30.640-0400] {processor.py:925} INFO - DAG(s) 'example_python_decorator' retrieved from /home/huynguyen2741/airflow_venv/lib/python3.12/site-packages/airflow/example_dags/example_python_decorator.py
[2025-08-06T14:47:30.657-0400] {logging_mixin.py:190} INFO - [2025-08-06T14:47:30.657-0400] {dag.py:3239} INFO - Sync 1 DAGs
[2025-08-06T14:47:30.668-0400] {logging_mixin.py:190} INFO - [2025-08-06T14:47:30.668-0400] {dag.py:4180} INFO - Setting next_dagrun for example_python_decorator to None, run_after=None
[2025-08-06T14:47:30.686-0400] {processor.py:208} INFO - Processing /home/huynguyen2741/airflow_venv/lib/python3.12/site-packages/airflow/example_dags/example_python_decorator.py took 0.112 seconds
[2025-08-06T14:48:26.077-0400] {processor.py:186} INFO - Started process (PID=31660) to work on /home/huynguyen2741/airflow_venv/lib/python3.12/site-packages/airflow/example_dags/example_python_decorator.py
[2025-08-06T14:48:26.081-0400] {processor.py:914} INFO - Processing file /home/huynguyen2741/airflow_venv/lib/python3.12/site-packages/airflow/example_dags/example_python_decorator.py for tasks to queue
[2025-08-06T14:48:26.082-0400] {logging_mixin.py:190} INFO - [2025-08-06T14:48:26.082-0400] {dagbag.py:588} INFO - Filling up the DagBag from /home/huynguyen2741/airflow_venv/lib/python3.12/site-packages/airflow/example_dags/example_python_decorator.py
[2025-08-06T14:48:26.136-0400] {logging_mixin.py:190} INFO - [2025-08-06T14:48:26.136-0400] {example_python_decorator.py:80} WARNING - The virtalenv_python example task requires virtualenv, please install it.
[2025-08-06T14:48:26.138-0400] {processor.py:925} INFO - DAG(s) 'example_python_decorator' retrieved from /home/huynguyen2741/airflow_venv/lib/python3.12/site-packages/airflow/example_dags/example_python_decorator.py
[2025-08-06T14:48:26.150-0400] {logging_mixin.py:190} INFO - [2025-08-06T14:48:26.150-0400] {dag.py:3239} INFO - Sync 1 DAGs
[2025-08-06T14:48:26.159-0400] {logging_mixin.py:190} INFO - [2025-08-06T14:48:26.159-0400] {dag.py:4180} INFO - Setting next_dagrun for example_python_decorator to None, run_after=None
[2025-08-06T14:48:26.175-0400] {processor.py:208} INFO - Processing /home/huynguyen2741/airflow_venv/lib/python3.12/site-packages/airflow/example_dags/example_python_decorator.py took 0.103 seconds
[2025-08-06T14:49:25.373-0400] {processor.py:186} INFO - Started process (PID=31886) to work on /home/huynguyen2741/airflow_venv/lib/python3.12/site-packages/airflow/example_dags/example_python_decorator.py
[2025-08-06T14:49:25.377-0400] {processor.py:914} INFO - Processing file /home/huynguyen2741/airflow_venv/lib/python3.12/site-packages/airflow/example_dags/example_python_decorator.py for tasks to queue
[2025-08-06T14:49:25.378-0400] {logging_mixin.py:190} INFO - [2025-08-06T14:49:25.378-0400] {dagbag.py:588} INFO - Filling up the DagBag from /home/huynguyen2741/airflow_venv/lib/python3.12/site-packages/airflow/example_dags/example_python_decorator.py
[2025-08-06T14:49:25.432-0400] {logging_mixin.py:190} INFO - [2025-08-06T14:49:25.431-0400] {example_python_decorator.py:80} WARNING - The virtalenv_python example task requires virtualenv, please install it.
[2025-08-06T14:49:25.434-0400] {processor.py:925} INFO - DAG(s) 'example_python_decorator' retrieved from /home/huynguyen2741/airflow_venv/lib/python3.12/site-packages/airflow/example_dags/example_python_decorator.py
[2025-08-06T14:49:25.446-0400] {logging_mixin.py:190} INFO - [2025-08-06T14:49:25.446-0400] {dag.py:3239} INFO - Sync 1 DAGs
[2025-08-06T14:49:25.457-0400] {logging_mixin.py:190} INFO - [2025-08-06T14:49:25.456-0400] {dag.py:4180} INFO - Setting next_dagrun for example_python_decorator to None, run_after=None
[2025-08-06T14:49:25.474-0400] {processor.py:208} INFO - Processing /home/huynguyen2741/airflow_venv/lib/python3.12/site-packages/airflow/example_dags/example_python_decorator.py took 0.106 seconds
[2025-08-06T14:50:32.908-0400] {processor.py:186} INFO - Started process (PID=32128) to work on /home/huynguyen2741/airflow_venv/lib/python3.12/site-packages/airflow/example_dags/example_python_decorator.py
[2025-08-06T14:50:32.912-0400] {processor.py:914} INFO - Processing file /home/huynguyen2741/airflow_venv/lib/python3.12/site-packages/airflow/example_dags/example_python_decorator.py for tasks to queue
[2025-08-06T14:50:32.913-0400] {logging_mixin.py:190} INFO - [2025-08-06T14:50:32.913-0400] {dagbag.py:588} INFO - Filling up the DagBag from /home/huynguyen2741/airflow_venv/lib/python3.12/site-packages/airflow/example_dags/example_python_decorator.py
[2025-08-06T14:50:32.967-0400] {logging_mixin.py:190} INFO - [2025-08-06T14:50:32.966-0400] {example_python_decorator.py:80} WARNING - The virtalenv_python example task requires virtualenv, please install it.
[2025-08-06T14:50:32.968-0400] {processor.py:925} INFO - DAG(s) 'example_python_decorator' retrieved from /home/huynguyen2741/airflow_venv/lib/python3.12/site-packages/airflow/example_dags/example_python_decorator.py
[2025-08-06T14:50:32.982-0400] {logging_mixin.py:190} INFO - [2025-08-06T14:50:32.982-0400] {dag.py:3239} INFO - Sync 1 DAGs
[2025-08-06T14:50:32.992-0400] {logging_mixin.py:190} INFO - [2025-08-06T14:50:32.992-0400] {dag.py:4180} INFO - Setting next_dagrun for example_python_decorator to None, run_after=None
[2025-08-06T14:50:33.010-0400] {processor.py:208} INFO - Processing /home/huynguyen2741/airflow_venv/lib/python3.12/site-packages/airflow/example_dags/example_python_decorator.py took 0.107 seconds
[2025-08-06T14:51:33.969-0400] {processor.py:186} INFO - Started process (PID=32352) to work on /home/huynguyen2741/airflow_venv/lib/python3.12/site-packages/airflow/example_dags/example_python_decorator.py
[2025-08-06T14:51:33.973-0400] {processor.py:914} INFO - Processing file /home/huynguyen2741/airflow_venv/lib/python3.12/site-packages/airflow/example_dags/example_python_decorator.py for tasks to queue
[2025-08-06T14:51:33.974-0400] {logging_mixin.py:190} INFO - [2025-08-06T14:51:33.974-0400] {dagbag.py:588} INFO - Filling up the DagBag from /home/huynguyen2741/airflow_venv/lib/python3.12/site-packages/airflow/example_dags/example_python_decorator.py
[2025-08-06T14:51:34.029-0400] {logging_mixin.py:190} INFO - [2025-08-06T14:51:34.029-0400] {example_python_decorator.py:80} WARNING - The virtalenv_python example task requires virtualenv, please install it.
[2025-08-06T14:51:34.031-0400] {processor.py:925} INFO - DAG(s) 'example_python_decorator' retrieved from /home/huynguyen2741/airflow_venv/lib/python3.12/site-packages/airflow/example_dags/example_python_decorator.py
[2025-08-06T14:51:34.045-0400] {logging_mixin.py:190} INFO - [2025-08-06T14:51:34.045-0400] {dag.py:3239} INFO - Sync 1 DAGs
[2025-08-06T14:51:34.054-0400] {logging_mixin.py:190} INFO - [2025-08-06T14:51:34.054-0400] {dag.py:4180} INFO - Setting next_dagrun for example_python_decorator to None, run_after=None
[2025-08-06T14:51:34.070-0400] {processor.py:208} INFO - Processing /home/huynguyen2741/airflow_venv/lib/python3.12/site-packages/airflow/example_dags/example_python_decorator.py took 0.106 seconds
[2025-08-06T14:52:35.774-0400] {processor.py:186} INFO - Started process (PID=32607) to work on /home/huynguyen2741/airflow_venv/lib/python3.12/site-packages/airflow/example_dags/example_python_decorator.py
[2025-08-06T14:52:35.775-0400] {processor.py:914} INFO - Processing file /home/huynguyen2741/airflow_venv/lib/python3.12/site-packages/airflow/example_dags/example_python_decorator.py for tasks to queue
[2025-08-06T14:52:35.777-0400] {logging_mixin.py:190} INFO - [2025-08-06T14:52:35.776-0400] {dagbag.py:588} INFO - Filling up the DagBag from /home/huynguyen2741/airflow_venv/lib/python3.12/site-packages/airflow/example_dags/example_python_decorator.py
[2025-08-06T14:52:35.831-0400] {logging_mixin.py:190} INFO - [2025-08-06T14:52:35.831-0400] {example_python_decorator.py:80} WARNING - The virtalenv_python example task requires virtualenv, please install it.
[2025-08-06T14:52:35.834-0400] {processor.py:925} INFO - DAG(s) 'example_python_decorator' retrieved from /home/huynguyen2741/airflow_venv/lib/python3.12/site-packages/airflow/example_dags/example_python_decorator.py
[2025-08-06T14:52:35.850-0400] {logging_mixin.py:190} INFO - [2025-08-06T14:52:35.849-0400] {dag.py:3239} INFO - Sync 1 DAGs
[2025-08-06T14:52:35.860-0400] {logging_mixin.py:190} INFO - [2025-08-06T14:52:35.860-0400] {dag.py:4180} INFO - Setting next_dagrun for example_python_decorator to None, run_after=None
[2025-08-06T14:52:35.877-0400] {processor.py:208} INFO - Processing /home/huynguyen2741/airflow_venv/lib/python3.12/site-packages/airflow/example_dags/example_python_decorator.py took 0.110 seconds
[2025-08-06T14:53:40.503-0400] {processor.py:186} INFO - Started process (PID=33000) to work on /home/huynguyen2741/airflow_venv/lib/python3.12/site-packages/airflow/example_dags/example_python_decorator.py
[2025-08-06T14:53:40.504-0400] {processor.py:914} INFO - Processing file /home/huynguyen2741/airflow_venv/lib/python3.12/site-packages/airflow/example_dags/example_python_decorator.py for tasks to queue
[2025-08-06T14:53:40.505-0400] {logging_mixin.py:190} INFO - [2025-08-06T14:53:40.505-0400] {dagbag.py:588} INFO - Filling up the DagBag from /home/huynguyen2741/airflow_venv/lib/python3.12/site-packages/airflow/example_dags/example_python_decorator.py
[2025-08-06T14:53:40.559-0400] {logging_mixin.py:190} INFO - [2025-08-06T14:53:40.559-0400] {example_python_decorator.py:80} WARNING - The virtalenv_python example task requires virtualenv, please install it.
[2025-08-06T14:53:40.561-0400] {processor.py:925} INFO - DAG(s) 'example_python_decorator' retrieved from /home/huynguyen2741/airflow_venv/lib/python3.12/site-packages/airflow/example_dags/example_python_decorator.py
[2025-08-06T14:53:40.575-0400] {logging_mixin.py:190} INFO - [2025-08-06T14:53:40.575-0400] {dag.py:3239} INFO - Sync 1 DAGs
[2025-08-06T14:53:40.585-0400] {logging_mixin.py:190} INFO - [2025-08-06T14:53:40.585-0400] {dag.py:4180} INFO - Setting next_dagrun for example_python_decorator to None, run_after=None
[2025-08-06T14:53:40.601-0400] {processor.py:208} INFO - Processing /home/huynguyen2741/airflow_venv/lib/python3.12/site-packages/airflow/example_dags/example_python_decorator.py took 0.103 seconds
[2025-08-06T14:54:35.568-0400] {processor.py:186} INFO - Started process (PID=33373) to work on /home/huynguyen2741/airflow_venv/lib/python3.12/site-packages/airflow/example_dags/example_python_decorator.py
[2025-08-06T14:54:35.573-0400] {processor.py:914} INFO - Processing file /home/huynguyen2741/airflow_venv/lib/python3.12/site-packages/airflow/example_dags/example_python_decorator.py for tasks to queue
[2025-08-06T14:54:35.574-0400] {logging_mixin.py:190} INFO - [2025-08-06T14:54:35.574-0400] {dagbag.py:588} INFO - Filling up the DagBag from /home/huynguyen2741/airflow_venv/lib/python3.12/site-packages/airflow/example_dags/example_python_decorator.py
[2025-08-06T14:54:35.625-0400] {logging_mixin.py:190} INFO - [2025-08-06T14:54:35.625-0400] {example_python_decorator.py:80} WARNING - The virtalenv_python example task requires virtualenv, please install it.
[2025-08-06T14:54:35.626-0400] {processor.py:925} INFO - DAG(s) 'example_python_decorator' retrieved from /home/huynguyen2741/airflow_venv/lib/python3.12/site-packages/airflow/example_dags/example_python_decorator.py
[2025-08-06T14:54:35.638-0400] {logging_mixin.py:190} INFO - [2025-08-06T14:54:35.638-0400] {dag.py:3239} INFO - Sync 1 DAGs
[2025-08-06T14:54:35.647-0400] {logging_mixin.py:190} INFO - [2025-08-06T14:54:35.647-0400] {dag.py:4180} INFO - Setting next_dagrun for example_python_decorator to None, run_after=None
[2025-08-06T14:54:35.663-0400] {processor.py:208} INFO - Processing /home/huynguyen2741/airflow_venv/lib/python3.12/site-packages/airflow/example_dags/example_python_decorator.py took 0.099 seconds
[2025-08-06T14:55:38.784-0400] {processor.py:186} INFO - Started process (PID=33657) to work on /home/huynguyen2741/airflow_venv/lib/python3.12/site-packages/airflow/example_dags/example_python_decorator.py
[2025-08-06T14:55:38.788-0400] {processor.py:914} INFO - Processing file /home/huynguyen2741/airflow_venv/lib/python3.12/site-packages/airflow/example_dags/example_python_decorator.py for tasks to queue
[2025-08-06T14:55:38.789-0400] {logging_mixin.py:190} INFO - [2025-08-06T14:55:38.789-0400] {dagbag.py:588} INFO - Filling up the DagBag from /home/huynguyen2741/airflow_venv/lib/python3.12/site-packages/airflow/example_dags/example_python_decorator.py
[2025-08-06T14:55:38.841-0400] {logging_mixin.py:190} INFO - [2025-08-06T14:55:38.841-0400] {example_python_decorator.py:80} WARNING - The virtalenv_python example task requires virtualenv, please install it.
[2025-08-06T14:55:38.843-0400] {processor.py:925} INFO - DAG(s) 'example_python_decorator' retrieved from /home/huynguyen2741/airflow_venv/lib/python3.12/site-packages/airflow/example_dags/example_python_decorator.py
[2025-08-06T14:55:38.855-0400] {logging_mixin.py:190} INFO - [2025-08-06T14:55:38.855-0400] {dag.py:3239} INFO - Sync 1 DAGs
[2025-08-06T14:55:38.863-0400] {logging_mixin.py:190} INFO - [2025-08-06T14:55:38.863-0400] {dag.py:4180} INFO - Setting next_dagrun for example_python_decorator to None, run_after=None
[2025-08-06T14:55:38.878-0400] {processor.py:208} INFO - Processing /home/huynguyen2741/airflow_venv/lib/python3.12/site-packages/airflow/example_dags/example_python_decorator.py took 0.100 seconds
[2025-08-06T14:56:42.132-0400] {processor.py:186} INFO - Started process (PID=33969) to work on /home/huynguyen2741/airflow_venv/lib/python3.12/site-packages/airflow/example_dags/example_python_decorator.py
[2025-08-06T14:56:42.134-0400] {processor.py:914} INFO - Processing file /home/huynguyen2741/airflow_venv/lib/python3.12/site-packages/airflow/example_dags/example_python_decorator.py for tasks to queue
[2025-08-06T14:56:42.135-0400] {logging_mixin.py:190} INFO - [2025-08-06T14:56:42.134-0400] {dagbag.py:588} INFO - Filling up the DagBag from /home/huynguyen2741/airflow_venv/lib/python3.12/site-packages/airflow/example_dags/example_python_decorator.py
[2025-08-06T14:56:42.188-0400] {logging_mixin.py:190} INFO - [2025-08-06T14:56:42.188-0400] {example_python_decorator.py:80} WARNING - The virtalenv_python example task requires virtualenv, please install it.
[2025-08-06T14:56:42.190-0400] {processor.py:925} INFO - DAG(s) 'example_python_decorator' retrieved from /home/huynguyen2741/airflow_venv/lib/python3.12/site-packages/airflow/example_dags/example_python_decorator.py
[2025-08-06T14:56:42.201-0400] {logging_mixin.py:190} INFO - [2025-08-06T14:56:42.201-0400] {dag.py:3239} INFO - Sync 1 DAGs
[2025-08-06T14:56:42.209-0400] {logging_mixin.py:190} INFO - [2025-08-06T14:56:42.209-0400] {dag.py:4180} INFO - Setting next_dagrun for example_python_decorator to None, run_after=None
[2025-08-06T14:56:42.225-0400] {processor.py:208} INFO - Processing /home/huynguyen2741/airflow_venv/lib/python3.12/site-packages/airflow/example_dags/example_python_decorator.py took 0.098 seconds
[2025-08-06T14:57:43.567-0400] {processor.py:186} INFO - Started process (PID=34243) to work on /home/huynguyen2741/airflow_venv/lib/python3.12/site-packages/airflow/example_dags/example_python_decorator.py
[2025-08-06T14:57:43.577-0400] {processor.py:914} INFO - Processing file /home/huynguyen2741/airflow_venv/lib/python3.12/site-packages/airflow/example_dags/example_python_decorator.py for tasks to queue
[2025-08-06T14:57:43.578-0400] {logging_mixin.py:190} INFO - [2025-08-06T14:57:43.578-0400] {dagbag.py:588} INFO - Filling up the DagBag from /home/huynguyen2741/airflow_venv/lib/python3.12/site-packages/airflow/example_dags/example_python_decorator.py
[2025-08-06T14:57:43.632-0400] {logging_mixin.py:190} INFO - [2025-08-06T14:57:43.631-0400] {example_python_decorator.py:80} WARNING - The virtalenv_python example task requires virtualenv, please install it.
[2025-08-06T14:57:43.634-0400] {processor.py:925} INFO - DAG(s) 'example_python_decorator' retrieved from /home/huynguyen2741/airflow_venv/lib/python3.12/site-packages/airflow/example_dags/example_python_decorator.py
[2025-08-06T14:57:43.646-0400] {logging_mixin.py:190} INFO - [2025-08-06T14:57:43.646-0400] {dag.py:3239} INFO - Sync 1 DAGs
[2025-08-06T14:57:43.654-0400] {logging_mixin.py:190} INFO - [2025-08-06T14:57:43.654-0400] {dag.py:4180} INFO - Setting next_dagrun for example_python_decorator to None, run_after=None
[2025-08-06T14:57:43.670-0400] {processor.py:208} INFO - Processing /home/huynguyen2741/airflow_venv/lib/python3.12/site-packages/airflow/example_dags/example_python_decorator.py took 0.108 seconds
[2025-08-06T14:58:44.186-0400] {processor.py:186} INFO - Started process (PID=34498) to work on /home/huynguyen2741/airflow_venv/lib/python3.12/site-packages/airflow/example_dags/example_python_decorator.py
[2025-08-06T14:58:44.187-0400] {processor.py:914} INFO - Processing file /home/huynguyen2741/airflow_venv/lib/python3.12/site-packages/airflow/example_dags/example_python_decorator.py for tasks to queue
[2025-08-06T14:58:44.188-0400] {logging_mixin.py:190} INFO - [2025-08-06T14:58:44.187-0400] {dagbag.py:588} INFO - Filling up the DagBag from /home/huynguyen2741/airflow_venv/lib/python3.12/site-packages/airflow/example_dags/example_python_decorator.py
[2025-08-06T14:58:44.242-0400] {logging_mixin.py:190} INFO - [2025-08-06T14:58:44.242-0400] {example_python_decorator.py:80} WARNING - The virtalenv_python example task requires virtualenv, please install it.
[2025-08-06T14:58:44.244-0400] {processor.py:925} INFO - DAG(s) 'example_python_decorator' retrieved from /home/huynguyen2741/airflow_venv/lib/python3.12/site-packages/airflow/example_dags/example_python_decorator.py
[2025-08-06T14:58:44.256-0400] {logging_mixin.py:190} INFO - [2025-08-06T14:58:44.255-0400] {dag.py:3239} INFO - Sync 1 DAGs
[2025-08-06T14:58:44.264-0400] {logging_mixin.py:190} INFO - [2025-08-06T14:58:44.264-0400] {dag.py:4180} INFO - Setting next_dagrun for example_python_decorator to None, run_after=None
[2025-08-06T14:58:44.280-0400] {processor.py:208} INFO - Processing /home/huynguyen2741/airflow_venv/lib/python3.12/site-packages/airflow/example_dags/example_python_decorator.py took 0.099 seconds
[2025-08-06T14:59:50.777-0400] {processor.py:186} INFO - Started process (PID=34749) to work on /home/huynguyen2741/airflow_venv/lib/python3.12/site-packages/airflow/example_dags/example_python_decorator.py
[2025-08-06T14:59:50.778-0400] {processor.py:914} INFO - Processing file /home/huynguyen2741/airflow_venv/lib/python3.12/site-packages/airflow/example_dags/example_python_decorator.py for tasks to queue
[2025-08-06T14:59:50.779-0400] {logging_mixin.py:190} INFO - [2025-08-06T14:59:50.779-0400] {dagbag.py:588} INFO - Filling up the DagBag from /home/huynguyen2741/airflow_venv/lib/python3.12/site-packages/airflow/example_dags/example_python_decorator.py
[2025-08-06T14:59:50.832-0400] {logging_mixin.py:190} INFO - [2025-08-06T14:59:50.832-0400] {example_python_decorator.py:80} WARNING - The virtalenv_python example task requires virtualenv, please install it.
[2025-08-06T14:59:50.834-0400] {processor.py:925} INFO - DAG(s) 'example_python_decorator' retrieved from /home/huynguyen2741/airflow_venv/lib/python3.12/site-packages/airflow/example_dags/example_python_decorator.py
[2025-08-06T14:59:50.846-0400] {logging_mixin.py:190} INFO - [2025-08-06T14:59:50.846-0400] {dag.py:3239} INFO - Sync 1 DAGs
[2025-08-06T14:59:50.854-0400] {logging_mixin.py:190} INFO - [2025-08-06T14:59:50.854-0400] {dag.py:4180} INFO - Setting next_dagrun for example_python_decorator to None, run_after=None
[2025-08-06T14:59:50.870-0400] {processor.py:208} INFO - Processing /home/huynguyen2741/airflow_venv/lib/python3.12/site-packages/airflow/example_dags/example_python_decorator.py took 0.098 seconds
