[2025-08-06T13:57:16.695-0400] {processor.py:186} INFO - Started process (PID=17707) to work on /home/huynguyen2741/airflow_venv/lib/python3.12/site-packages/airflow/example_dags/example_trigger_target_dag.py
[2025-08-06T13:57:16.696-0400] {processor.py:914} INFO - Processing file /home/huynguyen2741/airflow_venv/lib/python3.12/site-packages/airflow/example_dags/example_trigger_target_dag.py for tasks to queue
[2025-08-06T13:57:16.697-0400] {logging_mixin.py:190} INFO - [2025-08-06T13:57:16.697-0400] {dagbag.py:588} INFO - Filling up the DagBag from /home/huynguyen2741/airflow_venv/lib/python3.12/site-packages/airflow/example_dags/example_trigger_target_dag.py
[2025-08-06T13:57:16.704-0400] {processor.py:925} INFO - DAG(s) 'example_trigger_target_dag' retrieved from /home/huynguyen2741/airflow_venv/lib/python3.12/site-packages/airflow/example_dags/example_trigger_target_dag.py
[2025-08-06T13:57:16.784-0400] {logging_mixin.py:190} INFO - [2025-08-06T13:57:16.784-0400] {override.py:1930} INFO - Created Permission View: can edit on DAG:example_trigger_target_dag
[2025-08-06T13:57:16.795-0400] {logging_mixin.py:190} INFO - [2025-08-06T13:57:16.795-0400] {override.py:1930} INFO - Created Permission View: can read on DAG:example_trigger_target_dag
[2025-08-06T13:57:16.804-0400] {logging_mixin.py:190} INFO - [2025-08-06T13:57:16.803-0400] {override.py:1930} INFO - Created Permission View: can delete on DAG:example_trigger_target_dag
[2025-08-06T13:57:16.818-0400] {logging_mixin.py:190} INFO - [2025-08-06T13:57:16.818-0400] {override.py:1930} INFO - Created Permission View: menu access on DAG Run:example_trigger_target_dag
[2025-08-06T13:57:16.826-0400] {logging_mixin.py:190} INFO - [2025-08-06T13:57:16.826-0400] {override.py:1930} INFO - Created Permission View: can read on DAG Run:example_trigger_target_dag
[2025-08-06T13:57:16.835-0400] {logging_mixin.py:190} INFO - [2025-08-06T13:57:16.835-0400] {override.py:1930} INFO - Created Permission View: can create on DAG Run:example_trigger_target_dag
[2025-08-06T13:57:16.846-0400] {logging_mixin.py:190} INFO - [2025-08-06T13:57:16.846-0400] {override.py:1930} INFO - Created Permission View: can delete on DAG Run:example_trigger_target_dag
[2025-08-06T13:57:16.847-0400] {logging_mixin.py:190} INFO - [2025-08-06T13:57:16.847-0400] {dag.py:3239} INFO - Sync 1 DAGs
[2025-08-06T13:57:16.856-0400] {logging_mixin.py:190} INFO - [2025-08-06T13:57:16.856-0400] {dag.py:3262} INFO - Creating ORM DAG for example_trigger_target_dag
[2025-08-06T13:57:16.857-0400] {logging_mixin.py:190} INFO - [2025-08-06T13:57:16.856-0400] {dag.py:4180} INFO - Setting next_dagrun for example_trigger_target_dag to None, run_after=None
[2025-08-06T13:57:16.873-0400] {processor.py:208} INFO - Processing /home/huynguyen2741/airflow_venv/lib/python3.12/site-packages/airflow/example_dags/example_trigger_target_dag.py took 0.182 seconds
[2025-08-06T13:58:22.091-0400] {processor.py:186} INFO - Started process (PID=17948) to work on /home/huynguyen2741/airflow_venv/lib/python3.12/site-packages/airflow/example_dags/example_trigger_target_dag.py
[2025-08-06T13:58:22.095-0400] {processor.py:914} INFO - Processing file /home/huynguyen2741/airflow_venv/lib/python3.12/site-packages/airflow/example_dags/example_trigger_target_dag.py for tasks to queue
[2025-08-06T13:58:22.097-0400] {logging_mixin.py:190} INFO - [2025-08-06T13:58:22.097-0400] {dagbag.py:588} INFO - Filling up the DagBag from /home/huynguyen2741/airflow_venv/lib/python3.12/site-packages/airflow/example_dags/example_trigger_target_dag.py
[2025-08-06T13:58:22.111-0400] {processor.py:925} INFO - DAG(s) 'example_trigger_target_dag' retrieved from /home/huynguyen2741/airflow_venv/lib/python3.12/site-packages/airflow/example_dags/example_trigger_target_dag.py
[2025-08-06T13:58:22.126-0400] {logging_mixin.py:190} INFO - [2025-08-06T13:58:22.125-0400] {dag.py:3239} INFO - Sync 1 DAGs
[2025-08-06T13:58:22.135-0400] {logging_mixin.py:190} INFO - [2025-08-06T13:58:22.135-0400] {dag.py:4180} INFO - Setting next_dagrun for example_trigger_target_dag to None, run_after=None
[2025-08-06T13:58:22.153-0400] {processor.py:208} INFO - Processing /home/huynguyen2741/airflow_venv/lib/python3.12/site-packages/airflow/example_dags/example_trigger_target_dag.py took 0.065 seconds
[2025-08-06T13:59:17.832-0400] {processor.py:186} INFO - Started process (PID=18165) to work on /home/huynguyen2741/airflow_venv/lib/python3.12/site-packages/airflow/example_dags/example_trigger_target_dag.py
[2025-08-06T13:59:17.833-0400] {processor.py:914} INFO - Processing file /home/huynguyen2741/airflow_venv/lib/python3.12/site-packages/airflow/example_dags/example_trigger_target_dag.py for tasks to queue
[2025-08-06T13:59:17.835-0400] {logging_mixin.py:190} INFO - [2025-08-06T13:59:17.834-0400] {dagbag.py:588} INFO - Filling up the DagBag from /home/huynguyen2741/airflow_venv/lib/python3.12/site-packages/airflow/example_dags/example_trigger_target_dag.py
[2025-08-06T13:59:17.841-0400] {processor.py:925} INFO - DAG(s) 'example_trigger_target_dag' retrieved from /home/huynguyen2741/airflow_venv/lib/python3.12/site-packages/airflow/example_dags/example_trigger_target_dag.py
[2025-08-06T13:59:17.851-0400] {logging_mixin.py:190} INFO - [2025-08-06T13:59:17.851-0400] {dag.py:3239} INFO - Sync 1 DAGs
[2025-08-06T13:59:17.858-0400] {logging_mixin.py:190} INFO - [2025-08-06T13:59:17.858-0400] {dag.py:4180} INFO - Setting next_dagrun for example_trigger_target_dag to None, run_after=None
[2025-08-06T13:59:17.874-0400] {processor.py:208} INFO - Processing /home/huynguyen2741/airflow_venv/lib/python3.12/site-packages/airflow/example_dags/example_trigger_target_dag.py took 0.046 seconds
[2025-08-06T14:00:21.469-0400] {processor.py:186} INFO - Started process (PID=18384) to work on /home/huynguyen2741/airflow_venv/lib/python3.12/site-packages/airflow/example_dags/example_trigger_target_dag.py
[2025-08-06T14:00:21.478-0400] {processor.py:914} INFO - Processing file /home/huynguyen2741/airflow_venv/lib/python3.12/site-packages/airflow/example_dags/example_trigger_target_dag.py for tasks to queue
[2025-08-06T14:00:21.480-0400] {logging_mixin.py:190} INFO - [2025-08-06T14:00:21.480-0400] {dagbag.py:588} INFO - Filling up the DagBag from /home/huynguyen2741/airflow_venv/lib/python3.12/site-packages/airflow/example_dags/example_trigger_target_dag.py
[2025-08-06T14:00:21.486-0400] {processor.py:925} INFO - DAG(s) 'example_trigger_target_dag' retrieved from /home/huynguyen2741/airflow_venv/lib/python3.12/site-packages/airflow/example_dags/example_trigger_target_dag.py
[2025-08-06T14:00:21.498-0400] {logging_mixin.py:190} INFO - [2025-08-06T14:00:21.498-0400] {dag.py:3239} INFO - Sync 1 DAGs
[2025-08-06T14:00:21.507-0400] {logging_mixin.py:190} INFO - [2025-08-06T14:00:21.506-0400] {dag.py:4180} INFO - Setting next_dagrun for example_trigger_target_dag to None, run_after=None
[2025-08-06T14:00:21.522-0400] {processor.py:208} INFO - Processing /home/huynguyen2741/airflow_venv/lib/python3.12/site-packages/airflow/example_dags/example_trigger_target_dag.py took 0.058 seconds
[2025-08-06T14:01:25.554-0400] {processor.py:186} INFO - Started process (PID=18611) to work on /home/huynguyen2741/airflow_venv/lib/python3.12/site-packages/airflow/example_dags/example_trigger_target_dag.py
[2025-08-06T14:01:25.555-0400] {processor.py:914} INFO - Processing file /home/huynguyen2741/airflow_venv/lib/python3.12/site-packages/airflow/example_dags/example_trigger_target_dag.py for tasks to queue
[2025-08-06T14:01:25.557-0400] {logging_mixin.py:190} INFO - [2025-08-06T14:01:25.556-0400] {dagbag.py:588} INFO - Filling up the DagBag from /home/huynguyen2741/airflow_venv/lib/python3.12/site-packages/airflow/example_dags/example_trigger_target_dag.py
[2025-08-06T14:01:25.563-0400] {processor.py:925} INFO - DAG(s) 'example_trigger_target_dag' retrieved from /home/huynguyen2741/airflow_venv/lib/python3.12/site-packages/airflow/example_dags/example_trigger_target_dag.py
[2025-08-06T14:01:25.573-0400] {logging_mixin.py:190} INFO - [2025-08-06T14:01:25.573-0400] {dag.py:3239} INFO - Sync 1 DAGs
[2025-08-06T14:01:25.581-0400] {logging_mixin.py:190} INFO - [2025-08-06T14:01:25.581-0400] {dag.py:4180} INFO - Setting next_dagrun for example_trigger_target_dag to None, run_after=None
[2025-08-06T14:01:25.597-0400] {processor.py:208} INFO - Processing /home/huynguyen2741/airflow_venv/lib/python3.12/site-packages/airflow/example_dags/example_trigger_target_dag.py took 0.047 seconds
[2025-08-06T14:02:24.461-0400] {processor.py:186} INFO - Started process (PID=18859) to work on /home/huynguyen2741/airflow_venv/lib/python3.12/site-packages/airflow/example_dags/example_trigger_target_dag.py
[2025-08-06T14:02:24.465-0400] {processor.py:914} INFO - Processing file /home/huynguyen2741/airflow_venv/lib/python3.12/site-packages/airflow/example_dags/example_trigger_target_dag.py for tasks to queue
[2025-08-06T14:02:24.467-0400] {logging_mixin.py:190} INFO - [2025-08-06T14:02:24.467-0400] {dagbag.py:588} INFO - Filling up the DagBag from /home/huynguyen2741/airflow_venv/lib/python3.12/site-packages/airflow/example_dags/example_trigger_target_dag.py
[2025-08-06T14:02:24.473-0400] {processor.py:925} INFO - DAG(s) 'example_trigger_target_dag' retrieved from /home/huynguyen2741/airflow_venv/lib/python3.12/site-packages/airflow/example_dags/example_trigger_target_dag.py
[2025-08-06T14:02:24.483-0400] {logging_mixin.py:190} INFO - [2025-08-06T14:02:24.483-0400] {dag.py:3239} INFO - Sync 1 DAGs
[2025-08-06T14:02:24.491-0400] {logging_mixin.py:190} INFO - [2025-08-06T14:02:24.491-0400] {dag.py:4180} INFO - Setting next_dagrun for example_trigger_target_dag to None, run_after=None
[2025-08-06T14:02:24.507-0400] {processor.py:208} INFO - Processing /home/huynguyen2741/airflow_venv/lib/python3.12/site-packages/airflow/example_dags/example_trigger_target_dag.py took 0.051 seconds
[2025-08-06T14:03:27.059-0400] {processor.py:186} INFO - Started process (PID=19079) to work on /home/huynguyen2741/airflow_venv/lib/python3.12/site-packages/airflow/example_dags/example_trigger_target_dag.py
[2025-08-06T14:03:27.063-0400] {processor.py:914} INFO - Processing file /home/huynguyen2741/airflow_venv/lib/python3.12/site-packages/airflow/example_dags/example_trigger_target_dag.py for tasks to queue
[2025-08-06T14:03:27.064-0400] {logging_mixin.py:190} INFO - [2025-08-06T14:03:27.064-0400] {dagbag.py:588} INFO - Filling up the DagBag from /home/huynguyen2741/airflow_venv/lib/python3.12/site-packages/airflow/example_dags/example_trigger_target_dag.py
[2025-08-06T14:03:27.070-0400] {processor.py:925} INFO - DAG(s) 'example_trigger_target_dag' retrieved from /home/huynguyen2741/airflow_venv/lib/python3.12/site-packages/airflow/example_dags/example_trigger_target_dag.py
[2025-08-06T14:03:27.082-0400] {logging_mixin.py:190} INFO - [2025-08-06T14:03:27.081-0400] {dag.py:3239} INFO - Sync 1 DAGs
[2025-08-06T14:03:27.091-0400] {logging_mixin.py:190} INFO - [2025-08-06T14:03:27.091-0400] {dag.py:4180} INFO - Setting next_dagrun for example_trigger_target_dag to None, run_after=None
[2025-08-06T14:03:27.107-0400] {processor.py:208} INFO - Processing /home/huynguyen2741/airflow_venv/lib/python3.12/site-packages/airflow/example_dags/example_trigger_target_dag.py took 0.053 seconds
[2025-08-06T14:04:29.231-0400] {processor.py:186} INFO - Started process (PID=19293) to work on /home/huynguyen2741/airflow_venv/lib/python3.12/site-packages/airflow/example_dags/example_trigger_target_dag.py
[2025-08-06T14:04:29.235-0400] {processor.py:914} INFO - Processing file /home/huynguyen2741/airflow_venv/lib/python3.12/site-packages/airflow/example_dags/example_trigger_target_dag.py for tasks to queue
[2025-08-06T14:04:29.237-0400] {logging_mixin.py:190} INFO - [2025-08-06T14:04:29.237-0400] {dagbag.py:588} INFO - Filling up the DagBag from /home/huynguyen2741/airflow_venv/lib/python3.12/site-packages/airflow/example_dags/example_trigger_target_dag.py
[2025-08-06T14:04:29.243-0400] {processor.py:925} INFO - DAG(s) 'example_trigger_target_dag' retrieved from /home/huynguyen2741/airflow_venv/lib/python3.12/site-packages/airflow/example_dags/example_trigger_target_dag.py
[2025-08-06T14:04:29.254-0400] {logging_mixin.py:190} INFO - [2025-08-06T14:04:29.254-0400] {dag.py:3239} INFO - Sync 1 DAGs
[2025-08-06T14:04:29.262-0400] {logging_mixin.py:190} INFO - [2025-08-06T14:04:29.261-0400] {dag.py:4180} INFO - Setting next_dagrun for example_trigger_target_dag to None, run_after=None
[2025-08-06T14:04:29.277-0400] {processor.py:208} INFO - Processing /home/huynguyen2741/airflow_venv/lib/python3.12/site-packages/airflow/example_dags/example_trigger_target_dag.py took 0.050 seconds
[2025-08-06T14:05:34.490-0400] {processor.py:186} INFO - Started process (PID=19677) to work on /home/huynguyen2741/airflow_venv/lib/python3.12/site-packages/airflow/example_dags/example_trigger_target_dag.py
[2025-08-06T14:05:34.491-0400] {processor.py:914} INFO - Processing file /home/huynguyen2741/airflow_venv/lib/python3.12/site-packages/airflow/example_dags/example_trigger_target_dag.py for tasks to queue
[2025-08-06T14:05:34.492-0400] {logging_mixin.py:190} INFO - [2025-08-06T14:05:34.492-0400] {dagbag.py:588} INFO - Filling up the DagBag from /home/huynguyen2741/airflow_venv/lib/python3.12/site-packages/airflow/example_dags/example_trigger_target_dag.py
[2025-08-06T14:05:34.500-0400] {processor.py:925} INFO - DAG(s) 'example_trigger_target_dag' retrieved from /home/huynguyen2741/airflow_venv/lib/python3.12/site-packages/airflow/example_dags/example_trigger_target_dag.py
[2025-08-06T14:05:34.514-0400] {logging_mixin.py:190} INFO - [2025-08-06T14:05:34.514-0400] {dag.py:3239} INFO - Sync 1 DAGs
[2025-08-06T14:05:34.523-0400] {logging_mixin.py:190} INFO - [2025-08-06T14:05:34.523-0400] {dag.py:4180} INFO - Setting next_dagrun for example_trigger_target_dag to None, run_after=None
[2025-08-06T14:05:34.540-0400] {processor.py:208} INFO - Processing /home/huynguyen2741/airflow_venv/lib/python3.12/site-packages/airflow/example_dags/example_trigger_target_dag.py took 0.055 seconds
[2025-08-06T14:06:35.205-0400] {processor.py:186} INFO - Started process (PID=19904) to work on /home/huynguyen2741/airflow_venv/lib/python3.12/site-packages/airflow/example_dags/example_trigger_target_dag.py
[2025-08-06T14:06:35.206-0400] {processor.py:914} INFO - Processing file /home/huynguyen2741/airflow_venv/lib/python3.12/site-packages/airflow/example_dags/example_trigger_target_dag.py for tasks to queue
[2025-08-06T14:06:35.207-0400] {logging_mixin.py:190} INFO - [2025-08-06T14:06:35.207-0400] {dagbag.py:588} INFO - Filling up the DagBag from /home/huynguyen2741/airflow_venv/lib/python3.12/site-packages/airflow/example_dags/example_trigger_target_dag.py
[2025-08-06T14:06:35.213-0400] {processor.py:925} INFO - DAG(s) 'example_trigger_target_dag' retrieved from /home/huynguyen2741/airflow_venv/lib/python3.12/site-packages/airflow/example_dags/example_trigger_target_dag.py
[2025-08-06T14:06:35.224-0400] {logging_mixin.py:190} INFO - [2025-08-06T14:06:35.223-0400] {dag.py:3239} INFO - Sync 1 DAGs
[2025-08-06T14:06:35.231-0400] {logging_mixin.py:190} INFO - [2025-08-06T14:06:35.231-0400] {dag.py:4180} INFO - Setting next_dagrun for example_trigger_target_dag to None, run_after=None
[2025-08-06T14:06:35.336-0400] {processor.py:208} INFO - Processing /home/huynguyen2741/airflow_venv/lib/python3.12/site-packages/airflow/example_dags/example_trigger_target_dag.py took 0.136 seconds
[2025-08-06T14:07:42.810-0400] {processor.py:186} INFO - Started process (PID=20141) to work on /home/huynguyen2741/airflow_venv/lib/python3.12/site-packages/airflow/example_dags/example_trigger_target_dag.py
[2025-08-06T14:07:42.812-0400] {processor.py:914} INFO - Processing file /home/huynguyen2741/airflow_venv/lib/python3.12/site-packages/airflow/example_dags/example_trigger_target_dag.py for tasks to queue
[2025-08-06T14:07:42.813-0400] {logging_mixin.py:190} INFO - [2025-08-06T14:07:42.813-0400] {dagbag.py:588} INFO - Filling up the DagBag from /home/huynguyen2741/airflow_venv/lib/python3.12/site-packages/airflow/example_dags/example_trigger_target_dag.py
[2025-08-06T14:07:42.820-0400] {processor.py:925} INFO - DAG(s) 'example_trigger_target_dag' retrieved from /home/huynguyen2741/airflow_venv/lib/python3.12/site-packages/airflow/example_dags/example_trigger_target_dag.py
[2025-08-06T14:07:42.831-0400] {logging_mixin.py:190} INFO - [2025-08-06T14:07:42.831-0400] {dag.py:3239} INFO - Sync 1 DAGs
[2025-08-06T14:07:42.839-0400] {logging_mixin.py:190} INFO - [2025-08-06T14:07:42.839-0400] {dag.py:4180} INFO - Setting next_dagrun for example_trigger_target_dag to None, run_after=None
[2025-08-06T14:07:42.968-0400] {processor.py:208} INFO - Processing /home/huynguyen2741/airflow_venv/lib/python3.12/site-packages/airflow/example_dags/example_trigger_target_dag.py took 0.162 seconds
[2025-08-06T14:08:49.408-0400] {processor.py:186} INFO - Started process (PID=20494) to work on /home/huynguyen2741/airflow_venv/lib/python3.12/site-packages/airflow/example_dags/example_trigger_target_dag.py
[2025-08-06T14:08:49.409-0400] {processor.py:914} INFO - Processing file /home/huynguyen2741/airflow_venv/lib/python3.12/site-packages/airflow/example_dags/example_trigger_target_dag.py for tasks to queue
[2025-08-06T14:08:49.410-0400] {logging_mixin.py:190} INFO - [2025-08-06T14:08:49.410-0400] {dagbag.py:588} INFO - Filling up the DagBag from /home/huynguyen2741/airflow_venv/lib/python3.12/site-packages/airflow/example_dags/example_trigger_target_dag.py
[2025-08-06T14:08:49.416-0400] {processor.py:925} INFO - DAG(s) 'example_trigger_target_dag' retrieved from /home/huynguyen2741/airflow_venv/lib/python3.12/site-packages/airflow/example_dags/example_trigger_target_dag.py
[2025-08-06T14:08:49.426-0400] {logging_mixin.py:190} INFO - [2025-08-06T14:08:49.426-0400] {dag.py:3239} INFO - Sync 1 DAGs
[2025-08-06T14:08:49.434-0400] {logging_mixin.py:190} INFO - [2025-08-06T14:08:49.433-0400] {dag.py:4180} INFO - Setting next_dagrun for example_trigger_target_dag to None, run_after=None
[2025-08-06T14:08:49.450-0400] {processor.py:208} INFO - Processing /home/huynguyen2741/airflow_venv/lib/python3.12/site-packages/airflow/example_dags/example_trigger_target_dag.py took 0.047 seconds
[2025-08-06T14:10:00.763-0400] {processor.py:186} INFO - Started process (PID=20997) to work on /home/huynguyen2741/airflow_venv/lib/python3.12/site-packages/airflow/example_dags/example_trigger_target_dag.py
[2025-08-06T14:10:00.768-0400] {processor.py:914} INFO - Processing file /home/huynguyen2741/airflow_venv/lib/python3.12/site-packages/airflow/example_dags/example_trigger_target_dag.py for tasks to queue
[2025-08-06T14:10:00.770-0400] {logging_mixin.py:190} INFO - [2025-08-06T14:10:00.770-0400] {dagbag.py:588} INFO - Filling up the DagBag from /home/huynguyen2741/airflow_venv/lib/python3.12/site-packages/airflow/example_dags/example_trigger_target_dag.py
[2025-08-06T14:10:00.776-0400] {processor.py:925} INFO - DAG(s) 'example_trigger_target_dag' retrieved from /home/huynguyen2741/airflow_venv/lib/python3.12/site-packages/airflow/example_dags/example_trigger_target_dag.py
[2025-08-06T14:10:00.788-0400] {logging_mixin.py:190} INFO - [2025-08-06T14:10:00.788-0400] {dag.py:3239} INFO - Sync 1 DAGs
[2025-08-06T14:10:00.798-0400] {logging_mixin.py:190} INFO - [2025-08-06T14:10:00.798-0400] {dag.py:4180} INFO - Setting next_dagrun for example_trigger_target_dag to None, run_after=None
[2025-08-06T14:10:00.817-0400] {processor.py:208} INFO - Processing /home/huynguyen2741/airflow_venv/lib/python3.12/site-packages/airflow/example_dags/example_trigger_target_dag.py took 0.058 seconds
[2025-08-06T14:11:01.229-0400] {processor.py:186} INFO - Started process (PID=21292) to work on /home/huynguyen2741/airflow_venv/lib/python3.12/site-packages/airflow/example_dags/example_trigger_target_dag.py
[2025-08-06T14:11:01.230-0400] {processor.py:914} INFO - Processing file /home/huynguyen2741/airflow_venv/lib/python3.12/site-packages/airflow/example_dags/example_trigger_target_dag.py for tasks to queue
[2025-08-06T14:11:01.232-0400] {logging_mixin.py:190} INFO - [2025-08-06T14:11:01.232-0400] {dagbag.py:588} INFO - Filling up the DagBag from /home/huynguyen2741/airflow_venv/lib/python3.12/site-packages/airflow/example_dags/example_trigger_target_dag.py
[2025-08-06T14:11:01.239-0400] {processor.py:925} INFO - DAG(s) 'example_trigger_target_dag' retrieved from /home/huynguyen2741/airflow_venv/lib/python3.12/site-packages/airflow/example_dags/example_trigger_target_dag.py
[2025-08-06T14:11:01.250-0400] {logging_mixin.py:190} INFO - [2025-08-06T14:11:01.250-0400] {dag.py:3239} INFO - Sync 1 DAGs
[2025-08-06T14:11:01.261-0400] {logging_mixin.py:190} INFO - [2025-08-06T14:11:01.261-0400] {dag.py:4180} INFO - Setting next_dagrun for example_trigger_target_dag to None, run_after=None
[2025-08-06T14:11:01.278-0400] {processor.py:208} INFO - Processing /home/huynguyen2741/airflow_venv/lib/python3.12/site-packages/airflow/example_dags/example_trigger_target_dag.py took 0.053 seconds
[2025-08-06T14:12:08.058-0400] {processor.py:186} INFO - Started process (PID=21568) to work on /home/huynguyen2741/airflow_venv/lib/python3.12/site-packages/airflow/example_dags/example_trigger_target_dag.py
[2025-08-06T14:12:08.059-0400] {processor.py:914} INFO - Processing file /home/huynguyen2741/airflow_venv/lib/python3.12/site-packages/airflow/example_dags/example_trigger_target_dag.py for tasks to queue
[2025-08-06T14:12:08.060-0400] {logging_mixin.py:190} INFO - [2025-08-06T14:12:08.060-0400] {dagbag.py:588} INFO - Filling up the DagBag from /home/huynguyen2741/airflow_venv/lib/python3.12/site-packages/airflow/example_dags/example_trigger_target_dag.py
[2025-08-06T14:12:08.067-0400] {processor.py:925} INFO - DAG(s) 'example_trigger_target_dag' retrieved from /home/huynguyen2741/airflow_venv/lib/python3.12/site-packages/airflow/example_dags/example_trigger_target_dag.py
[2025-08-06T14:12:08.081-0400] {logging_mixin.py:190} INFO - [2025-08-06T14:12:08.081-0400] {dag.py:3239} INFO - Sync 1 DAGs
[2025-08-06T14:12:08.092-0400] {logging_mixin.py:190} INFO - [2025-08-06T14:12:08.092-0400] {dag.py:4180} INFO - Setting next_dagrun for example_trigger_target_dag to None, run_after=None
[2025-08-06T14:12:08.108-0400] {processor.py:208} INFO - Processing /home/huynguyen2741/airflow_venv/lib/python3.12/site-packages/airflow/example_dags/example_trigger_target_dag.py took 0.055 seconds
[2025-08-06T14:13:08.049-0400] {processor.py:186} INFO - Started process (PID=21998) to work on /home/huynguyen2741/airflow_venv/lib/python3.12/site-packages/airflow/example_dags/example_trigger_target_dag.py
[2025-08-06T14:13:08.054-0400] {processor.py:914} INFO - Processing file /home/huynguyen2741/airflow_venv/lib/python3.12/site-packages/airflow/example_dags/example_trigger_target_dag.py for tasks to queue
[2025-08-06T14:13:08.055-0400] {logging_mixin.py:190} INFO - [2025-08-06T14:13:08.054-0400] {dagbag.py:588} INFO - Filling up the DagBag from /home/huynguyen2741/airflow_venv/lib/python3.12/site-packages/airflow/example_dags/example_trigger_target_dag.py
[2025-08-06T14:13:08.061-0400] {processor.py:925} INFO - DAG(s) 'example_trigger_target_dag' retrieved from /home/huynguyen2741/airflow_venv/lib/python3.12/site-packages/airflow/example_dags/example_trigger_target_dag.py
[2025-08-06T14:13:08.072-0400] {logging_mixin.py:190} INFO - [2025-08-06T14:13:08.072-0400] {dag.py:3239} INFO - Sync 1 DAGs
[2025-08-06T14:13:08.080-0400] {logging_mixin.py:190} INFO - [2025-08-06T14:13:08.080-0400] {dag.py:4180} INFO - Setting next_dagrun for example_trigger_target_dag to None, run_after=None
[2025-08-06T14:13:08.096-0400] {processor.py:208} INFO - Processing /home/huynguyen2741/airflow_venv/lib/python3.12/site-packages/airflow/example_dags/example_trigger_target_dag.py took 0.051 seconds
[2025-08-06T14:14:14.438-0400] {processor.py:186} INFO - Started process (PID=22393) to work on /home/huynguyen2741/airflow_venv/lib/python3.12/site-packages/airflow/example_dags/example_trigger_target_dag.py
[2025-08-06T14:14:14.442-0400] {processor.py:914} INFO - Processing file /home/huynguyen2741/airflow_venv/lib/python3.12/site-packages/airflow/example_dags/example_trigger_target_dag.py for tasks to queue
[2025-08-06T14:14:14.443-0400] {logging_mixin.py:190} INFO - [2025-08-06T14:14:14.443-0400] {dagbag.py:588} INFO - Filling up the DagBag from /home/huynguyen2741/airflow_venv/lib/python3.12/site-packages/airflow/example_dags/example_trigger_target_dag.py
[2025-08-06T14:14:14.450-0400] {processor.py:925} INFO - DAG(s) 'example_trigger_target_dag' retrieved from /home/huynguyen2741/airflow_venv/lib/python3.12/site-packages/airflow/example_dags/example_trigger_target_dag.py
[2025-08-06T14:14:14.461-0400] {logging_mixin.py:190} INFO - [2025-08-06T14:14:14.461-0400] {dag.py:3239} INFO - Sync 1 DAGs
[2025-08-06T14:14:14.470-0400] {logging_mixin.py:190} INFO - [2025-08-06T14:14:14.470-0400] {dag.py:4180} INFO - Setting next_dagrun for example_trigger_target_dag to None, run_after=None
[2025-08-06T14:14:14.485-0400] {processor.py:208} INFO - Processing /home/huynguyen2741/airflow_venv/lib/python3.12/site-packages/airflow/example_dags/example_trigger_target_dag.py took 0.051 seconds
[2025-08-06T14:15:18.060-0400] {processor.py:186} INFO - Started process (PID=22762) to work on /home/huynguyen2741/airflow_venv/lib/python3.12/site-packages/airflow/example_dags/example_trigger_target_dag.py
[2025-08-06T14:15:18.070-0400] {processor.py:914} INFO - Processing file /home/huynguyen2741/airflow_venv/lib/python3.12/site-packages/airflow/example_dags/example_trigger_target_dag.py for tasks to queue
[2025-08-06T14:15:18.072-0400] {logging_mixin.py:190} INFO - [2025-08-06T14:15:18.071-0400] {dagbag.py:588} INFO - Filling up the DagBag from /home/huynguyen2741/airflow_venv/lib/python3.12/site-packages/airflow/example_dags/example_trigger_target_dag.py
[2025-08-06T14:15:18.078-0400] {processor.py:925} INFO - DAG(s) 'example_trigger_target_dag' retrieved from /home/huynguyen2741/airflow_venv/lib/python3.12/site-packages/airflow/example_dags/example_trigger_target_dag.py
[2025-08-06T14:15:18.088-0400] {logging_mixin.py:190} INFO - [2025-08-06T14:15:18.088-0400] {dag.py:3239} INFO - Sync 1 DAGs
[2025-08-06T14:15:18.096-0400] {logging_mixin.py:190} INFO - [2025-08-06T14:15:18.096-0400] {dag.py:4180} INFO - Setting next_dagrun for example_trigger_target_dag to None, run_after=None
[2025-08-06T14:15:18.112-0400] {processor.py:208} INFO - Processing /home/huynguyen2741/airflow_venv/lib/python3.12/site-packages/airflow/example_dags/example_trigger_target_dag.py took 0.056 seconds
[2025-08-06T14:16:20.044-0400] {processor.py:186} INFO - Started process (PID=23085) to work on /home/huynguyen2741/airflow_venv/lib/python3.12/site-packages/airflow/example_dags/example_trigger_target_dag.py
[2025-08-06T14:16:20.054-0400] {processor.py:914} INFO - Processing file /home/huynguyen2741/airflow_venv/lib/python3.12/site-packages/airflow/example_dags/example_trigger_target_dag.py for tasks to queue
[2025-08-06T14:16:20.055-0400] {logging_mixin.py:190} INFO - [2025-08-06T14:16:20.055-0400] {dagbag.py:588} INFO - Filling up the DagBag from /home/huynguyen2741/airflow_venv/lib/python3.12/site-packages/airflow/example_dags/example_trigger_target_dag.py
[2025-08-06T14:16:20.062-0400] {processor.py:925} INFO - DAG(s) 'example_trigger_target_dag' retrieved from /home/huynguyen2741/airflow_venv/lib/python3.12/site-packages/airflow/example_dags/example_trigger_target_dag.py
[2025-08-06T14:16:20.074-0400] {logging_mixin.py:190} INFO - [2025-08-06T14:16:20.073-0400] {dag.py:3239} INFO - Sync 1 DAGs
[2025-08-06T14:16:20.082-0400] {logging_mixin.py:190} INFO - [2025-08-06T14:16:20.082-0400] {dag.py:4180} INFO - Setting next_dagrun for example_trigger_target_dag to None, run_after=None
[2025-08-06T14:16:20.098-0400] {processor.py:208} INFO - Processing /home/huynguyen2741/airflow_venv/lib/python3.12/site-packages/airflow/example_dags/example_trigger_target_dag.py took 0.058 seconds
[2025-08-06T14:17:27.621-0400] {processor.py:186} INFO - Started process (PID=23339) to work on /home/huynguyen2741/airflow_venv/lib/python3.12/site-packages/airflow/example_dags/example_trigger_target_dag.py
[2025-08-06T14:17:27.625-0400] {processor.py:914} INFO - Processing file /home/huynguyen2741/airflow_venv/lib/python3.12/site-packages/airflow/example_dags/example_trigger_target_dag.py for tasks to queue
[2025-08-06T14:17:27.626-0400] {logging_mixin.py:190} INFO - [2025-08-06T14:17:27.626-0400] {dagbag.py:588} INFO - Filling up the DagBag from /home/huynguyen2741/airflow_venv/lib/python3.12/site-packages/airflow/example_dags/example_trigger_target_dag.py
[2025-08-06T14:17:27.633-0400] {processor.py:925} INFO - DAG(s) 'example_trigger_target_dag' retrieved from /home/huynguyen2741/airflow_venv/lib/python3.12/site-packages/airflow/example_dags/example_trigger_target_dag.py
[2025-08-06T14:17:27.647-0400] {logging_mixin.py:190} INFO - [2025-08-06T14:17:27.647-0400] {dag.py:3239} INFO - Sync 1 DAGs
[2025-08-06T14:17:27.658-0400] {logging_mixin.py:190} INFO - [2025-08-06T14:17:27.658-0400] {dag.py:4180} INFO - Setting next_dagrun for example_trigger_target_dag to None, run_after=None
[2025-08-06T14:17:27.676-0400] {processor.py:208} INFO - Processing /home/huynguyen2741/airflow_venv/lib/python3.12/site-packages/airflow/example_dags/example_trigger_target_dag.py took 0.060 seconds
[2025-08-06T14:18:29.907-0400] {processor.py:186} INFO - Started process (PID=23574) to work on /home/huynguyen2741/airflow_venv/lib/python3.12/site-packages/airflow/example_dags/example_trigger_target_dag.py
[2025-08-06T14:18:29.908-0400] {processor.py:914} INFO - Processing file /home/huynguyen2741/airflow_venv/lib/python3.12/site-packages/airflow/example_dags/example_trigger_target_dag.py for tasks to queue
[2025-08-06T14:18:29.909-0400] {logging_mixin.py:190} INFO - [2025-08-06T14:18:29.909-0400] {dagbag.py:588} INFO - Filling up the DagBag from /home/huynguyen2741/airflow_venv/lib/python3.12/site-packages/airflow/example_dags/example_trigger_target_dag.py
[2025-08-06T14:18:29.916-0400] {processor.py:925} INFO - DAG(s) 'example_trigger_target_dag' retrieved from /home/huynguyen2741/airflow_venv/lib/python3.12/site-packages/airflow/example_dags/example_trigger_target_dag.py
[2025-08-06T14:18:29.926-0400] {logging_mixin.py:190} INFO - [2025-08-06T14:18:29.926-0400] {dag.py:3239} INFO - Sync 1 DAGs
[2025-08-06T14:18:29.934-0400] {logging_mixin.py:190} INFO - [2025-08-06T14:18:29.934-0400] {dag.py:4180} INFO - Setting next_dagrun for example_trigger_target_dag to None, run_after=None
[2025-08-06T14:18:29.949-0400] {processor.py:208} INFO - Processing /home/huynguyen2741/airflow_venv/lib/python3.12/site-packages/airflow/example_dags/example_trigger_target_dag.py took 0.046 seconds
[2025-08-06T14:19:36.428-0400] {processor.py:186} INFO - Started process (PID=23843) to work on /home/huynguyen2741/airflow_venv/lib/python3.12/site-packages/airflow/example_dags/example_trigger_target_dag.py
[2025-08-06T14:19:36.432-0400] {processor.py:914} INFO - Processing file /home/huynguyen2741/airflow_venv/lib/python3.12/site-packages/airflow/example_dags/example_trigger_target_dag.py for tasks to queue
[2025-08-06T14:19:36.433-0400] {logging_mixin.py:190} INFO - [2025-08-06T14:19:36.432-0400] {dagbag.py:588} INFO - Filling up the DagBag from /home/huynguyen2741/airflow_venv/lib/python3.12/site-packages/airflow/example_dags/example_trigger_target_dag.py
[2025-08-06T14:19:36.440-0400] {processor.py:925} INFO - DAG(s) 'example_trigger_target_dag' retrieved from /home/huynguyen2741/airflow_venv/lib/python3.12/site-packages/airflow/example_dags/example_trigger_target_dag.py
[2025-08-06T14:19:36.452-0400] {logging_mixin.py:190} INFO - [2025-08-06T14:19:36.451-0400] {dag.py:3239} INFO - Sync 1 DAGs
[2025-08-06T14:19:36.460-0400] {logging_mixin.py:190} INFO - [2025-08-06T14:19:36.460-0400] {dag.py:4180} INFO - Setting next_dagrun for example_trigger_target_dag to None, run_after=None
[2025-08-06T14:19:36.477-0400] {processor.py:208} INFO - Processing /home/huynguyen2741/airflow_venv/lib/python3.12/site-packages/airflow/example_dags/example_trigger_target_dag.py took 0.054 seconds
[2025-08-06T14:20:40.348-0400] {processor.py:186} INFO - Started process (PID=24072) to work on /home/huynguyen2741/airflow_venv/lib/python3.12/site-packages/airflow/example_dags/example_trigger_target_dag.py
[2025-08-06T14:20:40.349-0400] {processor.py:914} INFO - Processing file /home/huynguyen2741/airflow_venv/lib/python3.12/site-packages/airflow/example_dags/example_trigger_target_dag.py for tasks to queue
[2025-08-06T14:20:40.350-0400] {logging_mixin.py:190} INFO - [2025-08-06T14:20:40.350-0400] {dagbag.py:588} INFO - Filling up the DagBag from /home/huynguyen2741/airflow_venv/lib/python3.12/site-packages/airflow/example_dags/example_trigger_target_dag.py
[2025-08-06T14:20:40.357-0400] {processor.py:925} INFO - DAG(s) 'example_trigger_target_dag' retrieved from /home/huynguyen2741/airflow_venv/lib/python3.12/site-packages/airflow/example_dags/example_trigger_target_dag.py
[2025-08-06T14:20:40.371-0400] {logging_mixin.py:190} INFO - [2025-08-06T14:20:40.371-0400] {dag.py:3239} INFO - Sync 1 DAGs
[2025-08-06T14:20:40.382-0400] {logging_mixin.py:190} INFO - [2025-08-06T14:20:40.382-0400] {dag.py:4180} INFO - Setting next_dagrun for example_trigger_target_dag to None, run_after=None
[2025-08-06T14:20:40.400-0400] {processor.py:208} INFO - Processing /home/huynguyen2741/airflow_venv/lib/python3.12/site-packages/airflow/example_dags/example_trigger_target_dag.py took 0.057 seconds
[2025-08-06T14:21:49.220-0400] {processor.py:186} INFO - Started process (PID=24317) to work on /home/huynguyen2741/airflow_venv/lib/python3.12/site-packages/airflow/example_dags/example_trigger_target_dag.py
[2025-08-06T14:21:49.221-0400] {processor.py:914} INFO - Processing file /home/huynguyen2741/airflow_venv/lib/python3.12/site-packages/airflow/example_dags/example_trigger_target_dag.py for tasks to queue
[2025-08-06T14:21:49.222-0400] {logging_mixin.py:190} INFO - [2025-08-06T14:21:49.222-0400] {dagbag.py:588} INFO - Filling up the DagBag from /home/huynguyen2741/airflow_venv/lib/python3.12/site-packages/airflow/example_dags/example_trigger_target_dag.py
[2025-08-06T14:21:49.228-0400] {processor.py:925} INFO - DAG(s) 'example_trigger_target_dag' retrieved from /home/huynguyen2741/airflow_venv/lib/python3.12/site-packages/airflow/example_dags/example_trigger_target_dag.py
[2025-08-06T14:21:49.239-0400] {logging_mixin.py:190} INFO - [2025-08-06T14:21:49.239-0400] {dag.py:3239} INFO - Sync 1 DAGs
[2025-08-06T14:21:49.247-0400] {logging_mixin.py:190} INFO - [2025-08-06T14:21:49.247-0400] {dag.py:4180} INFO - Setting next_dagrun for example_trigger_target_dag to None, run_after=None
[2025-08-06T14:21:49.262-0400] {processor.py:208} INFO - Processing /home/huynguyen2741/airflow_venv/lib/python3.12/site-packages/airflow/example_dags/example_trigger_target_dag.py took 0.045 seconds
[2025-08-06T14:22:54.461-0400] {processor.py:186} INFO - Started process (PID=24732) to work on /home/huynguyen2741/airflow_venv/lib/python3.12/site-packages/airflow/example_dags/example_trigger_target_dag.py
[2025-08-06T14:22:54.465-0400] {processor.py:914} INFO - Processing file /home/huynguyen2741/airflow_venv/lib/python3.12/site-packages/airflow/example_dags/example_trigger_target_dag.py for tasks to queue
[2025-08-06T14:22:54.466-0400] {logging_mixin.py:190} INFO - [2025-08-06T14:22:54.466-0400] {dagbag.py:588} INFO - Filling up the DagBag from /home/huynguyen2741/airflow_venv/lib/python3.12/site-packages/airflow/example_dags/example_trigger_target_dag.py
[2025-08-06T14:22:54.473-0400] {processor.py:925} INFO - DAG(s) 'example_trigger_target_dag' retrieved from /home/huynguyen2741/airflow_venv/lib/python3.12/site-packages/airflow/example_dags/example_trigger_target_dag.py
[2025-08-06T14:22:54.483-0400] {logging_mixin.py:190} INFO - [2025-08-06T14:22:54.483-0400] {dag.py:3239} INFO - Sync 1 DAGs
[2025-08-06T14:22:54.491-0400] {logging_mixin.py:190} INFO - [2025-08-06T14:22:54.491-0400] {dag.py:4180} INFO - Setting next_dagrun for example_trigger_target_dag to None, run_after=None
[2025-08-06T14:22:54.506-0400] {processor.py:208} INFO - Processing /home/huynguyen2741/airflow_venv/lib/python3.12/site-packages/airflow/example_dags/example_trigger_target_dag.py took 0.049 seconds
[2025-08-06T14:23:52.677-0400] {processor.py:186} INFO - Started process (PID=25133) to work on /home/huynguyen2741/airflow_venv/lib/python3.12/site-packages/airflow/example_dags/example_trigger_target_dag.py
[2025-08-06T14:23:52.686-0400] {processor.py:914} INFO - Processing file /home/huynguyen2741/airflow_venv/lib/python3.12/site-packages/airflow/example_dags/example_trigger_target_dag.py for tasks to queue
[2025-08-06T14:23:52.687-0400] {logging_mixin.py:190} INFO - [2025-08-06T14:23:52.687-0400] {dagbag.py:588} INFO - Filling up the DagBag from /home/huynguyen2741/airflow_venv/lib/python3.12/site-packages/airflow/example_dags/example_trigger_target_dag.py
[2025-08-06T14:23:52.694-0400] {processor.py:925} INFO - DAG(s) 'example_trigger_target_dag' retrieved from /home/huynguyen2741/airflow_venv/lib/python3.12/site-packages/airflow/example_dags/example_trigger_target_dag.py
[2025-08-06T14:23:52.704-0400] {logging_mixin.py:190} INFO - [2025-08-06T14:23:52.704-0400] {dag.py:3239} INFO - Sync 1 DAGs
[2025-08-06T14:23:52.713-0400] {logging_mixin.py:190} INFO - [2025-08-06T14:23:52.712-0400] {dag.py:4180} INFO - Setting next_dagrun for example_trigger_target_dag to None, run_after=None
[2025-08-06T14:23:52.727-0400] {processor.py:208} INFO - Processing /home/huynguyen2741/airflow_venv/lib/python3.12/site-packages/airflow/example_dags/example_trigger_target_dag.py took 0.056 seconds
[2025-08-06T14:25:02.434-0400] {processor.py:186} INFO - Started process (PID=25451) to work on /home/huynguyen2741/airflow_venv/lib/python3.12/site-packages/airflow/example_dags/example_trigger_target_dag.py
[2025-08-06T14:25:02.438-0400] {processor.py:914} INFO - Processing file /home/huynguyen2741/airflow_venv/lib/python3.12/site-packages/airflow/example_dags/example_trigger_target_dag.py for tasks to queue
[2025-08-06T14:25:02.439-0400] {logging_mixin.py:190} INFO - [2025-08-06T14:25:02.439-0400] {dagbag.py:588} INFO - Filling up the DagBag from /home/huynguyen2741/airflow_venv/lib/python3.12/site-packages/airflow/example_dags/example_trigger_target_dag.py
[2025-08-06T14:25:02.446-0400] {processor.py:925} INFO - DAG(s) 'example_trigger_target_dag' retrieved from /home/huynguyen2741/airflow_venv/lib/python3.12/site-packages/airflow/example_dags/example_trigger_target_dag.py
[2025-08-06T14:25:02.457-0400] {logging_mixin.py:190} INFO - [2025-08-06T14:25:02.457-0400] {dag.py:3239} INFO - Sync 1 DAGs
[2025-08-06T14:25:02.465-0400] {logging_mixin.py:190} INFO - [2025-08-06T14:25:02.465-0400] {dag.py:4180} INFO - Setting next_dagrun for example_trigger_target_dag to None, run_after=None
[2025-08-06T14:25:02.481-0400] {processor.py:208} INFO - Processing /home/huynguyen2741/airflow_venv/lib/python3.12/site-packages/airflow/example_dags/example_trigger_target_dag.py took 0.053 seconds
[2025-08-06T14:26:03.608-0400] {processor.py:186} INFO - Started process (PID=25732) to work on /home/huynguyen2741/airflow_venv/lib/python3.12/site-packages/airflow/example_dags/example_trigger_target_dag.py
[2025-08-06T14:26:03.612-0400] {processor.py:914} INFO - Processing file /home/huynguyen2741/airflow_venv/lib/python3.12/site-packages/airflow/example_dags/example_trigger_target_dag.py for tasks to queue
[2025-08-06T14:26:03.613-0400] {logging_mixin.py:190} INFO - [2025-08-06T14:26:03.612-0400] {dagbag.py:588} INFO - Filling up the DagBag from /home/huynguyen2741/airflow_venv/lib/python3.12/site-packages/airflow/example_dags/example_trigger_target_dag.py
[2025-08-06T14:26:03.619-0400] {processor.py:925} INFO - DAG(s) 'example_trigger_target_dag' retrieved from /home/huynguyen2741/airflow_venv/lib/python3.12/site-packages/airflow/example_dags/example_trigger_target_dag.py
[2025-08-06T14:26:03.630-0400] {logging_mixin.py:190} INFO - [2025-08-06T14:26:03.630-0400] {dag.py:3239} INFO - Sync 1 DAGs
[2025-08-06T14:26:03.639-0400] {logging_mixin.py:190} INFO - [2025-08-06T14:26:03.639-0400] {dag.py:4180} INFO - Setting next_dagrun for example_trigger_target_dag to None, run_after=None
[2025-08-06T14:26:03.655-0400] {processor.py:208} INFO - Processing /home/huynguyen2741/airflow_venv/lib/python3.12/site-packages/airflow/example_dags/example_trigger_target_dag.py took 0.053 seconds
[2025-08-06T14:27:11.265-0400] {processor.py:186} INFO - Started process (PID=26003) to work on /home/huynguyen2741/airflow_venv/lib/python3.12/site-packages/airflow/example_dags/example_trigger_target_dag.py
[2025-08-06T14:27:11.266-0400] {processor.py:914} INFO - Processing file /home/huynguyen2741/airflow_venv/lib/python3.12/site-packages/airflow/example_dags/example_trigger_target_dag.py for tasks to queue
[2025-08-06T14:27:11.267-0400] {logging_mixin.py:190} INFO - [2025-08-06T14:27:11.266-0400] {dagbag.py:588} INFO - Filling up the DagBag from /home/huynguyen2741/airflow_venv/lib/python3.12/site-packages/airflow/example_dags/example_trigger_target_dag.py
[2025-08-06T14:27:11.273-0400] {processor.py:925} INFO - DAG(s) 'example_trigger_target_dag' retrieved from /home/huynguyen2741/airflow_venv/lib/python3.12/site-packages/airflow/example_dags/example_trigger_target_dag.py
[2025-08-06T14:27:11.283-0400] {logging_mixin.py:190} INFO - [2025-08-06T14:27:11.283-0400] {dag.py:3239} INFO - Sync 1 DAGs
[2025-08-06T14:27:11.291-0400] {logging_mixin.py:190} INFO - [2025-08-06T14:27:11.291-0400] {dag.py:4180} INFO - Setting next_dagrun for example_trigger_target_dag to None, run_after=None
[2025-08-06T14:27:11.315-0400] {processor.py:208} INFO - Processing /home/huynguyen2741/airflow_venv/lib/python3.12/site-packages/airflow/example_dags/example_trigger_target_dag.py took 0.055 seconds
[2025-08-06T14:28:19.873-0400] {processor.py:186} INFO - Started process (PID=26308) to work on /home/huynguyen2741/airflow_venv/lib/python3.12/site-packages/airflow/example_dags/example_trigger_target_dag.py
[2025-08-06T14:28:19.878-0400] {processor.py:914} INFO - Processing file /home/huynguyen2741/airflow_venv/lib/python3.12/site-packages/airflow/example_dags/example_trigger_target_dag.py for tasks to queue
[2025-08-06T14:28:19.879-0400] {logging_mixin.py:190} INFO - [2025-08-06T14:28:19.879-0400] {dagbag.py:588} INFO - Filling up the DagBag from /home/huynguyen2741/airflow_venv/lib/python3.12/site-packages/airflow/example_dags/example_trigger_target_dag.py
[2025-08-06T14:28:19.885-0400] {processor.py:925} INFO - DAG(s) 'example_trigger_target_dag' retrieved from /home/huynguyen2741/airflow_venv/lib/python3.12/site-packages/airflow/example_dags/example_trigger_target_dag.py
[2025-08-06T14:28:19.896-0400] {logging_mixin.py:190} INFO - [2025-08-06T14:28:19.896-0400] {dag.py:3239} INFO - Sync 1 DAGs
[2025-08-06T14:28:19.903-0400] {logging_mixin.py:190} INFO - [2025-08-06T14:28:19.903-0400] {dag.py:4180} INFO - Setting next_dagrun for example_trigger_target_dag to None, run_after=None
[2025-08-06T14:28:19.919-0400] {processor.py:208} INFO - Processing /home/huynguyen2741/airflow_venv/lib/python3.12/site-packages/airflow/example_dags/example_trigger_target_dag.py took 0.051 seconds
[2025-08-06T14:29:27.514-0400] {processor.py:186} INFO - Started process (PID=26591) to work on /home/huynguyen2741/airflow_venv/lib/python3.12/site-packages/airflow/example_dags/example_trigger_target_dag.py
[2025-08-06T14:29:27.518-0400] {processor.py:914} INFO - Processing file /home/huynguyen2741/airflow_venv/lib/python3.12/site-packages/airflow/example_dags/example_trigger_target_dag.py for tasks to queue
[2025-08-06T14:29:27.520-0400] {logging_mixin.py:190} INFO - [2025-08-06T14:29:27.519-0400] {dagbag.py:588} INFO - Filling up the DagBag from /home/huynguyen2741/airflow_venv/lib/python3.12/site-packages/airflow/example_dags/example_trigger_target_dag.py
[2025-08-06T14:29:27.526-0400] {processor.py:925} INFO - DAG(s) 'example_trigger_target_dag' retrieved from /home/huynguyen2741/airflow_venv/lib/python3.12/site-packages/airflow/example_dags/example_trigger_target_dag.py
[2025-08-06T14:29:27.536-0400] {logging_mixin.py:190} INFO - [2025-08-06T14:29:27.536-0400] {dag.py:3239} INFO - Sync 1 DAGs
[2025-08-06T14:29:27.544-0400] {logging_mixin.py:190} INFO - [2025-08-06T14:29:27.544-0400] {dag.py:4180} INFO - Setting next_dagrun for example_trigger_target_dag to None, run_after=None
[2025-08-06T14:29:27.558-0400] {processor.py:208} INFO - Processing /home/huynguyen2741/airflow_venv/lib/python3.12/site-packages/airflow/example_dags/example_trigger_target_dag.py took 0.050 seconds
[2025-08-06T14:30:38.875-0400] {processor.py:186} INFO - Started process (PID=27018) to work on /home/huynguyen2741/airflow_venv/lib/python3.12/site-packages/airflow/example_dags/example_trigger_target_dag.py
[2025-08-06T14:30:38.879-0400] {processor.py:914} INFO - Processing file /home/huynguyen2741/airflow_venv/lib/python3.12/site-packages/airflow/example_dags/example_trigger_target_dag.py for tasks to queue
[2025-08-06T14:30:38.881-0400] {logging_mixin.py:190} INFO - [2025-08-06T14:30:38.880-0400] {dagbag.py:588} INFO - Filling up the DagBag from /home/huynguyen2741/airflow_venv/lib/python3.12/site-packages/airflow/example_dags/example_trigger_target_dag.py
[2025-08-06T14:30:38.887-0400] {processor.py:925} INFO - DAG(s) 'example_trigger_target_dag' retrieved from /home/huynguyen2741/airflow_venv/lib/python3.12/site-packages/airflow/example_dags/example_trigger_target_dag.py
[2025-08-06T14:30:38.898-0400] {logging_mixin.py:190} INFO - [2025-08-06T14:30:38.898-0400] {dag.py:3239} INFO - Sync 1 DAGs
[2025-08-06T14:30:38.906-0400] {logging_mixin.py:190} INFO - [2025-08-06T14:30:38.906-0400] {dag.py:4180} INFO - Setting next_dagrun for example_trigger_target_dag to None, run_after=None
[2025-08-06T14:30:38.921-0400] {processor.py:208} INFO - Processing /home/huynguyen2741/airflow_venv/lib/python3.12/site-packages/airflow/example_dags/example_trigger_target_dag.py took 0.052 seconds
[2025-08-06T14:31:52.861-0400] {processor.py:186} INFO - Started process (PID=27285) to work on /home/huynguyen2741/airflow_venv/lib/python3.12/site-packages/airflow/example_dags/example_trigger_target_dag.py
[2025-08-06T14:31:52.871-0400] {processor.py:914} INFO - Processing file /home/huynguyen2741/airflow_venv/lib/python3.12/site-packages/airflow/example_dags/example_trigger_target_dag.py for tasks to queue
[2025-08-06T14:31:52.872-0400] {logging_mixin.py:190} INFO - [2025-08-06T14:31:52.872-0400] {dagbag.py:588} INFO - Filling up the DagBag from /home/huynguyen2741/airflow_venv/lib/python3.12/site-packages/airflow/example_dags/example_trigger_target_dag.py
[2025-08-06T14:31:52.878-0400] {processor.py:925} INFO - DAG(s) 'example_trigger_target_dag' retrieved from /home/huynguyen2741/airflow_venv/lib/python3.12/site-packages/airflow/example_dags/example_trigger_target_dag.py
[2025-08-06T14:31:52.890-0400] {logging_mixin.py:190} INFO - [2025-08-06T14:31:52.890-0400] {dag.py:3239} INFO - Sync 1 DAGs
[2025-08-06T14:31:52.899-0400] {logging_mixin.py:190} INFO - [2025-08-06T14:31:52.899-0400] {dag.py:4180} INFO - Setting next_dagrun for example_trigger_target_dag to None, run_after=None
[2025-08-06T14:31:52.917-0400] {processor.py:208} INFO - Processing /home/huynguyen2741/airflow_venv/lib/python3.12/site-packages/airflow/example_dags/example_trigger_target_dag.py took 0.062 seconds
[2025-08-06T14:33:02.044-0400] {processor.py:186} INFO - Started process (PID=27619) to work on /home/huynguyen2741/airflow_venv/lib/python3.12/site-packages/airflow/example_dags/example_trigger_target_dag.py
[2025-08-06T14:33:02.047-0400] {processor.py:914} INFO - Processing file /home/huynguyen2741/airflow_venv/lib/python3.12/site-packages/airflow/example_dags/example_trigger_target_dag.py for tasks to queue
[2025-08-06T14:33:02.049-0400] {logging_mixin.py:190} INFO - [2025-08-06T14:33:02.048-0400] {dagbag.py:588} INFO - Filling up the DagBag from /home/huynguyen2741/airflow_venv/lib/python3.12/site-packages/airflow/example_dags/example_trigger_target_dag.py
[2025-08-06T14:33:02.055-0400] {processor.py:925} INFO - DAG(s) 'example_trigger_target_dag' retrieved from /home/huynguyen2741/airflow_venv/lib/python3.12/site-packages/airflow/example_dags/example_trigger_target_dag.py
[2025-08-06T14:33:02.066-0400] {logging_mixin.py:190} INFO - [2025-08-06T14:33:02.066-0400] {dag.py:3239} INFO - Sync 1 DAGs
[2025-08-06T14:33:02.074-0400] {logging_mixin.py:190} INFO - [2025-08-06T14:33:02.074-0400] {dag.py:4180} INFO - Setting next_dagrun for example_trigger_target_dag to None, run_after=None
[2025-08-06T14:33:02.093-0400] {processor.py:208} INFO - Processing /home/huynguyen2741/airflow_venv/lib/python3.12/site-packages/airflow/example_dags/example_trigger_target_dag.py took 0.055 seconds
[2025-08-06T14:34:12.235-0400] {processor.py:186} INFO - Started process (PID=27871) to work on /home/huynguyen2741/airflow_venv/lib/python3.12/site-packages/airflow/example_dags/example_trigger_target_dag.py
[2025-08-06T14:34:12.240-0400] {processor.py:914} INFO - Processing file /home/huynguyen2741/airflow_venv/lib/python3.12/site-packages/airflow/example_dags/example_trigger_target_dag.py for tasks to queue
[2025-08-06T14:34:12.241-0400] {logging_mixin.py:190} INFO - [2025-08-06T14:34:12.240-0400] {dagbag.py:588} INFO - Filling up the DagBag from /home/huynguyen2741/airflow_venv/lib/python3.12/site-packages/airflow/example_dags/example_trigger_target_dag.py
[2025-08-06T14:34:12.247-0400] {processor.py:925} INFO - DAG(s) 'example_trigger_target_dag' retrieved from /home/huynguyen2741/airflow_venv/lib/python3.12/site-packages/airflow/example_dags/example_trigger_target_dag.py
[2025-08-06T14:34:12.258-0400] {logging_mixin.py:190} INFO - [2025-08-06T14:34:12.258-0400] {dag.py:3239} INFO - Sync 1 DAGs
[2025-08-06T14:34:12.267-0400] {logging_mixin.py:190} INFO - [2025-08-06T14:34:12.267-0400] {dag.py:4180} INFO - Setting next_dagrun for example_trigger_target_dag to None, run_after=None
[2025-08-06T14:34:12.284-0400] {processor.py:208} INFO - Processing /home/huynguyen2741/airflow_venv/lib/python3.12/site-packages/airflow/example_dags/example_trigger_target_dag.py took 0.054 seconds
[2025-08-06T14:35:07.236-0400] {processor.py:186} INFO - Started process (PID=28274) to work on /home/huynguyen2741/airflow_venv/lib/python3.12/site-packages/airflow/example_dags/example_trigger_target_dag.py
[2025-08-06T14:35:07.240-0400] {processor.py:914} INFO - Processing file /home/huynguyen2741/airflow_venv/lib/python3.12/site-packages/airflow/example_dags/example_trigger_target_dag.py for tasks to queue
[2025-08-06T14:35:07.241-0400] {logging_mixin.py:190} INFO - [2025-08-06T14:35:07.241-0400] {dagbag.py:588} INFO - Filling up the DagBag from /home/huynguyen2741/airflow_venv/lib/python3.12/site-packages/airflow/example_dags/example_trigger_target_dag.py
[2025-08-06T14:35:07.247-0400] {processor.py:925} INFO - DAG(s) 'example_trigger_target_dag' retrieved from /home/huynguyen2741/airflow_venv/lib/python3.12/site-packages/airflow/example_dags/example_trigger_target_dag.py
[2025-08-06T14:35:07.258-0400] {logging_mixin.py:190} INFO - [2025-08-06T14:35:07.258-0400] {dag.py:3239} INFO - Sync 1 DAGs
[2025-08-06T14:35:07.267-0400] {logging_mixin.py:190} INFO - [2025-08-06T14:35:07.267-0400] {dag.py:4180} INFO - Setting next_dagrun for example_trigger_target_dag to None, run_after=None
[2025-08-06T14:35:07.281-0400] {processor.py:208} INFO - Processing /home/huynguyen2741/airflow_venv/lib/python3.12/site-packages/airflow/example_dags/example_trigger_target_dag.py took 0.051 seconds
[2025-08-06T14:36:04.640-0400] {processor.py:186} INFO - Started process (PID=28514) to work on /home/huynguyen2741/airflow_venv/lib/python3.12/site-packages/airflow/example_dags/example_trigger_target_dag.py
[2025-08-06T14:36:04.641-0400] {processor.py:914} INFO - Processing file /home/huynguyen2741/airflow_venv/lib/python3.12/site-packages/airflow/example_dags/example_trigger_target_dag.py for tasks to queue
[2025-08-06T14:36:04.642-0400] {logging_mixin.py:190} INFO - [2025-08-06T14:36:04.641-0400] {dagbag.py:588} INFO - Filling up the DagBag from /home/huynguyen2741/airflow_venv/lib/python3.12/site-packages/airflow/example_dags/example_trigger_target_dag.py
[2025-08-06T14:36:04.648-0400] {processor.py:925} INFO - DAG(s) 'example_trigger_target_dag' retrieved from /home/huynguyen2741/airflow_venv/lib/python3.12/site-packages/airflow/example_dags/example_trigger_target_dag.py
[2025-08-06T14:36:04.659-0400] {logging_mixin.py:190} INFO - [2025-08-06T14:36:04.659-0400] {dag.py:3239} INFO - Sync 1 DAGs
[2025-08-06T14:36:04.667-0400] {logging_mixin.py:190} INFO - [2025-08-06T14:36:04.667-0400] {dag.py:4180} INFO - Setting next_dagrun for example_trigger_target_dag to None, run_after=None
[2025-08-06T14:36:04.683-0400] {processor.py:208} INFO - Processing /home/huynguyen2741/airflow_venv/lib/python3.12/site-packages/airflow/example_dags/example_trigger_target_dag.py took 0.048 seconds
[2025-08-06T14:37:10.682-0400] {processor.py:186} INFO - Started process (PID=28760) to work on /home/huynguyen2741/airflow_venv/lib/python3.12/site-packages/airflow/example_dags/example_trigger_target_dag.py
[2025-08-06T14:37:10.691-0400] {processor.py:914} INFO - Processing file /home/huynguyen2741/airflow_venv/lib/python3.12/site-packages/airflow/example_dags/example_trigger_target_dag.py for tasks to queue
[2025-08-06T14:37:10.693-0400] {logging_mixin.py:190} INFO - [2025-08-06T14:37:10.692-0400] {dagbag.py:588} INFO - Filling up the DagBag from /home/huynguyen2741/airflow_venv/lib/python3.12/site-packages/airflow/example_dags/example_trigger_target_dag.py
[2025-08-06T14:37:10.700-0400] {processor.py:925} INFO - DAG(s) 'example_trigger_target_dag' retrieved from /home/huynguyen2741/airflow_venv/lib/python3.12/site-packages/airflow/example_dags/example_trigger_target_dag.py
[2025-08-06T14:37:10.714-0400] {logging_mixin.py:190} INFO - [2025-08-06T14:37:10.714-0400] {dag.py:3239} INFO - Sync 1 DAGs
[2025-08-06T14:37:10.725-0400] {logging_mixin.py:190} INFO - [2025-08-06T14:37:10.725-0400] {dag.py:4180} INFO - Setting next_dagrun for example_trigger_target_dag to None, run_after=None
[2025-08-06T14:37:10.742-0400] {processor.py:208} INFO - Processing /home/huynguyen2741/airflow_venv/lib/python3.12/site-packages/airflow/example_dags/example_trigger_target_dag.py took 0.066 seconds
[2025-08-06T14:38:13.167-0400] {processor.py:186} INFO - Started process (PID=28999) to work on /home/huynguyen2741/airflow_venv/lib/python3.12/site-packages/airflow/example_dags/example_trigger_target_dag.py
[2025-08-06T14:38:13.176-0400] {processor.py:914} INFO - Processing file /home/huynguyen2741/airflow_venv/lib/python3.12/site-packages/airflow/example_dags/example_trigger_target_dag.py for tasks to queue
[2025-08-06T14:38:13.177-0400] {logging_mixin.py:190} INFO - [2025-08-06T14:38:13.177-0400] {dagbag.py:588} INFO - Filling up the DagBag from /home/huynguyen2741/airflow_venv/lib/python3.12/site-packages/airflow/example_dags/example_trigger_target_dag.py
[2025-08-06T14:38:13.183-0400] {processor.py:925} INFO - DAG(s) 'example_trigger_target_dag' retrieved from /home/huynguyen2741/airflow_venv/lib/python3.12/site-packages/airflow/example_dags/example_trigger_target_dag.py
[2025-08-06T14:38:13.197-0400] {logging_mixin.py:190} INFO - [2025-08-06T14:38:13.197-0400] {dag.py:3239} INFO - Sync 1 DAGs
[2025-08-06T14:38:13.208-0400] {logging_mixin.py:190} INFO - [2025-08-06T14:38:13.208-0400] {dag.py:4180} INFO - Setting next_dagrun for example_trigger_target_dag to None, run_after=None
[2025-08-06T14:38:13.226-0400] {processor.py:208} INFO - Processing /home/huynguyen2741/airflow_venv/lib/python3.12/site-packages/airflow/example_dags/example_trigger_target_dag.py took 0.064 seconds
[2025-08-06T14:39:21.325-0400] {processor.py:186} INFO - Started process (PID=29292) to work on /home/huynguyen2741/airflow_venv/lib/python3.12/site-packages/airflow/example_dags/example_trigger_target_dag.py
[2025-08-06T14:39:21.326-0400] {processor.py:914} INFO - Processing file /home/huynguyen2741/airflow_venv/lib/python3.12/site-packages/airflow/example_dags/example_trigger_target_dag.py for tasks to queue
[2025-08-06T14:39:21.327-0400] {logging_mixin.py:190} INFO - [2025-08-06T14:39:21.327-0400] {dagbag.py:588} INFO - Filling up the DagBag from /home/huynguyen2741/airflow_venv/lib/python3.12/site-packages/airflow/example_dags/example_trigger_target_dag.py
[2025-08-06T14:39:21.335-0400] {processor.py:925} INFO - DAG(s) 'example_trigger_target_dag' retrieved from /home/huynguyen2741/airflow_venv/lib/python3.12/site-packages/airflow/example_dags/example_trigger_target_dag.py
[2025-08-06T14:39:21.349-0400] {logging_mixin.py:190} INFO - [2025-08-06T14:39:21.349-0400] {dag.py:3239} INFO - Sync 1 DAGs
[2025-08-06T14:39:21.362-0400] {logging_mixin.py:190} INFO - [2025-08-06T14:39:21.362-0400] {dag.py:4180} INFO - Setting next_dagrun for example_trigger_target_dag to None, run_after=None
[2025-08-06T14:39:21.385-0400] {processor.py:208} INFO - Processing /home/huynguyen2741/airflow_venv/lib/python3.12/site-packages/airflow/example_dags/example_trigger_target_dag.py took 0.067 seconds
[2025-08-06T14:40:24.311-0400] {processor.py:186} INFO - Started process (PID=29518) to work on /home/huynguyen2741/airflow_venv/lib/python3.12/site-packages/airflow/example_dags/example_trigger_target_dag.py
[2025-08-06T14:40:24.315-0400] {processor.py:914} INFO - Processing file /home/huynguyen2741/airflow_venv/lib/python3.12/site-packages/airflow/example_dags/example_trigger_target_dag.py for tasks to queue
[2025-08-06T14:40:24.316-0400] {logging_mixin.py:190} INFO - [2025-08-06T14:40:24.316-0400] {dagbag.py:588} INFO - Filling up the DagBag from /home/huynguyen2741/airflow_venv/lib/python3.12/site-packages/airflow/example_dags/example_trigger_target_dag.py
[2025-08-06T14:40:24.322-0400] {processor.py:925} INFO - DAG(s) 'example_trigger_target_dag' retrieved from /home/huynguyen2741/airflow_venv/lib/python3.12/site-packages/airflow/example_dags/example_trigger_target_dag.py
[2025-08-06T14:40:24.336-0400] {logging_mixin.py:190} INFO - [2025-08-06T14:40:24.336-0400] {dag.py:3239} INFO - Sync 1 DAGs
[2025-08-06T14:40:24.347-0400] {logging_mixin.py:190} INFO - [2025-08-06T14:40:24.347-0400] {dag.py:4180} INFO - Setting next_dagrun for example_trigger_target_dag to None, run_after=None
[2025-08-06T14:40:24.363-0400] {processor.py:208} INFO - Processing /home/huynguyen2741/airflow_venv/lib/python3.12/site-packages/airflow/example_dags/example_trigger_target_dag.py took 0.058 seconds
[2025-08-06T14:41:33.023-0400] {processor.py:186} INFO - Started process (PID=29817) to work on /home/huynguyen2741/airflow_venv/lib/python3.12/site-packages/airflow/example_dags/example_trigger_target_dag.py
[2025-08-06T14:41:33.032-0400] {processor.py:914} INFO - Processing file /home/huynguyen2741/airflow_venv/lib/python3.12/site-packages/airflow/example_dags/example_trigger_target_dag.py for tasks to queue
[2025-08-06T14:41:33.033-0400] {logging_mixin.py:190} INFO - [2025-08-06T14:41:33.033-0400] {dagbag.py:588} INFO - Filling up the DagBag from /home/huynguyen2741/airflow_venv/lib/python3.12/site-packages/airflow/example_dags/example_trigger_target_dag.py
[2025-08-06T14:41:33.039-0400] {processor.py:925} INFO - DAG(s) 'example_trigger_target_dag' retrieved from /home/huynguyen2741/airflow_venv/lib/python3.12/site-packages/airflow/example_dags/example_trigger_target_dag.py
[2025-08-06T14:41:33.049-0400] {logging_mixin.py:190} INFO - [2025-08-06T14:41:33.049-0400] {dag.py:3239} INFO - Sync 1 DAGs
[2025-08-06T14:41:33.057-0400] {logging_mixin.py:190} INFO - [2025-08-06T14:41:33.057-0400] {dag.py:4180} INFO - Setting next_dagrun for example_trigger_target_dag to None, run_after=None
[2025-08-06T14:41:33.073-0400] {processor.py:208} INFO - Processing /home/huynguyen2741/airflow_venv/lib/python3.12/site-packages/airflow/example_dags/example_trigger_target_dag.py took 0.055 seconds
[2025-08-06T14:42:35.639-0400] {processor.py:186} INFO - Started process (PID=30032) to work on /home/huynguyen2741/airflow_venv/lib/python3.12/site-packages/airflow/example_dags/example_trigger_target_dag.py
[2025-08-06T14:42:35.643-0400] {processor.py:914} INFO - Processing file /home/huynguyen2741/airflow_venv/lib/python3.12/site-packages/airflow/example_dags/example_trigger_target_dag.py for tasks to queue
[2025-08-06T14:42:35.644-0400] {logging_mixin.py:190} INFO - [2025-08-06T14:42:35.643-0400] {dagbag.py:588} INFO - Filling up the DagBag from /home/huynguyen2741/airflow_venv/lib/python3.12/site-packages/airflow/example_dags/example_trigger_target_dag.py
[2025-08-06T14:42:35.650-0400] {processor.py:925} INFO - DAG(s) 'example_trigger_target_dag' retrieved from /home/huynguyen2741/airflow_venv/lib/python3.12/site-packages/airflow/example_dags/example_trigger_target_dag.py
[2025-08-06T14:42:35.664-0400] {logging_mixin.py:190} INFO - [2025-08-06T14:42:35.664-0400] {dag.py:3239} INFO - Sync 1 DAGs
[2025-08-06T14:42:35.674-0400] {logging_mixin.py:190} INFO - [2025-08-06T14:42:35.674-0400] {dag.py:4180} INFO - Setting next_dagrun for example_trigger_target_dag to None, run_after=None
[2025-08-06T14:42:35.692-0400] {processor.py:208} INFO - Processing /home/huynguyen2741/airflow_venv/lib/python3.12/site-packages/airflow/example_dags/example_trigger_target_dag.py took 0.059 seconds
[2025-08-06T14:43:34.832-0400] {processor.py:186} INFO - Started process (PID=30267) to work on /home/huynguyen2741/airflow_venv/lib/python3.12/site-packages/airflow/example_dags/example_trigger_target_dag.py
[2025-08-06T14:43:34.834-0400] {processor.py:914} INFO - Processing file /home/huynguyen2741/airflow_venv/lib/python3.12/site-packages/airflow/example_dags/example_trigger_target_dag.py for tasks to queue
[2025-08-06T14:43:34.835-0400] {logging_mixin.py:190} INFO - [2025-08-06T14:43:34.835-0400] {dagbag.py:588} INFO - Filling up the DagBag from /home/huynguyen2741/airflow_venv/lib/python3.12/site-packages/airflow/example_dags/example_trigger_target_dag.py
[2025-08-06T14:43:34.842-0400] {processor.py:925} INFO - DAG(s) 'example_trigger_target_dag' retrieved from /home/huynguyen2741/airflow_venv/lib/python3.12/site-packages/airflow/example_dags/example_trigger_target_dag.py
[2025-08-06T14:43:34.854-0400] {logging_mixin.py:190} INFO - [2025-08-06T14:43:34.854-0400] {dag.py:3239} INFO - Sync 1 DAGs
[2025-08-06T14:43:34.863-0400] {logging_mixin.py:190} INFO - [2025-08-06T14:43:34.863-0400] {dag.py:4180} INFO - Setting next_dagrun for example_trigger_target_dag to None, run_after=None
[2025-08-06T14:43:34.882-0400] {processor.py:208} INFO - Processing /home/huynguyen2741/airflow_venv/lib/python3.12/site-packages/airflow/example_dags/example_trigger_target_dag.py took 0.056 seconds
[2025-08-06T14:44:41.151-0400] {processor.py:186} INFO - Started process (PID=30536) to work on /home/huynguyen2741/airflow_venv/lib/python3.12/site-packages/airflow/example_dags/example_trigger_target_dag.py
[2025-08-06T14:44:41.156-0400] {processor.py:914} INFO - Processing file /home/huynguyen2741/airflow_venv/lib/python3.12/site-packages/airflow/example_dags/example_trigger_target_dag.py for tasks to queue
[2025-08-06T14:44:41.157-0400] {logging_mixin.py:190} INFO - [2025-08-06T14:44:41.157-0400] {dagbag.py:588} INFO - Filling up the DagBag from /home/huynguyen2741/airflow_venv/lib/python3.12/site-packages/airflow/example_dags/example_trigger_target_dag.py
[2025-08-06T14:44:41.163-0400] {processor.py:925} INFO - DAG(s) 'example_trigger_target_dag' retrieved from /home/huynguyen2741/airflow_venv/lib/python3.12/site-packages/airflow/example_dags/example_trigger_target_dag.py
[2025-08-06T14:44:41.177-0400] {logging_mixin.py:190} INFO - [2025-08-06T14:44:41.177-0400] {dag.py:3239} INFO - Sync 1 DAGs
[2025-08-06T14:44:41.188-0400] {logging_mixin.py:190} INFO - [2025-08-06T14:44:41.187-0400] {dag.py:4180} INFO - Setting next_dagrun for example_trigger_target_dag to None, run_after=None
[2025-08-06T14:44:41.204-0400] {processor.py:208} INFO - Processing /home/huynguyen2741/airflow_venv/lib/python3.12/site-packages/airflow/example_dags/example_trigger_target_dag.py took 0.059 seconds
[2025-08-06T14:45:37.464-0400] {processor.py:186} INFO - Started process (PID=30786) to work on /home/huynguyen2741/airflow_venv/lib/python3.12/site-packages/airflow/example_dags/example_trigger_target_dag.py
[2025-08-06T14:45:37.473-0400] {processor.py:914} INFO - Processing file /home/huynguyen2741/airflow_venv/lib/python3.12/site-packages/airflow/example_dags/example_trigger_target_dag.py for tasks to queue
[2025-08-06T14:45:37.474-0400] {logging_mixin.py:190} INFO - [2025-08-06T14:45:37.474-0400] {dagbag.py:588} INFO - Filling up the DagBag from /home/huynguyen2741/airflow_venv/lib/python3.12/site-packages/airflow/example_dags/example_trigger_target_dag.py
[2025-08-06T14:45:37.481-0400] {processor.py:925} INFO - DAG(s) 'example_trigger_target_dag' retrieved from /home/huynguyen2741/airflow_venv/lib/python3.12/site-packages/airflow/example_dags/example_trigger_target_dag.py
[2025-08-06T14:45:37.492-0400] {logging_mixin.py:190} INFO - [2025-08-06T14:45:37.491-0400] {dag.py:3239} INFO - Sync 1 DAGs
[2025-08-06T14:45:37.499-0400] {logging_mixin.py:190} INFO - [2025-08-06T14:45:37.499-0400] {dag.py:4180} INFO - Setting next_dagrun for example_trigger_target_dag to None, run_after=None
[2025-08-06T14:45:37.514-0400] {processor.py:208} INFO - Processing /home/huynguyen2741/airflow_venv/lib/python3.12/site-packages/airflow/example_dags/example_trigger_target_dag.py took 0.056 seconds
[2025-08-06T14:46:39.918-0400] {processor.py:186} INFO - Started process (PID=31070) to work on /home/huynguyen2741/airflow_venv/lib/python3.12/site-packages/airflow/example_dags/example_trigger_target_dag.py
[2025-08-06T14:46:39.919-0400] {processor.py:914} INFO - Processing file /home/huynguyen2741/airflow_venv/lib/python3.12/site-packages/airflow/example_dags/example_trigger_target_dag.py for tasks to queue
[2025-08-06T14:46:39.920-0400] {logging_mixin.py:190} INFO - [2025-08-06T14:46:39.920-0400] {dagbag.py:588} INFO - Filling up the DagBag from /home/huynguyen2741/airflow_venv/lib/python3.12/site-packages/airflow/example_dags/example_trigger_target_dag.py
[2025-08-06T14:46:39.927-0400] {processor.py:925} INFO - DAG(s) 'example_trigger_target_dag' retrieved from /home/huynguyen2741/airflow_venv/lib/python3.12/site-packages/airflow/example_dags/example_trigger_target_dag.py
[2025-08-06T14:46:39.940-0400] {logging_mixin.py:190} INFO - [2025-08-06T14:46:39.939-0400] {dag.py:3239} INFO - Sync 1 DAGs
[2025-08-06T14:46:39.950-0400] {logging_mixin.py:190} INFO - [2025-08-06T14:46:39.950-0400] {dag.py:4180} INFO - Setting next_dagrun for example_trigger_target_dag to None, run_after=None
[2025-08-06T14:46:39.966-0400] {processor.py:208} INFO - Processing /home/huynguyen2741/airflow_venv/lib/python3.12/site-packages/airflow/example_dags/example_trigger_target_dag.py took 0.054 seconds
[2025-08-06T14:48:02.584-0400] {processor.py:186} INFO - Started process (PID=31567) to work on /home/huynguyen2741/airflow_venv/lib/python3.12/site-packages/airflow/example_dags/example_trigger_target_dag.py
[2025-08-06T14:48:02.589-0400] {processor.py:914} INFO - Processing file /home/huynguyen2741/airflow_venv/lib/python3.12/site-packages/airflow/example_dags/example_trigger_target_dag.py for tasks to queue
[2025-08-06T14:48:02.590-0400] {logging_mixin.py:190} INFO - [2025-08-06T14:48:02.589-0400] {dagbag.py:588} INFO - Filling up the DagBag from /home/huynguyen2741/airflow_venv/lib/python3.12/site-packages/airflow/example_dags/example_trigger_target_dag.py
[2025-08-06T14:48:02.597-0400] {processor.py:925} INFO - DAG(s) 'example_trigger_target_dag' retrieved from /home/huynguyen2741/airflow_venv/lib/python3.12/site-packages/airflow/example_dags/example_trigger_target_dag.py
[2025-08-06T14:48:02.610-0400] {logging_mixin.py:190} INFO - [2025-08-06T14:48:02.610-0400] {dag.py:3239} INFO - Sync 1 DAGs
[2025-08-06T14:48:02.620-0400] {logging_mixin.py:190} INFO - [2025-08-06T14:48:02.620-0400] {dag.py:4180} INFO - Setting next_dagrun for example_trigger_target_dag to None, run_after=None
[2025-08-06T14:48:02.639-0400] {processor.py:208} INFO - Processing /home/huynguyen2741/airflow_venv/lib/python3.12/site-packages/airflow/example_dags/example_trigger_target_dag.py took 0.061 seconds
[2025-08-06T14:49:15.443-0400] {processor.py:186} INFO - Started process (PID=31846) to work on /home/huynguyen2741/airflow_venv/lib/python3.12/site-packages/airflow/example_dags/example_trigger_target_dag.py
[2025-08-06T14:49:15.446-0400] {processor.py:914} INFO - Processing file /home/huynguyen2741/airflow_venv/lib/python3.12/site-packages/airflow/example_dags/example_trigger_target_dag.py for tasks to queue
[2025-08-06T14:49:15.447-0400] {logging_mixin.py:190} INFO - [2025-08-06T14:49:15.447-0400] {dagbag.py:588} INFO - Filling up the DagBag from /home/huynguyen2741/airflow_venv/lib/python3.12/site-packages/airflow/example_dags/example_trigger_target_dag.py
[2025-08-06T14:49:15.453-0400] {processor.py:925} INFO - DAG(s) 'example_trigger_target_dag' retrieved from /home/huynguyen2741/airflow_venv/lib/python3.12/site-packages/airflow/example_dags/example_trigger_target_dag.py
[2025-08-06T14:49:15.465-0400] {logging_mixin.py:190} INFO - [2025-08-06T14:49:15.464-0400] {dag.py:3239} INFO - Sync 1 DAGs
[2025-08-06T14:49:15.473-0400] {logging_mixin.py:190} INFO - [2025-08-06T14:49:15.473-0400] {dag.py:4180} INFO - Setting next_dagrun for example_trigger_target_dag to None, run_after=None
[2025-08-06T14:49:15.488-0400] {processor.py:208} INFO - Processing /home/huynguyen2741/airflow_venv/lib/python3.12/site-packages/airflow/example_dags/example_trigger_target_dag.py took 0.050 seconds
[2025-08-06T14:50:19.238-0400] {processor.py:186} INFO - Started process (PID=32072) to work on /home/huynguyen2741/airflow_venv/lib/python3.12/site-packages/airflow/example_dags/example_trigger_target_dag.py
[2025-08-06T14:50:19.242-0400] {processor.py:914} INFO - Processing file /home/huynguyen2741/airflow_venv/lib/python3.12/site-packages/airflow/example_dags/example_trigger_target_dag.py for tasks to queue
[2025-08-06T14:50:19.243-0400] {logging_mixin.py:190} INFO - [2025-08-06T14:50:19.243-0400] {dagbag.py:588} INFO - Filling up the DagBag from /home/huynguyen2741/airflow_venv/lib/python3.12/site-packages/airflow/example_dags/example_trigger_target_dag.py
[2025-08-06T14:50:19.249-0400] {processor.py:925} INFO - DAG(s) 'example_trigger_target_dag' retrieved from /home/huynguyen2741/airflow_venv/lib/python3.12/site-packages/airflow/example_dags/example_trigger_target_dag.py
[2025-08-06T14:50:19.260-0400] {logging_mixin.py:190} INFO - [2025-08-06T14:50:19.260-0400] {dag.py:3239} INFO - Sync 1 DAGs
[2025-08-06T14:50:19.268-0400] {logging_mixin.py:190} INFO - [2025-08-06T14:50:19.268-0400] {dag.py:4180} INFO - Setting next_dagrun for example_trigger_target_dag to None, run_after=None
[2025-08-06T14:50:19.284-0400] {processor.py:208} INFO - Processing /home/huynguyen2741/airflow_venv/lib/python3.12/site-packages/airflow/example_dags/example_trigger_target_dag.py took 0.051 seconds
[2025-08-06T14:51:21.656-0400] {processor.py:186} INFO - Started process (PID=32300) to work on /home/huynguyen2741/airflow_venv/lib/python3.12/site-packages/airflow/example_dags/example_trigger_target_dag.py
[2025-08-06T14:51:21.660-0400] {processor.py:914} INFO - Processing file /home/huynguyen2741/airflow_venv/lib/python3.12/site-packages/airflow/example_dags/example_trigger_target_dag.py for tasks to queue
[2025-08-06T14:51:21.661-0400] {logging_mixin.py:190} INFO - [2025-08-06T14:51:21.661-0400] {dagbag.py:588} INFO - Filling up the DagBag from /home/huynguyen2741/airflow_venv/lib/python3.12/site-packages/airflow/example_dags/example_trigger_target_dag.py
[2025-08-06T14:51:21.667-0400] {processor.py:925} INFO - DAG(s) 'example_trigger_target_dag' retrieved from /home/huynguyen2741/airflow_venv/lib/python3.12/site-packages/airflow/example_dags/example_trigger_target_dag.py
[2025-08-06T14:51:21.681-0400] {logging_mixin.py:190} INFO - [2025-08-06T14:51:21.680-0400] {dag.py:3239} INFO - Sync 1 DAGs
[2025-08-06T14:51:21.691-0400] {logging_mixin.py:190} INFO - [2025-08-06T14:51:21.691-0400] {dag.py:4180} INFO - Setting next_dagrun for example_trigger_target_dag to None, run_after=None
[2025-08-06T14:51:21.708-0400] {processor.py:208} INFO - Processing /home/huynguyen2741/airflow_venv/lib/python3.12/site-packages/airflow/example_dags/example_trigger_target_dag.py took 0.058 seconds
[2025-08-06T14:52:21.113-0400] {processor.py:186} INFO - Started process (PID=32555) to work on /home/huynguyen2741/airflow_venv/lib/python3.12/site-packages/airflow/example_dags/example_trigger_target_dag.py
[2025-08-06T14:52:21.118-0400] {processor.py:914} INFO - Processing file /home/huynguyen2741/airflow_venv/lib/python3.12/site-packages/airflow/example_dags/example_trigger_target_dag.py for tasks to queue
[2025-08-06T14:52:21.119-0400] {logging_mixin.py:190} INFO - [2025-08-06T14:52:21.119-0400] {dagbag.py:588} INFO - Filling up the DagBag from /home/huynguyen2741/airflow_venv/lib/python3.12/site-packages/airflow/example_dags/example_trigger_target_dag.py
[2025-08-06T14:52:21.128-0400] {processor.py:925} INFO - DAG(s) 'example_trigger_target_dag' retrieved from /home/huynguyen2741/airflow_venv/lib/python3.12/site-packages/airflow/example_dags/example_trigger_target_dag.py
[2025-08-06T14:52:21.147-0400] {logging_mixin.py:190} INFO - [2025-08-06T14:52:21.147-0400] {dag.py:3239} INFO - Sync 1 DAGs
[2025-08-06T14:52:21.160-0400] {logging_mixin.py:190} INFO - [2025-08-06T14:52:21.160-0400] {dag.py:4180} INFO - Setting next_dagrun for example_trigger_target_dag to None, run_after=None
[2025-08-06T14:52:21.178-0400] {processor.py:208} INFO - Processing /home/huynguyen2741/airflow_venv/lib/python3.12/site-packages/airflow/example_dags/example_trigger_target_dag.py took 0.071 seconds
[2025-08-06T14:53:24.039-0400] {processor.py:186} INFO - Started process (PID=32852) to work on /home/huynguyen2741/airflow_venv/lib/python3.12/site-packages/airflow/example_dags/example_trigger_target_dag.py
[2025-08-06T14:53:24.049-0400] {processor.py:914} INFO - Processing file /home/huynguyen2741/airflow_venv/lib/python3.12/site-packages/airflow/example_dags/example_trigger_target_dag.py for tasks to queue
[2025-08-06T14:53:24.050-0400] {logging_mixin.py:190} INFO - [2025-08-06T14:53:24.049-0400] {dagbag.py:588} INFO - Filling up the DagBag from /home/huynguyen2741/airflow_venv/lib/python3.12/site-packages/airflow/example_dags/example_trigger_target_dag.py
[2025-08-06T14:53:24.057-0400] {processor.py:925} INFO - DAG(s) 'example_trigger_target_dag' retrieved from /home/huynguyen2741/airflow_venv/lib/python3.12/site-packages/airflow/example_dags/example_trigger_target_dag.py
[2025-08-06T14:53:24.067-0400] {logging_mixin.py:190} INFO - [2025-08-06T14:53:24.067-0400] {dag.py:3239} INFO - Sync 1 DAGs
[2025-08-06T14:53:24.076-0400] {logging_mixin.py:190} INFO - [2025-08-06T14:53:24.076-0400] {dag.py:4180} INFO - Setting next_dagrun for example_trigger_target_dag to None, run_after=None
[2025-08-06T14:53:24.091-0400] {processor.py:208} INFO - Processing /home/huynguyen2741/airflow_venv/lib/python3.12/site-packages/airflow/example_dags/example_trigger_target_dag.py took 0.058 seconds
[2025-08-06T14:54:25.382-0400] {processor.py:186} INFO - Started process (PID=33304) to work on /home/huynguyen2741/airflow_venv/lib/python3.12/site-packages/airflow/example_dags/example_trigger_target_dag.py
[2025-08-06T14:54:25.387-0400] {processor.py:914} INFO - Processing file /home/huynguyen2741/airflow_venv/lib/python3.12/site-packages/airflow/example_dags/example_trigger_target_dag.py for tasks to queue
[2025-08-06T14:54:25.388-0400] {logging_mixin.py:190} INFO - [2025-08-06T14:54:25.388-0400] {dagbag.py:588} INFO - Filling up the DagBag from /home/huynguyen2741/airflow_venv/lib/python3.12/site-packages/airflow/example_dags/example_trigger_target_dag.py
[2025-08-06T14:54:25.394-0400] {processor.py:925} INFO - DAG(s) 'example_trigger_target_dag' retrieved from /home/huynguyen2741/airflow_venv/lib/python3.12/site-packages/airflow/example_dags/example_trigger_target_dag.py
[2025-08-06T14:54:25.405-0400] {logging_mixin.py:190} INFO - [2025-08-06T14:54:25.405-0400] {dag.py:3239} INFO - Sync 1 DAGs
[2025-08-06T14:54:25.413-0400] {logging_mixin.py:190} INFO - [2025-08-06T14:54:25.413-0400] {dag.py:4180} INFO - Setting next_dagrun for example_trigger_target_dag to None, run_after=None
[2025-08-06T14:54:25.428-0400] {processor.py:208} INFO - Processing /home/huynguyen2741/airflow_venv/lib/python3.12/site-packages/airflow/example_dags/example_trigger_target_dag.py took 0.052 seconds
[2025-08-06T14:55:22.254-0400] {processor.py:186} INFO - Started process (PID=33590) to work on /home/huynguyen2741/airflow_venv/lib/python3.12/site-packages/airflow/example_dags/example_trigger_target_dag.py
[2025-08-06T14:55:22.258-0400] {processor.py:914} INFO - Processing file /home/huynguyen2741/airflow_venv/lib/python3.12/site-packages/airflow/example_dags/example_trigger_target_dag.py for tasks to queue
[2025-08-06T14:55:22.259-0400] {logging_mixin.py:190} INFO - [2025-08-06T14:55:22.259-0400] {dagbag.py:588} INFO - Filling up the DagBag from /home/huynguyen2741/airflow_venv/lib/python3.12/site-packages/airflow/example_dags/example_trigger_target_dag.py
[2025-08-06T14:55:22.266-0400] {processor.py:925} INFO - DAG(s) 'example_trigger_target_dag' retrieved from /home/huynguyen2741/airflow_venv/lib/python3.12/site-packages/airflow/example_dags/example_trigger_target_dag.py
[2025-08-06T14:55:22.277-0400] {logging_mixin.py:190} INFO - [2025-08-06T14:55:22.277-0400] {dag.py:3239} INFO - Sync 1 DAGs
[2025-08-06T14:55:22.285-0400] {logging_mixin.py:190} INFO - [2025-08-06T14:55:22.285-0400] {dag.py:4180} INFO - Setting next_dagrun for example_trigger_target_dag to None, run_after=None
[2025-08-06T14:55:22.301-0400] {processor.py:208} INFO - Processing /home/huynguyen2741/airflow_venv/lib/python3.12/site-packages/airflow/example_dags/example_trigger_target_dag.py took 0.053 seconds
[2025-08-06T14:56:21.639-0400] {processor.py:186} INFO - Started process (PID=33896) to work on /home/huynguyen2741/airflow_venv/lib/python3.12/site-packages/airflow/example_dags/example_trigger_target_dag.py
[2025-08-06T14:56:21.643-0400] {processor.py:914} INFO - Processing file /home/huynguyen2741/airflow_venv/lib/python3.12/site-packages/airflow/example_dags/example_trigger_target_dag.py for tasks to queue
[2025-08-06T14:56:21.644-0400] {logging_mixin.py:190} INFO - [2025-08-06T14:56:21.644-0400] {dagbag.py:588} INFO - Filling up the DagBag from /home/huynguyen2741/airflow_venv/lib/python3.12/site-packages/airflow/example_dags/example_trigger_target_dag.py
[2025-08-06T14:56:21.650-0400] {processor.py:925} INFO - DAG(s) 'example_trigger_target_dag' retrieved from /home/huynguyen2741/airflow_venv/lib/python3.12/site-packages/airflow/example_dags/example_trigger_target_dag.py
[2025-08-06T14:56:21.661-0400] {logging_mixin.py:190} INFO - [2025-08-06T14:56:21.661-0400] {dag.py:3239} INFO - Sync 1 DAGs
[2025-08-06T14:56:21.669-0400] {logging_mixin.py:190} INFO - [2025-08-06T14:56:21.669-0400] {dag.py:4180} INFO - Setting next_dagrun for example_trigger_target_dag to None, run_after=None
[2025-08-06T14:56:21.685-0400] {processor.py:208} INFO - Processing /home/huynguyen2741/airflow_venv/lib/python3.12/site-packages/airflow/example_dags/example_trigger_target_dag.py took 0.051 seconds
[2025-08-06T14:57:25.210-0400] {processor.py:186} INFO - Started process (PID=34151) to work on /home/huynguyen2741/airflow_venv/lib/python3.12/site-packages/airflow/example_dags/example_trigger_target_dag.py
[2025-08-06T14:57:25.211-0400] {processor.py:914} INFO - Processing file /home/huynguyen2741/airflow_venv/lib/python3.12/site-packages/airflow/example_dags/example_trigger_target_dag.py for tasks to queue
[2025-08-06T14:57:25.212-0400] {logging_mixin.py:190} INFO - [2025-08-06T14:57:25.211-0400] {dagbag.py:588} INFO - Filling up the DagBag from /home/huynguyen2741/airflow_venv/lib/python3.12/site-packages/airflow/example_dags/example_trigger_target_dag.py
[2025-08-06T14:57:25.218-0400] {processor.py:925} INFO - DAG(s) 'example_trigger_target_dag' retrieved from /home/huynguyen2741/airflow_venv/lib/python3.12/site-packages/airflow/example_dags/example_trigger_target_dag.py
[2025-08-06T14:57:25.229-0400] {logging_mixin.py:190} INFO - [2025-08-06T14:57:25.228-0400] {dag.py:3239} INFO - Sync 1 DAGs
[2025-08-06T14:57:25.237-0400] {logging_mixin.py:190} INFO - [2025-08-06T14:57:25.236-0400] {dag.py:4180} INFO - Setting next_dagrun for example_trigger_target_dag to None, run_after=None
[2025-08-06T14:57:25.252-0400] {processor.py:208} INFO - Processing /home/huynguyen2741/airflow_venv/lib/python3.12/site-packages/airflow/example_dags/example_trigger_target_dag.py took 0.048 seconds
[2025-08-06T14:58:26.510-0400] {processor.py:186} INFO - Started process (PID=34425) to work on /home/huynguyen2741/airflow_venv/lib/python3.12/site-packages/airflow/example_dags/example_trigger_target_dag.py
[2025-08-06T14:58:26.514-0400] {processor.py:914} INFO - Processing file /home/huynguyen2741/airflow_venv/lib/python3.12/site-packages/airflow/example_dags/example_trigger_target_dag.py for tasks to queue
[2025-08-06T14:58:26.516-0400] {logging_mixin.py:190} INFO - [2025-08-06T14:58:26.515-0400] {dagbag.py:588} INFO - Filling up the DagBag from /home/huynguyen2741/airflow_venv/lib/python3.12/site-packages/airflow/example_dags/example_trigger_target_dag.py
[2025-08-06T14:58:26.522-0400] {processor.py:925} INFO - DAG(s) 'example_trigger_target_dag' retrieved from /home/huynguyen2741/airflow_venv/lib/python3.12/site-packages/airflow/example_dags/example_trigger_target_dag.py
[2025-08-06T14:58:26.532-0400] {logging_mixin.py:190} INFO - [2025-08-06T14:58:26.532-0400] {dag.py:3239} INFO - Sync 1 DAGs
[2025-08-06T14:58:26.542-0400] {logging_mixin.py:190} INFO - [2025-08-06T14:58:26.541-0400] {dag.py:4180} INFO - Setting next_dagrun for example_trigger_target_dag to None, run_after=None
[2025-08-06T14:58:26.558-0400] {processor.py:208} INFO - Processing /home/huynguyen2741/airflow_venv/lib/python3.12/site-packages/airflow/example_dags/example_trigger_target_dag.py took 0.054 seconds
[2025-08-06T14:59:29.375-0400] {processor.py:186} INFO - Started process (PID=34660) to work on /home/huynguyen2741/airflow_venv/lib/python3.12/site-packages/airflow/example_dags/example_trigger_target_dag.py
[2025-08-06T14:59:29.376-0400] {processor.py:914} INFO - Processing file /home/huynguyen2741/airflow_venv/lib/python3.12/site-packages/airflow/example_dags/example_trigger_target_dag.py for tasks to queue
[2025-08-06T14:59:29.377-0400] {logging_mixin.py:190} INFO - [2025-08-06T14:59:29.377-0400] {dagbag.py:588} INFO - Filling up the DagBag from /home/huynguyen2741/airflow_venv/lib/python3.12/site-packages/airflow/example_dags/example_trigger_target_dag.py
[2025-08-06T14:59:29.383-0400] {processor.py:925} INFO - DAG(s) 'example_trigger_target_dag' retrieved from /home/huynguyen2741/airflow_venv/lib/python3.12/site-packages/airflow/example_dags/example_trigger_target_dag.py
[2025-08-06T14:59:29.395-0400] {logging_mixin.py:190} INFO - [2025-08-06T14:59:29.394-0400] {dag.py:3239} INFO - Sync 1 DAGs
[2025-08-06T14:59:29.403-0400] {logging_mixin.py:190} INFO - [2025-08-06T14:59:29.402-0400] {dag.py:4180} INFO - Setting next_dagrun for example_trigger_target_dag to None, run_after=None
[2025-08-06T14:59:29.418-0400] {processor.py:208} INFO - Processing /home/huynguyen2741/airflow_venv/lib/python3.12/site-packages/airflow/example_dags/example_trigger_target_dag.py took 0.048 seconds
[2025-08-06T15:00:31.606-0400] {processor.py:186} INFO - Started process (PID=34896) to work on /home/huynguyen2741/airflow_venv/lib/python3.12/site-packages/airflow/example_dags/example_trigger_target_dag.py
[2025-08-06T15:00:31.607-0400] {processor.py:914} INFO - Processing file /home/huynguyen2741/airflow_venv/lib/python3.12/site-packages/airflow/example_dags/example_trigger_target_dag.py for tasks to queue
[2025-08-06T15:00:31.608-0400] {logging_mixin.py:190} INFO - [2025-08-06T15:00:31.608-0400] {dagbag.py:588} INFO - Filling up the DagBag from /home/huynguyen2741/airflow_venv/lib/python3.12/site-packages/airflow/example_dags/example_trigger_target_dag.py
[2025-08-06T15:00:31.615-0400] {processor.py:925} INFO - DAG(s) 'example_trigger_target_dag' retrieved from /home/huynguyen2741/airflow_venv/lib/python3.12/site-packages/airflow/example_dags/example_trigger_target_dag.py
[2025-08-06T15:00:31.627-0400] {logging_mixin.py:190} INFO - [2025-08-06T15:00:31.627-0400] {dag.py:3239} INFO - Sync 1 DAGs
[2025-08-06T15:00:31.636-0400] {logging_mixin.py:190} INFO - [2025-08-06T15:00:31.636-0400] {dag.py:4180} INFO - Setting next_dagrun for example_trigger_target_dag to None, run_after=None
[2025-08-06T15:00:31.653-0400] {processor.py:208} INFO - Processing /home/huynguyen2741/airflow_venv/lib/python3.12/site-packages/airflow/example_dags/example_trigger_target_dag.py took 0.052 seconds
