[2025-08-06T13:57:24.693-0400] {processor.py:186} INFO - Started process (PID=17741) to work on /home/huynguyen2741/airflow_venv/lib/python3.12/site-packages/airflow/example_dags/example_skip_dag.py
[2025-08-06T13:57:24.693-0400] {processor.py:914} INFO - Processing file /home/huynguyen2741/airflow_venv/lib/python3.12/site-packages/airflow/example_dags/example_skip_dag.py for tasks to queue
[2025-08-06T13:57:24.695-0400] {logging_mixin.py:190} INFO - [2025-08-06T13:57:24.695-0400] {dagbag.py:588} INFO - Filling up the DagBag from /home/huynguyen2741/airflow_venv/lib/python3.12/site-packages/airflow/example_dags/example_skip_dag.py
[2025-08-06T13:57:24.701-0400] {processor.py:925} INFO - DAG(s) 'example_skip_dag' retrieved from /home/huynguyen2741/airflow_venv/lib/python3.12/site-packages/airflow/example_dags/example_skip_dag.py
[2025-08-06T13:57:24.782-0400] {logging_mixin.py:190} INFO - [2025-08-06T13:57:24.781-0400] {override.py:1930} INFO - Created Permission View: can edit on DAG:example_skip_dag
[2025-08-06T13:57:24.791-0400] {logging_mixin.py:190} INFO - [2025-08-06T13:57:24.791-0400] {override.py:1930} INFO - Created Permission View: can read on DAG:example_skip_dag
[2025-08-06T13:57:24.799-0400] {logging_mixin.py:190} INFO - [2025-08-06T13:57:24.799-0400] {override.py:1930} INFO - Created Permission View: can delete on DAG:example_skip_dag
[2025-08-06T13:57:24.811-0400] {logging_mixin.py:190} INFO - [2025-08-06T13:57:24.811-0400] {override.py:1930} INFO - Created Permission View: menu access on DAG Run:example_skip_dag
[2025-08-06T13:57:24.819-0400] {logging_mixin.py:190} INFO - [2025-08-06T13:57:24.819-0400] {override.py:1930} INFO - Created Permission View: can read on DAG Run:example_skip_dag
[2025-08-06T13:57:24.826-0400] {logging_mixin.py:190} INFO - [2025-08-06T13:57:24.826-0400] {override.py:1930} INFO - Created Permission View: can create on DAG Run:example_skip_dag
[2025-08-06T13:57:24.834-0400] {logging_mixin.py:190} INFO - [2025-08-06T13:57:24.834-0400] {override.py:1930} INFO - Created Permission View: can delete on DAG Run:example_skip_dag
[2025-08-06T13:57:24.834-0400] {logging_mixin.py:190} INFO - [2025-08-06T13:57:24.834-0400] {dag.py:3239} INFO - Sync 1 DAGs
[2025-08-06T13:57:24.842-0400] {logging_mixin.py:190} INFO - [2025-08-06T13:57:24.841-0400] {dag.py:3262} INFO - Creating ORM DAG for example_skip_dag
[2025-08-06T13:57:24.847-0400] {logging_mixin.py:190} INFO - [2025-08-06T13:57:24.847-0400] {dag.py:4180} INFO - Setting next_dagrun for example_skip_dag to 2025-08-05 00:00:00+00:00, run_after=2025-08-06 00:00:00+00:00
[2025-08-06T13:57:24.863-0400] {processor.py:208} INFO - Processing /home/huynguyen2741/airflow_venv/lib/python3.12/site-packages/airflow/example_dags/example_skip_dag.py took 0.174 seconds
[2025-08-06T13:58:28.962-0400] {processor.py:186} INFO - Started process (PID=17978) to work on /home/huynguyen2741/airflow_venv/lib/python3.12/site-packages/airflow/example_dags/example_skip_dag.py
[2025-08-06T13:58:28.963-0400] {processor.py:914} INFO - Processing file /home/huynguyen2741/airflow_venv/lib/python3.12/site-packages/airflow/example_dags/example_skip_dag.py for tasks to queue
[2025-08-06T13:58:28.964-0400] {logging_mixin.py:190} INFO - [2025-08-06T13:58:28.964-0400] {dagbag.py:588} INFO - Filling up the DagBag from /home/huynguyen2741/airflow_venv/lib/python3.12/site-packages/airflow/example_dags/example_skip_dag.py
[2025-08-06T13:58:28.970-0400] {processor.py:925} INFO - DAG(s) 'example_skip_dag' retrieved from /home/huynguyen2741/airflow_venv/lib/python3.12/site-packages/airflow/example_dags/example_skip_dag.py
[2025-08-06T13:58:28.983-0400] {logging_mixin.py:190} INFO - [2025-08-06T13:58:28.983-0400] {dag.py:3239} INFO - Sync 1 DAGs
[2025-08-06T13:58:28.995-0400] {logging_mixin.py:190} INFO - [2025-08-06T13:58:28.995-0400] {dag.py:4180} INFO - Setting next_dagrun for example_skip_dag to 2025-08-05 00:00:00+00:00, run_after=2025-08-06 00:00:00+00:00
[2025-08-06T13:58:29.011-0400] {processor.py:208} INFO - Processing /home/huynguyen2741/airflow_venv/lib/python3.12/site-packages/airflow/example_dags/example_skip_dag.py took 0.054 seconds
[2025-08-06T13:59:29.963-0400] {processor.py:186} INFO - Started process (PID=18197) to work on /home/huynguyen2741/airflow_venv/lib/python3.12/site-packages/airflow/example_dags/example_skip_dag.py
[2025-08-06T13:59:29.964-0400] {processor.py:914} INFO - Processing file /home/huynguyen2741/airflow_venv/lib/python3.12/site-packages/airflow/example_dags/example_skip_dag.py for tasks to queue
[2025-08-06T13:59:29.965-0400] {logging_mixin.py:190} INFO - [2025-08-06T13:59:29.965-0400] {dagbag.py:588} INFO - Filling up the DagBag from /home/huynguyen2741/airflow_venv/lib/python3.12/site-packages/airflow/example_dags/example_skip_dag.py
[2025-08-06T13:59:29.972-0400] {processor.py:925} INFO - DAG(s) 'example_skip_dag' retrieved from /home/huynguyen2741/airflow_venv/lib/python3.12/site-packages/airflow/example_dags/example_skip_dag.py
[2025-08-06T13:59:29.983-0400] {logging_mixin.py:190} INFO - [2025-08-06T13:59:29.983-0400] {dag.py:3239} INFO - Sync 1 DAGs
[2025-08-06T13:59:29.997-0400] {logging_mixin.py:190} INFO - [2025-08-06T13:59:29.996-0400] {dag.py:4180} INFO - Setting next_dagrun for example_skip_dag to 2025-08-05 00:00:00+00:00, run_after=2025-08-06 00:00:00+00:00
[2025-08-06T13:59:30.013-0400] {processor.py:208} INFO - Processing /home/huynguyen2741/airflow_venv/lib/python3.12/site-packages/airflow/example_dags/example_skip_dag.py took 0.054 seconds
[2025-08-06T14:00:27.960-0400] {processor.py:186} INFO - Started process (PID=18410) to work on /home/huynguyen2741/airflow_venv/lib/python3.12/site-packages/airflow/example_dags/example_skip_dag.py
[2025-08-06T14:00:27.962-0400] {processor.py:914} INFO - Processing file /home/huynguyen2741/airflow_venv/lib/python3.12/site-packages/airflow/example_dags/example_skip_dag.py for tasks to queue
[2025-08-06T14:00:27.963-0400] {logging_mixin.py:190} INFO - [2025-08-06T14:00:27.963-0400] {dagbag.py:588} INFO - Filling up the DagBag from /home/huynguyen2741/airflow_venv/lib/python3.12/site-packages/airflow/example_dags/example_skip_dag.py
[2025-08-06T14:00:27.969-0400] {processor.py:925} INFO - DAG(s) 'example_skip_dag' retrieved from /home/huynguyen2741/airflow_venv/lib/python3.12/site-packages/airflow/example_dags/example_skip_dag.py
[2025-08-06T14:00:27.980-0400] {logging_mixin.py:190} INFO - [2025-08-06T14:00:27.980-0400] {dag.py:3239} INFO - Sync 1 DAGs
[2025-08-06T14:00:27.992-0400] {logging_mixin.py:190} INFO - [2025-08-06T14:00:27.992-0400] {dag.py:4180} INFO - Setting next_dagrun for example_skip_dag to 2025-08-05 00:00:00+00:00, run_after=2025-08-06 00:00:00+00:00
[2025-08-06T14:00:28.009-0400] {processor.py:208} INFO - Processing /home/huynguyen2741/airflow_venv/lib/python3.12/site-packages/airflow/example_dags/example_skip_dag.py took 0.053 seconds
[2025-08-06T14:01:33.957-0400] {processor.py:186} INFO - Started process (PID=18643) to work on /home/huynguyen2741/airflow_venv/lib/python3.12/site-packages/airflow/example_dags/example_skip_dag.py
[2025-08-06T14:01:33.958-0400] {processor.py:914} INFO - Processing file /home/huynguyen2741/airflow_venv/lib/python3.12/site-packages/airflow/example_dags/example_skip_dag.py for tasks to queue
[2025-08-06T14:01:33.959-0400] {logging_mixin.py:190} INFO - [2025-08-06T14:01:33.959-0400] {dagbag.py:588} INFO - Filling up the DagBag from /home/huynguyen2741/airflow_venv/lib/python3.12/site-packages/airflow/example_dags/example_skip_dag.py
[2025-08-06T14:01:33.965-0400] {processor.py:925} INFO - DAG(s) 'example_skip_dag' retrieved from /home/huynguyen2741/airflow_venv/lib/python3.12/site-packages/airflow/example_dags/example_skip_dag.py
[2025-08-06T14:01:33.976-0400] {logging_mixin.py:190} INFO - [2025-08-06T14:01:33.976-0400] {dag.py:3239} INFO - Sync 1 DAGs
[2025-08-06T14:01:33.988-0400] {logging_mixin.py:190} INFO - [2025-08-06T14:01:33.988-0400] {dag.py:4180} INFO - Setting next_dagrun for example_skip_dag to 2025-08-05 00:00:00+00:00, run_after=2025-08-06 00:00:00+00:00
[2025-08-06T14:01:34.003-0400] {processor.py:208} INFO - Processing /home/huynguyen2741/airflow_venv/lib/python3.12/site-packages/airflow/example_dags/example_skip_dag.py took 0.050 seconds
[2025-08-06T14:02:34.920-0400] {processor.py:186} INFO - Started process (PID=18885) to work on /home/huynguyen2741/airflow_venv/lib/python3.12/site-packages/airflow/example_dags/example_skip_dag.py
[2025-08-06T14:02:34.924-0400] {processor.py:914} INFO - Processing file /home/huynguyen2741/airflow_venv/lib/python3.12/site-packages/airflow/example_dags/example_skip_dag.py for tasks to queue
[2025-08-06T14:02:34.926-0400] {logging_mixin.py:190} INFO - [2025-08-06T14:02:34.926-0400] {dagbag.py:588} INFO - Filling up the DagBag from /home/huynguyen2741/airflow_venv/lib/python3.12/site-packages/airflow/example_dags/example_skip_dag.py
[2025-08-06T14:02:34.932-0400] {processor.py:925} INFO - DAG(s) 'example_skip_dag' retrieved from /home/huynguyen2741/airflow_venv/lib/python3.12/site-packages/airflow/example_dags/example_skip_dag.py
[2025-08-06T14:02:34.944-0400] {logging_mixin.py:190} INFO - [2025-08-06T14:02:34.944-0400] {dag.py:3239} INFO - Sync 1 DAGs
[2025-08-06T14:02:34.958-0400] {logging_mixin.py:190} INFO - [2025-08-06T14:02:34.958-0400] {dag.py:4180} INFO - Setting next_dagrun for example_skip_dag to 2025-08-05 00:00:00+00:00, run_after=2025-08-06 00:00:00+00:00
[2025-08-06T14:02:34.975-0400] {processor.py:208} INFO - Processing /home/huynguyen2741/airflow_venv/lib/python3.12/site-packages/airflow/example_dags/example_skip_dag.py took 0.060 seconds
[2025-08-06T14:03:34.948-0400] {processor.py:186} INFO - Started process (PID=19111) to work on /home/huynguyen2741/airflow_venv/lib/python3.12/site-packages/airflow/example_dags/example_skip_dag.py
[2025-08-06T14:03:34.950-0400] {processor.py:914} INFO - Processing file /home/huynguyen2741/airflow_venv/lib/python3.12/site-packages/airflow/example_dags/example_skip_dag.py for tasks to queue
[2025-08-06T14:03:34.951-0400] {logging_mixin.py:190} INFO - [2025-08-06T14:03:34.951-0400] {dagbag.py:588} INFO - Filling up the DagBag from /home/huynguyen2741/airflow_venv/lib/python3.12/site-packages/airflow/example_dags/example_skip_dag.py
[2025-08-06T14:03:34.957-0400] {processor.py:925} INFO - DAG(s) 'example_skip_dag' retrieved from /home/huynguyen2741/airflow_venv/lib/python3.12/site-packages/airflow/example_dags/example_skip_dag.py
[2025-08-06T14:03:34.971-0400] {logging_mixin.py:190} INFO - [2025-08-06T14:03:34.970-0400] {dag.py:3239} INFO - Sync 1 DAGs
[2025-08-06T14:03:34.985-0400] {logging_mixin.py:190} INFO - [2025-08-06T14:03:34.985-0400] {dag.py:4180} INFO - Setting next_dagrun for example_skip_dag to 2025-08-05 00:00:00+00:00, run_after=2025-08-06 00:00:00+00:00
[2025-08-06T14:03:35.002-0400] {processor.py:208} INFO - Processing /home/huynguyen2741/airflow_venv/lib/python3.12/site-packages/airflow/example_dags/example_skip_dag.py took 0.058 seconds
[2025-08-06T14:04:36.653-0400] {processor.py:186} INFO - Started process (PID=19325) to work on /home/huynguyen2741/airflow_venv/lib/python3.12/site-packages/airflow/example_dags/example_skip_dag.py
[2025-08-06T14:04:36.654-0400] {processor.py:914} INFO - Processing file /home/huynguyen2741/airflow_venv/lib/python3.12/site-packages/airflow/example_dags/example_skip_dag.py for tasks to queue
[2025-08-06T14:04:36.656-0400] {logging_mixin.py:190} INFO - [2025-08-06T14:04:36.656-0400] {dagbag.py:588} INFO - Filling up the DagBag from /home/huynguyen2741/airflow_venv/lib/python3.12/site-packages/airflow/example_dags/example_skip_dag.py
[2025-08-06T14:04:36.662-0400] {processor.py:925} INFO - DAG(s) 'example_skip_dag' retrieved from /home/huynguyen2741/airflow_venv/lib/python3.12/site-packages/airflow/example_dags/example_skip_dag.py
[2025-08-06T14:04:36.673-0400] {logging_mixin.py:190} INFO - [2025-08-06T14:04:36.673-0400] {dag.py:3239} INFO - Sync 1 DAGs
[2025-08-06T14:04:36.684-0400] {logging_mixin.py:190} INFO - [2025-08-06T14:04:36.684-0400] {dag.py:4180} INFO - Setting next_dagrun for example_skip_dag to 2025-08-05 00:00:00+00:00, run_after=2025-08-06 00:00:00+00:00
[2025-08-06T14:04:36.699-0400] {processor.py:208} INFO - Processing /home/huynguyen2741/airflow_venv/lib/python3.12/site-packages/airflow/example_dags/example_skip_dag.py took 0.051 seconds
[2025-08-06T14:05:40.892-0400] {processor.py:186} INFO - Started process (PID=19703) to work on /home/huynguyen2741/airflow_venv/lib/python3.12/site-packages/airflow/example_dags/example_skip_dag.py
[2025-08-06T14:05:40.894-0400] {processor.py:914} INFO - Processing file /home/huynguyen2741/airflow_venv/lib/python3.12/site-packages/airflow/example_dags/example_skip_dag.py for tasks to queue
[2025-08-06T14:05:40.895-0400] {logging_mixin.py:190} INFO - [2025-08-06T14:05:40.895-0400] {dagbag.py:588} INFO - Filling up the DagBag from /home/huynguyen2741/airflow_venv/lib/python3.12/site-packages/airflow/example_dags/example_skip_dag.py
[2025-08-06T14:05:40.901-0400] {processor.py:925} INFO - DAG(s) 'example_skip_dag' retrieved from /home/huynguyen2741/airflow_venv/lib/python3.12/site-packages/airflow/example_dags/example_skip_dag.py
[2025-08-06T14:05:40.913-0400] {logging_mixin.py:190} INFO - [2025-08-06T14:05:40.913-0400] {dag.py:3239} INFO - Sync 1 DAGs
[2025-08-06T14:05:40.926-0400] {logging_mixin.py:190} INFO - [2025-08-06T14:05:40.925-0400] {dag.py:4180} INFO - Setting next_dagrun for example_skip_dag to 2025-08-05 00:00:00+00:00, run_after=2025-08-06 00:00:00+00:00
[2025-08-06T14:05:40.941-0400] {processor.py:208} INFO - Processing /home/huynguyen2741/airflow_venv/lib/python3.12/site-packages/airflow/example_dags/example_skip_dag.py took 0.053 seconds
[2025-08-06T14:06:46.741-0400] {processor.py:186} INFO - Started process (PID=19930) to work on /home/huynguyen2741/airflow_venv/lib/python3.12/site-packages/airflow/example_dags/example_skip_dag.py
[2025-08-06T14:06:46.742-0400] {processor.py:914} INFO - Processing file /home/huynguyen2741/airflow_venv/lib/python3.12/site-packages/airflow/example_dags/example_skip_dag.py for tasks to queue
[2025-08-06T14:06:46.744-0400] {logging_mixin.py:190} INFO - [2025-08-06T14:06:46.743-0400] {dagbag.py:588} INFO - Filling up the DagBag from /home/huynguyen2741/airflow_venv/lib/python3.12/site-packages/airflow/example_dags/example_skip_dag.py
[2025-08-06T14:06:46.750-0400] {processor.py:925} INFO - DAG(s) 'example_skip_dag' retrieved from /home/huynguyen2741/airflow_venv/lib/python3.12/site-packages/airflow/example_dags/example_skip_dag.py
[2025-08-06T14:06:46.762-0400] {logging_mixin.py:190} INFO - [2025-08-06T14:06:46.762-0400] {dag.py:3239} INFO - Sync 1 DAGs
[2025-08-06T14:06:46.873-0400] {logging_mixin.py:190} INFO - [2025-08-06T14:06:46.873-0400] {dag.py:4180} INFO - Setting next_dagrun for example_skip_dag to 2025-08-05 00:00:00+00:00, run_after=2025-08-06 00:00:00+00:00
[2025-08-06T14:06:46.888-0400] {processor.py:208} INFO - Processing /home/huynguyen2741/airflow_venv/lib/python3.12/site-packages/airflow/example_dags/example_skip_dag.py took 0.151 seconds
[2025-08-06T14:07:54.095-0400] {processor.py:186} INFO - Started process (PID=20200) to work on /home/huynguyen2741/airflow_venv/lib/python3.12/site-packages/airflow/example_dags/example_skip_dag.py
[2025-08-06T14:07:54.096-0400] {processor.py:914} INFO - Processing file /home/huynguyen2741/airflow_venv/lib/python3.12/site-packages/airflow/example_dags/example_skip_dag.py for tasks to queue
[2025-08-06T14:07:54.098-0400] {logging_mixin.py:190} INFO - [2025-08-06T14:07:54.097-0400] {dagbag.py:588} INFO - Filling up the DagBag from /home/huynguyen2741/airflow_venv/lib/python3.12/site-packages/airflow/example_dags/example_skip_dag.py
[2025-08-06T14:07:54.104-0400] {processor.py:925} INFO - DAG(s) 'example_skip_dag' retrieved from /home/huynguyen2741/airflow_venv/lib/python3.12/site-packages/airflow/example_dags/example_skip_dag.py
[2025-08-06T14:07:54.115-0400] {logging_mixin.py:190} INFO - [2025-08-06T14:07:54.115-0400] {dag.py:3239} INFO - Sync 1 DAGs
[2025-08-06T14:07:54.235-0400] {logging_mixin.py:190} INFO - [2025-08-06T14:07:54.235-0400] {dag.py:4180} INFO - Setting next_dagrun for example_skip_dag to 2025-08-05 00:00:00+00:00, run_after=2025-08-06 00:00:00+00:00
[2025-08-06T14:07:54.250-0400] {processor.py:208} INFO - Processing /home/huynguyen2741/airflow_venv/lib/python3.12/site-packages/airflow/example_dags/example_skip_dag.py took 0.160 seconds
[2025-08-06T14:08:57.911-0400] {processor.py:186} INFO - Started process (PID=20552) to work on /home/huynguyen2741/airflow_venv/lib/python3.12/site-packages/airflow/example_dags/example_skip_dag.py
[2025-08-06T14:08:57.912-0400] {processor.py:914} INFO - Processing file /home/huynguyen2741/airflow_venv/lib/python3.12/site-packages/airflow/example_dags/example_skip_dag.py for tasks to queue
[2025-08-06T14:08:57.914-0400] {logging_mixin.py:190} INFO - [2025-08-06T14:08:57.914-0400] {dagbag.py:588} INFO - Filling up the DagBag from /home/huynguyen2741/airflow_venv/lib/python3.12/site-packages/airflow/example_dags/example_skip_dag.py
[2025-08-06T14:08:57.920-0400] {processor.py:925} INFO - DAG(s) 'example_skip_dag' retrieved from /home/huynguyen2741/airflow_venv/lib/python3.12/site-packages/airflow/example_dags/example_skip_dag.py
[2025-08-06T14:08:57.931-0400] {logging_mixin.py:190} INFO - [2025-08-06T14:08:57.931-0400] {dag.py:3239} INFO - Sync 1 DAGs
[2025-08-06T14:08:57.943-0400] {logging_mixin.py:190} INFO - [2025-08-06T14:08:57.943-0400] {dag.py:4180} INFO - Setting next_dagrun for example_skip_dag to 2025-08-05 00:00:00+00:00, run_after=2025-08-06 00:00:00+00:00
[2025-08-06T14:08:58.045-0400] {processor.py:208} INFO - Processing /home/huynguyen2741/airflow_venv/lib/python3.12/site-packages/airflow/example_dags/example_skip_dag.py took 0.138 seconds
[2025-08-06T14:10:07.466-0400] {processor.py:186} INFO - Started process (PID=21026) to work on /home/huynguyen2741/airflow_venv/lib/python3.12/site-packages/airflow/example_dags/example_skip_dag.py
[2025-08-06T14:10:07.470-0400] {processor.py:914} INFO - Processing file /home/huynguyen2741/airflow_venv/lib/python3.12/site-packages/airflow/example_dags/example_skip_dag.py for tasks to queue
[2025-08-06T14:10:07.472-0400] {logging_mixin.py:190} INFO - [2025-08-06T14:10:07.472-0400] {dagbag.py:588} INFO - Filling up the DagBag from /home/huynguyen2741/airflow_venv/lib/python3.12/site-packages/airflow/example_dags/example_skip_dag.py
[2025-08-06T14:10:07.479-0400] {processor.py:925} INFO - DAG(s) 'example_skip_dag' retrieved from /home/huynguyen2741/airflow_venv/lib/python3.12/site-packages/airflow/example_dags/example_skip_dag.py
[2025-08-06T14:10:07.492-0400] {logging_mixin.py:190} INFO - [2025-08-06T14:10:07.492-0400] {dag.py:3239} INFO - Sync 1 DAGs
[2025-08-06T14:10:07.508-0400] {logging_mixin.py:190} INFO - [2025-08-06T14:10:07.508-0400] {dag.py:4180} INFO - Setting next_dagrun for example_skip_dag to 2025-08-05 00:00:00+00:00, run_after=2025-08-06 00:00:00+00:00
[2025-08-06T14:10:07.527-0400] {processor.py:208} INFO - Processing /home/huynguyen2741/airflow_venv/lib/python3.12/site-packages/airflow/example_dags/example_skip_dag.py took 0.065 seconds
[2025-08-06T14:11:15.838-0400] {processor.py:186} INFO - Started process (PID=21349) to work on /home/huynguyen2741/airflow_venv/lib/python3.12/site-packages/airflow/example_dags/example_skip_dag.py
[2025-08-06T14:11:15.839-0400] {processor.py:914} INFO - Processing file /home/huynguyen2741/airflow_venv/lib/python3.12/site-packages/airflow/example_dags/example_skip_dag.py for tasks to queue
[2025-08-06T14:11:15.841-0400] {logging_mixin.py:190} INFO - [2025-08-06T14:11:15.840-0400] {dagbag.py:588} INFO - Filling up the DagBag from /home/huynguyen2741/airflow_venv/lib/python3.12/site-packages/airflow/example_dags/example_skip_dag.py
[2025-08-06T14:11:15.847-0400] {processor.py:925} INFO - DAG(s) 'example_skip_dag' retrieved from /home/huynguyen2741/airflow_venv/lib/python3.12/site-packages/airflow/example_dags/example_skip_dag.py
[2025-08-06T14:11:15.860-0400] {logging_mixin.py:190} INFO - [2025-08-06T14:11:15.859-0400] {dag.py:3239} INFO - Sync 1 DAGs
[2025-08-06T14:11:15.875-0400] {logging_mixin.py:190} INFO - [2025-08-06T14:11:15.874-0400] {dag.py:4180} INFO - Setting next_dagrun for example_skip_dag to 2025-08-05 00:00:00+00:00, run_after=2025-08-06 00:00:00+00:00
[2025-08-06T14:11:15.892-0400] {processor.py:208} INFO - Processing /home/huynguyen2741/airflow_venv/lib/python3.12/site-packages/airflow/example_dags/example_skip_dag.py took 0.058 seconds
[2025-08-06T14:12:20.928-0400] {processor.py:186} INFO - Started process (PID=21678) to work on /home/huynguyen2741/airflow_venv/lib/python3.12/site-packages/airflow/example_dags/example_skip_dag.py
[2025-08-06T14:12:20.929-0400] {processor.py:914} INFO - Processing file /home/huynguyen2741/airflow_venv/lib/python3.12/site-packages/airflow/example_dags/example_skip_dag.py for tasks to queue
[2025-08-06T14:12:20.930-0400] {logging_mixin.py:190} INFO - [2025-08-06T14:12:20.930-0400] {dagbag.py:588} INFO - Filling up the DagBag from /home/huynguyen2741/airflow_venv/lib/python3.12/site-packages/airflow/example_dags/example_skip_dag.py
[2025-08-06T14:12:20.937-0400] {processor.py:925} INFO - DAG(s) 'example_skip_dag' retrieved from /home/huynguyen2741/airflow_venv/lib/python3.12/site-packages/airflow/example_dags/example_skip_dag.py
[2025-08-06T14:12:20.952-0400] {logging_mixin.py:190} INFO - [2025-08-06T14:12:20.952-0400] {dag.py:3239} INFO - Sync 1 DAGs
[2025-08-06T14:12:20.969-0400] {logging_mixin.py:190} INFO - [2025-08-06T14:12:20.968-0400] {dag.py:4180} INFO - Setting next_dagrun for example_skip_dag to 2025-08-05 00:00:00+00:00, run_after=2025-08-06 00:00:00+00:00
[2025-08-06T14:12:20.986-0400] {processor.py:208} INFO - Processing /home/huynguyen2741/airflow_venv/lib/python3.12/site-packages/airflow/example_dags/example_skip_dag.py took 0.062 seconds
[2025-08-06T14:13:25.900-0400] {processor.py:186} INFO - Started process (PID=22112) to work on /home/huynguyen2741/airflow_venv/lib/python3.12/site-packages/airflow/example_dags/example_skip_dag.py
[2025-08-06T14:13:25.904-0400] {processor.py:914} INFO - Processing file /home/huynguyen2741/airflow_venv/lib/python3.12/site-packages/airflow/example_dags/example_skip_dag.py for tasks to queue
[2025-08-06T14:13:25.906-0400] {logging_mixin.py:190} INFO - [2025-08-06T14:13:25.905-0400] {dagbag.py:588} INFO - Filling up the DagBag from /home/huynguyen2741/airflow_venv/lib/python3.12/site-packages/airflow/example_dags/example_skip_dag.py
[2025-08-06T14:13:25.915-0400] {processor.py:925} INFO - DAG(s) 'example_skip_dag' retrieved from /home/huynguyen2741/airflow_venv/lib/python3.12/site-packages/airflow/example_dags/example_skip_dag.py
[2025-08-06T14:13:25.930-0400] {logging_mixin.py:190} INFO - [2025-08-06T14:13:25.930-0400] {dag.py:3239} INFO - Sync 1 DAGs
[2025-08-06T14:13:25.945-0400] {logging_mixin.py:190} INFO - [2025-08-06T14:13:25.945-0400] {dag.py:4180} INFO - Setting next_dagrun for example_skip_dag to 2025-08-05 00:00:00+00:00, run_after=2025-08-06 00:00:00+00:00
[2025-08-06T14:13:25.965-0400] {processor.py:208} INFO - Processing /home/huynguyen2741/airflow_venv/lib/python3.12/site-packages/airflow/example_dags/example_skip_dag.py took 0.068 seconds
[2025-08-06T14:14:33.415-0400] {processor.py:186} INFO - Started process (PID=22507) to work on /home/huynguyen2741/airflow_venv/lib/python3.12/site-packages/airflow/example_dags/example_skip_dag.py
[2025-08-06T14:14:33.420-0400] {processor.py:914} INFO - Processing file /home/huynguyen2741/airflow_venv/lib/python3.12/site-packages/airflow/example_dags/example_skip_dag.py for tasks to queue
[2025-08-06T14:14:33.421-0400] {logging_mixin.py:190} INFO - [2025-08-06T14:14:33.421-0400] {dagbag.py:588} INFO - Filling up the DagBag from /home/huynguyen2741/airflow_venv/lib/python3.12/site-packages/airflow/example_dags/example_skip_dag.py
[2025-08-06T14:14:33.428-0400] {processor.py:925} INFO - DAG(s) 'example_skip_dag' retrieved from /home/huynguyen2741/airflow_venv/lib/python3.12/site-packages/airflow/example_dags/example_skip_dag.py
[2025-08-06T14:14:33.439-0400] {logging_mixin.py:190} INFO - [2025-08-06T14:14:33.439-0400] {dag.py:3239} INFO - Sync 1 DAGs
[2025-08-06T14:14:33.451-0400] {logging_mixin.py:190} INFO - [2025-08-06T14:14:33.451-0400] {dag.py:4180} INFO - Setting next_dagrun for example_skip_dag to 2025-08-05 00:00:00+00:00, run_after=2025-08-06 00:00:00+00:00
[2025-08-06T14:14:33.468-0400] {processor.py:208} INFO - Processing /home/huynguyen2741/airflow_venv/lib/python3.12/site-packages/airflow/example_dags/example_skip_dag.py took 0.057 seconds
[2025-08-06T14:15:33.193-0400] {processor.py:186} INFO - Started process (PID=22888) to work on /home/huynguyen2741/airflow_venv/lib/python3.12/site-packages/airflow/example_dags/example_skip_dag.py
[2025-08-06T14:15:33.198-0400] {processor.py:914} INFO - Processing file /home/huynguyen2741/airflow_venv/lib/python3.12/site-packages/airflow/example_dags/example_skip_dag.py for tasks to queue
[2025-08-06T14:15:33.199-0400] {logging_mixin.py:190} INFO - [2025-08-06T14:15:33.199-0400] {dagbag.py:588} INFO - Filling up the DagBag from /home/huynguyen2741/airflow_venv/lib/python3.12/site-packages/airflow/example_dags/example_skip_dag.py
[2025-08-06T14:15:33.206-0400] {processor.py:925} INFO - DAG(s) 'example_skip_dag' retrieved from /home/huynguyen2741/airflow_venv/lib/python3.12/site-packages/airflow/example_dags/example_skip_dag.py
[2025-08-06T14:15:33.220-0400] {logging_mixin.py:190} INFO - [2025-08-06T14:15:33.219-0400] {dag.py:3239} INFO - Sync 1 DAGs
[2025-08-06T14:15:33.234-0400] {logging_mixin.py:190} INFO - [2025-08-06T14:15:33.234-0400] {dag.py:4180} INFO - Setting next_dagrun for example_skip_dag to 2025-08-05 00:00:00+00:00, run_after=2025-08-06 00:00:00+00:00
[2025-08-06T14:15:33.251-0400] {processor.py:208} INFO - Processing /home/huynguyen2741/airflow_venv/lib/python3.12/site-packages/airflow/example_dags/example_skip_dag.py took 0.062 seconds
[2025-08-06T14:16:37.171-0400] {processor.py:186} INFO - Started process (PID=23157) to work on /home/huynguyen2741/airflow_venv/lib/python3.12/site-packages/airflow/example_dags/example_skip_dag.py
[2025-08-06T14:16:37.175-0400] {processor.py:914} INFO - Processing file /home/huynguyen2741/airflow_venv/lib/python3.12/site-packages/airflow/example_dags/example_skip_dag.py for tasks to queue
[2025-08-06T14:16:37.176-0400] {logging_mixin.py:190} INFO - [2025-08-06T14:16:37.175-0400] {dagbag.py:588} INFO - Filling up the DagBag from /home/huynguyen2741/airflow_venv/lib/python3.12/site-packages/airflow/example_dags/example_skip_dag.py
[2025-08-06T14:16:37.182-0400] {processor.py:925} INFO - DAG(s) 'example_skip_dag' retrieved from /home/huynguyen2741/airflow_venv/lib/python3.12/site-packages/airflow/example_dags/example_skip_dag.py
[2025-08-06T14:16:37.196-0400] {logging_mixin.py:190} INFO - [2025-08-06T14:16:37.196-0400] {dag.py:3239} INFO - Sync 1 DAGs
[2025-08-06T14:16:37.213-0400] {logging_mixin.py:190} INFO - [2025-08-06T14:16:37.213-0400] {dag.py:4180} INFO - Setting next_dagrun for example_skip_dag to 2025-08-05 00:00:00+00:00, run_after=2025-08-06 00:00:00+00:00
[2025-08-06T14:16:37.230-0400] {processor.py:208} INFO - Processing /home/huynguyen2741/airflow_venv/lib/python3.12/site-packages/airflow/example_dags/example_skip_dag.py took 0.063 seconds
[2025-08-06T14:17:45.616-0400] {processor.py:186} INFO - Started process (PID=23410) to work on /home/huynguyen2741/airflow_venv/lib/python3.12/site-packages/airflow/example_dags/example_skip_dag.py
[2025-08-06T14:17:45.617-0400] {processor.py:914} INFO - Processing file /home/huynguyen2741/airflow_venv/lib/python3.12/site-packages/airflow/example_dags/example_skip_dag.py for tasks to queue
[2025-08-06T14:17:45.618-0400] {logging_mixin.py:190} INFO - [2025-08-06T14:17:45.618-0400] {dagbag.py:588} INFO - Filling up the DagBag from /home/huynguyen2741/airflow_venv/lib/python3.12/site-packages/airflow/example_dags/example_skip_dag.py
[2025-08-06T14:17:45.625-0400] {processor.py:925} INFO - DAG(s) 'example_skip_dag' retrieved from /home/huynguyen2741/airflow_venv/lib/python3.12/site-packages/airflow/example_dags/example_skip_dag.py
[2025-08-06T14:17:45.643-0400] {logging_mixin.py:190} INFO - [2025-08-06T14:17:45.642-0400] {dag.py:3239} INFO - Sync 1 DAGs
[2025-08-06T14:17:45.661-0400] {logging_mixin.py:190} INFO - [2025-08-06T14:17:45.660-0400] {dag.py:4180} INFO - Setting next_dagrun for example_skip_dag to 2025-08-05 00:00:00+00:00, run_after=2025-08-06 00:00:00+00:00
[2025-08-06T14:17:45.678-0400] {processor.py:208} INFO - Processing /home/huynguyen2741/airflow_venv/lib/python3.12/site-packages/airflow/example_dags/example_skip_dag.py took 0.066 seconds
[2025-08-06T14:18:51.759-0400] {processor.py:186} INFO - Started process (PID=23650) to work on /home/huynguyen2741/airflow_venv/lib/python3.12/site-packages/airflow/example_dags/example_skip_dag.py
[2025-08-06T14:18:51.760-0400] {processor.py:914} INFO - Processing file /home/huynguyen2741/airflow_venv/lib/python3.12/site-packages/airflow/example_dags/example_skip_dag.py for tasks to queue
[2025-08-06T14:18:51.761-0400] {logging_mixin.py:190} INFO - [2025-08-06T14:18:51.761-0400] {dagbag.py:588} INFO - Filling up the DagBag from /home/huynguyen2741/airflow_venv/lib/python3.12/site-packages/airflow/example_dags/example_skip_dag.py
[2025-08-06T14:18:51.772-0400] {processor.py:925} INFO - DAG(s) 'example_skip_dag' retrieved from /home/huynguyen2741/airflow_venv/lib/python3.12/site-packages/airflow/example_dags/example_skip_dag.py
[2025-08-06T14:18:51.789-0400] {logging_mixin.py:190} INFO - [2025-08-06T14:18:51.789-0400] {dag.py:3239} INFO - Sync 1 DAGs
[2025-08-06T14:18:51.805-0400] {logging_mixin.py:190} INFO - [2025-08-06T14:18:51.805-0400] {dag.py:4180} INFO - Setting next_dagrun for example_skip_dag to 2025-08-05 00:00:00+00:00, run_after=2025-08-06 00:00:00+00:00
[2025-08-06T14:18:51.825-0400] {processor.py:208} INFO - Processing /home/huynguyen2741/airflow_venv/lib/python3.12/site-packages/airflow/example_dags/example_skip_dag.py took 0.074 seconds
[2025-08-06T14:19:54.300-0400] {processor.py:186} INFO - Started process (PID=23902) to work on /home/huynguyen2741/airflow_venv/lib/python3.12/site-packages/airflow/example_dags/example_skip_dag.py
[2025-08-06T14:19:54.301-0400] {processor.py:914} INFO - Processing file /home/huynguyen2741/airflow_venv/lib/python3.12/site-packages/airflow/example_dags/example_skip_dag.py for tasks to queue
[2025-08-06T14:19:54.302-0400] {logging_mixin.py:190} INFO - [2025-08-06T14:19:54.302-0400] {dagbag.py:588} INFO - Filling up the DagBag from /home/huynguyen2741/airflow_venv/lib/python3.12/site-packages/airflow/example_dags/example_skip_dag.py
[2025-08-06T14:19:54.309-0400] {processor.py:925} INFO - DAG(s) 'example_skip_dag' retrieved from /home/huynguyen2741/airflow_venv/lib/python3.12/site-packages/airflow/example_dags/example_skip_dag.py
[2025-08-06T14:19:54.323-0400] {logging_mixin.py:190} INFO - [2025-08-06T14:19:54.322-0400] {dag.py:3239} INFO - Sync 1 DAGs
[2025-08-06T14:19:54.339-0400] {logging_mixin.py:190} INFO - [2025-08-06T14:19:54.339-0400] {dag.py:4180} INFO - Setting next_dagrun for example_skip_dag to 2025-08-05 00:00:00+00:00, run_after=2025-08-06 00:00:00+00:00
[2025-08-06T14:19:54.356-0400] {processor.py:208} INFO - Processing /home/huynguyen2741/airflow_venv/lib/python3.12/site-packages/airflow/example_dags/example_skip_dag.py took 0.060 seconds
[2025-08-06T14:21:00.697-0400] {processor.py:186} INFO - Started process (PID=24138) to work on /home/huynguyen2741/airflow_venv/lib/python3.12/site-packages/airflow/example_dags/example_skip_dag.py
[2025-08-06T14:21:00.707-0400] {processor.py:914} INFO - Processing file /home/huynguyen2741/airflow_venv/lib/python3.12/site-packages/airflow/example_dags/example_skip_dag.py for tasks to queue
[2025-08-06T14:21:00.708-0400] {logging_mixin.py:190} INFO - [2025-08-06T14:21:00.708-0400] {dagbag.py:588} INFO - Filling up the DagBag from /home/huynguyen2741/airflow_venv/lib/python3.12/site-packages/airflow/example_dags/example_skip_dag.py
[2025-08-06T14:21:00.715-0400] {processor.py:925} INFO - DAG(s) 'example_skip_dag' retrieved from /home/huynguyen2741/airflow_venv/lib/python3.12/site-packages/airflow/example_dags/example_skip_dag.py
[2025-08-06T14:21:00.731-0400] {logging_mixin.py:190} INFO - [2025-08-06T14:21:00.731-0400] {dag.py:3239} INFO - Sync 1 DAGs
[2025-08-06T14:21:00.747-0400] {logging_mixin.py:190} INFO - [2025-08-06T14:21:00.747-0400] {dag.py:4180} INFO - Setting next_dagrun for example_skip_dag to 2025-08-05 00:00:00+00:00, run_after=2025-08-06 00:00:00+00:00
[2025-08-06T14:21:00.765-0400] {processor.py:208} INFO - Processing /home/huynguyen2741/airflow_venv/lib/python3.12/site-packages/airflow/example_dags/example_skip_dag.py took 0.072 seconds
[2025-08-06T14:22:06.079-0400] {processor.py:186} INFO - Started process (PID=24409) to work on /home/huynguyen2741/airflow_venv/lib/python3.12/site-packages/airflow/example_dags/example_skip_dag.py
[2025-08-06T14:22:06.088-0400] {processor.py:914} INFO - Processing file /home/huynguyen2741/airflow_venv/lib/python3.12/site-packages/airflow/example_dags/example_skip_dag.py for tasks to queue
[2025-08-06T14:22:06.090-0400] {logging_mixin.py:190} INFO - [2025-08-06T14:22:06.089-0400] {dagbag.py:588} INFO - Filling up the DagBag from /home/huynguyen2741/airflow_venv/lib/python3.12/site-packages/airflow/example_dags/example_skip_dag.py
[2025-08-06T14:22:06.098-0400] {processor.py:925} INFO - DAG(s) 'example_skip_dag' retrieved from /home/huynguyen2741/airflow_venv/lib/python3.12/site-packages/airflow/example_dags/example_skip_dag.py
[2025-08-06T14:22:06.113-0400] {logging_mixin.py:190} INFO - [2025-08-06T14:22:06.113-0400] {dag.py:3239} INFO - Sync 1 DAGs
[2025-08-06T14:22:06.128-0400] {logging_mixin.py:190} INFO - [2025-08-06T14:22:06.127-0400] {dag.py:4180} INFO - Setting next_dagrun for example_skip_dag to 2025-08-05 00:00:00+00:00, run_after=2025-08-06 00:00:00+00:00
[2025-08-06T14:22:06.143-0400] {processor.py:208} INFO - Processing /home/huynguyen2741/airflow_venv/lib/python3.12/site-packages/airflow/example_dags/example_skip_dag.py took 0.069 seconds
[2025-08-06T14:23:11.976-0400] {processor.py:186} INFO - Started process (PID=24828) to work on /home/huynguyen2741/airflow_venv/lib/python3.12/site-packages/airflow/example_dags/example_skip_dag.py
[2025-08-06T14:23:11.986-0400] {processor.py:914} INFO - Processing file /home/huynguyen2741/airflow_venv/lib/python3.12/site-packages/airflow/example_dags/example_skip_dag.py for tasks to queue
[2025-08-06T14:23:11.987-0400] {logging_mixin.py:190} INFO - [2025-08-06T14:23:11.987-0400] {dagbag.py:588} INFO - Filling up the DagBag from /home/huynguyen2741/airflow_venv/lib/python3.12/site-packages/airflow/example_dags/example_skip_dag.py
[2025-08-06T14:23:11.996-0400] {processor.py:925} INFO - DAG(s) 'example_skip_dag' retrieved from /home/huynguyen2741/airflow_venv/lib/python3.12/site-packages/airflow/example_dags/example_skip_dag.py
[2025-08-06T14:23:12.013-0400] {logging_mixin.py:190} INFO - [2025-08-06T14:23:12.013-0400] {dag.py:3239} INFO - Sync 1 DAGs
[2025-08-06T14:23:12.027-0400] {logging_mixin.py:190} INFO - [2025-08-06T14:23:12.027-0400] {dag.py:4180} INFO - Setting next_dagrun for example_skip_dag to 2025-08-05 00:00:00+00:00, run_after=2025-08-06 00:00:00+00:00
[2025-08-06T14:23:12.045-0400] {processor.py:208} INFO - Processing /home/huynguyen2741/airflow_venv/lib/python3.12/site-packages/airflow/example_dags/example_skip_dag.py took 0.074 seconds
[2025-08-06T14:24:14.524-0400] {processor.py:186} INFO - Started process (PID=25206) to work on /home/huynguyen2741/airflow_venv/lib/python3.12/site-packages/airflow/example_dags/example_skip_dag.py
[2025-08-06T14:24:14.534-0400] {processor.py:914} INFO - Processing file /home/huynguyen2741/airflow_venv/lib/python3.12/site-packages/airflow/example_dags/example_skip_dag.py for tasks to queue
[2025-08-06T14:24:14.536-0400] {logging_mixin.py:190} INFO - [2025-08-06T14:24:14.535-0400] {dagbag.py:588} INFO - Filling up the DagBag from /home/huynguyen2741/airflow_venv/lib/python3.12/site-packages/airflow/example_dags/example_skip_dag.py
[2025-08-06T14:24:14.542-0400] {processor.py:925} INFO - DAG(s) 'example_skip_dag' retrieved from /home/huynguyen2741/airflow_venv/lib/python3.12/site-packages/airflow/example_dags/example_skip_dag.py
[2025-08-06T14:24:14.554-0400] {logging_mixin.py:190} INFO - [2025-08-06T14:24:14.554-0400] {dag.py:3239} INFO - Sync 1 DAGs
[2025-08-06T14:24:14.566-0400] {logging_mixin.py:190} INFO - [2025-08-06T14:24:14.566-0400] {dag.py:4180} INFO - Setting next_dagrun for example_skip_dag to 2025-08-05 00:00:00+00:00, run_after=2025-08-06 00:00:00+00:00
[2025-08-06T14:24:14.581-0400] {processor.py:208} INFO - Processing /home/huynguyen2741/airflow_venv/lib/python3.12/site-packages/airflow/example_dags/example_skip_dag.py took 0.062 seconds
[2025-08-06T14:25:21.622-0400] {processor.py:186} INFO - Started process (PID=25575) to work on /home/huynguyen2741/airflow_venv/lib/python3.12/site-packages/airflow/example_dags/example_skip_dag.py
[2025-08-06T14:25:21.626-0400] {processor.py:914} INFO - Processing file /home/huynguyen2741/airflow_venv/lib/python3.12/site-packages/airflow/example_dags/example_skip_dag.py for tasks to queue
[2025-08-06T14:25:21.627-0400] {logging_mixin.py:190} INFO - [2025-08-06T14:25:21.627-0400] {dagbag.py:588} INFO - Filling up the DagBag from /home/huynguyen2741/airflow_venv/lib/python3.12/site-packages/airflow/example_dags/example_skip_dag.py
[2025-08-06T14:25:21.634-0400] {processor.py:925} INFO - DAG(s) 'example_skip_dag' retrieved from /home/huynguyen2741/airflow_venv/lib/python3.12/site-packages/airflow/example_dags/example_skip_dag.py
[2025-08-06T14:25:21.649-0400] {logging_mixin.py:190} INFO - [2025-08-06T14:25:21.648-0400] {dag.py:3239} INFO - Sync 1 DAGs
[2025-08-06T14:25:21.662-0400] {logging_mixin.py:190} INFO - [2025-08-06T14:25:21.662-0400] {dag.py:4180} INFO - Setting next_dagrun for example_skip_dag to 2025-08-05 00:00:00+00:00, run_after=2025-08-06 00:00:00+00:00
[2025-08-06T14:25:21.679-0400] {processor.py:208} INFO - Processing /home/huynguyen2741/airflow_venv/lib/python3.12/site-packages/airflow/example_dags/example_skip_dag.py took 0.064 seconds
[2025-08-06T14:26:23.741-0400] {processor.py:186} INFO - Started process (PID=25797) to work on /home/huynguyen2741/airflow_venv/lib/python3.12/site-packages/airflow/example_dags/example_skip_dag.py
[2025-08-06T14:26:23.745-0400] {processor.py:914} INFO - Processing file /home/huynguyen2741/airflow_venv/lib/python3.12/site-packages/airflow/example_dags/example_skip_dag.py for tasks to queue
[2025-08-06T14:26:23.747-0400] {logging_mixin.py:190} INFO - [2025-08-06T14:26:23.746-0400] {dagbag.py:588} INFO - Filling up the DagBag from /home/huynguyen2741/airflow_venv/lib/python3.12/site-packages/airflow/example_dags/example_skip_dag.py
[2025-08-06T14:26:23.753-0400] {processor.py:925} INFO - DAG(s) 'example_skip_dag' retrieved from /home/huynguyen2741/airflow_venv/lib/python3.12/site-packages/airflow/example_dags/example_skip_dag.py
[2025-08-06T14:26:23.764-0400] {logging_mixin.py:190} INFO - [2025-08-06T14:26:23.764-0400] {dag.py:3239} INFO - Sync 1 DAGs
[2025-08-06T14:26:23.776-0400] {logging_mixin.py:190} INFO - [2025-08-06T14:26:23.776-0400] {dag.py:4180} INFO - Setting next_dagrun for example_skip_dag to 2025-08-05 00:00:00+00:00, run_after=2025-08-06 00:00:00+00:00
[2025-08-06T14:26:23.792-0400] {processor.py:208} INFO - Processing /home/huynguyen2741/airflow_venv/lib/python3.12/site-packages/airflow/example_dags/example_skip_dag.py took 0.056 seconds
[2025-08-06T14:27:26.053-0400] {processor.py:186} INFO - Started process (PID=26100) to work on /home/huynguyen2741/airflow_venv/lib/python3.12/site-packages/airflow/example_dags/example_skip_dag.py
[2025-08-06T14:27:26.054-0400] {processor.py:914} INFO - Processing file /home/huynguyen2741/airflow_venv/lib/python3.12/site-packages/airflow/example_dags/example_skip_dag.py for tasks to queue
[2025-08-06T14:27:26.055-0400] {logging_mixin.py:190} INFO - [2025-08-06T14:27:26.055-0400] {dagbag.py:588} INFO - Filling up the DagBag from /home/huynguyen2741/airflow_venv/lib/python3.12/site-packages/airflow/example_dags/example_skip_dag.py
[2025-08-06T14:27:26.062-0400] {processor.py:925} INFO - DAG(s) 'example_skip_dag' retrieved from /home/huynguyen2741/airflow_venv/lib/python3.12/site-packages/airflow/example_dags/example_skip_dag.py
[2025-08-06T14:27:26.075-0400] {logging_mixin.py:190} INFO - [2025-08-06T14:27:26.075-0400] {dag.py:3239} INFO - Sync 1 DAGs
[2025-08-06T14:27:26.089-0400] {logging_mixin.py:190} INFO - [2025-08-06T14:27:26.089-0400] {dag.py:4180} INFO - Setting next_dagrun for example_skip_dag to 2025-08-05 00:00:00+00:00, run_after=2025-08-06 00:00:00+00:00
[2025-08-06T14:27:26.107-0400] {processor.py:208} INFO - Processing /home/huynguyen2741/airflow_venv/lib/python3.12/site-packages/airflow/example_dags/example_skip_dag.py took 0.060 seconds
[2025-08-06T14:28:33.557-0400] {processor.py:186} INFO - Started process (PID=26380) to work on /home/huynguyen2741/airflow_venv/lib/python3.12/site-packages/airflow/example_dags/example_skip_dag.py
[2025-08-06T14:28:33.567-0400] {processor.py:914} INFO - Processing file /home/huynguyen2741/airflow_venv/lib/python3.12/site-packages/airflow/example_dags/example_skip_dag.py for tasks to queue
[2025-08-06T14:28:33.568-0400] {logging_mixin.py:190} INFO - [2025-08-06T14:28:33.568-0400] {dagbag.py:588} INFO - Filling up the DagBag from /home/huynguyen2741/airflow_venv/lib/python3.12/site-packages/airflow/example_dags/example_skip_dag.py
[2025-08-06T14:28:33.575-0400] {processor.py:925} INFO - DAG(s) 'example_skip_dag' retrieved from /home/huynguyen2741/airflow_venv/lib/python3.12/site-packages/airflow/example_dags/example_skip_dag.py
[2025-08-06T14:28:33.589-0400] {logging_mixin.py:190} INFO - [2025-08-06T14:28:33.589-0400] {dag.py:3239} INFO - Sync 1 DAGs
[2025-08-06T14:28:33.604-0400] {logging_mixin.py:190} INFO - [2025-08-06T14:28:33.603-0400] {dag.py:4180} INFO - Setting next_dagrun for example_skip_dag to 2025-08-05 00:00:00+00:00, run_after=2025-08-06 00:00:00+00:00
[2025-08-06T14:28:33.620-0400] {processor.py:208} INFO - Processing /home/huynguyen2741/airflow_venv/lib/python3.12/site-packages/airflow/example_dags/example_skip_dag.py took 0.068 seconds
[2025-08-06T14:29:40.060-0400] {processor.py:186} INFO - Started process (PID=26658) to work on /home/huynguyen2741/airflow_venv/lib/python3.12/site-packages/airflow/example_dags/example_skip_dag.py
[2025-08-06T14:29:40.061-0400] {processor.py:914} INFO - Processing file /home/huynguyen2741/airflow_venv/lib/python3.12/site-packages/airflow/example_dags/example_skip_dag.py for tasks to queue
[2025-08-06T14:29:40.063-0400] {logging_mixin.py:190} INFO - [2025-08-06T14:29:40.062-0400] {dagbag.py:588} INFO - Filling up the DagBag from /home/huynguyen2741/airflow_venv/lib/python3.12/site-packages/airflow/example_dags/example_skip_dag.py
[2025-08-06T14:29:40.069-0400] {processor.py:925} INFO - DAG(s) 'example_skip_dag' retrieved from /home/huynguyen2741/airflow_venv/lib/python3.12/site-packages/airflow/example_dags/example_skip_dag.py
[2025-08-06T14:29:40.080-0400] {logging_mixin.py:190} INFO - [2025-08-06T14:29:40.080-0400] {dag.py:3239} INFO - Sync 1 DAGs
[2025-08-06T14:29:40.093-0400] {logging_mixin.py:190} INFO - [2025-08-06T14:29:40.093-0400] {dag.py:4180} INFO - Setting next_dagrun for example_skip_dag to 2025-08-05 00:00:00+00:00, run_after=2025-08-06 00:00:00+00:00
[2025-08-06T14:29:40.109-0400] {processor.py:208} INFO - Processing /home/huynguyen2741/airflow_venv/lib/python3.12/site-packages/airflow/example_dags/example_skip_dag.py took 0.054 seconds
[2025-08-06T14:30:56.598-0400] {processor.py:186} INFO - Started process (PID=27092) to work on /home/huynguyen2741/airflow_venv/lib/python3.12/site-packages/airflow/example_dags/example_skip_dag.py
[2025-08-06T14:30:56.602-0400] {processor.py:914} INFO - Processing file /home/huynguyen2741/airflow_venv/lib/python3.12/site-packages/airflow/example_dags/example_skip_dag.py for tasks to queue
[2025-08-06T14:30:56.603-0400] {logging_mixin.py:190} INFO - [2025-08-06T14:30:56.603-0400] {dagbag.py:588} INFO - Filling up the DagBag from /home/huynguyen2741/airflow_venv/lib/python3.12/site-packages/airflow/example_dags/example_skip_dag.py
[2025-08-06T14:30:56.611-0400] {processor.py:925} INFO - DAG(s) 'example_skip_dag' retrieved from /home/huynguyen2741/airflow_venv/lib/python3.12/site-packages/airflow/example_dags/example_skip_dag.py
[2025-08-06T14:30:56.625-0400] {logging_mixin.py:190} INFO - [2025-08-06T14:30:56.625-0400] {dag.py:3239} INFO - Sync 1 DAGs
[2025-08-06T14:30:56.639-0400] {logging_mixin.py:190} INFO - [2025-08-06T14:30:56.639-0400] {dag.py:4180} INFO - Setting next_dagrun for example_skip_dag to 2025-08-05 00:00:00+00:00, run_after=2025-08-06 00:00:00+00:00
[2025-08-06T14:30:56.656-0400] {processor.py:208} INFO - Processing /home/huynguyen2741/airflow_venv/lib/python3.12/site-packages/airflow/example_dags/example_skip_dag.py took 0.064 seconds
[2025-08-06T14:32:07.338-0400] {processor.py:186} INFO - Started process (PID=27342) to work on /home/huynguyen2741/airflow_venv/lib/python3.12/site-packages/airflow/example_dags/example_skip_dag.py
[2025-08-06T14:32:07.342-0400] {processor.py:914} INFO - Processing file /home/huynguyen2741/airflow_venv/lib/python3.12/site-packages/airflow/example_dags/example_skip_dag.py for tasks to queue
[2025-08-06T14:32:07.344-0400] {logging_mixin.py:190} INFO - [2025-08-06T14:32:07.343-0400] {dagbag.py:588} INFO - Filling up the DagBag from /home/huynguyen2741/airflow_venv/lib/python3.12/site-packages/airflow/example_dags/example_skip_dag.py
[2025-08-06T14:32:07.350-0400] {processor.py:925} INFO - DAG(s) 'example_skip_dag' retrieved from /home/huynguyen2741/airflow_venv/lib/python3.12/site-packages/airflow/example_dags/example_skip_dag.py
[2025-08-06T14:32:07.365-0400] {logging_mixin.py:190} INFO - [2025-08-06T14:32:07.365-0400] {dag.py:3239} INFO - Sync 1 DAGs
[2025-08-06T14:32:07.380-0400] {logging_mixin.py:190} INFO - [2025-08-06T14:32:07.380-0400] {dag.py:4180} INFO - Setting next_dagrun for example_skip_dag to 2025-08-05 00:00:00+00:00, run_after=2025-08-06 00:00:00+00:00
[2025-08-06T14:32:07.396-0400] {processor.py:208} INFO - Processing /home/huynguyen2741/airflow_venv/lib/python3.12/site-packages/airflow/example_dags/example_skip_dag.py took 0.064 seconds
[2025-08-06T14:33:16.053-0400] {processor.py:186} INFO - Started process (PID=27669) to work on /home/huynguyen2741/airflow_venv/lib/python3.12/site-packages/airflow/example_dags/example_skip_dag.py
[2025-08-06T14:33:16.057-0400] {processor.py:914} INFO - Processing file /home/huynguyen2741/airflow_venv/lib/python3.12/site-packages/airflow/example_dags/example_skip_dag.py for tasks to queue
[2025-08-06T14:33:16.058-0400] {logging_mixin.py:190} INFO - [2025-08-06T14:33:16.058-0400] {dagbag.py:588} INFO - Filling up the DagBag from /home/huynguyen2741/airflow_venv/lib/python3.12/site-packages/airflow/example_dags/example_skip_dag.py
[2025-08-06T14:33:16.065-0400] {processor.py:925} INFO - DAG(s) 'example_skip_dag' retrieved from /home/huynguyen2741/airflow_venv/lib/python3.12/site-packages/airflow/example_dags/example_skip_dag.py
[2025-08-06T14:33:16.081-0400] {logging_mixin.py:190} INFO - [2025-08-06T14:33:16.081-0400] {dag.py:3239} INFO - Sync 1 DAGs
[2025-08-06T14:33:16.096-0400] {logging_mixin.py:190} INFO - [2025-08-06T14:33:16.095-0400] {dag.py:4180} INFO - Setting next_dagrun for example_skip_dag to 2025-08-05 00:00:00+00:00, run_after=2025-08-06 00:00:00+00:00
[2025-08-06T14:33:16.112-0400] {processor.py:208} INFO - Processing /home/huynguyen2741/airflow_venv/lib/python3.12/site-packages/airflow/example_dags/example_skip_dag.py took 0.064 seconds
[2025-08-06T14:35:10.628-0400] {processor.py:186} INFO - Started process (PID=28289) to work on /home/huynguyen2741/airflow_venv/lib/python3.12/site-packages/airflow/example_dags/example_skip_dag.py
[2025-08-06T14:35:10.630-0400] {processor.py:914} INFO - Processing file /home/huynguyen2741/airflow_venv/lib/python3.12/site-packages/airflow/example_dags/example_skip_dag.py for tasks to queue
[2025-08-06T14:35:10.631-0400] {logging_mixin.py:190} INFO - [2025-08-06T14:35:10.630-0400] {dagbag.py:588} INFO - Filling up the DagBag from /home/huynguyen2741/airflow_venv/lib/python3.12/site-packages/airflow/example_dags/example_skip_dag.py
[2025-08-06T14:35:10.638-0400] {processor.py:925} INFO - DAG(s) 'example_skip_dag' retrieved from /home/huynguyen2741/airflow_venv/lib/python3.12/site-packages/airflow/example_dags/example_skip_dag.py
[2025-08-06T14:35:10.654-0400] {logging_mixin.py:190} INFO - [2025-08-06T14:35:10.653-0400] {dag.py:3239} INFO - Sync 1 DAGs
[2025-08-06T14:35:10.668-0400] {logging_mixin.py:190} INFO - [2025-08-06T14:35:10.668-0400] {dag.py:4180} INFO - Setting next_dagrun for example_skip_dag to 2025-08-05 00:00:00+00:00, run_after=2025-08-06 00:00:00+00:00
[2025-08-06T14:35:10.684-0400] {processor.py:208} INFO - Processing /home/huynguyen2741/airflow_venv/lib/python3.12/site-packages/airflow/example_dags/example_skip_dag.py took 0.062 seconds
[2025-08-06T14:36:16.039-0400] {processor.py:186} INFO - Started process (PID=28557) to work on /home/huynguyen2741/airflow_venv/lib/python3.12/site-packages/airflow/example_dags/example_skip_dag.py
[2025-08-06T14:36:16.043-0400] {processor.py:914} INFO - Processing file /home/huynguyen2741/airflow_venv/lib/python3.12/site-packages/airflow/example_dags/example_skip_dag.py for tasks to queue
[2025-08-06T14:36:16.045-0400] {logging_mixin.py:190} INFO - [2025-08-06T14:36:16.044-0400] {dagbag.py:588} INFO - Filling up the DagBag from /home/huynguyen2741/airflow_venv/lib/python3.12/site-packages/airflow/example_dags/example_skip_dag.py
[2025-08-06T14:36:16.053-0400] {processor.py:925} INFO - DAG(s) 'example_skip_dag' retrieved from /home/huynguyen2741/airflow_venv/lib/python3.12/site-packages/airflow/example_dags/example_skip_dag.py
[2025-08-06T14:36:16.070-0400] {logging_mixin.py:190} INFO - [2025-08-06T14:36:16.070-0400] {dag.py:3239} INFO - Sync 1 DAGs
[2025-08-06T14:36:16.086-0400] {logging_mixin.py:190} INFO - [2025-08-06T14:36:16.086-0400] {dag.py:4180} INFO - Setting next_dagrun for example_skip_dag to 2025-08-05 00:00:00+00:00, run_after=2025-08-06 00:00:00+00:00
[2025-08-06T14:36:16.103-0400] {processor.py:208} INFO - Processing /home/huynguyen2741/airflow_venv/lib/python3.12/site-packages/airflow/example_dags/example_skip_dag.py took 0.072 seconds
[2025-08-06T14:37:20.953-0400] {processor.py:186} INFO - Started process (PID=28805) to work on /home/huynguyen2741/airflow_venv/lib/python3.12/site-packages/airflow/example_dags/example_skip_dag.py
[2025-08-06T14:37:20.958-0400] {processor.py:914} INFO - Processing file /home/huynguyen2741/airflow_venv/lib/python3.12/site-packages/airflow/example_dags/example_skip_dag.py for tasks to queue
[2025-08-06T14:37:20.959-0400] {logging_mixin.py:190} INFO - [2025-08-06T14:37:20.959-0400] {dagbag.py:588} INFO - Filling up the DagBag from /home/huynguyen2741/airflow_venv/lib/python3.12/site-packages/airflow/example_dags/example_skip_dag.py
[2025-08-06T14:37:20.965-0400] {processor.py:925} INFO - DAG(s) 'example_skip_dag' retrieved from /home/huynguyen2741/airflow_venv/lib/python3.12/site-packages/airflow/example_dags/example_skip_dag.py
[2025-08-06T14:37:20.981-0400] {logging_mixin.py:190} INFO - [2025-08-06T14:37:20.981-0400] {dag.py:3239} INFO - Sync 1 DAGs
[2025-08-06T14:37:20.996-0400] {logging_mixin.py:190} INFO - [2025-08-06T14:37:20.996-0400] {dag.py:4180} INFO - Setting next_dagrun for example_skip_dag to 2025-08-05 00:00:00+00:00, run_after=2025-08-06 00:00:00+00:00
[2025-08-06T14:37:21.013-0400] {processor.py:208} INFO - Processing /home/huynguyen2741/airflow_venv/lib/python3.12/site-packages/airflow/example_dags/example_skip_dag.py took 0.065 seconds
[2025-08-06T14:38:28.596-0400] {processor.py:186} INFO - Started process (PID=29050) to work on /home/huynguyen2741/airflow_venv/lib/python3.12/site-packages/airflow/example_dags/example_skip_dag.py
[2025-08-06T14:38:28.600-0400] {processor.py:914} INFO - Processing file /home/huynguyen2741/airflow_venv/lib/python3.12/site-packages/airflow/example_dags/example_skip_dag.py for tasks to queue
[2025-08-06T14:38:28.601-0400] {logging_mixin.py:190} INFO - [2025-08-06T14:38:28.601-0400] {dagbag.py:588} INFO - Filling up the DagBag from /home/huynguyen2741/airflow_venv/lib/python3.12/site-packages/airflow/example_dags/example_skip_dag.py
[2025-08-06T14:38:28.607-0400] {processor.py:925} INFO - DAG(s) 'example_skip_dag' retrieved from /home/huynguyen2741/airflow_venv/lib/python3.12/site-packages/airflow/example_dags/example_skip_dag.py
[2025-08-06T14:38:28.621-0400] {logging_mixin.py:190} INFO - [2025-08-06T14:38:28.621-0400] {dag.py:3239} INFO - Sync 1 DAGs
[2025-08-06T14:38:28.635-0400] {logging_mixin.py:190} INFO - [2025-08-06T14:38:28.635-0400] {dag.py:4180} INFO - Setting next_dagrun for example_skip_dag to 2025-08-05 00:00:00+00:00, run_after=2025-08-06 00:00:00+00:00
[2025-08-06T14:38:28.651-0400] {processor.py:208} INFO - Processing /home/huynguyen2741/airflow_venv/lib/python3.12/site-packages/airflow/example_dags/example_skip_dag.py took 0.061 seconds
[2025-08-06T14:39:36.308-0400] {processor.py:186} INFO - Started process (PID=29341) to work on /home/huynguyen2741/airflow_venv/lib/python3.12/site-packages/airflow/example_dags/example_skip_dag.py
[2025-08-06T14:39:36.309-0400] {processor.py:914} INFO - Processing file /home/huynguyen2741/airflow_venv/lib/python3.12/site-packages/airflow/example_dags/example_skip_dag.py for tasks to queue
[2025-08-06T14:39:36.310-0400] {logging_mixin.py:190} INFO - [2025-08-06T14:39:36.309-0400] {dagbag.py:588} INFO - Filling up the DagBag from /home/huynguyen2741/airflow_venv/lib/python3.12/site-packages/airflow/example_dags/example_skip_dag.py
[2025-08-06T14:39:36.316-0400] {processor.py:925} INFO - DAG(s) 'example_skip_dag' retrieved from /home/huynguyen2741/airflow_venv/lib/python3.12/site-packages/airflow/example_dags/example_skip_dag.py
[2025-08-06T14:39:36.327-0400] {logging_mixin.py:190} INFO - [2025-08-06T14:39:36.327-0400] {dag.py:3239} INFO - Sync 1 DAGs
[2025-08-06T14:39:36.340-0400] {logging_mixin.py:190} INFO - [2025-08-06T14:39:36.340-0400] {dag.py:4180} INFO - Setting next_dagrun for example_skip_dag to 2025-08-05 00:00:00+00:00, run_after=2025-08-06 00:00:00+00:00
[2025-08-06T14:39:36.356-0400] {processor.py:208} INFO - Processing /home/huynguyen2741/airflow_venv/lib/python3.12/site-packages/airflow/example_dags/example_skip_dag.py took 0.053 seconds
[2025-08-06T14:40:42.893-0400] {processor.py:186} INFO - Started process (PID=29575) to work on /home/huynguyen2741/airflow_venv/lib/python3.12/site-packages/airflow/example_dags/example_skip_dag.py
[2025-08-06T14:40:42.896-0400] {processor.py:914} INFO - Processing file /home/huynguyen2741/airflow_venv/lib/python3.12/site-packages/airflow/example_dags/example_skip_dag.py for tasks to queue
[2025-08-06T14:40:42.898-0400] {logging_mixin.py:190} INFO - [2025-08-06T14:40:42.897-0400] {dagbag.py:588} INFO - Filling up the DagBag from /home/huynguyen2741/airflow_venv/lib/python3.12/site-packages/airflow/example_dags/example_skip_dag.py
[2025-08-06T14:40:42.905-0400] {processor.py:925} INFO - DAG(s) 'example_skip_dag' retrieved from /home/huynguyen2741/airflow_venv/lib/python3.12/site-packages/airflow/example_dags/example_skip_dag.py
[2025-08-06T14:40:42.922-0400] {logging_mixin.py:190} INFO - [2025-08-06T14:40:42.922-0400] {dag.py:3239} INFO - Sync 1 DAGs
[2025-08-06T14:40:42.954-0400] {logging_mixin.py:190} INFO - [2025-08-06T14:40:42.953-0400] {dag.py:4180} INFO - Setting next_dagrun for example_skip_dag to 2025-08-05 00:00:00+00:00, run_after=2025-08-06 00:00:00+00:00
[2025-08-06T14:40:42.977-0400] {processor.py:208} INFO - Processing /home/huynguyen2741/airflow_venv/lib/python3.12/site-packages/airflow/example_dags/example_skip_dag.py took 0.089 seconds
[2025-08-06T14:41:45.054-0400] {processor.py:186} INFO - Started process (PID=29860) to work on /home/huynguyen2741/airflow_venv/lib/python3.12/site-packages/airflow/example_dags/example_skip_dag.py
[2025-08-06T14:41:45.055-0400] {processor.py:914} INFO - Processing file /home/huynguyen2741/airflow_venv/lib/python3.12/site-packages/airflow/example_dags/example_skip_dag.py for tasks to queue
[2025-08-06T14:41:45.057-0400] {logging_mixin.py:190} INFO - [2025-08-06T14:41:45.056-0400] {dagbag.py:588} INFO - Filling up the DagBag from /home/huynguyen2741/airflow_venv/lib/python3.12/site-packages/airflow/example_dags/example_skip_dag.py
[2025-08-06T14:41:45.063-0400] {processor.py:925} INFO - DAG(s) 'example_skip_dag' retrieved from /home/huynguyen2741/airflow_venv/lib/python3.12/site-packages/airflow/example_dags/example_skip_dag.py
[2025-08-06T14:41:45.075-0400] {logging_mixin.py:190} INFO - [2025-08-06T14:41:45.075-0400] {dag.py:3239} INFO - Sync 1 DAGs
[2025-08-06T14:41:45.087-0400] {logging_mixin.py:190} INFO - [2025-08-06T14:41:45.087-0400] {dag.py:4180} INFO - Setting next_dagrun for example_skip_dag to 2025-08-05 00:00:00+00:00, run_after=2025-08-06 00:00:00+00:00
[2025-08-06T14:41:45.102-0400] {processor.py:208} INFO - Processing /home/huynguyen2741/airflow_venv/lib/python3.12/site-packages/airflow/example_dags/example_skip_dag.py took 0.053 seconds
[2025-08-06T14:42:49.905-0400] {processor.py:186} INFO - Started process (PID=30089) to work on /home/huynguyen2741/airflow_venv/lib/python3.12/site-packages/airflow/example_dags/example_skip_dag.py
[2025-08-06T14:42:49.915-0400] {processor.py:914} INFO - Processing file /home/huynguyen2741/airflow_venv/lib/python3.12/site-packages/airflow/example_dags/example_skip_dag.py for tasks to queue
[2025-08-06T14:42:49.916-0400] {logging_mixin.py:190} INFO - [2025-08-06T14:42:49.916-0400] {dagbag.py:588} INFO - Filling up the DagBag from /home/huynguyen2741/airflow_venv/lib/python3.12/site-packages/airflow/example_dags/example_skip_dag.py
[2025-08-06T14:42:49.922-0400] {processor.py:925} INFO - DAG(s) 'example_skip_dag' retrieved from /home/huynguyen2741/airflow_venv/lib/python3.12/site-packages/airflow/example_dags/example_skip_dag.py
[2025-08-06T14:42:49.933-0400] {logging_mixin.py:190} INFO - [2025-08-06T14:42:49.933-0400] {dag.py:3239} INFO - Sync 1 DAGs
[2025-08-06T14:42:49.945-0400] {logging_mixin.py:190} INFO - [2025-08-06T14:42:49.945-0400] {dag.py:4180} INFO - Setting next_dagrun for example_skip_dag to 2025-08-05 00:00:00+00:00, run_after=2025-08-06 00:00:00+00:00
[2025-08-06T14:42:49.961-0400] {processor.py:208} INFO - Processing /home/huynguyen2741/airflow_venv/lib/python3.12/site-packages/airflow/example_dags/example_skip_dag.py took 0.061 seconds
[2025-08-06T14:43:57.351-0400] {processor.py:186} INFO - Started process (PID=30331) to work on /home/huynguyen2741/airflow_venv/lib/python3.12/site-packages/airflow/example_dags/example_skip_dag.py
[2025-08-06T14:43:57.364-0400] {processor.py:914} INFO - Processing file /home/huynguyen2741/airflow_venv/lib/python3.12/site-packages/airflow/example_dags/example_skip_dag.py for tasks to queue
[2025-08-06T14:43:57.366-0400] {logging_mixin.py:190} INFO - [2025-08-06T14:43:57.365-0400] {dagbag.py:588} INFO - Filling up the DagBag from /home/huynguyen2741/airflow_venv/lib/python3.12/site-packages/airflow/example_dags/example_skip_dag.py
[2025-08-06T14:43:57.374-0400] {processor.py:925} INFO - DAG(s) 'example_skip_dag' retrieved from /home/huynguyen2741/airflow_venv/lib/python3.12/site-packages/airflow/example_dags/example_skip_dag.py
[2025-08-06T14:43:57.387-0400] {logging_mixin.py:190} INFO - [2025-08-06T14:43:57.387-0400] {dag.py:3239} INFO - Sync 1 DAGs
[2025-08-06T14:43:57.401-0400] {logging_mixin.py:190} INFO - [2025-08-06T14:43:57.401-0400] {dag.py:4180} INFO - Setting next_dagrun for example_skip_dag to 2025-08-05 00:00:00+00:00, run_after=2025-08-06 00:00:00+00:00
[2025-08-06T14:43:57.421-0400] {processor.py:208} INFO - Processing /home/huynguyen2741/airflow_venv/lib/python3.12/site-packages/airflow/example_dags/example_skip_dag.py took 0.076 seconds
[2025-08-06T14:44:54.198-0400] {processor.py:186} INFO - Started process (PID=30585) to work on /home/huynguyen2741/airflow_venv/lib/python3.12/site-packages/airflow/example_dags/example_skip_dag.py
[2025-08-06T14:44:54.199-0400] {processor.py:914} INFO - Processing file /home/huynguyen2741/airflow_venv/lib/python3.12/site-packages/airflow/example_dags/example_skip_dag.py for tasks to queue
[2025-08-06T14:44:54.200-0400] {logging_mixin.py:190} INFO - [2025-08-06T14:44:54.199-0400] {dagbag.py:588} INFO - Filling up the DagBag from /home/huynguyen2741/airflow_venv/lib/python3.12/site-packages/airflow/example_dags/example_skip_dag.py
[2025-08-06T14:44:54.206-0400] {processor.py:925} INFO - DAG(s) 'example_skip_dag' retrieved from /home/huynguyen2741/airflow_venv/lib/python3.12/site-packages/airflow/example_dags/example_skip_dag.py
[2025-08-06T14:44:54.222-0400] {logging_mixin.py:190} INFO - [2025-08-06T14:44:54.222-0400] {dag.py:3239} INFO - Sync 1 DAGs
[2025-08-06T14:44:54.238-0400] {logging_mixin.py:190} INFO - [2025-08-06T14:44:54.238-0400] {dag.py:4180} INFO - Setting next_dagrun for example_skip_dag to 2025-08-05 00:00:00+00:00, run_after=2025-08-06 00:00:00+00:00
[2025-08-06T14:44:54.256-0400] {processor.py:208} INFO - Processing /home/huynguyen2741/airflow_venv/lib/python3.12/site-packages/airflow/example_dags/example_skip_dag.py took 0.064 seconds
[2025-08-06T14:45:52.593-0400] {processor.py:186} INFO - Started process (PID=30849) to work on /home/huynguyen2741/airflow_venv/lib/python3.12/site-packages/airflow/example_dags/example_skip_dag.py
[2025-08-06T14:45:52.594-0400] {processor.py:914} INFO - Processing file /home/huynguyen2741/airflow_venv/lib/python3.12/site-packages/airflow/example_dags/example_skip_dag.py for tasks to queue
[2025-08-06T14:45:52.595-0400] {logging_mixin.py:190} INFO - [2025-08-06T14:45:52.594-0400] {dagbag.py:588} INFO - Filling up the DagBag from /home/huynguyen2741/airflow_venv/lib/python3.12/site-packages/airflow/example_dags/example_skip_dag.py
[2025-08-06T14:45:52.603-0400] {processor.py:925} INFO - DAG(s) 'example_skip_dag' retrieved from /home/huynguyen2741/airflow_venv/lib/python3.12/site-packages/airflow/example_dags/example_skip_dag.py
[2025-08-06T14:45:52.623-0400] {logging_mixin.py:190} INFO - [2025-08-06T14:45:52.623-0400] {dag.py:3239} INFO - Sync 1 DAGs
[2025-08-06T14:45:52.635-0400] {logging_mixin.py:190} INFO - [2025-08-06T14:45:52.635-0400] {dag.py:4180} INFO - Setting next_dagrun for example_skip_dag to 2025-08-05 00:00:00+00:00, run_after=2025-08-06 00:00:00+00:00
[2025-08-06T14:45:52.652-0400] {processor.py:208} INFO - Processing /home/huynguyen2741/airflow_venv/lib/python3.12/site-packages/airflow/example_dags/example_skip_dag.py took 0.065 seconds
[2025-08-06T14:46:56.616-0400] {processor.py:186} INFO - Started process (PID=31136) to work on /home/huynguyen2741/airflow_venv/lib/python3.12/site-packages/airflow/example_dags/example_skip_dag.py
[2025-08-06T14:46:56.617-0400] {processor.py:914} INFO - Processing file /home/huynguyen2741/airflow_venv/lib/python3.12/site-packages/airflow/example_dags/example_skip_dag.py for tasks to queue
[2025-08-06T14:46:56.619-0400] {logging_mixin.py:190} INFO - [2025-08-06T14:46:56.618-0400] {dagbag.py:588} INFO - Filling up the DagBag from /home/huynguyen2741/airflow_venv/lib/python3.12/site-packages/airflow/example_dags/example_skip_dag.py
[2025-08-06T14:46:56.629-0400] {processor.py:925} INFO - DAG(s) 'example_skip_dag' retrieved from /home/huynguyen2741/airflow_venv/lib/python3.12/site-packages/airflow/example_dags/example_skip_dag.py
[2025-08-06T14:46:56.647-0400] {logging_mixin.py:190} INFO - [2025-08-06T14:46:56.647-0400] {dag.py:3239} INFO - Sync 1 DAGs
[2025-08-06T14:46:56.669-0400] {logging_mixin.py:190} INFO - [2025-08-06T14:46:56.669-0400] {dag.py:4180} INFO - Setting next_dagrun for example_skip_dag to 2025-08-05 00:00:00+00:00, run_after=2025-08-06 00:00:00+00:00
[2025-08-06T14:46:56.689-0400] {processor.py:208} INFO - Processing /home/huynguyen2741/airflow_venv/lib/python3.12/site-packages/airflow/example_dags/example_skip_dag.py took 0.082 seconds
[2025-08-06T14:48:28.295-0400] {processor.py:186} INFO - Started process (PID=31675) to work on /home/huynguyen2741/airflow_venv/lib/python3.12/site-packages/airflow/example_dags/example_skip_dag.py
[2025-08-06T14:48:28.296-0400] {processor.py:914} INFO - Processing file /home/huynguyen2741/airflow_venv/lib/python3.12/site-packages/airflow/example_dags/example_skip_dag.py for tasks to queue
[2025-08-06T14:48:28.297-0400] {logging_mixin.py:190} INFO - [2025-08-06T14:48:28.297-0400] {dagbag.py:588} INFO - Filling up the DagBag from /home/huynguyen2741/airflow_venv/lib/python3.12/site-packages/airflow/example_dags/example_skip_dag.py
[2025-08-06T14:48:28.304-0400] {processor.py:925} INFO - DAG(s) 'example_skip_dag' retrieved from /home/huynguyen2741/airflow_venv/lib/python3.12/site-packages/airflow/example_dags/example_skip_dag.py
[2025-08-06T14:48:28.317-0400] {logging_mixin.py:190} INFO - [2025-08-06T14:48:28.316-0400] {dag.py:3239} INFO - Sync 1 DAGs
[2025-08-06T14:48:28.330-0400] {logging_mixin.py:190} INFO - [2025-08-06T14:48:28.330-0400] {dag.py:4180} INFO - Setting next_dagrun for example_skip_dag to 2025-08-05 00:00:00+00:00, run_after=2025-08-06 00:00:00+00:00
[2025-08-06T14:48:28.345-0400] {processor.py:208} INFO - Processing /home/huynguyen2741/airflow_venv/lib/python3.12/site-packages/airflow/example_dags/example_skip_dag.py took 0.056 seconds
[2025-08-06T14:49:31.187-0400] {processor.py:186} INFO - Started process (PID=31895) to work on /home/huynguyen2741/airflow_venv/lib/python3.12/site-packages/airflow/example_dags/example_skip_dag.py
[2025-08-06T14:49:31.191-0400] {processor.py:914} INFO - Processing file /home/huynguyen2741/airflow_venv/lib/python3.12/site-packages/airflow/example_dags/example_skip_dag.py for tasks to queue
[2025-08-06T14:49:31.192-0400] {logging_mixin.py:190} INFO - [2025-08-06T14:49:31.192-0400] {dagbag.py:588} INFO - Filling up the DagBag from /home/huynguyen2741/airflow_venv/lib/python3.12/site-packages/airflow/example_dags/example_skip_dag.py
[2025-08-06T14:49:31.199-0400] {processor.py:925} INFO - DAG(s) 'example_skip_dag' retrieved from /home/huynguyen2741/airflow_venv/lib/python3.12/site-packages/airflow/example_dags/example_skip_dag.py
[2025-08-06T14:49:31.212-0400] {logging_mixin.py:190} INFO - [2025-08-06T14:49:31.212-0400] {dag.py:3239} INFO - Sync 1 DAGs
[2025-08-06T14:49:31.227-0400] {logging_mixin.py:190} INFO - [2025-08-06T14:49:31.227-0400] {dag.py:4180} INFO - Setting next_dagrun for example_skip_dag to 2025-08-05 00:00:00+00:00, run_after=2025-08-06 00:00:00+00:00
[2025-08-06T14:49:31.244-0400] {processor.py:208} INFO - Processing /home/huynguyen2741/airflow_venv/lib/python3.12/site-packages/airflow/example_dags/example_skip_dag.py took 0.063 seconds
[2025-08-06T14:50:35.771-0400] {processor.py:186} INFO - Started process (PID=32137) to work on /home/huynguyen2741/airflow_venv/lib/python3.12/site-packages/airflow/example_dags/example_skip_dag.py
[2025-08-06T14:50:35.775-0400] {processor.py:914} INFO - Processing file /home/huynguyen2741/airflow_venv/lib/python3.12/site-packages/airflow/example_dags/example_skip_dag.py for tasks to queue
[2025-08-06T14:50:35.776-0400] {logging_mixin.py:190} INFO - [2025-08-06T14:50:35.776-0400] {dagbag.py:588} INFO - Filling up the DagBag from /home/huynguyen2741/airflow_venv/lib/python3.12/site-packages/airflow/example_dags/example_skip_dag.py
[2025-08-06T14:50:35.782-0400] {processor.py:925} INFO - DAG(s) 'example_skip_dag' retrieved from /home/huynguyen2741/airflow_venv/lib/python3.12/site-packages/airflow/example_dags/example_skip_dag.py
[2025-08-06T14:50:35.796-0400] {logging_mixin.py:190} INFO - [2025-08-06T14:50:35.796-0400] {dag.py:3239} INFO - Sync 1 DAGs
[2025-08-06T14:50:35.810-0400] {logging_mixin.py:190} INFO - [2025-08-06T14:50:35.809-0400] {dag.py:4180} INFO - Setting next_dagrun for example_skip_dag to 2025-08-05 00:00:00+00:00, run_after=2025-08-06 00:00:00+00:00
[2025-08-06T14:50:35.827-0400] {processor.py:208} INFO - Processing /home/huynguyen2741/airflow_venv/lib/python3.12/site-packages/airflow/example_dags/example_skip_dag.py took 0.062 seconds
[2025-08-06T14:51:37.077-0400] {processor.py:186} INFO - Started process (PID=32361) to work on /home/huynguyen2741/airflow_venv/lib/python3.12/site-packages/airflow/example_dags/example_skip_dag.py
[2025-08-06T14:51:37.087-0400] {processor.py:914} INFO - Processing file /home/huynguyen2741/airflow_venv/lib/python3.12/site-packages/airflow/example_dags/example_skip_dag.py for tasks to queue
[2025-08-06T14:51:37.088-0400] {logging_mixin.py:190} INFO - [2025-08-06T14:51:37.087-0400] {dagbag.py:588} INFO - Filling up the DagBag from /home/huynguyen2741/airflow_venv/lib/python3.12/site-packages/airflow/example_dags/example_skip_dag.py
[2025-08-06T14:51:37.094-0400] {processor.py:925} INFO - DAG(s) 'example_skip_dag' retrieved from /home/huynguyen2741/airflow_venv/lib/python3.12/site-packages/airflow/example_dags/example_skip_dag.py
[2025-08-06T14:51:37.106-0400] {logging_mixin.py:190} INFO - [2025-08-06T14:51:37.105-0400] {dag.py:3239} INFO - Sync 1 DAGs
[2025-08-06T14:51:37.118-0400] {logging_mixin.py:190} INFO - [2025-08-06T14:51:37.117-0400] {dag.py:4180} INFO - Setting next_dagrun for example_skip_dag to 2025-08-05 00:00:00+00:00, run_after=2025-08-06 00:00:00+00:00
[2025-08-06T14:51:37.132-0400] {processor.py:208} INFO - Processing /home/huynguyen2741/airflow_venv/lib/python3.12/site-packages/airflow/example_dags/example_skip_dag.py took 0.061 seconds
[2025-08-06T14:52:38.303-0400] {processor.py:186} INFO - Started process (PID=32618) to work on /home/huynguyen2741/airflow_venv/lib/python3.12/site-packages/airflow/example_dags/example_skip_dag.py
[2025-08-06T14:52:38.304-0400] {processor.py:914} INFO - Processing file /home/huynguyen2741/airflow_venv/lib/python3.12/site-packages/airflow/example_dags/example_skip_dag.py for tasks to queue
[2025-08-06T14:52:38.305-0400] {logging_mixin.py:190} INFO - [2025-08-06T14:52:38.305-0400] {dagbag.py:588} INFO - Filling up the DagBag from /home/huynguyen2741/airflow_venv/lib/python3.12/site-packages/airflow/example_dags/example_skip_dag.py
[2025-08-06T14:52:38.312-0400] {processor.py:925} INFO - DAG(s) 'example_skip_dag' retrieved from /home/huynguyen2741/airflow_venv/lib/python3.12/site-packages/airflow/example_dags/example_skip_dag.py
[2025-08-06T14:52:38.324-0400] {logging_mixin.py:190} INFO - [2025-08-06T14:52:38.324-0400] {dag.py:3239} INFO - Sync 1 DAGs
[2025-08-06T14:52:38.337-0400] {logging_mixin.py:190} INFO - [2025-08-06T14:52:38.336-0400] {dag.py:4180} INFO - Setting next_dagrun for example_skip_dag to 2025-08-05 00:00:00+00:00, run_after=2025-08-06 00:00:00+00:00
[2025-08-06T14:52:38.352-0400] {processor.py:208} INFO - Processing /home/huynguyen2741/airflow_venv/lib/python3.12/site-packages/airflow/example_dags/example_skip_dag.py took 0.055 seconds
[2025-08-06T14:53:43.234-0400] {processor.py:186} INFO - Started process (PID=33026) to work on /home/huynguyen2741/airflow_venv/lib/python3.12/site-packages/airflow/example_dags/example_skip_dag.py
[2025-08-06T14:53:43.238-0400] {processor.py:914} INFO - Processing file /home/huynguyen2741/airflow_venv/lib/python3.12/site-packages/airflow/example_dags/example_skip_dag.py for tasks to queue
[2025-08-06T14:53:43.239-0400] {logging_mixin.py:190} INFO - [2025-08-06T14:53:43.239-0400] {dagbag.py:588} INFO - Filling up the DagBag from /home/huynguyen2741/airflow_venv/lib/python3.12/site-packages/airflow/example_dags/example_skip_dag.py
[2025-08-06T14:53:43.246-0400] {processor.py:925} INFO - DAG(s) 'example_skip_dag' retrieved from /home/huynguyen2741/airflow_venv/lib/python3.12/site-packages/airflow/example_dags/example_skip_dag.py
[2025-08-06T14:53:43.258-0400] {logging_mixin.py:190} INFO - [2025-08-06T14:53:43.258-0400] {dag.py:3239} INFO - Sync 1 DAGs
[2025-08-06T14:53:43.270-0400] {logging_mixin.py:190} INFO - [2025-08-06T14:53:43.270-0400] {dag.py:4180} INFO - Setting next_dagrun for example_skip_dag to 2025-08-05 00:00:00+00:00, run_after=2025-08-06 00:00:00+00:00
[2025-08-06T14:53:43.287-0400] {processor.py:208} INFO - Processing /home/huynguyen2741/airflow_venv/lib/python3.12/site-packages/airflow/example_dags/example_skip_dag.py took 0.059 seconds
[2025-08-06T14:54:39.060-0400] {processor.py:186} INFO - Started process (PID=33414) to work on /home/huynguyen2741/airflow_venv/lib/python3.12/site-packages/airflow/example_dags/example_skip_dag.py
[2025-08-06T14:54:39.065-0400] {processor.py:914} INFO - Processing file /home/huynguyen2741/airflow_venv/lib/python3.12/site-packages/airflow/example_dags/example_skip_dag.py for tasks to queue
[2025-08-06T14:54:39.066-0400] {logging_mixin.py:190} INFO - [2025-08-06T14:54:39.066-0400] {dagbag.py:588} INFO - Filling up the DagBag from /home/huynguyen2741/airflow_venv/lib/python3.12/site-packages/airflow/example_dags/example_skip_dag.py
[2025-08-06T14:54:39.073-0400] {processor.py:925} INFO - DAG(s) 'example_skip_dag' retrieved from /home/huynguyen2741/airflow_venv/lib/python3.12/site-packages/airflow/example_dags/example_skip_dag.py
[2025-08-06T14:54:39.085-0400] {logging_mixin.py:190} INFO - [2025-08-06T14:54:39.085-0400] {dag.py:3239} INFO - Sync 1 DAGs
[2025-08-06T14:54:39.097-0400] {logging_mixin.py:190} INFO - [2025-08-06T14:54:39.097-0400] {dag.py:4180} INFO - Setting next_dagrun for example_skip_dag to 2025-08-05 00:00:00+00:00, run_after=2025-08-06 00:00:00+00:00
[2025-08-06T14:54:39.112-0400] {processor.py:208} INFO - Processing /home/huynguyen2741/airflow_venv/lib/python3.12/site-packages/airflow/example_dags/example_skip_dag.py took 0.057 seconds
[2025-08-06T14:55:41.652-0400] {processor.py:186} INFO - Started process (PID=33666) to work on /home/huynguyen2741/airflow_venv/lib/python3.12/site-packages/airflow/example_dags/example_skip_dag.py
[2025-08-06T14:55:41.657-0400] {processor.py:914} INFO - Processing file /home/huynguyen2741/airflow_venv/lib/python3.12/site-packages/airflow/example_dags/example_skip_dag.py for tasks to queue
[2025-08-06T14:55:41.658-0400] {logging_mixin.py:190} INFO - [2025-08-06T14:55:41.658-0400] {dagbag.py:588} INFO - Filling up the DagBag from /home/huynguyen2741/airflow_venv/lib/python3.12/site-packages/airflow/example_dags/example_skip_dag.py
[2025-08-06T14:55:41.664-0400] {processor.py:925} INFO - DAG(s) 'example_skip_dag' retrieved from /home/huynguyen2741/airflow_venv/lib/python3.12/site-packages/airflow/example_dags/example_skip_dag.py
[2025-08-06T14:55:41.676-0400] {logging_mixin.py:190} INFO - [2025-08-06T14:55:41.676-0400] {dag.py:3239} INFO - Sync 1 DAGs
[2025-08-06T14:55:41.687-0400] {logging_mixin.py:190} INFO - [2025-08-06T14:55:41.687-0400] {dag.py:4180} INFO - Setting next_dagrun for example_skip_dag to 2025-08-05 00:00:00+00:00, run_after=2025-08-06 00:00:00+00:00
[2025-08-06T14:55:41.703-0400] {processor.py:208} INFO - Processing /home/huynguyen2741/airflow_venv/lib/python3.12/site-packages/airflow/example_dags/example_skip_dag.py took 0.056 seconds
[2025-08-06T14:56:45.113-0400] {processor.py:186} INFO - Started process (PID=33978) to work on /home/huynguyen2741/airflow_venv/lib/python3.12/site-packages/airflow/example_dags/example_skip_dag.py
[2025-08-06T14:56:45.118-0400] {processor.py:914} INFO - Processing file /home/huynguyen2741/airflow_venv/lib/python3.12/site-packages/airflow/example_dags/example_skip_dag.py for tasks to queue
[2025-08-06T14:56:45.119-0400] {logging_mixin.py:190} INFO - [2025-08-06T14:56:45.118-0400] {dagbag.py:588} INFO - Filling up the DagBag from /home/huynguyen2741/airflow_venv/lib/python3.12/site-packages/airflow/example_dags/example_skip_dag.py
[2025-08-06T14:56:45.125-0400] {processor.py:925} INFO - DAG(s) 'example_skip_dag' retrieved from /home/huynguyen2741/airflow_venv/lib/python3.12/site-packages/airflow/example_dags/example_skip_dag.py
[2025-08-06T14:56:45.137-0400] {logging_mixin.py:190} INFO - [2025-08-06T14:56:45.137-0400] {dag.py:3239} INFO - Sync 1 DAGs
[2025-08-06T14:56:45.149-0400] {logging_mixin.py:190} INFO - [2025-08-06T14:56:45.149-0400] {dag.py:4180} INFO - Setting next_dagrun for example_skip_dag to 2025-08-05 00:00:00+00:00, run_after=2025-08-06 00:00:00+00:00
[2025-08-06T14:56:45.164-0400] {processor.py:208} INFO - Processing /home/huynguyen2741/airflow_venv/lib/python3.12/site-packages/airflow/example_dags/example_skip_dag.py took 0.057 seconds
[2025-08-06T14:57:46.436-0400] {processor.py:186} INFO - Started process (PID=34252) to work on /home/huynguyen2741/airflow_venv/lib/python3.12/site-packages/airflow/example_dags/example_skip_dag.py
[2025-08-06T14:57:46.446-0400] {processor.py:914} INFO - Processing file /home/huynguyen2741/airflow_venv/lib/python3.12/site-packages/airflow/example_dags/example_skip_dag.py for tasks to queue
[2025-08-06T14:57:46.447-0400] {logging_mixin.py:190} INFO - [2025-08-06T14:57:46.447-0400] {dagbag.py:588} INFO - Filling up the DagBag from /home/huynguyen2741/airflow_venv/lib/python3.12/site-packages/airflow/example_dags/example_skip_dag.py
[2025-08-06T14:57:46.453-0400] {processor.py:925} INFO - DAG(s) 'example_skip_dag' retrieved from /home/huynguyen2741/airflow_venv/lib/python3.12/site-packages/airflow/example_dags/example_skip_dag.py
[2025-08-06T14:57:46.465-0400] {logging_mixin.py:190} INFO - [2025-08-06T14:57:46.465-0400] {dag.py:3239} INFO - Sync 1 DAGs
[2025-08-06T14:57:46.477-0400] {logging_mixin.py:190} INFO - [2025-08-06T14:57:46.477-0400] {dag.py:4180} INFO - Setting next_dagrun for example_skip_dag to 2025-08-05 00:00:00+00:00, run_after=2025-08-06 00:00:00+00:00
[2025-08-06T14:57:46.493-0400] {processor.py:208} INFO - Processing /home/huynguyen2741/airflow_venv/lib/python3.12/site-packages/airflow/example_dags/example_skip_dag.py took 0.062 seconds
[2025-08-06T14:58:46.356-0400] {processor.py:186} INFO - Started process (PID=34507) to work on /home/huynguyen2741/airflow_venv/lib/python3.12/site-packages/airflow/example_dags/example_skip_dag.py
[2025-08-06T14:58:46.357-0400] {processor.py:914} INFO - Processing file /home/huynguyen2741/airflow_venv/lib/python3.12/site-packages/airflow/example_dags/example_skip_dag.py for tasks to queue
[2025-08-06T14:58:46.358-0400] {logging_mixin.py:190} INFO - [2025-08-06T14:58:46.357-0400] {dagbag.py:588} INFO - Filling up the DagBag from /home/huynguyen2741/airflow_venv/lib/python3.12/site-packages/airflow/example_dags/example_skip_dag.py
[2025-08-06T14:58:46.364-0400] {processor.py:925} INFO - DAG(s) 'example_skip_dag' retrieved from /home/huynguyen2741/airflow_venv/lib/python3.12/site-packages/airflow/example_dags/example_skip_dag.py
[2025-08-06T14:58:46.376-0400] {logging_mixin.py:190} INFO - [2025-08-06T14:58:46.376-0400] {dag.py:3239} INFO - Sync 1 DAGs
[2025-08-06T14:58:46.387-0400] {logging_mixin.py:190} INFO - [2025-08-06T14:58:46.387-0400] {dag.py:4180} INFO - Setting next_dagrun for example_skip_dag to 2025-08-05 00:00:00+00:00, run_after=2025-08-06 00:00:00+00:00
[2025-08-06T14:58:46.403-0400] {processor.py:208} INFO - Processing /home/huynguyen2741/airflow_venv/lib/python3.12/site-packages/airflow/example_dags/example_skip_dag.py took 0.053 seconds
[2025-08-06T14:59:53.345-0400] {processor.py:186} INFO - Started process (PID=34758) to work on /home/huynguyen2741/airflow_venv/lib/python3.12/site-packages/airflow/example_dags/example_skip_dag.py
[2025-08-06T14:59:53.355-0400] {processor.py:914} INFO - Processing file /home/huynguyen2741/airflow_venv/lib/python3.12/site-packages/airflow/example_dags/example_skip_dag.py for tasks to queue
[2025-08-06T14:59:53.356-0400] {logging_mixin.py:190} INFO - [2025-08-06T14:59:53.355-0400] {dagbag.py:588} INFO - Filling up the DagBag from /home/huynguyen2741/airflow_venv/lib/python3.12/site-packages/airflow/example_dags/example_skip_dag.py
[2025-08-06T14:59:53.362-0400] {processor.py:925} INFO - DAG(s) 'example_skip_dag' retrieved from /home/huynguyen2741/airflow_venv/lib/python3.12/site-packages/airflow/example_dags/example_skip_dag.py
[2025-08-06T14:59:53.375-0400] {logging_mixin.py:190} INFO - [2025-08-06T14:59:53.374-0400] {dag.py:3239} INFO - Sync 1 DAGs
[2025-08-06T14:59:53.387-0400] {logging_mixin.py:190} INFO - [2025-08-06T14:59:53.387-0400] {dag.py:4180} INFO - Setting next_dagrun for example_skip_dag to 2025-08-05 00:00:00+00:00, run_after=2025-08-06 00:00:00+00:00
[2025-08-06T14:59:53.402-0400] {processor.py:208} INFO - Processing /home/huynguyen2741/airflow_venv/lib/python3.12/site-packages/airflow/example_dags/example_skip_dag.py took 0.063 seconds
