[2025-08-06T13:57:17.926-0400] {processor.py:186} INFO - Started process (PID=17714) to work on /home/huynguyen2741/airflow_venv/lib/python3.12/site-packages/airflow/example_dags/example_sensor_decorator.py
[2025-08-06T13:57:17.927-0400] {processor.py:914} INFO - Processing file /home/huynguyen2741/airflow_venv/lib/python3.12/site-packages/airflow/example_dags/example_sensor_decorator.py for tasks to queue
[2025-08-06T13:57:17.928-0400] {logging_mixin.py:190} INFO - [2025-08-06T13:57:17.928-0400] {dagbag.py:588} INFO - Filling up the DagBag from /home/huynguyen2741/airflow_venv/lib/python3.12/site-packages/airflow/example_dags/example_sensor_decorator.py
[2025-08-06T13:57:17.935-0400] {processor.py:925} INFO - DAG(s) 'example_sensor_decorator' retrieved from /home/huynguyen2741/airflow_venv/lib/python3.12/site-packages/airflow/example_dags/example_sensor_decorator.py
[2025-08-06T13:57:18.040-0400] {logging_mixin.py:190} INFO - [2025-08-06T13:57:18.040-0400] {override.py:1930} INFO - Created Permission View: can edit on DAG:example_sensor_decorator
[2025-08-06T13:57:18.059-0400] {logging_mixin.py:190} INFO - [2025-08-06T13:57:18.059-0400] {override.py:1930} INFO - Created Permission View: can read on DAG:example_sensor_decorator
[2025-08-06T13:57:18.069-0400] {logging_mixin.py:190} INFO - [2025-08-06T13:57:18.068-0400] {override.py:1930} INFO - Created Permission View: can delete on DAG:example_sensor_decorator
[2025-08-06T13:57:18.084-0400] {logging_mixin.py:190} INFO - [2025-08-06T13:57:18.084-0400] {override.py:1930} INFO - Created Permission View: menu access on DAG Run:example_sensor_decorator
[2025-08-06T13:57:18.093-0400] {logging_mixin.py:190} INFO - [2025-08-06T13:57:18.093-0400] {override.py:1930} INFO - Created Permission View: can read on DAG Run:example_sensor_decorator
[2025-08-06T13:57:18.102-0400] {logging_mixin.py:190} INFO - [2025-08-06T13:57:18.101-0400] {override.py:1930} INFO - Created Permission View: can create on DAG Run:example_sensor_decorator
[2025-08-06T13:57:18.110-0400] {logging_mixin.py:190} INFO - [2025-08-06T13:57:18.110-0400] {override.py:1930} INFO - Created Permission View: can delete on DAG Run:example_sensor_decorator
[2025-08-06T13:57:18.111-0400] {logging_mixin.py:190} INFO - [2025-08-06T13:57:18.110-0400] {dag.py:3239} INFO - Sync 1 DAGs
[2025-08-06T13:57:18.119-0400] {logging_mixin.py:190} INFO - [2025-08-06T13:57:18.119-0400] {dag.py:3262} INFO - Creating ORM DAG for example_sensor_decorator
[2025-08-06T13:57:18.120-0400] {logging_mixin.py:190} INFO - [2025-08-06T13:57:18.120-0400] {dag.py:4180} INFO - Setting next_dagrun for example_sensor_decorator to None, run_after=None
[2025-08-06T13:57:18.137-0400] {processor.py:208} INFO - Processing /home/huynguyen2741/airflow_venv/lib/python3.12/site-packages/airflow/example_dags/example_sensor_decorator.py took 0.215 seconds
[2025-08-06T13:58:22.696-0400] {processor.py:186} INFO - Started process (PID=17950) to work on /home/huynguyen2741/airflow_venv/lib/python3.12/site-packages/airflow/example_dags/example_sensor_decorator.py
[2025-08-06T13:58:22.700-0400] {processor.py:914} INFO - Processing file /home/huynguyen2741/airflow_venv/lib/python3.12/site-packages/airflow/example_dags/example_sensor_decorator.py for tasks to queue
[2025-08-06T13:58:22.702-0400] {logging_mixin.py:190} INFO - [2025-08-06T13:58:22.701-0400] {dagbag.py:588} INFO - Filling up the DagBag from /home/huynguyen2741/airflow_venv/lib/python3.12/site-packages/airflow/example_dags/example_sensor_decorator.py
[2025-08-06T13:58:22.708-0400] {processor.py:925} INFO - DAG(s) 'example_sensor_decorator' retrieved from /home/huynguyen2741/airflow_venv/lib/python3.12/site-packages/airflow/example_dags/example_sensor_decorator.py
[2025-08-06T13:58:22.720-0400] {logging_mixin.py:190} INFO - [2025-08-06T13:58:22.720-0400] {dag.py:3239} INFO - Sync 1 DAGs
[2025-08-06T13:58:22.729-0400] {logging_mixin.py:190} INFO - [2025-08-06T13:58:22.729-0400] {dag.py:4180} INFO - Setting next_dagrun for example_sensor_decorator to None, run_after=None
[2025-08-06T13:58:22.745-0400] {processor.py:208} INFO - Processing /home/huynguyen2741/airflow_venv/lib/python3.12/site-packages/airflow/example_dags/example_sensor_decorator.py took 0.053 seconds
[2025-08-06T13:59:18.965-0400] {processor.py:186} INFO - Started process (PID=18166) to work on /home/huynguyen2741/airflow_venv/lib/python3.12/site-packages/airflow/example_dags/example_sensor_decorator.py
[2025-08-06T13:59:18.966-0400] {processor.py:914} INFO - Processing file /home/huynguyen2741/airflow_venv/lib/python3.12/site-packages/airflow/example_dags/example_sensor_decorator.py for tasks to queue
[2025-08-06T13:59:18.968-0400] {logging_mixin.py:190} INFO - [2025-08-06T13:59:18.967-0400] {dagbag.py:588} INFO - Filling up the DagBag from /home/huynguyen2741/airflow_venv/lib/python3.12/site-packages/airflow/example_dags/example_sensor_decorator.py
[2025-08-06T13:59:18.974-0400] {processor.py:925} INFO - DAG(s) 'example_sensor_decorator' retrieved from /home/huynguyen2741/airflow_venv/lib/python3.12/site-packages/airflow/example_dags/example_sensor_decorator.py
[2025-08-06T13:59:18.984-0400] {logging_mixin.py:190} INFO - [2025-08-06T13:59:18.984-0400] {dag.py:3239} INFO - Sync 1 DAGs
[2025-08-06T13:59:18.993-0400] {logging_mixin.py:190} INFO - [2025-08-06T13:59:18.993-0400] {dag.py:4180} INFO - Setting next_dagrun for example_sensor_decorator to None, run_after=None
[2025-08-06T13:59:19.010-0400] {processor.py:208} INFO - Processing /home/huynguyen2741/airflow_venv/lib/python3.12/site-packages/airflow/example_dags/example_sensor_decorator.py took 0.050 seconds
[2025-08-06T14:00:22.611-0400] {processor.py:186} INFO - Started process (PID=18391) to work on /home/huynguyen2741/airflow_venv/lib/python3.12/site-packages/airflow/example_dags/example_sensor_decorator.py
[2025-08-06T14:00:22.620-0400] {processor.py:914} INFO - Processing file /home/huynguyen2741/airflow_venv/lib/python3.12/site-packages/airflow/example_dags/example_sensor_decorator.py for tasks to queue
[2025-08-06T14:00:22.622-0400] {logging_mixin.py:190} INFO - [2025-08-06T14:00:22.622-0400] {dagbag.py:588} INFO - Filling up the DagBag from /home/huynguyen2741/airflow_venv/lib/python3.12/site-packages/airflow/example_dags/example_sensor_decorator.py
[2025-08-06T14:00:22.629-0400] {processor.py:925} INFO - DAG(s) 'example_sensor_decorator' retrieved from /home/huynguyen2741/airflow_venv/lib/python3.12/site-packages/airflow/example_dags/example_sensor_decorator.py
[2025-08-06T14:00:22.641-0400] {logging_mixin.py:190} INFO - [2025-08-06T14:00:22.641-0400] {dag.py:3239} INFO - Sync 1 DAGs
[2025-08-06T14:00:22.651-0400] {logging_mixin.py:190} INFO - [2025-08-06T14:00:22.651-0400] {dag.py:4180} INFO - Setting next_dagrun for example_sensor_decorator to None, run_after=None
[2025-08-06T14:00:22.674-0400] {processor.py:208} INFO - Processing /home/huynguyen2741/airflow_venv/lib/python3.12/site-packages/airflow/example_dags/example_sensor_decorator.py took 0.067 seconds
[2025-08-06T14:01:26.696-0400] {processor.py:186} INFO - Started process (PID=18612) to work on /home/huynguyen2741/airflow_venv/lib/python3.12/site-packages/airflow/example_dags/example_sensor_decorator.py
[2025-08-06T14:01:26.698-0400] {processor.py:914} INFO - Processing file /home/huynguyen2741/airflow_venv/lib/python3.12/site-packages/airflow/example_dags/example_sensor_decorator.py for tasks to queue
[2025-08-06T14:01:26.700-0400] {logging_mixin.py:190} INFO - [2025-08-06T14:01:26.699-0400] {dagbag.py:588} INFO - Filling up the DagBag from /home/huynguyen2741/airflow_venv/lib/python3.12/site-packages/airflow/example_dags/example_sensor_decorator.py
[2025-08-06T14:01:26.706-0400] {processor.py:925} INFO - DAG(s) 'example_sensor_decorator' retrieved from /home/huynguyen2741/airflow_venv/lib/python3.12/site-packages/airflow/example_dags/example_sensor_decorator.py
[2025-08-06T14:01:26.716-0400] {logging_mixin.py:190} INFO - [2025-08-06T14:01:26.715-0400] {dag.py:3239} INFO - Sync 1 DAGs
[2025-08-06T14:01:26.723-0400] {logging_mixin.py:190} INFO - [2025-08-06T14:01:26.723-0400] {dag.py:4180} INFO - Setting next_dagrun for example_sensor_decorator to None, run_after=None
[2025-08-06T14:01:26.739-0400] {processor.py:208} INFO - Processing /home/huynguyen2741/airflow_venv/lib/python3.12/site-packages/airflow/example_dags/example_sensor_decorator.py took 0.048 seconds
[2025-08-06T14:02:25.072-0400] {processor.py:186} INFO - Started process (PID=18860) to work on /home/huynguyen2741/airflow_venv/lib/python3.12/site-packages/airflow/example_dags/example_sensor_decorator.py
[2025-08-06T14:02:25.076-0400] {processor.py:914} INFO - Processing file /home/huynguyen2741/airflow_venv/lib/python3.12/site-packages/airflow/example_dags/example_sensor_decorator.py for tasks to queue
[2025-08-06T14:02:25.078-0400] {logging_mixin.py:190} INFO - [2025-08-06T14:02:25.078-0400] {dagbag.py:588} INFO - Filling up the DagBag from /home/huynguyen2741/airflow_venv/lib/python3.12/site-packages/airflow/example_dags/example_sensor_decorator.py
[2025-08-06T14:02:25.084-0400] {processor.py:925} INFO - DAG(s) 'example_sensor_decorator' retrieved from /home/huynguyen2741/airflow_venv/lib/python3.12/site-packages/airflow/example_dags/example_sensor_decorator.py
[2025-08-06T14:02:25.094-0400] {logging_mixin.py:190} INFO - [2025-08-06T14:02:25.094-0400] {dag.py:3239} INFO - Sync 1 DAGs
[2025-08-06T14:02:25.102-0400] {logging_mixin.py:190} INFO - [2025-08-06T14:02:25.102-0400] {dag.py:4180} INFO - Setting next_dagrun for example_sensor_decorator to None, run_after=None
[2025-08-06T14:02:28.701-0400] {processor.py:208} INFO - Processing /home/huynguyen2741/airflow_venv/lib/python3.12/site-packages/airflow/example_dags/example_sensor_decorator.py took 0.050 seconds
[2025-08-06T14:03:27.556-0400] {processor.py:186} INFO - Started process (PID=19080) to work on /home/huynguyen2741/airflow_venv/lib/python3.12/site-packages/airflow/example_dags/example_sensor_decorator.py
[2025-08-06T14:03:27.560-0400] {processor.py:914} INFO - Processing file /home/huynguyen2741/airflow_venv/lib/python3.12/site-packages/airflow/example_dags/example_sensor_decorator.py for tasks to queue
[2025-08-06T14:03:27.562-0400] {logging_mixin.py:190} INFO - [2025-08-06T14:03:27.561-0400] {dagbag.py:588} INFO - Filling up the DagBag from /home/huynguyen2741/airflow_venv/lib/python3.12/site-packages/airflow/example_dags/example_sensor_decorator.py
[2025-08-06T14:03:27.568-0400] {processor.py:925} INFO - DAG(s) 'example_sensor_decorator' retrieved from /home/huynguyen2741/airflow_venv/lib/python3.12/site-packages/airflow/example_dags/example_sensor_decorator.py
[2025-08-06T14:03:27.578-0400] {logging_mixin.py:190} INFO - [2025-08-06T14:03:27.578-0400] {dag.py:3239} INFO - Sync 1 DAGs
[2025-08-06T14:03:27.586-0400] {logging_mixin.py:190} INFO - [2025-08-06T14:03:27.586-0400] {dag.py:4180} INFO - Setting next_dagrun for example_sensor_decorator to None, run_after=None
[2025-08-06T14:03:27.601-0400] {processor.py:208} INFO - Processing /home/huynguyen2741/airflow_venv/lib/python3.12/site-packages/airflow/example_dags/example_sensor_decorator.py took 0.049 seconds
[2025-08-06T14:04:30.361-0400] {processor.py:186} INFO - Started process (PID=19300) to work on /home/huynguyen2741/airflow_venv/lib/python3.12/site-packages/airflow/example_dags/example_sensor_decorator.py
[2025-08-06T14:04:30.365-0400] {processor.py:914} INFO - Processing file /home/huynguyen2741/airflow_venv/lib/python3.12/site-packages/airflow/example_dags/example_sensor_decorator.py for tasks to queue
[2025-08-06T14:04:30.367-0400] {logging_mixin.py:190} INFO - [2025-08-06T14:04:30.366-0400] {dagbag.py:588} INFO - Filling up the DagBag from /home/huynguyen2741/airflow_venv/lib/python3.12/site-packages/airflow/example_dags/example_sensor_decorator.py
[2025-08-06T14:04:30.373-0400] {processor.py:925} INFO - DAG(s) 'example_sensor_decorator' retrieved from /home/huynguyen2741/airflow_venv/lib/python3.12/site-packages/airflow/example_dags/example_sensor_decorator.py
[2025-08-06T14:04:30.385-0400] {logging_mixin.py:190} INFO - [2025-08-06T14:04:30.385-0400] {dag.py:3239} INFO - Sync 1 DAGs
[2025-08-06T14:04:30.395-0400] {logging_mixin.py:190} INFO - [2025-08-06T14:04:30.395-0400] {dag.py:4180} INFO - Setting next_dagrun for example_sensor_decorator to None, run_after=None
[2025-08-06T14:04:30.411-0400] {processor.py:208} INFO - Processing /home/huynguyen2741/airflow_venv/lib/python3.12/site-packages/airflow/example_dags/example_sensor_decorator.py took 0.054 seconds
[2025-08-06T14:05:35.628-0400] {processor.py:186} INFO - Started process (PID=19678) to work on /home/huynguyen2741/airflow_venv/lib/python3.12/site-packages/airflow/example_dags/example_sensor_decorator.py
[2025-08-06T14:05:35.629-0400] {processor.py:914} INFO - Processing file /home/huynguyen2741/airflow_venv/lib/python3.12/site-packages/airflow/example_dags/example_sensor_decorator.py for tasks to queue
[2025-08-06T14:05:35.630-0400] {logging_mixin.py:190} INFO - [2025-08-06T14:05:35.630-0400] {dagbag.py:588} INFO - Filling up the DagBag from /home/huynguyen2741/airflow_venv/lib/python3.12/site-packages/airflow/example_dags/example_sensor_decorator.py
[2025-08-06T14:05:35.636-0400] {processor.py:925} INFO - DAG(s) 'example_sensor_decorator' retrieved from /home/huynguyen2741/airflow_venv/lib/python3.12/site-packages/airflow/example_dags/example_sensor_decorator.py
[2025-08-06T14:05:35.646-0400] {logging_mixin.py:190} INFO - [2025-08-06T14:05:35.646-0400] {dag.py:3239} INFO - Sync 1 DAGs
[2025-08-06T14:05:35.654-0400] {logging_mixin.py:190} INFO - [2025-08-06T14:05:35.654-0400] {dag.py:4180} INFO - Setting next_dagrun for example_sensor_decorator to None, run_after=None
[2025-08-06T14:05:35.672-0400] {processor.py:208} INFO - Processing /home/huynguyen2741/airflow_venv/lib/python3.12/site-packages/airflow/example_dags/example_sensor_decorator.py took 0.049 seconds
[2025-08-06T14:06:39.527-0400] {processor.py:186} INFO - Started process (PID=19905) to work on /home/huynguyen2741/airflow_venv/lib/python3.12/site-packages/airflow/example_dags/example_sensor_decorator.py
[2025-08-06T14:06:39.528-0400] {processor.py:914} INFO - Processing file /home/huynguyen2741/airflow_venv/lib/python3.12/site-packages/airflow/example_dags/example_sensor_decorator.py for tasks to queue
[2025-08-06T14:06:39.530-0400] {logging_mixin.py:190} INFO - [2025-08-06T14:06:39.529-0400] {dagbag.py:588} INFO - Filling up the DagBag from /home/huynguyen2741/airflow_venv/lib/python3.12/site-packages/airflow/example_dags/example_sensor_decorator.py
[2025-08-06T14:06:39.536-0400] {processor.py:925} INFO - DAG(s) 'example_sensor_decorator' retrieved from /home/huynguyen2741/airflow_venv/lib/python3.12/site-packages/airflow/example_dags/example_sensor_decorator.py
[2025-08-06T14:06:39.546-0400] {logging_mixin.py:190} INFO - [2025-08-06T14:06:39.546-0400] {dag.py:3239} INFO - Sync 1 DAGs
[2025-08-06T14:06:39.554-0400] {logging_mixin.py:190} INFO - [2025-08-06T14:06:39.553-0400] {dag.py:4180} INFO - Setting next_dagrun for example_sensor_decorator to None, run_after=None
[2025-08-06T14:06:39.652-0400] {processor.py:208} INFO - Processing /home/huynguyen2741/airflow_venv/lib/python3.12/site-packages/airflow/example_dags/example_sensor_decorator.py took 0.130 seconds
[2025-08-06T14:07:44.043-0400] {processor.py:186} INFO - Started process (PID=20148) to work on /home/huynguyen2741/airflow_venv/lib/python3.12/site-packages/airflow/example_dags/example_sensor_decorator.py
[2025-08-06T14:07:44.044-0400] {processor.py:914} INFO - Processing file /home/huynguyen2741/airflow_venv/lib/python3.12/site-packages/airflow/example_dags/example_sensor_decorator.py for tasks to queue
[2025-08-06T14:07:44.045-0400] {logging_mixin.py:190} INFO - [2025-08-06T14:07:44.045-0400] {dagbag.py:588} INFO - Filling up the DagBag from /home/huynguyen2741/airflow_venv/lib/python3.12/site-packages/airflow/example_dags/example_sensor_decorator.py
[2025-08-06T14:07:44.052-0400] {processor.py:925} INFO - DAG(s) 'example_sensor_decorator' retrieved from /home/huynguyen2741/airflow_venv/lib/python3.12/site-packages/airflow/example_dags/example_sensor_decorator.py
[2025-08-06T14:07:44.063-0400] {logging_mixin.py:190} INFO - [2025-08-06T14:07:44.062-0400] {dag.py:3239} INFO - Sync 1 DAGs
[2025-08-06T14:07:44.071-0400] {logging_mixin.py:190} INFO - [2025-08-06T14:07:44.071-0400] {dag.py:4180} INFO - Setting next_dagrun for example_sensor_decorator to None, run_after=None
[2025-08-06T14:07:44.174-0400] {processor.py:208} INFO - Processing /home/huynguyen2741/airflow_venv/lib/python3.12/site-packages/airflow/example_dags/example_sensor_decorator.py took 0.135 seconds
[2025-08-06T14:08:50.540-0400] {processor.py:186} INFO - Started process (PID=20497) to work on /home/huynguyen2741/airflow_venv/lib/python3.12/site-packages/airflow/example_dags/example_sensor_decorator.py
[2025-08-06T14:08:50.541-0400] {processor.py:914} INFO - Processing file /home/huynguyen2741/airflow_venv/lib/python3.12/site-packages/airflow/example_dags/example_sensor_decorator.py for tasks to queue
[2025-08-06T14:08:50.543-0400] {logging_mixin.py:190} INFO - [2025-08-06T14:08:50.543-0400] {dagbag.py:588} INFO - Filling up the DagBag from /home/huynguyen2741/airflow_venv/lib/python3.12/site-packages/airflow/example_dags/example_sensor_decorator.py
[2025-08-06T14:08:50.549-0400] {processor.py:925} INFO - DAG(s) 'example_sensor_decorator' retrieved from /home/huynguyen2741/airflow_venv/lib/python3.12/site-packages/airflow/example_dags/example_sensor_decorator.py
[2025-08-06T14:08:50.559-0400] {logging_mixin.py:190} INFO - [2025-08-06T14:08:50.559-0400] {dag.py:3239} INFO - Sync 1 DAGs
[2025-08-06T14:08:50.567-0400] {logging_mixin.py:190} INFO - [2025-08-06T14:08:50.567-0400] {dag.py:4180} INFO - Setting next_dagrun for example_sensor_decorator to None, run_after=None
[2025-08-06T14:08:50.582-0400] {processor.py:208} INFO - Processing /home/huynguyen2741/airflow_venv/lib/python3.12/site-packages/airflow/example_dags/example_sensor_decorator.py took 0.047 seconds
[2025-08-06T14:10:01.893-0400] {processor.py:186} INFO - Started process (PID=21007) to work on /home/huynguyen2741/airflow_venv/lib/python3.12/site-packages/airflow/example_dags/example_sensor_decorator.py
[2025-08-06T14:10:01.896-0400] {processor.py:914} INFO - Processing file /home/huynguyen2741/airflow_venv/lib/python3.12/site-packages/airflow/example_dags/example_sensor_decorator.py for tasks to queue
[2025-08-06T14:10:01.897-0400] {logging_mixin.py:190} INFO - [2025-08-06T14:10:01.897-0400] {dagbag.py:588} INFO - Filling up the DagBag from /home/huynguyen2741/airflow_venv/lib/python3.12/site-packages/airflow/example_dags/example_sensor_decorator.py
[2025-08-06T14:10:01.903-0400] {processor.py:925} INFO - DAG(s) 'example_sensor_decorator' retrieved from /home/huynguyen2741/airflow_venv/lib/python3.12/site-packages/airflow/example_dags/example_sensor_decorator.py
[2025-08-06T14:10:01.914-0400] {logging_mixin.py:190} INFO - [2025-08-06T14:10:01.914-0400] {dag.py:3239} INFO - Sync 1 DAGs
[2025-08-06T14:10:01.922-0400] {logging_mixin.py:190} INFO - [2025-08-06T14:10:01.922-0400] {dag.py:4180} INFO - Setting next_dagrun for example_sensor_decorator to None, run_after=None
[2025-08-06T14:10:01.939-0400] {processor.py:208} INFO - Processing /home/huynguyen2741/airflow_venv/lib/python3.12/site-packages/airflow/example_dags/example_sensor_decorator.py took 0.051 seconds
[2025-08-06T14:11:02.141-0400] {processor.py:186} INFO - Started process (PID=21293) to work on /home/huynguyen2741/airflow_venv/lib/python3.12/site-packages/airflow/example_dags/example_sensor_decorator.py
[2025-08-06T14:11:02.143-0400] {processor.py:914} INFO - Processing file /home/huynguyen2741/airflow_venv/lib/python3.12/site-packages/airflow/example_dags/example_sensor_decorator.py for tasks to queue
[2025-08-06T14:11:02.145-0400] {logging_mixin.py:190} INFO - [2025-08-06T14:11:02.144-0400] {dagbag.py:588} INFO - Filling up the DagBag from /home/huynguyen2741/airflow_venv/lib/python3.12/site-packages/airflow/example_dags/example_sensor_decorator.py
[2025-08-06T14:11:02.151-0400] {processor.py:925} INFO - DAG(s) 'example_sensor_decorator' retrieved from /home/huynguyen2741/airflow_venv/lib/python3.12/site-packages/airflow/example_dags/example_sensor_decorator.py
[2025-08-06T14:11:02.161-0400] {logging_mixin.py:190} INFO - [2025-08-06T14:11:02.161-0400] {dag.py:3239} INFO - Sync 1 DAGs
[2025-08-06T14:11:02.169-0400] {logging_mixin.py:190} INFO - [2025-08-06T14:11:02.169-0400] {dag.py:4180} INFO - Setting next_dagrun for example_sensor_decorator to None, run_after=None
[2025-08-06T14:11:02.185-0400] {processor.py:208} INFO - Processing /home/huynguyen2741/airflow_venv/lib/python3.12/site-packages/airflow/example_dags/example_sensor_decorator.py took 0.047 seconds
[2025-08-06T14:12:09.199-0400] {processor.py:186} INFO - Started process (PID=21584) to work on /home/huynguyen2741/airflow_venv/lib/python3.12/site-packages/airflow/example_dags/example_sensor_decorator.py
[2025-08-06T14:12:09.203-0400] {processor.py:914} INFO - Processing file /home/huynguyen2741/airflow_venv/lib/python3.12/site-packages/airflow/example_dags/example_sensor_decorator.py for tasks to queue
[2025-08-06T14:12:09.204-0400] {logging_mixin.py:190} INFO - [2025-08-06T14:12:09.204-0400] {dagbag.py:588} INFO - Filling up the DagBag from /home/huynguyen2741/airflow_venv/lib/python3.12/site-packages/airflow/example_dags/example_sensor_decorator.py
[2025-08-06T14:12:09.210-0400] {processor.py:925} INFO - DAG(s) 'example_sensor_decorator' retrieved from /home/huynguyen2741/airflow_venv/lib/python3.12/site-packages/airflow/example_dags/example_sensor_decorator.py
[2025-08-06T14:12:09.221-0400] {logging_mixin.py:190} INFO - [2025-08-06T14:12:09.221-0400] {dag.py:3239} INFO - Sync 1 DAGs
[2025-08-06T14:12:09.229-0400] {logging_mixin.py:190} INFO - [2025-08-06T14:12:09.229-0400] {dag.py:4180} INFO - Setting next_dagrun for example_sensor_decorator to None, run_after=None
[2025-08-06T14:12:09.245-0400] {processor.py:208} INFO - Processing /home/huynguyen2741/airflow_venv/lib/python3.12/site-packages/airflow/example_dags/example_sensor_decorator.py took 0.050 seconds
[2025-08-06T14:13:09.179-0400] {processor.py:186} INFO - Started process (PID=22007) to work on /home/huynguyen2741/airflow_venv/lib/python3.12/site-packages/airflow/example_dags/example_sensor_decorator.py
[2025-08-06T14:13:09.183-0400] {processor.py:914} INFO - Processing file /home/huynguyen2741/airflow_venv/lib/python3.12/site-packages/airflow/example_dags/example_sensor_decorator.py for tasks to queue
[2025-08-06T14:13:09.184-0400] {logging_mixin.py:190} INFO - [2025-08-06T14:13:09.184-0400] {dagbag.py:588} INFO - Filling up the DagBag from /home/huynguyen2741/airflow_venv/lib/python3.12/site-packages/airflow/example_dags/example_sensor_decorator.py
[2025-08-06T14:13:09.192-0400] {processor.py:925} INFO - DAG(s) 'example_sensor_decorator' retrieved from /home/huynguyen2741/airflow_venv/lib/python3.12/site-packages/airflow/example_dags/example_sensor_decorator.py
[2025-08-06T14:13:09.206-0400] {logging_mixin.py:190} INFO - [2025-08-06T14:13:09.206-0400] {dag.py:3239} INFO - Sync 1 DAGs
[2025-08-06T14:13:09.216-0400] {logging_mixin.py:190} INFO - [2025-08-06T14:13:09.216-0400] {dag.py:4180} INFO - Setting next_dagrun for example_sensor_decorator to None, run_after=None
[2025-08-06T14:13:09.233-0400] {processor.py:208} INFO - Processing /home/huynguyen2741/airflow_venv/lib/python3.12/site-packages/airflow/example_dags/example_sensor_decorator.py took 0.059 seconds
[2025-08-06T14:14:15.569-0400] {processor.py:186} INFO - Started process (PID=22400) to work on /home/huynguyen2741/airflow_venv/lib/python3.12/site-packages/airflow/example_dags/example_sensor_decorator.py
[2025-08-06T14:14:15.570-0400] {processor.py:914} INFO - Processing file /home/huynguyen2741/airflow_venv/lib/python3.12/site-packages/airflow/example_dags/example_sensor_decorator.py for tasks to queue
[2025-08-06T14:14:15.571-0400] {logging_mixin.py:190} INFO - [2025-08-06T14:14:15.571-0400] {dagbag.py:588} INFO - Filling up the DagBag from /home/huynguyen2741/airflow_venv/lib/python3.12/site-packages/airflow/example_dags/example_sensor_decorator.py
[2025-08-06T14:14:15.578-0400] {processor.py:925} INFO - DAG(s) 'example_sensor_decorator' retrieved from /home/huynguyen2741/airflow_venv/lib/python3.12/site-packages/airflow/example_dags/example_sensor_decorator.py
[2025-08-06T14:14:15.593-0400] {logging_mixin.py:190} INFO - [2025-08-06T14:14:15.592-0400] {dag.py:3239} INFO - Sync 1 DAGs
[2025-08-06T14:14:15.603-0400] {logging_mixin.py:190} INFO - [2025-08-06T14:14:15.603-0400] {dag.py:4180} INFO - Setting next_dagrun for example_sensor_decorator to None, run_after=None
[2025-08-06T14:14:15.623-0400] {processor.py:208} INFO - Processing /home/huynguyen2741/airflow_venv/lib/python3.12/site-packages/airflow/example_dags/example_sensor_decorator.py took 0.058 seconds
[2025-08-06T14:15:18.272-0400] {processor.py:186} INFO - Started process (PID=22763) to work on /home/huynguyen2741/airflow_venv/lib/python3.12/site-packages/airflow/example_dags/example_sensor_decorator.py
[2025-08-06T14:15:18.273-0400] {processor.py:914} INFO - Processing file /home/huynguyen2741/airflow_venv/lib/python3.12/site-packages/airflow/example_dags/example_sensor_decorator.py for tasks to queue
[2025-08-06T14:15:18.274-0400] {logging_mixin.py:190} INFO - [2025-08-06T14:15:18.274-0400] {dagbag.py:588} INFO - Filling up the DagBag from /home/huynguyen2741/airflow_venv/lib/python3.12/site-packages/airflow/example_dags/example_sensor_decorator.py
[2025-08-06T14:15:18.280-0400] {processor.py:925} INFO - DAG(s) 'example_sensor_decorator' retrieved from /home/huynguyen2741/airflow_venv/lib/python3.12/site-packages/airflow/example_dags/example_sensor_decorator.py
[2025-08-06T14:15:18.291-0400] {logging_mixin.py:190} INFO - [2025-08-06T14:15:18.290-0400] {dag.py:3239} INFO - Sync 1 DAGs
[2025-08-06T14:15:18.299-0400] {logging_mixin.py:190} INFO - [2025-08-06T14:15:18.298-0400] {dag.py:4180} INFO - Setting next_dagrun for example_sensor_decorator to None, run_after=None
[2025-08-06T14:15:18.315-0400] {processor.py:208} INFO - Processing /home/huynguyen2741/airflow_venv/lib/python3.12/site-packages/airflow/example_dags/example_sensor_decorator.py took 0.048 seconds
[2025-08-06T14:16:21.172-0400] {processor.py:186} INFO - Started process (PID=23092) to work on /home/huynguyen2741/airflow_venv/lib/python3.12/site-packages/airflow/example_dags/example_sensor_decorator.py
[2025-08-06T14:16:21.182-0400] {processor.py:914} INFO - Processing file /home/huynguyen2741/airflow_venv/lib/python3.12/site-packages/airflow/example_dags/example_sensor_decorator.py for tasks to queue
[2025-08-06T14:16:21.183-0400] {logging_mixin.py:190} INFO - [2025-08-06T14:16:21.182-0400] {dagbag.py:588} INFO - Filling up the DagBag from /home/huynguyen2741/airflow_venv/lib/python3.12/site-packages/airflow/example_dags/example_sensor_decorator.py
[2025-08-06T14:16:21.190-0400] {processor.py:925} INFO - DAG(s) 'example_sensor_decorator' retrieved from /home/huynguyen2741/airflow_venv/lib/python3.12/site-packages/airflow/example_dags/example_sensor_decorator.py
[2025-08-06T14:16:21.205-0400] {logging_mixin.py:190} INFO - [2025-08-06T14:16:21.204-0400] {dag.py:3239} INFO - Sync 1 DAGs
[2025-08-06T14:16:21.215-0400] {logging_mixin.py:190} INFO - [2025-08-06T14:16:21.215-0400] {dag.py:4180} INFO - Setting next_dagrun for example_sensor_decorator to None, run_after=None
[2025-08-06T14:16:21.231-0400] {processor.py:208} INFO - Processing /home/huynguyen2741/airflow_venv/lib/python3.12/site-packages/airflow/example_dags/example_sensor_decorator.py took 0.064 seconds
[2025-08-06T14:17:28.752-0400] {processor.py:186} INFO - Started process (PID=23340) to work on /home/huynguyen2741/airflow_venv/lib/python3.12/site-packages/airflow/example_dags/example_sensor_decorator.py
[2025-08-06T14:17:28.753-0400] {processor.py:914} INFO - Processing file /home/huynguyen2741/airflow_venv/lib/python3.12/site-packages/airflow/example_dags/example_sensor_decorator.py for tasks to queue
[2025-08-06T14:17:28.754-0400] {logging_mixin.py:190} INFO - [2025-08-06T14:17:28.754-0400] {dagbag.py:588} INFO - Filling up the DagBag from /home/huynguyen2741/airflow_venv/lib/python3.12/site-packages/airflow/example_dags/example_sensor_decorator.py
[2025-08-06T14:17:28.761-0400] {processor.py:925} INFO - DAG(s) 'example_sensor_decorator' retrieved from /home/huynguyen2741/airflow_venv/lib/python3.12/site-packages/airflow/example_dags/example_sensor_decorator.py
[2025-08-06T14:17:28.773-0400] {logging_mixin.py:190} INFO - [2025-08-06T14:17:28.773-0400] {dag.py:3239} INFO - Sync 1 DAGs
[2025-08-06T14:17:28.782-0400] {logging_mixin.py:190} INFO - [2025-08-06T14:17:28.782-0400] {dag.py:4180} INFO - Setting next_dagrun for example_sensor_decorator to None, run_after=None
[2025-08-06T14:17:28.800-0400] {processor.py:208} INFO - Processing /home/huynguyen2741/airflow_venv/lib/python3.12/site-packages/airflow/example_dags/example_sensor_decorator.py took 0.052 seconds
[2025-08-06T14:18:30.495-0400] {processor.py:186} INFO - Started process (PID=23581) to work on /home/huynguyen2741/airflow_venv/lib/python3.12/site-packages/airflow/example_dags/example_sensor_decorator.py
[2025-08-06T14:18:30.496-0400] {processor.py:914} INFO - Processing file /home/huynguyen2741/airflow_venv/lib/python3.12/site-packages/airflow/example_dags/example_sensor_decorator.py for tasks to queue
[2025-08-06T14:18:30.497-0400] {logging_mixin.py:190} INFO - [2025-08-06T14:18:30.496-0400] {dagbag.py:588} INFO - Filling up the DagBag from /home/huynguyen2741/airflow_venv/lib/python3.12/site-packages/airflow/example_dags/example_sensor_decorator.py
[2025-08-06T14:18:30.505-0400] {processor.py:925} INFO - DAG(s) 'example_sensor_decorator' retrieved from /home/huynguyen2741/airflow_venv/lib/python3.12/site-packages/airflow/example_dags/example_sensor_decorator.py
[2025-08-06T14:18:30.517-0400] {logging_mixin.py:190} INFO - [2025-08-06T14:18:30.517-0400] {dag.py:3239} INFO - Sync 1 DAGs
[2025-08-06T14:18:30.527-0400] {logging_mixin.py:190} INFO - [2025-08-06T14:18:30.527-0400] {dag.py:4180} INFO - Setting next_dagrun for example_sensor_decorator to None, run_after=None
[2025-08-06T14:18:30.545-0400] {processor.py:208} INFO - Processing /home/huynguyen2741/airflow_venv/lib/python3.12/site-packages/airflow/example_dags/example_sensor_decorator.py took 0.055 seconds
[2025-08-06T14:19:36.748-0400] {processor.py:186} INFO - Started process (PID=23844) to work on /home/huynguyen2741/airflow_venv/lib/python3.12/site-packages/airflow/example_dags/example_sensor_decorator.py
[2025-08-06T14:19:36.749-0400] {processor.py:914} INFO - Processing file /home/huynguyen2741/airflow_venv/lib/python3.12/site-packages/airflow/example_dags/example_sensor_decorator.py for tasks to queue
[2025-08-06T14:19:36.750-0400] {logging_mixin.py:190} INFO - [2025-08-06T14:19:36.750-0400] {dagbag.py:588} INFO - Filling up the DagBag from /home/huynguyen2741/airflow_venv/lib/python3.12/site-packages/airflow/example_dags/example_sensor_decorator.py
[2025-08-06T14:19:36.758-0400] {processor.py:925} INFO - DAG(s) 'example_sensor_decorator' retrieved from /home/huynguyen2741/airflow_venv/lib/python3.12/site-packages/airflow/example_dags/example_sensor_decorator.py
[2025-08-06T14:19:36.770-0400] {logging_mixin.py:190} INFO - [2025-08-06T14:19:36.770-0400] {dag.py:3239} INFO - Sync 1 DAGs
[2025-08-06T14:19:36.779-0400] {logging_mixin.py:190} INFO - [2025-08-06T14:19:36.779-0400] {dag.py:4180} INFO - Setting next_dagrun for example_sensor_decorator to None, run_after=None
[2025-08-06T14:19:36.798-0400] {processor.py:208} INFO - Processing /home/huynguyen2741/airflow_venv/lib/python3.12/site-packages/airflow/example_dags/example_sensor_decorator.py took 0.055 seconds
[2025-08-06T14:20:41.486-0400] {processor.py:186} INFO - Started process (PID=24073) to work on /home/huynguyen2741/airflow_venv/lib/python3.12/site-packages/airflow/example_dags/example_sensor_decorator.py
[2025-08-06T14:20:41.487-0400] {processor.py:914} INFO - Processing file /home/huynguyen2741/airflow_venv/lib/python3.12/site-packages/airflow/example_dags/example_sensor_decorator.py for tasks to queue
[2025-08-06T14:20:41.488-0400] {logging_mixin.py:190} INFO - [2025-08-06T14:20:41.487-0400] {dagbag.py:588} INFO - Filling up the DagBag from /home/huynguyen2741/airflow_venv/lib/python3.12/site-packages/airflow/example_dags/example_sensor_decorator.py
[2025-08-06T14:20:41.495-0400] {processor.py:925} INFO - DAG(s) 'example_sensor_decorator' retrieved from /home/huynguyen2741/airflow_venv/lib/python3.12/site-packages/airflow/example_dags/example_sensor_decorator.py
[2025-08-06T14:20:41.507-0400] {logging_mixin.py:190} INFO - [2025-08-06T14:20:41.507-0400] {dag.py:3239} INFO - Sync 1 DAGs
[2025-08-06T14:20:41.516-0400] {logging_mixin.py:190} INFO - [2025-08-06T14:20:41.516-0400] {dag.py:4180} INFO - Setting next_dagrun for example_sensor_decorator to None, run_after=None
[2025-08-06T14:20:41.538-0400] {processor.py:208} INFO - Processing /home/huynguyen2741/airflow_venv/lib/python3.12/site-packages/airflow/example_dags/example_sensor_decorator.py took 0.056 seconds
[2025-08-06T14:21:50.351-0400] {processor.py:186} INFO - Started process (PID=24318) to work on /home/huynguyen2741/airflow_venv/lib/python3.12/site-packages/airflow/example_dags/example_sensor_decorator.py
[2025-08-06T14:21:50.355-0400] {processor.py:914} INFO - Processing file /home/huynguyen2741/airflow_venv/lib/python3.12/site-packages/airflow/example_dags/example_sensor_decorator.py for tasks to queue
[2025-08-06T14:21:50.356-0400] {logging_mixin.py:190} INFO - [2025-08-06T14:21:50.356-0400] {dagbag.py:588} INFO - Filling up the DagBag from /home/huynguyen2741/airflow_venv/lib/python3.12/site-packages/airflow/example_dags/example_sensor_decorator.py
[2025-08-06T14:21:50.363-0400] {processor.py:925} INFO - DAG(s) 'example_sensor_decorator' retrieved from /home/huynguyen2741/airflow_venv/lib/python3.12/site-packages/airflow/example_dags/example_sensor_decorator.py
[2025-08-06T14:21:50.378-0400] {logging_mixin.py:190} INFO - [2025-08-06T14:21:50.378-0400] {dag.py:3239} INFO - Sync 1 DAGs
[2025-08-06T14:21:50.389-0400] {logging_mixin.py:190} INFO - [2025-08-06T14:21:50.389-0400] {dag.py:4180} INFO - Setting next_dagrun for example_sensor_decorator to None, run_after=None
[2025-08-06T14:21:50.407-0400] {processor.py:208} INFO - Processing /home/huynguyen2741/airflow_venv/lib/python3.12/site-packages/airflow/example_dags/example_sensor_decorator.py took 0.062 seconds
[2025-08-06T14:22:55.450-0400] {processor.py:186} INFO - Started process (PID=24733) to work on /home/huynguyen2741/airflow_venv/lib/python3.12/site-packages/airflow/example_dags/example_sensor_decorator.py
[2025-08-06T14:22:55.453-0400] {processor.py:914} INFO - Processing file /home/huynguyen2741/airflow_venv/lib/python3.12/site-packages/airflow/example_dags/example_sensor_decorator.py for tasks to queue
[2025-08-06T14:22:55.454-0400] {logging_mixin.py:190} INFO - [2025-08-06T14:22:55.454-0400] {dagbag.py:588} INFO - Filling up the DagBag from /home/huynguyen2741/airflow_venv/lib/python3.12/site-packages/airflow/example_dags/example_sensor_decorator.py
[2025-08-06T14:22:55.461-0400] {processor.py:925} INFO - DAG(s) 'example_sensor_decorator' retrieved from /home/huynguyen2741/airflow_venv/lib/python3.12/site-packages/airflow/example_dags/example_sensor_decorator.py
[2025-08-06T14:22:55.471-0400] {logging_mixin.py:190} INFO - [2025-08-06T14:22:55.471-0400] {dag.py:3239} INFO - Sync 1 DAGs
[2025-08-06T14:22:55.479-0400] {logging_mixin.py:190} INFO - [2025-08-06T14:22:55.479-0400] {dag.py:4180} INFO - Setting next_dagrun for example_sensor_decorator to None, run_after=None
[2025-08-06T14:22:55.494-0400] {processor.py:208} INFO - Processing /home/huynguyen2741/airflow_venv/lib/python3.12/site-packages/airflow/example_dags/example_sensor_decorator.py took 0.049 seconds
[2025-08-06T14:23:53.807-0400] {processor.py:186} INFO - Started process (PID=25140) to work on /home/huynguyen2741/airflow_venv/lib/python3.12/site-packages/airflow/example_dags/example_sensor_decorator.py
[2025-08-06T14:23:53.817-0400] {processor.py:914} INFO - Processing file /home/huynguyen2741/airflow_venv/lib/python3.12/site-packages/airflow/example_dags/example_sensor_decorator.py for tasks to queue
[2025-08-06T14:23:53.819-0400] {logging_mixin.py:190} INFO - [2025-08-06T14:23:53.818-0400] {dagbag.py:588} INFO - Filling up the DagBag from /home/huynguyen2741/airflow_venv/lib/python3.12/site-packages/airflow/example_dags/example_sensor_decorator.py
[2025-08-06T14:23:53.825-0400] {processor.py:925} INFO - DAG(s) 'example_sensor_decorator' retrieved from /home/huynguyen2741/airflow_venv/lib/python3.12/site-packages/airflow/example_dags/example_sensor_decorator.py
[2025-08-06T14:23:53.836-0400] {logging_mixin.py:190} INFO - [2025-08-06T14:23:53.836-0400] {dag.py:3239} INFO - Sync 1 DAGs
[2025-08-06T14:23:53.844-0400] {logging_mixin.py:190} INFO - [2025-08-06T14:23:53.844-0400] {dag.py:4180} INFO - Setting next_dagrun for example_sensor_decorator to None, run_after=None
[2025-08-06T14:23:53.860-0400] {processor.py:208} INFO - Processing /home/huynguyen2741/airflow_venv/lib/python3.12/site-packages/airflow/example_dags/example_sensor_decorator.py took 0.058 seconds
[2025-08-06T14:25:02.768-0400] {processor.py:186} INFO - Started process (PID=25452) to work on /home/huynguyen2741/airflow_venv/lib/python3.12/site-packages/airflow/example_dags/example_sensor_decorator.py
[2025-08-06T14:25:02.772-0400] {processor.py:914} INFO - Processing file /home/huynguyen2741/airflow_venv/lib/python3.12/site-packages/airflow/example_dags/example_sensor_decorator.py for tasks to queue
[2025-08-06T14:25:02.773-0400] {logging_mixin.py:190} INFO - [2025-08-06T14:25:02.773-0400] {dagbag.py:588} INFO - Filling up the DagBag from /home/huynguyen2741/airflow_venv/lib/python3.12/site-packages/airflow/example_dags/example_sensor_decorator.py
[2025-08-06T14:25:02.779-0400] {processor.py:925} INFO - DAG(s) 'example_sensor_decorator' retrieved from /home/huynguyen2741/airflow_venv/lib/python3.12/site-packages/airflow/example_dags/example_sensor_decorator.py
[2025-08-06T14:25:02.790-0400] {logging_mixin.py:190} INFO - [2025-08-06T14:25:02.790-0400] {dag.py:3239} INFO - Sync 1 DAGs
[2025-08-06T14:25:02.798-0400] {logging_mixin.py:190} INFO - [2025-08-06T14:25:02.798-0400] {dag.py:4180} INFO - Setting next_dagrun for example_sensor_decorator to None, run_after=None
[2025-08-06T14:25:02.815-0400] {processor.py:208} INFO - Processing /home/huynguyen2741/airflow_venv/lib/python3.12/site-packages/airflow/example_dags/example_sensor_decorator.py took 0.052 seconds
[2025-08-06T14:26:04.738-0400] {processor.py:186} INFO - Started process (PID=25739) to work on /home/huynguyen2741/airflow_venv/lib/python3.12/site-packages/airflow/example_dags/example_sensor_decorator.py
[2025-08-06T14:26:04.742-0400] {processor.py:914} INFO - Processing file /home/huynguyen2741/airflow_venv/lib/python3.12/site-packages/airflow/example_dags/example_sensor_decorator.py for tasks to queue
[2025-08-06T14:26:04.743-0400] {logging_mixin.py:190} INFO - [2025-08-06T14:26:04.743-0400] {dagbag.py:588} INFO - Filling up the DagBag from /home/huynguyen2741/airflow_venv/lib/python3.12/site-packages/airflow/example_dags/example_sensor_decorator.py
[2025-08-06T14:26:04.750-0400] {processor.py:925} INFO - DAG(s) 'example_sensor_decorator' retrieved from /home/huynguyen2741/airflow_venv/lib/python3.12/site-packages/airflow/example_dags/example_sensor_decorator.py
[2025-08-06T14:26:04.760-0400] {logging_mixin.py:190} INFO - [2025-08-06T14:26:04.760-0400] {dag.py:3239} INFO - Sync 1 DAGs
[2025-08-06T14:26:04.768-0400] {logging_mixin.py:190} INFO - [2025-08-06T14:26:04.768-0400] {dag.py:4180} INFO - Setting next_dagrun for example_sensor_decorator to None, run_after=None
[2025-08-06T14:26:04.783-0400] {processor.py:208} INFO - Processing /home/huynguyen2741/airflow_venv/lib/python3.12/site-packages/airflow/example_dags/example_sensor_decorator.py took 0.050 seconds
[2025-08-06T14:27:12.398-0400] {processor.py:186} INFO - Started process (PID=26004) to work on /home/huynguyen2741/airflow_venv/lib/python3.12/site-packages/airflow/example_dags/example_sensor_decorator.py
[2025-08-06T14:27:12.402-0400] {processor.py:914} INFO - Processing file /home/huynguyen2741/airflow_venv/lib/python3.12/site-packages/airflow/example_dags/example_sensor_decorator.py for tasks to queue
[2025-08-06T14:27:12.403-0400] {logging_mixin.py:190} INFO - [2025-08-06T14:27:12.403-0400] {dagbag.py:588} INFO - Filling up the DagBag from /home/huynguyen2741/airflow_venv/lib/python3.12/site-packages/airflow/example_dags/example_sensor_decorator.py
[2025-08-06T14:27:12.410-0400] {processor.py:925} INFO - DAG(s) 'example_sensor_decorator' retrieved from /home/huynguyen2741/airflow_venv/lib/python3.12/site-packages/airflow/example_dags/example_sensor_decorator.py
[2025-08-06T14:27:12.420-0400] {logging_mixin.py:190} INFO - [2025-08-06T14:27:12.420-0400] {dag.py:3239} INFO - Sync 1 DAGs
[2025-08-06T14:27:12.430-0400] {logging_mixin.py:190} INFO - [2025-08-06T14:27:12.430-0400] {dag.py:4180} INFO - Setting next_dagrun for example_sensor_decorator to None, run_after=None
[2025-08-06T14:27:12.447-0400] {processor.py:208} INFO - Processing /home/huynguyen2741/airflow_venv/lib/python3.12/site-packages/airflow/example_dags/example_sensor_decorator.py took 0.055 seconds
[2025-08-06T14:28:21.012-0400] {processor.py:186} INFO - Started process (PID=26315) to work on /home/huynguyen2741/airflow_venv/lib/python3.12/site-packages/airflow/example_dags/example_sensor_decorator.py
[2025-08-06T14:28:21.016-0400] {processor.py:914} INFO - Processing file /home/huynguyen2741/airflow_venv/lib/python3.12/site-packages/airflow/example_dags/example_sensor_decorator.py for tasks to queue
[2025-08-06T14:28:21.017-0400] {logging_mixin.py:190} INFO - [2025-08-06T14:28:21.017-0400] {dagbag.py:588} INFO - Filling up the DagBag from /home/huynguyen2741/airflow_venv/lib/python3.12/site-packages/airflow/example_dags/example_sensor_decorator.py
[2025-08-06T14:28:21.024-0400] {processor.py:925} INFO - DAG(s) 'example_sensor_decorator' retrieved from /home/huynguyen2741/airflow_venv/lib/python3.12/site-packages/airflow/example_dags/example_sensor_decorator.py
[2025-08-06T14:28:21.035-0400] {logging_mixin.py:190} INFO - [2025-08-06T14:28:21.035-0400] {dag.py:3239} INFO - Sync 1 DAGs
[2025-08-06T14:28:21.045-0400] {logging_mixin.py:190} INFO - [2025-08-06T14:28:21.045-0400] {dag.py:4180} INFO - Setting next_dagrun for example_sensor_decorator to None, run_after=None
[2025-08-06T14:28:21.062-0400] {processor.py:208} INFO - Processing /home/huynguyen2741/airflow_venv/lib/python3.12/site-packages/airflow/example_dags/example_sensor_decorator.py took 0.055 seconds
[2025-08-06T14:29:28.652-0400] {processor.py:186} INFO - Started process (PID=26595) to work on /home/huynguyen2741/airflow_venv/lib/python3.12/site-packages/airflow/example_dags/example_sensor_decorator.py
[2025-08-06T14:29:28.662-0400] {processor.py:914} INFO - Processing file /home/huynguyen2741/airflow_venv/lib/python3.12/site-packages/airflow/example_dags/example_sensor_decorator.py for tasks to queue
[2025-08-06T14:29:28.663-0400] {logging_mixin.py:190} INFO - [2025-08-06T14:29:28.663-0400] {dagbag.py:588} INFO - Filling up the DagBag from /home/huynguyen2741/airflow_venv/lib/python3.12/site-packages/airflow/example_dags/example_sensor_decorator.py
[2025-08-06T14:29:28.669-0400] {processor.py:925} INFO - DAG(s) 'example_sensor_decorator' retrieved from /home/huynguyen2741/airflow_venv/lib/python3.12/site-packages/airflow/example_dags/example_sensor_decorator.py
[2025-08-06T14:29:28.680-0400] {logging_mixin.py:190} INFO - [2025-08-06T14:29:28.679-0400] {dag.py:3239} INFO - Sync 1 DAGs
[2025-08-06T14:29:28.687-0400] {logging_mixin.py:190} INFO - [2025-08-06T14:29:28.687-0400] {dag.py:4180} INFO - Setting next_dagrun for example_sensor_decorator to None, run_after=None
[2025-08-06T14:29:28.702-0400] {processor.py:208} INFO - Processing /home/huynguyen2741/airflow_venv/lib/python3.12/site-packages/airflow/example_dags/example_sensor_decorator.py took 0.055 seconds
[2025-08-06T14:30:40.025-0400] {processor.py:186} INFO - Started process (PID=27025) to work on /home/huynguyen2741/airflow_venv/lib/python3.12/site-packages/airflow/example_dags/example_sensor_decorator.py
[2025-08-06T14:30:40.030-0400] {processor.py:914} INFO - Processing file /home/huynguyen2741/airflow_venv/lib/python3.12/site-packages/airflow/example_dags/example_sensor_decorator.py for tasks to queue
[2025-08-06T14:30:40.031-0400] {logging_mixin.py:190} INFO - [2025-08-06T14:30:40.030-0400] {dagbag.py:588} INFO - Filling up the DagBag from /home/huynguyen2741/airflow_venv/lib/python3.12/site-packages/airflow/example_dags/example_sensor_decorator.py
[2025-08-06T14:30:40.037-0400] {processor.py:925} INFO - DAG(s) 'example_sensor_decorator' retrieved from /home/huynguyen2741/airflow_venv/lib/python3.12/site-packages/airflow/example_dags/example_sensor_decorator.py
[2025-08-06T14:30:40.049-0400] {logging_mixin.py:190} INFO - [2025-08-06T14:30:40.049-0400] {dag.py:3239} INFO - Sync 1 DAGs
[2025-08-06T14:30:40.058-0400] {logging_mixin.py:190} INFO - [2025-08-06T14:30:40.058-0400] {dag.py:4180} INFO - Setting next_dagrun for example_sensor_decorator to None, run_after=None
[2025-08-06T14:30:40.073-0400] {processor.py:208} INFO - Processing /home/huynguyen2741/airflow_venv/lib/python3.12/site-packages/airflow/example_dags/example_sensor_decorator.py took 0.054 seconds
[2025-08-06T14:31:54.004-0400] {processor.py:186} INFO - Started process (PID=27292) to work on /home/huynguyen2741/airflow_venv/lib/python3.12/site-packages/airflow/example_dags/example_sensor_decorator.py
[2025-08-06T14:31:54.014-0400] {processor.py:914} INFO - Processing file /home/huynguyen2741/airflow_venv/lib/python3.12/site-packages/airflow/example_dags/example_sensor_decorator.py for tasks to queue
[2025-08-06T14:31:54.015-0400] {logging_mixin.py:190} INFO - [2025-08-06T14:31:54.015-0400] {dagbag.py:588} INFO - Filling up the DagBag from /home/huynguyen2741/airflow_venv/lib/python3.12/site-packages/airflow/example_dags/example_sensor_decorator.py
[2025-08-06T14:31:54.022-0400] {processor.py:925} INFO - DAG(s) 'example_sensor_decorator' retrieved from /home/huynguyen2741/airflow_venv/lib/python3.12/site-packages/airflow/example_dags/example_sensor_decorator.py
[2025-08-06T14:31:54.034-0400] {logging_mixin.py:190} INFO - [2025-08-06T14:31:54.034-0400] {dag.py:3239} INFO - Sync 1 DAGs
[2025-08-06T14:31:54.045-0400] {logging_mixin.py:190} INFO - [2025-08-06T14:31:54.045-0400] {dag.py:4180} INFO - Setting next_dagrun for example_sensor_decorator to None, run_after=None
[2025-08-06T14:31:54.064-0400] {processor.py:208} INFO - Processing /home/huynguyen2741/airflow_venv/lib/python3.12/site-packages/airflow/example_dags/example_sensor_decorator.py took 0.065 seconds
[2025-08-06T14:33:03.201-0400] {processor.py:186} INFO - Started process (PID=27620) to work on /home/huynguyen2741/airflow_venv/lib/python3.12/site-packages/airflow/example_dags/example_sensor_decorator.py
[2025-08-06T14:33:03.206-0400] {processor.py:914} INFO - Processing file /home/huynguyen2741/airflow_venv/lib/python3.12/site-packages/airflow/example_dags/example_sensor_decorator.py for tasks to queue
[2025-08-06T14:33:03.206-0400] {logging_mixin.py:190} INFO - [2025-08-06T14:33:03.206-0400] {dagbag.py:588} INFO - Filling up the DagBag from /home/huynguyen2741/airflow_venv/lib/python3.12/site-packages/airflow/example_dags/example_sensor_decorator.py
[2025-08-06T14:33:03.212-0400] {processor.py:925} INFO - DAG(s) 'example_sensor_decorator' retrieved from /home/huynguyen2741/airflow_venv/lib/python3.12/site-packages/airflow/example_dags/example_sensor_decorator.py
[2025-08-06T14:33:03.227-0400] {logging_mixin.py:190} INFO - [2025-08-06T14:33:03.227-0400] {dag.py:3239} INFO - Sync 1 DAGs
[2025-08-06T14:33:03.237-0400] {logging_mixin.py:190} INFO - [2025-08-06T14:33:03.237-0400] {dag.py:4180} INFO - Setting next_dagrun for example_sensor_decorator to None, run_after=None
[2025-08-06T14:33:03.254-0400] {processor.py:208} INFO - Processing /home/huynguyen2741/airflow_venv/lib/python3.12/site-packages/airflow/example_dags/example_sensor_decorator.py took 0.059 seconds
[2025-08-06T14:34:12.490-0400] {processor.py:186} INFO - Started process (PID=27872) to work on /home/huynguyen2741/airflow_venv/lib/python3.12/site-packages/airflow/example_dags/example_sensor_decorator.py
[2025-08-06T14:34:12.491-0400] {processor.py:914} INFO - Processing file /home/huynguyen2741/airflow_venv/lib/python3.12/site-packages/airflow/example_dags/example_sensor_decorator.py for tasks to queue
[2025-08-06T14:34:12.492-0400] {logging_mixin.py:190} INFO - [2025-08-06T14:34:12.491-0400] {dagbag.py:588} INFO - Filling up the DagBag from /home/huynguyen2741/airflow_venv/lib/python3.12/site-packages/airflow/example_dags/example_sensor_decorator.py
[2025-08-06T14:34:12.498-0400] {processor.py:925} INFO - DAG(s) 'example_sensor_decorator' retrieved from /home/huynguyen2741/airflow_venv/lib/python3.12/site-packages/airflow/example_dags/example_sensor_decorator.py
[2025-08-06T14:34:12.509-0400] {logging_mixin.py:190} INFO - [2025-08-06T14:34:12.509-0400] {dag.py:3239} INFO - Sync 1 DAGs
[2025-08-06T14:34:12.518-0400] {logging_mixin.py:190} INFO - [2025-08-06T14:34:12.518-0400] {dag.py:4180} INFO - Setting next_dagrun for example_sensor_decorator to None, run_after=None
[2025-08-06T14:34:12.533-0400] {processor.py:208} INFO - Processing /home/huynguyen2741/airflow_venv/lib/python3.12/site-packages/airflow/example_dags/example_sensor_decorator.py took 0.049 seconds
[2025-08-06T14:35:08.367-0400] {processor.py:186} INFO - Started process (PID=28281) to work on /home/huynguyen2741/airflow_venv/lib/python3.12/site-packages/airflow/example_dags/example_sensor_decorator.py
[2025-08-06T14:35:08.371-0400] {processor.py:914} INFO - Processing file /home/huynguyen2741/airflow_venv/lib/python3.12/site-packages/airflow/example_dags/example_sensor_decorator.py for tasks to queue
[2025-08-06T14:35:08.373-0400] {logging_mixin.py:190} INFO - [2025-08-06T14:35:08.372-0400] {dagbag.py:588} INFO - Filling up the DagBag from /home/huynguyen2741/airflow_venv/lib/python3.12/site-packages/airflow/example_dags/example_sensor_decorator.py
[2025-08-06T14:35:08.380-0400] {processor.py:925} INFO - DAG(s) 'example_sensor_decorator' retrieved from /home/huynguyen2741/airflow_venv/lib/python3.12/site-packages/airflow/example_dags/example_sensor_decorator.py
[2025-08-06T14:35:08.391-0400] {logging_mixin.py:190} INFO - [2025-08-06T14:35:08.391-0400] {dag.py:3239} INFO - Sync 1 DAGs
[2025-08-06T14:35:08.400-0400] {logging_mixin.py:190} INFO - [2025-08-06T14:35:08.400-0400] {dag.py:4180} INFO - Setting next_dagrun for example_sensor_decorator to None, run_after=None
[2025-08-06T14:35:08.415-0400] {processor.py:208} INFO - Processing /home/huynguyen2741/airflow_venv/lib/python3.12/site-packages/airflow/example_dags/example_sensor_decorator.py took 0.054 seconds
[2025-08-06T14:36:14.307-0400] {processor.py:186} INFO - Started process (PID=28549) to work on /home/huynguyen2741/airflow_venv/lib/python3.12/site-packages/airflow/example_dags/example_sensor_decorator.py
[2025-08-06T14:36:14.308-0400] {processor.py:914} INFO - Processing file /home/huynguyen2741/airflow_venv/lib/python3.12/site-packages/airflow/example_dags/example_sensor_decorator.py for tasks to queue
[2025-08-06T14:36:14.309-0400] {logging_mixin.py:190} INFO - [2025-08-06T14:36:14.309-0400] {dagbag.py:588} INFO - Filling up the DagBag from /home/huynguyen2741/airflow_venv/lib/python3.12/site-packages/airflow/example_dags/example_sensor_decorator.py
[2025-08-06T14:36:14.315-0400] {processor.py:925} INFO - DAG(s) 'example_sensor_decorator' retrieved from /home/huynguyen2741/airflow_venv/lib/python3.12/site-packages/airflow/example_dags/example_sensor_decorator.py
[2025-08-06T14:36:14.327-0400] {logging_mixin.py:190} INFO - [2025-08-06T14:36:14.327-0400] {dag.py:3239} INFO - Sync 1 DAGs
[2025-08-06T14:36:14.336-0400] {logging_mixin.py:190} INFO - [2025-08-06T14:36:14.336-0400] {dag.py:4180} INFO - Setting next_dagrun for example_sensor_decorator to None, run_after=None
[2025-08-06T14:36:14.353-0400] {processor.py:208} INFO - Processing /home/huynguyen2741/airflow_venv/lib/python3.12/site-packages/airflow/example_dags/example_sensor_decorator.py took 0.052 seconds
[2025-08-06T14:37:18.683-0400] {processor.py:186} INFO - Started process (PID=28797) to work on /home/huynguyen2741/airflow_venv/lib/python3.12/site-packages/airflow/example_dags/example_sensor_decorator.py
[2025-08-06T14:37:18.687-0400] {processor.py:914} INFO - Processing file /home/huynguyen2741/airflow_venv/lib/python3.12/site-packages/airflow/example_dags/example_sensor_decorator.py for tasks to queue
[2025-08-06T14:37:18.688-0400] {logging_mixin.py:190} INFO - [2025-08-06T14:37:18.688-0400] {dagbag.py:588} INFO - Filling up the DagBag from /home/huynguyen2741/airflow_venv/lib/python3.12/site-packages/airflow/example_dags/example_sensor_decorator.py
[2025-08-06T14:37:18.695-0400] {processor.py:925} INFO - DAG(s) 'example_sensor_decorator' retrieved from /home/huynguyen2741/airflow_venv/lib/python3.12/site-packages/airflow/example_dags/example_sensor_decorator.py
[2025-08-06T14:37:18.709-0400] {logging_mixin.py:190} INFO - [2025-08-06T14:37:18.708-0400] {dag.py:3239} INFO - Sync 1 DAGs
[2025-08-06T14:37:18.719-0400] {logging_mixin.py:190} INFO - [2025-08-06T14:37:18.719-0400] {dag.py:4180} INFO - Setting next_dagrun for example_sensor_decorator to None, run_after=None
[2025-08-06T14:37:18.735-0400] {processor.py:208} INFO - Processing /home/huynguyen2741/airflow_venv/lib/python3.12/site-packages/airflow/example_dags/example_sensor_decorator.py took 0.058 seconds
[2025-08-06T14:38:13.610-0400] {processor.py:186} INFO - Started process (PID=29000) to work on /home/huynguyen2741/airflow_venv/lib/python3.12/site-packages/airflow/example_dags/example_sensor_decorator.py
[2025-08-06T14:38:13.611-0400] {processor.py:914} INFO - Processing file /home/huynguyen2741/airflow_venv/lib/python3.12/site-packages/airflow/example_dags/example_sensor_decorator.py for tasks to queue
[2025-08-06T14:38:13.613-0400] {logging_mixin.py:190} INFO - [2025-08-06T14:38:13.612-0400] {dagbag.py:588} INFO - Filling up the DagBag from /home/huynguyen2741/airflow_venv/lib/python3.12/site-packages/airflow/example_dags/example_sensor_decorator.py
[2025-08-06T14:38:13.619-0400] {processor.py:925} INFO - DAG(s) 'example_sensor_decorator' retrieved from /home/huynguyen2741/airflow_venv/lib/python3.12/site-packages/airflow/example_dags/example_sensor_decorator.py
[2025-08-06T14:38:13.631-0400] {logging_mixin.py:190} INFO - [2025-08-06T14:38:13.631-0400] {dag.py:3239} INFO - Sync 1 DAGs
[2025-08-06T14:38:13.639-0400] {logging_mixin.py:190} INFO - [2025-08-06T14:38:13.639-0400] {dag.py:4180} INFO - Setting next_dagrun for example_sensor_decorator to None, run_after=None
[2025-08-06T14:38:13.655-0400] {processor.py:208} INFO - Processing /home/huynguyen2741/airflow_venv/lib/python3.12/site-packages/airflow/example_dags/example_sensor_decorator.py took 0.050 seconds
[2025-08-06T14:39:22.453-0400] {processor.py:186} INFO - Started process (PID=29299) to work on /home/huynguyen2741/airflow_venv/lib/python3.12/site-packages/airflow/example_dags/example_sensor_decorator.py
[2025-08-06T14:39:22.454-0400] {processor.py:914} INFO - Processing file /home/huynguyen2741/airflow_venv/lib/python3.12/site-packages/airflow/example_dags/example_sensor_decorator.py for tasks to queue
[2025-08-06T14:39:22.455-0400] {logging_mixin.py:190} INFO - [2025-08-06T14:39:22.454-0400] {dagbag.py:588} INFO - Filling up the DagBag from /home/huynguyen2741/airflow_venv/lib/python3.12/site-packages/airflow/example_dags/example_sensor_decorator.py
[2025-08-06T14:39:22.461-0400] {processor.py:925} INFO - DAG(s) 'example_sensor_decorator' retrieved from /home/huynguyen2741/airflow_venv/lib/python3.12/site-packages/airflow/example_dags/example_sensor_decorator.py
[2025-08-06T14:39:22.473-0400] {logging_mixin.py:190} INFO - [2025-08-06T14:39:22.472-0400] {dag.py:3239} INFO - Sync 1 DAGs
[2025-08-06T14:39:22.481-0400] {logging_mixin.py:190} INFO - [2025-08-06T14:39:22.481-0400] {dag.py:4180} INFO - Setting next_dagrun for example_sensor_decorator to None, run_after=None
[2025-08-06T14:39:22.497-0400] {processor.py:208} INFO - Processing /home/huynguyen2741/airflow_venv/lib/python3.12/site-packages/airflow/example_dags/example_sensor_decorator.py took 0.050 seconds
[2025-08-06T14:40:25.449-0400] {processor.py:186} INFO - Started process (PID=29519) to work on /home/huynguyen2741/airflow_venv/lib/python3.12/site-packages/airflow/example_dags/example_sensor_decorator.py
[2025-08-06T14:40:25.454-0400] {processor.py:914} INFO - Processing file /home/huynguyen2741/airflow_venv/lib/python3.12/site-packages/airflow/example_dags/example_sensor_decorator.py for tasks to queue
[2025-08-06T14:40:25.455-0400] {logging_mixin.py:190} INFO - [2025-08-06T14:40:25.454-0400] {dagbag.py:588} INFO - Filling up the DagBag from /home/huynguyen2741/airflow_venv/lib/python3.12/site-packages/airflow/example_dags/example_sensor_decorator.py
[2025-08-06T14:40:25.461-0400] {processor.py:925} INFO - DAG(s) 'example_sensor_decorator' retrieved from /home/huynguyen2741/airflow_venv/lib/python3.12/site-packages/airflow/example_dags/example_sensor_decorator.py
[2025-08-06T14:40:25.471-0400] {logging_mixin.py:190} INFO - [2025-08-06T14:40:25.471-0400] {dag.py:3239} INFO - Sync 1 DAGs
[2025-08-06T14:40:25.480-0400] {logging_mixin.py:190} INFO - [2025-08-06T14:40:25.479-0400] {dag.py:4180} INFO - Setting next_dagrun for example_sensor_decorator to None, run_after=None
[2025-08-06T14:40:25.495-0400] {processor.py:208} INFO - Processing /home/huynguyen2741/airflow_venv/lib/python3.12/site-packages/airflow/example_dags/example_sensor_decorator.py took 0.051 seconds
[2025-08-06T14:41:34.155-0400] {processor.py:186} INFO - Started process (PID=29818) to work on /home/huynguyen2741/airflow_venv/lib/python3.12/site-packages/airflow/example_dags/example_sensor_decorator.py
[2025-08-06T14:41:34.156-0400] {processor.py:914} INFO - Processing file /home/huynguyen2741/airflow_venv/lib/python3.12/site-packages/airflow/example_dags/example_sensor_decorator.py for tasks to queue
[2025-08-06T14:41:34.157-0400] {logging_mixin.py:190} INFO - [2025-08-06T14:41:34.157-0400] {dagbag.py:588} INFO - Filling up the DagBag from /home/huynguyen2741/airflow_venv/lib/python3.12/site-packages/airflow/example_dags/example_sensor_decorator.py
[2025-08-06T14:41:34.163-0400] {processor.py:925} INFO - DAG(s) 'example_sensor_decorator' retrieved from /home/huynguyen2741/airflow_venv/lib/python3.12/site-packages/airflow/example_dags/example_sensor_decorator.py
[2025-08-06T14:41:34.174-0400] {logging_mixin.py:190} INFO - [2025-08-06T14:41:34.174-0400] {dag.py:3239} INFO - Sync 1 DAGs
[2025-08-06T14:41:34.185-0400] {logging_mixin.py:190} INFO - [2025-08-06T14:41:34.185-0400] {dag.py:4180} INFO - Setting next_dagrun for example_sensor_decorator to None, run_after=None
[2025-08-06T14:41:34.201-0400] {processor.py:208} INFO - Processing /home/huynguyen2741/airflow_venv/lib/python3.12/site-packages/airflow/example_dags/example_sensor_decorator.py took 0.052 seconds
[2025-08-06T14:42:36.776-0400] {processor.py:186} INFO - Started process (PID=30039) to work on /home/huynguyen2741/airflow_venv/lib/python3.12/site-packages/airflow/example_dags/example_sensor_decorator.py
[2025-08-06T14:42:36.780-0400] {processor.py:914} INFO - Processing file /home/huynguyen2741/airflow_venv/lib/python3.12/site-packages/airflow/example_dags/example_sensor_decorator.py for tasks to queue
[2025-08-06T14:42:36.781-0400] {logging_mixin.py:190} INFO - [2025-08-06T14:42:36.781-0400] {dagbag.py:588} INFO - Filling up the DagBag from /home/huynguyen2741/airflow_venv/lib/python3.12/site-packages/airflow/example_dags/example_sensor_decorator.py
[2025-08-06T14:42:36.787-0400] {processor.py:925} INFO - DAG(s) 'example_sensor_decorator' retrieved from /home/huynguyen2741/airflow_venv/lib/python3.12/site-packages/airflow/example_dags/example_sensor_decorator.py
[2025-08-06T14:42:36.797-0400] {logging_mixin.py:190} INFO - [2025-08-06T14:42:36.797-0400] {dag.py:3239} INFO - Sync 1 DAGs
[2025-08-06T14:42:36.805-0400] {logging_mixin.py:190} INFO - [2025-08-06T14:42:36.805-0400] {dag.py:4180} INFO - Setting next_dagrun for example_sensor_decorator to None, run_after=None
[2025-08-06T14:42:36.820-0400] {processor.py:208} INFO - Processing /home/huynguyen2741/airflow_venv/lib/python3.12/site-packages/airflow/example_dags/example_sensor_decorator.py took 0.049 seconds
[2025-08-06T14:43:36.100-0400] {processor.py:186} INFO - Started process (PID=30274) to work on /home/huynguyen2741/airflow_venv/lib/python3.12/site-packages/airflow/example_dags/example_sensor_decorator.py
[2025-08-06T14:43:36.112-0400] {processor.py:914} INFO - Processing file /home/huynguyen2741/airflow_venv/lib/python3.12/site-packages/airflow/example_dags/example_sensor_decorator.py for tasks to queue
[2025-08-06T14:43:36.113-0400] {logging_mixin.py:190} INFO - [2025-08-06T14:43:36.113-0400] {dagbag.py:588} INFO - Filling up the DagBag from /home/huynguyen2741/airflow_venv/lib/python3.12/site-packages/airflow/example_dags/example_sensor_decorator.py
[2025-08-06T14:43:36.121-0400] {processor.py:925} INFO - DAG(s) 'example_sensor_decorator' retrieved from /home/huynguyen2741/airflow_venv/lib/python3.12/site-packages/airflow/example_dags/example_sensor_decorator.py
[2025-08-06T14:43:36.133-0400] {logging_mixin.py:190} INFO - [2025-08-06T14:43:36.133-0400] {dag.py:3239} INFO - Sync 1 DAGs
[2025-08-06T14:43:36.143-0400] {logging_mixin.py:190} INFO - [2025-08-06T14:43:36.142-0400] {dag.py:4180} INFO - Setting next_dagrun for example_sensor_decorator to None, run_after=None
[2025-08-06T14:43:36.161-0400] {processor.py:208} INFO - Processing /home/huynguyen2741/airflow_venv/lib/python3.12/site-packages/airflow/example_dags/example_sensor_decorator.py took 0.067 seconds
[2025-08-06T14:44:41.386-0400] {processor.py:186} INFO - Started process (PID=30537) to work on /home/huynguyen2741/airflow_venv/lib/python3.12/site-packages/airflow/example_dags/example_sensor_decorator.py
[2025-08-06T14:44:41.388-0400] {processor.py:914} INFO - Processing file /home/huynguyen2741/airflow_venv/lib/python3.12/site-packages/airflow/example_dags/example_sensor_decorator.py for tasks to queue
[2025-08-06T14:44:41.389-0400] {logging_mixin.py:190} INFO - [2025-08-06T14:44:41.389-0400] {dagbag.py:588} INFO - Filling up the DagBag from /home/huynguyen2741/airflow_venv/lib/python3.12/site-packages/airflow/example_dags/example_sensor_decorator.py
[2025-08-06T14:44:41.395-0400] {processor.py:925} INFO - DAG(s) 'example_sensor_decorator' retrieved from /home/huynguyen2741/airflow_venv/lib/python3.12/site-packages/airflow/example_dags/example_sensor_decorator.py
[2025-08-06T14:44:41.406-0400] {logging_mixin.py:190} INFO - [2025-08-06T14:44:41.406-0400] {dag.py:3239} INFO - Sync 1 DAGs
[2025-08-06T14:44:41.414-0400] {logging_mixin.py:190} INFO - [2025-08-06T14:44:41.414-0400] {dag.py:4180} INFO - Setting next_dagrun for example_sensor_decorator to None, run_after=None
[2025-08-06T14:44:41.430-0400] {processor.py:208} INFO - Processing /home/huynguyen2741/airflow_venv/lib/python3.12/site-packages/airflow/example_dags/example_sensor_decorator.py took 0.050 seconds
[2025-08-06T14:45:38.599-0400] {processor.py:186} INFO - Started process (PID=30793) to work on /home/huynguyen2741/airflow_venv/lib/python3.12/site-packages/airflow/example_dags/example_sensor_decorator.py
[2025-08-06T14:45:38.609-0400] {processor.py:914} INFO - Processing file /home/huynguyen2741/airflow_venv/lib/python3.12/site-packages/airflow/example_dags/example_sensor_decorator.py for tasks to queue
[2025-08-06T14:45:38.610-0400] {logging_mixin.py:190} INFO - [2025-08-06T14:45:38.610-0400] {dagbag.py:588} INFO - Filling up the DagBag from /home/huynguyen2741/airflow_venv/lib/python3.12/site-packages/airflow/example_dags/example_sensor_decorator.py
[2025-08-06T14:45:38.616-0400] {processor.py:925} INFO - DAG(s) 'example_sensor_decorator' retrieved from /home/huynguyen2741/airflow_venv/lib/python3.12/site-packages/airflow/example_dags/example_sensor_decorator.py
[2025-08-06T14:45:38.630-0400] {logging_mixin.py:190} INFO - [2025-08-06T14:45:38.630-0400] {dag.py:3239} INFO - Sync 1 DAGs
[2025-08-06T14:45:38.640-0400] {logging_mixin.py:190} INFO - [2025-08-06T14:45:38.640-0400] {dag.py:4180} INFO - Setting next_dagrun for example_sensor_decorator to None, run_after=None
[2025-08-06T14:45:38.657-0400] {processor.py:208} INFO - Processing /home/huynguyen2741/airflow_venv/lib/python3.12/site-packages/airflow/example_dags/example_sensor_decorator.py took 0.065 seconds
[2025-08-06T14:46:41.059-0400] {processor.py:186} INFO - Started process (PID=31077) to work on /home/huynguyen2741/airflow_venv/lib/python3.12/site-packages/airflow/example_dags/example_sensor_decorator.py
[2025-08-06T14:46:41.060-0400] {processor.py:914} INFO - Processing file /home/huynguyen2741/airflow_venv/lib/python3.12/site-packages/airflow/example_dags/example_sensor_decorator.py for tasks to queue
[2025-08-06T14:46:41.061-0400] {logging_mixin.py:190} INFO - [2025-08-06T14:46:41.060-0400] {dagbag.py:588} INFO - Filling up the DagBag from /home/huynguyen2741/airflow_venv/lib/python3.12/site-packages/airflow/example_dags/example_sensor_decorator.py
[2025-08-06T14:46:41.068-0400] {processor.py:925} INFO - DAG(s) 'example_sensor_decorator' retrieved from /home/huynguyen2741/airflow_venv/lib/python3.12/site-packages/airflow/example_dags/example_sensor_decorator.py
[2025-08-06T14:46:41.079-0400] {logging_mixin.py:190} INFO - [2025-08-06T14:46:41.078-0400] {dag.py:3239} INFO - Sync 1 DAGs
[2025-08-06T14:46:41.087-0400] {logging_mixin.py:190} INFO - [2025-08-06T14:46:41.087-0400] {dag.py:4180} INFO - Setting next_dagrun for example_sensor_decorator to None, run_after=None
[2025-08-06T14:46:41.103-0400] {processor.py:208} INFO - Processing /home/huynguyen2741/airflow_venv/lib/python3.12/site-packages/airflow/example_dags/example_sensor_decorator.py took 0.050 seconds
[2025-08-06T14:48:03.047-0400] {processor.py:186} INFO - Started process (PID=31574) to work on /home/huynguyen2741/airflow_venv/lib/python3.12/site-packages/airflow/example_dags/example_sensor_decorator.py
[2025-08-06T14:48:03.051-0400] {processor.py:914} INFO - Processing file /home/huynguyen2741/airflow_venv/lib/python3.12/site-packages/airflow/example_dags/example_sensor_decorator.py for tasks to queue
[2025-08-06T14:48:03.052-0400] {logging_mixin.py:190} INFO - [2025-08-06T14:48:03.052-0400] {dagbag.py:588} INFO - Filling up the DagBag from /home/huynguyen2741/airflow_venv/lib/python3.12/site-packages/airflow/example_dags/example_sensor_decorator.py
[2025-08-06T14:48:03.058-0400] {processor.py:925} INFO - DAG(s) 'example_sensor_decorator' retrieved from /home/huynguyen2741/airflow_venv/lib/python3.12/site-packages/airflow/example_dags/example_sensor_decorator.py
[2025-08-06T14:48:03.069-0400] {logging_mixin.py:190} INFO - [2025-08-06T14:48:03.069-0400] {dag.py:3239} INFO - Sync 1 DAGs
[2025-08-06T14:48:03.077-0400] {logging_mixin.py:190} INFO - [2025-08-06T14:48:03.077-0400] {dag.py:4180} INFO - Setting next_dagrun for example_sensor_decorator to None, run_after=None
[2025-08-06T14:48:03.092-0400] {processor.py:208} INFO - Processing /home/huynguyen2741/airflow_venv/lib/python3.12/site-packages/airflow/example_dags/example_sensor_decorator.py took 0.051 seconds
[2025-08-06T14:49:15.724-0400] {processor.py:186} INFO - Started process (PID=31847) to work on /home/huynguyen2741/airflow_venv/lib/python3.12/site-packages/airflow/example_dags/example_sensor_decorator.py
[2025-08-06T14:49:15.726-0400] {processor.py:914} INFO - Processing file /home/huynguyen2741/airflow_venv/lib/python3.12/site-packages/airflow/example_dags/example_sensor_decorator.py for tasks to queue
[2025-08-06T14:49:15.727-0400] {logging_mixin.py:190} INFO - [2025-08-06T14:49:15.726-0400] {dagbag.py:588} INFO - Filling up the DagBag from /home/huynguyen2741/airflow_venv/lib/python3.12/site-packages/airflow/example_dags/example_sensor_decorator.py
[2025-08-06T14:49:15.733-0400] {processor.py:925} INFO - DAG(s) 'example_sensor_decorator' retrieved from /home/huynguyen2741/airflow_venv/lib/python3.12/site-packages/airflow/example_dags/example_sensor_decorator.py
[2025-08-06T14:49:15.743-0400] {logging_mixin.py:190} INFO - [2025-08-06T14:49:15.743-0400] {dag.py:3239} INFO - Sync 1 DAGs
[2025-08-06T14:49:15.751-0400] {logging_mixin.py:190} INFO - [2025-08-06T14:49:15.751-0400] {dag.py:4180} INFO - Setting next_dagrun for example_sensor_decorator to None, run_after=None
[2025-08-06T14:49:15.766-0400] {processor.py:208} INFO - Processing /home/huynguyen2741/airflow_venv/lib/python3.12/site-packages/airflow/example_dags/example_sensor_decorator.py took 0.048 seconds
[2025-08-06T14:50:20.377-0400] {processor.py:186} INFO - Started process (PID=32079) to work on /home/huynguyen2741/airflow_venv/lib/python3.12/site-packages/airflow/example_dags/example_sensor_decorator.py
[2025-08-06T14:50:20.382-0400] {processor.py:914} INFO - Processing file /home/huynguyen2741/airflow_venv/lib/python3.12/site-packages/airflow/example_dags/example_sensor_decorator.py for tasks to queue
[2025-08-06T14:50:20.384-0400] {logging_mixin.py:190} INFO - [2025-08-06T14:50:20.383-0400] {dagbag.py:588} INFO - Filling up the DagBag from /home/huynguyen2741/airflow_venv/lib/python3.12/site-packages/airflow/example_dags/example_sensor_decorator.py
[2025-08-06T14:50:20.392-0400] {processor.py:925} INFO - DAG(s) 'example_sensor_decorator' retrieved from /home/huynguyen2741/airflow_venv/lib/python3.12/site-packages/airflow/example_dags/example_sensor_decorator.py
[2025-08-06T14:50:20.406-0400] {logging_mixin.py:190} INFO - [2025-08-06T14:50:20.406-0400] {dag.py:3239} INFO - Sync 1 DAGs
[2025-08-06T14:50:20.417-0400] {logging_mixin.py:190} INFO - [2025-08-06T14:50:20.417-0400] {dag.py:4180} INFO - Setting next_dagrun for example_sensor_decorator to None, run_after=None
[2025-08-06T14:50:20.436-0400] {processor.py:208} INFO - Processing /home/huynguyen2741/airflow_venv/lib/python3.12/site-packages/airflow/example_dags/example_sensor_decorator.py took 0.067 seconds
[2025-08-06T14:51:22.707-0400] {processor.py:186} INFO - Started process (PID=32301) to work on /home/huynguyen2741/airflow_venv/lib/python3.12/site-packages/airflow/example_dags/example_sensor_decorator.py
[2025-08-06T14:51:22.711-0400] {processor.py:914} INFO - Processing file /home/huynguyen2741/airflow_venv/lib/python3.12/site-packages/airflow/example_dags/example_sensor_decorator.py for tasks to queue
[2025-08-06T14:51:22.712-0400] {logging_mixin.py:190} INFO - [2025-08-06T14:51:22.711-0400] {dagbag.py:588} INFO - Filling up the DagBag from /home/huynguyen2741/airflow_venv/lib/python3.12/site-packages/airflow/example_dags/example_sensor_decorator.py
[2025-08-06T14:51:22.718-0400] {processor.py:925} INFO - DAG(s) 'example_sensor_decorator' retrieved from /home/huynguyen2741/airflow_venv/lib/python3.12/site-packages/airflow/example_dags/example_sensor_decorator.py
[2025-08-06T14:51:22.730-0400] {logging_mixin.py:190} INFO - [2025-08-06T14:51:22.730-0400] {dag.py:3239} INFO - Sync 1 DAGs
[2025-08-06T14:51:22.739-0400] {logging_mixin.py:190} INFO - [2025-08-06T14:51:22.739-0400] {dag.py:4180} INFO - Setting next_dagrun for example_sensor_decorator to None, run_after=None
[2025-08-06T14:51:22.755-0400] {processor.py:208} INFO - Processing /home/huynguyen2741/airflow_venv/lib/python3.12/site-packages/airflow/example_dags/example_sensor_decorator.py took 0.054 seconds
[2025-08-06T14:52:22.245-0400] {processor.py:186} INFO - Started process (PID=32562) to work on /home/huynguyen2741/airflow_venv/lib/python3.12/site-packages/airflow/example_dags/example_sensor_decorator.py
[2025-08-06T14:52:22.246-0400] {processor.py:914} INFO - Processing file /home/huynguyen2741/airflow_venv/lib/python3.12/site-packages/airflow/example_dags/example_sensor_decorator.py for tasks to queue
[2025-08-06T14:52:22.248-0400] {logging_mixin.py:190} INFO - [2025-08-06T14:52:22.247-0400] {dagbag.py:588} INFO - Filling up the DagBag from /home/huynguyen2741/airflow_venv/lib/python3.12/site-packages/airflow/example_dags/example_sensor_decorator.py
[2025-08-06T14:52:22.254-0400] {processor.py:925} INFO - DAG(s) 'example_sensor_decorator' retrieved from /home/huynguyen2741/airflow_venv/lib/python3.12/site-packages/airflow/example_dags/example_sensor_decorator.py
[2025-08-06T14:52:22.267-0400] {logging_mixin.py:190} INFO - [2025-08-06T14:52:22.267-0400] {dag.py:3239} INFO - Sync 1 DAGs
[2025-08-06T14:52:22.278-0400] {logging_mixin.py:190} INFO - [2025-08-06T14:52:22.278-0400] {dag.py:4180} INFO - Setting next_dagrun for example_sensor_decorator to None, run_after=None
[2025-08-06T14:52:22.294-0400] {processor.py:208} INFO - Processing /home/huynguyen2741/airflow_venv/lib/python3.12/site-packages/airflow/example_dags/example_sensor_decorator.py took 0.054 seconds
[2025-08-06T14:53:25.177-0400] {processor.py:186} INFO - Started process (PID=32867) to work on /home/huynguyen2741/airflow_venv/lib/python3.12/site-packages/airflow/example_dags/example_sensor_decorator.py
[2025-08-06T14:53:25.179-0400] {processor.py:914} INFO - Processing file /home/huynguyen2741/airflow_venv/lib/python3.12/site-packages/airflow/example_dags/example_sensor_decorator.py for tasks to queue
[2025-08-06T14:53:25.180-0400] {logging_mixin.py:190} INFO - [2025-08-06T14:53:25.180-0400] {dagbag.py:588} INFO - Filling up the DagBag from /home/huynguyen2741/airflow_venv/lib/python3.12/site-packages/airflow/example_dags/example_sensor_decorator.py
[2025-08-06T14:53:25.191-0400] {processor.py:925} INFO - DAG(s) 'example_sensor_decorator' retrieved from /home/huynguyen2741/airflow_venv/lib/python3.12/site-packages/airflow/example_dags/example_sensor_decorator.py
[2025-08-06T14:53:25.207-0400] {logging_mixin.py:190} INFO - [2025-08-06T14:53:25.207-0400] {dag.py:3239} INFO - Sync 1 DAGs
[2025-08-06T14:53:25.220-0400] {logging_mixin.py:190} INFO - [2025-08-06T14:53:25.220-0400] {dag.py:4180} INFO - Setting next_dagrun for example_sensor_decorator to None, run_after=None
[2025-08-06T14:53:25.242-0400] {processor.py:208} INFO - Processing /home/huynguyen2741/airflow_venv/lib/python3.12/site-packages/airflow/example_dags/example_sensor_decorator.py took 0.076 seconds
[2025-08-06T14:54:25.568-0400] {processor.py:186} INFO - Started process (PID=33305) to work on /home/huynguyen2741/airflow_venv/lib/python3.12/site-packages/airflow/example_dags/example_sensor_decorator.py
[2025-08-06T14:54:25.569-0400] {processor.py:914} INFO - Processing file /home/huynguyen2741/airflow_venv/lib/python3.12/site-packages/airflow/example_dags/example_sensor_decorator.py for tasks to queue
[2025-08-06T14:54:25.570-0400] {logging_mixin.py:190} INFO - [2025-08-06T14:54:25.570-0400] {dagbag.py:588} INFO - Filling up the DagBag from /home/huynguyen2741/airflow_venv/lib/python3.12/site-packages/airflow/example_dags/example_sensor_decorator.py
[2025-08-06T14:54:25.577-0400] {processor.py:925} INFO - DAG(s) 'example_sensor_decorator' retrieved from /home/huynguyen2741/airflow_venv/lib/python3.12/site-packages/airflow/example_dags/example_sensor_decorator.py
[2025-08-06T14:54:25.588-0400] {logging_mixin.py:190} INFO - [2025-08-06T14:54:25.588-0400] {dag.py:3239} INFO - Sync 1 DAGs
[2025-08-06T14:54:25.596-0400] {logging_mixin.py:190} INFO - [2025-08-06T14:54:25.596-0400] {dag.py:4180} INFO - Setting next_dagrun for example_sensor_decorator to None, run_after=None
[2025-08-06T14:54:25.612-0400] {processor.py:208} INFO - Processing /home/huynguyen2741/airflow_venv/lib/python3.12/site-packages/airflow/example_dags/example_sensor_decorator.py took 0.049 seconds
[2025-08-06T14:55:23.383-0400] {processor.py:186} INFO - Started process (PID=33591) to work on /home/huynguyen2741/airflow_venv/lib/python3.12/site-packages/airflow/example_dags/example_sensor_decorator.py
[2025-08-06T14:55:23.388-0400] {processor.py:914} INFO - Processing file /home/huynguyen2741/airflow_venv/lib/python3.12/site-packages/airflow/example_dags/example_sensor_decorator.py for tasks to queue
[2025-08-06T14:55:23.389-0400] {logging_mixin.py:190} INFO - [2025-08-06T14:55:23.389-0400] {dagbag.py:588} INFO - Filling up the DagBag from /home/huynguyen2741/airflow_venv/lib/python3.12/site-packages/airflow/example_dags/example_sensor_decorator.py
[2025-08-06T14:55:23.396-0400] {processor.py:925} INFO - DAG(s) 'example_sensor_decorator' retrieved from /home/huynguyen2741/airflow_venv/lib/python3.12/site-packages/airflow/example_dags/example_sensor_decorator.py
[2025-08-06T14:55:23.407-0400] {logging_mixin.py:190} INFO - [2025-08-06T14:55:23.407-0400] {dag.py:3239} INFO - Sync 1 DAGs
[2025-08-06T14:55:23.415-0400] {logging_mixin.py:190} INFO - [2025-08-06T14:55:23.415-0400] {dag.py:4180} INFO - Setting next_dagrun for example_sensor_decorator to None, run_after=None
[2025-08-06T14:55:23.431-0400] {processor.py:208} INFO - Processing /home/huynguyen2741/airflow_venv/lib/python3.12/site-packages/airflow/example_dags/example_sensor_decorator.py took 0.053 seconds
[2025-08-06T14:56:22.771-0400] {processor.py:186} INFO - Started process (PID=33903) to work on /home/huynguyen2741/airflow_venv/lib/python3.12/site-packages/airflow/example_dags/example_sensor_decorator.py
[2025-08-06T14:56:22.776-0400] {processor.py:914} INFO - Processing file /home/huynguyen2741/airflow_venv/lib/python3.12/site-packages/airflow/example_dags/example_sensor_decorator.py for tasks to queue
[2025-08-06T14:56:22.777-0400] {logging_mixin.py:190} INFO - [2025-08-06T14:56:22.777-0400] {dagbag.py:588} INFO - Filling up the DagBag from /home/huynguyen2741/airflow_venv/lib/python3.12/site-packages/airflow/example_dags/example_sensor_decorator.py
[2025-08-06T14:56:22.783-0400] {processor.py:925} INFO - DAG(s) 'example_sensor_decorator' retrieved from /home/huynguyen2741/airflow_venv/lib/python3.12/site-packages/airflow/example_dags/example_sensor_decorator.py
[2025-08-06T14:56:22.794-0400] {logging_mixin.py:190} INFO - [2025-08-06T14:56:22.794-0400] {dag.py:3239} INFO - Sync 1 DAGs
[2025-08-06T14:56:22.802-0400] {logging_mixin.py:190} INFO - [2025-08-06T14:56:22.802-0400] {dag.py:4180} INFO - Setting next_dagrun for example_sensor_decorator to None, run_after=None
[2025-08-06T14:56:22.817-0400] {processor.py:208} INFO - Processing /home/huynguyen2741/airflow_venv/lib/python3.12/site-packages/airflow/example_dags/example_sensor_decorator.py took 0.052 seconds
[2025-08-06T14:57:26.309-0400] {processor.py:186} INFO - Started process (PID=34158) to work on /home/huynguyen2741/airflow_venv/lib/python3.12/site-packages/airflow/example_dags/example_sensor_decorator.py
[2025-08-06T14:57:26.313-0400] {processor.py:914} INFO - Processing file /home/huynguyen2741/airflow_venv/lib/python3.12/site-packages/airflow/example_dags/example_sensor_decorator.py for tasks to queue
[2025-08-06T14:57:26.314-0400] {logging_mixin.py:190} INFO - [2025-08-06T14:57:26.314-0400] {dagbag.py:588} INFO - Filling up the DagBag from /home/huynguyen2741/airflow_venv/lib/python3.12/site-packages/airflow/example_dags/example_sensor_decorator.py
[2025-08-06T14:57:26.321-0400] {processor.py:925} INFO - DAG(s) 'example_sensor_decorator' retrieved from /home/huynguyen2741/airflow_venv/lib/python3.12/site-packages/airflow/example_dags/example_sensor_decorator.py
[2025-08-06T14:57:26.331-0400] {logging_mixin.py:190} INFO - [2025-08-06T14:57:26.331-0400] {dag.py:3239} INFO - Sync 1 DAGs
[2025-08-06T14:57:26.339-0400] {logging_mixin.py:190} INFO - [2025-08-06T14:57:26.339-0400] {dag.py:4180} INFO - Setting next_dagrun for example_sensor_decorator to None, run_after=None
[2025-08-06T14:57:26.355-0400] {processor.py:208} INFO - Processing /home/huynguyen2741/airflow_venv/lib/python3.12/site-packages/airflow/example_dags/example_sensor_decorator.py took 0.052 seconds
[2025-08-06T14:58:27.642-0400] {processor.py:186} INFO - Started process (PID=34432) to work on /home/huynguyen2741/airflow_venv/lib/python3.12/site-packages/airflow/example_dags/example_sensor_decorator.py
[2025-08-06T14:58:27.646-0400] {processor.py:914} INFO - Processing file /home/huynguyen2741/airflow_venv/lib/python3.12/site-packages/airflow/example_dags/example_sensor_decorator.py for tasks to queue
[2025-08-06T14:58:27.647-0400] {logging_mixin.py:190} INFO - [2025-08-06T14:58:27.646-0400] {dagbag.py:588} INFO - Filling up the DagBag from /home/huynguyen2741/airflow_venv/lib/python3.12/site-packages/airflow/example_dags/example_sensor_decorator.py
[2025-08-06T14:58:27.653-0400] {processor.py:925} INFO - DAG(s) 'example_sensor_decorator' retrieved from /home/huynguyen2741/airflow_venv/lib/python3.12/site-packages/airflow/example_dags/example_sensor_decorator.py
[2025-08-06T14:58:27.665-0400] {logging_mixin.py:190} INFO - [2025-08-06T14:58:27.665-0400] {dag.py:3239} INFO - Sync 1 DAGs
[2025-08-06T14:58:27.674-0400] {logging_mixin.py:190} INFO - [2025-08-06T14:58:27.674-0400] {dag.py:4180} INFO - Setting next_dagrun for example_sensor_decorator to None, run_after=None
[2025-08-06T14:58:27.690-0400] {processor.py:208} INFO - Processing /home/huynguyen2741/airflow_venv/lib/python3.12/site-packages/airflow/example_dags/example_sensor_decorator.py took 0.054 seconds
[2025-08-06T14:59:30.509-0400] {processor.py:186} INFO - Started process (PID=34667) to work on /home/huynguyen2741/airflow_venv/lib/python3.12/site-packages/airflow/example_dags/example_sensor_decorator.py
[2025-08-06T14:59:30.510-0400] {processor.py:914} INFO - Processing file /home/huynguyen2741/airflow_venv/lib/python3.12/site-packages/airflow/example_dags/example_sensor_decorator.py for tasks to queue
[2025-08-06T14:59:30.511-0400] {logging_mixin.py:190} INFO - [2025-08-06T14:59:30.511-0400] {dagbag.py:588} INFO - Filling up the DagBag from /home/huynguyen2741/airflow_venv/lib/python3.12/site-packages/airflow/example_dags/example_sensor_decorator.py
[2025-08-06T14:59:30.517-0400] {processor.py:925} INFO - DAG(s) 'example_sensor_decorator' retrieved from /home/huynguyen2741/airflow_venv/lib/python3.12/site-packages/airflow/example_dags/example_sensor_decorator.py
[2025-08-06T14:59:30.528-0400] {logging_mixin.py:190} INFO - [2025-08-06T14:59:30.528-0400] {dag.py:3239} INFO - Sync 1 DAGs
[2025-08-06T14:59:30.536-0400] {logging_mixin.py:190} INFO - [2025-08-06T14:59:30.536-0400] {dag.py:4180} INFO - Setting next_dagrun for example_sensor_decorator to None, run_after=None
[2025-08-06T14:59:30.551-0400] {processor.py:208} INFO - Processing /home/huynguyen2741/airflow_venv/lib/python3.12/site-packages/airflow/example_dags/example_sensor_decorator.py took 0.048 seconds
[2025-08-06T15:00:32.218-0400] {processor.py:186} INFO - Started process (PID=34897) to work on /home/huynguyen2741/airflow_venv/lib/python3.12/site-packages/airflow/example_dags/example_sensor_decorator.py
[2025-08-06T15:00:32.228-0400] {processor.py:914} INFO - Processing file /home/huynguyen2741/airflow_venv/lib/python3.12/site-packages/airflow/example_dags/example_sensor_decorator.py for tasks to queue
[2025-08-06T15:00:32.229-0400] {logging_mixin.py:190} INFO - [2025-08-06T15:00:32.229-0400] {dagbag.py:588} INFO - Filling up the DagBag from /home/huynguyen2741/airflow_venv/lib/python3.12/site-packages/airflow/example_dags/example_sensor_decorator.py
[2025-08-06T15:00:32.236-0400] {processor.py:925} INFO - DAG(s) 'example_sensor_decorator' retrieved from /home/huynguyen2741/airflow_venv/lib/python3.12/site-packages/airflow/example_dags/example_sensor_decorator.py
[2025-08-06T15:00:32.246-0400] {logging_mixin.py:190} INFO - [2025-08-06T15:00:32.246-0400] {dag.py:3239} INFO - Sync 1 DAGs
[2025-08-06T15:00:32.254-0400] {logging_mixin.py:190} INFO - [2025-08-06T15:00:32.254-0400] {dag.py:4180} INFO - Setting next_dagrun for example_sensor_decorator to None, run_after=None
[2025-08-06T15:00:32.269-0400] {processor.py:208} INFO - Processing /home/huynguyen2741/airflow_venv/lib/python3.12/site-packages/airflow/example_dags/example_sensor_decorator.py took 0.057 seconds
