[2025-08-06T13:57:08.130-0400] {processor.py:186} INFO - Started process (PID=17675) to work on /home/huynguyen2741/airflow_venv/lib/python3.12/site-packages/airflow/example_dags/example_setup_teardown_taskflow.py
[2025-08-06T13:57:08.131-0400] {processor.py:914} INFO - Processing file /home/huynguyen2741/airflow_venv/lib/python3.12/site-packages/airflow/example_dags/example_setup_teardown_taskflow.py for tasks to queue
[2025-08-06T13:57:08.132-0400] {logging_mixin.py:190} INFO - [2025-08-06T13:57:08.132-0400] {dagbag.py:588} INFO - Filling up the DagBag from /home/huynguyen2741/airflow_venv/lib/python3.12/site-packages/airflow/example_dags/example_setup_teardown_taskflow.py
[2025-08-06T13:57:08.140-0400] {processor.py:925} INFO - DAG(s) 'example_setup_teardown_taskflow' retrieved from /home/huynguyen2741/airflow_venv/lib/python3.12/site-packages/airflow/example_dags/example_setup_teardown_taskflow.py
[2025-08-06T13:57:08.222-0400] {logging_mixin.py:190} INFO - [2025-08-06T13:57:08.222-0400] {override.py:1930} INFO - Created Permission View: can edit on DAG:example_setup_teardown_taskflow
[2025-08-06T13:57:08.232-0400] {logging_mixin.py:190} INFO - [2025-08-06T13:57:08.232-0400] {override.py:1930} INFO - Created Permission View: can read on DAG:example_setup_teardown_taskflow
[2025-08-06T13:57:08.241-0400] {logging_mixin.py:190} INFO - [2025-08-06T13:57:08.241-0400] {override.py:1930} INFO - Created Permission View: can delete on DAG:example_setup_teardown_taskflow
[2025-08-06T13:57:08.255-0400] {logging_mixin.py:190} INFO - [2025-08-06T13:57:08.254-0400] {override.py:1930} INFO - Created Permission View: menu access on DAG Run:example_setup_teardown_taskflow
[2025-08-06T13:57:08.262-0400] {logging_mixin.py:190} INFO - [2025-08-06T13:57:08.262-0400] {override.py:1930} INFO - Created Permission View: can read on DAG Run:example_setup_teardown_taskflow
[2025-08-06T13:57:08.270-0400] {logging_mixin.py:190} INFO - [2025-08-06T13:57:08.270-0400] {override.py:1930} INFO - Created Permission View: can create on DAG Run:example_setup_teardown_taskflow
[2025-08-06T13:57:08.278-0400] {logging_mixin.py:190} INFO - [2025-08-06T13:57:08.278-0400] {override.py:1930} INFO - Created Permission View: can delete on DAG Run:example_setup_teardown_taskflow
[2025-08-06T13:57:08.278-0400] {logging_mixin.py:190} INFO - [2025-08-06T13:57:08.278-0400] {dag.py:3239} INFO - Sync 1 DAGs
[2025-08-06T13:57:08.286-0400] {logging_mixin.py:190} INFO - [2025-08-06T13:57:08.286-0400] {dag.py:3262} INFO - Creating ORM DAG for example_setup_teardown_taskflow
[2025-08-06T13:57:08.286-0400] {logging_mixin.py:190} INFO - [2025-08-06T13:57:08.286-0400] {dag.py:4180} INFO - Setting next_dagrun for example_setup_teardown_taskflow to None, run_after=None
[2025-08-06T13:57:08.302-0400] {processor.py:208} INFO - Processing /home/huynguyen2741/airflow_venv/lib/python3.12/site-packages/airflow/example_dags/example_setup_teardown_taskflow.py took 0.176 seconds
[2025-08-06T13:58:11.497-0400] {processor.py:186} INFO - Started process (PID=17923) to work on /home/huynguyen2741/airflow_venv/lib/python3.12/site-packages/airflow/example_dags/example_setup_teardown_taskflow.py
[2025-08-06T13:58:11.501-0400] {processor.py:914} INFO - Processing file /home/huynguyen2741/airflow_venv/lib/python3.12/site-packages/airflow/example_dags/example_setup_teardown_taskflow.py for tasks to queue
[2025-08-06T13:58:11.503-0400] {logging_mixin.py:190} INFO - [2025-08-06T13:58:11.503-0400] {dagbag.py:588} INFO - Filling up the DagBag from /home/huynguyen2741/airflow_venv/lib/python3.12/site-packages/airflow/example_dags/example_setup_teardown_taskflow.py
[2025-08-06T13:58:11.511-0400] {processor.py:925} INFO - DAG(s) 'example_setup_teardown_taskflow' retrieved from /home/huynguyen2741/airflow_venv/lib/python3.12/site-packages/airflow/example_dags/example_setup_teardown_taskflow.py
[2025-08-06T13:58:11.526-0400] {logging_mixin.py:190} INFO - [2025-08-06T13:58:11.526-0400] {dag.py:3239} INFO - Sync 1 DAGs
[2025-08-06T13:58:11.536-0400] {logging_mixin.py:190} INFO - [2025-08-06T13:58:11.536-0400] {dag.py:4180} INFO - Setting next_dagrun for example_setup_teardown_taskflow to None, run_after=None
[2025-08-06T13:58:11.552-0400] {processor.py:208} INFO - Processing /home/huynguyen2741/airflow_venv/lib/python3.12/site-packages/airflow/example_dags/example_setup_teardown_taskflow.py took 0.059 seconds
[2025-08-06T13:59:12.122-0400] {processor.py:186} INFO - Started process (PID=18140) to work on /home/huynguyen2741/airflow_venv/lib/python3.12/site-packages/airflow/example_dags/example_setup_teardown_taskflow.py
[2025-08-06T13:59:12.123-0400] {processor.py:914} INFO - Processing file /home/huynguyen2741/airflow_venv/lib/python3.12/site-packages/airflow/example_dags/example_setup_teardown_taskflow.py for tasks to queue
[2025-08-06T13:59:12.124-0400] {logging_mixin.py:190} INFO - [2025-08-06T13:59:12.124-0400] {dagbag.py:588} INFO - Filling up the DagBag from /home/huynguyen2741/airflow_venv/lib/python3.12/site-packages/airflow/example_dags/example_setup_teardown_taskflow.py
[2025-08-06T13:59:12.132-0400] {processor.py:925} INFO - DAG(s) 'example_setup_teardown_taskflow' retrieved from /home/huynguyen2741/airflow_venv/lib/python3.12/site-packages/airflow/example_dags/example_setup_teardown_taskflow.py
[2025-08-06T13:59:12.143-0400] {logging_mixin.py:190} INFO - [2025-08-06T13:59:12.143-0400] {dag.py:3239} INFO - Sync 1 DAGs
[2025-08-06T13:59:12.151-0400] {logging_mixin.py:190} INFO - [2025-08-06T13:59:12.151-0400] {dag.py:4180} INFO - Setting next_dagrun for example_setup_teardown_taskflow to None, run_after=None
[2025-08-06T13:59:12.166-0400] {processor.py:208} INFO - Processing /home/huynguyen2741/airflow_venv/lib/python3.12/site-packages/airflow/example_dags/example_setup_teardown_taskflow.py took 0.048 seconds
[2025-08-06T14:00:15.720-0400] {processor.py:186} INFO - Started process (PID=18359) to work on /home/huynguyen2741/airflow_venv/lib/python3.12/site-packages/airflow/example_dags/example_setup_teardown_taskflow.py
[2025-08-06T14:00:15.730-0400] {processor.py:914} INFO - Processing file /home/huynguyen2741/airflow_venv/lib/python3.12/site-packages/airflow/example_dags/example_setup_teardown_taskflow.py for tasks to queue
[2025-08-06T14:00:15.732-0400] {logging_mixin.py:190} INFO - [2025-08-06T14:00:15.732-0400] {dagbag.py:588} INFO - Filling up the DagBag from /home/huynguyen2741/airflow_venv/lib/python3.12/site-packages/airflow/example_dags/example_setup_teardown_taskflow.py
[2025-08-06T14:00:15.740-0400] {processor.py:925} INFO - DAG(s) 'example_setup_teardown_taskflow' retrieved from /home/huynguyen2741/airflow_venv/lib/python3.12/site-packages/airflow/example_dags/example_setup_teardown_taskflow.py
[2025-08-06T14:00:15.752-0400] {logging_mixin.py:190} INFO - [2025-08-06T14:00:15.752-0400] {dag.py:3239} INFO - Sync 1 DAGs
[2025-08-06T14:00:15.760-0400] {logging_mixin.py:190} INFO - [2025-08-06T14:00:15.760-0400] {dag.py:4180} INFO - Setting next_dagrun for example_setup_teardown_taskflow to None, run_after=None
[2025-08-06T14:00:15.776-0400] {processor.py:208} INFO - Processing /home/huynguyen2741/airflow_venv/lib/python3.12/site-packages/airflow/example_dags/example_setup_teardown_taskflow.py took 0.060 seconds
[2025-08-06T14:01:18.823-0400] {processor.py:186} INFO - Started process (PID=18580) to work on /home/huynguyen2741/airflow_venv/lib/python3.12/site-packages/airflow/example_dags/example_setup_teardown_taskflow.py
[2025-08-06T14:01:18.824-0400] {processor.py:914} INFO - Processing file /home/huynguyen2741/airflow_venv/lib/python3.12/site-packages/airflow/example_dags/example_setup_teardown_taskflow.py for tasks to queue
[2025-08-06T14:01:18.825-0400] {logging_mixin.py:190} INFO - [2025-08-06T14:01:18.825-0400] {dagbag.py:588} INFO - Filling up the DagBag from /home/huynguyen2741/airflow_venv/lib/python3.12/site-packages/airflow/example_dags/example_setup_teardown_taskflow.py
[2025-08-06T14:01:18.833-0400] {processor.py:925} INFO - DAG(s) 'example_setup_teardown_taskflow' retrieved from /home/huynguyen2741/airflow_venv/lib/python3.12/site-packages/airflow/example_dags/example_setup_teardown_taskflow.py
[2025-08-06T14:01:18.845-0400] {logging_mixin.py:190} INFO - [2025-08-06T14:01:18.845-0400] {dag.py:3239} INFO - Sync 1 DAGs
[2025-08-06T14:01:18.854-0400] {logging_mixin.py:190} INFO - [2025-08-06T14:01:18.853-0400] {dag.py:4180} INFO - Setting next_dagrun for example_setup_teardown_taskflow to None, run_after=None
[2025-08-06T14:01:18.870-0400] {processor.py:208} INFO - Processing /home/huynguyen2741/airflow_venv/lib/python3.12/site-packages/airflow/example_dags/example_setup_teardown_taskflow.py took 0.051 seconds
[2025-08-06T14:02:18.570-0400] {processor.py:186} INFO - Started process (PID=18834) to work on /home/huynguyen2741/airflow_venv/lib/python3.12/site-packages/airflow/example_dags/example_setup_teardown_taskflow.py
[2025-08-06T14:02:18.574-0400] {processor.py:914} INFO - Processing file /home/huynguyen2741/airflow_venv/lib/python3.12/site-packages/airflow/example_dags/example_setup_teardown_taskflow.py for tasks to queue
[2025-08-06T14:02:18.576-0400] {logging_mixin.py:190} INFO - [2025-08-06T14:02:18.576-0400] {dagbag.py:588} INFO - Filling up the DagBag from /home/huynguyen2741/airflow_venv/lib/python3.12/site-packages/airflow/example_dags/example_setup_teardown_taskflow.py
[2025-08-06T14:02:18.583-0400] {processor.py:925} INFO - DAG(s) 'example_setup_teardown_taskflow' retrieved from /home/huynguyen2741/airflow_venv/lib/python3.12/site-packages/airflow/example_dags/example_setup_teardown_taskflow.py
[2025-08-06T14:02:18.595-0400] {logging_mixin.py:190} INFO - [2025-08-06T14:02:18.595-0400] {dag.py:3239} INFO - Sync 1 DAGs
[2025-08-06T14:02:18.605-0400] {logging_mixin.py:190} INFO - [2025-08-06T14:02:18.605-0400] {dag.py:4180} INFO - Setting next_dagrun for example_setup_teardown_taskflow to None, run_after=None
[2025-08-06T14:02:18.622-0400] {processor.py:208} INFO - Processing /home/huynguyen2741/airflow_venv/lib/python3.12/site-packages/airflow/example_dags/example_setup_teardown_taskflow.py took 0.056 seconds
[2025-08-06T14:03:20.687-0400] {processor.py:186} INFO - Started process (PID=19054) to work on /home/huynguyen2741/airflow_venv/lib/python3.12/site-packages/airflow/example_dags/example_setup_teardown_taskflow.py
[2025-08-06T14:03:20.696-0400] {processor.py:914} INFO - Processing file /home/huynguyen2741/airflow_venv/lib/python3.12/site-packages/airflow/example_dags/example_setup_teardown_taskflow.py for tasks to queue
[2025-08-06T14:03:20.698-0400] {logging_mixin.py:190} INFO - [2025-08-06T14:03:20.698-0400] {dagbag.py:588} INFO - Filling up the DagBag from /home/huynguyen2741/airflow_venv/lib/python3.12/site-packages/airflow/example_dags/example_setup_teardown_taskflow.py
[2025-08-06T14:03:20.706-0400] {processor.py:925} INFO - DAG(s) 'example_setup_teardown_taskflow' retrieved from /home/huynguyen2741/airflow_venv/lib/python3.12/site-packages/airflow/example_dags/example_setup_teardown_taskflow.py
[2025-08-06T14:03:20.718-0400] {logging_mixin.py:190} INFO - [2025-08-06T14:03:20.717-0400] {dag.py:3239} INFO - Sync 1 DAGs
[2025-08-06T14:03:20.726-0400] {logging_mixin.py:190} INFO - [2025-08-06T14:03:20.726-0400] {dag.py:4180} INFO - Setting next_dagrun for example_setup_teardown_taskflow to None, run_after=None
[2025-08-06T14:03:20.744-0400] {processor.py:208} INFO - Processing /home/huynguyen2741/airflow_venv/lib/python3.12/site-packages/airflow/example_dags/example_setup_teardown_taskflow.py took 0.062 seconds
[2025-08-06T14:04:22.961-0400] {processor.py:186} INFO - Started process (PID=19268) to work on /home/huynguyen2741/airflow_venv/lib/python3.12/site-packages/airflow/example_dags/example_setup_teardown_taskflow.py
[2025-08-06T14:04:22.971-0400] {processor.py:914} INFO - Processing file /home/huynguyen2741/airflow_venv/lib/python3.12/site-packages/airflow/example_dags/example_setup_teardown_taskflow.py for tasks to queue
[2025-08-06T14:04:22.972-0400] {logging_mixin.py:190} INFO - [2025-08-06T14:04:22.972-0400] {dagbag.py:588} INFO - Filling up the DagBag from /home/huynguyen2741/airflow_venv/lib/python3.12/site-packages/airflow/example_dags/example_setup_teardown_taskflow.py
[2025-08-06T14:04:22.979-0400] {processor.py:925} INFO - DAG(s) 'example_setup_teardown_taskflow' retrieved from /home/huynguyen2741/airflow_venv/lib/python3.12/site-packages/airflow/example_dags/example_setup_teardown_taskflow.py
[2025-08-06T14:04:22.991-0400] {logging_mixin.py:190} INFO - [2025-08-06T14:04:22.991-0400] {dag.py:3239} INFO - Sync 1 DAGs
[2025-08-06T14:04:23.001-0400] {logging_mixin.py:190} INFO - [2025-08-06T14:04:23.001-0400] {dag.py:4180} INFO - Setting next_dagrun for example_setup_teardown_taskflow to None, run_after=None
[2025-08-06T14:04:23.018-0400] {processor.py:208} INFO - Processing /home/huynguyen2741/airflow_venv/lib/python3.12/site-packages/airflow/example_dags/example_setup_teardown_taskflow.py took 0.062 seconds
[2025-08-06T14:05:23.835-0400] {processor.py:186} INFO - Started process (PID=19643) to work on /home/huynguyen2741/airflow_venv/lib/python3.12/site-packages/airflow/example_dags/example_setup_teardown_taskflow.py
[2025-08-06T14:05:23.836-0400] {processor.py:914} INFO - Processing file /home/huynguyen2741/airflow_venv/lib/python3.12/site-packages/airflow/example_dags/example_setup_teardown_taskflow.py for tasks to queue
[2025-08-06T14:05:23.838-0400] {logging_mixin.py:190} INFO - [2025-08-06T14:05:23.838-0400] {dagbag.py:588} INFO - Filling up the DagBag from /home/huynguyen2741/airflow_venv/lib/python3.12/site-packages/airflow/example_dags/example_setup_teardown_taskflow.py
[2025-08-06T14:05:23.845-0400] {processor.py:925} INFO - DAG(s) 'example_setup_teardown_taskflow' retrieved from /home/huynguyen2741/airflow_venv/lib/python3.12/site-packages/airflow/example_dags/example_setup_teardown_taskflow.py
[2025-08-06T14:05:23.858-0400] {logging_mixin.py:190} INFO - [2025-08-06T14:05:23.858-0400] {dag.py:3239} INFO - Sync 1 DAGs
[2025-08-06T14:05:23.867-0400] {logging_mixin.py:190} INFO - [2025-08-06T14:05:23.867-0400] {dag.py:4180} INFO - Setting next_dagrun for example_setup_teardown_taskflow to None, run_after=None
[2025-08-06T14:05:23.884-0400] {processor.py:208} INFO - Processing /home/huynguyen2741/airflow_venv/lib/python3.12/site-packages/airflow/example_dags/example_setup_teardown_taskflow.py took 0.052 seconds
[2025-08-06T14:06:27.558-0400] {processor.py:186} INFO - Started process (PID=19873) to work on /home/huynguyen2741/airflow_venv/lib/python3.12/site-packages/airflow/example_dags/example_setup_teardown_taskflow.py
[2025-08-06T14:06:27.559-0400] {processor.py:914} INFO - Processing file /home/huynguyen2741/airflow_venv/lib/python3.12/site-packages/airflow/example_dags/example_setup_teardown_taskflow.py for tasks to queue
[2025-08-06T14:06:27.561-0400] {logging_mixin.py:190} INFO - [2025-08-06T14:06:27.560-0400] {dagbag.py:588} INFO - Filling up the DagBag from /home/huynguyen2741/airflow_venv/lib/python3.12/site-packages/airflow/example_dags/example_setup_teardown_taskflow.py
[2025-08-06T14:06:27.570-0400] {processor.py:925} INFO - DAG(s) 'example_setup_teardown_taskflow' retrieved from /home/huynguyen2741/airflow_venv/lib/python3.12/site-packages/airflow/example_dags/example_setup_teardown_taskflow.py
[2025-08-06T14:06:27.583-0400] {logging_mixin.py:190} INFO - [2025-08-06T14:06:27.583-0400] {dag.py:3239} INFO - Sync 1 DAGs
[2025-08-06T14:06:27.591-0400] {logging_mixin.py:190} INFO - [2025-08-06T14:06:27.591-0400] {dag.py:4180} INFO - Setting next_dagrun for example_setup_teardown_taskflow to None, run_after=None
[2025-08-06T14:06:27.704-0400] {processor.py:208} INFO - Processing /home/huynguyen2741/airflow_venv/lib/python3.12/site-packages/airflow/example_dags/example_setup_teardown_taskflow.py took 0.150 seconds
[2025-08-06T14:07:35.724-0400] {processor.py:186} INFO - Started process (PID=20113) to work on /home/huynguyen2741/airflow_venv/lib/python3.12/site-packages/airflow/example_dags/example_setup_teardown_taskflow.py
[2025-08-06T14:07:35.725-0400] {processor.py:914} INFO - Processing file /home/huynguyen2741/airflow_venv/lib/python3.12/site-packages/airflow/example_dags/example_setup_teardown_taskflow.py for tasks to queue
[2025-08-06T14:07:35.727-0400] {logging_mixin.py:190} INFO - [2025-08-06T14:07:35.726-0400] {dagbag.py:588} INFO - Filling up the DagBag from /home/huynguyen2741/airflow_venv/lib/python3.12/site-packages/airflow/example_dags/example_setup_teardown_taskflow.py
[2025-08-06T14:07:35.735-0400] {processor.py:925} INFO - DAG(s) 'example_setup_teardown_taskflow' retrieved from /home/huynguyen2741/airflow_venv/lib/python3.12/site-packages/airflow/example_dags/example_setup_teardown_taskflow.py
[2025-08-06T14:07:35.748-0400] {logging_mixin.py:190} INFO - [2025-08-06T14:07:35.747-0400] {dag.py:3239} INFO - Sync 1 DAGs
[2025-08-06T14:07:35.755-0400] {logging_mixin.py:190} INFO - [2025-08-06T14:07:35.755-0400] {dag.py:4180} INFO - Setting next_dagrun for example_setup_teardown_taskflow to None, run_after=None
[2025-08-06T14:07:35.862-0400] {processor.py:208} INFO - Processing /home/huynguyen2741/airflow_venv/lib/python3.12/site-packages/airflow/example_dags/example_setup_teardown_taskflow.py took 0.142 seconds
[2025-08-06T14:08:43.670-0400] {processor.py:186} INFO - Started process (PID=20442) to work on /home/huynguyen2741/airflow_venv/lib/python3.12/site-packages/airflow/example_dags/example_setup_teardown_taskflow.py
[2025-08-06T14:08:43.672-0400] {processor.py:914} INFO - Processing file /home/huynguyen2741/airflow_venv/lib/python3.12/site-packages/airflow/example_dags/example_setup_teardown_taskflow.py for tasks to queue
[2025-08-06T14:08:43.673-0400] {logging_mixin.py:190} INFO - [2025-08-06T14:08:43.673-0400] {dagbag.py:588} INFO - Filling up the DagBag from /home/huynguyen2741/airflow_venv/lib/python3.12/site-packages/airflow/example_dags/example_setup_teardown_taskflow.py
[2025-08-06T14:08:43.683-0400] {processor.py:925} INFO - DAG(s) 'example_setup_teardown_taskflow' retrieved from /home/huynguyen2741/airflow_venv/lib/python3.12/site-packages/airflow/example_dags/example_setup_teardown_taskflow.py
[2025-08-06T14:08:43.699-0400] {logging_mixin.py:190} INFO - [2025-08-06T14:08:43.698-0400] {dag.py:3239} INFO - Sync 1 DAGs
[2025-08-06T14:08:43.708-0400] {logging_mixin.py:190} INFO - [2025-08-06T14:08:43.708-0400] {dag.py:4180} INFO - Setting next_dagrun for example_setup_teardown_taskflow to None, run_after=None
[2025-08-06T14:08:43.726-0400] {processor.py:208} INFO - Processing /home/huynguyen2741/airflow_venv/lib/python3.12/site-packages/airflow/example_dags/example_setup_teardown_taskflow.py took 0.060 seconds
[2025-08-06T14:09:54.503-0400] {processor.py:186} INFO - Started process (PID=20936) to work on /home/huynguyen2741/airflow_venv/lib/python3.12/site-packages/airflow/example_dags/example_setup_teardown_taskflow.py
[2025-08-06T14:09:54.507-0400] {processor.py:914} INFO - Processing file /home/huynguyen2741/airflow_venv/lib/python3.12/site-packages/airflow/example_dags/example_setup_teardown_taskflow.py for tasks to queue
[2025-08-06T14:09:54.509-0400] {logging_mixin.py:190} INFO - [2025-08-06T14:09:54.508-0400] {dagbag.py:588} INFO - Filling up the DagBag from /home/huynguyen2741/airflow_venv/lib/python3.12/site-packages/airflow/example_dags/example_setup_teardown_taskflow.py
[2025-08-06T14:09:54.517-0400] {processor.py:925} INFO - DAG(s) 'example_setup_teardown_taskflow' retrieved from /home/huynguyen2741/airflow_venv/lib/python3.12/site-packages/airflow/example_dags/example_setup_teardown_taskflow.py
[2025-08-06T14:09:54.528-0400] {logging_mixin.py:190} INFO - [2025-08-06T14:09:54.528-0400] {dag.py:3239} INFO - Sync 1 DAGs
[2025-08-06T14:09:54.536-0400] {logging_mixin.py:190} INFO - [2025-08-06T14:09:54.536-0400] {dag.py:4180} INFO - Setting next_dagrun for example_setup_teardown_taskflow to None, run_after=None
[2025-08-06T14:09:54.552-0400] {processor.py:208} INFO - Processing /home/huynguyen2741/airflow_venv/lib/python3.12/site-packages/airflow/example_dags/example_setup_teardown_taskflow.py took 0.053 seconds
[2025-08-06T14:10:54.147-0400] {processor.py:186} INFO - Started process (PID=21267) to work on /home/huynguyen2741/airflow_venv/lib/python3.12/site-packages/airflow/example_dags/example_setup_teardown_taskflow.py
[2025-08-06T14:10:54.148-0400] {processor.py:914} INFO - Processing file /home/huynguyen2741/airflow_venv/lib/python3.12/site-packages/airflow/example_dags/example_setup_teardown_taskflow.py for tasks to queue
[2025-08-06T14:10:54.149-0400] {logging_mixin.py:190} INFO - [2025-08-06T14:10:54.149-0400] {dagbag.py:588} INFO - Filling up the DagBag from /home/huynguyen2741/airflow_venv/lib/python3.12/site-packages/airflow/example_dags/example_setup_teardown_taskflow.py
[2025-08-06T14:10:54.157-0400] {processor.py:925} INFO - DAG(s) 'example_setup_teardown_taskflow' retrieved from /home/huynguyen2741/airflow_venv/lib/python3.12/site-packages/airflow/example_dags/example_setup_teardown_taskflow.py
[2025-08-06T14:10:54.169-0400] {logging_mixin.py:190} INFO - [2025-08-06T14:10:54.169-0400] {dag.py:3239} INFO - Sync 1 DAGs
[2025-08-06T14:10:54.177-0400] {logging_mixin.py:190} INFO - [2025-08-06T14:10:54.177-0400] {dag.py:4180} INFO - Setting next_dagrun for example_setup_teardown_taskflow to None, run_after=None
[2025-08-06T14:10:54.194-0400] {processor.py:208} INFO - Processing /home/huynguyen2741/airflow_venv/lib/python3.12/site-packages/airflow/example_dags/example_setup_teardown_taskflow.py took 0.052 seconds
[2025-08-06T14:11:57.092-0400] {processor.py:186} INFO - Started process (PID=21521) to work on /home/huynguyen2741/airflow_venv/lib/python3.12/site-packages/airflow/example_dags/example_setup_teardown_taskflow.py
[2025-08-06T14:11:57.097-0400] {processor.py:914} INFO - Processing file /home/huynguyen2741/airflow_venv/lib/python3.12/site-packages/airflow/example_dags/example_setup_teardown_taskflow.py for tasks to queue
[2025-08-06T14:11:57.098-0400] {logging_mixin.py:190} INFO - [2025-08-06T14:11:57.097-0400] {dagbag.py:588} INFO - Filling up the DagBag from /home/huynguyen2741/airflow_venv/lib/python3.12/site-packages/airflow/example_dags/example_setup_teardown_taskflow.py
[2025-08-06T14:11:57.106-0400] {processor.py:925} INFO - DAG(s) 'example_setup_teardown_taskflow' retrieved from /home/huynguyen2741/airflow_venv/lib/python3.12/site-packages/airflow/example_dags/example_setup_teardown_taskflow.py
[2025-08-06T14:11:57.124-0400] {logging_mixin.py:190} INFO - [2025-08-06T14:11:57.124-0400] {dag.py:3239} INFO - Sync 1 DAGs
[2025-08-06T14:11:57.133-0400] {logging_mixin.py:190} INFO - [2025-08-06T14:11:57.133-0400] {dag.py:4180} INFO - Setting next_dagrun for example_setup_teardown_taskflow to None, run_after=None
[2025-08-06T14:11:57.152-0400] {processor.py:208} INFO - Processing /home/huynguyen2741/airflow_venv/lib/python3.12/site-packages/airflow/example_dags/example_setup_teardown_taskflow.py took 0.065 seconds
[2025-08-06T14:13:00.632-0400] {processor.py:186} INFO - Started process (PID=21943) to work on /home/huynguyen2741/airflow_venv/lib/python3.12/site-packages/airflow/example_dags/example_setup_teardown_taskflow.py
[2025-08-06T14:13:00.636-0400] {processor.py:914} INFO - Processing file /home/huynguyen2741/airflow_venv/lib/python3.12/site-packages/airflow/example_dags/example_setup_teardown_taskflow.py for tasks to queue
[2025-08-06T14:13:00.637-0400] {logging_mixin.py:190} INFO - [2025-08-06T14:13:00.637-0400] {dagbag.py:588} INFO - Filling up the DagBag from /home/huynguyen2741/airflow_venv/lib/python3.12/site-packages/airflow/example_dags/example_setup_teardown_taskflow.py
[2025-08-06T14:13:00.645-0400] {processor.py:925} INFO - DAG(s) 'example_setup_teardown_taskflow' retrieved from /home/huynguyen2741/airflow_venv/lib/python3.12/site-packages/airflow/example_dags/example_setup_teardown_taskflow.py
[2025-08-06T14:13:00.659-0400] {logging_mixin.py:190} INFO - [2025-08-06T14:13:00.658-0400] {dag.py:3239} INFO - Sync 1 DAGs
[2025-08-06T14:13:00.667-0400] {logging_mixin.py:190} INFO - [2025-08-06T14:13:00.667-0400] {dag.py:4180} INFO - Setting next_dagrun for example_setup_teardown_taskflow to None, run_after=None
[2025-08-06T14:13:00.686-0400] {processor.py:208} INFO - Processing /home/huynguyen2741/airflow_venv/lib/python3.12/site-packages/airflow/example_dags/example_setup_teardown_taskflow.py took 0.058 seconds
[2025-08-06T14:14:07.694-0400] {processor.py:186} INFO - Started process (PID=22368) to work on /home/huynguyen2741/airflow_venv/lib/python3.12/site-packages/airflow/example_dags/example_setup_teardown_taskflow.py
[2025-08-06T14:14:07.698-0400] {processor.py:914} INFO - Processing file /home/huynguyen2741/airflow_venv/lib/python3.12/site-packages/airflow/example_dags/example_setup_teardown_taskflow.py for tasks to queue
[2025-08-06T14:14:07.699-0400] {logging_mixin.py:190} INFO - [2025-08-06T14:14:07.699-0400] {dagbag.py:588} INFO - Filling up the DagBag from /home/huynguyen2741/airflow_venv/lib/python3.12/site-packages/airflow/example_dags/example_setup_teardown_taskflow.py
[2025-08-06T14:14:07.707-0400] {processor.py:925} INFO - DAG(s) 'example_setup_teardown_taskflow' retrieved from /home/huynguyen2741/airflow_venv/lib/python3.12/site-packages/airflow/example_dags/example_setup_teardown_taskflow.py
[2025-08-06T14:14:07.719-0400] {logging_mixin.py:190} INFO - [2025-08-06T14:14:07.719-0400] {dag.py:3239} INFO - Sync 1 DAGs
[2025-08-06T14:14:07.729-0400] {logging_mixin.py:190} INFO - [2025-08-06T14:14:07.729-0400] {dag.py:4180} INFO - Setting next_dagrun for example_setup_teardown_taskflow to None, run_after=None
[2025-08-06T14:14:07.747-0400] {processor.py:208} INFO - Processing /home/huynguyen2741/airflow_venv/lib/python3.12/site-packages/airflow/example_dags/example_setup_teardown_taskflow.py took 0.057 seconds
[2025-08-06T14:15:11.532-0400] {processor.py:186} INFO - Started process (PID=22710) to work on /home/huynguyen2741/airflow_venv/lib/python3.12/site-packages/airflow/example_dags/example_setup_teardown_taskflow.py
[2025-08-06T14:15:11.536-0400] {processor.py:914} INFO - Processing file /home/huynguyen2741/airflow_venv/lib/python3.12/site-packages/airflow/example_dags/example_setup_teardown_taskflow.py for tasks to queue
[2025-08-06T14:15:11.537-0400] {logging_mixin.py:190} INFO - [2025-08-06T14:15:11.537-0400] {dagbag.py:588} INFO - Filling up the DagBag from /home/huynguyen2741/airflow_venv/lib/python3.12/site-packages/airflow/example_dags/example_setup_teardown_taskflow.py
[2025-08-06T14:15:11.546-0400] {processor.py:925} INFO - DAG(s) 'example_setup_teardown_taskflow' retrieved from /home/huynguyen2741/airflow_venv/lib/python3.12/site-packages/airflow/example_dags/example_setup_teardown_taskflow.py
[2025-08-06T14:15:11.564-0400] {logging_mixin.py:190} INFO - [2025-08-06T14:15:11.564-0400] {dag.py:3239} INFO - Sync 1 DAGs
[2025-08-06T14:15:11.575-0400] {logging_mixin.py:190} INFO - [2025-08-06T14:15:11.575-0400] {dag.py:4180} INFO - Setting next_dagrun for example_setup_teardown_taskflow to None, run_after=None
[2025-08-06T14:15:11.596-0400] {processor.py:208} INFO - Processing /home/huynguyen2741/airflow_venv/lib/python3.12/site-packages/airflow/example_dags/example_setup_teardown_taskflow.py took 0.068 seconds
[2025-08-06T14:16:09.060-0400] {processor.py:186} INFO - Started process (PID=23060) to work on /home/huynguyen2741/airflow_venv/lib/python3.12/site-packages/airflow/example_dags/example_setup_teardown_taskflow.py
[2025-08-06T14:16:09.065-0400] {processor.py:914} INFO - Processing file /home/huynguyen2741/airflow_venv/lib/python3.12/site-packages/airflow/example_dags/example_setup_teardown_taskflow.py for tasks to queue
[2025-08-06T14:16:09.066-0400] {logging_mixin.py:190} INFO - [2025-08-06T14:16:09.066-0400] {dagbag.py:588} INFO - Filling up the DagBag from /home/huynguyen2741/airflow_venv/lib/python3.12/site-packages/airflow/example_dags/example_setup_teardown_taskflow.py
[2025-08-06T14:16:09.074-0400] {processor.py:925} INFO - DAG(s) 'example_setup_teardown_taskflow' retrieved from /home/huynguyen2741/airflow_venv/lib/python3.12/site-packages/airflow/example_dags/example_setup_teardown_taskflow.py
[2025-08-06T14:16:09.087-0400] {logging_mixin.py:190} INFO - [2025-08-06T14:16:09.086-0400] {dag.py:3239} INFO - Sync 1 DAGs
[2025-08-06T14:16:09.095-0400] {logging_mixin.py:190} INFO - [2025-08-06T14:16:09.095-0400] {dag.py:4180} INFO - Setting next_dagrun for example_setup_teardown_taskflow to None, run_after=None
[2025-08-06T14:16:09.112-0400] {processor.py:208} INFO - Processing /home/huynguyen2741/airflow_venv/lib/python3.12/site-packages/airflow/example_dags/example_setup_teardown_taskflow.py took 0.056 seconds
[2025-08-06T14:17:16.704-0400] {processor.py:186} INFO - Started process (PID=23308) to work on /home/huynguyen2741/airflow_venv/lib/python3.12/site-packages/airflow/example_dags/example_setup_teardown_taskflow.py
[2025-08-06T14:17:16.708-0400] {processor.py:914} INFO - Processing file /home/huynguyen2741/airflow_venv/lib/python3.12/site-packages/airflow/example_dags/example_setup_teardown_taskflow.py for tasks to queue
[2025-08-06T14:17:16.710-0400] {logging_mixin.py:190} INFO - [2025-08-06T14:17:16.709-0400] {dagbag.py:588} INFO - Filling up the DagBag from /home/huynguyen2741/airflow_venv/lib/python3.12/site-packages/airflow/example_dags/example_setup_teardown_taskflow.py
[2025-08-06T14:17:16.721-0400] {processor.py:925} INFO - DAG(s) 'example_setup_teardown_taskflow' retrieved from /home/huynguyen2741/airflow_venv/lib/python3.12/site-packages/airflow/example_dags/example_setup_teardown_taskflow.py
[2025-08-06T14:17:16.741-0400] {logging_mixin.py:190} INFO - [2025-08-06T14:17:16.741-0400] {dag.py:3239} INFO - Sync 1 DAGs
[2025-08-06T14:17:16.753-0400] {logging_mixin.py:190} INFO - [2025-08-06T14:17:16.753-0400] {dag.py:4180} INFO - Setting next_dagrun for example_setup_teardown_taskflow to None, run_after=None
[2025-08-06T14:17:16.772-0400] {processor.py:208} INFO - Processing /home/huynguyen2741/airflow_venv/lib/python3.12/site-packages/airflow/example_dags/example_setup_teardown_taskflow.py took 0.073 seconds
[2025-08-06T14:18:22.488-0400] {processor.py:186} INFO - Started process (PID=23547) to work on /home/huynguyen2741/airflow_venv/lib/python3.12/site-packages/airflow/example_dags/example_setup_teardown_taskflow.py
[2025-08-06T14:18:22.489-0400] {processor.py:914} INFO - Processing file /home/huynguyen2741/airflow_venv/lib/python3.12/site-packages/airflow/example_dags/example_setup_teardown_taskflow.py for tasks to queue
[2025-08-06T14:18:22.490-0400] {logging_mixin.py:190} INFO - [2025-08-06T14:18:22.490-0400] {dagbag.py:588} INFO - Filling up the DagBag from /home/huynguyen2741/airflow_venv/lib/python3.12/site-packages/airflow/example_dags/example_setup_teardown_taskflow.py
[2025-08-06T14:18:22.499-0400] {processor.py:925} INFO - DAG(s) 'example_setup_teardown_taskflow' retrieved from /home/huynguyen2741/airflow_venv/lib/python3.12/site-packages/airflow/example_dags/example_setup_teardown_taskflow.py
[2025-08-06T14:18:22.510-0400] {logging_mixin.py:190} INFO - [2025-08-06T14:18:22.510-0400] {dag.py:3239} INFO - Sync 1 DAGs
[2025-08-06T14:18:22.519-0400] {logging_mixin.py:190} INFO - [2025-08-06T14:18:22.519-0400] {dag.py:4180} INFO - Setting next_dagrun for example_setup_teardown_taskflow to None, run_after=None
[2025-08-06T14:18:22.535-0400] {processor.py:208} INFO - Processing /home/huynguyen2741/airflow_venv/lib/python3.12/site-packages/airflow/example_dags/example_setup_teardown_taskflow.py took 0.051 seconds
[2025-08-06T14:19:29.018-0400] {processor.py:186} INFO - Started process (PID=23812) to work on /home/huynguyen2741/airflow_venv/lib/python3.12/site-packages/airflow/example_dags/example_setup_teardown_taskflow.py
[2025-08-06T14:19:29.022-0400] {processor.py:914} INFO - Processing file /home/huynguyen2741/airflow_venv/lib/python3.12/site-packages/airflow/example_dags/example_setup_teardown_taskflow.py for tasks to queue
[2025-08-06T14:19:29.023-0400] {logging_mixin.py:190} INFO - [2025-08-06T14:19:29.023-0400] {dagbag.py:588} INFO - Filling up the DagBag from /home/huynguyen2741/airflow_venv/lib/python3.12/site-packages/airflow/example_dags/example_setup_teardown_taskflow.py
[2025-08-06T14:19:29.031-0400] {processor.py:925} INFO - DAG(s) 'example_setup_teardown_taskflow' retrieved from /home/huynguyen2741/airflow_venv/lib/python3.12/site-packages/airflow/example_dags/example_setup_teardown_taskflow.py
[2025-08-06T14:19:29.044-0400] {logging_mixin.py:190} INFO - [2025-08-06T14:19:29.043-0400] {dag.py:3239} INFO - Sync 1 DAGs
[2025-08-06T14:19:29.052-0400] {logging_mixin.py:190} INFO - [2025-08-06T14:19:29.052-0400] {dag.py:4180} INFO - Setting next_dagrun for example_setup_teardown_taskflow to None, run_after=None
[2025-08-06T14:19:29.069-0400] {processor.py:208} INFO - Processing /home/huynguyen2741/airflow_venv/lib/python3.12/site-packages/airflow/example_dags/example_setup_teardown_taskflow.py took 0.056 seconds
[2025-08-06T14:20:34.084-0400] {processor.py:186} INFO - Started process (PID=24046) to work on /home/huynguyen2741/airflow_venv/lib/python3.12/site-packages/airflow/example_dags/example_setup_teardown_taskflow.py
[2025-08-06T14:20:34.085-0400] {processor.py:914} INFO - Processing file /home/huynguyen2741/airflow_venv/lib/python3.12/site-packages/airflow/example_dags/example_setup_teardown_taskflow.py for tasks to queue
[2025-08-06T14:20:34.086-0400] {logging_mixin.py:190} INFO - [2025-08-06T14:20:34.086-0400] {dagbag.py:588} INFO - Filling up the DagBag from /home/huynguyen2741/airflow_venv/lib/python3.12/site-packages/airflow/example_dags/example_setup_teardown_taskflow.py
[2025-08-06T14:20:34.095-0400] {processor.py:925} INFO - DAG(s) 'example_setup_teardown_taskflow' retrieved from /home/huynguyen2741/airflow_venv/lib/python3.12/site-packages/airflow/example_dags/example_setup_teardown_taskflow.py
[2025-08-06T14:20:34.110-0400] {logging_mixin.py:190} INFO - [2025-08-06T14:20:34.110-0400] {dag.py:3239} INFO - Sync 1 DAGs
[2025-08-06T14:20:34.121-0400] {logging_mixin.py:190} INFO - [2025-08-06T14:20:34.121-0400] {dag.py:4180} INFO - Setting next_dagrun for example_setup_teardown_taskflow to None, run_after=None
[2025-08-06T14:20:34.138-0400] {processor.py:208} INFO - Processing /home/huynguyen2741/airflow_venv/lib/python3.12/site-packages/airflow/example_dags/example_setup_teardown_taskflow.py took 0.059 seconds
[2025-08-06T14:21:42.421-0400] {processor.py:186} INFO - Started process (PID=24284) to work on /home/huynguyen2741/airflow_venv/lib/python3.12/site-packages/airflow/example_dags/example_setup_teardown_taskflow.py
[2025-08-06T14:21:42.431-0400] {processor.py:914} INFO - Processing file /home/huynguyen2741/airflow_venv/lib/python3.12/site-packages/airflow/example_dags/example_setup_teardown_taskflow.py for tasks to queue
[2025-08-06T14:21:42.432-0400] {logging_mixin.py:190} INFO - [2025-08-06T14:21:42.432-0400] {dagbag.py:588} INFO - Filling up the DagBag from /home/huynguyen2741/airflow_venv/lib/python3.12/site-packages/airflow/example_dags/example_setup_teardown_taskflow.py
[2025-08-06T14:21:42.444-0400] {processor.py:925} INFO - DAG(s) 'example_setup_teardown_taskflow' retrieved from /home/huynguyen2741/airflow_venv/lib/python3.12/site-packages/airflow/example_dags/example_setup_teardown_taskflow.py
[2025-08-06T14:21:42.457-0400] {logging_mixin.py:190} INFO - [2025-08-06T14:21:42.457-0400] {dag.py:3239} INFO - Sync 1 DAGs
[2025-08-06T14:21:42.466-0400] {logging_mixin.py:190} INFO - [2025-08-06T14:21:42.466-0400] {dag.py:4180} INFO - Setting next_dagrun for example_setup_teardown_taskflow to None, run_after=None
[2025-08-06T14:21:42.482-0400] {processor.py:208} INFO - Processing /home/huynguyen2741/airflow_venv/lib/python3.12/site-packages/airflow/example_dags/example_setup_teardown_taskflow.py took 0.065 seconds
[2025-08-06T14:22:47.578-0400] {processor.py:186} INFO - Started process (PID=24664) to work on /home/huynguyen2741/airflow_venv/lib/python3.12/site-packages/airflow/example_dags/example_setup_teardown_taskflow.py
[2025-08-06T14:22:47.588-0400] {processor.py:914} INFO - Processing file /home/huynguyen2741/airflow_venv/lib/python3.12/site-packages/airflow/example_dags/example_setup_teardown_taskflow.py for tasks to queue
[2025-08-06T14:22:47.589-0400] {logging_mixin.py:190} INFO - [2025-08-06T14:22:47.589-0400] {dagbag.py:588} INFO - Filling up the DagBag from /home/huynguyen2741/airflow_venv/lib/python3.12/site-packages/airflow/example_dags/example_setup_teardown_taskflow.py
[2025-08-06T14:22:47.597-0400] {processor.py:925} INFO - DAG(s) 'example_setup_teardown_taskflow' retrieved from /home/huynguyen2741/airflow_venv/lib/python3.12/site-packages/airflow/example_dags/example_setup_teardown_taskflow.py
[2025-08-06T14:22:47.610-0400] {logging_mixin.py:190} INFO - [2025-08-06T14:22:47.610-0400] {dag.py:3239} INFO - Sync 1 DAGs
[2025-08-06T14:22:47.619-0400] {logging_mixin.py:190} INFO - [2025-08-06T14:22:47.619-0400] {dag.py:4180} INFO - Setting next_dagrun for example_setup_teardown_taskflow to None, run_after=None
[2025-08-06T14:22:47.634-0400] {processor.py:208} INFO - Processing /home/huynguyen2741/airflow_venv/lib/python3.12/site-packages/airflow/example_dags/example_setup_teardown_taskflow.py took 0.060 seconds
[2025-08-06T14:23:45.281-0400] {processor.py:186} INFO - Started process (PID=25108) to work on /home/huynguyen2741/airflow_venv/lib/python3.12/site-packages/airflow/example_dags/example_setup_teardown_taskflow.py
[2025-08-06T14:23:45.291-0400] {processor.py:914} INFO - Processing file /home/huynguyen2741/airflow_venv/lib/python3.12/site-packages/airflow/example_dags/example_setup_teardown_taskflow.py for tasks to queue
[2025-08-06T14:23:45.292-0400] {logging_mixin.py:190} INFO - [2025-08-06T14:23:45.292-0400] {dagbag.py:588} INFO - Filling up the DagBag from /home/huynguyen2741/airflow_venv/lib/python3.12/site-packages/airflow/example_dags/example_setup_teardown_taskflow.py
[2025-08-06T14:23:45.300-0400] {processor.py:925} INFO - DAG(s) 'example_setup_teardown_taskflow' retrieved from /home/huynguyen2741/airflow_venv/lib/python3.12/site-packages/airflow/example_dags/example_setup_teardown_taskflow.py
[2025-08-06T14:23:45.312-0400] {logging_mixin.py:190} INFO - [2025-08-06T14:23:45.312-0400] {dag.py:3239} INFO - Sync 1 DAGs
[2025-08-06T14:23:45.320-0400] {logging_mixin.py:190} INFO - [2025-08-06T14:23:45.320-0400] {dag.py:4180} INFO - Setting next_dagrun for example_setup_teardown_taskflow to None, run_after=None
[2025-08-06T14:23:45.335-0400] {processor.py:208} INFO - Processing /home/huynguyen2741/airflow_venv/lib/python3.12/site-packages/airflow/example_dags/example_setup_teardown_taskflow.py took 0.059 seconds
[2025-08-06T14:24:55.033-0400] {processor.py:186} INFO - Started process (PID=25396) to work on /home/huynguyen2741/airflow_venv/lib/python3.12/site-packages/airflow/example_dags/example_setup_teardown_taskflow.py
[2025-08-06T14:24:55.035-0400] {processor.py:914} INFO - Processing file /home/huynguyen2741/airflow_venv/lib/python3.12/site-packages/airflow/example_dags/example_setup_teardown_taskflow.py for tasks to queue
[2025-08-06T14:24:55.036-0400] {logging_mixin.py:190} INFO - [2025-08-06T14:24:55.035-0400] {dagbag.py:588} INFO - Filling up the DagBag from /home/huynguyen2741/airflow_venv/lib/python3.12/site-packages/airflow/example_dags/example_setup_teardown_taskflow.py
[2025-08-06T14:24:55.044-0400] {processor.py:925} INFO - DAG(s) 'example_setup_teardown_taskflow' retrieved from /home/huynguyen2741/airflow_venv/lib/python3.12/site-packages/airflow/example_dags/example_setup_teardown_taskflow.py
[2025-08-06T14:24:55.058-0400] {logging_mixin.py:190} INFO - [2025-08-06T14:24:55.058-0400] {dag.py:3239} INFO - Sync 1 DAGs
[2025-08-06T14:24:55.070-0400] {logging_mixin.py:190} INFO - [2025-08-06T14:24:55.070-0400] {dag.py:4180} INFO - Setting next_dagrun for example_setup_teardown_taskflow to None, run_after=None
[2025-08-06T14:24:55.087-0400] {processor.py:208} INFO - Processing /home/huynguyen2741/airflow_venv/lib/python3.12/site-packages/airflow/example_dags/example_setup_teardown_taskflow.py took 0.059 seconds
[2025-08-06T14:25:56.540-0400] {processor.py:186} INFO - Started process (PID=25707) to work on /home/huynguyen2741/airflow_venv/lib/python3.12/site-packages/airflow/example_dags/example_setup_teardown_taskflow.py
[2025-08-06T14:25:56.550-0400] {processor.py:914} INFO - Processing file /home/huynguyen2741/airflow_venv/lib/python3.12/site-packages/airflow/example_dags/example_setup_teardown_taskflow.py for tasks to queue
[2025-08-06T14:25:56.551-0400] {logging_mixin.py:190} INFO - [2025-08-06T14:25:56.551-0400] {dagbag.py:588} INFO - Filling up the DagBag from /home/huynguyen2741/airflow_venv/lib/python3.12/site-packages/airflow/example_dags/example_setup_teardown_taskflow.py
[2025-08-06T14:25:56.559-0400] {processor.py:925} INFO - DAG(s) 'example_setup_teardown_taskflow' retrieved from /home/huynguyen2741/airflow_venv/lib/python3.12/site-packages/airflow/example_dags/example_setup_teardown_taskflow.py
[2025-08-06T14:25:56.570-0400] {logging_mixin.py:190} INFO - [2025-08-06T14:25:56.570-0400] {dag.py:3239} INFO - Sync 1 DAGs
[2025-08-06T14:25:56.578-0400] {logging_mixin.py:190} INFO - [2025-08-06T14:25:56.578-0400] {dag.py:4180} INFO - Setting next_dagrun for example_setup_teardown_taskflow to None, run_after=None
[2025-08-06T14:25:56.595-0400] {processor.py:208} INFO - Processing /home/huynguyen2741/airflow_venv/lib/python3.12/site-packages/airflow/example_dags/example_setup_teardown_taskflow.py took 0.059 seconds
[2025-08-06T14:27:04.135-0400] {processor.py:186} INFO - Started process (PID=25972) to work on /home/huynguyen2741/airflow_venv/lib/python3.12/site-packages/airflow/example_dags/example_setup_teardown_taskflow.py
[2025-08-06T14:27:04.136-0400] {processor.py:914} INFO - Processing file /home/huynguyen2741/airflow_venv/lib/python3.12/site-packages/airflow/example_dags/example_setup_teardown_taskflow.py for tasks to queue
[2025-08-06T14:27:04.138-0400] {logging_mixin.py:190} INFO - [2025-08-06T14:27:04.137-0400] {dagbag.py:588} INFO - Filling up the DagBag from /home/huynguyen2741/airflow_venv/lib/python3.12/site-packages/airflow/example_dags/example_setup_teardown_taskflow.py
[2025-08-06T14:27:04.145-0400] {processor.py:925} INFO - DAG(s) 'example_setup_teardown_taskflow' retrieved from /home/huynguyen2741/airflow_venv/lib/python3.12/site-packages/airflow/example_dags/example_setup_teardown_taskflow.py
[2025-08-06T14:27:04.158-0400] {logging_mixin.py:190} INFO - [2025-08-06T14:27:04.158-0400] {dag.py:3239} INFO - Sync 1 DAGs
[2025-08-06T14:27:04.166-0400] {logging_mixin.py:190} INFO - [2025-08-06T14:27:04.166-0400] {dag.py:4180} INFO - Setting next_dagrun for example_setup_teardown_taskflow to None, run_after=None
[2025-08-06T14:27:04.182-0400] {processor.py:208} INFO - Processing /home/huynguyen2741/airflow_venv/lib/python3.12/site-packages/airflow/example_dags/example_setup_teardown_taskflow.py took 0.052 seconds
[2025-08-06T14:28:14.099-0400] {processor.py:186} INFO - Started process (PID=26289) to work on /home/huynguyen2741/airflow_venv/lib/python3.12/site-packages/airflow/example_dags/example_setup_teardown_taskflow.py
[2025-08-06T14:28:14.104-0400] {processor.py:914} INFO - Processing file /home/huynguyen2741/airflow_venv/lib/python3.12/site-packages/airflow/example_dags/example_setup_teardown_taskflow.py for tasks to queue
[2025-08-06T14:28:14.106-0400] {logging_mixin.py:190} INFO - [2025-08-06T14:28:14.105-0400] {dagbag.py:588} INFO - Filling up the DagBag from /home/huynguyen2741/airflow_venv/lib/python3.12/site-packages/airflow/example_dags/example_setup_teardown_taskflow.py
[2025-08-06T14:28:14.114-0400] {processor.py:925} INFO - DAG(s) 'example_setup_teardown_taskflow' retrieved from /home/huynguyen2741/airflow_venv/lib/python3.12/site-packages/airflow/example_dags/example_setup_teardown_taskflow.py
[2025-08-06T14:28:14.127-0400] {logging_mixin.py:190} INFO - [2025-08-06T14:28:14.126-0400] {dag.py:3239} INFO - Sync 1 DAGs
[2025-08-06T14:28:14.135-0400] {logging_mixin.py:190} INFO - [2025-08-06T14:28:14.135-0400] {dag.py:4180} INFO - Setting next_dagrun for example_setup_teardown_taskflow to None, run_after=None
[2025-08-06T14:28:14.153-0400] {processor.py:208} INFO - Processing /home/huynguyen2741/airflow_venv/lib/python3.12/site-packages/airflow/example_dags/example_setup_teardown_taskflow.py took 0.059 seconds
[2025-08-06T14:29:17.086-0400] {processor.py:186} INFO - Started process (PID=26547) to work on /home/huynguyen2741/airflow_venv/lib/python3.12/site-packages/airflow/example_dags/example_setup_teardown_taskflow.py
[2025-08-06T14:29:17.090-0400] {processor.py:914} INFO - Processing file /home/huynguyen2741/airflow_venv/lib/python3.12/site-packages/airflow/example_dags/example_setup_teardown_taskflow.py for tasks to queue
[2025-08-06T14:29:17.092-0400] {logging_mixin.py:190} INFO - [2025-08-06T14:29:17.091-0400] {dagbag.py:588} INFO - Filling up the DagBag from /home/huynguyen2741/airflow_venv/lib/python3.12/site-packages/airflow/example_dags/example_setup_teardown_taskflow.py
[2025-08-06T14:29:17.100-0400] {processor.py:925} INFO - DAG(s) 'example_setup_teardown_taskflow' retrieved from /home/huynguyen2741/airflow_venv/lib/python3.12/site-packages/airflow/example_dags/example_setup_teardown_taskflow.py
[2025-08-06T14:29:17.112-0400] {logging_mixin.py:190} INFO - [2025-08-06T14:29:17.112-0400] {dag.py:3239} INFO - Sync 1 DAGs
[2025-08-06T14:29:17.122-0400] {logging_mixin.py:190} INFO - [2025-08-06T14:29:17.122-0400] {dag.py:4180} INFO - Setting next_dagrun for example_setup_teardown_taskflow to None, run_after=None
[2025-08-06T14:29:17.138-0400] {processor.py:208} INFO - Processing /home/huynguyen2741/airflow_venv/lib/python3.12/site-packages/airflow/example_dags/example_setup_teardown_taskflow.py took 0.057 seconds
[2025-08-06T14:30:27.864-0400] {processor.py:186} INFO - Started process (PID=26986) to work on /home/huynguyen2741/airflow_venv/lib/python3.12/site-packages/airflow/example_dags/example_setup_teardown_taskflow.py
[2025-08-06T14:30:27.866-0400] {processor.py:914} INFO - Processing file /home/huynguyen2741/airflow_venv/lib/python3.12/site-packages/airflow/example_dags/example_setup_teardown_taskflow.py for tasks to queue
[2025-08-06T14:30:27.867-0400] {logging_mixin.py:190} INFO - [2025-08-06T14:30:27.866-0400] {dagbag.py:588} INFO - Filling up the DagBag from /home/huynguyen2741/airflow_venv/lib/python3.12/site-packages/airflow/example_dags/example_setup_teardown_taskflow.py
[2025-08-06T14:30:27.875-0400] {processor.py:925} INFO - DAG(s) 'example_setup_teardown_taskflow' retrieved from /home/huynguyen2741/airflow_venv/lib/python3.12/site-packages/airflow/example_dags/example_setup_teardown_taskflow.py
[2025-08-06T14:30:27.887-0400] {logging_mixin.py:190} INFO - [2025-08-06T14:30:27.887-0400] {dag.py:3239} INFO - Sync 1 DAGs
[2025-08-06T14:30:27.896-0400] {logging_mixin.py:190} INFO - [2025-08-06T14:30:27.896-0400] {dag.py:4180} INFO - Setting next_dagrun for example_setup_teardown_taskflow to None, run_after=None
[2025-08-06T14:30:27.911-0400] {processor.py:208} INFO - Processing /home/huynguyen2741/airflow_venv/lib/python3.12/site-packages/airflow/example_dags/example_setup_teardown_taskflow.py took 0.052 seconds
[2025-08-06T14:31:46.695-0400] {processor.py:186} INFO - Started process (PID=27260) to work on /home/huynguyen2741/airflow_venv/lib/python3.12/site-packages/airflow/example_dags/example_setup_teardown_taskflow.py
[2025-08-06T14:31:46.696-0400] {processor.py:914} INFO - Processing file /home/huynguyen2741/airflow_venv/lib/python3.12/site-packages/airflow/example_dags/example_setup_teardown_taskflow.py for tasks to queue
[2025-08-06T14:31:46.698-0400] {logging_mixin.py:190} INFO - [2025-08-06T14:31:46.697-0400] {dagbag.py:588} INFO - Filling up the DagBag from /home/huynguyen2741/airflow_venv/lib/python3.12/site-packages/airflow/example_dags/example_setup_teardown_taskflow.py
[2025-08-06T14:31:46.706-0400] {processor.py:925} INFO - DAG(s) 'example_setup_teardown_taskflow' retrieved from /home/huynguyen2741/airflow_venv/lib/python3.12/site-packages/airflow/example_dags/example_setup_teardown_taskflow.py
[2025-08-06T14:31:46.720-0400] {logging_mixin.py:190} INFO - [2025-08-06T14:31:46.719-0400] {dag.py:3239} INFO - Sync 1 DAGs
[2025-08-06T14:31:46.730-0400] {logging_mixin.py:190} INFO - [2025-08-06T14:31:46.730-0400] {dag.py:4180} INFO - Setting next_dagrun for example_setup_teardown_taskflow to None, run_after=None
[2025-08-06T14:31:46.751-0400] {processor.py:208} INFO - Processing /home/huynguyen2741/airflow_venv/lib/python3.12/site-packages/airflow/example_dags/example_setup_teardown_taskflow.py took 0.062 seconds
[2025-08-06T14:32:56.623-0400] {processor.py:186} INFO - Started process (PID=27554) to work on /home/huynguyen2741/airflow_venv/lib/python3.12/site-packages/airflow/example_dags/example_setup_teardown_taskflow.py
[2025-08-06T14:32:56.628-0400] {processor.py:914} INFO - Processing file /home/huynguyen2741/airflow_venv/lib/python3.12/site-packages/airflow/example_dags/example_setup_teardown_taskflow.py for tasks to queue
[2025-08-06T14:32:56.629-0400] {logging_mixin.py:190} INFO - [2025-08-06T14:32:56.629-0400] {dagbag.py:588} INFO - Filling up the DagBag from /home/huynguyen2741/airflow_venv/lib/python3.12/site-packages/airflow/example_dags/example_setup_teardown_taskflow.py
[2025-08-06T14:32:56.637-0400] {processor.py:925} INFO - DAG(s) 'example_setup_teardown_taskflow' retrieved from /home/huynguyen2741/airflow_venv/lib/python3.12/site-packages/airflow/example_dags/example_setup_teardown_taskflow.py
[2025-08-06T14:32:56.652-0400] {logging_mixin.py:190} INFO - [2025-08-06T14:32:56.652-0400] {dag.py:3239} INFO - Sync 1 DAGs
[2025-08-06T14:32:56.662-0400] {logging_mixin.py:190} INFO - [2025-08-06T14:32:56.662-0400] {dag.py:4180} INFO - Setting next_dagrun for example_setup_teardown_taskflow to None, run_after=None
[2025-08-06T14:32:56.679-0400] {processor.py:208} INFO - Processing /home/huynguyen2741/airflow_venv/lib/python3.12/site-packages/airflow/example_dags/example_setup_teardown_taskflow.py took 0.061 seconds
[2025-08-06T14:34:02.205-0400] {processor.py:186} INFO - Started process (PID=27845) to work on /home/huynguyen2741/airflow_venv/lib/python3.12/site-packages/airflow/example_dags/example_setup_teardown_taskflow.py
[2025-08-06T14:34:02.207-0400] {processor.py:914} INFO - Processing file /home/huynguyen2741/airflow_venv/lib/python3.12/site-packages/airflow/example_dags/example_setup_teardown_taskflow.py for tasks to queue
[2025-08-06T14:34:02.208-0400] {logging_mixin.py:190} INFO - [2025-08-06T14:34:02.208-0400] {dagbag.py:588} INFO - Filling up the DagBag from /home/huynguyen2741/airflow_venv/lib/python3.12/site-packages/airflow/example_dags/example_setup_teardown_taskflow.py
[2025-08-06T14:34:02.216-0400] {processor.py:925} INFO - DAG(s) 'example_setup_teardown_taskflow' retrieved from /home/huynguyen2741/airflow_venv/lib/python3.12/site-packages/airflow/example_dags/example_setup_teardown_taskflow.py
[2025-08-06T14:34:02.229-0400] {logging_mixin.py:190} INFO - [2025-08-06T14:34:02.229-0400] {dag.py:3239} INFO - Sync 1 DAGs
[2025-08-06T14:34:02.238-0400] {logging_mixin.py:190} INFO - [2025-08-06T14:34:02.238-0400] {dag.py:4180} INFO - Setting next_dagrun for example_setup_teardown_taskflow to None, run_after=None
[2025-08-06T14:34:02.254-0400] {processor.py:208} INFO - Processing /home/huynguyen2741/airflow_venv/lib/python3.12/site-packages/airflow/example_dags/example_setup_teardown_taskflow.py took 0.054 seconds
[2025-08-06T14:35:00.741-0400] {processor.py:186} INFO - Started process (PID=28249) to work on /home/huynguyen2741/airflow_venv/lib/python3.12/site-packages/airflow/example_dags/example_setup_teardown_taskflow.py
[2025-08-06T14:35:00.750-0400] {processor.py:914} INFO - Processing file /home/huynguyen2741/airflow_venv/lib/python3.12/site-packages/airflow/example_dags/example_setup_teardown_taskflow.py for tasks to queue
[2025-08-06T14:35:00.752-0400] {logging_mixin.py:190} INFO - [2025-08-06T14:35:00.752-0400] {dagbag.py:588} INFO - Filling up the DagBag from /home/huynguyen2741/airflow_venv/lib/python3.12/site-packages/airflow/example_dags/example_setup_teardown_taskflow.py
[2025-08-06T14:35:00.761-0400] {processor.py:925} INFO - DAG(s) 'example_setup_teardown_taskflow' retrieved from /home/huynguyen2741/airflow_venv/lib/python3.12/site-packages/airflow/example_dags/example_setup_teardown_taskflow.py
[2025-08-06T14:35:00.773-0400] {logging_mixin.py:190} INFO - [2025-08-06T14:35:00.773-0400] {dag.py:3239} INFO - Sync 1 DAGs
[2025-08-06T14:35:00.783-0400] {logging_mixin.py:190} INFO - [2025-08-06T14:35:00.782-0400] {dag.py:4180} INFO - Setting next_dagrun for example_setup_teardown_taskflow to None, run_after=None
[2025-08-06T14:35:00.802-0400] {processor.py:208} INFO - Processing /home/huynguyen2741/airflow_venv/lib/python3.12/site-packages/airflow/example_dags/example_setup_teardown_taskflow.py took 0.067 seconds
[2025-08-06T14:35:58.568-0400] {processor.py:186} INFO - Started process (PID=28489) to work on /home/huynguyen2741/airflow_venv/lib/python3.12/site-packages/airflow/example_dags/example_setup_teardown_taskflow.py
[2025-08-06T14:35:58.573-0400] {processor.py:914} INFO - Processing file /home/huynguyen2741/airflow_venv/lib/python3.12/site-packages/airflow/example_dags/example_setup_teardown_taskflow.py for tasks to queue
[2025-08-06T14:35:58.574-0400] {logging_mixin.py:190} INFO - [2025-08-06T14:35:58.574-0400] {dagbag.py:588} INFO - Filling up the DagBag from /home/huynguyen2741/airflow_venv/lib/python3.12/site-packages/airflow/example_dags/example_setup_teardown_taskflow.py
[2025-08-06T14:35:58.581-0400] {processor.py:925} INFO - DAG(s) 'example_setup_teardown_taskflow' retrieved from /home/huynguyen2741/airflow_venv/lib/python3.12/site-packages/airflow/example_dags/example_setup_teardown_taskflow.py
[2025-08-06T14:35:58.593-0400] {logging_mixin.py:190} INFO - [2025-08-06T14:35:58.593-0400] {dag.py:3239} INFO - Sync 1 DAGs
[2025-08-06T14:35:58.601-0400] {logging_mixin.py:190} INFO - [2025-08-06T14:35:58.601-0400] {dag.py:4180} INFO - Setting next_dagrun for example_setup_teardown_taskflow to None, run_after=None
[2025-08-06T14:35:58.617-0400] {processor.py:208} INFO - Processing /home/huynguyen2741/airflow_venv/lib/python3.12/site-packages/airflow/example_dags/example_setup_teardown_taskflow.py took 0.054 seconds
[2025-08-06T14:36:59.692-0400] {processor.py:186} INFO - Started process (PID=28727) to work on /home/huynguyen2741/airflow_venv/lib/python3.12/site-packages/airflow/example_dags/example_setup_teardown_taskflow.py
[2025-08-06T14:36:59.693-0400] {processor.py:914} INFO - Processing file /home/huynguyen2741/airflow_venv/lib/python3.12/site-packages/airflow/example_dags/example_setup_teardown_taskflow.py for tasks to queue
[2025-08-06T14:36:59.695-0400] {logging_mixin.py:190} INFO - [2025-08-06T14:36:59.694-0400] {dagbag.py:588} INFO - Filling up the DagBag from /home/huynguyen2741/airflow_venv/lib/python3.12/site-packages/airflow/example_dags/example_setup_teardown_taskflow.py
[2025-08-06T14:36:59.703-0400] {processor.py:925} INFO - DAG(s) 'example_setup_teardown_taskflow' retrieved from /home/huynguyen2741/airflow_venv/lib/python3.12/site-packages/airflow/example_dags/example_setup_teardown_taskflow.py
[2025-08-06T14:36:59.716-0400] {logging_mixin.py:190} INFO - [2025-08-06T14:36:59.716-0400] {dag.py:3239} INFO - Sync 1 DAGs
[2025-08-06T14:36:59.725-0400] {logging_mixin.py:190} INFO - [2025-08-06T14:36:59.724-0400] {dag.py:4180} INFO - Setting next_dagrun for example_setup_teardown_taskflow to None, run_after=None
[2025-08-06T14:36:59.741-0400] {processor.py:208} INFO - Processing /home/huynguyen2741/airflow_venv/lib/python3.12/site-packages/airflow/example_dags/example_setup_teardown_taskflow.py took 0.053 seconds
[2025-08-06T14:38:06.737-0400] {processor.py:186} INFO - Started process (PID=28974) to work on /home/huynguyen2741/airflow_venv/lib/python3.12/site-packages/airflow/example_dags/example_setup_teardown_taskflow.py
[2025-08-06T14:38:06.738-0400] {processor.py:914} INFO - Processing file /home/huynguyen2741/airflow_venv/lib/python3.12/site-packages/airflow/example_dags/example_setup_teardown_taskflow.py for tasks to queue
[2025-08-06T14:38:06.739-0400] {logging_mixin.py:190} INFO - [2025-08-06T14:38:06.739-0400] {dagbag.py:588} INFO - Filling up the DagBag from /home/huynguyen2741/airflow_venv/lib/python3.12/site-packages/airflow/example_dags/example_setup_teardown_taskflow.py
[2025-08-06T14:38:06.747-0400] {processor.py:925} INFO - DAG(s) 'example_setup_teardown_taskflow' retrieved from /home/huynguyen2741/airflow_venv/lib/python3.12/site-packages/airflow/example_dags/example_setup_teardown_taskflow.py
[2025-08-06T14:38:06.761-0400] {logging_mixin.py:190} INFO - [2025-08-06T14:38:06.760-0400] {dag.py:3239} INFO - Sync 1 DAGs
[2025-08-06T14:38:06.769-0400] {logging_mixin.py:190} INFO - [2025-08-06T14:38:06.769-0400] {dag.py:4180} INFO - Setting next_dagrun for example_setup_teardown_taskflow to None, run_after=None
[2025-08-06T14:38:06.786-0400] {processor.py:208} INFO - Processing /home/huynguyen2741/airflow_venv/lib/python3.12/site-packages/airflow/example_dags/example_setup_teardown_taskflow.py took 0.054 seconds
[2025-08-06T14:39:14.472-0400] {processor.py:186} INFO - Started process (PID=29267) to work on /home/huynguyen2741/airflow_venv/lib/python3.12/site-packages/airflow/example_dags/example_setup_teardown_taskflow.py
[2025-08-06T14:39:14.476-0400] {processor.py:914} INFO - Processing file /home/huynguyen2741/airflow_venv/lib/python3.12/site-packages/airflow/example_dags/example_setup_teardown_taskflow.py for tasks to queue
[2025-08-06T14:39:14.477-0400] {logging_mixin.py:190} INFO - [2025-08-06T14:39:14.477-0400] {dagbag.py:588} INFO - Filling up the DagBag from /home/huynguyen2741/airflow_venv/lib/python3.12/site-packages/airflow/example_dags/example_setup_teardown_taskflow.py
[2025-08-06T14:39:14.486-0400] {processor.py:925} INFO - DAG(s) 'example_setup_teardown_taskflow' retrieved from /home/huynguyen2741/airflow_venv/lib/python3.12/site-packages/airflow/example_dags/example_setup_teardown_taskflow.py
[2025-08-06T14:39:14.501-0400] {logging_mixin.py:190} INFO - [2025-08-06T14:39:14.501-0400] {dag.py:3239} INFO - Sync 1 DAGs
[2025-08-06T14:39:14.513-0400] {logging_mixin.py:190} INFO - [2025-08-06T14:39:14.512-0400] {dag.py:4180} INFO - Setting next_dagrun for example_setup_teardown_taskflow to None, run_after=None
[2025-08-06T14:39:14.531-0400] {processor.py:208} INFO - Processing /home/huynguyen2741/airflow_venv/lib/python3.12/site-packages/airflow/example_dags/example_setup_teardown_taskflow.py took 0.065 seconds
[2025-08-06T14:40:16.783-0400] {processor.py:186} INFO - Started process (PID=29487) to work on /home/huynguyen2741/airflow_venv/lib/python3.12/site-packages/airflow/example_dags/example_setup_teardown_taskflow.py
[2025-08-06T14:40:16.787-0400] {processor.py:914} INFO - Processing file /home/huynguyen2741/airflow_venv/lib/python3.12/site-packages/airflow/example_dags/example_setup_teardown_taskflow.py for tasks to queue
[2025-08-06T14:40:16.788-0400] {logging_mixin.py:190} INFO - [2025-08-06T14:40:16.788-0400] {dagbag.py:588} INFO - Filling up the DagBag from /home/huynguyen2741/airflow_venv/lib/python3.12/site-packages/airflow/example_dags/example_setup_teardown_taskflow.py
[2025-08-06T14:40:16.797-0400] {processor.py:925} INFO - DAG(s) 'example_setup_teardown_taskflow' retrieved from /home/huynguyen2741/airflow_venv/lib/python3.12/site-packages/airflow/example_dags/example_setup_teardown_taskflow.py
[2025-08-06T14:40:16.815-0400] {logging_mixin.py:190} INFO - [2025-08-06T14:40:16.815-0400] {dag.py:3239} INFO - Sync 1 DAGs
[2025-08-06T14:40:16.828-0400] {logging_mixin.py:190} INFO - [2025-08-06T14:40:16.827-0400] {dag.py:4180} INFO - Setting next_dagrun for example_setup_teardown_taskflow to None, run_after=None
[2025-08-06T14:40:16.855-0400] {processor.py:208} INFO - Processing /home/huynguyen2741/airflow_venv/lib/python3.12/site-packages/airflow/example_dags/example_setup_teardown_taskflow.py took 0.078 seconds
[2025-08-06T14:41:25.877-0400] {processor.py:186} INFO - Started process (PID=29786) to work on /home/huynguyen2741/airflow_venv/lib/python3.12/site-packages/airflow/example_dags/example_setup_teardown_taskflow.py
[2025-08-06T14:41:25.881-0400] {processor.py:914} INFO - Processing file /home/huynguyen2741/airflow_venv/lib/python3.12/site-packages/airflow/example_dags/example_setup_teardown_taskflow.py for tasks to queue
[2025-08-06T14:41:25.882-0400] {logging_mixin.py:190} INFO - [2025-08-06T14:41:25.882-0400] {dagbag.py:588} INFO - Filling up the DagBag from /home/huynguyen2741/airflow_venv/lib/python3.12/site-packages/airflow/example_dags/example_setup_teardown_taskflow.py
[2025-08-06T14:41:25.890-0400] {processor.py:925} INFO - DAG(s) 'example_setup_teardown_taskflow' retrieved from /home/huynguyen2741/airflow_venv/lib/python3.12/site-packages/airflow/example_dags/example_setup_teardown_taskflow.py
[2025-08-06T14:41:25.901-0400] {logging_mixin.py:190} INFO - [2025-08-06T14:41:25.901-0400] {dag.py:3239} INFO - Sync 1 DAGs
[2025-08-06T14:41:25.909-0400] {logging_mixin.py:190} INFO - [2025-08-06T14:41:25.909-0400] {dag.py:4180} INFO - Setting next_dagrun for example_setup_teardown_taskflow to None, run_after=None
[2025-08-06T14:41:25.924-0400] {processor.py:208} INFO - Processing /home/huynguyen2741/airflow_venv/lib/python3.12/site-packages/airflow/example_dags/example_setup_teardown_taskflow.py took 0.052 seconds
[2025-08-06T14:42:24.649-0400] {processor.py:186} INFO - Started process (PID=30007) to work on /home/huynguyen2741/airflow_venv/lib/python3.12/site-packages/airflow/example_dags/example_setup_teardown_taskflow.py
[2025-08-06T14:42:24.654-0400] {processor.py:914} INFO - Processing file /home/huynguyen2741/airflow_venv/lib/python3.12/site-packages/airflow/example_dags/example_setup_teardown_taskflow.py for tasks to queue
[2025-08-06T14:42:24.655-0400] {logging_mixin.py:190} INFO - [2025-08-06T14:42:24.654-0400] {dagbag.py:588} INFO - Filling up the DagBag from /home/huynguyen2741/airflow_venv/lib/python3.12/site-packages/airflow/example_dags/example_setup_teardown_taskflow.py
[2025-08-06T14:42:24.663-0400] {processor.py:925} INFO - DAG(s) 'example_setup_teardown_taskflow' retrieved from /home/huynguyen2741/airflow_venv/lib/python3.12/site-packages/airflow/example_dags/example_setup_teardown_taskflow.py
[2025-08-06T14:42:24.674-0400] {logging_mixin.py:190} INFO - [2025-08-06T14:42:24.674-0400] {dag.py:3239} INFO - Sync 1 DAGs
[2025-08-06T14:42:24.682-0400] {logging_mixin.py:190} INFO - [2025-08-06T14:42:24.682-0400] {dag.py:4180} INFO - Setting next_dagrun for example_setup_teardown_taskflow to None, run_after=None
[2025-08-06T14:42:24.698-0400] {processor.py:208} INFO - Processing /home/huynguyen2741/airflow_venv/lib/python3.12/site-packages/airflow/example_dags/example_setup_teardown_taskflow.py took 0.054 seconds
[2025-08-06T14:43:29.270-0400] {processor.py:186} INFO - Started process (PID=30248) to work on /home/huynguyen2741/airflow_venv/lib/python3.12/site-packages/airflow/example_dags/example_setup_teardown_taskflow.py
[2025-08-06T14:43:29.271-0400] {processor.py:914} INFO - Processing file /home/huynguyen2741/airflow_venv/lib/python3.12/site-packages/airflow/example_dags/example_setup_teardown_taskflow.py for tasks to queue
[2025-08-06T14:43:29.272-0400] {logging_mixin.py:190} INFO - [2025-08-06T14:43:29.272-0400] {dagbag.py:588} INFO - Filling up the DagBag from /home/huynguyen2741/airflow_venv/lib/python3.12/site-packages/airflow/example_dags/example_setup_teardown_taskflow.py
[2025-08-06T14:43:29.282-0400] {processor.py:925} INFO - DAG(s) 'example_setup_teardown_taskflow' retrieved from /home/huynguyen2741/airflow_venv/lib/python3.12/site-packages/airflow/example_dags/example_setup_teardown_taskflow.py
[2025-08-06T14:43:29.295-0400] {logging_mixin.py:190} INFO - [2025-08-06T14:43:29.295-0400] {dag.py:3239} INFO - Sync 1 DAGs
[2025-08-06T14:43:29.305-0400] {logging_mixin.py:190} INFO - [2025-08-06T14:43:29.305-0400] {dag.py:4180} INFO - Setting next_dagrun for example_setup_teardown_taskflow to None, run_after=None
[2025-08-06T14:43:29.323-0400] {processor.py:208} INFO - Processing /home/huynguyen2741/airflow_venv/lib/python3.12/site-packages/airflow/example_dags/example_setup_teardown_taskflow.py took 0.059 seconds
[2025-08-06T14:44:35.219-0400] {processor.py:186} INFO - Started process (PID=30511) to work on /home/huynguyen2741/airflow_venv/lib/python3.12/site-packages/airflow/example_dags/example_setup_teardown_taskflow.py
[2025-08-06T14:44:35.229-0400] {processor.py:914} INFO - Processing file /home/huynguyen2741/airflow_venv/lib/python3.12/site-packages/airflow/example_dags/example_setup_teardown_taskflow.py for tasks to queue
[2025-08-06T14:44:35.231-0400] {logging_mixin.py:190} INFO - [2025-08-06T14:44:35.230-0400] {dagbag.py:588} INFO - Filling up the DagBag from /home/huynguyen2741/airflow_venv/lib/python3.12/site-packages/airflow/example_dags/example_setup_teardown_taskflow.py
[2025-08-06T14:44:35.239-0400] {processor.py:925} INFO - DAG(s) 'example_setup_teardown_taskflow' retrieved from /home/huynguyen2741/airflow_venv/lib/python3.12/site-packages/airflow/example_dags/example_setup_teardown_taskflow.py
[2025-08-06T14:44:35.251-0400] {logging_mixin.py:190} INFO - [2025-08-06T14:44:35.251-0400] {dag.py:3239} INFO - Sync 1 DAGs
[2025-08-06T14:44:35.259-0400] {logging_mixin.py:190} INFO - [2025-08-06T14:44:35.259-0400] {dag.py:4180} INFO - Setting next_dagrun for example_setup_teardown_taskflow to None, run_after=None
[2025-08-06T14:44:35.274-0400] {processor.py:208} INFO - Processing /home/huynguyen2741/airflow_venv/lib/python3.12/site-packages/airflow/example_dags/example_setup_teardown_taskflow.py took 0.060 seconds
[2025-08-06T14:45:32.045-0400] {processor.py:186} INFO - Started process (PID=30764) to work on /home/huynguyen2741/airflow_venv/lib/python3.12/site-packages/airflow/example_dags/example_setup_teardown_taskflow.py
[2025-08-06T14:45:32.055-0400] {processor.py:914} INFO - Processing file /home/huynguyen2741/airflow_venv/lib/python3.12/site-packages/airflow/example_dags/example_setup_teardown_taskflow.py for tasks to queue
[2025-08-06T14:45:32.057-0400] {logging_mixin.py:190} INFO - [2025-08-06T14:45:32.057-0400] {dagbag.py:588} INFO - Filling up the DagBag from /home/huynguyen2741/airflow_venv/lib/python3.12/site-packages/airflow/example_dags/example_setup_teardown_taskflow.py
[2025-08-06T14:45:32.065-0400] {processor.py:925} INFO - DAG(s) 'example_setup_teardown_taskflow' retrieved from /home/huynguyen2741/airflow_venv/lib/python3.12/site-packages/airflow/example_dags/example_setup_teardown_taskflow.py
[2025-08-06T14:45:32.077-0400] {logging_mixin.py:190} INFO - [2025-08-06T14:45:32.077-0400] {dag.py:3239} INFO - Sync 1 DAGs
[2025-08-06T14:45:32.085-0400] {logging_mixin.py:190} INFO - [2025-08-06T14:45:32.085-0400] {dag.py:4180} INFO - Setting next_dagrun for example_setup_teardown_taskflow to None, run_after=None
[2025-08-06T14:45:32.102-0400] {processor.py:208} INFO - Processing /home/huynguyen2741/airflow_venv/lib/python3.12/site-packages/airflow/example_dags/example_setup_teardown_taskflow.py took 0.061 seconds
[2025-08-06T14:46:30.027-0400] {processor.py:186} INFO - Started process (PID=30988) to work on /home/huynguyen2741/airflow_venv/lib/python3.12/site-packages/airflow/example_dags/example_setup_teardown_taskflow.py
[2025-08-06T14:46:30.028-0400] {processor.py:914} INFO - Processing file /home/huynguyen2741/airflow_venv/lib/python3.12/site-packages/airflow/example_dags/example_setup_teardown_taskflow.py for tasks to queue
[2025-08-06T14:46:30.029-0400] {logging_mixin.py:190} INFO - [2025-08-06T14:46:30.029-0400] {dagbag.py:588} INFO - Filling up the DagBag from /home/huynguyen2741/airflow_venv/lib/python3.12/site-packages/airflow/example_dags/example_setup_teardown_taskflow.py
[2025-08-06T14:46:30.038-0400] {processor.py:925} INFO - DAG(s) 'example_setup_teardown_taskflow' retrieved from /home/huynguyen2741/airflow_venv/lib/python3.12/site-packages/airflow/example_dags/example_setup_teardown_taskflow.py
[2025-08-06T14:46:30.050-0400] {logging_mixin.py:190} INFO - [2025-08-06T14:46:30.050-0400] {dag.py:3239} INFO - Sync 1 DAGs
[2025-08-06T14:46:30.060-0400] {logging_mixin.py:190} INFO - [2025-08-06T14:46:30.059-0400] {dag.py:4180} INFO - Setting next_dagrun for example_setup_teardown_taskflow to None, run_after=None
[2025-08-06T14:46:30.075-0400] {processor.py:208} INFO - Processing /home/huynguyen2741/airflow_venv/lib/python3.12/site-packages/airflow/example_dags/example_setup_teardown_taskflow.py took 0.054 seconds
[2025-08-06T14:47:55.096-0400] {processor.py:186} INFO - Started process (PID=31515) to work on /home/huynguyen2741/airflow_venv/lib/python3.12/site-packages/airflow/example_dags/example_setup_teardown_taskflow.py
[2025-08-06T14:47:55.100-0400] {processor.py:914} INFO - Processing file /home/huynguyen2741/airflow_venv/lib/python3.12/site-packages/airflow/example_dags/example_setup_teardown_taskflow.py for tasks to queue
[2025-08-06T14:47:55.102-0400] {logging_mixin.py:190} INFO - [2025-08-06T14:47:55.102-0400] {dagbag.py:588} INFO - Filling up the DagBag from /home/huynguyen2741/airflow_venv/lib/python3.12/site-packages/airflow/example_dags/example_setup_teardown_taskflow.py
[2025-08-06T14:47:55.110-0400] {processor.py:925} INFO - DAG(s) 'example_setup_teardown_taskflow' retrieved from /home/huynguyen2741/airflow_venv/lib/python3.12/site-packages/airflow/example_dags/example_setup_teardown_taskflow.py
[2025-08-06T14:47:55.123-0400] {logging_mixin.py:190} INFO - [2025-08-06T14:47:55.123-0400] {dag.py:3239} INFO - Sync 1 DAGs
[2025-08-06T14:47:55.132-0400] {logging_mixin.py:190} INFO - [2025-08-06T14:47:55.132-0400] {dag.py:4180} INFO - Setting next_dagrun for example_setup_teardown_taskflow to None, run_after=None
[2025-08-06T14:47:55.150-0400] {processor.py:208} INFO - Processing /home/huynguyen2741/airflow_venv/lib/python3.12/site-packages/airflow/example_dags/example_setup_teardown_taskflow.py took 0.059 seconds
[2025-08-06T14:49:08.846-0400] {processor.py:186} INFO - Started process (PID=31821) to work on /home/huynguyen2741/airflow_venv/lib/python3.12/site-packages/airflow/example_dags/example_setup_teardown_taskflow.py
[2025-08-06T14:49:08.855-0400] {processor.py:914} INFO - Processing file /home/huynguyen2741/airflow_venv/lib/python3.12/site-packages/airflow/example_dags/example_setup_teardown_taskflow.py for tasks to queue
[2025-08-06T14:49:08.857-0400] {logging_mixin.py:190} INFO - [2025-08-06T14:49:08.856-0400] {dagbag.py:588} INFO - Filling up the DagBag from /home/huynguyen2741/airflow_venv/lib/python3.12/site-packages/airflow/example_dags/example_setup_teardown_taskflow.py
[2025-08-06T14:49:08.864-0400] {processor.py:925} INFO - DAG(s) 'example_setup_teardown_taskflow' retrieved from /home/huynguyen2741/airflow_venv/lib/python3.12/site-packages/airflow/example_dags/example_setup_teardown_taskflow.py
[2025-08-06T14:49:08.876-0400] {logging_mixin.py:190} INFO - [2025-08-06T14:49:08.876-0400] {dag.py:3239} INFO - Sync 1 DAGs
[2025-08-06T14:49:08.884-0400] {logging_mixin.py:190} INFO - [2025-08-06T14:49:08.884-0400] {dag.py:4180} INFO - Setting next_dagrun for example_setup_teardown_taskflow to None, run_after=None
[2025-08-06T14:49:08.900-0400] {processor.py:208} INFO - Processing /home/huynguyen2741/airflow_venv/lib/python3.12/site-packages/airflow/example_dags/example_setup_teardown_taskflow.py took 0.059 seconds
[2025-08-06T14:50:12.377-0400] {processor.py:186} INFO - Started process (PID=32047) to work on /home/huynguyen2741/airflow_venv/lib/python3.12/site-packages/airflow/example_dags/example_setup_teardown_taskflow.py
[2025-08-06T14:50:12.381-0400] {processor.py:914} INFO - Processing file /home/huynguyen2741/airflow_venv/lib/python3.12/site-packages/airflow/example_dags/example_setup_teardown_taskflow.py for tasks to queue
[2025-08-06T14:50:12.382-0400] {logging_mixin.py:190} INFO - [2025-08-06T14:50:12.382-0400] {dagbag.py:588} INFO - Filling up the DagBag from /home/huynguyen2741/airflow_venv/lib/python3.12/site-packages/airflow/example_dags/example_setup_teardown_taskflow.py
[2025-08-06T14:50:12.390-0400] {processor.py:925} INFO - DAG(s) 'example_setup_teardown_taskflow' retrieved from /home/huynguyen2741/airflow_venv/lib/python3.12/site-packages/airflow/example_dags/example_setup_teardown_taskflow.py
[2025-08-06T14:50:12.403-0400] {logging_mixin.py:190} INFO - [2025-08-06T14:50:12.403-0400] {dag.py:3239} INFO - Sync 1 DAGs
[2025-08-06T14:50:12.411-0400] {logging_mixin.py:190} INFO - [2025-08-06T14:50:12.411-0400] {dag.py:4180} INFO - Setting next_dagrun for example_setup_teardown_taskflow to None, run_after=None
[2025-08-06T14:50:12.428-0400] {processor.py:208} INFO - Processing /home/huynguyen2741/airflow_venv/lib/python3.12/site-packages/airflow/example_dags/example_setup_teardown_taskflow.py took 0.056 seconds
[2025-08-06T14:51:11.309-0400] {processor.py:186} INFO - Started process (PID=32269) to work on /home/huynguyen2741/airflow_venv/lib/python3.12/site-packages/airflow/example_dags/example_setup_teardown_taskflow.py
[2025-08-06T14:51:11.311-0400] {processor.py:914} INFO - Processing file /home/huynguyen2741/airflow_venv/lib/python3.12/site-packages/airflow/example_dags/example_setup_teardown_taskflow.py for tasks to queue
[2025-08-06T14:51:11.312-0400] {logging_mixin.py:190} INFO - [2025-08-06T14:51:11.312-0400] {dagbag.py:588} INFO - Filling up the DagBag from /home/huynguyen2741/airflow_venv/lib/python3.12/site-packages/airflow/example_dags/example_setup_teardown_taskflow.py
[2025-08-06T14:51:11.320-0400] {processor.py:925} INFO - DAG(s) 'example_setup_teardown_taskflow' retrieved from /home/huynguyen2741/airflow_venv/lib/python3.12/site-packages/airflow/example_dags/example_setup_teardown_taskflow.py
[2025-08-06T14:51:11.334-0400] {logging_mixin.py:190} INFO - [2025-08-06T14:51:11.333-0400] {dag.py:3239} INFO - Sync 1 DAGs
[2025-08-06T14:51:11.344-0400] {logging_mixin.py:190} INFO - [2025-08-06T14:51:11.344-0400] {dag.py:4180} INFO - Setting next_dagrun for example_setup_teardown_taskflow to None, run_after=None
[2025-08-06T14:51:11.364-0400] {processor.py:208} INFO - Processing /home/huynguyen2741/airflow_venv/lib/python3.12/site-packages/airflow/example_dags/example_setup_teardown_taskflow.py took 0.060 seconds
[2025-08-06T14:52:14.844-0400] {processor.py:186} INFO - Started process (PID=32530) to work on /home/huynguyen2741/airflow_venv/lib/python3.12/site-packages/airflow/example_dags/example_setup_teardown_taskflow.py
[2025-08-06T14:52:14.848-0400] {processor.py:914} INFO - Processing file /home/huynguyen2741/airflow_venv/lib/python3.12/site-packages/airflow/example_dags/example_setup_teardown_taskflow.py for tasks to queue
[2025-08-06T14:52:14.849-0400] {logging_mixin.py:190} INFO - [2025-08-06T14:52:14.849-0400] {dagbag.py:588} INFO - Filling up the DagBag from /home/huynguyen2741/airflow_venv/lib/python3.12/site-packages/airflow/example_dags/example_setup_teardown_taskflow.py
[2025-08-06T14:52:14.870-0400] {processor.py:925} INFO - DAG(s) 'example_setup_teardown_taskflow' retrieved from /home/huynguyen2741/airflow_venv/lib/python3.12/site-packages/airflow/example_dags/example_setup_teardown_taskflow.py
[2025-08-06T14:52:14.890-0400] {logging_mixin.py:190} INFO - [2025-08-06T14:52:14.890-0400] {dag.py:3239} INFO - Sync 1 DAGs
[2025-08-06T14:52:14.901-0400] {logging_mixin.py:190} INFO - [2025-08-06T14:52:14.901-0400] {dag.py:4180} INFO - Setting next_dagrun for example_setup_teardown_taskflow to None, run_after=None
[2025-08-06T14:52:14.918-0400] {processor.py:208} INFO - Processing /home/huynguyen2741/airflow_venv/lib/python3.12/site-packages/airflow/example_dags/example_setup_teardown_taskflow.py took 0.080 seconds
[2025-08-06T14:53:18.424-0400] {processor.py:186} INFO - Started process (PID=32827) to work on /home/huynguyen2741/airflow_venv/lib/python3.12/site-packages/airflow/example_dags/example_setup_teardown_taskflow.py
[2025-08-06T14:53:18.434-0400] {processor.py:914} INFO - Processing file /home/huynguyen2741/airflow_venv/lib/python3.12/site-packages/airflow/example_dags/example_setup_teardown_taskflow.py for tasks to queue
[2025-08-06T14:53:18.435-0400] {logging_mixin.py:190} INFO - [2025-08-06T14:53:18.435-0400] {dagbag.py:588} INFO - Filling up the DagBag from /home/huynguyen2741/airflow_venv/lib/python3.12/site-packages/airflow/example_dags/example_setup_teardown_taskflow.py
[2025-08-06T14:53:18.443-0400] {processor.py:925} INFO - DAG(s) 'example_setup_teardown_taskflow' retrieved from /home/huynguyen2741/airflow_venv/lib/python3.12/site-packages/airflow/example_dags/example_setup_teardown_taskflow.py
[2025-08-06T14:53:18.456-0400] {logging_mixin.py:190} INFO - [2025-08-06T14:53:18.456-0400] {dag.py:3239} INFO - Sync 1 DAGs
[2025-08-06T14:53:18.465-0400] {logging_mixin.py:190} INFO - [2025-08-06T14:53:18.464-0400] {dag.py:4180} INFO - Setting next_dagrun for example_setup_teardown_taskflow to None, run_after=None
[2025-08-06T14:53:18.481-0400] {processor.py:208} INFO - Processing /home/huynguyen2741/airflow_venv/lib/python3.12/site-packages/airflow/example_dags/example_setup_teardown_taskflow.py took 0.062 seconds
[2025-08-06T14:54:19.114-0400] {processor.py:186} INFO - Started process (PID=33252) to work on /home/huynguyen2741/airflow_venv/lib/python3.12/site-packages/airflow/example_dags/example_setup_teardown_taskflow.py
[2025-08-06T14:54:19.124-0400] {processor.py:914} INFO - Processing file /home/huynguyen2741/airflow_venv/lib/python3.12/site-packages/airflow/example_dags/example_setup_teardown_taskflow.py for tasks to queue
[2025-08-06T14:54:19.125-0400] {logging_mixin.py:190} INFO - [2025-08-06T14:54:19.125-0400] {dagbag.py:588} INFO - Filling up the DagBag from /home/huynguyen2741/airflow_venv/lib/python3.12/site-packages/airflow/example_dags/example_setup_teardown_taskflow.py
[2025-08-06T14:54:19.133-0400] {processor.py:925} INFO - DAG(s) 'example_setup_teardown_taskflow' retrieved from /home/huynguyen2741/airflow_venv/lib/python3.12/site-packages/airflow/example_dags/example_setup_teardown_taskflow.py
[2025-08-06T14:54:19.145-0400] {logging_mixin.py:190} INFO - [2025-08-06T14:54:19.145-0400] {dag.py:3239} INFO - Sync 1 DAGs
[2025-08-06T14:54:19.153-0400] {logging_mixin.py:190} INFO - [2025-08-06T14:54:19.153-0400] {dag.py:4180} INFO - Setting next_dagrun for example_setup_teardown_taskflow to None, run_after=None
[2025-08-06T14:54:19.168-0400] {processor.py:208} INFO - Processing /home/huynguyen2741/airflow_venv/lib/python3.12/site-packages/airflow/example_dags/example_setup_teardown_taskflow.py took 0.059 seconds
[2025-08-06T14:55:12.562-0400] {processor.py:186} INFO - Started process (PID=33559) to work on /home/huynguyen2741/airflow_venv/lib/python3.12/site-packages/airflow/example_dags/example_setup_teardown_taskflow.py
[2025-08-06T14:55:12.563-0400] {processor.py:914} INFO - Processing file /home/huynguyen2741/airflow_venv/lib/python3.12/site-packages/airflow/example_dags/example_setup_teardown_taskflow.py for tasks to queue
[2025-08-06T14:55:12.565-0400] {logging_mixin.py:190} INFO - [2025-08-06T14:55:12.565-0400] {dagbag.py:588} INFO - Filling up the DagBag from /home/huynguyen2741/airflow_venv/lib/python3.12/site-packages/airflow/example_dags/example_setup_teardown_taskflow.py
[2025-08-06T14:55:12.574-0400] {processor.py:925} INFO - DAG(s) 'example_setup_teardown_taskflow' retrieved from /home/huynguyen2741/airflow_venv/lib/python3.12/site-packages/airflow/example_dags/example_setup_teardown_taskflow.py
[2025-08-06T14:55:12.588-0400] {logging_mixin.py:190} INFO - [2025-08-06T14:55:12.588-0400] {dag.py:3239} INFO - Sync 1 DAGs
[2025-08-06T14:55:12.597-0400] {logging_mixin.py:190} INFO - [2025-08-06T14:55:12.597-0400] {dag.py:4180} INFO - Setting next_dagrun for example_setup_teardown_taskflow to None, run_after=None
[2025-08-06T14:55:12.615-0400] {processor.py:208} INFO - Processing /home/huynguyen2741/airflow_venv/lib/python3.12/site-packages/airflow/example_dags/example_setup_teardown_taskflow.py took 0.059 seconds
[2025-08-06T14:56:14.780-0400] {processor.py:186} INFO - Started process (PID=33856) to work on /home/huynguyen2741/airflow_venv/lib/python3.12/site-packages/airflow/example_dags/example_setup_teardown_taskflow.py
[2025-08-06T14:56:14.785-0400] {processor.py:914} INFO - Processing file /home/huynguyen2741/airflow_venv/lib/python3.12/site-packages/airflow/example_dags/example_setup_teardown_taskflow.py for tasks to queue
[2025-08-06T14:56:14.786-0400] {logging_mixin.py:190} INFO - [2025-08-06T14:56:14.786-0400] {dagbag.py:588} INFO - Filling up the DagBag from /home/huynguyen2741/airflow_venv/lib/python3.12/site-packages/airflow/example_dags/example_setup_teardown_taskflow.py
[2025-08-06T14:56:14.794-0400] {processor.py:925} INFO - DAG(s) 'example_setup_teardown_taskflow' retrieved from /home/huynguyen2741/airflow_venv/lib/python3.12/site-packages/airflow/example_dags/example_setup_teardown_taskflow.py
[2025-08-06T14:56:14.807-0400] {logging_mixin.py:190} INFO - [2025-08-06T14:56:14.807-0400] {dag.py:3239} INFO - Sync 1 DAGs
[2025-08-06T14:56:14.816-0400] {logging_mixin.py:190} INFO - [2025-08-06T14:56:14.816-0400] {dag.py:4180} INFO - Setting next_dagrun for example_setup_teardown_taskflow to None, run_after=None
[2025-08-06T14:56:14.831-0400] {processor.py:208} INFO - Processing /home/huynguyen2741/airflow_venv/lib/python3.12/site-packages/airflow/example_dags/example_setup_teardown_taskflow.py took 0.056 seconds
[2025-08-06T14:57:17.799-0400] {processor.py:186} INFO - Started process (PID=34126) to work on /home/huynguyen2741/airflow_venv/lib/python3.12/site-packages/airflow/example_dags/example_setup_teardown_taskflow.py
[2025-08-06T14:57:17.800-0400] {processor.py:914} INFO - Processing file /home/huynguyen2741/airflow_venv/lib/python3.12/site-packages/airflow/example_dags/example_setup_teardown_taskflow.py for tasks to queue
[2025-08-06T14:57:17.802-0400] {logging_mixin.py:190} INFO - [2025-08-06T14:57:17.801-0400] {dagbag.py:588} INFO - Filling up the DagBag from /home/huynguyen2741/airflow_venv/lib/python3.12/site-packages/airflow/example_dags/example_setup_teardown_taskflow.py
[2025-08-06T14:57:17.810-0400] {processor.py:925} INFO - DAG(s) 'example_setup_teardown_taskflow' retrieved from /home/huynguyen2741/airflow_venv/lib/python3.12/site-packages/airflow/example_dags/example_setup_teardown_taskflow.py
[2025-08-06T14:57:17.822-0400] {logging_mixin.py:190} INFO - [2025-08-06T14:57:17.822-0400] {dag.py:3239} INFO - Sync 1 DAGs
[2025-08-06T14:57:17.831-0400] {logging_mixin.py:190} INFO - [2025-08-06T14:57:17.830-0400] {dag.py:4180} INFO - Setting next_dagrun for example_setup_teardown_taskflow to None, run_after=None
[2025-08-06T14:57:17.846-0400] {processor.py:208} INFO - Processing /home/huynguyen2741/airflow_venv/lib/python3.12/site-packages/airflow/example_dags/example_setup_teardown_taskflow.py took 0.052 seconds
[2025-08-06T14:58:20.247-0400] {processor.py:186} INFO - Started process (PID=34375) to work on /home/huynguyen2741/airflow_venv/lib/python3.12/site-packages/airflow/example_dags/example_setup_teardown_taskflow.py
[2025-08-06T14:58:20.248-0400] {processor.py:914} INFO - Processing file /home/huynguyen2741/airflow_venv/lib/python3.12/site-packages/airflow/example_dags/example_setup_teardown_taskflow.py for tasks to queue
[2025-08-06T14:58:20.249-0400] {logging_mixin.py:190} INFO - [2025-08-06T14:58:20.249-0400] {dagbag.py:588} INFO - Filling up the DagBag from /home/huynguyen2741/airflow_venv/lib/python3.12/site-packages/airflow/example_dags/example_setup_teardown_taskflow.py
[2025-08-06T14:58:20.257-0400] {processor.py:925} INFO - DAG(s) 'example_setup_teardown_taskflow' retrieved from /home/huynguyen2741/airflow_venv/lib/python3.12/site-packages/airflow/example_dags/example_setup_teardown_taskflow.py
[2025-08-06T14:58:20.270-0400] {logging_mixin.py:190} INFO - [2025-08-06T14:58:20.270-0400] {dag.py:3239} INFO - Sync 1 DAGs
[2025-08-06T14:58:20.279-0400] {logging_mixin.py:190} INFO - [2025-08-06T14:58:20.279-0400] {dag.py:4180} INFO - Setting next_dagrun for example_setup_teardown_taskflow to None, run_after=None
[2025-08-06T14:58:20.296-0400] {processor.py:208} INFO - Processing /home/huynguyen2741/airflow_venv/lib/python3.12/site-packages/airflow/example_dags/example_setup_teardown_taskflow.py took 0.054 seconds
[2025-08-06T14:59:19.684-0400] {processor.py:186} INFO - Started process (PID=34635) to work on /home/huynguyen2741/airflow_venv/lib/python3.12/site-packages/airflow/example_dags/example_setup_teardown_taskflow.py
[2025-08-06T14:59:19.685-0400] {processor.py:914} INFO - Processing file /home/huynguyen2741/airflow_venv/lib/python3.12/site-packages/airflow/example_dags/example_setup_teardown_taskflow.py for tasks to queue
[2025-08-06T14:59:19.686-0400] {logging_mixin.py:190} INFO - [2025-08-06T14:59:19.686-0400] {dagbag.py:588} INFO - Filling up the DagBag from /home/huynguyen2741/airflow_venv/lib/python3.12/site-packages/airflow/example_dags/example_setup_teardown_taskflow.py
[2025-08-06T14:59:19.694-0400] {processor.py:925} INFO - DAG(s) 'example_setup_teardown_taskflow' retrieved from /home/huynguyen2741/airflow_venv/lib/python3.12/site-packages/airflow/example_dags/example_setup_teardown_taskflow.py
[2025-08-06T14:59:19.706-0400] {logging_mixin.py:190} INFO - [2025-08-06T14:59:19.705-0400] {dag.py:3239} INFO - Sync 1 DAGs
[2025-08-06T14:59:19.713-0400] {logging_mixin.py:190} INFO - [2025-08-06T14:59:19.713-0400] {dag.py:4180} INFO - Setting next_dagrun for example_setup_teardown_taskflow to None, run_after=None
[2025-08-06T14:59:19.729-0400] {processor.py:208} INFO - Processing /home/huynguyen2741/airflow_venv/lib/python3.12/site-packages/airflow/example_dags/example_setup_teardown_taskflow.py took 0.050 seconds
[2025-08-06T15:00:24.088-0400] {processor.py:186} INFO - Started process (PID=34865) to work on /home/huynguyen2741/airflow_venv/lib/python3.12/site-packages/airflow/example_dags/example_setup_teardown_taskflow.py
[2025-08-06T15:00:24.098-0400] {processor.py:914} INFO - Processing file /home/huynguyen2741/airflow_venv/lib/python3.12/site-packages/airflow/example_dags/example_setup_teardown_taskflow.py for tasks to queue
[2025-08-06T15:00:24.099-0400] {logging_mixin.py:190} INFO - [2025-08-06T15:00:24.099-0400] {dagbag.py:588} INFO - Filling up the DagBag from /home/huynguyen2741/airflow_venv/lib/python3.12/site-packages/airflow/example_dags/example_setup_teardown_taskflow.py
[2025-08-06T15:00:24.107-0400] {processor.py:925} INFO - DAG(s) 'example_setup_teardown_taskflow' retrieved from /home/huynguyen2741/airflow_venv/lib/python3.12/site-packages/airflow/example_dags/example_setup_teardown_taskflow.py
[2025-08-06T15:00:24.120-0400] {logging_mixin.py:190} INFO - [2025-08-06T15:00:24.119-0400] {dag.py:3239} INFO - Sync 1 DAGs
[2025-08-06T15:00:24.128-0400] {logging_mixin.py:190} INFO - [2025-08-06T15:00:24.128-0400] {dag.py:4180} INFO - Setting next_dagrun for example_setup_teardown_taskflow to None, run_after=None
[2025-08-06T15:00:24.144-0400] {processor.py:208} INFO - Processing /home/huynguyen2741/airflow_venv/lib/python3.12/site-packages/airflow/example_dags/example_setup_teardown_taskflow.py took 0.062 seconds
