[2025-08-06T13:57:20.895-0400] {processor.py:186} INFO - Started process (PID=17726) to work on /home/huynguyen2741/airflow_venv/lib/python3.12/site-packages/airflow/example_dags/example_short_circuit_operator.py
[2025-08-06T13:57:20.896-0400] {processor.py:914} INFO - Processing file /home/huynguyen2741/airflow_venv/lib/python3.12/site-packages/airflow/example_dags/example_short_circuit_operator.py for tasks to queue
[2025-08-06T13:57:20.898-0400] {logging_mixin.py:190} INFO - [2025-08-06T13:57:20.898-0400] {dagbag.py:588} INFO - Filling up the DagBag from /home/huynguyen2741/airflow_venv/lib/python3.12/site-packages/airflow/example_dags/example_short_circuit_operator.py
[2025-08-06T13:57:20.905-0400] {processor.py:925} INFO - DAG(s) 'example_short_circuit_operator' retrieved from /home/huynguyen2741/airflow_venv/lib/python3.12/site-packages/airflow/example_dags/example_short_circuit_operator.py
[2025-08-06T13:57:20.985-0400] {logging_mixin.py:190} INFO - [2025-08-06T13:57:20.984-0400] {override.py:1930} INFO - Created Permission View: can edit on DAG:example_short_circuit_operator
[2025-08-06T13:57:20.995-0400] {logging_mixin.py:190} INFO - [2025-08-06T13:57:20.994-0400] {override.py:1930} INFO - Created Permission View: can read on DAG:example_short_circuit_operator
[2025-08-06T13:57:21.003-0400] {logging_mixin.py:190} INFO - [2025-08-06T13:57:21.003-0400] {override.py:1930} INFO - Created Permission View: can delete on DAG:example_short_circuit_operator
[2025-08-06T13:57:21.018-0400] {logging_mixin.py:190} INFO - [2025-08-06T13:57:21.018-0400] {override.py:1930} INFO - Created Permission View: menu access on DAG Run:example_short_circuit_operator
[2025-08-06T13:57:21.026-0400] {logging_mixin.py:190} INFO - [2025-08-06T13:57:21.026-0400] {override.py:1930} INFO - Created Permission View: can read on DAG Run:example_short_circuit_operator
[2025-08-06T13:57:21.034-0400] {logging_mixin.py:190} INFO - [2025-08-06T13:57:21.034-0400] {override.py:1930} INFO - Created Permission View: can create on DAG Run:example_short_circuit_operator
[2025-08-06T13:57:21.042-0400] {logging_mixin.py:190} INFO - [2025-08-06T13:57:21.042-0400] {override.py:1930} INFO - Created Permission View: can delete on DAG Run:example_short_circuit_operator
[2025-08-06T13:57:21.042-0400] {logging_mixin.py:190} INFO - [2025-08-06T13:57:21.042-0400] {dag.py:3239} INFO - Sync 1 DAGs
[2025-08-06T13:57:21.051-0400] {logging_mixin.py:190} INFO - [2025-08-06T13:57:21.050-0400] {dag.py:3262} INFO - Creating ORM DAG for example_short_circuit_operator
[2025-08-06T13:57:21.051-0400] {logging_mixin.py:190} INFO - [2025-08-06T13:57:21.051-0400] {dag.py:4180} INFO - Setting next_dagrun for example_short_circuit_operator to None, run_after=None
[2025-08-06T13:57:21.067-0400] {processor.py:208} INFO - Processing /home/huynguyen2741/airflow_venv/lib/python3.12/site-packages/airflow/example_dags/example_short_circuit_operator.py took 0.176 seconds
[2025-08-06T13:58:26.144-0400] {processor.py:186} INFO - Started process (PID=17966) to work on /home/huynguyen2741/airflow_venv/lib/python3.12/site-packages/airflow/example_dags/example_short_circuit_operator.py
[2025-08-06T13:58:26.148-0400] {processor.py:914} INFO - Processing file /home/huynguyen2741/airflow_venv/lib/python3.12/site-packages/airflow/example_dags/example_short_circuit_operator.py for tasks to queue
[2025-08-06T13:58:26.149-0400] {logging_mixin.py:190} INFO - [2025-08-06T13:58:26.149-0400] {dagbag.py:588} INFO - Filling up the DagBag from /home/huynguyen2741/airflow_venv/lib/python3.12/site-packages/airflow/example_dags/example_short_circuit_operator.py
[2025-08-06T13:58:26.155-0400] {processor.py:925} INFO - DAG(s) 'example_short_circuit_operator' retrieved from /home/huynguyen2741/airflow_venv/lib/python3.12/site-packages/airflow/example_dags/example_short_circuit_operator.py
[2025-08-06T13:58:26.168-0400] {logging_mixin.py:190} INFO - [2025-08-06T13:58:26.168-0400] {dag.py:3239} INFO - Sync 1 DAGs
[2025-08-06T13:58:26.176-0400] {logging_mixin.py:190} INFO - [2025-08-06T13:58:26.176-0400] {dag.py:4180} INFO - Setting next_dagrun for example_short_circuit_operator to None, run_after=None
[2025-08-06T13:58:26.191-0400] {processor.py:208} INFO - Processing /home/huynguyen2741/airflow_venv/lib/python3.12/site-packages/airflow/example_dags/example_short_circuit_operator.py took 0.051 seconds
[2025-08-06T13:59:22.968-0400] {processor.py:186} INFO - Started process (PID=18182) to work on /home/huynguyen2741/airflow_venv/lib/python3.12/site-packages/airflow/example_dags/example_short_circuit_operator.py
[2025-08-06T13:59:22.969-0400] {processor.py:914} INFO - Processing file /home/huynguyen2741/airflow_venv/lib/python3.12/site-packages/airflow/example_dags/example_short_circuit_operator.py for tasks to queue
[2025-08-06T13:59:22.971-0400] {logging_mixin.py:190} INFO - [2025-08-06T13:59:22.971-0400] {dagbag.py:588} INFO - Filling up the DagBag from /home/huynguyen2741/airflow_venv/lib/python3.12/site-packages/airflow/example_dags/example_short_circuit_operator.py
[2025-08-06T13:59:22.977-0400] {processor.py:925} INFO - DAG(s) 'example_short_circuit_operator' retrieved from /home/huynguyen2741/airflow_venv/lib/python3.12/site-packages/airflow/example_dags/example_short_circuit_operator.py
[2025-08-06T13:59:22.989-0400] {logging_mixin.py:190} INFO - [2025-08-06T13:59:22.989-0400] {dag.py:3239} INFO - Sync 1 DAGs
[2025-08-06T13:59:22.996-0400] {logging_mixin.py:190} INFO - [2025-08-06T13:59:22.996-0400] {dag.py:4180} INFO - Setting next_dagrun for example_short_circuit_operator to None, run_after=None
[2025-08-06T13:59:23.011-0400] {processor.py:208} INFO - Processing /home/huynguyen2741/airflow_venv/lib/python3.12/site-packages/airflow/example_dags/example_short_circuit_operator.py took 0.048 seconds
[2025-08-06T14:00:26.220-0400] {processor.py:186} INFO - Started process (PID=18401) to work on /home/huynguyen2741/airflow_venv/lib/python3.12/site-packages/airflow/example_dags/example_short_circuit_operator.py
[2025-08-06T14:00:26.229-0400] {processor.py:914} INFO - Processing file /home/huynguyen2741/airflow_venv/lib/python3.12/site-packages/airflow/example_dags/example_short_circuit_operator.py for tasks to queue
[2025-08-06T14:00:26.231-0400] {logging_mixin.py:190} INFO - [2025-08-06T14:00:26.230-0400] {dagbag.py:588} INFO - Filling up the DagBag from /home/huynguyen2741/airflow_venv/lib/python3.12/site-packages/airflow/example_dags/example_short_circuit_operator.py
[2025-08-06T14:00:26.237-0400] {processor.py:925} INFO - DAG(s) 'example_short_circuit_operator' retrieved from /home/huynguyen2741/airflow_venv/lib/python3.12/site-packages/airflow/example_dags/example_short_circuit_operator.py
[2025-08-06T14:00:26.250-0400] {logging_mixin.py:190} INFO - [2025-08-06T14:00:26.250-0400] {dag.py:3239} INFO - Sync 1 DAGs
[2025-08-06T14:00:26.258-0400] {logging_mixin.py:190} INFO - [2025-08-06T14:00:26.258-0400] {dag.py:4180} INFO - Setting next_dagrun for example_short_circuit_operator to None, run_after=None
[2025-08-06T14:00:26.273-0400] {processor.py:208} INFO - Processing /home/huynguyen2741/airflow_venv/lib/python3.12/site-packages/airflow/example_dags/example_short_circuit_operator.py took 0.058 seconds
[2025-08-06T14:01:30.552-0400] {processor.py:186} INFO - Started process (PID=18628) to work on /home/huynguyen2741/airflow_venv/lib/python3.12/site-packages/airflow/example_dags/example_short_circuit_operator.py
[2025-08-06T14:01:30.553-0400] {processor.py:914} INFO - Processing file /home/huynguyen2741/airflow_venv/lib/python3.12/site-packages/airflow/example_dags/example_short_circuit_operator.py for tasks to queue
[2025-08-06T14:01:30.555-0400] {logging_mixin.py:190} INFO - [2025-08-06T14:01:30.555-0400] {dagbag.py:588} INFO - Filling up the DagBag from /home/huynguyen2741/airflow_venv/lib/python3.12/site-packages/airflow/example_dags/example_short_circuit_operator.py
[2025-08-06T14:01:30.561-0400] {processor.py:925} INFO - DAG(s) 'example_short_circuit_operator' retrieved from /home/huynguyen2741/airflow_venv/lib/python3.12/site-packages/airflow/example_dags/example_short_circuit_operator.py
[2025-08-06T14:01:30.573-0400] {logging_mixin.py:190} INFO - [2025-08-06T14:01:30.573-0400] {dag.py:3239} INFO - Sync 1 DAGs
[2025-08-06T14:01:30.581-0400] {logging_mixin.py:190} INFO - [2025-08-06T14:01:30.581-0400] {dag.py:4180} INFO - Setting next_dagrun for example_short_circuit_operator to None, run_after=None
[2025-08-06T14:01:30.596-0400] {processor.py:208} INFO - Processing /home/huynguyen2741/airflow_venv/lib/python3.12/site-packages/airflow/example_dags/example_short_circuit_operator.py took 0.048 seconds
[2025-08-06T14:02:33.185-0400] {processor.py:186} INFO - Started process (PID=18876) to work on /home/huynguyen2741/airflow_venv/lib/python3.12/site-packages/airflow/example_dags/example_short_circuit_operator.py
[2025-08-06T14:02:33.189-0400] {processor.py:914} INFO - Processing file /home/huynguyen2741/airflow_venv/lib/python3.12/site-packages/airflow/example_dags/example_short_circuit_operator.py for tasks to queue
[2025-08-06T14:02:33.191-0400] {logging_mixin.py:190} INFO - [2025-08-06T14:02:33.191-0400] {dagbag.py:588} INFO - Filling up the DagBag from /home/huynguyen2741/airflow_venv/lib/python3.12/site-packages/airflow/example_dags/example_short_circuit_operator.py
[2025-08-06T14:02:33.197-0400] {processor.py:925} INFO - DAG(s) 'example_short_circuit_operator' retrieved from /home/huynguyen2741/airflow_venv/lib/python3.12/site-packages/airflow/example_dags/example_short_circuit_operator.py
[2025-08-06T14:02:33.209-0400] {logging_mixin.py:190} INFO - [2025-08-06T14:02:33.209-0400] {dag.py:3239} INFO - Sync 1 DAGs
[2025-08-06T14:02:33.216-0400] {logging_mixin.py:190} INFO - [2025-08-06T14:02:33.216-0400] {dag.py:4180} INFO - Setting next_dagrun for example_short_circuit_operator to None, run_after=None
[2025-08-06T14:02:33.234-0400] {processor.py:208} INFO - Processing /home/huynguyen2741/airflow_venv/lib/python3.12/site-packages/airflow/example_dags/example_short_circuit_operator.py took 0.053 seconds
[2025-08-06T14:03:32.089-0400] {processor.py:186} INFO - Started process (PID=19096) to work on /home/huynguyen2741/airflow_venv/lib/python3.12/site-packages/airflow/example_dags/example_short_circuit_operator.py
[2025-08-06T14:03:32.092-0400] {processor.py:914} INFO - Processing file /home/huynguyen2741/airflow_venv/lib/python3.12/site-packages/airflow/example_dags/example_short_circuit_operator.py for tasks to queue
[2025-08-06T14:03:32.094-0400] {logging_mixin.py:190} INFO - [2025-08-06T14:03:32.093-0400] {dagbag.py:588} INFO - Filling up the DagBag from /home/huynguyen2741/airflow_venv/lib/python3.12/site-packages/airflow/example_dags/example_short_circuit_operator.py
[2025-08-06T14:03:32.100-0400] {processor.py:925} INFO - DAG(s) 'example_short_circuit_operator' retrieved from /home/huynguyen2741/airflow_venv/lib/python3.12/site-packages/airflow/example_dags/example_short_circuit_operator.py
[2025-08-06T14:03:32.114-0400] {logging_mixin.py:190} INFO - [2025-08-06T14:03:32.113-0400] {dag.py:3239} INFO - Sync 1 DAGs
[2025-08-06T14:03:32.123-0400] {logging_mixin.py:190} INFO - [2025-08-06T14:03:32.123-0400] {dag.py:4180} INFO - Setting next_dagrun for example_short_circuit_operator to None, run_after=None
[2025-08-06T14:03:32.140-0400] {processor.py:208} INFO - Processing /home/huynguyen2741/airflow_venv/lib/python3.12/site-packages/airflow/example_dags/example_short_circuit_operator.py took 0.056 seconds
[2025-08-06T14:04:34.258-0400] {processor.py:186} INFO - Started process (PID=19316) to work on /home/huynguyen2741/airflow_venv/lib/python3.12/site-packages/airflow/example_dags/example_short_circuit_operator.py
[2025-08-06T14:04:34.259-0400] {processor.py:914} INFO - Processing file /home/huynguyen2741/airflow_venv/lib/python3.12/site-packages/airflow/example_dags/example_short_circuit_operator.py for tasks to queue
[2025-08-06T14:04:34.261-0400] {logging_mixin.py:190} INFO - [2025-08-06T14:04:34.261-0400] {dagbag.py:588} INFO - Filling up the DagBag from /home/huynguyen2741/airflow_venv/lib/python3.12/site-packages/airflow/example_dags/example_short_circuit_operator.py
[2025-08-06T14:04:34.267-0400] {processor.py:925} INFO - DAG(s) 'example_short_circuit_operator' retrieved from /home/huynguyen2741/airflow_venv/lib/python3.12/site-packages/airflow/example_dags/example_short_circuit_operator.py
[2025-08-06T14:04:34.278-0400] {logging_mixin.py:190} INFO - [2025-08-06T14:04:34.278-0400] {dag.py:3239} INFO - Sync 1 DAGs
[2025-08-06T14:04:34.286-0400] {logging_mixin.py:190} INFO - [2025-08-06T14:04:34.286-0400] {dag.py:4180} INFO - Setting next_dagrun for example_short_circuit_operator to None, run_after=None
[2025-08-06T14:04:34.300-0400] {processor.py:208} INFO - Processing /home/huynguyen2741/airflow_venv/lib/python3.12/site-packages/airflow/example_dags/example_short_circuit_operator.py took 0.047 seconds
[2025-08-06T14:05:38.151-0400] {processor.py:186} INFO - Started process (PID=19694) to work on /home/huynguyen2741/airflow_venv/lib/python3.12/site-packages/airflow/example_dags/example_short_circuit_operator.py
[2025-08-06T14:05:38.155-0400] {processor.py:914} INFO - Processing file /home/huynguyen2741/airflow_venv/lib/python3.12/site-packages/airflow/example_dags/example_short_circuit_operator.py for tasks to queue
[2025-08-06T14:05:38.157-0400] {logging_mixin.py:190} INFO - [2025-08-06T14:05:38.157-0400] {dagbag.py:588} INFO - Filling up the DagBag from /home/huynguyen2741/airflow_venv/lib/python3.12/site-packages/airflow/example_dags/example_short_circuit_operator.py
[2025-08-06T14:05:38.164-0400] {processor.py:925} INFO - DAG(s) 'example_short_circuit_operator' retrieved from /home/huynguyen2741/airflow_venv/lib/python3.12/site-packages/airflow/example_dags/example_short_circuit_operator.py
[2025-08-06T14:05:38.177-0400] {logging_mixin.py:190} INFO - [2025-08-06T14:05:38.177-0400] {dag.py:3239} INFO - Sync 1 DAGs
[2025-08-06T14:05:38.185-0400] {logging_mixin.py:190} INFO - [2025-08-06T14:05:38.185-0400] {dag.py:4180} INFO - Setting next_dagrun for example_short_circuit_operator to None, run_after=None
[2025-08-06T14:05:38.199-0400] {processor.py:208} INFO - Processing /home/huynguyen2741/airflow_venv/lib/python3.12/site-packages/airflow/example_dags/example_short_circuit_operator.py took 0.053 seconds
[2025-08-06T14:06:43.837-0400] {processor.py:186} INFO - Started process (PID=19921) to work on /home/huynguyen2741/airflow_venv/lib/python3.12/site-packages/airflow/example_dags/example_short_circuit_operator.py
[2025-08-06T14:06:43.838-0400] {processor.py:914} INFO - Processing file /home/huynguyen2741/airflow_venv/lib/python3.12/site-packages/airflow/example_dags/example_short_circuit_operator.py for tasks to queue
[2025-08-06T14:06:43.840-0400] {logging_mixin.py:190} INFO - [2025-08-06T14:06:43.840-0400] {dagbag.py:588} INFO - Filling up the DagBag from /home/huynguyen2741/airflow_venv/lib/python3.12/site-packages/airflow/example_dags/example_short_circuit_operator.py
[2025-08-06T14:06:43.847-0400] {processor.py:925} INFO - DAG(s) 'example_short_circuit_operator' retrieved from /home/huynguyen2741/airflow_venv/lib/python3.12/site-packages/airflow/example_dags/example_short_circuit_operator.py
[2025-08-06T14:06:43.860-0400] {logging_mixin.py:190} INFO - [2025-08-06T14:06:43.860-0400] {dag.py:3239} INFO - Sync 1 DAGs
[2025-08-06T14:06:43.868-0400] {logging_mixin.py:190} INFO - [2025-08-06T14:06:43.868-0400] {dag.py:4180} INFO - Setting next_dagrun for example_short_circuit_operator to None, run_after=None
[2025-08-06T14:06:43.972-0400] {processor.py:208} INFO - Processing /home/huynguyen2741/airflow_venv/lib/python3.12/site-packages/airflow/example_dags/example_short_circuit_operator.py took 0.139 seconds
[2025-08-06T14:07:51.631-0400] {processor.py:186} INFO - Started process (PID=20158) to work on /home/huynguyen2741/airflow_venv/lib/python3.12/site-packages/airflow/example_dags/example_short_circuit_operator.py
[2025-08-06T14:07:51.632-0400] {processor.py:914} INFO - Processing file /home/huynguyen2741/airflow_venv/lib/python3.12/site-packages/airflow/example_dags/example_short_circuit_operator.py for tasks to queue
[2025-08-06T14:07:51.634-0400] {logging_mixin.py:190} INFO - [2025-08-06T14:07:51.633-0400] {dagbag.py:588} INFO - Filling up the DagBag from /home/huynguyen2741/airflow_venv/lib/python3.12/site-packages/airflow/example_dags/example_short_circuit_operator.py
[2025-08-06T14:07:51.640-0400] {processor.py:925} INFO - DAG(s) 'example_short_circuit_operator' retrieved from /home/huynguyen2741/airflow_venv/lib/python3.12/site-packages/airflow/example_dags/example_short_circuit_operator.py
[2025-08-06T14:07:51.653-0400] {logging_mixin.py:190} INFO - [2025-08-06T14:07:51.652-0400] {dag.py:3239} INFO - Sync 1 DAGs
[2025-08-06T14:07:51.661-0400] {logging_mixin.py:190} INFO - [2025-08-06T14:07:51.661-0400] {dag.py:4180} INFO - Setting next_dagrun for example_short_circuit_operator to None, run_after=None
[2025-08-06T14:07:51.764-0400] {processor.py:208} INFO - Processing /home/huynguyen2741/airflow_venv/lib/python3.12/site-packages/airflow/example_dags/example_short_circuit_operator.py took 0.138 seconds
[2025-08-06T14:08:54.541-0400] {processor.py:186} INFO - Started process (PID=20525) to work on /home/huynguyen2741/airflow_venv/lib/python3.12/site-packages/airflow/example_dags/example_short_circuit_operator.py
[2025-08-06T14:08:54.542-0400] {processor.py:914} INFO - Processing file /home/huynguyen2741/airflow_venv/lib/python3.12/site-packages/airflow/example_dags/example_short_circuit_operator.py for tasks to queue
[2025-08-06T14:08:54.543-0400] {logging_mixin.py:190} INFO - [2025-08-06T14:08:54.543-0400] {dagbag.py:588} INFO - Filling up the DagBag from /home/huynguyen2741/airflow_venv/lib/python3.12/site-packages/airflow/example_dags/example_short_circuit_operator.py
[2025-08-06T14:08:54.550-0400] {processor.py:925} INFO - DAG(s) 'example_short_circuit_operator' retrieved from /home/huynguyen2741/airflow_venv/lib/python3.12/site-packages/airflow/example_dags/example_short_circuit_operator.py
[2025-08-06T14:08:54.562-0400] {logging_mixin.py:190} INFO - [2025-08-06T14:08:54.562-0400] {dag.py:3239} INFO - Sync 1 DAGs
[2025-08-06T14:08:54.569-0400] {logging_mixin.py:190} INFO - [2025-08-06T14:08:54.569-0400] {dag.py:4180} INFO - Setting next_dagrun for example_short_circuit_operator to None, run_after=None
[2025-08-06T14:08:54.585-0400] {processor.py:208} INFO - Processing /home/huynguyen2741/airflow_venv/lib/python3.12/site-packages/airflow/example_dags/example_short_circuit_operator.py took 0.049 seconds
[2025-08-06T14:10:04.072-0400] {processor.py:186} INFO - Started process (PID=21017) to work on /home/huynguyen2741/airflow_venv/lib/python3.12/site-packages/airflow/example_dags/example_short_circuit_operator.py
[2025-08-06T14:10:04.077-0400] {processor.py:914} INFO - Processing file /home/huynguyen2741/airflow_venv/lib/python3.12/site-packages/airflow/example_dags/example_short_circuit_operator.py for tasks to queue
[2025-08-06T14:10:04.079-0400] {logging_mixin.py:190} INFO - [2025-08-06T14:10:04.078-0400] {dagbag.py:588} INFO - Filling up the DagBag from /home/huynguyen2741/airflow_venv/lib/python3.12/site-packages/airflow/example_dags/example_short_circuit_operator.py
[2025-08-06T14:10:04.085-0400] {processor.py:925} INFO - DAG(s) 'example_short_circuit_operator' retrieved from /home/huynguyen2741/airflow_venv/lib/python3.12/site-packages/airflow/example_dags/example_short_circuit_operator.py
[2025-08-06T14:10:04.097-0400] {logging_mixin.py:190} INFO - [2025-08-06T14:10:04.097-0400] {dag.py:3239} INFO - Sync 1 DAGs
[2025-08-06T14:10:04.105-0400] {logging_mixin.py:190} INFO - [2025-08-06T14:10:04.105-0400] {dag.py:4180} INFO - Setting next_dagrun for example_short_circuit_operator to None, run_after=None
[2025-08-06T14:10:04.121-0400] {processor.py:208} INFO - Processing /home/huynguyen2741/airflow_venv/lib/python3.12/site-packages/airflow/example_dags/example_short_circuit_operator.py took 0.053 seconds
[2025-08-06T14:11:05.888-0400] {processor.py:186} INFO - Started process (PID=21309) to work on /home/huynguyen2741/airflow_venv/lib/python3.12/site-packages/airflow/example_dags/example_short_circuit_operator.py
[2025-08-06T14:11:05.889-0400] {processor.py:914} INFO - Processing file /home/huynguyen2741/airflow_venv/lib/python3.12/site-packages/airflow/example_dags/example_short_circuit_operator.py for tasks to queue
[2025-08-06T14:11:05.891-0400] {logging_mixin.py:190} INFO - [2025-08-06T14:11:05.890-0400] {dagbag.py:588} INFO - Filling up the DagBag from /home/huynguyen2741/airflow_venv/lib/python3.12/site-packages/airflow/example_dags/example_short_circuit_operator.py
[2025-08-06T14:11:05.897-0400] {processor.py:925} INFO - DAG(s) 'example_short_circuit_operator' retrieved from /home/huynguyen2741/airflow_venv/lib/python3.12/site-packages/airflow/example_dags/example_short_circuit_operator.py
[2025-08-06T14:11:05.911-0400] {logging_mixin.py:190} INFO - [2025-08-06T14:11:05.911-0400] {dag.py:3239} INFO - Sync 1 DAGs
[2025-08-06T14:11:05.921-0400] {logging_mixin.py:190} INFO - [2025-08-06T14:11:05.921-0400] {dag.py:4180} INFO - Setting next_dagrun for example_short_circuit_operator to None, run_after=None
[2025-08-06T14:11:05.939-0400] {processor.py:208} INFO - Processing /home/huynguyen2741/airflow_venv/lib/python3.12/site-packages/airflow/example_dags/example_short_circuit_operator.py took 0.056 seconds
[2025-08-06T14:12:12.513-0400] {processor.py:186} INFO - Started process (PID=21612) to work on /home/huynguyen2741/airflow_venv/lib/python3.12/site-packages/airflow/example_dags/example_short_circuit_operator.py
[2025-08-06T14:12:12.514-0400] {processor.py:914} INFO - Processing file /home/huynguyen2741/airflow_venv/lib/python3.12/site-packages/airflow/example_dags/example_short_circuit_operator.py for tasks to queue
[2025-08-06T14:12:12.515-0400] {logging_mixin.py:190} INFO - [2025-08-06T14:12:12.515-0400] {dagbag.py:588} INFO - Filling up the DagBag from /home/huynguyen2741/airflow_venv/lib/python3.12/site-packages/airflow/example_dags/example_short_circuit_operator.py
[2025-08-06T14:12:12.523-0400] {processor.py:925} INFO - DAG(s) 'example_short_circuit_operator' retrieved from /home/huynguyen2741/airflow_venv/lib/python3.12/site-packages/airflow/example_dags/example_short_circuit_operator.py
[2025-08-06T14:12:12.541-0400] {logging_mixin.py:190} INFO - [2025-08-06T14:12:12.541-0400] {dag.py:3239} INFO - Sync 1 DAGs
[2025-08-06T14:12:12.552-0400] {logging_mixin.py:190} INFO - [2025-08-06T14:12:12.552-0400] {dag.py:4180} INFO - Setting next_dagrun for example_short_circuit_operator to None, run_after=None
[2025-08-06T14:12:12.570-0400] {processor.py:208} INFO - Processing /home/huynguyen2741/airflow_venv/lib/python3.12/site-packages/airflow/example_dags/example_short_circuit_operator.py took 0.061 seconds
[2025-08-06T14:13:16.125-0400] {processor.py:186} INFO - Started process (PID=22035) to work on /home/huynguyen2741/airflow_venv/lib/python3.12/site-packages/airflow/example_dags/example_short_circuit_operator.py
[2025-08-06T14:13:16.129-0400] {processor.py:914} INFO - Processing file /home/huynguyen2741/airflow_venv/lib/python3.12/site-packages/airflow/example_dags/example_short_circuit_operator.py for tasks to queue
[2025-08-06T14:13:16.131-0400] {logging_mixin.py:190} INFO - [2025-08-06T14:13:16.130-0400] {dagbag.py:588} INFO - Filling up the DagBag from /home/huynguyen2741/airflow_venv/lib/python3.12/site-packages/airflow/example_dags/example_short_circuit_operator.py
[2025-08-06T14:13:16.137-0400] {processor.py:925} INFO - DAG(s) 'example_short_circuit_operator' retrieved from /home/huynguyen2741/airflow_venv/lib/python3.12/site-packages/airflow/example_dags/example_short_circuit_operator.py
[2025-08-06T14:13:16.150-0400] {logging_mixin.py:190} INFO - [2025-08-06T14:13:16.150-0400] {dag.py:3239} INFO - Sync 1 DAGs
[2025-08-06T14:13:16.158-0400] {logging_mixin.py:190} INFO - [2025-08-06T14:13:16.158-0400] {dag.py:4180} INFO - Setting next_dagrun for example_short_circuit_operator to None, run_after=None
[2025-08-06T14:13:16.174-0400] {processor.py:208} INFO - Processing /home/huynguyen2741/airflow_venv/lib/python3.12/site-packages/airflow/example_dags/example_short_circuit_operator.py took 0.053 seconds
[2025-08-06T14:14:19.571-0400] {processor.py:186} INFO - Started process (PID=22416) to work on /home/huynguyen2741/airflow_venv/lib/python3.12/site-packages/airflow/example_dags/example_short_circuit_operator.py
[2025-08-06T14:14:19.575-0400] {processor.py:914} INFO - Processing file /home/huynguyen2741/airflow_venv/lib/python3.12/site-packages/airflow/example_dags/example_short_circuit_operator.py for tasks to queue
[2025-08-06T14:14:19.576-0400] {logging_mixin.py:190} INFO - [2025-08-06T14:14:19.575-0400] {dagbag.py:588} INFO - Filling up the DagBag from /home/huynguyen2741/airflow_venv/lib/python3.12/site-packages/airflow/example_dags/example_short_circuit_operator.py
[2025-08-06T14:14:19.582-0400] {processor.py:925} INFO - DAG(s) 'example_short_circuit_operator' retrieved from /home/huynguyen2741/airflow_venv/lib/python3.12/site-packages/airflow/example_dags/example_short_circuit_operator.py
[2025-08-06T14:14:19.595-0400] {logging_mixin.py:190} INFO - [2025-08-06T14:14:19.595-0400] {dag.py:3239} INFO - Sync 1 DAGs
[2025-08-06T14:14:19.603-0400] {logging_mixin.py:190} INFO - [2025-08-06T14:14:19.603-0400] {dag.py:4180} INFO - Setting next_dagrun for example_short_circuit_operator to None, run_after=None
[2025-08-06T14:14:19.620-0400] {processor.py:208} INFO - Processing /home/huynguyen2741/airflow_venv/lib/python3.12/site-packages/airflow/example_dags/example_short_circuit_operator.py took 0.053 seconds
[2025-08-06T14:15:22.792-0400] {processor.py:186} INFO - Started process (PID=22796) to work on /home/huynguyen2741/airflow_venv/lib/python3.12/site-packages/airflow/example_dags/example_short_circuit_operator.py
[2025-08-06T14:15:22.793-0400] {processor.py:914} INFO - Processing file /home/huynguyen2741/airflow_venv/lib/python3.12/site-packages/airflow/example_dags/example_short_circuit_operator.py for tasks to queue
[2025-08-06T14:15:22.794-0400] {logging_mixin.py:190} INFO - [2025-08-06T14:15:22.794-0400] {dagbag.py:588} INFO - Filling up the DagBag from /home/huynguyen2741/airflow_venv/lib/python3.12/site-packages/airflow/example_dags/example_short_circuit_operator.py
[2025-08-06T14:15:22.801-0400] {processor.py:925} INFO - DAG(s) 'example_short_circuit_operator' retrieved from /home/huynguyen2741/airflow_venv/lib/python3.12/site-packages/airflow/example_dags/example_short_circuit_operator.py
[2025-08-06T14:15:22.814-0400] {logging_mixin.py:190} INFO - [2025-08-06T14:15:22.813-0400] {dag.py:3239} INFO - Sync 1 DAGs
[2025-08-06T14:15:22.822-0400] {logging_mixin.py:190} INFO - [2025-08-06T14:15:22.822-0400] {dag.py:4180} INFO - Setting next_dagrun for example_short_circuit_operator to None, run_after=None
[2025-08-06T14:15:22.839-0400] {processor.py:208} INFO - Processing /home/huynguyen2741/airflow_venv/lib/python3.12/site-packages/airflow/example_dags/example_short_circuit_operator.py took 0.051 seconds
[2025-08-06T14:16:24.708-0400] {processor.py:186} INFO - Started process (PID=23108) to work on /home/huynguyen2741/airflow_venv/lib/python3.12/site-packages/airflow/example_dags/example_short_circuit_operator.py
[2025-08-06T14:16:24.718-0400] {processor.py:914} INFO - Processing file /home/huynguyen2741/airflow_venv/lib/python3.12/site-packages/airflow/example_dags/example_short_circuit_operator.py for tasks to queue
[2025-08-06T14:16:24.719-0400] {logging_mixin.py:190} INFO - [2025-08-06T14:16:24.719-0400] {dagbag.py:588} INFO - Filling up the DagBag from /home/huynguyen2741/airflow_venv/lib/python3.12/site-packages/airflow/example_dags/example_short_circuit_operator.py
[2025-08-06T14:16:24.726-0400] {processor.py:925} INFO - DAG(s) 'example_short_circuit_operator' retrieved from /home/huynguyen2741/airflow_venv/lib/python3.12/site-packages/airflow/example_dags/example_short_circuit_operator.py
[2025-08-06T14:16:24.738-0400] {logging_mixin.py:190} INFO - [2025-08-06T14:16:24.738-0400] {dag.py:3239} INFO - Sync 1 DAGs
[2025-08-06T14:16:24.746-0400] {logging_mixin.py:190} INFO - [2025-08-06T14:16:24.746-0400] {dag.py:4180} INFO - Setting next_dagrun for example_short_circuit_operator to None, run_after=None
[2025-08-06T14:16:24.762-0400] {processor.py:208} INFO - Processing /home/huynguyen2741/airflow_venv/lib/python3.12/site-packages/airflow/example_dags/example_short_circuit_operator.py took 0.058 seconds
[2025-08-06T14:17:32.405-0400] {processor.py:186} INFO - Started process (PID=23358) to work on /home/huynguyen2741/airflow_venv/lib/python3.12/site-packages/airflow/example_dags/example_short_circuit_operator.py
[2025-08-06T14:17:32.406-0400] {processor.py:914} INFO - Processing file /home/huynguyen2741/airflow_venv/lib/python3.12/site-packages/airflow/example_dags/example_short_circuit_operator.py for tasks to queue
[2025-08-06T14:17:32.407-0400] {logging_mixin.py:190} INFO - [2025-08-06T14:17:32.406-0400] {dagbag.py:588} INFO - Filling up the DagBag from /home/huynguyen2741/airflow_venv/lib/python3.12/site-packages/airflow/example_dags/example_short_circuit_operator.py
[2025-08-06T14:17:32.413-0400] {processor.py:925} INFO - DAG(s) 'example_short_circuit_operator' retrieved from /home/huynguyen2741/airflow_venv/lib/python3.12/site-packages/airflow/example_dags/example_short_circuit_operator.py
[2025-08-06T14:17:32.428-0400] {logging_mixin.py:190} INFO - [2025-08-06T14:17:32.428-0400] {dag.py:3239} INFO - Sync 1 DAGs
[2025-08-06T14:17:32.438-0400] {logging_mixin.py:190} INFO - [2025-08-06T14:17:32.438-0400] {dag.py:4180} INFO - Setting next_dagrun for example_short_circuit_operator to None, run_after=None
[2025-08-06T14:17:32.455-0400] {processor.py:208} INFO - Processing /home/huynguyen2741/airflow_venv/lib/python3.12/site-packages/airflow/example_dags/example_short_circuit_operator.py took 0.055 seconds
[2025-08-06T14:18:38.632-0400] {processor.py:186} INFO - Started process (PID=23597) to work on /home/huynguyen2741/airflow_venv/lib/python3.12/site-packages/airflow/example_dags/example_short_circuit_operator.py
[2025-08-06T14:18:38.633-0400] {processor.py:914} INFO - Processing file /home/huynguyen2741/airflow_venv/lib/python3.12/site-packages/airflow/example_dags/example_short_circuit_operator.py for tasks to queue
[2025-08-06T14:18:38.635-0400] {logging_mixin.py:190} INFO - [2025-08-06T14:18:38.634-0400] {dagbag.py:588} INFO - Filling up the DagBag from /home/huynguyen2741/airflow_venv/lib/python3.12/site-packages/airflow/example_dags/example_short_circuit_operator.py
[2025-08-06T14:18:38.642-0400] {processor.py:925} INFO - DAG(s) 'example_short_circuit_operator' retrieved from /home/huynguyen2741/airflow_venv/lib/python3.12/site-packages/airflow/example_dags/example_short_circuit_operator.py
[2025-08-06T14:18:38.654-0400] {logging_mixin.py:190} INFO - [2025-08-06T14:18:38.654-0400] {dag.py:3239} INFO - Sync 1 DAGs
[2025-08-06T14:18:38.663-0400] {logging_mixin.py:190} INFO - [2025-08-06T14:18:38.663-0400] {dag.py:4180} INFO - Setting next_dagrun for example_short_circuit_operator to None, run_after=None
[2025-08-06T14:18:38.680-0400] {processor.py:208} INFO - Processing /home/huynguyen2741/airflow_venv/lib/python3.12/site-packages/airflow/example_dags/example_short_circuit_operator.py took 0.052 seconds
[2025-08-06T14:19:40.437-0400] {processor.py:186} INFO - Started process (PID=23860) to work on /home/huynguyen2741/airflow_venv/lib/python3.12/site-packages/airflow/example_dags/example_short_circuit_operator.py
[2025-08-06T14:19:40.447-0400] {processor.py:914} INFO - Processing file /home/huynguyen2741/airflow_venv/lib/python3.12/site-packages/airflow/example_dags/example_short_circuit_operator.py for tasks to queue
[2025-08-06T14:19:40.448-0400] {logging_mixin.py:190} INFO - [2025-08-06T14:19:40.448-0400] {dagbag.py:588} INFO - Filling up the DagBag from /home/huynguyen2741/airflow_venv/lib/python3.12/site-packages/airflow/example_dags/example_short_circuit_operator.py
[2025-08-06T14:19:40.455-0400] {processor.py:925} INFO - DAG(s) 'example_short_circuit_operator' retrieved from /home/huynguyen2741/airflow_venv/lib/python3.12/site-packages/airflow/example_dags/example_short_circuit_operator.py
[2025-08-06T14:19:40.471-0400] {logging_mixin.py:190} INFO - [2025-08-06T14:19:40.470-0400] {dag.py:3239} INFO - Sync 1 DAGs
[2025-08-06T14:19:40.482-0400] {logging_mixin.py:190} INFO - [2025-08-06T14:19:40.482-0400] {dag.py:4180} INFO - Setting next_dagrun for example_short_circuit_operator to None, run_after=None
[2025-08-06T14:19:40.499-0400] {processor.py:208} INFO - Processing /home/huynguyen2741/airflow_venv/lib/python3.12/site-packages/airflow/example_dags/example_short_circuit_operator.py took 0.067 seconds
[2025-08-06T14:20:44.711-0400] {processor.py:186} INFO - Started process (PID=24089) to work on /home/huynguyen2741/airflow_venv/lib/python3.12/site-packages/airflow/example_dags/example_short_circuit_operator.py
[2025-08-06T14:20:44.712-0400] {processor.py:914} INFO - Processing file /home/huynguyen2741/airflow_venv/lib/python3.12/site-packages/airflow/example_dags/example_short_circuit_operator.py for tasks to queue
[2025-08-06T14:20:44.713-0400] {logging_mixin.py:190} INFO - [2025-08-06T14:20:44.713-0400] {dagbag.py:588} INFO - Filling up the DagBag from /home/huynguyen2741/airflow_venv/lib/python3.12/site-packages/airflow/example_dags/example_short_circuit_operator.py
[2025-08-06T14:20:44.720-0400] {processor.py:925} INFO - DAG(s) 'example_short_circuit_operator' retrieved from /home/huynguyen2741/airflow_venv/lib/python3.12/site-packages/airflow/example_dags/example_short_circuit_operator.py
[2025-08-06T14:20:44.737-0400] {logging_mixin.py:190} INFO - [2025-08-06T14:20:44.737-0400] {dag.py:3239} INFO - Sync 1 DAGs
[2025-08-06T14:20:44.747-0400] {logging_mixin.py:190} INFO - [2025-08-06T14:20:44.747-0400] {dag.py:4180} INFO - Setting next_dagrun for example_short_circuit_operator to None, run_after=None
[2025-08-06T14:20:44.764-0400] {processor.py:208} INFO - Processing /home/huynguyen2741/airflow_venv/lib/python3.12/site-packages/airflow/example_dags/example_short_circuit_operator.py took 0.057 seconds
[2025-08-06T14:21:53.685-0400] {processor.py:186} INFO - Started process (PID=24334) to work on /home/huynguyen2741/airflow_venv/lib/python3.12/site-packages/airflow/example_dags/example_short_circuit_operator.py
[2025-08-06T14:21:53.690-0400] {processor.py:914} INFO - Processing file /home/huynguyen2741/airflow_venv/lib/python3.12/site-packages/airflow/example_dags/example_short_circuit_operator.py for tasks to queue
[2025-08-06T14:21:53.691-0400] {logging_mixin.py:190} INFO - [2025-08-06T14:21:53.690-0400] {dagbag.py:588} INFO - Filling up the DagBag from /home/huynguyen2741/airflow_venv/lib/python3.12/site-packages/airflow/example_dags/example_short_circuit_operator.py
[2025-08-06T14:21:53.697-0400] {processor.py:925} INFO - DAG(s) 'example_short_circuit_operator' retrieved from /home/huynguyen2741/airflow_venv/lib/python3.12/site-packages/airflow/example_dags/example_short_circuit_operator.py
[2025-08-06T14:21:53.710-0400] {logging_mixin.py:190} INFO - [2025-08-06T14:21:53.710-0400] {dag.py:3239} INFO - Sync 1 DAGs
[2025-08-06T14:21:53.718-0400] {logging_mixin.py:190} INFO - [2025-08-06T14:21:53.718-0400] {dag.py:4180} INFO - Setting next_dagrun for example_short_circuit_operator to None, run_after=None
[2025-08-06T14:21:53.733-0400] {processor.py:208} INFO - Processing /home/huynguyen2741/airflow_venv/lib/python3.12/site-packages/airflow/example_dags/example_short_circuit_operator.py took 0.052 seconds
[2025-08-06T14:22:59.980-0400] {processor.py:186} INFO - Started process (PID=24767) to work on /home/huynguyen2741/airflow_venv/lib/python3.12/site-packages/airflow/example_dags/example_short_circuit_operator.py
[2025-08-06T14:22:59.984-0400] {processor.py:914} INFO - Processing file /home/huynguyen2741/airflow_venv/lib/python3.12/site-packages/airflow/example_dags/example_short_circuit_operator.py for tasks to queue
[2025-08-06T14:22:59.985-0400] {logging_mixin.py:190} INFO - [2025-08-06T14:22:59.985-0400] {dagbag.py:588} INFO - Filling up the DagBag from /home/huynguyen2741/airflow_venv/lib/python3.12/site-packages/airflow/example_dags/example_short_circuit_operator.py
[2025-08-06T14:22:59.992-0400] {processor.py:925} INFO - DAG(s) 'example_short_circuit_operator' retrieved from /home/huynguyen2741/airflow_venv/lib/python3.12/site-packages/airflow/example_dags/example_short_circuit_operator.py
[2025-08-06T14:23:00.004-0400] {logging_mixin.py:190} INFO - [2025-08-06T14:23:00.004-0400] {dag.py:3239} INFO - Sync 1 DAGs
[2025-08-06T14:23:00.012-0400] {logging_mixin.py:190} INFO - [2025-08-06T14:23:00.012-0400] {dag.py:4180} INFO - Setting next_dagrun for example_short_circuit_operator to None, run_after=None
[2025-08-06T14:23:00.027-0400] {processor.py:208} INFO - Processing /home/huynguyen2741/airflow_venv/lib/python3.12/site-packages/airflow/example_dags/example_short_circuit_operator.py took 0.052 seconds
[2025-08-06T14:24:00.260-0400] {processor.py:186} INFO - Started process (PID=25150) to work on /home/huynguyen2741/airflow_venv/lib/python3.12/site-packages/airflow/example_dags/example_short_circuit_operator.py
[2025-08-06T14:24:00.264-0400] {processor.py:914} INFO - Processing file /home/huynguyen2741/airflow_venv/lib/python3.12/site-packages/airflow/example_dags/example_short_circuit_operator.py for tasks to queue
[2025-08-06T14:24:00.266-0400] {logging_mixin.py:190} INFO - [2025-08-06T14:24:00.265-0400] {dagbag.py:588} INFO - Filling up the DagBag from /home/huynguyen2741/airflow_venv/lib/python3.12/site-packages/airflow/example_dags/example_short_circuit_operator.py
[2025-08-06T14:24:00.272-0400] {processor.py:925} INFO - DAG(s) 'example_short_circuit_operator' retrieved from /home/huynguyen2741/airflow_venv/lib/python3.12/site-packages/airflow/example_dags/example_short_circuit_operator.py
[2025-08-06T14:24:00.285-0400] {logging_mixin.py:190} INFO - [2025-08-06T14:24:00.285-0400] {dag.py:3239} INFO - Sync 1 DAGs
[2025-08-06T14:24:00.293-0400] {logging_mixin.py:190} INFO - [2025-08-06T14:24:00.292-0400] {dag.py:4180} INFO - Setting next_dagrun for example_short_circuit_operator to None, run_after=None
[2025-08-06T14:24:00.308-0400] {processor.py:208} INFO - Processing /home/huynguyen2741/airflow_venv/lib/python3.12/site-packages/airflow/example_dags/example_short_circuit_operator.py took 0.054 seconds
[2025-08-06T14:25:06.300-0400] {processor.py:186} INFO - Started process (PID=25489) to work on /home/huynguyen2741/airflow_venv/lib/python3.12/site-packages/airflow/example_dags/example_short_circuit_operator.py
[2025-08-06T14:25:06.303-0400] {processor.py:914} INFO - Processing file /home/huynguyen2741/airflow_venv/lib/python3.12/site-packages/airflow/example_dags/example_short_circuit_operator.py for tasks to queue
[2025-08-06T14:25:06.305-0400] {logging_mixin.py:190} INFO - [2025-08-06T14:25:06.304-0400] {dagbag.py:588} INFO - Filling up the DagBag from /home/huynguyen2741/airflow_venv/lib/python3.12/site-packages/airflow/example_dags/example_short_circuit_operator.py
[2025-08-06T14:25:06.314-0400] {processor.py:925} INFO - DAG(s) 'example_short_circuit_operator' retrieved from /home/huynguyen2741/airflow_venv/lib/python3.12/site-packages/airflow/example_dags/example_short_circuit_operator.py
[2025-08-06T14:25:06.329-0400] {logging_mixin.py:190} INFO - [2025-08-06T14:25:06.328-0400] {dag.py:3239} INFO - Sync 1 DAGs
[2025-08-06T14:25:06.339-0400] {logging_mixin.py:190} INFO - [2025-08-06T14:25:06.339-0400] {dag.py:4180} INFO - Setting next_dagrun for example_short_circuit_operator to None, run_after=None
[2025-08-06T14:25:06.357-0400] {processor.py:208} INFO - Processing /home/huynguyen2741/airflow_venv/lib/python3.12/site-packages/airflow/example_dags/example_short_circuit_operator.py took 0.064 seconds
[2025-08-06T14:26:08.747-0400] {processor.py:186} INFO - Started process (PID=25756) to work on /home/huynguyen2741/airflow_venv/lib/python3.12/site-packages/airflow/example_dags/example_short_circuit_operator.py
[2025-08-06T14:26:08.748-0400] {processor.py:914} INFO - Processing file /home/huynguyen2741/airflow_venv/lib/python3.12/site-packages/airflow/example_dags/example_short_circuit_operator.py for tasks to queue
[2025-08-06T14:26:08.749-0400] {logging_mixin.py:190} INFO - [2025-08-06T14:26:08.748-0400] {dagbag.py:588} INFO - Filling up the DagBag from /home/huynguyen2741/airflow_venv/lib/python3.12/site-packages/airflow/example_dags/example_short_circuit_operator.py
[2025-08-06T14:26:08.755-0400] {processor.py:925} INFO - DAG(s) 'example_short_circuit_operator' retrieved from /home/huynguyen2741/airflow_venv/lib/python3.12/site-packages/airflow/example_dags/example_short_circuit_operator.py
[2025-08-06T14:26:08.768-0400] {logging_mixin.py:190} INFO - [2025-08-06T14:26:08.767-0400] {dag.py:3239} INFO - Sync 1 DAGs
[2025-08-06T14:26:08.776-0400] {logging_mixin.py:190} INFO - [2025-08-06T14:26:08.775-0400] {dag.py:4180} INFO - Setting next_dagrun for example_short_circuit_operator to None, run_after=None
[2025-08-06T14:26:08.791-0400] {processor.py:208} INFO - Processing /home/huynguyen2741/airflow_venv/lib/python3.12/site-packages/airflow/example_dags/example_short_circuit_operator.py took 0.050 seconds
[2025-08-06T14:27:16.397-0400] {processor.py:186} INFO - Started process (PID=26035) to work on /home/huynguyen2741/airflow_venv/lib/python3.12/site-packages/airflow/example_dags/example_short_circuit_operator.py
[2025-08-06T14:27:16.401-0400] {processor.py:914} INFO - Processing file /home/huynguyen2741/airflow_venv/lib/python3.12/site-packages/airflow/example_dags/example_short_circuit_operator.py for tasks to queue
[2025-08-06T14:27:16.402-0400] {logging_mixin.py:190} INFO - [2025-08-06T14:27:16.401-0400] {dagbag.py:588} INFO - Filling up the DagBag from /home/huynguyen2741/airflow_venv/lib/python3.12/site-packages/airflow/example_dags/example_short_circuit_operator.py
[2025-08-06T14:27:16.410-0400] {processor.py:925} INFO - DAG(s) 'example_short_circuit_operator' retrieved from /home/huynguyen2741/airflow_venv/lib/python3.12/site-packages/airflow/example_dags/example_short_circuit_operator.py
[2025-08-06T14:27:16.425-0400] {logging_mixin.py:190} INFO - [2025-08-06T14:27:16.425-0400] {dag.py:3239} INFO - Sync 1 DAGs
[2025-08-06T14:27:16.434-0400] {logging_mixin.py:190} INFO - [2025-08-06T14:27:16.433-0400] {dag.py:4180} INFO - Setting next_dagrun for example_short_circuit_operator to None, run_after=None
[2025-08-06T14:27:16.450-0400] {processor.py:208} INFO - Processing /home/huynguyen2741/airflow_venv/lib/python3.12/site-packages/airflow/example_dags/example_short_circuit_operator.py took 0.059 seconds
[2025-08-06T14:28:25.013-0400] {processor.py:186} INFO - Started process (PID=26331) to work on /home/huynguyen2741/airflow_venv/lib/python3.12/site-packages/airflow/example_dags/example_short_circuit_operator.py
[2025-08-06T14:28:25.017-0400] {processor.py:914} INFO - Processing file /home/huynguyen2741/airflow_venv/lib/python3.12/site-packages/airflow/example_dags/example_short_circuit_operator.py for tasks to queue
[2025-08-06T14:28:25.018-0400] {logging_mixin.py:190} INFO - [2025-08-06T14:28:25.017-0400] {dagbag.py:588} INFO - Filling up the DagBag from /home/huynguyen2741/airflow_venv/lib/python3.12/site-packages/airflow/example_dags/example_short_circuit_operator.py
[2025-08-06T14:28:25.024-0400] {processor.py:925} INFO - DAG(s) 'example_short_circuit_operator' retrieved from /home/huynguyen2741/airflow_venv/lib/python3.12/site-packages/airflow/example_dags/example_short_circuit_operator.py
[2025-08-06T14:28:25.036-0400] {logging_mixin.py:190} INFO - [2025-08-06T14:28:25.036-0400] {dag.py:3239} INFO - Sync 1 DAGs
[2025-08-06T14:28:25.044-0400] {logging_mixin.py:190} INFO - [2025-08-06T14:28:25.044-0400] {dag.py:4180} INFO - Setting next_dagrun for example_short_circuit_operator to None, run_after=None
[2025-08-06T14:28:25.059-0400] {processor.py:208} INFO - Processing /home/huynguyen2741/airflow_venv/lib/python3.12/site-packages/airflow/example_dags/example_short_circuit_operator.py took 0.051 seconds
[2025-08-06T14:29:33.174-0400] {processor.py:186} INFO - Started process (PID=26629) to work on /home/huynguyen2741/airflow_venv/lib/python3.12/site-packages/airflow/example_dags/example_short_circuit_operator.py
[2025-08-06T14:29:33.184-0400] {processor.py:914} INFO - Processing file /home/huynguyen2741/airflow_venv/lib/python3.12/site-packages/airflow/example_dags/example_short_circuit_operator.py for tasks to queue
[2025-08-06T14:29:33.185-0400] {logging_mixin.py:190} INFO - [2025-08-06T14:29:33.185-0400] {dagbag.py:588} INFO - Filling up the DagBag from /home/huynguyen2741/airflow_venv/lib/python3.12/site-packages/airflow/example_dags/example_short_circuit_operator.py
[2025-08-06T14:29:33.192-0400] {processor.py:925} INFO - DAG(s) 'example_short_circuit_operator' retrieved from /home/huynguyen2741/airflow_venv/lib/python3.12/site-packages/airflow/example_dags/example_short_circuit_operator.py
[2025-08-06T14:29:33.207-0400] {logging_mixin.py:190} INFO - [2025-08-06T14:29:33.207-0400] {dag.py:3239} INFO - Sync 1 DAGs
[2025-08-06T14:29:33.216-0400] {logging_mixin.py:190} INFO - [2025-08-06T14:29:33.216-0400] {dag.py:4180} INFO - Setting next_dagrun for example_short_circuit_operator to None, run_after=None
[2025-08-06T14:29:33.234-0400] {processor.py:208} INFO - Processing /home/huynguyen2741/airflow_venv/lib/python3.12/site-packages/airflow/example_dags/example_short_circuit_operator.py took 0.066 seconds
[2025-08-06T14:30:43.740-0400] {processor.py:186} INFO - Started process (PID=27035) to work on /home/huynguyen2741/airflow_venv/lib/python3.12/site-packages/airflow/example_dags/example_short_circuit_operator.py
[2025-08-06T14:30:43.741-0400] {processor.py:914} INFO - Processing file /home/huynguyen2741/airflow_venv/lib/python3.12/site-packages/airflow/example_dags/example_short_circuit_operator.py for tasks to queue
[2025-08-06T14:30:43.742-0400] {logging_mixin.py:190} INFO - [2025-08-06T14:30:43.742-0400] {dagbag.py:588} INFO - Filling up the DagBag from /home/huynguyen2741/airflow_venv/lib/python3.12/site-packages/airflow/example_dags/example_short_circuit_operator.py
[2025-08-06T14:30:43.748-0400] {processor.py:925} INFO - DAG(s) 'example_short_circuit_operator' retrieved from /home/huynguyen2741/airflow_venv/lib/python3.12/site-packages/airflow/example_dags/example_short_circuit_operator.py
[2025-08-06T14:30:43.761-0400] {logging_mixin.py:190} INFO - [2025-08-06T14:30:43.761-0400] {dag.py:3239} INFO - Sync 1 DAGs
[2025-08-06T14:30:43.770-0400] {logging_mixin.py:190} INFO - [2025-08-06T14:30:43.770-0400] {dag.py:4180} INFO - Setting next_dagrun for example_short_circuit_operator to None, run_after=None
[2025-08-06T14:30:43.786-0400] {processor.py:208} INFO - Processing /home/huynguyen2741/airflow_venv/lib/python3.12/site-packages/airflow/example_dags/example_short_circuit_operator.py took 0.052 seconds
[2025-08-06T14:31:58.178-0400] {processor.py:186} INFO - Started process (PID=27308) to work on /home/huynguyen2741/airflow_venv/lib/python3.12/site-packages/airflow/example_dags/example_short_circuit_operator.py
[2025-08-06T14:31:58.182-0400] {processor.py:914} INFO - Processing file /home/huynguyen2741/airflow_venv/lib/python3.12/site-packages/airflow/example_dags/example_short_circuit_operator.py for tasks to queue
[2025-08-06T14:31:58.183-0400] {logging_mixin.py:190} INFO - [2025-08-06T14:31:58.183-0400] {dagbag.py:588} INFO - Filling up the DagBag from /home/huynguyen2741/airflow_venv/lib/python3.12/site-packages/airflow/example_dags/example_short_circuit_operator.py
[2025-08-06T14:31:58.189-0400] {processor.py:925} INFO - DAG(s) 'example_short_circuit_operator' retrieved from /home/huynguyen2741/airflow_venv/lib/python3.12/site-packages/airflow/example_dags/example_short_circuit_operator.py
[2025-08-06T14:31:58.203-0400] {logging_mixin.py:190} INFO - [2025-08-06T14:31:58.202-0400] {dag.py:3239} INFO - Sync 1 DAGs
[2025-08-06T14:31:58.214-0400] {logging_mixin.py:190} INFO - [2025-08-06T14:31:58.213-0400] {dag.py:4180} INFO - Setting next_dagrun for example_short_circuit_operator to None, run_after=None
[2025-08-06T14:31:58.231-0400] {processor.py:208} INFO - Processing /home/huynguyen2741/airflow_venv/lib/python3.12/site-packages/airflow/example_dags/example_short_circuit_operator.py took 0.059 seconds
[2025-08-06T14:33:06.912-0400] {processor.py:186} INFO - Started process (PID=27636) to work on /home/huynguyen2741/airflow_venv/lib/python3.12/site-packages/airflow/example_dags/example_short_circuit_operator.py
[2025-08-06T14:33:06.915-0400] {processor.py:914} INFO - Processing file /home/huynguyen2741/airflow_venv/lib/python3.12/site-packages/airflow/example_dags/example_short_circuit_operator.py for tasks to queue
[2025-08-06T14:33:06.917-0400] {logging_mixin.py:190} INFO - [2025-08-06T14:33:06.916-0400] {dagbag.py:588} INFO - Filling up the DagBag from /home/huynguyen2741/airflow_venv/lib/python3.12/site-packages/airflow/example_dags/example_short_circuit_operator.py
[2025-08-06T14:33:06.923-0400] {processor.py:925} INFO - DAG(s) 'example_short_circuit_operator' retrieved from /home/huynguyen2741/airflow_venv/lib/python3.12/site-packages/airflow/example_dags/example_short_circuit_operator.py
[2025-08-06T14:33:06.936-0400] {logging_mixin.py:190} INFO - [2025-08-06T14:33:06.935-0400] {dag.py:3239} INFO - Sync 1 DAGs
[2025-08-06T14:33:06.943-0400] {logging_mixin.py:190} INFO - [2025-08-06T14:33:06.943-0400] {dag.py:4180} INFO - Setting next_dagrun for example_short_circuit_operator to None, run_after=None
[2025-08-06T14:33:06.959-0400] {processor.py:208} INFO - Processing /home/huynguyen2741/airflow_venv/lib/python3.12/site-packages/airflow/example_dags/example_short_circuit_operator.py took 0.053 seconds
[2025-08-06T14:34:37.040-0400] {processor.py:186} INFO - Started process (PID=28112) to work on /home/huynguyen2741/airflow_venv/lib/python3.12/site-packages/airflow/example_dags/example_short_circuit_operator.py
[2025-08-06T14:34:37.041-0400] {processor.py:914} INFO - Processing file /home/huynguyen2741/airflow_venv/lib/python3.12/site-packages/airflow/example_dags/example_short_circuit_operator.py for tasks to queue
[2025-08-06T14:34:37.042-0400] {logging_mixin.py:190} INFO - [2025-08-06T14:34:37.042-0400] {dagbag.py:588} INFO - Filling up the DagBag from /home/huynguyen2741/airflow_venv/lib/python3.12/site-packages/airflow/example_dags/example_short_circuit_operator.py
[2025-08-06T14:34:37.052-0400] {processor.py:925} INFO - DAG(s) 'example_short_circuit_operator' retrieved from /home/huynguyen2741/airflow_venv/lib/python3.12/site-packages/airflow/example_dags/example_short_circuit_operator.py
[2025-08-06T14:34:37.067-0400] {logging_mixin.py:190} INFO - [2025-08-06T14:34:37.067-0400] {dag.py:3239} INFO - Sync 1 DAGs
[2025-08-06T14:34:37.078-0400] {logging_mixin.py:190} INFO - [2025-08-06T14:34:37.078-0400] {dag.py:4180} INFO - Setting next_dagrun for example_short_circuit_operator to None, run_after=None
[2025-08-06T14:34:37.095-0400] {processor.py:208} INFO - Processing /home/huynguyen2741/airflow_venv/lib/python3.12/site-packages/airflow/example_dags/example_short_circuit_operator.py took 0.062 seconds
[2025-08-06T14:36:08.044-0400] {processor.py:186} INFO - Started process (PID=28523) to work on /home/huynguyen2741/airflow_venv/lib/python3.12/site-packages/airflow/example_dags/example_short_circuit_operator.py
[2025-08-06T14:36:08.048-0400] {processor.py:914} INFO - Processing file /home/huynguyen2741/airflow_venv/lib/python3.12/site-packages/airflow/example_dags/example_short_circuit_operator.py for tasks to queue
[2025-08-06T14:36:08.049-0400] {logging_mixin.py:190} INFO - [2025-08-06T14:36:08.049-0400] {dagbag.py:588} INFO - Filling up the DagBag from /home/huynguyen2741/airflow_venv/lib/python3.12/site-packages/airflow/example_dags/example_short_circuit_operator.py
[2025-08-06T14:36:08.056-0400] {processor.py:925} INFO - DAG(s) 'example_short_circuit_operator' retrieved from /home/huynguyen2741/airflow_venv/lib/python3.12/site-packages/airflow/example_dags/example_short_circuit_operator.py
[2025-08-06T14:36:08.070-0400] {logging_mixin.py:190} INFO - [2025-08-06T14:36:08.069-0400] {dag.py:3239} INFO - Sync 1 DAGs
[2025-08-06T14:36:08.080-0400] {logging_mixin.py:190} INFO - [2025-08-06T14:36:08.080-0400] {dag.py:4180} INFO - Setting next_dagrun for example_short_circuit_operator to None, run_after=None
[2025-08-06T14:36:08.097-0400] {processor.py:208} INFO - Processing /home/huynguyen2741/airflow_venv/lib/python3.12/site-packages/airflow/example_dags/example_short_circuit_operator.py took 0.058 seconds
[2025-08-06T14:37:13.137-0400] {processor.py:186} INFO - Started process (PID=28769) to work on /home/huynguyen2741/airflow_venv/lib/python3.12/site-packages/airflow/example_dags/example_short_circuit_operator.py
[2025-08-06T14:37:13.138-0400] {processor.py:914} INFO - Processing file /home/huynguyen2741/airflow_venv/lib/python3.12/site-packages/airflow/example_dags/example_short_circuit_operator.py for tasks to queue
[2025-08-06T14:37:13.139-0400] {logging_mixin.py:190} INFO - [2025-08-06T14:37:13.139-0400] {dagbag.py:588} INFO - Filling up the DagBag from /home/huynguyen2741/airflow_venv/lib/python3.12/site-packages/airflow/example_dags/example_short_circuit_operator.py
[2025-08-06T14:37:13.146-0400] {processor.py:925} INFO - DAG(s) 'example_short_circuit_operator' retrieved from /home/huynguyen2741/airflow_venv/lib/python3.12/site-packages/airflow/example_dags/example_short_circuit_operator.py
[2025-08-06T14:37:13.162-0400] {logging_mixin.py:190} INFO - [2025-08-06T14:37:13.162-0400] {dag.py:3239} INFO - Sync 1 DAGs
[2025-08-06T14:37:13.173-0400] {logging_mixin.py:190} INFO - [2025-08-06T14:37:13.173-0400] {dag.py:4180} INFO - Setting next_dagrun for example_short_circuit_operator to None, run_after=None
[2025-08-06T14:37:13.190-0400] {processor.py:208} INFO - Processing /home/huynguyen2741/airflow_venv/lib/python3.12/site-packages/airflow/example_dags/example_short_circuit_operator.py took 0.059 seconds
[2025-08-06T14:38:20.845-0400] {processor.py:186} INFO - Started process (PID=29016) to work on /home/huynguyen2741/airflow_venv/lib/python3.12/site-packages/airflow/example_dags/example_short_circuit_operator.py
[2025-08-06T14:38:20.849-0400] {processor.py:914} INFO - Processing file /home/huynguyen2741/airflow_venv/lib/python3.12/site-packages/airflow/example_dags/example_short_circuit_operator.py for tasks to queue
[2025-08-06T14:38:20.850-0400] {logging_mixin.py:190} INFO - [2025-08-06T14:38:20.850-0400] {dagbag.py:588} INFO - Filling up the DagBag from /home/huynguyen2741/airflow_venv/lib/python3.12/site-packages/airflow/example_dags/example_short_circuit_operator.py
[2025-08-06T14:38:20.857-0400] {processor.py:925} INFO - DAG(s) 'example_short_circuit_operator' retrieved from /home/huynguyen2741/airflow_venv/lib/python3.12/site-packages/airflow/example_dags/example_short_circuit_operator.py
[2025-08-06T14:38:20.872-0400] {logging_mixin.py:190} INFO - [2025-08-06T14:38:20.872-0400] {dag.py:3239} INFO - Sync 1 DAGs
[2025-08-06T14:38:20.882-0400] {logging_mixin.py:190} INFO - [2025-08-06T14:38:20.882-0400] {dag.py:4180} INFO - Setting next_dagrun for example_short_circuit_operator to None, run_after=None
[2025-08-06T14:38:20.899-0400] {processor.py:208} INFO - Processing /home/huynguyen2741/airflow_venv/lib/python3.12/site-packages/airflow/example_dags/example_short_circuit_operator.py took 0.059 seconds
[2025-08-06T14:39:26.085-0400] {processor.py:186} INFO - Started process (PID=29315) to work on /home/huynguyen2741/airflow_venv/lib/python3.12/site-packages/airflow/example_dags/example_short_circuit_operator.py
[2025-08-06T14:39:26.089-0400] {processor.py:914} INFO - Processing file /home/huynguyen2741/airflow_venv/lib/python3.12/site-packages/airflow/example_dags/example_short_circuit_operator.py for tasks to queue
[2025-08-06T14:39:26.091-0400] {logging_mixin.py:190} INFO - [2025-08-06T14:39:26.090-0400] {dagbag.py:588} INFO - Filling up the DagBag from /home/huynguyen2741/airflow_venv/lib/python3.12/site-packages/airflow/example_dags/example_short_circuit_operator.py
[2025-08-06T14:39:26.097-0400] {processor.py:925} INFO - DAG(s) 'example_short_circuit_operator' retrieved from /home/huynguyen2741/airflow_venv/lib/python3.12/site-packages/airflow/example_dags/example_short_circuit_operator.py
[2025-08-06T14:39:26.114-0400] {logging_mixin.py:190} INFO - [2025-08-06T14:39:26.113-0400] {dag.py:3239} INFO - Sync 1 DAGs
[2025-08-06T14:39:26.124-0400] {logging_mixin.py:190} INFO - [2025-08-06T14:39:26.124-0400] {dag.py:4180} INFO - Setting next_dagrun for example_short_circuit_operator to None, run_after=None
[2025-08-06T14:39:26.143-0400] {processor.py:208} INFO - Processing /home/huynguyen2741/airflow_venv/lib/python3.12/site-packages/airflow/example_dags/example_short_circuit_operator.py took 0.064 seconds
[2025-08-06T14:40:29.179-0400] {processor.py:186} INFO - Started process (PID=29535) to work on /home/huynguyen2741/airflow_venv/lib/python3.12/site-packages/airflow/example_dags/example_short_circuit_operator.py
[2025-08-06T14:40:29.183-0400] {processor.py:914} INFO - Processing file /home/huynguyen2741/airflow_venv/lib/python3.12/site-packages/airflow/example_dags/example_short_circuit_operator.py for tasks to queue
[2025-08-06T14:40:29.184-0400] {logging_mixin.py:190} INFO - [2025-08-06T14:40:29.184-0400] {dagbag.py:588} INFO - Filling up the DagBag from /home/huynguyen2741/airflow_venv/lib/python3.12/site-packages/airflow/example_dags/example_short_circuit_operator.py
[2025-08-06T14:40:29.190-0400] {processor.py:925} INFO - DAG(s) 'example_short_circuit_operator' retrieved from /home/huynguyen2741/airflow_venv/lib/python3.12/site-packages/airflow/example_dags/example_short_circuit_operator.py
[2025-08-06T14:40:29.206-0400] {logging_mixin.py:190} INFO - [2025-08-06T14:40:29.206-0400] {dag.py:3239} INFO - Sync 1 DAGs
[2025-08-06T14:40:29.216-0400] {logging_mixin.py:190} INFO - [2025-08-06T14:40:29.216-0400] {dag.py:4180} INFO - Setting next_dagrun for example_short_circuit_operator to None, run_after=None
[2025-08-06T14:40:29.232-0400] {processor.py:208} INFO - Processing /home/huynguyen2741/airflow_venv/lib/python3.12/site-packages/airflow/example_dags/example_short_circuit_operator.py took 0.059 seconds
[2025-08-06T14:41:37.990-0400] {processor.py:186} INFO - Started process (PID=29834) to work on /home/huynguyen2741/airflow_venv/lib/python3.12/site-packages/airflow/example_dags/example_short_circuit_operator.py
[2025-08-06T14:41:38.000-0400] {processor.py:914} INFO - Processing file /home/huynguyen2741/airflow_venv/lib/python3.12/site-packages/airflow/example_dags/example_short_circuit_operator.py for tasks to queue
[2025-08-06T14:41:38.001-0400] {logging_mixin.py:190} INFO - [2025-08-06T14:41:38.000-0400] {dagbag.py:588} INFO - Filling up the DagBag from /home/huynguyen2741/airflow_venv/lib/python3.12/site-packages/airflow/example_dags/example_short_circuit_operator.py
[2025-08-06T14:41:38.007-0400] {processor.py:925} INFO - DAG(s) 'example_short_circuit_operator' retrieved from /home/huynguyen2741/airflow_venv/lib/python3.12/site-packages/airflow/example_dags/example_short_circuit_operator.py
[2025-08-06T14:41:38.019-0400] {logging_mixin.py:190} INFO - [2025-08-06T14:41:38.019-0400] {dag.py:3239} INFO - Sync 1 DAGs
[2025-08-06T14:41:38.027-0400] {logging_mixin.py:190} INFO - [2025-08-06T14:41:38.027-0400] {dag.py:4180} INFO - Setting next_dagrun for example_short_circuit_operator to None, run_after=None
[2025-08-06T14:41:38.042-0400] {processor.py:208} INFO - Processing /home/huynguyen2741/airflow_venv/lib/python3.12/site-packages/airflow/example_dags/example_short_circuit_operator.py took 0.058 seconds
[2025-08-06T14:42:40.771-0400] {processor.py:186} INFO - Started process (PID=30055) to work on /home/huynguyen2741/airflow_venv/lib/python3.12/site-packages/airflow/example_dags/example_short_circuit_operator.py
[2025-08-06T14:42:40.772-0400] {processor.py:914} INFO - Processing file /home/huynguyen2741/airflow_venv/lib/python3.12/site-packages/airflow/example_dags/example_short_circuit_operator.py for tasks to queue
[2025-08-06T14:42:40.773-0400] {logging_mixin.py:190} INFO - [2025-08-06T14:42:40.773-0400] {dagbag.py:588} INFO - Filling up the DagBag from /home/huynguyen2741/airflow_venv/lib/python3.12/site-packages/airflow/example_dags/example_short_circuit_operator.py
[2025-08-06T14:42:40.780-0400] {processor.py:925} INFO - DAG(s) 'example_short_circuit_operator' retrieved from /home/huynguyen2741/airflow_venv/lib/python3.12/site-packages/airflow/example_dags/example_short_circuit_operator.py
[2025-08-06T14:42:40.795-0400] {logging_mixin.py:190} INFO - [2025-08-06T14:42:40.795-0400] {dag.py:3239} INFO - Sync 1 DAGs
[2025-08-06T14:42:40.805-0400] {logging_mixin.py:190} INFO - [2025-08-06T14:42:40.805-0400] {dag.py:4180} INFO - Setting next_dagrun for example_short_circuit_operator to None, run_after=None
[2025-08-06T14:42:40.823-0400] {processor.py:208} INFO - Processing /home/huynguyen2741/airflow_venv/lib/python3.12/site-packages/airflow/example_dags/example_short_circuit_operator.py took 0.057 seconds
[2025-08-06T14:43:45.830-0400] {processor.py:186} INFO - Started process (PID=30290) to work on /home/huynguyen2741/airflow_venv/lib/python3.12/site-packages/airflow/example_dags/example_short_circuit_operator.py
[2025-08-06T14:43:45.842-0400] {processor.py:914} INFO - Processing file /home/huynguyen2741/airflow_venv/lib/python3.12/site-packages/airflow/example_dags/example_short_circuit_operator.py for tasks to queue
[2025-08-06T14:43:45.843-0400] {logging_mixin.py:190} INFO - [2025-08-06T14:43:45.843-0400] {dagbag.py:588} INFO - Filling up the DagBag from /home/huynguyen2741/airflow_venv/lib/python3.12/site-packages/airflow/example_dags/example_short_circuit_operator.py
[2025-08-06T14:43:45.851-0400] {processor.py:925} INFO - DAG(s) 'example_short_circuit_operator' retrieved from /home/huynguyen2741/airflow_venv/lib/python3.12/site-packages/airflow/example_dags/example_short_circuit_operator.py
[2025-08-06T14:43:45.865-0400] {logging_mixin.py:190} INFO - [2025-08-06T14:43:45.865-0400] {dag.py:3239} INFO - Sync 1 DAGs
[2025-08-06T14:43:45.875-0400] {logging_mixin.py:190} INFO - [2025-08-06T14:43:45.875-0400] {dag.py:4180} INFO - Setting next_dagrun for example_short_circuit_operator to None, run_after=None
[2025-08-06T14:43:45.894-0400] {processor.py:208} INFO - Processing /home/huynguyen2741/airflow_venv/lib/python3.12/site-packages/airflow/example_dags/example_short_circuit_operator.py took 0.070 seconds
[2025-08-06T14:44:45.916-0400] {processor.py:186} INFO - Started process (PID=30553) to work on /home/huynguyen2741/airflow_venv/lib/python3.12/site-packages/airflow/example_dags/example_short_circuit_operator.py
[2025-08-06T14:44:45.917-0400] {processor.py:914} INFO - Processing file /home/huynguyen2741/airflow_venv/lib/python3.12/site-packages/airflow/example_dags/example_short_circuit_operator.py for tasks to queue
[2025-08-06T14:44:45.918-0400] {logging_mixin.py:190} INFO - [2025-08-06T14:44:45.918-0400] {dagbag.py:588} INFO - Filling up the DagBag from /home/huynguyen2741/airflow_venv/lib/python3.12/site-packages/airflow/example_dags/example_short_circuit_operator.py
[2025-08-06T14:44:45.924-0400] {processor.py:925} INFO - DAG(s) 'example_short_circuit_operator' retrieved from /home/huynguyen2741/airflow_venv/lib/python3.12/site-packages/airflow/example_dags/example_short_circuit_operator.py
[2025-08-06T14:44:45.940-0400] {logging_mixin.py:190} INFO - [2025-08-06T14:44:45.940-0400] {dag.py:3239} INFO - Sync 1 DAGs
[2025-08-06T14:44:45.950-0400] {logging_mixin.py:190} INFO - [2025-08-06T14:44:45.950-0400] {dag.py:4180} INFO - Setting next_dagrun for example_short_circuit_operator to None, run_after=None
[2025-08-06T14:44:45.968-0400] {processor.py:208} INFO - Processing /home/huynguyen2741/airflow_venv/lib/python3.12/site-packages/airflow/example_dags/example_short_circuit_operator.py took 0.058 seconds
[2025-08-06T14:45:42.315-0400] {processor.py:186} INFO - Started process (PID=30809) to work on /home/huynguyen2741/airflow_venv/lib/python3.12/site-packages/airflow/example_dags/example_short_circuit_operator.py
[2025-08-06T14:45:42.320-0400] {processor.py:914} INFO - Processing file /home/huynguyen2741/airflow_venv/lib/python3.12/site-packages/airflow/example_dags/example_short_circuit_operator.py for tasks to queue
[2025-08-06T14:45:42.322-0400] {logging_mixin.py:190} INFO - [2025-08-06T14:45:42.321-0400] {dagbag.py:588} INFO - Filling up the DagBag from /home/huynguyen2741/airflow_venv/lib/python3.12/site-packages/airflow/example_dags/example_short_circuit_operator.py
[2025-08-06T14:45:42.329-0400] {processor.py:925} INFO - DAG(s) 'example_short_circuit_operator' retrieved from /home/huynguyen2741/airflow_venv/lib/python3.12/site-packages/airflow/example_dags/example_short_circuit_operator.py
[2025-08-06T14:45:42.343-0400] {logging_mixin.py:190} INFO - [2025-08-06T14:45:42.343-0400] {dag.py:3239} INFO - Sync 1 DAGs
[2025-08-06T14:45:42.352-0400] {logging_mixin.py:190} INFO - [2025-08-06T14:45:42.351-0400] {dag.py:4180} INFO - Setting next_dagrun for example_short_circuit_operator to None, run_after=None
[2025-08-06T14:45:42.368-0400] {processor.py:208} INFO - Processing /home/huynguyen2741/airflow_venv/lib/python3.12/site-packages/airflow/example_dags/example_short_circuit_operator.py took 0.059 seconds
[2025-08-06T14:46:44.967-0400] {processor.py:186} INFO - Started process (PID=31093) to work on /home/huynguyen2741/airflow_venv/lib/python3.12/site-packages/airflow/example_dags/example_short_circuit_operator.py
[2025-08-06T14:46:44.968-0400] {processor.py:914} INFO - Processing file /home/huynguyen2741/airflow_venv/lib/python3.12/site-packages/airflow/example_dags/example_short_circuit_operator.py for tasks to queue
[2025-08-06T14:46:44.969-0400] {logging_mixin.py:190} INFO - [2025-08-06T14:46:44.969-0400] {dagbag.py:588} INFO - Filling up the DagBag from /home/huynguyen2741/airflow_venv/lib/python3.12/site-packages/airflow/example_dags/example_short_circuit_operator.py
[2025-08-06T14:46:44.976-0400] {processor.py:925} INFO - DAG(s) 'example_short_circuit_operator' retrieved from /home/huynguyen2741/airflow_venv/lib/python3.12/site-packages/airflow/example_dags/example_short_circuit_operator.py
[2025-08-06T14:46:44.988-0400] {logging_mixin.py:190} INFO - [2025-08-06T14:46:44.988-0400] {dag.py:3239} INFO - Sync 1 DAGs
[2025-08-06T14:46:44.997-0400] {logging_mixin.py:190} INFO - [2025-08-06T14:46:44.996-0400] {dag.py:4180} INFO - Setting next_dagrun for example_short_circuit_operator to None, run_after=None
[2025-08-06T14:46:45.012-0400] {processor.py:208} INFO - Processing /home/huynguyen2741/airflow_venv/lib/python3.12/site-packages/airflow/example_dags/example_short_circuit_operator.py took 0.050 seconds
[2025-08-06T14:48:06.587-0400] {processor.py:186} INFO - Started process (PID=31584) to work on /home/huynguyen2741/airflow_venv/lib/python3.12/site-packages/airflow/example_dags/example_short_circuit_operator.py
[2025-08-06T14:48:06.588-0400] {processor.py:914} INFO - Processing file /home/huynguyen2741/airflow_venv/lib/python3.12/site-packages/airflow/example_dags/example_short_circuit_operator.py for tasks to queue
[2025-08-06T14:48:06.589-0400] {logging_mixin.py:190} INFO - [2025-08-06T14:48:06.589-0400] {dagbag.py:588} INFO - Filling up the DagBag from /home/huynguyen2741/airflow_venv/lib/python3.12/site-packages/airflow/example_dags/example_short_circuit_operator.py
[2025-08-06T14:48:06.596-0400] {processor.py:925} INFO - DAG(s) 'example_short_circuit_operator' retrieved from /home/huynguyen2741/airflow_venv/lib/python3.12/site-packages/airflow/example_dags/example_short_circuit_operator.py
[2025-08-06T14:48:06.608-0400] {logging_mixin.py:190} INFO - [2025-08-06T14:48:06.608-0400] {dag.py:3239} INFO - Sync 1 DAGs
[2025-08-06T14:48:06.617-0400] {logging_mixin.py:190} INFO - [2025-08-06T14:48:06.616-0400] {dag.py:4180} INFO - Setting next_dagrun for example_short_circuit_operator to None, run_after=None
[2025-08-06T14:48:06.633-0400] {processor.py:208} INFO - Processing /home/huynguyen2741/airflow_venv/lib/python3.12/site-packages/airflow/example_dags/example_short_circuit_operator.py took 0.051 seconds
[2025-08-06T14:49:19.696-0400] {processor.py:186} INFO - Started process (PID=31863) to work on /home/huynguyen2741/airflow_venv/lib/python3.12/site-packages/airflow/example_dags/example_short_circuit_operator.py
[2025-08-06T14:49:19.706-0400] {processor.py:914} INFO - Processing file /home/huynguyen2741/airflow_venv/lib/python3.12/site-packages/airflow/example_dags/example_short_circuit_operator.py for tasks to queue
[2025-08-06T14:49:19.707-0400] {logging_mixin.py:190} INFO - [2025-08-06T14:49:19.707-0400] {dagbag.py:588} INFO - Filling up the DagBag from /home/huynguyen2741/airflow_venv/lib/python3.12/site-packages/airflow/example_dags/example_short_circuit_operator.py
[2025-08-06T14:49:19.714-0400] {processor.py:925} INFO - DAG(s) 'example_short_circuit_operator' retrieved from /home/huynguyen2741/airflow_venv/lib/python3.12/site-packages/airflow/example_dags/example_short_circuit_operator.py
[2025-08-06T14:49:19.728-0400] {logging_mixin.py:190} INFO - [2025-08-06T14:49:19.727-0400] {dag.py:3239} INFO - Sync 1 DAGs
[2025-08-06T14:49:19.736-0400] {logging_mixin.py:190} INFO - [2025-08-06T14:49:19.736-0400] {dag.py:4180} INFO - Setting next_dagrun for example_short_circuit_operator to None, run_after=None
[2025-08-06T14:49:19.753-0400] {processor.py:208} INFO - Processing /home/huynguyen2741/airflow_venv/lib/python3.12/site-packages/airflow/example_dags/example_short_circuit_operator.py took 0.062 seconds
[2025-08-06T14:50:23.239-0400] {processor.py:186} INFO - Started process (PID=32089) to work on /home/huynguyen2741/airflow_venv/lib/python3.12/site-packages/airflow/example_dags/example_short_circuit_operator.py
[2025-08-06T14:50:23.243-0400] {processor.py:914} INFO - Processing file /home/huynguyen2741/airflow_venv/lib/python3.12/site-packages/airflow/example_dags/example_short_circuit_operator.py for tasks to queue
[2025-08-06T14:50:23.244-0400] {logging_mixin.py:190} INFO - [2025-08-06T14:50:23.244-0400] {dagbag.py:588} INFO - Filling up the DagBag from /home/huynguyen2741/airflow_venv/lib/python3.12/site-packages/airflow/example_dags/example_short_circuit_operator.py
[2025-08-06T14:50:23.250-0400] {processor.py:925} INFO - DAG(s) 'example_short_circuit_operator' retrieved from /home/huynguyen2741/airflow_venv/lib/python3.12/site-packages/airflow/example_dags/example_short_circuit_operator.py
[2025-08-06T14:50:23.263-0400] {logging_mixin.py:190} INFO - [2025-08-06T14:50:23.262-0400] {dag.py:3239} INFO - Sync 1 DAGs
[2025-08-06T14:50:23.271-0400] {logging_mixin.py:190} INFO - [2025-08-06T14:50:23.271-0400] {dag.py:4180} INFO - Setting next_dagrun for example_short_circuit_operator to None, run_after=None
[2025-08-06T14:50:23.287-0400] {processor.py:208} INFO - Processing /home/huynguyen2741/airflow_venv/lib/python3.12/site-packages/airflow/example_dags/example_short_circuit_operator.py took 0.054 seconds
[2025-08-06T14:51:26.797-0400] {processor.py:186} INFO - Started process (PID=32317) to work on /home/huynguyen2741/airflow_venv/lib/python3.12/site-packages/airflow/example_dags/example_short_circuit_operator.py
[2025-08-06T14:51:26.802-0400] {processor.py:914} INFO - Processing file /home/huynguyen2741/airflow_venv/lib/python3.12/site-packages/airflow/example_dags/example_short_circuit_operator.py for tasks to queue
[2025-08-06T14:51:26.803-0400] {logging_mixin.py:190} INFO - [2025-08-06T14:51:26.803-0400] {dagbag.py:588} INFO - Filling up the DagBag from /home/huynguyen2741/airflow_venv/lib/python3.12/site-packages/airflow/example_dags/example_short_circuit_operator.py
[2025-08-06T14:51:26.810-0400] {processor.py:925} INFO - DAG(s) 'example_short_circuit_operator' retrieved from /home/huynguyen2741/airflow_venv/lib/python3.12/site-packages/airflow/example_dags/example_short_circuit_operator.py
[2025-08-06T14:51:26.824-0400] {logging_mixin.py:190} INFO - [2025-08-06T14:51:26.824-0400] {dag.py:3239} INFO - Sync 1 DAGs
[2025-08-06T14:51:26.834-0400] {logging_mixin.py:190} INFO - [2025-08-06T14:51:26.834-0400] {dag.py:4180} INFO - Setting next_dagrun for example_short_circuit_operator to None, run_after=None
[2025-08-06T14:51:26.851-0400] {processor.py:208} INFO - Processing /home/huynguyen2741/airflow_venv/lib/python3.12/site-packages/airflow/example_dags/example_short_circuit_operator.py took 0.059 seconds
[2025-08-06T14:52:29.168-0400] {processor.py:186} INFO - Started process (PID=32578) to work on /home/huynguyen2741/airflow_venv/lib/python3.12/site-packages/airflow/example_dags/example_short_circuit_operator.py
[2025-08-06T14:52:29.169-0400] {processor.py:914} INFO - Processing file /home/huynguyen2741/airflow_venv/lib/python3.12/site-packages/airflow/example_dags/example_short_circuit_operator.py for tasks to queue
[2025-08-06T14:52:29.170-0400] {logging_mixin.py:190} INFO - [2025-08-06T14:52:29.170-0400] {dagbag.py:588} INFO - Filling up the DagBag from /home/huynguyen2741/airflow_venv/lib/python3.12/site-packages/airflow/example_dags/example_short_circuit_operator.py
[2025-08-06T14:52:29.177-0400] {processor.py:925} INFO - DAG(s) 'example_short_circuit_operator' retrieved from /home/huynguyen2741/airflow_venv/lib/python3.12/site-packages/airflow/example_dags/example_short_circuit_operator.py
[2025-08-06T14:52:29.192-0400] {logging_mixin.py:190} INFO - [2025-08-06T14:52:29.191-0400] {dag.py:3239} INFO - Sync 1 DAGs
[2025-08-06T14:52:29.200-0400] {logging_mixin.py:190} INFO - [2025-08-06T14:52:29.200-0400] {dag.py:4180} INFO - Setting next_dagrun for example_short_circuit_operator to None, run_after=None
[2025-08-06T14:52:29.217-0400] {processor.py:208} INFO - Processing /home/huynguyen2741/airflow_venv/lib/python3.12/site-packages/airflow/example_dags/example_short_circuit_operator.py took 0.054 seconds
[2025-08-06T14:53:29.706-0400] {processor.py:186} INFO - Started process (PID=32941) to work on /home/huynguyen2741/airflow_venv/lib/python3.12/site-packages/airflow/example_dags/example_short_circuit_operator.py
[2025-08-06T14:53:29.716-0400] {processor.py:914} INFO - Processing file /home/huynguyen2741/airflow_venv/lib/python3.12/site-packages/airflow/example_dags/example_short_circuit_operator.py for tasks to queue
[2025-08-06T14:53:29.718-0400] {logging_mixin.py:190} INFO - [2025-08-06T14:53:29.717-0400] {dagbag.py:588} INFO - Filling up the DagBag from /home/huynguyen2741/airflow_venv/lib/python3.12/site-packages/airflow/example_dags/example_short_circuit_operator.py
[2025-08-06T14:53:29.725-0400] {processor.py:925} INFO - DAG(s) 'example_short_circuit_operator' retrieved from /home/huynguyen2741/airflow_venv/lib/python3.12/site-packages/airflow/example_dags/example_short_circuit_operator.py
[2025-08-06T14:53:29.739-0400] {logging_mixin.py:190} INFO - [2025-08-06T14:53:29.739-0400] {dag.py:3239} INFO - Sync 1 DAGs
[2025-08-06T14:53:29.749-0400] {logging_mixin.py:190} INFO - [2025-08-06T14:53:29.748-0400] {dag.py:4180} INFO - Setting next_dagrun for example_short_circuit_operator to None, run_after=None
[2025-08-06T14:53:29.764-0400] {processor.py:208} INFO - Processing /home/huynguyen2741/airflow_venv/lib/python3.12/site-packages/airflow/example_dags/example_short_circuit_operator.py took 0.064 seconds
[2025-08-06T14:54:29.107-0400] {processor.py:186} INFO - Started process (PID=33321) to work on /home/huynguyen2741/airflow_venv/lib/python3.12/site-packages/airflow/example_dags/example_short_circuit_operator.py
[2025-08-06T14:54:29.111-0400] {processor.py:914} INFO - Processing file /home/huynguyen2741/airflow_venv/lib/python3.12/site-packages/airflow/example_dags/example_short_circuit_operator.py for tasks to queue
[2025-08-06T14:54:29.113-0400] {logging_mixin.py:190} INFO - [2025-08-06T14:54:29.112-0400] {dagbag.py:588} INFO - Filling up the DagBag from /home/huynguyen2741/airflow_venv/lib/python3.12/site-packages/airflow/example_dags/example_short_circuit_operator.py
[2025-08-06T14:54:29.120-0400] {processor.py:925} INFO - DAG(s) 'example_short_circuit_operator' retrieved from /home/huynguyen2741/airflow_venv/lib/python3.12/site-packages/airflow/example_dags/example_short_circuit_operator.py
[2025-08-06T14:54:29.132-0400] {logging_mixin.py:190} INFO - [2025-08-06T14:54:29.132-0400] {dag.py:3239} INFO - Sync 1 DAGs
[2025-08-06T14:54:29.141-0400] {logging_mixin.py:190} INFO - [2025-08-06T14:54:29.141-0400] {dag.py:4180} INFO - Setting next_dagrun for example_short_circuit_operator to None, run_after=None
[2025-08-06T14:54:29.157-0400] {processor.py:208} INFO - Processing /home/huynguyen2741/airflow_venv/lib/python3.12/site-packages/airflow/example_dags/example_short_circuit_operator.py took 0.056 seconds
[2025-08-06T14:55:26.252-0400] {processor.py:186} INFO - Started process (PID=33607) to work on /home/huynguyen2741/airflow_venv/lib/python3.12/site-packages/airflow/example_dags/example_short_circuit_operator.py
[2025-08-06T14:55:26.253-0400] {processor.py:914} INFO - Processing file /home/huynguyen2741/airflow_venv/lib/python3.12/site-packages/airflow/example_dags/example_short_circuit_operator.py for tasks to queue
[2025-08-06T14:55:26.255-0400] {logging_mixin.py:190} INFO - [2025-08-06T14:55:26.254-0400] {dagbag.py:588} INFO - Filling up the DagBag from /home/huynguyen2741/airflow_venv/lib/python3.12/site-packages/airflow/example_dags/example_short_circuit_operator.py
[2025-08-06T14:55:26.262-0400] {processor.py:925} INFO - DAG(s) 'example_short_circuit_operator' retrieved from /home/huynguyen2741/airflow_venv/lib/python3.12/site-packages/airflow/example_dags/example_short_circuit_operator.py
[2025-08-06T14:55:26.276-0400] {logging_mixin.py:190} INFO - [2025-08-06T14:55:26.276-0400] {dag.py:3239} INFO - Sync 1 DAGs
[2025-08-06T14:55:26.285-0400] {logging_mixin.py:190} INFO - [2025-08-06T14:55:26.285-0400] {dag.py:4180} INFO - Setting next_dagrun for example_short_circuit_operator to None, run_after=None
[2025-08-06T14:55:26.302-0400] {processor.py:208} INFO - Processing /home/huynguyen2741/airflow_venv/lib/python3.12/site-packages/airflow/example_dags/example_short_circuit_operator.py took 0.056 seconds
[2025-08-06T14:56:25.639-0400] {processor.py:186} INFO - Started process (PID=33913) to work on /home/huynguyen2741/airflow_venv/lib/python3.12/site-packages/airflow/example_dags/example_short_circuit_operator.py
[2025-08-06T14:56:25.640-0400] {processor.py:914} INFO - Processing file /home/huynguyen2741/airflow_venv/lib/python3.12/site-packages/airflow/example_dags/example_short_circuit_operator.py for tasks to queue
[2025-08-06T14:56:25.641-0400] {logging_mixin.py:190} INFO - [2025-08-06T14:56:25.641-0400] {dagbag.py:588} INFO - Filling up the DagBag from /home/huynguyen2741/airflow_venv/lib/python3.12/site-packages/airflow/example_dags/example_short_circuit_operator.py
[2025-08-06T14:56:25.648-0400] {processor.py:925} INFO - DAG(s) 'example_short_circuit_operator' retrieved from /home/huynguyen2741/airflow_venv/lib/python3.12/site-packages/airflow/example_dags/example_short_circuit_operator.py
[2025-08-06T14:56:25.660-0400] {logging_mixin.py:190} INFO - [2025-08-06T14:56:25.660-0400] {dag.py:3239} INFO - Sync 1 DAGs
[2025-08-06T14:56:25.668-0400] {logging_mixin.py:190} INFO - [2025-08-06T14:56:25.668-0400] {dag.py:4180} INFO - Setting next_dagrun for example_short_circuit_operator to None, run_after=None
[2025-08-06T14:56:25.684-0400] {processor.py:208} INFO - Processing /home/huynguyen2741/airflow_venv/lib/python3.12/site-packages/airflow/example_dags/example_short_circuit_operator.py took 0.050 seconds
[2025-08-06T14:57:29.222-0400] {processor.py:186} INFO - Started process (PID=34182) to work on /home/huynguyen2741/airflow_venv/lib/python3.12/site-packages/airflow/example_dags/example_short_circuit_operator.py
[2025-08-06T14:57:29.222-0400] {processor.py:914} INFO - Processing file /home/huynguyen2741/airflow_venv/lib/python3.12/site-packages/airflow/example_dags/example_short_circuit_operator.py for tasks to queue
[2025-08-06T14:57:29.223-0400] {logging_mixin.py:190} INFO - [2025-08-06T14:57:29.223-0400] {dagbag.py:588} INFO - Filling up the DagBag from /home/huynguyen2741/airflow_venv/lib/python3.12/site-packages/airflow/example_dags/example_short_circuit_operator.py
[2025-08-06T14:57:29.230-0400] {processor.py:925} INFO - DAG(s) 'example_short_circuit_operator' retrieved from /home/huynguyen2741/airflow_venv/lib/python3.12/site-packages/airflow/example_dags/example_short_circuit_operator.py
[2025-08-06T14:57:29.242-0400] {logging_mixin.py:190} INFO - [2025-08-06T14:57:29.242-0400] {dag.py:3239} INFO - Sync 1 DAGs
[2025-08-06T14:57:29.250-0400] {logging_mixin.py:190} INFO - [2025-08-06T14:57:29.250-0400] {dag.py:4180} INFO - Setting next_dagrun for example_short_circuit_operator to None, run_after=None
[2025-08-06T14:57:29.266-0400] {processor.py:208} INFO - Processing /home/huynguyen2741/airflow_venv/lib/python3.12/site-packages/airflow/example_dags/example_short_circuit_operator.py took 0.050 seconds
[2025-08-06T14:58:31.641-0400] {processor.py:186} INFO - Started process (PID=34448) to work on /home/huynguyen2741/airflow_venv/lib/python3.12/site-packages/airflow/example_dags/example_short_circuit_operator.py
[2025-08-06T14:58:31.645-0400] {processor.py:914} INFO - Processing file /home/huynguyen2741/airflow_venv/lib/python3.12/site-packages/airflow/example_dags/example_short_circuit_operator.py for tasks to queue
[2025-08-06T14:58:31.646-0400] {logging_mixin.py:190} INFO - [2025-08-06T14:58:31.646-0400] {dagbag.py:588} INFO - Filling up the DagBag from /home/huynguyen2741/airflow_venv/lib/python3.12/site-packages/airflow/example_dags/example_short_circuit_operator.py
[2025-08-06T14:58:31.653-0400] {processor.py:925} INFO - DAG(s) 'example_short_circuit_operator' retrieved from /home/huynguyen2741/airflow_venv/lib/python3.12/site-packages/airflow/example_dags/example_short_circuit_operator.py
[2025-08-06T14:58:31.665-0400] {logging_mixin.py:190} INFO - [2025-08-06T14:58:31.665-0400] {dag.py:3239} INFO - Sync 1 DAGs
[2025-08-06T14:58:31.674-0400] {logging_mixin.py:190} INFO - [2025-08-06T14:58:31.673-0400] {dag.py:4180} INFO - Setting next_dagrun for example_short_circuit_operator to None, run_after=None
[2025-08-06T14:58:31.690-0400] {processor.py:208} INFO - Processing /home/huynguyen2741/airflow_venv/lib/python3.12/site-packages/airflow/example_dags/example_short_circuit_operator.py took 0.054 seconds
[2025-08-06T14:59:35.062-0400] {processor.py:186} INFO - Started process (PID=34683) to work on /home/huynguyen2741/airflow_venv/lib/python3.12/site-packages/airflow/example_dags/example_short_circuit_operator.py
[2025-08-06T14:59:35.063-0400] {processor.py:914} INFO - Processing file /home/huynguyen2741/airflow_venv/lib/python3.12/site-packages/airflow/example_dags/example_short_circuit_operator.py for tasks to queue
[2025-08-06T14:59:35.064-0400] {logging_mixin.py:190} INFO - [2025-08-06T14:59:35.064-0400] {dagbag.py:588} INFO - Filling up the DagBag from /home/huynguyen2741/airflow_venv/lib/python3.12/site-packages/airflow/example_dags/example_short_circuit_operator.py
[2025-08-06T14:59:35.071-0400] {processor.py:925} INFO - DAG(s) 'example_short_circuit_operator' retrieved from /home/huynguyen2741/airflow_venv/lib/python3.12/site-packages/airflow/example_dags/example_short_circuit_operator.py
[2025-08-06T14:59:35.083-0400] {logging_mixin.py:190} INFO - [2025-08-06T14:59:35.083-0400] {dag.py:3239} INFO - Sync 1 DAGs
[2025-08-06T14:59:35.091-0400] {logging_mixin.py:190} INFO - [2025-08-06T14:59:35.091-0400] {dag.py:4180} INFO - Setting next_dagrun for example_short_circuit_operator to None, run_after=None
[2025-08-06T14:59:35.107-0400] {processor.py:208} INFO - Processing /home/huynguyen2741/airflow_venv/lib/python3.12/site-packages/airflow/example_dags/example_short_circuit_operator.py took 0.051 seconds
