[2025-08-06T13:57:50.978-0400] {processor.py:186} INFO - Started process (PID=17839) to work on /home/huynguyen2741/airflow_venv/lib/python3.12/site-packages/airflow/example_dags/example_branch_python_dop_operator_3.py
[2025-08-06T13:57:50.979-0400] {processor.py:914} INFO - Processing file /home/huynguyen2741/airflow_venv/lib/python3.12/site-packages/airflow/example_dags/example_branch_python_dop_operator_3.py for tasks to queue
[2025-08-06T13:57:50.980-0400] {logging_mixin.py:190} INFO - [2025-08-06T13:57:50.980-0400] {dagbag.py:588} INFO - Filling up the DagBag from /home/huynguyen2741/airflow_venv/lib/python3.12/site-packages/airflow/example_dags/example_branch_python_dop_operator_3.py
[2025-08-06T13:57:50.988-0400] {processor.py:925} INFO - DAG(s) 'example_branch_dop_operator_v3' retrieved from /home/huynguyen2741/airflow_venv/lib/python3.12/site-packages/airflow/example_dags/example_branch_python_dop_operator_3.py
[2025-08-06T13:57:51.066-0400] {logging_mixin.py:190} INFO - [2025-08-06T13:57:51.066-0400] {override.py:1930} INFO - Created Permission View: can edit on DAG:example_branch_dop_operator_v3
[2025-08-06T13:57:51.076-0400] {logging_mixin.py:190} INFO - [2025-08-06T13:57:51.076-0400] {override.py:1930} INFO - Created Permission View: can read on DAG:example_branch_dop_operator_v3
[2025-08-06T13:57:51.084-0400] {logging_mixin.py:190} INFO - [2025-08-06T13:57:51.084-0400] {override.py:1930} INFO - Created Permission View: can delete on DAG:example_branch_dop_operator_v3
[2025-08-06T13:57:51.098-0400] {logging_mixin.py:190} INFO - [2025-08-06T13:57:51.097-0400] {override.py:1930} INFO - Created Permission View: menu access on DAG Run:example_branch_dop_operator_v3
[2025-08-06T13:57:51.106-0400] {logging_mixin.py:190} INFO - [2025-08-06T13:57:51.106-0400] {override.py:1930} INFO - Created Permission View: can read on DAG Run:example_branch_dop_operator_v3
[2025-08-06T13:57:51.114-0400] {logging_mixin.py:190} INFO - [2025-08-06T13:57:51.114-0400] {override.py:1930} INFO - Created Permission View: can create on DAG Run:example_branch_dop_operator_v3
[2025-08-06T13:57:51.123-0400] {logging_mixin.py:190} INFO - [2025-08-06T13:57:51.122-0400] {override.py:1930} INFO - Created Permission View: can delete on DAG Run:example_branch_dop_operator_v3
[2025-08-06T13:57:51.123-0400] {logging_mixin.py:190} INFO - [2025-08-06T13:57:51.123-0400] {dag.py:3239} INFO - Sync 1 DAGs
[2025-08-06T13:57:51.130-0400] {logging_mixin.py:190} INFO - [2025-08-06T13:57:51.130-0400] {dag.py:3262} INFO - Creating ORM DAG for example_branch_dop_operator_v3
[2025-08-06T13:57:51.137-0400] {logging_mixin.py:190} INFO - [2025-08-06T13:57:51.137-0400] {dag.py:4180} INFO - Setting next_dagrun for example_branch_dop_operator_v3 to 2025-08-06 17:56:00+00:00, run_after=2025-08-06 17:57:00+00:00
[2025-08-06T13:57:51.153-0400] {processor.py:208} INFO - Processing /home/huynguyen2741/airflow_venv/lib/python3.12/site-packages/airflow/example_dags/example_branch_python_dop_operator_3.py took 0.179 seconds
[2025-08-06T13:58:57.757-0400] {processor.py:186} INFO - Started process (PID=18082) to work on /home/huynguyen2741/airflow_venv/lib/python3.12/site-packages/airflow/example_dags/example_branch_python_dop_operator_3.py
[2025-08-06T13:58:57.758-0400] {processor.py:914} INFO - Processing file /home/huynguyen2741/airflow_venv/lib/python3.12/site-packages/airflow/example_dags/example_branch_python_dop_operator_3.py for tasks to queue
[2025-08-06T13:58:57.760-0400] {logging_mixin.py:190} INFO - [2025-08-06T13:58:57.759-0400] {dagbag.py:588} INFO - Filling up the DagBag from /home/huynguyen2741/airflow_venv/lib/python3.12/site-packages/airflow/example_dags/example_branch_python_dop_operator_3.py
[2025-08-06T13:58:57.768-0400] {processor.py:925} INFO - DAG(s) 'example_branch_dop_operator_v3' retrieved from /home/huynguyen2741/airflow_venv/lib/python3.12/site-packages/airflow/example_dags/example_branch_python_dop_operator_3.py
[2025-08-06T13:58:57.779-0400] {logging_mixin.py:190} INFO - [2025-08-06T13:58:57.778-0400] {dag.py:3239} INFO - Sync 1 DAGs
[2025-08-06T13:58:57.793-0400] {logging_mixin.py:190} INFO - [2025-08-06T13:58:57.793-0400] {dag.py:4180} INFO - Setting next_dagrun for example_branch_dop_operator_v3 to 2025-08-06 17:57:00+00:00, run_after=2025-08-06 17:58:00+00:00
[2025-08-06T13:58:57.809-0400] {processor.py:208} INFO - Processing /home/huynguyen2741/airflow_venv/lib/python3.12/site-packages/airflow/example_dags/example_branch_python_dop_operator_3.py took 0.055 seconds
[2025-08-06T13:59:56.338-0400] {processor.py:186} INFO - Started process (PID=18302) to work on /home/huynguyen2741/airflow_venv/lib/python3.12/site-packages/airflow/example_dags/example_branch_python_dop_operator_3.py
[2025-08-06T13:59:56.347-0400] {processor.py:914} INFO - Processing file /home/huynguyen2741/airflow_venv/lib/python3.12/site-packages/airflow/example_dags/example_branch_python_dop_operator_3.py for tasks to queue
[2025-08-06T13:59:56.349-0400] {logging_mixin.py:190} INFO - [2025-08-06T13:59:56.349-0400] {dagbag.py:588} INFO - Filling up the DagBag from /home/huynguyen2741/airflow_venv/lib/python3.12/site-packages/airflow/example_dags/example_branch_python_dop_operator_3.py
[2025-08-06T13:59:56.357-0400] {processor.py:925} INFO - DAG(s) 'example_branch_dop_operator_v3' retrieved from /home/huynguyen2741/airflow_venv/lib/python3.12/site-packages/airflow/example_dags/example_branch_python_dop_operator_3.py
[2025-08-06T13:59:56.367-0400] {logging_mixin.py:190} INFO - [2025-08-06T13:59:56.367-0400] {dag.py:3239} INFO - Sync 1 DAGs
[2025-08-06T13:59:56.381-0400] {logging_mixin.py:190} INFO - [2025-08-06T13:59:56.381-0400] {dag.py:4180} INFO - Setting next_dagrun for example_branch_dop_operator_v3 to 2025-08-06 17:58:00+00:00, run_after=2025-08-06 17:59:00+00:00
[2025-08-06T13:59:56.398-0400] {processor.py:208} INFO - Processing /home/huynguyen2741/airflow_venv/lib/python3.12/site-packages/airflow/example_dags/example_branch_python_dop_operator_3.py took 0.065 seconds
[2025-08-06T14:00:58.970-0400] {processor.py:186} INFO - Started process (PID=18521) to work on /home/huynguyen2741/airflow_venv/lib/python3.12/site-packages/airflow/example_dags/example_branch_python_dop_operator_3.py
[2025-08-06T14:00:58.983-0400] {processor.py:914} INFO - Processing file /home/huynguyen2741/airflow_venv/lib/python3.12/site-packages/airflow/example_dags/example_branch_python_dop_operator_3.py for tasks to queue
[2025-08-06T14:00:58.985-0400] {logging_mixin.py:190} INFO - [2025-08-06T14:00:58.985-0400] {dagbag.py:588} INFO - Filling up the DagBag from /home/huynguyen2741/airflow_venv/lib/python3.12/site-packages/airflow/example_dags/example_branch_python_dop_operator_3.py
[2025-08-06T14:00:58.993-0400] {processor.py:925} INFO - DAG(s) 'example_branch_dop_operator_v3' retrieved from /home/huynguyen2741/airflow_venv/lib/python3.12/site-packages/airflow/example_dags/example_branch_python_dop_operator_3.py
[2025-08-06T14:00:59.005-0400] {logging_mixin.py:190} INFO - [2025-08-06T14:00:59.004-0400] {dag.py:3239} INFO - Sync 1 DAGs
[2025-08-06T14:00:59.019-0400] {logging_mixin.py:190} INFO - [2025-08-06T14:00:59.019-0400] {dag.py:4180} INFO - Setting next_dagrun for example_branch_dop_operator_v3 to 2025-08-06 17:59:00+00:00, run_after=2025-08-06 18:00:00+00:00
[2025-08-06T14:00:59.035-0400] {processor.py:208} INFO - Processing /home/huynguyen2741/airflow_venv/lib/python3.12/site-packages/airflow/example_dags/example_branch_python_dop_operator_3.py took 0.069 seconds
[2025-08-06T14:02:04.286-0400] {processor.py:186} INFO - Started process (PID=18749) to work on /home/huynguyen2741/airflow_venv/lib/python3.12/site-packages/airflow/example_dags/example_branch_python_dop_operator_3.py
[2025-08-06T14:02:04.290-0400] {processor.py:914} INFO - Processing file /home/huynguyen2741/airflow_venv/lib/python3.12/site-packages/airflow/example_dags/example_branch_python_dop_operator_3.py for tasks to queue
[2025-08-06T14:02:04.291-0400] {logging_mixin.py:190} INFO - [2025-08-06T14:02:04.291-0400] {dagbag.py:588} INFO - Filling up the DagBag from /home/huynguyen2741/airflow_venv/lib/python3.12/site-packages/airflow/example_dags/example_branch_python_dop_operator_3.py
[2025-08-06T14:02:04.299-0400] {processor.py:925} INFO - DAG(s) 'example_branch_dop_operator_v3' retrieved from /home/huynguyen2741/airflow_venv/lib/python3.12/site-packages/airflow/example_dags/example_branch_python_dop_operator_3.py
[2025-08-06T14:02:04.309-0400] {logging_mixin.py:190} INFO - [2025-08-06T14:02:04.309-0400] {dag.py:3239} INFO - Sync 1 DAGs
[2025-08-06T14:02:04.322-0400] {logging_mixin.py:190} INFO - [2025-08-06T14:02:04.322-0400] {dag.py:4180} INFO - Setting next_dagrun for example_branch_dop_operator_v3 to 2025-08-06 18:01:00+00:00, run_after=2025-08-06 18:02:00+00:00
[2025-08-06T14:02:04.336-0400] {processor.py:208} INFO - Processing /home/huynguyen2741/airflow_venv/lib/python3.12/site-packages/airflow/example_dags/example_branch_python_dop_operator_3.py took 0.055 seconds
[2025-08-06T14:03:05.289-0400] {processor.py:186} INFO - Started process (PID=18990) to work on /home/huynguyen2741/airflow_venv/lib/python3.12/site-packages/airflow/example_dags/example_branch_python_dop_operator_3.py
[2025-08-06T14:03:05.299-0400] {processor.py:914} INFO - Processing file /home/huynguyen2741/airflow_venv/lib/python3.12/site-packages/airflow/example_dags/example_branch_python_dop_operator_3.py for tasks to queue
[2025-08-06T14:03:05.301-0400] {logging_mixin.py:190} INFO - [2025-08-06T14:03:05.300-0400] {dagbag.py:588} INFO - Filling up the DagBag from /home/huynguyen2741/airflow_venv/lib/python3.12/site-packages/airflow/example_dags/example_branch_python_dop_operator_3.py
[2025-08-06T14:03:05.308-0400] {processor.py:925} INFO - DAG(s) 'example_branch_dop_operator_v3' retrieved from /home/huynguyen2741/airflow_venv/lib/python3.12/site-packages/airflow/example_dags/example_branch_python_dop_operator_3.py
[2025-08-06T14:03:05.318-0400] {logging_mixin.py:190} INFO - [2025-08-06T14:03:05.318-0400] {dag.py:3239} INFO - Sync 1 DAGs
[2025-08-06T14:03:05.331-0400] {logging_mixin.py:190} INFO - [2025-08-06T14:03:05.331-0400] {dag.py:4180} INFO - Setting next_dagrun for example_branch_dop_operator_v3 to 2025-08-06 18:02:00+00:00, run_after=2025-08-06 18:03:00+00:00
[2025-08-06T14:03:05.346-0400] {processor.py:208} INFO - Processing /home/huynguyen2741/airflow_venv/lib/python3.12/site-packages/airflow/example_dags/example_branch_python_dop_operator_3.py took 0.060 seconds
[2025-08-06T14:04:07.355-0400] {processor.py:186} INFO - Started process (PID=19225) to work on /home/huynguyen2741/airflow_venv/lib/python3.12/site-packages/airflow/example_dags/example_branch_python_dop_operator_3.py
[2025-08-06T14:04:07.365-0400] {processor.py:914} INFO - Processing file /home/huynguyen2741/airflow_venv/lib/python3.12/site-packages/airflow/example_dags/example_branch_python_dop_operator_3.py for tasks to queue
[2025-08-06T14:04:07.367-0400] {logging_mixin.py:190} INFO - [2025-08-06T14:04:07.366-0400] {dagbag.py:588} INFO - Filling up the DagBag from /home/huynguyen2741/airflow_venv/lib/python3.12/site-packages/airflow/example_dags/example_branch_python_dop_operator_3.py
[2025-08-06T14:04:07.374-0400] {processor.py:925} INFO - DAG(s) 'example_branch_dop_operator_v3' retrieved from /home/huynguyen2741/airflow_venv/lib/python3.12/site-packages/airflow/example_dags/example_branch_python_dop_operator_3.py
[2025-08-06T14:04:07.386-0400] {logging_mixin.py:190} INFO - [2025-08-06T14:04:07.385-0400] {dag.py:3239} INFO - Sync 1 DAGs
[2025-08-06T14:04:07.402-0400] {logging_mixin.py:190} INFO - [2025-08-06T14:04:07.402-0400] {dag.py:4180} INFO - Setting next_dagrun for example_branch_dop_operator_v3 to 2025-08-06 18:03:00+00:00, run_after=2025-08-06 18:04:00+00:00
[2025-08-06T14:04:07.419-0400] {processor.py:208} INFO - Processing /home/huynguyen2741/airflow_venv/lib/python3.12/site-packages/airflow/example_dags/example_branch_python_dop_operator_3.py took 0.068 seconds
[2025-08-06T14:05:08.602-0400] {processor.py:186} INFO - Started process (PID=19476) to work on /home/huynguyen2741/airflow_venv/lib/python3.12/site-packages/airflow/example_dags/example_branch_python_dop_operator_3.py
[2025-08-06T14:05:08.606-0400] {processor.py:914} INFO - Processing file /home/huynguyen2741/airflow_venv/lib/python3.12/site-packages/airflow/example_dags/example_branch_python_dop_operator_3.py for tasks to queue
[2025-08-06T14:05:08.607-0400] {logging_mixin.py:190} INFO - [2025-08-06T14:05:08.607-0400] {dagbag.py:588} INFO - Filling up the DagBag from /home/huynguyen2741/airflow_venv/lib/python3.12/site-packages/airflow/example_dags/example_branch_python_dop_operator_3.py
[2025-08-06T14:05:08.615-0400] {processor.py:925} INFO - DAG(s) 'example_branch_dop_operator_v3' retrieved from /home/huynguyen2741/airflow_venv/lib/python3.12/site-packages/airflow/example_dags/example_branch_python_dop_operator_3.py
[2025-08-06T14:05:08.625-0400] {logging_mixin.py:190} INFO - [2025-08-06T14:05:08.625-0400] {dag.py:3239} INFO - Sync 1 DAGs
[2025-08-06T14:05:08.638-0400] {logging_mixin.py:190} INFO - [2025-08-06T14:05:08.638-0400] {dag.py:4180} INFO - Setting next_dagrun for example_branch_dop_operator_v3 to 2025-08-06 18:04:00+00:00, run_after=2025-08-06 18:05:00+00:00
[2025-08-06T14:05:08.743-0400] {processor.py:208} INFO - Processing /home/huynguyen2741/airflow_venv/lib/python3.12/site-packages/airflow/example_dags/example_branch_python_dop_operator_3.py took 0.145 seconds
[2025-08-06T14:06:13.547-0400] {processor.py:186} INFO - Started process (PID=19817) to work on /home/huynguyen2741/airflow_venv/lib/python3.12/site-packages/airflow/example_dags/example_branch_python_dop_operator_3.py
[2025-08-06T14:06:13.551-0400] {processor.py:914} INFO - Processing file /home/huynguyen2741/airflow_venv/lib/python3.12/site-packages/airflow/example_dags/example_branch_python_dop_operator_3.py for tasks to queue
[2025-08-06T14:06:13.553-0400] {logging_mixin.py:190} INFO - [2025-08-06T14:06:13.552-0400] {dagbag.py:588} INFO - Filling up the DagBag from /home/huynguyen2741/airflow_venv/lib/python3.12/site-packages/airflow/example_dags/example_branch_python_dop_operator_3.py
[2025-08-06T14:06:13.560-0400] {processor.py:925} INFO - DAG(s) 'example_branch_dop_operator_v3' retrieved from /home/huynguyen2741/airflow_venv/lib/python3.12/site-packages/airflow/example_dags/example_branch_python_dop_operator_3.py
[2025-08-06T14:06:13.574-0400] {logging_mixin.py:190} INFO - [2025-08-06T14:06:13.574-0400] {dag.py:3239} INFO - Sync 1 DAGs
[2025-08-06T14:06:13.591-0400] {logging_mixin.py:190} INFO - [2025-08-06T14:06:13.591-0400] {dag.py:4180} INFO - Setting next_dagrun for example_branch_dop_operator_v3 to 2025-08-06 18:05:00+00:00, run_after=2025-08-06 18:06:00+00:00
[2025-08-06T14:06:13.609-0400] {processor.py:208} INFO - Processing /home/huynguyen2741/airflow_venv/lib/python3.12/site-packages/airflow/example_dags/example_branch_python_dop_operator_3.py took 0.066 seconds
[2025-08-06T14:07:21.865-0400] {processor.py:186} INFO - Started process (PID=20059) to work on /home/huynguyen2741/airflow_venv/lib/python3.12/site-packages/airflow/example_dags/example_branch_python_dop_operator_3.py
[2025-08-06T14:07:21.866-0400] {processor.py:914} INFO - Processing file /home/huynguyen2741/airflow_venv/lib/python3.12/site-packages/airflow/example_dags/example_branch_python_dop_operator_3.py for tasks to queue
[2025-08-06T14:07:21.867-0400] {logging_mixin.py:190} INFO - [2025-08-06T14:07:21.867-0400] {dagbag.py:588} INFO - Filling up the DagBag from /home/huynguyen2741/airflow_venv/lib/python3.12/site-packages/airflow/example_dags/example_branch_python_dop_operator_3.py
[2025-08-06T14:07:21.875-0400] {processor.py:925} INFO - DAG(s) 'example_branch_dop_operator_v3' retrieved from /home/huynguyen2741/airflow_venv/lib/python3.12/site-packages/airflow/example_dags/example_branch_python_dop_operator_3.py
[2025-08-06T14:07:21.885-0400] {logging_mixin.py:190} INFO - [2025-08-06T14:07:21.885-0400] {dag.py:3239} INFO - Sync 1 DAGs
[2025-08-06T14:07:21.899-0400] {logging_mixin.py:190} INFO - [2025-08-06T14:07:21.899-0400] {dag.py:4180} INFO - Setting next_dagrun for example_branch_dop_operator_v3 to 2025-08-06 18:06:00+00:00, run_after=2025-08-06 18:07:00+00:00
[2025-08-06T14:07:21.915-0400] {processor.py:208} INFO - Processing /home/huynguyen2741/airflow_venv/lib/python3.12/site-packages/airflow/example_dags/example_branch_python_dop_operator_3.py took 0.054 seconds
[2025-08-06T14:08:28.659-0400] {processor.py:186} INFO - Started process (PID=20363) to work on /home/huynguyen2741/airflow_venv/lib/python3.12/site-packages/airflow/example_dags/example_branch_python_dop_operator_3.py
[2025-08-06T14:08:28.660-0400] {processor.py:914} INFO - Processing file /home/huynguyen2741/airflow_venv/lib/python3.12/site-packages/airflow/example_dags/example_branch_python_dop_operator_3.py for tasks to queue
[2025-08-06T14:08:28.662-0400] {logging_mixin.py:190} INFO - [2025-08-06T14:08:28.662-0400] {dagbag.py:588} INFO - Filling up the DagBag from /home/huynguyen2741/airflow_venv/lib/python3.12/site-packages/airflow/example_dags/example_branch_python_dop_operator_3.py
[2025-08-06T14:08:28.670-0400] {processor.py:925} INFO - DAG(s) 'example_branch_dop_operator_v3' retrieved from /home/huynguyen2741/airflow_venv/lib/python3.12/site-packages/airflow/example_dags/example_branch_python_dop_operator_3.py
[2025-08-06T14:08:28.680-0400] {logging_mixin.py:190} INFO - [2025-08-06T14:08:28.680-0400] {dag.py:3239} INFO - Sync 1 DAGs
[2025-08-06T14:08:28.694-0400] {logging_mixin.py:190} INFO - [2025-08-06T14:08:28.694-0400] {dag.py:4180} INFO - Setting next_dagrun for example_branch_dop_operator_v3 to 2025-08-06 18:07:00+00:00, run_after=2025-08-06 18:08:00+00:00
[2025-08-06T14:08:28.709-0400] {processor.py:208} INFO - Processing /home/huynguyen2741/airflow_venv/lib/python3.12/site-packages/airflow/example_dags/example_branch_python_dop_operator_3.py took 0.054 seconds
[2025-08-06T14:09:39.120-0400] {processor.py:186} INFO - Started process (PID=20840) to work on /home/huynguyen2741/airflow_venv/lib/python3.12/site-packages/airflow/example_dags/example_branch_python_dop_operator_3.py
[2025-08-06T14:09:39.121-0400] {processor.py:914} INFO - Processing file /home/huynguyen2741/airflow_venv/lib/python3.12/site-packages/airflow/example_dags/example_branch_python_dop_operator_3.py for tasks to queue
[2025-08-06T14:09:39.122-0400] {logging_mixin.py:190} INFO - [2025-08-06T14:09:39.122-0400] {dagbag.py:588} INFO - Filling up the DagBag from /home/huynguyen2741/airflow_venv/lib/python3.12/site-packages/airflow/example_dags/example_branch_python_dop_operator_3.py
[2025-08-06T14:09:39.241-0400] {processor.py:925} INFO - DAG(s) 'example_branch_dop_operator_v3' retrieved from /home/huynguyen2741/airflow_venv/lib/python3.12/site-packages/airflow/example_dags/example_branch_python_dop_operator_3.py
[2025-08-06T14:09:39.250-0400] {logging_mixin.py:190} INFO - [2025-08-06T14:09:39.250-0400] {dag.py:3239} INFO - Sync 1 DAGs
[2025-08-06T14:09:39.263-0400] {logging_mixin.py:190} INFO - [2025-08-06T14:09:39.262-0400] {dag.py:4180} INFO - Setting next_dagrun for example_branch_dop_operator_v3 to 2025-08-06 18:08:00+00:00, run_after=2025-08-06 18:09:00+00:00
[2025-08-06T14:09:39.278-0400] {processor.py:208} INFO - Processing /home/huynguyen2741/airflow_venv/lib/python3.12/site-packages/airflow/example_dags/example_branch_python_dop_operator_3.py took 0.162 seconds
[2025-08-06T14:10:36.233-0400] {processor.py:186} INFO - Started process (PID=21195) to work on /home/huynguyen2741/airflow_venv/lib/python3.12/site-packages/airflow/example_dags/example_branch_python_dop_operator_3.py
[2025-08-06T14:10:36.234-0400] {processor.py:914} INFO - Processing file /home/huynguyen2741/airflow_venv/lib/python3.12/site-packages/airflow/example_dags/example_branch_python_dop_operator_3.py for tasks to queue
[2025-08-06T14:10:36.235-0400] {logging_mixin.py:190} INFO - [2025-08-06T14:10:36.235-0400] {dagbag.py:588} INFO - Filling up the DagBag from /home/huynguyen2741/airflow_venv/lib/python3.12/site-packages/airflow/example_dags/example_branch_python_dop_operator_3.py
[2025-08-06T14:10:36.243-0400] {processor.py:925} INFO - DAG(s) 'example_branch_dop_operator_v3' retrieved from /home/huynguyen2741/airflow_venv/lib/python3.12/site-packages/airflow/example_dags/example_branch_python_dop_operator_3.py
[2025-08-06T14:10:36.254-0400] {logging_mixin.py:190} INFO - [2025-08-06T14:10:36.254-0400] {dag.py:3239} INFO - Sync 1 DAGs
[2025-08-06T14:10:36.267-0400] {logging_mixin.py:190} INFO - [2025-08-06T14:10:36.267-0400] {dag.py:4180} INFO - Setting next_dagrun for example_branch_dop_operator_v3 to 2025-08-06 18:09:00+00:00, run_after=2025-08-06 18:10:00+00:00
[2025-08-06T14:10:36.282-0400] {processor.py:208} INFO - Processing /home/huynguyen2741/airflow_venv/lib/python3.12/site-packages/airflow/example_dags/example_branch_python_dop_operator_3.py took 0.054 seconds
[2025-08-06T14:11:39.696-0400] {processor.py:186} INFO - Started process (PID=21430) to work on /home/huynguyen2741/airflow_venv/lib/python3.12/site-packages/airflow/example_dags/example_branch_python_dop_operator_3.py
[2025-08-06T14:11:39.700-0400] {processor.py:914} INFO - Processing file /home/huynguyen2741/airflow_venv/lib/python3.12/site-packages/airflow/example_dags/example_branch_python_dop_operator_3.py for tasks to queue
[2025-08-06T14:11:39.702-0400] {logging_mixin.py:190} INFO - [2025-08-06T14:11:39.702-0400] {dagbag.py:588} INFO - Filling up the DagBag from /home/huynguyen2741/airflow_venv/lib/python3.12/site-packages/airflow/example_dags/example_branch_python_dop_operator_3.py
[2025-08-06T14:11:39.710-0400] {processor.py:925} INFO - DAG(s) 'example_branch_dop_operator_v3' retrieved from /home/huynguyen2741/airflow_venv/lib/python3.12/site-packages/airflow/example_dags/example_branch_python_dop_operator_3.py
[2025-08-06T14:11:39.723-0400] {logging_mixin.py:190} INFO - [2025-08-06T14:11:39.723-0400] {dag.py:3239} INFO - Sync 1 DAGs
[2025-08-06T14:11:39.741-0400] {logging_mixin.py:190} INFO - [2025-08-06T14:11:39.741-0400] {dag.py:4180} INFO - Setting next_dagrun for example_branch_dop_operator_v3 to 2025-08-06 18:10:00+00:00, run_after=2025-08-06 18:11:00+00:00
[2025-08-06T14:11:39.760-0400] {processor.py:208} INFO - Processing /home/huynguyen2741/airflow_venv/lib/python3.12/site-packages/airflow/example_dags/example_branch_python_dop_operator_3.py took 0.070 seconds
[2025-08-06T14:12:44.411-0400] {processor.py:186} INFO - Started process (PID=21814) to work on /home/huynguyen2741/airflow_venv/lib/python3.12/site-packages/airflow/example_dags/example_branch_python_dop_operator_3.py
[2025-08-06T14:12:44.415-0400] {processor.py:914} INFO - Processing file /home/huynguyen2741/airflow_venv/lib/python3.12/site-packages/airflow/example_dags/example_branch_python_dop_operator_3.py for tasks to queue
[2025-08-06T14:12:44.416-0400] {logging_mixin.py:190} INFO - [2025-08-06T14:12:44.416-0400] {dagbag.py:588} INFO - Filling up the DagBag from /home/huynguyen2741/airflow_venv/lib/python3.12/site-packages/airflow/example_dags/example_branch_python_dop_operator_3.py
[2025-08-06T14:12:44.425-0400] {processor.py:925} INFO - DAG(s) 'example_branch_dop_operator_v3' retrieved from /home/huynguyen2741/airflow_venv/lib/python3.12/site-packages/airflow/example_dags/example_branch_python_dop_operator_3.py
[2025-08-06T14:12:44.440-0400] {logging_mixin.py:190} INFO - [2025-08-06T14:12:44.440-0400] {dag.py:3239} INFO - Sync 1 DAGs
[2025-08-06T14:12:44.459-0400] {logging_mixin.py:190} INFO - [2025-08-06T14:12:44.459-0400] {dag.py:4180} INFO - Setting next_dagrun for example_branch_dop_operator_v3 to 2025-08-06 18:11:00+00:00, run_after=2025-08-06 18:12:00+00:00
[2025-08-06T14:12:44.477-0400] {processor.py:208} INFO - Processing /home/huynguyen2741/airflow_venv/lib/python3.12/site-packages/airflow/example_dags/example_branch_python_dop_operator_3.py took 0.071 seconds
[2025-08-06T14:13:45.311-0400] {processor.py:186} INFO - Started process (PID=22268) to work on /home/huynguyen2741/airflow_venv/lib/python3.12/site-packages/airflow/example_dags/example_branch_python_dop_operator_3.py
[2025-08-06T14:13:45.313-0400] {processor.py:914} INFO - Processing file /home/huynguyen2741/airflow_venv/lib/python3.12/site-packages/airflow/example_dags/example_branch_python_dop_operator_3.py for tasks to queue
[2025-08-06T14:13:45.314-0400] {logging_mixin.py:190} INFO - [2025-08-06T14:13:45.313-0400] {dagbag.py:588} INFO - Filling up the DagBag from /home/huynguyen2741/airflow_venv/lib/python3.12/site-packages/airflow/example_dags/example_branch_python_dop_operator_3.py
[2025-08-06T14:13:45.323-0400] {processor.py:925} INFO - DAG(s) 'example_branch_dop_operator_v3' retrieved from /home/huynguyen2741/airflow_venv/lib/python3.12/site-packages/airflow/example_dags/example_branch_python_dop_operator_3.py
[2025-08-06T14:13:45.340-0400] {logging_mixin.py:190} INFO - [2025-08-06T14:13:45.339-0400] {dag.py:3239} INFO - Sync 1 DAGs
[2025-08-06T14:13:45.358-0400] {logging_mixin.py:190} INFO - [2025-08-06T14:13:45.358-0400] {dag.py:4180} INFO - Setting next_dagrun for example_branch_dop_operator_v3 to 2025-08-06 18:12:00+00:00, run_after=2025-08-06 18:13:00+00:00
[2025-08-06T14:13:45.380-0400] {processor.py:208} INFO - Processing /home/huynguyen2741/airflow_venv/lib/python3.12/site-packages/airflow/example_dags/example_branch_python_dop_operator_3.py took 0.073 seconds
[2025-08-06T14:14:54.424-0400] {processor.py:186} INFO - Started process (PID=22656) to work on /home/huynguyen2741/airflow_venv/lib/python3.12/site-packages/airflow/example_dags/example_branch_python_dop_operator_3.py
[2025-08-06T14:14:54.428-0400] {processor.py:914} INFO - Processing file /home/huynguyen2741/airflow_venv/lib/python3.12/site-packages/airflow/example_dags/example_branch_python_dop_operator_3.py for tasks to queue
[2025-08-06T14:14:54.429-0400] {logging_mixin.py:190} INFO - [2025-08-06T14:14:54.429-0400] {dagbag.py:588} INFO - Filling up the DagBag from /home/huynguyen2741/airflow_venv/lib/python3.12/site-packages/airflow/example_dags/example_branch_python_dop_operator_3.py
[2025-08-06T14:14:54.438-0400] {processor.py:925} INFO - DAG(s) 'example_branch_dop_operator_v3' retrieved from /home/huynguyen2741/airflow_venv/lib/python3.12/site-packages/airflow/example_dags/example_branch_python_dop_operator_3.py
[2025-08-06T14:14:54.453-0400] {logging_mixin.py:190} INFO - [2025-08-06T14:14:54.452-0400] {dag.py:3239} INFO - Sync 1 DAGs
[2025-08-06T14:14:54.470-0400] {logging_mixin.py:190} INFO - [2025-08-06T14:14:54.470-0400] {dag.py:4180} INFO - Setting next_dagrun for example_branch_dop_operator_v3 to 2025-08-06 18:13:00+00:00, run_after=2025-08-06 18:14:00+00:00
[2025-08-06T14:14:54.486-0400] {processor.py:208} INFO - Processing /home/huynguyen2741/airflow_venv/lib/python3.12/site-packages/airflow/example_dags/example_branch_python_dop_operator_3.py took 0.067 seconds
[2025-08-06T14:15:55.894-0400] {processor.py:186} INFO - Started process (PID=23004) to work on /home/huynguyen2741/airflow_venv/lib/python3.12/site-packages/airflow/example_dags/example_branch_python_dop_operator_3.py
[2025-08-06T14:15:55.905-0400] {processor.py:914} INFO - Processing file /home/huynguyen2741/airflow_venv/lib/python3.12/site-packages/airflow/example_dags/example_branch_python_dop_operator_3.py for tasks to queue
[2025-08-06T14:15:55.906-0400] {logging_mixin.py:190} INFO - [2025-08-06T14:15:55.905-0400] {dagbag.py:588} INFO - Filling up the DagBag from /home/huynguyen2741/airflow_venv/lib/python3.12/site-packages/airflow/example_dags/example_branch_python_dop_operator_3.py
[2025-08-06T14:15:55.914-0400] {processor.py:925} INFO - DAG(s) 'example_branch_dop_operator_v3' retrieved from /home/huynguyen2741/airflow_venv/lib/python3.12/site-packages/airflow/example_dags/example_branch_python_dop_operator_3.py
[2025-08-06T14:15:55.934-0400] {logging_mixin.py:190} INFO - [2025-08-06T14:15:55.933-0400] {dag.py:3239} INFO - Sync 1 DAGs
[2025-08-06T14:15:55.949-0400] {logging_mixin.py:190} INFO - [2025-08-06T14:15:55.949-0400] {dag.py:4180} INFO - Setting next_dagrun for example_branch_dop_operator_v3 to 2025-08-06 18:14:00+00:00, run_after=2025-08-06 18:15:00+00:00
[2025-08-06T14:15:55.965-0400] {processor.py:208} INFO - Processing /home/huynguyen2741/airflow_venv/lib/python3.12/site-packages/airflow/example_dags/example_branch_python_dop_operator_3.py took 0.075 seconds
[2025-08-06T14:17:00.372-0400] {processor.py:186} INFO - Started process (PID=23239) to work on /home/huynguyen2741/airflow_venv/lib/python3.12/site-packages/airflow/example_dags/example_branch_python_dop_operator_3.py
[2025-08-06T14:17:00.377-0400] {processor.py:914} INFO - Processing file /home/huynguyen2741/airflow_venv/lib/python3.12/site-packages/airflow/example_dags/example_branch_python_dop_operator_3.py for tasks to queue
[2025-08-06T14:17:00.378-0400] {logging_mixin.py:190} INFO - [2025-08-06T14:17:00.377-0400] {dagbag.py:588} INFO - Filling up the DagBag from /home/huynguyen2741/airflow_venv/lib/python3.12/site-packages/airflow/example_dags/example_branch_python_dop_operator_3.py
[2025-08-06T14:17:00.386-0400] {processor.py:925} INFO - DAG(s) 'example_branch_dop_operator_v3' retrieved from /home/huynguyen2741/airflow_venv/lib/python3.12/site-packages/airflow/example_dags/example_branch_python_dop_operator_3.py
[2025-08-06T14:17:00.397-0400] {logging_mixin.py:190} INFO - [2025-08-06T14:17:00.396-0400] {dag.py:3239} INFO - Sync 1 DAGs
[2025-08-06T14:17:00.411-0400] {logging_mixin.py:190} INFO - [2025-08-06T14:17:00.411-0400] {dag.py:4180} INFO - Setting next_dagrun for example_branch_dop_operator_v3 to 2025-08-06 18:16:00+00:00, run_after=2025-08-06 18:17:00+00:00
[2025-08-06T14:17:00.427-0400] {processor.py:208} INFO - Processing /home/huynguyen2741/airflow_venv/lib/python3.12/site-packages/airflow/example_dags/example_branch_python_dop_operator_3.py took 0.059 seconds
[2025-08-06T14:18:08.434-0400] {processor.py:186} INFO - Started process (PID=23491) to work on /home/huynguyen2741/airflow_venv/lib/python3.12/site-packages/airflow/example_dags/example_branch_python_dop_operator_3.py
[2025-08-06T14:18:08.435-0400] {processor.py:914} INFO - Processing file /home/huynguyen2741/airflow_venv/lib/python3.12/site-packages/airflow/example_dags/example_branch_python_dop_operator_3.py for tasks to queue
[2025-08-06T14:18:08.437-0400] {logging_mixin.py:190} INFO - [2025-08-06T14:18:08.436-0400] {dagbag.py:588} INFO - Filling up the DagBag from /home/huynguyen2741/airflow_venv/lib/python3.12/site-packages/airflow/example_dags/example_branch_python_dop_operator_3.py
[2025-08-06T14:18:08.447-0400] {processor.py:925} INFO - DAG(s) 'example_branch_dop_operator_v3' retrieved from /home/huynguyen2741/airflow_venv/lib/python3.12/site-packages/airflow/example_dags/example_branch_python_dop_operator_3.py
[2025-08-06T14:18:08.464-0400] {logging_mixin.py:190} INFO - [2025-08-06T14:18:08.464-0400] {dag.py:3239} INFO - Sync 1 DAGs
[2025-08-06T14:18:08.483-0400] {logging_mixin.py:190} INFO - [2025-08-06T14:18:08.483-0400] {dag.py:4180} INFO - Setting next_dagrun for example_branch_dop_operator_v3 to 2025-08-06 18:17:00+00:00, run_after=2025-08-06 18:18:00+00:00
[2025-08-06T14:18:08.503-0400] {processor.py:208} INFO - Processing /home/huynguyen2741/airflow_venv/lib/python3.12/site-packages/airflow/example_dags/example_branch_python_dop_operator_3.py took 0.074 seconds
[2025-08-06T14:19:14.831-0400] {processor.py:186} INFO - Started process (PID=23761) to work on /home/huynguyen2741/airflow_venv/lib/python3.12/site-packages/airflow/example_dags/example_branch_python_dop_operator_3.py
[2025-08-06T14:19:14.835-0400] {processor.py:914} INFO - Processing file /home/huynguyen2741/airflow_venv/lib/python3.12/site-packages/airflow/example_dags/example_branch_python_dop_operator_3.py for tasks to queue
[2025-08-06T14:19:14.836-0400] {logging_mixin.py:190} INFO - [2025-08-06T14:19:14.836-0400] {dagbag.py:588} INFO - Filling up the DagBag from /home/huynguyen2741/airflow_venv/lib/python3.12/site-packages/airflow/example_dags/example_branch_python_dop_operator_3.py
[2025-08-06T14:19:14.846-0400] {processor.py:925} INFO - DAG(s) 'example_branch_dop_operator_v3' retrieved from /home/huynguyen2741/airflow_venv/lib/python3.12/site-packages/airflow/example_dags/example_branch_python_dop_operator_3.py
[2025-08-06T14:19:14.860-0400] {logging_mixin.py:190} INFO - [2025-08-06T14:19:14.860-0400] {dag.py:3239} INFO - Sync 1 DAGs
[2025-08-06T14:19:14.878-0400] {logging_mixin.py:190} INFO - [2025-08-06T14:19:14.877-0400] {dag.py:4180} INFO - Setting next_dagrun for example_branch_dop_operator_v3 to 2025-08-06 18:18:00+00:00, run_after=2025-08-06 18:19:00+00:00
[2025-08-06T14:19:14.896-0400] {processor.py:208} INFO - Processing /home/huynguyen2741/airflow_venv/lib/python3.12/site-packages/airflow/example_dags/example_branch_python_dop_operator_3.py took 0.069 seconds
[2025-08-06T14:20:16.205-0400] {processor.py:186} INFO - Started process (PID=23989) to work on /home/huynguyen2741/airflow_venv/lib/python3.12/site-packages/airflow/example_dags/example_branch_python_dop_operator_3.py
[2025-08-06T14:20:16.206-0400] {processor.py:914} INFO - Processing file /home/huynguyen2741/airflow_venv/lib/python3.12/site-packages/airflow/example_dags/example_branch_python_dop_operator_3.py for tasks to queue
[2025-08-06T14:20:16.207-0400] {logging_mixin.py:190} INFO - [2025-08-06T14:20:16.207-0400] {dagbag.py:588} INFO - Filling up the DagBag from /home/huynguyen2741/airflow_venv/lib/python3.12/site-packages/airflow/example_dags/example_branch_python_dop_operator_3.py
[2025-08-06T14:20:16.215-0400] {processor.py:925} INFO - DAG(s) 'example_branch_dop_operator_v3' retrieved from /home/huynguyen2741/airflow_venv/lib/python3.12/site-packages/airflow/example_dags/example_branch_python_dop_operator_3.py
[2025-08-06T14:20:16.226-0400] {logging_mixin.py:190} INFO - [2025-08-06T14:20:16.226-0400] {dag.py:3239} INFO - Sync 1 DAGs
[2025-08-06T14:20:16.240-0400] {logging_mixin.py:190} INFO - [2025-08-06T14:20:16.240-0400] {dag.py:4180} INFO - Setting next_dagrun for example_branch_dop_operator_v3 to 2025-08-06 18:19:00+00:00, run_after=2025-08-06 18:20:00+00:00
[2025-08-06T14:20:16.256-0400] {processor.py:208} INFO - Processing /home/huynguyen2741/airflow_venv/lib/python3.12/site-packages/airflow/example_dags/example_branch_python_dop_operator_3.py took 0.055 seconds
[2025-08-06T14:21:21.968-0400] {processor.py:186} INFO - Started process (PID=24219) to work on /home/huynguyen2741/airflow_venv/lib/python3.12/site-packages/airflow/example_dags/example_branch_python_dop_operator_3.py
[2025-08-06T14:21:21.978-0400] {processor.py:914} INFO - Processing file /home/huynguyen2741/airflow_venv/lib/python3.12/site-packages/airflow/example_dags/example_branch_python_dop_operator_3.py for tasks to queue
[2025-08-06T14:21:21.979-0400] {logging_mixin.py:190} INFO - [2025-08-06T14:21:21.979-0400] {dagbag.py:588} INFO - Filling up the DagBag from /home/huynguyen2741/airflow_venv/lib/python3.12/site-packages/airflow/example_dags/example_branch_python_dop_operator_3.py
[2025-08-06T14:21:21.987-0400] {processor.py:925} INFO - DAG(s) 'example_branch_dop_operator_v3' retrieved from /home/huynguyen2741/airflow_venv/lib/python3.12/site-packages/airflow/example_dags/example_branch_python_dop_operator_3.py
[2025-08-06T14:21:21.998-0400] {logging_mixin.py:190} INFO - [2025-08-06T14:21:21.998-0400] {dag.py:3239} INFO - Sync 1 DAGs
[2025-08-06T14:21:22.013-0400] {logging_mixin.py:190} INFO - [2025-08-06T14:21:22.012-0400] {dag.py:4180} INFO - Setting next_dagrun for example_branch_dop_operator_v3 to 2025-08-06 18:20:00+00:00, run_after=2025-08-06 18:21:00+00:00
[2025-08-06T14:21:22.029-0400] {processor.py:208} INFO - Processing /home/huynguyen2741/airflow_venv/lib/python3.12/site-packages/airflow/example_dags/example_branch_python_dop_operator_3.py took 0.065 seconds
[2025-08-06T14:22:28.797-0400] {processor.py:186} INFO - Started process (PID=24563) to work on /home/huynguyen2741/airflow_venv/lib/python3.12/site-packages/airflow/example_dags/example_branch_python_dop_operator_3.py
[2025-08-06T14:22:28.801-0400] {processor.py:914} INFO - Processing file /home/huynguyen2741/airflow_venv/lib/python3.12/site-packages/airflow/example_dags/example_branch_python_dop_operator_3.py for tasks to queue
[2025-08-06T14:22:28.802-0400] {logging_mixin.py:190} INFO - [2025-08-06T14:22:28.802-0400] {dagbag.py:588} INFO - Filling up the DagBag from /home/huynguyen2741/airflow_venv/lib/python3.12/site-packages/airflow/example_dags/example_branch_python_dop_operator_3.py
[2025-08-06T14:22:28.810-0400] {processor.py:925} INFO - DAG(s) 'example_branch_dop_operator_v3' retrieved from /home/huynguyen2741/airflow_venv/lib/python3.12/site-packages/airflow/example_dags/example_branch_python_dop_operator_3.py
[2025-08-06T14:22:28.821-0400] {logging_mixin.py:190} INFO - [2025-08-06T14:22:28.821-0400] {dag.py:3239} INFO - Sync 1 DAGs
[2025-08-06T14:22:28.834-0400] {logging_mixin.py:190} INFO - [2025-08-06T14:22:28.834-0400] {dag.py:4180} INFO - Setting next_dagrun for example_branch_dop_operator_v3 to 2025-08-06 18:21:00+00:00, run_after=2025-08-06 18:22:00+00:00
[2025-08-06T14:22:28.849-0400] {processor.py:208} INFO - Processing /home/huynguyen2741/airflow_venv/lib/python3.12/site-packages/airflow/example_dags/example_branch_python_dop_operator_3.py took 0.057 seconds
[2025-08-06T14:23:34.340-0400] {processor.py:186} INFO - Started process (PID=25054) to work on /home/huynguyen2741/airflow_venv/lib/python3.12/site-packages/airflow/example_dags/example_branch_python_dop_operator_3.py
[2025-08-06T14:23:34.341-0400] {processor.py:914} INFO - Processing file /home/huynguyen2741/airflow_venv/lib/python3.12/site-packages/airflow/example_dags/example_branch_python_dop_operator_3.py for tasks to queue
[2025-08-06T14:23:34.342-0400] {logging_mixin.py:190} INFO - [2025-08-06T14:23:34.342-0400] {dagbag.py:588} INFO - Filling up the DagBag from /home/huynguyen2741/airflow_venv/lib/python3.12/site-packages/airflow/example_dags/example_branch_python_dop_operator_3.py
[2025-08-06T14:23:34.350-0400] {processor.py:925} INFO - DAG(s) 'example_branch_dop_operator_v3' retrieved from /home/huynguyen2741/airflow_venv/lib/python3.12/site-packages/airflow/example_dags/example_branch_python_dop_operator_3.py
[2025-08-06T14:23:34.362-0400] {logging_mixin.py:190} INFO - [2025-08-06T14:23:34.362-0400] {dag.py:3239} INFO - Sync 1 DAGs
[2025-08-06T14:23:34.378-0400] {logging_mixin.py:190} INFO - [2025-08-06T14:23:34.378-0400] {dag.py:4180} INFO - Setting next_dagrun for example_branch_dop_operator_v3 to 2025-08-06 18:22:00+00:00, run_after=2025-08-06 18:23:00+00:00
[2025-08-06T14:23:34.395-0400] {processor.py:208} INFO - Processing /home/huynguyen2741/airflow_venv/lib/python3.12/site-packages/airflow/example_dags/example_branch_python_dop_operator_3.py took 0.062 seconds
[2025-08-06T14:24:38.621-0400] {processor.py:186} INFO - Started process (PID=25314) to work on /home/huynguyen2741/airflow_venv/lib/python3.12/site-packages/airflow/example_dags/example_branch_python_dop_operator_3.py
[2025-08-06T14:24:38.625-0400] {processor.py:914} INFO - Processing file /home/huynguyen2741/airflow_venv/lib/python3.12/site-packages/airflow/example_dags/example_branch_python_dop_operator_3.py for tasks to queue
[2025-08-06T14:24:38.626-0400] {logging_mixin.py:190} INFO - [2025-08-06T14:24:38.625-0400] {dagbag.py:588} INFO - Filling up the DagBag from /home/huynguyen2741/airflow_venv/lib/python3.12/site-packages/airflow/example_dags/example_branch_python_dop_operator_3.py
[2025-08-06T14:24:38.633-0400] {processor.py:925} INFO - DAG(s) 'example_branch_dop_operator_v3' retrieved from /home/huynguyen2741/airflow_venv/lib/python3.12/site-packages/airflow/example_dags/example_branch_python_dop_operator_3.py
[2025-08-06T14:24:38.644-0400] {logging_mixin.py:190} INFO - [2025-08-06T14:24:38.644-0400] {dag.py:3239} INFO - Sync 1 DAGs
[2025-08-06T14:24:38.658-0400] {logging_mixin.py:190} INFO - [2025-08-06T14:24:38.658-0400] {dag.py:4180} INFO - Setting next_dagrun for example_branch_dop_operator_v3 to 2025-08-06 18:23:00+00:00, run_after=2025-08-06 18:24:00+00:00
[2025-08-06T14:24:38.673-0400] {processor.py:208} INFO - Processing /home/huynguyen2741/airflow_venv/lib/python3.12/site-packages/airflow/example_dags/example_branch_python_dop_operator_3.py took 0.058 seconds
[2025-08-06T14:25:40.076-0400] {processor.py:186} INFO - Started process (PID=25653) to work on /home/huynguyen2741/airflow_venv/lib/python3.12/site-packages/airflow/example_dags/example_branch_python_dop_operator_3.py
[2025-08-06T14:25:40.080-0400] {processor.py:914} INFO - Processing file /home/huynguyen2741/airflow_venv/lib/python3.12/site-packages/airflow/example_dags/example_branch_python_dop_operator_3.py for tasks to queue
[2025-08-06T14:25:40.081-0400] {logging_mixin.py:190} INFO - [2025-08-06T14:25:40.081-0400] {dagbag.py:588} INFO - Filling up the DagBag from /home/huynguyen2741/airflow_venv/lib/python3.12/site-packages/airflow/example_dags/example_branch_python_dop_operator_3.py
[2025-08-06T14:25:40.089-0400] {processor.py:925} INFO - DAG(s) 'example_branch_dop_operator_v3' retrieved from /home/huynguyen2741/airflow_venv/lib/python3.12/site-packages/airflow/example_dags/example_branch_python_dop_operator_3.py
[2025-08-06T14:25:40.101-0400] {logging_mixin.py:190} INFO - [2025-08-06T14:25:40.101-0400] {dag.py:3239} INFO - Sync 1 DAGs
[2025-08-06T14:25:40.117-0400] {logging_mixin.py:190} INFO - [2025-08-06T14:25:40.117-0400] {dag.py:4180} INFO - Setting next_dagrun for example_branch_dop_operator_v3 to 2025-08-06 18:24:00+00:00, run_after=2025-08-06 18:25:00+00:00
[2025-08-06T14:25:40.134-0400] {processor.py:208} INFO - Processing /home/huynguyen2741/airflow_venv/lib/python3.12/site-packages/airflow/example_dags/example_branch_python_dop_operator_3.py took 0.064 seconds
[2025-08-06T14:26:43.150-0400] {processor.py:186} INFO - Started process (PID=25906) to work on /home/huynguyen2741/airflow_venv/lib/python3.12/site-packages/airflow/example_dags/example_branch_python_dop_operator_3.py
[2025-08-06T14:26:43.154-0400] {processor.py:914} INFO - Processing file /home/huynguyen2741/airflow_venv/lib/python3.12/site-packages/airflow/example_dags/example_branch_python_dop_operator_3.py for tasks to queue
[2025-08-06T14:26:43.156-0400] {logging_mixin.py:190} INFO - [2025-08-06T14:26:43.155-0400] {dagbag.py:588} INFO - Filling up the DagBag from /home/huynguyen2741/airflow_venv/lib/python3.12/site-packages/airflow/example_dags/example_branch_python_dop_operator_3.py
[2025-08-06T14:26:43.164-0400] {processor.py:925} INFO - DAG(s) 'example_branch_dop_operator_v3' retrieved from /home/huynguyen2741/airflow_venv/lib/python3.12/site-packages/airflow/example_dags/example_branch_python_dop_operator_3.py
[2025-08-06T14:26:43.175-0400] {logging_mixin.py:190} INFO - [2025-08-06T14:26:43.175-0400] {dag.py:3239} INFO - Sync 1 DAGs
[2025-08-06T14:26:43.189-0400] {logging_mixin.py:190} INFO - [2025-08-06T14:26:43.189-0400] {dag.py:4180} INFO - Setting next_dagrun for example_branch_dop_operator_v3 to 2025-08-06 18:25:00+00:00, run_after=2025-08-06 18:26:00+00:00
[2025-08-06T14:26:43.204-0400] {processor.py:208} INFO - Processing /home/huynguyen2741/airflow_venv/lib/python3.12/site-packages/airflow/example_dags/example_branch_python_dop_operator_3.py took 0.060 seconds
[2025-08-06T14:27:50.727-0400] {processor.py:186} INFO - Started process (PID=26181) to work on /home/huynguyen2741/airflow_venv/lib/python3.12/site-packages/airflow/example_dags/example_branch_python_dop_operator_3.py
[2025-08-06T14:27:50.728-0400] {processor.py:914} INFO - Processing file /home/huynguyen2741/airflow_venv/lib/python3.12/site-packages/airflow/example_dags/example_branch_python_dop_operator_3.py for tasks to queue
[2025-08-06T14:27:50.729-0400] {logging_mixin.py:190} INFO - [2025-08-06T14:27:50.728-0400] {dagbag.py:588} INFO - Filling up the DagBag from /home/huynguyen2741/airflow_venv/lib/python3.12/site-packages/airflow/example_dags/example_branch_python_dop_operator_3.py
[2025-08-06T14:27:50.737-0400] {processor.py:925} INFO - DAG(s) 'example_branch_dop_operator_v3' retrieved from /home/huynguyen2741/airflow_venv/lib/python3.12/site-packages/airflow/example_dags/example_branch_python_dop_operator_3.py
[2025-08-06T14:27:50.749-0400] {logging_mixin.py:190} INFO - [2025-08-06T14:27:50.749-0400] {dag.py:3239} INFO - Sync 1 DAGs
[2025-08-06T14:27:50.768-0400] {logging_mixin.py:190} INFO - [2025-08-06T14:27:50.768-0400] {dag.py:4180} INFO - Setting next_dagrun for example_branch_dop_operator_v3 to 2025-08-06 18:26:00+00:00, run_after=2025-08-06 18:27:00+00:00
[2025-08-06T14:27:50.786-0400] {processor.py:208} INFO - Processing /home/huynguyen2741/airflow_venv/lib/python3.12/site-packages/airflow/example_dags/example_branch_python_dop_operator_3.py took 0.065 seconds
[2025-08-06T14:28:58.821-0400] {processor.py:186} INFO - Started process (PID=26479) to work on /home/huynguyen2741/airflow_venv/lib/python3.12/site-packages/airflow/example_dags/example_branch_python_dop_operator_3.py
[2025-08-06T14:28:58.822-0400] {processor.py:914} INFO - Processing file /home/huynguyen2741/airflow_venv/lib/python3.12/site-packages/airflow/example_dags/example_branch_python_dop_operator_3.py for tasks to queue
[2025-08-06T14:28:58.823-0400] {logging_mixin.py:190} INFO - [2025-08-06T14:28:58.823-0400] {dagbag.py:588} INFO - Filling up the DagBag from /home/huynguyen2741/airflow_venv/lib/python3.12/site-packages/airflow/example_dags/example_branch_python_dop_operator_3.py
[2025-08-06T14:28:58.832-0400] {processor.py:925} INFO - DAG(s) 'example_branch_dop_operator_v3' retrieved from /home/huynguyen2741/airflow_venv/lib/python3.12/site-packages/airflow/example_dags/example_branch_python_dop_operator_3.py
[2025-08-06T14:28:58.843-0400] {logging_mixin.py:190} INFO - [2025-08-06T14:28:58.843-0400] {dag.py:3239} INFO - Sync 1 DAGs
[2025-08-06T14:28:58.860-0400] {logging_mixin.py:190} INFO - [2025-08-06T14:28:58.859-0400] {dag.py:4180} INFO - Setting next_dagrun for example_branch_dop_operator_v3 to 2025-08-06 18:27:00+00:00, run_after=2025-08-06 18:28:00+00:00
[2025-08-06T14:28:58.879-0400] {processor.py:208} INFO - Processing /home/huynguyen2741/airflow_venv/lib/python3.12/site-packages/airflow/example_dags/example_branch_python_dop_operator_3.py took 0.063 seconds
[2025-08-06T14:30:03.156-0400] {processor.py:186} INFO - Started process (PID=26736) to work on /home/huynguyen2741/airflow_venv/lib/python3.12/site-packages/airflow/example_dags/example_branch_python_dop_operator_3.py
[2025-08-06T14:30:03.165-0400] {processor.py:914} INFO - Processing file /home/huynguyen2741/airflow_venv/lib/python3.12/site-packages/airflow/example_dags/example_branch_python_dop_operator_3.py for tasks to queue
[2025-08-06T14:30:03.166-0400] {logging_mixin.py:190} INFO - [2025-08-06T14:30:03.166-0400] {dagbag.py:588} INFO - Filling up the DagBag from /home/huynguyen2741/airflow_venv/lib/python3.12/site-packages/airflow/example_dags/example_branch_python_dop_operator_3.py
[2025-08-06T14:30:03.174-0400] {processor.py:925} INFO - DAG(s) 'example_branch_dop_operator_v3' retrieved from /home/huynguyen2741/airflow_venv/lib/python3.12/site-packages/airflow/example_dags/example_branch_python_dop_operator_3.py
[2025-08-06T14:30:03.187-0400] {logging_mixin.py:190} INFO - [2025-08-06T14:30:03.187-0400] {dag.py:3239} INFO - Sync 1 DAGs
[2025-08-06T14:30:03.203-0400] {logging_mixin.py:190} INFO - [2025-08-06T14:30:03.203-0400] {dag.py:4180} INFO - Setting next_dagrun for example_branch_dop_operator_v3 to 2025-08-06 18:29:00+00:00, run_after=2025-08-06 18:30:00+00:00
[2025-08-06T14:30:03.222-0400] {processor.py:208} INFO - Processing /home/huynguyen2741/airflow_venv/lib/python3.12/site-packages/airflow/example_dags/example_branch_python_dop_operator_3.py took 0.072 seconds
[2025-08-06T14:31:21.434-0400] {processor.py:186} INFO - Started process (PID=27175) to work on /home/huynguyen2741/airflow_venv/lib/python3.12/site-packages/airflow/example_dags/example_branch_python_dop_operator_3.py
[2025-08-06T14:31:21.437-0400] {processor.py:914} INFO - Processing file /home/huynguyen2741/airflow_venv/lib/python3.12/site-packages/airflow/example_dags/example_branch_python_dop_operator_3.py for tasks to queue
[2025-08-06T14:31:21.438-0400] {logging_mixin.py:190} INFO - [2025-08-06T14:31:21.438-0400] {dagbag.py:588} INFO - Filling up the DagBag from /home/huynguyen2741/airflow_venv/lib/python3.12/site-packages/airflow/example_dags/example_branch_python_dop_operator_3.py
[2025-08-06T14:31:21.446-0400] {processor.py:925} INFO - DAG(s) 'example_branch_dop_operator_v3' retrieved from /home/huynguyen2741/airflow_venv/lib/python3.12/site-packages/airflow/example_dags/example_branch_python_dop_operator_3.py
[2025-08-06T14:31:21.458-0400] {logging_mixin.py:190} INFO - [2025-08-06T14:31:21.457-0400] {dag.py:3239} INFO - Sync 1 DAGs
[2025-08-06T14:31:21.473-0400] {logging_mixin.py:190} INFO - [2025-08-06T14:31:21.473-0400] {dag.py:4180} INFO - Setting next_dagrun for example_branch_dop_operator_v3 to 2025-08-06 18:30:00+00:00, run_after=2025-08-06 18:31:00+00:00
[2025-08-06T14:31:21.489-0400] {processor.py:208} INFO - Processing /home/huynguyen2741/airflow_venv/lib/python3.12/site-packages/airflow/example_dags/example_branch_python_dop_operator_3.py took 0.060 seconds
[2025-08-06T14:32:31.443-0400] {processor.py:186} INFO - Started process (PID=27427) to work on /home/huynguyen2741/airflow_venv/lib/python3.12/site-packages/airflow/example_dags/example_branch_python_dop_operator_3.py
[2025-08-06T14:32:31.447-0400] {processor.py:914} INFO - Processing file /home/huynguyen2741/airflow_venv/lib/python3.12/site-packages/airflow/example_dags/example_branch_python_dop_operator_3.py for tasks to queue
[2025-08-06T14:32:31.448-0400] {logging_mixin.py:190} INFO - [2025-08-06T14:32:31.448-0400] {dagbag.py:588} INFO - Filling up the DagBag from /home/huynguyen2741/airflow_venv/lib/python3.12/site-packages/airflow/example_dags/example_branch_python_dop_operator_3.py
[2025-08-06T14:32:31.456-0400] {processor.py:925} INFO - DAG(s) 'example_branch_dop_operator_v3' retrieved from /home/huynguyen2741/airflow_venv/lib/python3.12/site-packages/airflow/example_dags/example_branch_python_dop_operator_3.py
[2025-08-06T14:32:31.470-0400] {logging_mixin.py:190} INFO - [2025-08-06T14:32:31.470-0400] {dag.py:3239} INFO - Sync 1 DAGs
[2025-08-06T14:32:31.486-0400] {logging_mixin.py:190} INFO - [2025-08-06T14:32:31.486-0400] {dag.py:4180} INFO - Setting next_dagrun for example_branch_dop_operator_v3 to 2025-08-06 18:31:00+00:00, run_after=2025-08-06 18:32:00+00:00
[2025-08-06T14:32:31.503-0400] {processor.py:208} INFO - Processing /home/huynguyen2741/airflow_venv/lib/python3.12/site-packages/airflow/example_dags/example_branch_python_dop_operator_3.py took 0.065 seconds
[2025-08-06T14:33:41.353-0400] {processor.py:186} INFO - Started process (PID=27757) to work on /home/huynguyen2741/airflow_venv/lib/python3.12/site-packages/airflow/example_dags/example_branch_python_dop_operator_3.py
[2025-08-06T14:33:41.363-0400] {processor.py:914} INFO - Processing file /home/huynguyen2741/airflow_venv/lib/python3.12/site-packages/airflow/example_dags/example_branch_python_dop_operator_3.py for tasks to queue
[2025-08-06T14:33:41.364-0400] {logging_mixin.py:190} INFO - [2025-08-06T14:33:41.364-0400] {dagbag.py:588} INFO - Filling up the DagBag from /home/huynguyen2741/airflow_venv/lib/python3.12/site-packages/airflow/example_dags/example_branch_python_dop_operator_3.py
[2025-08-06T14:33:41.372-0400] {processor.py:925} INFO - DAG(s) 'example_branch_dop_operator_v3' retrieved from /home/huynguyen2741/airflow_venv/lib/python3.12/site-packages/airflow/example_dags/example_branch_python_dop_operator_3.py
[2025-08-06T14:33:41.383-0400] {logging_mixin.py:190} INFO - [2025-08-06T14:33:41.383-0400] {dag.py:3239} INFO - Sync 1 DAGs
[2025-08-06T14:33:41.398-0400] {logging_mixin.py:190} INFO - [2025-08-06T14:33:41.398-0400] {dag.py:4180} INFO - Setting next_dagrun for example_branch_dop_operator_v3 to 2025-08-06 18:32:00+00:00, run_after=2025-08-06 18:33:00+00:00
[2025-08-06T14:33:41.415-0400] {processor.py:208} INFO - Processing /home/huynguyen2741/airflow_venv/lib/python3.12/site-packages/airflow/example_dags/example_branch_python_dop_operator_3.py took 0.067 seconds
[2025-08-06T14:35:34.720-0400] {processor.py:186} INFO - Started process (PID=28380) to work on /home/huynguyen2741/airflow_venv/lib/python3.12/site-packages/airflow/example_dags/example_branch_python_dop_operator_3.py
[2025-08-06T14:35:34.721-0400] {processor.py:914} INFO - Processing file /home/huynguyen2741/airflow_venv/lib/python3.12/site-packages/airflow/example_dags/example_branch_python_dop_operator_3.py for tasks to queue
[2025-08-06T14:35:34.722-0400] {logging_mixin.py:190} INFO - [2025-08-06T14:35:34.721-0400] {dagbag.py:588} INFO - Filling up the DagBag from /home/huynguyen2741/airflow_venv/lib/python3.12/site-packages/airflow/example_dags/example_branch_python_dop_operator_3.py
[2025-08-06T14:35:34.730-0400] {processor.py:925} INFO - DAG(s) 'example_branch_dop_operator_v3' retrieved from /home/huynguyen2741/airflow_venv/lib/python3.12/site-packages/airflow/example_dags/example_branch_python_dop_operator_3.py
[2025-08-06T14:35:34.741-0400] {logging_mixin.py:190} INFO - [2025-08-06T14:35:34.741-0400] {dag.py:3239} INFO - Sync 1 DAGs
[2025-08-06T14:35:34.757-0400] {logging_mixin.py:190} INFO - [2025-08-06T14:35:34.757-0400] {dag.py:4180} INFO - Setting next_dagrun for example_branch_dop_operator_v3 to 2025-08-06 18:34:00+00:00, run_after=2025-08-06 18:35:00+00:00
[2025-08-06T14:35:34.774-0400] {processor.py:208} INFO - Processing /home/huynguyen2741/airflow_venv/lib/python3.12/site-packages/airflow/example_dags/example_branch_python_dop_operator_3.py took 0.060 seconds
[2025-08-06T14:36:40.179-0400] {processor.py:186} INFO - Started process (PID=28638) to work on /home/huynguyen2741/airflow_venv/lib/python3.12/site-packages/airflow/example_dags/example_branch_python_dop_operator_3.py
[2025-08-06T14:36:40.183-0400] {processor.py:914} INFO - Processing file /home/huynguyen2741/airflow_venv/lib/python3.12/site-packages/airflow/example_dags/example_branch_python_dop_operator_3.py for tasks to queue
[2025-08-06T14:36:40.185-0400] {logging_mixin.py:190} INFO - [2025-08-06T14:36:40.184-0400] {dagbag.py:588} INFO - Filling up the DagBag from /home/huynguyen2741/airflow_venv/lib/python3.12/site-packages/airflow/example_dags/example_branch_python_dop_operator_3.py
[2025-08-06T14:36:40.192-0400] {processor.py:925} INFO - DAG(s) 'example_branch_dop_operator_v3' retrieved from /home/huynguyen2741/airflow_venv/lib/python3.12/site-packages/airflow/example_dags/example_branch_python_dop_operator_3.py
[2025-08-06T14:36:40.205-0400] {logging_mixin.py:190} INFO - [2025-08-06T14:36:40.204-0400] {dag.py:3239} INFO - Sync 1 DAGs
[2025-08-06T14:36:40.220-0400] {logging_mixin.py:190} INFO - [2025-08-06T14:36:40.220-0400] {dag.py:4180} INFO - Setting next_dagrun for example_branch_dop_operator_v3 to 2025-08-06 18:35:00+00:00, run_after=2025-08-06 18:36:00+00:00
[2025-08-06T14:36:40.238-0400] {processor.py:208} INFO - Processing /home/huynguyen2741/airflow_venv/lib/python3.12/site-packages/airflow/example_dags/example_branch_python_dop_operator_3.py took 0.064 seconds
[2025-08-06T14:37:45.856-0400] {processor.py:186} INFO - Started process (PID=28892) to work on /home/huynguyen2741/airflow_venv/lib/python3.12/site-packages/airflow/example_dags/example_branch_python_dop_operator_3.py
[2025-08-06T14:37:45.860-0400] {processor.py:914} INFO - Processing file /home/huynguyen2741/airflow_venv/lib/python3.12/site-packages/airflow/example_dags/example_branch_python_dop_operator_3.py for tasks to queue
[2025-08-06T14:37:45.862-0400] {logging_mixin.py:190} INFO - [2025-08-06T14:37:45.861-0400] {dagbag.py:588} INFO - Filling up the DagBag from /home/huynguyen2741/airflow_venv/lib/python3.12/site-packages/airflow/example_dags/example_branch_python_dop_operator_3.py
[2025-08-06T14:37:45.869-0400] {processor.py:925} INFO - DAG(s) 'example_branch_dop_operator_v3' retrieved from /home/huynguyen2741/airflow_venv/lib/python3.12/site-packages/airflow/example_dags/example_branch_python_dop_operator_3.py
[2025-08-06T14:37:45.881-0400] {logging_mixin.py:190} INFO - [2025-08-06T14:37:45.881-0400] {dag.py:3239} INFO - Sync 1 DAGs
[2025-08-06T14:37:45.896-0400] {logging_mixin.py:190} INFO - [2025-08-06T14:37:45.896-0400] {dag.py:4180} INFO - Setting next_dagrun for example_branch_dop_operator_v3 to 2025-08-06 18:36:00+00:00, run_after=2025-08-06 18:37:00+00:00
[2025-08-06T14:37:45.911-0400] {processor.py:208} INFO - Processing /home/huynguyen2741/airflow_venv/lib/python3.12/site-packages/airflow/example_dags/example_branch_python_dop_operator_3.py took 0.060 seconds
[2025-08-06T14:38:49.975-0400] {processor.py:186} INFO - Started process (PID=29185) to work on /home/huynguyen2741/airflow_venv/lib/python3.12/site-packages/airflow/example_dags/example_branch_python_dop_operator_3.py
[2025-08-06T14:38:49.976-0400] {processor.py:914} INFO - Processing file /home/huynguyen2741/airflow_venv/lib/python3.12/site-packages/airflow/example_dags/example_branch_python_dop_operator_3.py for tasks to queue
[2025-08-06T14:38:49.977-0400] {logging_mixin.py:190} INFO - [2025-08-06T14:38:49.977-0400] {dagbag.py:588} INFO - Filling up the DagBag from /home/huynguyen2741/airflow_venv/lib/python3.12/site-packages/airflow/example_dags/example_branch_python_dop_operator_3.py
[2025-08-06T14:38:49.985-0400] {processor.py:925} INFO - DAG(s) 'example_branch_dop_operator_v3' retrieved from /home/huynguyen2741/airflow_venv/lib/python3.12/site-packages/airflow/example_dags/example_branch_python_dop_operator_3.py
[2025-08-06T14:38:50.000-0400] {logging_mixin.py:190} INFO - [2025-08-06T14:38:50.000-0400] {dag.py:3239} INFO - Sync 1 DAGs
[2025-08-06T14:38:50.020-0400] {logging_mixin.py:190} INFO - [2025-08-06T14:38:50.020-0400] {dag.py:4180} INFO - Setting next_dagrun for example_branch_dop_operator_v3 to 2025-08-06 18:37:00+00:00, run_after=2025-08-06 18:38:00+00:00
[2025-08-06T14:38:50.039-0400] {processor.py:208} INFO - Processing /home/huynguyen2741/airflow_venv/lib/python3.12/site-packages/airflow/example_dags/example_branch_python_dop_operator_3.py took 0.069 seconds
[2025-08-06T14:39:56.787-0400] {processor.py:186} INFO - Started process (PID=29422) to work on /home/huynguyen2741/airflow_venv/lib/python3.12/site-packages/airflow/example_dags/example_branch_python_dop_operator_3.py
[2025-08-06T14:39:56.792-0400] {processor.py:914} INFO - Processing file /home/huynguyen2741/airflow_venv/lib/python3.12/site-packages/airflow/example_dags/example_branch_python_dop_operator_3.py for tasks to queue
[2025-08-06T14:39:56.793-0400] {logging_mixin.py:190} INFO - [2025-08-06T14:39:56.792-0400] {dagbag.py:588} INFO - Filling up the DagBag from /home/huynguyen2741/airflow_venv/lib/python3.12/site-packages/airflow/example_dags/example_branch_python_dop_operator_3.py
[2025-08-06T14:39:56.801-0400] {processor.py:925} INFO - DAG(s) 'example_branch_dop_operator_v3' retrieved from /home/huynguyen2741/airflow_venv/lib/python3.12/site-packages/airflow/example_dags/example_branch_python_dop_operator_3.py
[2025-08-06T14:39:56.812-0400] {logging_mixin.py:190} INFO - [2025-08-06T14:39:56.812-0400] {dag.py:3239} INFO - Sync 1 DAGs
[2025-08-06T14:39:56.827-0400] {logging_mixin.py:190} INFO - [2025-08-06T14:39:56.827-0400] {dag.py:4180} INFO - Setting next_dagrun for example_branch_dop_operator_v3 to 2025-08-06 18:38:00+00:00, run_after=2025-08-06 18:39:00+00:00
[2025-08-06T14:39:56.843-0400] {processor.py:208} INFO - Processing /home/huynguyen2741/airflow_venv/lib/python3.12/site-packages/airflow/example_dags/example_branch_python_dop_operator_3.py took 0.062 seconds
[2025-08-06T14:41:04.145-0400] {processor.py:186} INFO - Started process (PID=29658) to work on /home/huynguyen2741/airflow_venv/lib/python3.12/site-packages/airflow/example_dags/example_branch_python_dop_operator_3.py
[2025-08-06T14:41:04.149-0400] {processor.py:914} INFO - Processing file /home/huynguyen2741/airflow_venv/lib/python3.12/site-packages/airflow/example_dags/example_branch_python_dop_operator_3.py for tasks to queue
[2025-08-06T14:41:04.150-0400] {logging_mixin.py:190} INFO - [2025-08-06T14:41:04.150-0400] {dagbag.py:588} INFO - Filling up the DagBag from /home/huynguyen2741/airflow_venv/lib/python3.12/site-packages/airflow/example_dags/example_branch_python_dop_operator_3.py
[2025-08-06T14:41:04.161-0400] {processor.py:925} INFO - DAG(s) 'example_branch_dop_operator_v3' retrieved from /home/huynguyen2741/airflow_venv/lib/python3.12/site-packages/airflow/example_dags/example_branch_python_dop_operator_3.py
[2025-08-06T14:41:04.179-0400] {logging_mixin.py:190} INFO - [2025-08-06T14:41:04.179-0400] {dag.py:3239} INFO - Sync 1 DAGs
[2025-08-06T14:41:04.203-0400] {logging_mixin.py:190} INFO - [2025-08-06T14:41:04.203-0400] {dag.py:4180} INFO - Setting next_dagrun for example_branch_dop_operator_v3 to 2025-08-06 18:40:00+00:00, run_after=2025-08-06 18:41:00+00:00
[2025-08-06T14:41:04.221-0400] {processor.py:208} INFO - Processing /home/huynguyen2741/airflow_venv/lib/python3.12/site-packages/airflow/example_dags/example_branch_python_dop_operator_3.py took 0.084 seconds
[2025-08-06T14:42:08.857-0400] {processor.py:186} INFO - Started process (PID=29941) to work on /home/huynguyen2741/airflow_venv/lib/python3.12/site-packages/airflow/example_dags/example_branch_python_dop_operator_3.py
[2025-08-06T14:42:08.858-0400] {processor.py:914} INFO - Processing file /home/huynguyen2741/airflow_venv/lib/python3.12/site-packages/airflow/example_dags/example_branch_python_dop_operator_3.py for tasks to queue
[2025-08-06T14:42:08.859-0400] {logging_mixin.py:190} INFO - [2025-08-06T14:42:08.859-0400] {dagbag.py:588} INFO - Filling up the DagBag from /home/huynguyen2741/airflow_venv/lib/python3.12/site-packages/airflow/example_dags/example_branch_python_dop_operator_3.py
[2025-08-06T14:42:08.867-0400] {processor.py:925} INFO - DAG(s) 'example_branch_dop_operator_v3' retrieved from /home/huynguyen2741/airflow_venv/lib/python3.12/site-packages/airflow/example_dags/example_branch_python_dop_operator_3.py
[2025-08-06T14:42:08.877-0400] {logging_mixin.py:190} INFO - [2025-08-06T14:42:08.877-0400] {dag.py:3239} INFO - Sync 1 DAGs
[2025-08-06T14:42:08.891-0400] {logging_mixin.py:190} INFO - [2025-08-06T14:42:08.891-0400] {dag.py:4180} INFO - Setting next_dagrun for example_branch_dop_operator_v3 to 2025-08-06 18:41:00+00:00, run_after=2025-08-06 18:42:00+00:00
[2025-08-06T14:42:08.907-0400] {processor.py:208} INFO - Processing /home/huynguyen2741/airflow_venv/lib/python3.12/site-packages/airflow/example_dags/example_branch_python_dop_operator_3.py took 0.055 seconds
[2025-08-06T14:43:11.548-0400] {processor.py:186} INFO - Started process (PID=30176) to work on /home/huynguyen2741/airflow_venv/lib/python3.12/site-packages/airflow/example_dags/example_branch_python_dop_operator_3.py
[2025-08-06T14:43:11.552-0400] {processor.py:914} INFO - Processing file /home/huynguyen2741/airflow_venv/lib/python3.12/site-packages/airflow/example_dags/example_branch_python_dop_operator_3.py for tasks to queue
[2025-08-06T14:43:11.553-0400] {logging_mixin.py:190} INFO - [2025-08-06T14:43:11.553-0400] {dagbag.py:588} INFO - Filling up the DagBag from /home/huynguyen2741/airflow_venv/lib/python3.12/site-packages/airflow/example_dags/example_branch_python_dop_operator_3.py
[2025-08-06T14:43:11.561-0400] {processor.py:925} INFO - DAG(s) 'example_branch_dop_operator_v3' retrieved from /home/huynguyen2741/airflow_venv/lib/python3.12/site-packages/airflow/example_dags/example_branch_python_dop_operator_3.py
[2025-08-06T14:43:11.571-0400] {logging_mixin.py:190} INFO - [2025-08-06T14:43:11.571-0400] {dag.py:3239} INFO - Sync 1 DAGs
[2025-08-06T14:43:11.585-0400] {logging_mixin.py:190} INFO - [2025-08-06T14:43:11.585-0400] {dag.py:4180} INFO - Setting next_dagrun for example_branch_dop_operator_v3 to 2025-08-06 18:42:00+00:00, run_after=2025-08-06 18:43:00+00:00
[2025-08-06T14:43:11.600-0400] {processor.py:208} INFO - Processing /home/huynguyen2741/airflow_venv/lib/python3.12/site-packages/airflow/example_dags/example_branch_python_dop_operator_3.py took 0.057 seconds
[2025-08-06T14:44:17.943-0400] {processor.py:186} INFO - Started process (PID=30446) to work on /home/huynguyen2741/airflow_venv/lib/python3.12/site-packages/airflow/example_dags/example_branch_python_dop_operator_3.py
[2025-08-06T14:44:17.953-0400] {processor.py:914} INFO - Processing file /home/huynguyen2741/airflow_venv/lib/python3.12/site-packages/airflow/example_dags/example_branch_python_dop_operator_3.py for tasks to queue
[2025-08-06T14:44:17.954-0400] {logging_mixin.py:190} INFO - [2025-08-06T14:44:17.954-0400] {dagbag.py:588} INFO - Filling up the DagBag from /home/huynguyen2741/airflow_venv/lib/python3.12/site-packages/airflow/example_dags/example_branch_python_dop_operator_3.py
[2025-08-06T14:44:17.963-0400] {processor.py:925} INFO - DAG(s) 'example_branch_dop_operator_v3' retrieved from /home/huynguyen2741/airflow_venv/lib/python3.12/site-packages/airflow/example_dags/example_branch_python_dop_operator_3.py
[2025-08-06T14:44:17.976-0400] {logging_mixin.py:190} INFO - [2025-08-06T14:44:17.975-0400] {dag.py:3239} INFO - Sync 1 DAGs
[2025-08-06T14:44:17.993-0400] {logging_mixin.py:190} INFO - [2025-08-06T14:44:17.992-0400] {dag.py:4180} INFO - Setting next_dagrun for example_branch_dop_operator_v3 to 2025-08-06 18:43:00+00:00, run_after=2025-08-06 18:44:00+00:00
[2025-08-06T14:44:18.010-0400] {processor.py:208} INFO - Processing /home/huynguyen2741/airflow_venv/lib/python3.12/site-packages/airflow/example_dags/example_branch_python_dop_operator_3.py took 0.073 seconds
[2025-08-06T14:45:13.597-0400] {processor.py:186} INFO - Started process (PID=30660) to work on /home/huynguyen2741/airflow_venv/lib/python3.12/site-packages/airflow/example_dags/example_branch_python_dop_operator_3.py
[2025-08-06T14:45:13.602-0400] {processor.py:914} INFO - Processing file /home/huynguyen2741/airflow_venv/lib/python3.12/site-packages/airflow/example_dags/example_branch_python_dop_operator_3.py for tasks to queue
[2025-08-06T14:45:13.603-0400] {logging_mixin.py:190} INFO - [2025-08-06T14:45:13.603-0400] {dagbag.py:588} INFO - Filling up the DagBag from /home/huynguyen2741/airflow_venv/lib/python3.12/site-packages/airflow/example_dags/example_branch_python_dop_operator_3.py
[2025-08-06T14:45:13.611-0400] {processor.py:925} INFO - DAG(s) 'example_branch_dop_operator_v3' retrieved from /home/huynguyen2741/airflow_venv/lib/python3.12/site-packages/airflow/example_dags/example_branch_python_dop_operator_3.py
[2025-08-06T14:45:13.622-0400] {logging_mixin.py:190} INFO - [2025-08-06T14:45:13.621-0400] {dag.py:3239} INFO - Sync 1 DAGs
[2025-08-06T14:45:13.635-0400] {logging_mixin.py:190} INFO - [2025-08-06T14:45:13.635-0400] {dag.py:4180} INFO - Setting next_dagrun for example_branch_dop_operator_v3 to 2025-08-06 18:44:00+00:00, run_after=2025-08-06 18:45:00+00:00
[2025-08-06T14:45:13.652-0400] {processor.py:208} INFO - Processing /home/huynguyen2741/airflow_venv/lib/python3.12/site-packages/airflow/example_dags/example_branch_python_dop_operator_3.py took 0.060 seconds
[2025-08-06T14:46:15.152-0400] {processor.py:186} INFO - Started process (PID=30930) to work on /home/huynguyen2741/airflow_venv/lib/python3.12/site-packages/airflow/example_dags/example_branch_python_dop_operator_3.py
[2025-08-06T14:46:15.153-0400] {processor.py:914} INFO - Processing file /home/huynguyen2741/airflow_venv/lib/python3.12/site-packages/airflow/example_dags/example_branch_python_dop_operator_3.py for tasks to queue
[2025-08-06T14:46:15.154-0400] {logging_mixin.py:190} INFO - [2025-08-06T14:46:15.154-0400] {dagbag.py:588} INFO - Filling up the DagBag from /home/huynguyen2741/airflow_venv/lib/python3.12/site-packages/airflow/example_dags/example_branch_python_dop_operator_3.py
[2025-08-06T14:46:15.162-0400] {processor.py:925} INFO - DAG(s) 'example_branch_dop_operator_v3' retrieved from /home/huynguyen2741/airflow_venv/lib/python3.12/site-packages/airflow/example_dags/example_branch_python_dop_operator_3.py
[2025-08-06T14:46:15.173-0400] {logging_mixin.py:190} INFO - [2025-08-06T14:46:15.173-0400] {dag.py:3239} INFO - Sync 1 DAGs
[2025-08-06T14:46:15.188-0400] {logging_mixin.py:190} INFO - [2025-08-06T14:46:15.187-0400] {dag.py:4180} INFO - Setting next_dagrun for example_branch_dop_operator_v3 to 2025-08-06 18:45:00+00:00, run_after=2025-08-06 18:46:00+00:00
[2025-08-06T14:46:15.203-0400] {processor.py:208} INFO - Processing /home/huynguyen2741/airflow_venv/lib/python3.12/site-packages/airflow/example_dags/example_branch_python_dop_operator_3.py took 0.056 seconds
[2025-08-06T14:47:19.157-0400] {processor.py:186} INFO - Started process (PID=31220) to work on /home/huynguyen2741/airflow_venv/lib/python3.12/site-packages/airflow/example_dags/example_branch_python_dop_operator_3.py
[2025-08-06T14:47:19.162-0400] {processor.py:914} INFO - Processing file /home/huynguyen2741/airflow_venv/lib/python3.12/site-packages/airflow/example_dags/example_branch_python_dop_operator_3.py for tasks to queue
[2025-08-06T14:47:19.164-0400] {logging_mixin.py:190} INFO - [2025-08-06T14:47:19.163-0400] {dagbag.py:588} INFO - Filling up the DagBag from /home/huynguyen2741/airflow_venv/lib/python3.12/site-packages/airflow/example_dags/example_branch_python_dop_operator_3.py
[2025-08-06T14:47:19.172-0400] {processor.py:925} INFO - DAG(s) 'example_branch_dop_operator_v3' retrieved from /home/huynguyen2741/airflow_venv/lib/python3.12/site-packages/airflow/example_dags/example_branch_python_dop_operator_3.py
[2025-08-06T14:47:19.186-0400] {logging_mixin.py:190} INFO - [2025-08-06T14:47:19.186-0400] {dag.py:3239} INFO - Sync 1 DAGs
[2025-08-06T14:47:19.204-0400] {logging_mixin.py:190} INFO - [2025-08-06T14:47:19.204-0400] {dag.py:4180} INFO - Setting next_dagrun for example_branch_dop_operator_v3 to 2025-08-06 18:46:00+00:00, run_after=2025-08-06 18:47:00+00:00
[2025-08-06T14:47:19.221-0400] {processor.py:208} INFO - Processing /home/huynguyen2741/airflow_venv/lib/python3.12/site-packages/airflow/example_dags/example_branch_python_dop_operator_3.py took 0.070 seconds
[2025-08-06T14:48:49.367-0400] {processor.py:186} INFO - Started process (PID=31756) to work on /home/huynguyen2741/airflow_venv/lib/python3.12/site-packages/airflow/example_dags/example_branch_python_dop_operator_3.py
[2025-08-06T14:48:49.371-0400] {processor.py:914} INFO - Processing file /home/huynguyen2741/airflow_venv/lib/python3.12/site-packages/airflow/example_dags/example_branch_python_dop_operator_3.py for tasks to queue
[2025-08-06T14:48:49.372-0400] {logging_mixin.py:190} INFO - [2025-08-06T14:48:49.372-0400] {dagbag.py:588} INFO - Filling up the DagBag from /home/huynguyen2741/airflow_venv/lib/python3.12/site-packages/airflow/example_dags/example_branch_python_dop_operator_3.py
[2025-08-06T14:48:49.380-0400] {processor.py:925} INFO - DAG(s) 'example_branch_dop_operator_v3' retrieved from /home/huynguyen2741/airflow_venv/lib/python3.12/site-packages/airflow/example_dags/example_branch_python_dop_operator_3.py
[2025-08-06T14:48:49.393-0400] {logging_mixin.py:190} INFO - [2025-08-06T14:48:49.393-0400] {dag.py:3239} INFO - Sync 1 DAGs
[2025-08-06T14:48:49.408-0400] {logging_mixin.py:190} INFO - [2025-08-06T14:48:49.408-0400] {dag.py:4180} INFO - Setting next_dagrun for example_branch_dop_operator_v3 to 2025-08-06 18:47:00+00:00, run_after=2025-08-06 18:48:00+00:00
[2025-08-06T14:48:49.425-0400] {processor.py:208} INFO - Processing /home/huynguyen2741/airflow_venv/lib/python3.12/site-packages/airflow/example_dags/example_branch_python_dop_operator_3.py took 0.064 seconds
[2025-08-06T14:49:51.825-0400] {processor.py:186} INFO - Started process (PID=31976) to work on /home/huynguyen2741/airflow_venv/lib/python3.12/site-packages/airflow/example_dags/example_branch_python_dop_operator_3.py
[2025-08-06T14:49:51.826-0400] {processor.py:914} INFO - Processing file /home/huynguyen2741/airflow_venv/lib/python3.12/site-packages/airflow/example_dags/example_branch_python_dop_operator_3.py for tasks to queue
[2025-08-06T14:49:51.827-0400] {logging_mixin.py:190} INFO - [2025-08-06T14:49:51.827-0400] {dagbag.py:588} INFO - Filling up the DagBag from /home/huynguyen2741/airflow_venv/lib/python3.12/site-packages/airflow/example_dags/example_branch_python_dop_operator_3.py
[2025-08-06T14:49:51.835-0400] {processor.py:925} INFO - DAG(s) 'example_branch_dop_operator_v3' retrieved from /home/huynguyen2741/airflow_venv/lib/python3.12/site-packages/airflow/example_dags/example_branch_python_dop_operator_3.py
[2025-08-06T14:49:51.848-0400] {logging_mixin.py:190} INFO - [2025-08-06T14:49:51.848-0400] {dag.py:3239} INFO - Sync 1 DAGs
[2025-08-06T14:49:51.865-0400] {logging_mixin.py:190} INFO - [2025-08-06T14:49:51.865-0400] {dag.py:4180} INFO - Setting next_dagrun for example_branch_dop_operator_v3 to 2025-08-06 18:48:00+00:00, run_after=2025-08-06 18:49:00+00:00
[2025-08-06T14:49:51.883-0400] {processor.py:208} INFO - Processing /home/huynguyen2741/airflow_venv/lib/python3.12/site-packages/airflow/example_dags/example_branch_python_dop_operator_3.py took 0.064 seconds
[2025-08-06T14:50:58.210-0400] {processor.py:186} INFO - Started process (PID=32218) to work on /home/huynguyen2741/airflow_venv/lib/python3.12/site-packages/airflow/example_dags/example_branch_python_dop_operator_3.py
[2025-08-06T14:50:58.215-0400] {processor.py:914} INFO - Processing file /home/huynguyen2741/airflow_venv/lib/python3.12/site-packages/airflow/example_dags/example_branch_python_dop_operator_3.py for tasks to queue
[2025-08-06T14:50:58.216-0400] {logging_mixin.py:190} INFO - [2025-08-06T14:50:58.216-0400] {dagbag.py:588} INFO - Filling up the DagBag from /home/huynguyen2741/airflow_venv/lib/python3.12/site-packages/airflow/example_dags/example_branch_python_dop_operator_3.py
[2025-08-06T14:50:58.224-0400] {processor.py:925} INFO - DAG(s) 'example_branch_dop_operator_v3' retrieved from /home/huynguyen2741/airflow_venv/lib/python3.12/site-packages/airflow/example_dags/example_branch_python_dop_operator_3.py
[2025-08-06T14:50:58.234-0400] {logging_mixin.py:190} INFO - [2025-08-06T14:50:58.234-0400] {dag.py:3239} INFO - Sync 1 DAGs
[2025-08-06T14:50:58.249-0400] {logging_mixin.py:190} INFO - [2025-08-06T14:50:58.249-0400] {dag.py:4180} INFO - Setting next_dagrun for example_branch_dop_operator_v3 to 2025-08-06 18:49:00+00:00, run_after=2025-08-06 18:50:00+00:00
[2025-08-06T14:50:58.264-0400] {processor.py:208} INFO - Processing /home/huynguyen2741/airflow_venv/lib/python3.12/site-packages/airflow/example_dags/example_branch_python_dop_operator_3.py took 0.060 seconds
[2025-08-06T14:52:00.673-0400] {processor.py:186} INFO - Started process (PID=32445) to work on /home/huynguyen2741/airflow_venv/lib/python3.12/site-packages/airflow/example_dags/example_branch_python_dop_operator_3.py
[2025-08-06T14:52:00.678-0400] {processor.py:914} INFO - Processing file /home/huynguyen2741/airflow_venv/lib/python3.12/site-packages/airflow/example_dags/example_branch_python_dop_operator_3.py for tasks to queue
[2025-08-06T14:52:00.679-0400] {logging_mixin.py:190} INFO - [2025-08-06T14:52:00.678-0400] {dagbag.py:588} INFO - Filling up the DagBag from /home/huynguyen2741/airflow_venv/lib/python3.12/site-packages/airflow/example_dags/example_branch_python_dop_operator_3.py
[2025-08-06T14:52:00.686-0400] {processor.py:925} INFO - DAG(s) 'example_branch_dop_operator_v3' retrieved from /home/huynguyen2741/airflow_venv/lib/python3.12/site-packages/airflow/example_dags/example_branch_python_dop_operator_3.py
[2025-08-06T14:52:00.698-0400] {logging_mixin.py:190} INFO - [2025-08-06T14:52:00.698-0400] {dag.py:3239} INFO - Sync 1 DAGs
[2025-08-06T14:52:00.715-0400] {logging_mixin.py:190} INFO - [2025-08-06T14:52:00.715-0400] {dag.py:4180} INFO - Setting next_dagrun for example_branch_dop_operator_v3 to 2025-08-06 18:51:00+00:00, run_after=2025-08-06 18:52:00+00:00
[2025-08-06T14:52:00.733-0400] {processor.py:208} INFO - Processing /home/huynguyen2741/airflow_venv/lib/python3.12/site-packages/airflow/example_dags/example_branch_python_dop_operator_3.py took 0.065 seconds
[2025-08-06T14:53:01.872-0400] {processor.py:186} INFO - Started process (PID=32735) to work on /home/huynguyen2741/airflow_venv/lib/python3.12/site-packages/airflow/example_dags/example_branch_python_dop_operator_3.py
[2025-08-06T14:53:01.877-0400] {processor.py:914} INFO - Processing file /home/huynguyen2741/airflow_venv/lib/python3.12/site-packages/airflow/example_dags/example_branch_python_dop_operator_3.py for tasks to queue
[2025-08-06T14:53:01.878-0400] {logging_mixin.py:190} INFO - [2025-08-06T14:53:01.877-0400] {dagbag.py:588} INFO - Filling up the DagBag from /home/huynguyen2741/airflow_venv/lib/python3.12/site-packages/airflow/example_dags/example_branch_python_dop_operator_3.py
[2025-08-06T14:53:01.885-0400] {processor.py:925} INFO - DAG(s) 'example_branch_dop_operator_v3' retrieved from /home/huynguyen2741/airflow_venv/lib/python3.12/site-packages/airflow/example_dags/example_branch_python_dop_operator_3.py
[2025-08-06T14:53:01.896-0400] {logging_mixin.py:190} INFO - [2025-08-06T14:53:01.896-0400] {dag.py:3239} INFO - Sync 1 DAGs
[2025-08-06T14:53:01.910-0400] {logging_mixin.py:190} INFO - [2025-08-06T14:53:01.910-0400] {dag.py:4180} INFO - Setting next_dagrun for example_branch_dop_operator_v3 to 2025-08-06 18:52:00+00:00, run_after=2025-08-06 18:53:00+00:00
[2025-08-06T14:53:01.926-0400] {processor.py:208} INFO - Processing /home/huynguyen2741/airflow_venv/lib/python3.12/site-packages/airflow/example_dags/example_branch_python_dop_operator_3.py took 0.059 seconds
[2025-08-06T14:54:04.156-0400] {processor.py:186} INFO - Started process (PID=33193) to work on /home/huynguyen2741/airflow_venv/lib/python3.12/site-packages/airflow/example_dags/example_branch_python_dop_operator_3.py
[2025-08-06T14:54:04.160-0400] {processor.py:914} INFO - Processing file /home/huynguyen2741/airflow_venv/lib/python3.12/site-packages/airflow/example_dags/example_branch_python_dop_operator_3.py for tasks to queue
[2025-08-06T14:54:04.161-0400] {logging_mixin.py:190} INFO - [2025-08-06T14:54:04.161-0400] {dagbag.py:588} INFO - Filling up the DagBag from /home/huynguyen2741/airflow_venv/lib/python3.12/site-packages/airflow/example_dags/example_branch_python_dop_operator_3.py
[2025-08-06T14:54:04.169-0400] {processor.py:925} INFO - DAG(s) 'example_branch_dop_operator_v3' retrieved from /home/huynguyen2741/airflow_venv/lib/python3.12/site-packages/airflow/example_dags/example_branch_python_dop_operator_3.py
[2025-08-06T14:54:04.180-0400] {logging_mixin.py:190} INFO - [2025-08-06T14:54:04.180-0400] {dag.py:3239} INFO - Sync 1 DAGs
[2025-08-06T14:54:04.194-0400] {logging_mixin.py:190} INFO - [2025-08-06T14:54:04.194-0400] {dag.py:4180} INFO - Setting next_dagrun for example_branch_dop_operator_v3 to 2025-08-06 18:53:00+00:00, run_after=2025-08-06 18:54:00+00:00
[2025-08-06T14:54:04.209-0400] {processor.py:208} INFO - Processing /home/huynguyen2741/airflow_venv/lib/python3.12/site-packages/airflow/example_dags/example_branch_python_dop_operator_3.py took 0.058 seconds
[2025-08-06T14:55:30.786-0400] {processor.py:186} INFO - Started process (PID=33623) to work on /home/huynguyen2741/airflow_venv/lib/python3.12/site-packages/airflow/example_dags/example_branch_python_dop_operator_3.py
[2025-08-06T14:55:30.787-0400] {processor.py:914} INFO - Processing file /home/huynguyen2741/airflow_venv/lib/python3.12/site-packages/airflow/example_dags/example_branch_python_dop_operator_3.py for tasks to queue
[2025-08-06T14:55:30.788-0400] {logging_mixin.py:190} INFO - [2025-08-06T14:55:30.788-0400] {dagbag.py:588} INFO - Filling up the DagBag from /home/huynguyen2741/airflow_venv/lib/python3.12/site-packages/airflow/example_dags/example_branch_python_dop_operator_3.py
[2025-08-06T14:55:30.796-0400] {processor.py:925} INFO - DAG(s) 'example_branch_dop_operator_v3' retrieved from /home/huynguyen2741/airflow_venv/lib/python3.12/site-packages/airflow/example_dags/example_branch_python_dop_operator_3.py
[2025-08-06T14:55:30.808-0400] {logging_mixin.py:190} INFO - [2025-08-06T14:55:30.808-0400] {dag.py:3239} INFO - Sync 1 DAGs
[2025-08-06T14:55:30.824-0400] {logging_mixin.py:190} INFO - [2025-08-06T14:55:30.824-0400] {dag.py:4180} INFO - Setting next_dagrun for example_branch_dop_operator_v3 to 2025-08-06 18:54:00+00:00, run_after=2025-08-06 18:55:00+00:00
[2025-08-06T14:55:30.842-0400] {processor.py:208} INFO - Processing /home/huynguyen2741/airflow_venv/lib/python3.12/site-packages/airflow/example_dags/example_branch_python_dop_operator_3.py took 0.061 seconds
[2025-08-06T14:56:32.710-0400] {processor.py:186} INFO - Started process (PID=33929) to work on /home/huynguyen2741/airflow_venv/lib/python3.12/site-packages/airflow/example_dags/example_branch_python_dop_operator_3.py
[2025-08-06T14:56:32.714-0400] {processor.py:914} INFO - Processing file /home/huynguyen2741/airflow_venv/lib/python3.12/site-packages/airflow/example_dags/example_branch_python_dop_operator_3.py for tasks to queue
[2025-08-06T14:56:32.715-0400] {logging_mixin.py:190} INFO - [2025-08-06T14:56:32.715-0400] {dagbag.py:588} INFO - Filling up the DagBag from /home/huynguyen2741/airflow_venv/lib/python3.12/site-packages/airflow/example_dags/example_branch_python_dop_operator_3.py
[2025-08-06T14:56:32.723-0400] {processor.py:925} INFO - DAG(s) 'example_branch_dop_operator_v3' retrieved from /home/huynguyen2741/airflow_venv/lib/python3.12/site-packages/airflow/example_dags/example_branch_python_dop_operator_3.py
[2025-08-06T14:56:32.734-0400] {logging_mixin.py:190} INFO - [2025-08-06T14:56:32.733-0400] {dag.py:3239} INFO - Sync 1 DAGs
[2025-08-06T14:56:32.748-0400] {logging_mixin.py:190} INFO - [2025-08-06T14:56:32.748-0400] {dag.py:4180} INFO - Setting next_dagrun for example_branch_dop_operator_v3 to 2025-08-06 18:55:00+00:00, run_after=2025-08-06 18:56:00+00:00
[2025-08-06T14:56:32.764-0400] {processor.py:208} INFO - Processing /home/huynguyen2741/airflow_venv/lib/python3.12/site-packages/airflow/example_dags/example_branch_python_dop_operator_3.py took 0.059 seconds
[2025-08-06T14:57:32.835-0400] {processor.py:186} INFO - Started process (PID=34211) to work on /home/huynguyen2741/airflow_venv/lib/python3.12/site-packages/airflow/example_dags/example_branch_python_dop_operator_3.py
[2025-08-06T14:57:32.836-0400] {processor.py:914} INFO - Processing file /home/huynguyen2741/airflow_venv/lib/python3.12/site-packages/airflow/example_dags/example_branch_python_dop_operator_3.py for tasks to queue
[2025-08-06T14:57:32.838-0400] {logging_mixin.py:190} INFO - [2025-08-06T14:57:32.837-0400] {dagbag.py:588} INFO - Filling up the DagBag from /home/huynguyen2741/airflow_venv/lib/python3.12/site-packages/airflow/example_dags/example_branch_python_dop_operator_3.py
[2025-08-06T14:57:32.845-0400] {processor.py:925} INFO - DAG(s) 'example_branch_dop_operator_v3' retrieved from /home/huynguyen2741/airflow_venv/lib/python3.12/site-packages/airflow/example_dags/example_branch_python_dop_operator_3.py
[2025-08-06T14:57:32.856-0400] {logging_mixin.py:190} INFO - [2025-08-06T14:57:32.856-0400] {dag.py:3239} INFO - Sync 1 DAGs
[2025-08-06T14:57:32.871-0400] {logging_mixin.py:190} INFO - [2025-08-06T14:57:32.871-0400] {dag.py:4180} INFO - Setting next_dagrun for example_branch_dop_operator_v3 to 2025-08-06 18:56:00+00:00, run_after=2025-08-06 18:57:00+00:00
[2025-08-06T14:57:32.888-0400] {processor.py:208} INFO - Processing /home/huynguyen2741/airflow_venv/lib/python3.12/site-packages/airflow/example_dags/example_branch_python_dop_operator_3.py took 0.059 seconds
[2025-08-06T14:58:35.255-0400] {processor.py:186} INFO - Started process (PID=34464) to work on /home/huynguyen2741/airflow_venv/lib/python3.12/site-packages/airflow/example_dags/example_branch_python_dop_operator_3.py
[2025-08-06T14:58:35.259-0400] {processor.py:914} INFO - Processing file /home/huynguyen2741/airflow_venv/lib/python3.12/site-packages/airflow/example_dags/example_branch_python_dop_operator_3.py for tasks to queue
[2025-08-06T14:58:35.260-0400] {logging_mixin.py:190} INFO - [2025-08-06T14:58:35.260-0400] {dagbag.py:588} INFO - Filling up the DagBag from /home/huynguyen2741/airflow_venv/lib/python3.12/site-packages/airflow/example_dags/example_branch_python_dop_operator_3.py
[2025-08-06T14:58:35.268-0400] {processor.py:925} INFO - DAG(s) 'example_branch_dop_operator_v3' retrieved from /home/huynguyen2741/airflow_venv/lib/python3.12/site-packages/airflow/example_dags/example_branch_python_dop_operator_3.py
[2025-08-06T14:58:35.280-0400] {logging_mixin.py:190} INFO - [2025-08-06T14:58:35.280-0400] {dag.py:3239} INFO - Sync 1 DAGs
[2025-08-06T14:58:35.298-0400] {logging_mixin.py:190} INFO - [2025-08-06T14:58:35.298-0400] {dag.py:4180} INFO - Setting next_dagrun for example_branch_dop_operator_v3 to 2025-08-06 18:57:00+00:00, run_after=2025-08-06 18:58:00+00:00
[2025-08-06T14:58:35.318-0400] {processor.py:208} INFO - Processing /home/huynguyen2741/airflow_venv/lib/python3.12/site-packages/airflow/example_dags/example_branch_python_dop_operator_3.py took 0.069 seconds
[2025-08-06T14:59:39.067-0400] {processor.py:186} INFO - Started process (PID=34699) to work on /home/huynguyen2741/airflow_venv/lib/python3.12/site-packages/airflow/example_dags/example_branch_python_dop_operator_3.py
[2025-08-06T14:59:39.068-0400] {processor.py:914} INFO - Processing file /home/huynguyen2741/airflow_venv/lib/python3.12/site-packages/airflow/example_dags/example_branch_python_dop_operator_3.py for tasks to queue
[2025-08-06T14:59:39.069-0400] {logging_mixin.py:190} INFO - [2025-08-06T14:59:39.069-0400] {dagbag.py:588} INFO - Filling up the DagBag from /home/huynguyen2741/airflow_venv/lib/python3.12/site-packages/airflow/example_dags/example_branch_python_dop_operator_3.py
[2025-08-06T14:59:39.078-0400] {processor.py:925} INFO - DAG(s) 'example_branch_dop_operator_v3' retrieved from /home/huynguyen2741/airflow_venv/lib/python3.12/site-packages/airflow/example_dags/example_branch_python_dop_operator_3.py
[2025-08-06T14:59:39.090-0400] {logging_mixin.py:190} INFO - [2025-08-06T14:59:39.089-0400] {dag.py:3239} INFO - Sync 1 DAGs
[2025-08-06T14:59:39.104-0400] {logging_mixin.py:190} INFO - [2025-08-06T14:59:39.104-0400] {dag.py:4180} INFO - Setting next_dagrun for example_branch_dop_operator_v3 to 2025-08-06 18:58:00+00:00, run_after=2025-08-06 18:59:00+00:00
[2025-08-06T14:59:39.121-0400] {processor.py:208} INFO - Processing /home/huynguyen2741/airflow_venv/lib/python3.12/site-packages/airflow/example_dags/example_branch_python_dop_operator_3.py took 0.059 seconds
