[2025-08-06T13:57:11.559-0400] {processor.py:186} INFO - Started process (PID=17690) to work on /home/huynguyen2741/airflow_venv/lib/python3.12/site-packages/airflow/example_dags/example_trigger_controller_dag.py
[2025-08-06T13:57:11.560-0400] {processor.py:914} INFO - Processing file /home/huynguyen2741/airflow_venv/lib/python3.12/site-packages/airflow/example_dags/example_trigger_controller_dag.py for tasks to queue
[2025-08-06T13:57:11.561-0400] {logging_mixin.py:190} INFO - [2025-08-06T13:57:11.561-0400] {dagbag.py:588} INFO - Filling up the DagBag from /home/huynguyen2741/airflow_venv/lib/python3.12/site-packages/airflow/example_dags/example_trigger_controller_dag.py
[2025-08-06T13:57:11.566-0400] {processor.py:925} INFO - DAG(s) 'example_trigger_controller_dag' retrieved from /home/huynguyen2741/airflow_venv/lib/python3.12/site-packages/airflow/example_dags/example_trigger_controller_dag.py
[2025-08-06T13:57:11.643-0400] {logging_mixin.py:190} INFO - [2025-08-06T13:57:11.643-0400] {override.py:1930} INFO - Created Permission View: can edit on DAG:example_trigger_controller_dag
[2025-08-06T13:57:11.653-0400] {logging_mixin.py:190} INFO - [2025-08-06T13:57:11.653-0400] {override.py:1930} INFO - Created Permission View: can read on DAG:example_trigger_controller_dag
[2025-08-06T13:57:11.660-0400] {logging_mixin.py:190} INFO - [2025-08-06T13:57:11.660-0400] {override.py:1930} INFO - Created Permission View: can delete on DAG:example_trigger_controller_dag
[2025-08-06T13:57:11.673-0400] {logging_mixin.py:190} INFO - [2025-08-06T13:57:11.673-0400] {override.py:1930} INFO - Created Permission View: menu access on DAG Run:example_trigger_controller_dag
[2025-08-06T13:57:11.681-0400] {logging_mixin.py:190} INFO - [2025-08-06T13:57:11.681-0400] {override.py:1930} INFO - Created Permission View: can read on DAG Run:example_trigger_controller_dag
[2025-08-06T13:57:11.689-0400] {logging_mixin.py:190} INFO - [2025-08-06T13:57:11.689-0400] {override.py:1930} INFO - Created Permission View: can create on DAG Run:example_trigger_controller_dag
[2025-08-06T13:57:11.696-0400] {logging_mixin.py:190} INFO - [2025-08-06T13:57:11.696-0400] {override.py:1930} INFO - Created Permission View: can delete on DAG Run:example_trigger_controller_dag
[2025-08-06T13:57:11.697-0400] {logging_mixin.py:190} INFO - [2025-08-06T13:57:11.697-0400] {dag.py:3239} INFO - Sync 1 DAGs
[2025-08-06T13:57:11.704-0400] {logging_mixin.py:190} INFO - [2025-08-06T13:57:11.704-0400] {dag.py:3262} INFO - Creating ORM DAG for example_trigger_controller_dag
[2025-08-06T13:57:11.709-0400] {logging_mixin.py:190} INFO - [2025-08-06T13:57:11.709-0400] {dag.py:4180} INFO - Setting next_dagrun for example_trigger_controller_dag to 2021-01-01 00:00:00+00:00, run_after=2021-01-01 00:00:00+00:00
[2025-08-06T13:57:11.724-0400] {processor.py:208} INFO - Processing /home/huynguyen2741/airflow_venv/lib/python3.12/site-packages/airflow/example_dags/example_trigger_controller_dag.py took 0.170 seconds
[2025-08-06T13:58:14.366-0400] {processor.py:186} INFO - Started process (PID=17932) to work on /home/huynguyen2741/airflow_venv/lib/python3.12/site-packages/airflow/example_dags/example_trigger_controller_dag.py
[2025-08-06T13:58:14.371-0400] {processor.py:914} INFO - Processing file /home/huynguyen2741/airflow_venv/lib/python3.12/site-packages/airflow/example_dags/example_trigger_controller_dag.py for tasks to queue
[2025-08-06T13:58:14.372-0400] {logging_mixin.py:190} INFO - [2025-08-06T13:58:14.372-0400] {dagbag.py:588} INFO - Filling up the DagBag from /home/huynguyen2741/airflow_venv/lib/python3.12/site-packages/airflow/example_dags/example_trigger_controller_dag.py
[2025-08-06T13:58:14.377-0400] {processor.py:925} INFO - DAG(s) 'example_trigger_controller_dag' retrieved from /home/huynguyen2741/airflow_venv/lib/python3.12/site-packages/airflow/example_dags/example_trigger_controller_dag.py
[2025-08-06T13:58:14.388-0400] {logging_mixin.py:190} INFO - [2025-08-06T13:58:14.388-0400] {dag.py:3239} INFO - Sync 1 DAGs
[2025-08-06T13:58:14.401-0400] {logging_mixin.py:190} INFO - [2025-08-06T13:58:14.401-0400] {dag.py:4180} INFO - Setting next_dagrun for example_trigger_controller_dag to 2021-01-01 00:00:00+00:00, run_after=2021-01-01 00:00:00+00:00
[2025-08-06T13:58:14.416-0400] {processor.py:208} INFO - Processing /home/huynguyen2741/airflow_venv/lib/python3.12/site-packages/airflow/example_dags/example_trigger_controller_dag.py took 0.054 seconds
[2025-08-06T13:59:14.970-0400] {processor.py:186} INFO - Started process (PID=18149) to work on /home/huynguyen2741/airflow_venv/lib/python3.12/site-packages/airflow/example_dags/example_trigger_controller_dag.py
[2025-08-06T13:59:14.971-0400] {processor.py:914} INFO - Processing file /home/huynguyen2741/airflow_venv/lib/python3.12/site-packages/airflow/example_dags/example_trigger_controller_dag.py for tasks to queue
[2025-08-06T13:59:14.973-0400] {logging_mixin.py:190} INFO - [2025-08-06T13:59:14.972-0400] {dagbag.py:588} INFO - Filling up the DagBag from /home/huynguyen2741/airflow_venv/lib/python3.12/site-packages/airflow/example_dags/example_trigger_controller_dag.py
[2025-08-06T13:59:14.979-0400] {processor.py:925} INFO - DAG(s) 'example_trigger_controller_dag' retrieved from /home/huynguyen2741/airflow_venv/lib/python3.12/site-packages/airflow/example_dags/example_trigger_controller_dag.py
[2025-08-06T13:59:14.988-0400] {logging_mixin.py:190} INFO - [2025-08-06T13:59:14.988-0400] {dag.py:3239} INFO - Sync 1 DAGs
[2025-08-06T13:59:15.000-0400] {logging_mixin.py:190} INFO - [2025-08-06T13:59:15.000-0400] {dag.py:4180} INFO - Setting next_dagrun for example_trigger_controller_dag to 2021-01-01 00:00:00+00:00, run_after=2021-01-01 00:00:00+00:00
[2025-08-06T13:59:15.014-0400] {processor.py:208} INFO - Processing /home/huynguyen2741/airflow_venv/lib/python3.12/site-packages/airflow/example_dags/example_trigger_controller_dag.py took 0.048 seconds
[2025-08-06T14:00:17.829-0400] {processor.py:186} INFO - Started process (PID=18368) to work on /home/huynguyen2741/airflow_venv/lib/python3.12/site-packages/airflow/example_dags/example_trigger_controller_dag.py
[2025-08-06T14:00:17.839-0400] {processor.py:914} INFO - Processing file /home/huynguyen2741/airflow_venv/lib/python3.12/site-packages/airflow/example_dags/example_trigger_controller_dag.py for tasks to queue
[2025-08-06T14:00:17.840-0400] {logging_mixin.py:190} INFO - [2025-08-06T14:00:17.840-0400] {dagbag.py:588} INFO - Filling up the DagBag from /home/huynguyen2741/airflow_venv/lib/python3.12/site-packages/airflow/example_dags/example_trigger_controller_dag.py
[2025-08-06T14:00:17.846-0400] {processor.py:925} INFO - DAG(s) 'example_trigger_controller_dag' retrieved from /home/huynguyen2741/airflow_venv/lib/python3.12/site-packages/airflow/example_dags/example_trigger_controller_dag.py
[2025-08-06T14:00:17.857-0400] {logging_mixin.py:190} INFO - [2025-08-06T14:00:17.857-0400] {dag.py:3239} INFO - Sync 1 DAGs
[2025-08-06T14:00:17.868-0400] {logging_mixin.py:190} INFO - [2025-08-06T14:00:17.868-0400] {dag.py:4180} INFO - Setting next_dagrun for example_trigger_controller_dag to 2021-01-01 00:00:00+00:00, run_after=2021-01-01 00:00:00+00:00
[2025-08-06T14:00:17.884-0400] {processor.py:208} INFO - Processing /home/huynguyen2741/airflow_venv/lib/python3.12/site-packages/airflow/example_dags/example_trigger_controller_dag.py took 0.060 seconds
[2025-08-06T14:01:22.230-0400] {processor.py:186} INFO - Started process (PID=18595) to work on /home/huynguyen2741/airflow_venv/lib/python3.12/site-packages/airflow/example_dags/example_trigger_controller_dag.py
[2025-08-06T14:01:22.231-0400] {processor.py:914} INFO - Processing file /home/huynguyen2741/airflow_venv/lib/python3.12/site-packages/airflow/example_dags/example_trigger_controller_dag.py for tasks to queue
[2025-08-06T14:01:22.232-0400] {logging_mixin.py:190} INFO - [2025-08-06T14:01:22.232-0400] {dagbag.py:588} INFO - Filling up the DagBag from /home/huynguyen2741/airflow_venv/lib/python3.12/site-packages/airflow/example_dags/example_trigger_controller_dag.py
[2025-08-06T14:01:22.238-0400] {processor.py:925} INFO - DAG(s) 'example_trigger_controller_dag' retrieved from /home/huynguyen2741/airflow_venv/lib/python3.12/site-packages/airflow/example_dags/example_trigger_controller_dag.py
[2025-08-06T14:01:22.248-0400] {logging_mixin.py:190} INFO - [2025-08-06T14:01:22.248-0400] {dag.py:3239} INFO - Sync 1 DAGs
[2025-08-06T14:01:22.261-0400] {logging_mixin.py:190} INFO - [2025-08-06T14:01:22.261-0400] {dag.py:4180} INFO - Setting next_dagrun for example_trigger_controller_dag to 2021-01-01 00:00:00+00:00, run_after=2021-01-01 00:00:00+00:00
[2025-08-06T14:01:22.277-0400] {processor.py:208} INFO - Processing /home/huynguyen2741/airflow_venv/lib/python3.12/site-packages/airflow/example_dags/example_trigger_controller_dag.py took 0.051 seconds
[2025-08-06T14:02:19.939-0400] {processor.py:186} INFO - Started process (PID=18840) to work on /home/huynguyen2741/airflow_venv/lib/python3.12/site-packages/airflow/example_dags/example_trigger_controller_dag.py
[2025-08-06T14:02:19.944-0400] {processor.py:914} INFO - Processing file /home/huynguyen2741/airflow_venv/lib/python3.12/site-packages/airflow/example_dags/example_trigger_controller_dag.py for tasks to queue
[2025-08-06T14:02:19.945-0400] {logging_mixin.py:190} INFO - [2025-08-06T14:02:19.945-0400] {dagbag.py:588} INFO - Filling up the DagBag from /home/huynguyen2741/airflow_venv/lib/python3.12/site-packages/airflow/example_dags/example_trigger_controller_dag.py
[2025-08-06T14:02:19.950-0400] {processor.py:925} INFO - DAG(s) 'example_trigger_controller_dag' retrieved from /home/huynguyen2741/airflow_venv/lib/python3.12/site-packages/airflow/example_dags/example_trigger_controller_dag.py
[2025-08-06T14:02:19.960-0400] {logging_mixin.py:190} INFO - [2025-08-06T14:02:19.960-0400] {dag.py:3239} INFO - Sync 1 DAGs
[2025-08-06T14:02:19.971-0400] {logging_mixin.py:190} INFO - [2025-08-06T14:02:19.971-0400] {dag.py:4180} INFO - Setting next_dagrun for example_trigger_controller_dag to 2021-01-01 00:00:00+00:00, run_after=2021-01-01 00:00:00+00:00
[2025-08-06T14:02:19.986-0400] {processor.py:208} INFO - Processing /home/huynguyen2741/airflow_venv/lib/python3.12/site-packages/airflow/example_dags/example_trigger_controller_dag.py took 0.051 seconds
[2025-08-06T14:03:23.107-0400] {processor.py:186} INFO - Started process (PID=19063) to work on /home/huynguyen2741/airflow_venv/lib/python3.12/site-packages/airflow/example_dags/example_trigger_controller_dag.py
[2025-08-06T14:03:23.108-0400] {processor.py:914} INFO - Processing file /home/huynguyen2741/airflow_venv/lib/python3.12/site-packages/airflow/example_dags/example_trigger_controller_dag.py for tasks to queue
[2025-08-06T14:03:23.110-0400] {logging_mixin.py:190} INFO - [2025-08-06T14:03:23.110-0400] {dagbag.py:588} INFO - Filling up the DagBag from /home/huynguyen2741/airflow_venv/lib/python3.12/site-packages/airflow/example_dags/example_trigger_controller_dag.py
[2025-08-06T14:03:23.115-0400] {processor.py:925} INFO - DAG(s) 'example_trigger_controller_dag' retrieved from /home/huynguyen2741/airflow_venv/lib/python3.12/site-packages/airflow/example_dags/example_trigger_controller_dag.py
[2025-08-06T14:03:23.125-0400] {logging_mixin.py:190} INFO - [2025-08-06T14:03:23.125-0400] {dag.py:3239} INFO - Sync 1 DAGs
[2025-08-06T14:03:23.136-0400] {logging_mixin.py:190} INFO - [2025-08-06T14:03:23.136-0400] {dag.py:4180} INFO - Setting next_dagrun for example_trigger_controller_dag to 2021-01-01 00:00:00+00:00, run_after=2021-01-01 00:00:00+00:00
[2025-08-06T14:03:23.151-0400] {processor.py:208} INFO - Processing /home/huynguyen2741/airflow_venv/lib/python3.12/site-packages/airflow/example_dags/example_trigger_controller_dag.py took 0.048 seconds
[2025-08-06T14:04:25.387-0400] {processor.py:186} INFO - Started process (PID=19283) to work on /home/huynguyen2741/airflow_venv/lib/python3.12/site-packages/airflow/example_dags/example_trigger_controller_dag.py
[2025-08-06T14:04:25.389-0400] {processor.py:914} INFO - Processing file /home/huynguyen2741/airflow_venv/lib/python3.12/site-packages/airflow/example_dags/example_trigger_controller_dag.py for tasks to queue
[2025-08-06T14:04:25.390-0400] {logging_mixin.py:190} INFO - [2025-08-06T14:04:25.390-0400] {dagbag.py:588} INFO - Filling up the DagBag from /home/huynguyen2741/airflow_venv/lib/python3.12/site-packages/airflow/example_dags/example_trigger_controller_dag.py
[2025-08-06T14:04:25.395-0400] {processor.py:925} INFO - DAG(s) 'example_trigger_controller_dag' retrieved from /home/huynguyen2741/airflow_venv/lib/python3.12/site-packages/airflow/example_dags/example_trigger_controller_dag.py
[2025-08-06T14:04:25.405-0400] {logging_mixin.py:190} INFO - [2025-08-06T14:04:25.405-0400] {dag.py:3239} INFO - Sync 1 DAGs
[2025-08-06T14:04:25.417-0400] {logging_mixin.py:190} INFO - [2025-08-06T14:04:25.417-0400] {dag.py:4180} INFO - Setting next_dagrun for example_trigger_controller_dag to 2021-01-01 00:00:00+00:00, run_after=2021-01-01 00:00:00+00:00
[2025-08-06T14:04:25.432-0400] {processor.py:208} INFO - Processing /home/huynguyen2741/airflow_venv/lib/python3.12/site-packages/airflow/example_dags/example_trigger_controller_dag.py took 0.048 seconds
[2025-08-06T14:05:30.628-0400] {processor.py:186} INFO - Started process (PID=19661) to work on /home/huynguyen2741/airflow_venv/lib/python3.12/site-packages/airflow/example_dags/example_trigger_controller_dag.py
[2025-08-06T14:05:30.638-0400] {processor.py:914} INFO - Processing file /home/huynguyen2741/airflow_venv/lib/python3.12/site-packages/airflow/example_dags/example_trigger_controller_dag.py for tasks to queue
[2025-08-06T14:05:30.640-0400] {logging_mixin.py:190} INFO - [2025-08-06T14:05:30.639-0400] {dagbag.py:588} INFO - Filling up the DagBag from /home/huynguyen2741/airflow_venv/lib/python3.12/site-packages/airflow/example_dags/example_trigger_controller_dag.py
[2025-08-06T14:05:30.645-0400] {processor.py:925} INFO - DAG(s) 'example_trigger_controller_dag' retrieved from /home/huynguyen2741/airflow_venv/lib/python3.12/site-packages/airflow/example_dags/example_trigger_controller_dag.py
[2025-08-06T14:05:30.655-0400] {logging_mixin.py:190} INFO - [2025-08-06T14:05:30.655-0400] {dag.py:3239} INFO - Sync 1 DAGs
[2025-08-06T14:05:30.666-0400] {logging_mixin.py:190} INFO - [2025-08-06T14:05:30.666-0400] {dag.py:4180} INFO - Setting next_dagrun for example_trigger_controller_dag to 2021-01-01 00:00:00+00:00, run_after=2021-01-01 00:00:00+00:00
[2025-08-06T14:05:30.680-0400] {processor.py:208} INFO - Processing /home/huynguyen2741/airflow_venv/lib/python3.12/site-packages/airflow/example_dags/example_trigger_controller_dag.py took 0.056 seconds
[2025-08-06T14:06:30.699-0400] {processor.py:186} INFO - Started process (PID=19882) to work on /home/huynguyen2741/airflow_venv/lib/python3.12/site-packages/airflow/example_dags/example_trigger_controller_dag.py
[2025-08-06T14:06:30.700-0400] {processor.py:914} INFO - Processing file /home/huynguyen2741/airflow_venv/lib/python3.12/site-packages/airflow/example_dags/example_trigger_controller_dag.py for tasks to queue
[2025-08-06T14:06:30.702-0400] {logging_mixin.py:190} INFO - [2025-08-06T14:06:30.701-0400] {dagbag.py:588} INFO - Filling up the DagBag from /home/huynguyen2741/airflow_venv/lib/python3.12/site-packages/airflow/example_dags/example_trigger_controller_dag.py
[2025-08-06T14:06:30.707-0400] {processor.py:925} INFO - DAG(s) 'example_trigger_controller_dag' retrieved from /home/huynguyen2741/airflow_venv/lib/python3.12/site-packages/airflow/example_dags/example_trigger_controller_dag.py
[2025-08-06T14:06:30.717-0400] {logging_mixin.py:190} INFO - [2025-08-06T14:06:30.717-0400] {dag.py:3239} INFO - Sync 1 DAGs
[2025-08-06T14:06:30.729-0400] {logging_mixin.py:190} INFO - [2025-08-06T14:06:30.728-0400] {dag.py:4180} INFO - Setting next_dagrun for example_trigger_controller_dag to 2021-01-01 00:00:00+00:00, run_after=2021-01-01 00:00:00+00:00
[2025-08-06T14:06:30.828-0400] {processor.py:208} INFO - Processing /home/huynguyen2741/airflow_venv/lib/python3.12/site-packages/airflow/example_dags/example_trigger_controller_dag.py took 0.134 seconds
[2025-08-06T14:07:39.327-0400] {processor.py:186} INFO - Started process (PID=20125) to work on /home/huynguyen2741/airflow_venv/lib/python3.12/site-packages/airflow/example_dags/example_trigger_controller_dag.py
[2025-08-06T14:07:39.328-0400] {processor.py:914} INFO - Processing file /home/huynguyen2741/airflow_venv/lib/python3.12/site-packages/airflow/example_dags/example_trigger_controller_dag.py for tasks to queue
[2025-08-06T14:07:39.330-0400] {logging_mixin.py:190} INFO - [2025-08-06T14:07:39.330-0400] {dagbag.py:588} INFO - Filling up the DagBag from /home/huynguyen2741/airflow_venv/lib/python3.12/site-packages/airflow/example_dags/example_trigger_controller_dag.py
[2025-08-06T14:07:39.336-0400] {processor.py:925} INFO - DAG(s) 'example_trigger_controller_dag' retrieved from /home/huynguyen2741/airflow_venv/lib/python3.12/site-packages/airflow/example_dags/example_trigger_controller_dag.py
[2025-08-06T14:07:39.347-0400] {logging_mixin.py:190} INFO - [2025-08-06T14:07:39.347-0400] {dag.py:3239} INFO - Sync 1 DAGs
[2025-08-06T14:07:39.361-0400] {logging_mixin.py:190} INFO - [2025-08-06T14:07:39.360-0400] {dag.py:4180} INFO - Setting next_dagrun for example_trigger_controller_dag to 2021-01-01 00:00:00+00:00, run_after=2021-01-01 00:00:00+00:00
[2025-08-06T14:07:39.495-0400] {processor.py:208} INFO - Processing /home/huynguyen2741/airflow_venv/lib/python3.12/site-packages/airflow/example_dags/example_trigger_controller_dag.py took 0.173 seconds
[2025-08-06T14:08:45.404-0400] {processor.py:186} INFO - Started process (PID=20463) to work on /home/huynguyen2741/airflow_venv/lib/python3.12/site-packages/airflow/example_dags/example_trigger_controller_dag.py
[2025-08-06T14:08:45.405-0400] {processor.py:914} INFO - Processing file /home/huynguyen2741/airflow_venv/lib/python3.12/site-packages/airflow/example_dags/example_trigger_controller_dag.py for tasks to queue
[2025-08-06T14:08:45.406-0400] {logging_mixin.py:190} INFO - [2025-08-06T14:08:45.406-0400] {dagbag.py:588} INFO - Filling up the DagBag from /home/huynguyen2741/airflow_venv/lib/python3.12/site-packages/airflow/example_dags/example_trigger_controller_dag.py
[2025-08-06T14:08:45.412-0400] {processor.py:925} INFO - DAG(s) 'example_trigger_controller_dag' retrieved from /home/huynguyen2741/airflow_venv/lib/python3.12/site-packages/airflow/example_dags/example_trigger_controller_dag.py
[2025-08-06T14:08:45.423-0400] {logging_mixin.py:190} INFO - [2025-08-06T14:08:45.423-0400] {dag.py:3239} INFO - Sync 1 DAGs
[2025-08-06T14:08:45.435-0400] {logging_mixin.py:190} INFO - [2025-08-06T14:08:45.435-0400] {dag.py:4180} INFO - Setting next_dagrun for example_trigger_controller_dag to 2021-01-01 00:00:00+00:00, run_after=2021-01-01 00:00:00+00:00
[2025-08-06T14:08:45.535-0400] {processor.py:208} INFO - Processing /home/huynguyen2741/airflow_venv/lib/python3.12/site-packages/airflow/example_dags/example_trigger_controller_dag.py took 0.135 seconds
[2025-08-06T14:09:57.149-0400] {processor.py:186} INFO - Started process (PID=20960) to work on /home/huynguyen2741/airflow_venv/lib/python3.12/site-packages/airflow/example_dags/example_trigger_controller_dag.py
[2025-08-06T14:09:57.153-0400] {processor.py:914} INFO - Processing file /home/huynguyen2741/airflow_venv/lib/python3.12/site-packages/airflow/example_dags/example_trigger_controller_dag.py for tasks to queue
[2025-08-06T14:09:57.155-0400] {logging_mixin.py:190} INFO - [2025-08-06T14:09:57.155-0400] {dagbag.py:588} INFO - Filling up the DagBag from /home/huynguyen2741/airflow_venv/lib/python3.12/site-packages/airflow/example_dags/example_trigger_controller_dag.py
[2025-08-06T14:09:57.160-0400] {processor.py:925} INFO - DAG(s) 'example_trigger_controller_dag' retrieved from /home/huynguyen2741/airflow_venv/lib/python3.12/site-packages/airflow/example_dags/example_trigger_controller_dag.py
[2025-08-06T14:09:57.170-0400] {logging_mixin.py:190} INFO - [2025-08-06T14:09:57.170-0400] {dag.py:3239} INFO - Sync 1 DAGs
[2025-08-06T14:09:57.182-0400] {logging_mixin.py:190} INFO - [2025-08-06T14:09:57.182-0400] {dag.py:4180} INFO - Setting next_dagrun for example_trigger_controller_dag to 2021-01-01 00:00:00+00:00, run_after=2021-01-01 00:00:00+00:00
[2025-08-06T14:09:57.199-0400] {processor.py:208} INFO - Processing /home/huynguyen2741/airflow_venv/lib/python3.12/site-packages/airflow/example_dags/example_trigger_controller_dag.py took 0.054 seconds
[2025-08-06T14:10:57.011-0400] {processor.py:186} INFO - Started process (PID=21276) to work on /home/huynguyen2741/airflow_venv/lib/python3.12/site-packages/airflow/example_dags/example_trigger_controller_dag.py
[2025-08-06T14:10:57.011-0400] {processor.py:914} INFO - Processing file /home/huynguyen2741/airflow_venv/lib/python3.12/site-packages/airflow/example_dags/example_trigger_controller_dag.py for tasks to queue
[2025-08-06T14:10:57.013-0400] {logging_mixin.py:190} INFO - [2025-08-06T14:10:57.013-0400] {dagbag.py:588} INFO - Filling up the DagBag from /home/huynguyen2741/airflow_venv/lib/python3.12/site-packages/airflow/example_dags/example_trigger_controller_dag.py
[2025-08-06T14:10:57.019-0400] {processor.py:925} INFO - DAG(s) 'example_trigger_controller_dag' retrieved from /home/huynguyen2741/airflow_venv/lib/python3.12/site-packages/airflow/example_dags/example_trigger_controller_dag.py
[2025-08-06T14:10:57.029-0400] {logging_mixin.py:190} INFO - [2025-08-06T14:10:57.029-0400] {dag.py:3239} INFO - Sync 1 DAGs
[2025-08-06T14:10:57.041-0400] {logging_mixin.py:190} INFO - [2025-08-06T14:10:57.040-0400] {dag.py:4180} INFO - Setting next_dagrun for example_trigger_controller_dag to 2021-01-01 00:00:00+00:00, run_after=2021-01-01 00:00:00+00:00
[2025-08-06T14:10:57.055-0400] {processor.py:208} INFO - Processing /home/huynguyen2741/airflow_venv/lib/python3.12/site-packages/airflow/example_dags/example_trigger_controller_dag.py took 0.049 seconds
[2025-08-06T14:12:04.075-0400] {processor.py:186} INFO - Started process (PID=21550) to work on /home/huynguyen2741/airflow_venv/lib/python3.12/site-packages/airflow/example_dags/example_trigger_controller_dag.py
[2025-08-06T14:12:04.079-0400] {processor.py:914} INFO - Processing file /home/huynguyen2741/airflow_venv/lib/python3.12/site-packages/airflow/example_dags/example_trigger_controller_dag.py for tasks to queue
[2025-08-06T14:12:04.080-0400] {logging_mixin.py:190} INFO - [2025-08-06T14:12:04.080-0400] {dagbag.py:588} INFO - Filling up the DagBag from /home/huynguyen2741/airflow_venv/lib/python3.12/site-packages/airflow/example_dags/example_trigger_controller_dag.py
[2025-08-06T14:12:04.086-0400] {processor.py:925} INFO - DAG(s) 'example_trigger_controller_dag' retrieved from /home/huynguyen2741/airflow_venv/lib/python3.12/site-packages/airflow/example_dags/example_trigger_controller_dag.py
[2025-08-06T14:12:04.096-0400] {logging_mixin.py:190} INFO - [2025-08-06T14:12:04.096-0400] {dag.py:3239} INFO - Sync 1 DAGs
[2025-08-06T14:12:04.108-0400] {logging_mixin.py:190} INFO - [2025-08-06T14:12:04.108-0400] {dag.py:4180} INFO - Setting next_dagrun for example_trigger_controller_dag to 2021-01-01 00:00:00+00:00, run_after=2021-01-01 00:00:00+00:00
[2025-08-06T14:12:04.124-0400] {processor.py:208} INFO - Processing /home/huynguyen2741/airflow_venv/lib/python3.12/site-packages/airflow/example_dags/example_trigger_controller_dag.py took 0.053 seconds
[2025-08-06T14:13:03.541-0400] {processor.py:186} INFO - Started process (PID=21967) to work on /home/huynguyen2741/airflow_venv/lib/python3.12/site-packages/airflow/example_dags/example_trigger_controller_dag.py
[2025-08-06T14:13:03.545-0400] {processor.py:914} INFO - Processing file /home/huynguyen2741/airflow_venv/lib/python3.12/site-packages/airflow/example_dags/example_trigger_controller_dag.py for tasks to queue
[2025-08-06T14:13:03.546-0400] {logging_mixin.py:190} INFO - [2025-08-06T14:13:03.546-0400] {dagbag.py:588} INFO - Filling up the DagBag from /home/huynguyen2741/airflow_venv/lib/python3.12/site-packages/airflow/example_dags/example_trigger_controller_dag.py
[2025-08-06T14:13:03.552-0400] {processor.py:925} INFO - DAG(s) 'example_trigger_controller_dag' retrieved from /home/huynguyen2741/airflow_venv/lib/python3.12/site-packages/airflow/example_dags/example_trigger_controller_dag.py
[2025-08-06T14:13:03.562-0400] {logging_mixin.py:190} INFO - [2025-08-06T14:13:03.562-0400] {dag.py:3239} INFO - Sync 1 DAGs
[2025-08-06T14:13:03.574-0400] {logging_mixin.py:190} INFO - [2025-08-06T14:13:03.574-0400] {dag.py:4180} INFO - Setting next_dagrun for example_trigger_controller_dag to 2021-01-01 00:00:00+00:00, run_after=2021-01-01 00:00:00+00:00
[2025-08-06T14:13:03.590-0400] {processor.py:208} INFO - Processing /home/huynguyen2741/airflow_venv/lib/python3.12/site-packages/airflow/example_dags/example_trigger_controller_dag.py took 0.053 seconds
[2025-08-06T14:14:10.310-0400] {processor.py:186} INFO - Started process (PID=22377) to work on /home/huynguyen2741/airflow_venv/lib/python3.12/site-packages/airflow/example_dags/example_trigger_controller_dag.py
[2025-08-06T14:14:10.315-0400] {processor.py:914} INFO - Processing file /home/huynguyen2741/airflow_venv/lib/python3.12/site-packages/airflow/example_dags/example_trigger_controller_dag.py for tasks to queue
[2025-08-06T14:14:10.316-0400] {logging_mixin.py:190} INFO - [2025-08-06T14:14:10.315-0400] {dagbag.py:588} INFO - Filling up the DagBag from /home/huynguyen2741/airflow_venv/lib/python3.12/site-packages/airflow/example_dags/example_trigger_controller_dag.py
[2025-08-06T14:14:10.321-0400] {processor.py:925} INFO - DAG(s) 'example_trigger_controller_dag' retrieved from /home/huynguyen2741/airflow_venv/lib/python3.12/site-packages/airflow/example_dags/example_trigger_controller_dag.py
[2025-08-06T14:14:10.336-0400] {logging_mixin.py:190} INFO - [2025-08-06T14:14:10.336-0400] {dag.py:3239} INFO - Sync 1 DAGs
[2025-08-06T14:14:10.352-0400] {logging_mixin.py:190} INFO - [2025-08-06T14:14:10.351-0400] {dag.py:4180} INFO - Setting next_dagrun for example_trigger_controller_dag to 2021-01-01 00:00:00+00:00, run_after=2021-01-01 00:00:00+00:00
[2025-08-06T14:14:10.370-0400] {processor.py:208} INFO - Processing /home/huynguyen2741/airflow_venv/lib/python3.12/site-packages/airflow/example_dags/example_trigger_controller_dag.py took 0.064 seconds
[2025-08-06T14:15:14.072-0400] {processor.py:186} INFO - Started process (PID=22734) to work on /home/huynguyen2741/airflow_venv/lib/python3.12/site-packages/airflow/example_dags/example_trigger_controller_dag.py
[2025-08-06T14:15:14.077-0400] {processor.py:914} INFO - Processing file /home/huynguyen2741/airflow_venv/lib/python3.12/site-packages/airflow/example_dags/example_trigger_controller_dag.py for tasks to queue
[2025-08-06T14:15:14.078-0400] {logging_mixin.py:190} INFO - [2025-08-06T14:15:14.077-0400] {dagbag.py:588} INFO - Filling up the DagBag from /home/huynguyen2741/airflow_venv/lib/python3.12/site-packages/airflow/example_dags/example_trigger_controller_dag.py
[2025-08-06T14:15:14.083-0400] {processor.py:925} INFO - DAG(s) 'example_trigger_controller_dag' retrieved from /home/huynguyen2741/airflow_venv/lib/python3.12/site-packages/airflow/example_dags/example_trigger_controller_dag.py
[2025-08-06T14:15:14.096-0400] {logging_mixin.py:190} INFO - [2025-08-06T14:15:14.096-0400] {dag.py:3239} INFO - Sync 1 DAGs
[2025-08-06T14:15:14.112-0400] {logging_mixin.py:190} INFO - [2025-08-06T14:15:14.112-0400] {dag.py:4180} INFO - Setting next_dagrun for example_trigger_controller_dag to 2021-01-01 00:00:00+00:00, run_after=2021-01-01 00:00:00+00:00
[2025-08-06T14:15:14.129-0400] {processor.py:208} INFO - Processing /home/huynguyen2741/airflow_venv/lib/python3.12/site-packages/airflow/example_dags/example_trigger_controller_dag.py took 0.061 seconds
[2025-08-06T14:16:16.041-0400] {processor.py:186} INFO - Started process (PID=23069) to work on /home/huynguyen2741/airflow_venv/lib/python3.12/site-packages/airflow/example_dags/example_trigger_controller_dag.py
[2025-08-06T14:16:16.042-0400] {processor.py:914} INFO - Processing file /home/huynguyen2741/airflow_venv/lib/python3.12/site-packages/airflow/example_dags/example_trigger_controller_dag.py for tasks to queue
[2025-08-06T14:16:16.043-0400] {logging_mixin.py:190} INFO - [2025-08-06T14:16:16.043-0400] {dagbag.py:588} INFO - Filling up the DagBag from /home/huynguyen2741/airflow_venv/lib/python3.12/site-packages/airflow/example_dags/example_trigger_controller_dag.py
[2025-08-06T14:16:16.050-0400] {processor.py:925} INFO - DAG(s) 'example_trigger_controller_dag' retrieved from /home/huynguyen2741/airflow_venv/lib/python3.12/site-packages/airflow/example_dags/example_trigger_controller_dag.py
[2025-08-06T14:16:16.066-0400] {logging_mixin.py:190} INFO - [2025-08-06T14:16:16.066-0400] {dag.py:3239} INFO - Sync 1 DAGs
[2025-08-06T14:16:16.084-0400] {logging_mixin.py:190} INFO - [2025-08-06T14:16:16.083-0400] {dag.py:4180} INFO - Setting next_dagrun for example_trigger_controller_dag to 2021-01-01 00:00:00+00:00, run_after=2021-01-01 00:00:00+00:00
[2025-08-06T14:16:16.102-0400] {processor.py:208} INFO - Processing /home/huynguyen2741/airflow_venv/lib/python3.12/site-packages/airflow/example_dags/example_trigger_controller_dag.py took 0.065 seconds
[2025-08-06T14:17:20.103-0400] {processor.py:186} INFO - Started process (PID=23323) to work on /home/huynguyen2741/airflow_venv/lib/python3.12/site-packages/airflow/example_dags/example_trigger_controller_dag.py
[2025-08-06T14:17:20.107-0400] {processor.py:914} INFO - Processing file /home/huynguyen2741/airflow_venv/lib/python3.12/site-packages/airflow/example_dags/example_trigger_controller_dag.py for tasks to queue
[2025-08-06T14:17:20.108-0400] {logging_mixin.py:190} INFO - [2025-08-06T14:17:20.107-0400] {dagbag.py:588} INFO - Filling up the DagBag from /home/huynguyen2741/airflow_venv/lib/python3.12/site-packages/airflow/example_dags/example_trigger_controller_dag.py
[2025-08-06T14:17:20.114-0400] {processor.py:925} INFO - DAG(s) 'example_trigger_controller_dag' retrieved from /home/huynguyen2741/airflow_venv/lib/python3.12/site-packages/airflow/example_dags/example_trigger_controller_dag.py
[2025-08-06T14:17:20.126-0400] {logging_mixin.py:190} INFO - [2025-08-06T14:17:20.126-0400] {dag.py:3239} INFO - Sync 1 DAGs
[2025-08-06T14:17:20.140-0400] {logging_mixin.py:190} INFO - [2025-08-06T14:17:20.139-0400] {dag.py:4180} INFO - Setting next_dagrun for example_trigger_controller_dag to 2021-01-01 00:00:00+00:00, run_after=2021-01-01 00:00:00+00:00
[2025-08-06T14:17:20.156-0400] {processor.py:208} INFO - Processing /home/huynguyen2741/airflow_venv/lib/python3.12/site-packages/airflow/example_dags/example_trigger_controller_dag.py took 0.058 seconds
[2025-08-06T14:18:25.357-0400] {processor.py:186} INFO - Started process (PID=23558) to work on /home/huynguyen2741/airflow_venv/lib/python3.12/site-packages/airflow/example_dags/example_trigger_controller_dag.py
[2025-08-06T14:18:25.357-0400] {processor.py:914} INFO - Processing file /home/huynguyen2741/airflow_venv/lib/python3.12/site-packages/airflow/example_dags/example_trigger_controller_dag.py for tasks to queue
[2025-08-06T14:18:25.358-0400] {logging_mixin.py:190} INFO - [2025-08-06T14:18:25.358-0400] {dagbag.py:588} INFO - Filling up the DagBag from /home/huynguyen2741/airflow_venv/lib/python3.12/site-packages/airflow/example_dags/example_trigger_controller_dag.py
[2025-08-06T14:18:25.364-0400] {processor.py:925} INFO - DAG(s) 'example_trigger_controller_dag' retrieved from /home/huynguyen2741/airflow_venv/lib/python3.12/site-packages/airflow/example_dags/example_trigger_controller_dag.py
[2025-08-06T14:18:25.375-0400] {logging_mixin.py:190} INFO - [2025-08-06T14:18:25.375-0400] {dag.py:3239} INFO - Sync 1 DAGs
[2025-08-06T14:18:25.389-0400] {logging_mixin.py:190} INFO - [2025-08-06T14:18:25.388-0400] {dag.py:4180} INFO - Setting next_dagrun for example_trigger_controller_dag to 2021-01-01 00:00:00+00:00, run_after=2021-01-01 00:00:00+00:00
[2025-08-06T14:18:25.405-0400] {processor.py:208} INFO - Processing /home/huynguyen2741/airflow_venv/lib/python3.12/site-packages/airflow/example_dags/example_trigger_controller_dag.py took 0.052 seconds
[2025-08-06T14:19:32.419-0400] {processor.py:186} INFO - Started process (PID=23827) to work on /home/huynguyen2741/airflow_venv/lib/python3.12/site-packages/airflow/example_dags/example_trigger_controller_dag.py
[2025-08-06T14:19:32.423-0400] {processor.py:914} INFO - Processing file /home/huynguyen2741/airflow_venv/lib/python3.12/site-packages/airflow/example_dags/example_trigger_controller_dag.py for tasks to queue
[2025-08-06T14:19:32.425-0400] {logging_mixin.py:190} INFO - [2025-08-06T14:19:32.424-0400] {dagbag.py:588} INFO - Filling up the DagBag from /home/huynguyen2741/airflow_venv/lib/python3.12/site-packages/airflow/example_dags/example_trigger_controller_dag.py
[2025-08-06T14:19:32.431-0400] {processor.py:925} INFO - DAG(s) 'example_trigger_controller_dag' retrieved from /home/huynguyen2741/airflow_venv/lib/python3.12/site-packages/airflow/example_dags/example_trigger_controller_dag.py
[2025-08-06T14:19:32.444-0400] {logging_mixin.py:190} INFO - [2025-08-06T14:19:32.443-0400] {dag.py:3239} INFO - Sync 1 DAGs
[2025-08-06T14:19:32.460-0400] {logging_mixin.py:190} INFO - [2025-08-06T14:19:32.460-0400] {dag.py:4180} INFO - Setting next_dagrun for example_trigger_controller_dag to 2021-01-01 00:00:00+00:00, run_after=2021-01-01 00:00:00+00:00
[2025-08-06T14:19:32.478-0400] {processor.py:208} INFO - Processing /home/huynguyen2741/airflow_venv/lib/python3.12/site-packages/airflow/example_dags/example_trigger_controller_dag.py took 0.065 seconds
[2025-08-06T14:20:36.716-0400] {processor.py:186} INFO - Started process (PID=24056) to work on /home/huynguyen2741/airflow_venv/lib/python3.12/site-packages/airflow/example_dags/example_trigger_controller_dag.py
[2025-08-06T14:20:36.717-0400] {processor.py:914} INFO - Processing file /home/huynguyen2741/airflow_venv/lib/python3.12/site-packages/airflow/example_dags/example_trigger_controller_dag.py for tasks to queue
[2025-08-06T14:20:36.718-0400] {logging_mixin.py:190} INFO - [2025-08-06T14:20:36.717-0400] {dagbag.py:588} INFO - Filling up the DagBag from /home/huynguyen2741/airflow_venv/lib/python3.12/site-packages/airflow/example_dags/example_trigger_controller_dag.py
[2025-08-06T14:20:36.723-0400] {processor.py:925} INFO - DAG(s) 'example_trigger_controller_dag' retrieved from /home/huynguyen2741/airflow_venv/lib/python3.12/site-packages/airflow/example_dags/example_trigger_controller_dag.py
[2025-08-06T14:20:36.737-0400] {logging_mixin.py:190} INFO - [2025-08-06T14:20:36.737-0400] {dag.py:3239} INFO - Sync 1 DAGs
[2025-08-06T14:20:36.752-0400] {logging_mixin.py:190} INFO - [2025-08-06T14:20:36.752-0400] {dag.py:4180} INFO - Setting next_dagrun for example_trigger_controller_dag to 2021-01-01 00:00:00+00:00, run_after=2021-01-01 00:00:00+00:00
[2025-08-06T14:20:36.769-0400] {processor.py:208} INFO - Processing /home/huynguyen2741/airflow_venv/lib/python3.12/site-packages/airflow/example_dags/example_trigger_controller_dag.py took 0.058 seconds
[2025-08-06T14:21:45.526-0400] {processor.py:186} INFO - Started process (PID=24299) to work on /home/huynguyen2741/airflow_venv/lib/python3.12/site-packages/airflow/example_dags/example_trigger_controller_dag.py
[2025-08-06T14:21:45.536-0400] {processor.py:914} INFO - Processing file /home/huynguyen2741/airflow_venv/lib/python3.12/site-packages/airflow/example_dags/example_trigger_controller_dag.py for tasks to queue
[2025-08-06T14:21:45.537-0400] {logging_mixin.py:190} INFO - [2025-08-06T14:21:45.537-0400] {dagbag.py:588} INFO - Filling up the DagBag from /home/huynguyen2741/airflow_venv/lib/python3.12/site-packages/airflow/example_dags/example_trigger_controller_dag.py
[2025-08-06T14:21:45.543-0400] {processor.py:925} INFO - DAG(s) 'example_trigger_controller_dag' retrieved from /home/huynguyen2741/airflow_venv/lib/python3.12/site-packages/airflow/example_dags/example_trigger_controller_dag.py
[2025-08-06T14:21:45.557-0400] {logging_mixin.py:190} INFO - [2025-08-06T14:21:45.557-0400] {dag.py:3239} INFO - Sync 1 DAGs
[2025-08-06T14:21:45.573-0400] {logging_mixin.py:190} INFO - [2025-08-06T14:21:45.573-0400] {dag.py:4180} INFO - Setting next_dagrun for example_trigger_controller_dag to 2021-01-01 00:00:00+00:00, run_after=2021-01-01 00:00:00+00:00
[2025-08-06T14:21:45.590-0400] {processor.py:208} INFO - Processing /home/huynguyen2741/airflow_venv/lib/python3.12/site-packages/airflow/example_dags/example_trigger_controller_dag.py took 0.068 seconds
[2025-08-06T14:22:50.315-0400] {processor.py:186} INFO - Started process (PID=24704) to work on /home/huynguyen2741/airflow_venv/lib/python3.12/site-packages/airflow/example_dags/example_trigger_controller_dag.py
[2025-08-06T14:22:50.325-0400] {processor.py:914} INFO - Processing file /home/huynguyen2741/airflow_venv/lib/python3.12/site-packages/airflow/example_dags/example_trigger_controller_dag.py for tasks to queue
[2025-08-06T14:22:50.326-0400] {logging_mixin.py:190} INFO - [2025-08-06T14:22:50.325-0400] {dagbag.py:588} INFO - Filling up the DagBag from /home/huynguyen2741/airflow_venv/lib/python3.12/site-packages/airflow/example_dags/example_trigger_controller_dag.py
[2025-08-06T14:22:50.331-0400] {processor.py:925} INFO - DAG(s) 'example_trigger_controller_dag' retrieved from /home/huynguyen2741/airflow_venv/lib/python3.12/site-packages/airflow/example_dags/example_trigger_controller_dag.py
[2025-08-06T14:22:50.341-0400] {logging_mixin.py:190} INFO - [2025-08-06T14:22:50.341-0400] {dag.py:3239} INFO - Sync 1 DAGs
[2025-08-06T14:22:50.353-0400] {logging_mixin.py:190} INFO - [2025-08-06T14:22:50.353-0400] {dag.py:4180} INFO - Setting next_dagrun for example_trigger_controller_dag to 2021-01-01 00:00:00+00:00, run_after=2021-01-01 00:00:00+00:00
[2025-08-06T14:22:50.369-0400] {processor.py:208} INFO - Processing /home/huynguyen2741/airflow_venv/lib/python3.12/site-packages/airflow/example_dags/example_trigger_controller_dag.py took 0.058 seconds
[2025-08-06T14:23:48.681-0400] {processor.py:186} INFO - Started process (PID=25117) to work on /home/huynguyen2741/airflow_venv/lib/python3.12/site-packages/airflow/example_dags/example_trigger_controller_dag.py
[2025-08-06T14:23:48.691-0400] {processor.py:914} INFO - Processing file /home/huynguyen2741/airflow_venv/lib/python3.12/site-packages/airflow/example_dags/example_trigger_controller_dag.py for tasks to queue
[2025-08-06T14:23:48.692-0400] {logging_mixin.py:190} INFO - [2025-08-06T14:23:48.691-0400] {dagbag.py:588} INFO - Filling up the DagBag from /home/huynguyen2741/airflow_venv/lib/python3.12/site-packages/airflow/example_dags/example_trigger_controller_dag.py
[2025-08-06T14:23:48.697-0400] {processor.py:925} INFO - DAG(s) 'example_trigger_controller_dag' retrieved from /home/huynguyen2741/airflow_venv/lib/python3.12/site-packages/airflow/example_dags/example_trigger_controller_dag.py
[2025-08-06T14:23:48.709-0400] {logging_mixin.py:190} INFO - [2025-08-06T14:23:48.709-0400] {dag.py:3239} INFO - Sync 1 DAGs
[2025-08-06T14:23:48.723-0400] {logging_mixin.py:190} INFO - [2025-08-06T14:23:48.723-0400] {dag.py:4180} INFO - Setting next_dagrun for example_trigger_controller_dag to 2021-01-01 00:00:00+00:00, run_after=2021-01-01 00:00:00+00:00
[2025-08-06T14:23:48.740-0400] {processor.py:208} INFO - Processing /home/huynguyen2741/airflow_venv/lib/python3.12/site-packages/airflow/example_dags/example_trigger_controller_dag.py took 0.068 seconds
[2025-08-06T14:24:58.432-0400] {processor.py:186} INFO - Started process (PID=25427) to work on /home/huynguyen2741/airflow_venv/lib/python3.12/site-packages/airflow/example_dags/example_trigger_controller_dag.py
[2025-08-06T14:24:58.433-0400] {processor.py:914} INFO - Processing file /home/huynguyen2741/airflow_venv/lib/python3.12/site-packages/airflow/example_dags/example_trigger_controller_dag.py for tasks to queue
[2025-08-06T14:24:58.434-0400] {logging_mixin.py:190} INFO - [2025-08-06T14:24:58.434-0400] {dagbag.py:588} INFO - Filling up the DagBag from /home/huynguyen2741/airflow_venv/lib/python3.12/site-packages/airflow/example_dags/example_trigger_controller_dag.py
[2025-08-06T14:24:58.439-0400] {processor.py:925} INFO - DAG(s) 'example_trigger_controller_dag' retrieved from /home/huynguyen2741/airflow_venv/lib/python3.12/site-packages/airflow/example_dags/example_trigger_controller_dag.py
[2025-08-06T14:24:58.450-0400] {logging_mixin.py:190} INFO - [2025-08-06T14:24:58.449-0400] {dag.py:3239} INFO - Sync 1 DAGs
[2025-08-06T14:24:58.461-0400] {logging_mixin.py:190} INFO - [2025-08-06T14:24:58.461-0400] {dag.py:4180} INFO - Setting next_dagrun for example_trigger_controller_dag to 2021-01-01 00:00:00+00:00, run_after=2021-01-01 00:00:00+00:00
[2025-08-06T14:24:58.481-0400] {processor.py:208} INFO - Processing /home/huynguyen2741/airflow_venv/lib/python3.12/site-packages/airflow/example_dags/example_trigger_controller_dag.py took 0.054 seconds
[2025-08-06T14:25:59.594-0400] {processor.py:186} INFO - Started process (PID=25716) to work on /home/huynguyen2741/airflow_venv/lib/python3.12/site-packages/airflow/example_dags/example_trigger_controller_dag.py
[2025-08-06T14:25:59.604-0400] {processor.py:914} INFO - Processing file /home/huynguyen2741/airflow_venv/lib/python3.12/site-packages/airflow/example_dags/example_trigger_controller_dag.py for tasks to queue
[2025-08-06T14:25:59.605-0400] {logging_mixin.py:190} INFO - [2025-08-06T14:25:59.605-0400] {dagbag.py:588} INFO - Filling up the DagBag from /home/huynguyen2741/airflow_venv/lib/python3.12/site-packages/airflow/example_dags/example_trigger_controller_dag.py
[2025-08-06T14:25:59.610-0400] {processor.py:925} INFO - DAG(s) 'example_trigger_controller_dag' retrieved from /home/huynguyen2741/airflow_venv/lib/python3.12/site-packages/airflow/example_dags/example_trigger_controller_dag.py
[2025-08-06T14:25:59.621-0400] {logging_mixin.py:190} INFO - [2025-08-06T14:25:59.620-0400] {dag.py:3239} INFO - Sync 1 DAGs
[2025-08-06T14:25:59.632-0400] {logging_mixin.py:190} INFO - [2025-08-06T14:25:59.632-0400] {dag.py:4180} INFO - Setting next_dagrun for example_trigger_controller_dag to 2021-01-01 00:00:00+00:00, run_after=2021-01-01 00:00:00+00:00
[2025-08-06T14:25:59.647-0400] {processor.py:208} INFO - Processing /home/huynguyen2741/airflow_venv/lib/python3.12/site-packages/airflow/example_dags/example_trigger_controller_dag.py took 0.058 seconds
[2025-08-06T14:27:07.267-0400] {processor.py:186} INFO - Started process (PID=25987) to work on /home/huynguyen2741/airflow_venv/lib/python3.12/site-packages/airflow/example_dags/example_trigger_controller_dag.py
[2025-08-06T14:27:07.271-0400] {processor.py:914} INFO - Processing file /home/huynguyen2741/airflow_venv/lib/python3.12/site-packages/airflow/example_dags/example_trigger_controller_dag.py for tasks to queue
[2025-08-06T14:27:07.272-0400] {logging_mixin.py:190} INFO - [2025-08-06T14:27:07.272-0400] {dagbag.py:588} INFO - Filling up the DagBag from /home/huynguyen2741/airflow_venv/lib/python3.12/site-packages/airflow/example_dags/example_trigger_controller_dag.py
[2025-08-06T14:27:07.277-0400] {processor.py:925} INFO - DAG(s) 'example_trigger_controller_dag' retrieved from /home/huynguyen2741/airflow_venv/lib/python3.12/site-packages/airflow/example_dags/example_trigger_controller_dag.py
[2025-08-06T14:27:07.288-0400] {logging_mixin.py:190} INFO - [2025-08-06T14:27:07.288-0400] {dag.py:3239} INFO - Sync 1 DAGs
[2025-08-06T14:27:07.300-0400] {logging_mixin.py:190} INFO - [2025-08-06T14:27:07.299-0400] {dag.py:4180} INFO - Setting next_dagrun for example_trigger_controller_dag to 2021-01-01 00:00:00+00:00, run_after=2021-01-01 00:00:00+00:00
[2025-08-06T14:27:07.314-0400] {processor.py:208} INFO - Processing /home/huynguyen2741/airflow_venv/lib/python3.12/site-packages/airflow/example_dags/example_trigger_controller_dag.py took 0.053 seconds
[2025-08-06T14:28:16.231-0400] {processor.py:186} INFO - Started process (PID=26298) to work on /home/huynguyen2741/airflow_venv/lib/python3.12/site-packages/airflow/example_dags/example_trigger_controller_dag.py
[2025-08-06T14:28:16.235-0400] {processor.py:914} INFO - Processing file /home/huynguyen2741/airflow_venv/lib/python3.12/site-packages/airflow/example_dags/example_trigger_controller_dag.py for tasks to queue
[2025-08-06T14:28:16.236-0400] {logging_mixin.py:190} INFO - [2025-08-06T14:28:16.236-0400] {dagbag.py:588} INFO - Filling up the DagBag from /home/huynguyen2741/airflow_venv/lib/python3.12/site-packages/airflow/example_dags/example_trigger_controller_dag.py
[2025-08-06T14:28:16.241-0400] {processor.py:925} INFO - DAG(s) 'example_trigger_controller_dag' retrieved from /home/huynguyen2741/airflow_venv/lib/python3.12/site-packages/airflow/example_dags/example_trigger_controller_dag.py
[2025-08-06T14:28:16.252-0400] {logging_mixin.py:190} INFO - [2025-08-06T14:28:16.252-0400] {dag.py:3239} INFO - Sync 1 DAGs
[2025-08-06T14:28:16.265-0400] {logging_mixin.py:190} INFO - [2025-08-06T14:28:16.265-0400] {dag.py:4180} INFO - Setting next_dagrun for example_trigger_controller_dag to 2021-01-01 00:00:00+00:00, run_after=2021-01-01 00:00:00+00:00
[2025-08-06T14:28:16.281-0400] {processor.py:208} INFO - Processing /home/huynguyen2741/airflow_venv/lib/python3.12/site-packages/airflow/example_dags/example_trigger_controller_dag.py took 0.056 seconds
[2025-08-06T14:29:23.539-0400] {processor.py:186} INFO - Started process (PID=26562) to work on /home/huynguyen2741/airflow_venv/lib/python3.12/site-packages/airflow/example_dags/example_trigger_controller_dag.py
[2025-08-06T14:29:23.540-0400] {processor.py:914} INFO - Processing file /home/huynguyen2741/airflow_venv/lib/python3.12/site-packages/airflow/example_dags/example_trigger_controller_dag.py for tasks to queue
[2025-08-06T14:29:23.541-0400] {logging_mixin.py:190} INFO - [2025-08-06T14:29:23.541-0400] {dagbag.py:588} INFO - Filling up the DagBag from /home/huynguyen2741/airflow_venv/lib/python3.12/site-packages/airflow/example_dags/example_trigger_controller_dag.py
[2025-08-06T14:29:23.546-0400] {processor.py:925} INFO - DAG(s) 'example_trigger_controller_dag' retrieved from /home/huynguyen2741/airflow_venv/lib/python3.12/site-packages/airflow/example_dags/example_trigger_controller_dag.py
[2025-08-06T14:29:23.557-0400] {logging_mixin.py:190} INFO - [2025-08-06T14:29:23.557-0400] {dag.py:3239} INFO - Sync 1 DAGs
[2025-08-06T14:29:23.569-0400] {logging_mixin.py:190} INFO - [2025-08-06T14:29:23.569-0400] {dag.py:4180} INFO - Setting next_dagrun for example_trigger_controller_dag to 2021-01-01 00:00:00+00:00, run_after=2021-01-01 00:00:00+00:00
[2025-08-06T14:29:23.584-0400] {processor.py:208} INFO - Processing /home/huynguyen2741/airflow_venv/lib/python3.12/site-packages/airflow/example_dags/example_trigger_controller_dag.py took 0.050 seconds
[2025-08-06T14:30:34.873-0400] {processor.py:186} INFO - Started process (PID=27002) to work on /home/huynguyen2741/airflow_venv/lib/python3.12/site-packages/airflow/example_dags/example_trigger_controller_dag.py
[2025-08-06T14:30:34.874-0400] {processor.py:914} INFO - Processing file /home/huynguyen2741/airflow_venv/lib/python3.12/site-packages/airflow/example_dags/example_trigger_controller_dag.py for tasks to queue
[2025-08-06T14:30:34.875-0400] {logging_mixin.py:190} INFO - [2025-08-06T14:30:34.875-0400] {dagbag.py:588} INFO - Filling up the DagBag from /home/huynguyen2741/airflow_venv/lib/python3.12/site-packages/airflow/example_dags/example_trigger_controller_dag.py
[2025-08-06T14:30:34.881-0400] {processor.py:925} INFO - DAG(s) 'example_trigger_controller_dag' retrieved from /home/huynguyen2741/airflow_venv/lib/python3.12/site-packages/airflow/example_dags/example_trigger_controller_dag.py
[2025-08-06T14:30:34.893-0400] {logging_mixin.py:190} INFO - [2025-08-06T14:30:34.893-0400] {dag.py:3239} INFO - Sync 1 DAGs
[2025-08-06T14:30:34.908-0400] {logging_mixin.py:190} INFO - [2025-08-06T14:30:34.907-0400] {dag.py:4180} INFO - Setting next_dagrun for example_trigger_controller_dag to 2021-01-01 00:00:00+00:00, run_after=2021-01-01 00:00:00+00:00
[2025-08-06T14:30:34.923-0400] {processor.py:208} INFO - Processing /home/huynguyen2741/airflow_venv/lib/python3.12/site-packages/airflow/example_dags/example_trigger_controller_dag.py took 0.056 seconds
[2025-08-06T14:31:49.242-0400] {processor.py:186} INFO - Started process (PID=27275) to work on /home/huynguyen2741/airflow_venv/lib/python3.12/site-packages/airflow/example_dags/example_trigger_controller_dag.py
[2025-08-06T14:31:49.243-0400] {processor.py:914} INFO - Processing file /home/huynguyen2741/airflow_venv/lib/python3.12/site-packages/airflow/example_dags/example_trigger_controller_dag.py for tasks to queue
[2025-08-06T14:31:49.245-0400] {logging_mixin.py:190} INFO - [2025-08-06T14:31:49.244-0400] {dagbag.py:588} INFO - Filling up the DagBag from /home/huynguyen2741/airflow_venv/lib/python3.12/site-packages/airflow/example_dags/example_trigger_controller_dag.py
[2025-08-06T14:31:49.250-0400] {processor.py:925} INFO - DAG(s) 'example_trigger_controller_dag' retrieved from /home/huynguyen2741/airflow_venv/lib/python3.12/site-packages/airflow/example_dags/example_trigger_controller_dag.py
[2025-08-06T14:31:49.262-0400] {logging_mixin.py:190} INFO - [2025-08-06T14:31:49.261-0400] {dag.py:3239} INFO - Sync 1 DAGs
[2025-08-06T14:31:49.276-0400] {logging_mixin.py:190} INFO - [2025-08-06T14:31:49.276-0400] {dag.py:4180} INFO - Setting next_dagrun for example_trigger_controller_dag to 2021-01-01 00:00:00+00:00, run_after=2021-01-01 00:00:00+00:00
[2025-08-06T14:31:49.292-0400] {processor.py:208} INFO - Processing /home/huynguyen2741/airflow_venv/lib/python3.12/site-packages/airflow/example_dags/example_trigger_controller_dag.py took 0.056 seconds
[2025-08-06T14:32:58.339-0400] {processor.py:186} INFO - Started process (PID=27563) to work on /home/huynguyen2741/airflow_venv/lib/python3.12/site-packages/airflow/example_dags/example_trigger_controller_dag.py
[2025-08-06T14:32:58.344-0400] {processor.py:914} INFO - Processing file /home/huynguyen2741/airflow_venv/lib/python3.12/site-packages/airflow/example_dags/example_trigger_controller_dag.py for tasks to queue
[2025-08-06T14:32:58.345-0400] {logging_mixin.py:190} INFO - [2025-08-06T14:32:58.344-0400] {dagbag.py:588} INFO - Filling up the DagBag from /home/huynguyen2741/airflow_venv/lib/python3.12/site-packages/airflow/example_dags/example_trigger_controller_dag.py
[2025-08-06T14:32:58.350-0400] {processor.py:925} INFO - DAG(s) 'example_trigger_controller_dag' retrieved from /home/huynguyen2741/airflow_venv/lib/python3.12/site-packages/airflow/example_dags/example_trigger_controller_dag.py
[2025-08-06T14:32:58.361-0400] {logging_mixin.py:190} INFO - [2025-08-06T14:32:58.361-0400] {dag.py:3239} INFO - Sync 1 DAGs
[2025-08-06T14:32:58.374-0400] {logging_mixin.py:190} INFO - [2025-08-06T14:32:58.374-0400] {dag.py:4180} INFO - Setting next_dagrun for example_trigger_controller_dag to 2021-01-01 00:00:00+00:00, run_after=2021-01-01 00:00:00+00:00
[2025-08-06T14:32:58.389-0400] {processor.py:208} INFO - Processing /home/huynguyen2741/airflow_venv/lib/python3.12/site-packages/airflow/example_dags/example_trigger_controller_dag.py took 0.055 seconds
[2025-08-06T14:34:04.078-0400] {processor.py:186} INFO - Started process (PID=27854) to work on /home/huynguyen2741/airflow_venv/lib/python3.12/site-packages/airflow/example_dags/example_trigger_controller_dag.py
[2025-08-06T14:34:04.081-0400] {processor.py:914} INFO - Processing file /home/huynguyen2741/airflow_venv/lib/python3.12/site-packages/airflow/example_dags/example_trigger_controller_dag.py for tasks to queue
[2025-08-06T14:34:04.082-0400] {logging_mixin.py:190} INFO - [2025-08-06T14:34:04.082-0400] {dagbag.py:588} INFO - Filling up the DagBag from /home/huynguyen2741/airflow_venv/lib/python3.12/site-packages/airflow/example_dags/example_trigger_controller_dag.py
[2025-08-06T14:34:04.088-0400] {processor.py:925} INFO - DAG(s) 'example_trigger_controller_dag' retrieved from /home/huynguyen2741/airflow_venv/lib/python3.12/site-packages/airflow/example_dags/example_trigger_controller_dag.py
[2025-08-06T14:34:04.099-0400] {logging_mixin.py:190} INFO - [2025-08-06T14:34:04.099-0400] {dag.py:3239} INFO - Sync 1 DAGs
[2025-08-06T14:34:04.112-0400] {logging_mixin.py:190} INFO - [2025-08-06T14:34:04.112-0400] {dag.py:4180} INFO - Setting next_dagrun for example_trigger_controller_dag to 2021-01-01 00:00:00+00:00, run_after=2021-01-01 00:00:00+00:00
[2025-08-06T14:34:04.128-0400] {processor.py:208} INFO - Processing /home/huynguyen2741/airflow_venv/lib/python3.12/site-packages/airflow/example_dags/example_trigger_controller_dag.py took 0.057 seconds
[2025-08-06T14:35:03.232-0400] {processor.py:186} INFO - Started process (PID=28258) to work on /home/huynguyen2741/airflow_venv/lib/python3.12/site-packages/airflow/example_dags/example_trigger_controller_dag.py
[2025-08-06T14:35:03.233-0400] {processor.py:914} INFO - Processing file /home/huynguyen2741/airflow_venv/lib/python3.12/site-packages/airflow/example_dags/example_trigger_controller_dag.py for tasks to queue
[2025-08-06T14:35:03.234-0400] {logging_mixin.py:190} INFO - [2025-08-06T14:35:03.233-0400] {dagbag.py:588} INFO - Filling up the DagBag from /home/huynguyen2741/airflow_venv/lib/python3.12/site-packages/airflow/example_dags/example_trigger_controller_dag.py
[2025-08-06T14:35:03.239-0400] {processor.py:925} INFO - DAG(s) 'example_trigger_controller_dag' retrieved from /home/huynguyen2741/airflow_venv/lib/python3.12/site-packages/airflow/example_dags/example_trigger_controller_dag.py
[2025-08-06T14:35:03.250-0400] {logging_mixin.py:190} INFO - [2025-08-06T14:35:03.250-0400] {dag.py:3239} INFO - Sync 1 DAGs
[2025-08-06T14:35:03.263-0400] {logging_mixin.py:190} INFO - [2025-08-06T14:35:03.263-0400] {dag.py:4180} INFO - Setting next_dagrun for example_trigger_controller_dag to 2021-01-01 00:00:00+00:00, run_after=2021-01-01 00:00:00+00:00
[2025-08-06T14:35:03.279-0400] {processor.py:208} INFO - Processing /home/huynguyen2741/airflow_venv/lib/python3.12/site-packages/airflow/example_dags/example_trigger_controller_dag.py took 0.052 seconds
[2025-08-06T14:36:01.776-0400] {processor.py:186} INFO - Started process (PID=28498) to work on /home/huynguyen2741/airflow_venv/lib/python3.12/site-packages/airflow/example_dags/example_trigger_controller_dag.py
[2025-08-06T14:36:01.779-0400] {processor.py:914} INFO - Processing file /home/huynguyen2741/airflow_venv/lib/python3.12/site-packages/airflow/example_dags/example_trigger_controller_dag.py for tasks to queue
[2025-08-06T14:36:01.780-0400] {logging_mixin.py:190} INFO - [2025-08-06T14:36:01.780-0400] {dagbag.py:588} INFO - Filling up the DagBag from /home/huynguyen2741/airflow_venv/lib/python3.12/site-packages/airflow/example_dags/example_trigger_controller_dag.py
[2025-08-06T14:36:01.785-0400] {processor.py:925} INFO - DAG(s) 'example_trigger_controller_dag' retrieved from /home/huynguyen2741/airflow_venv/lib/python3.12/site-packages/airflow/example_dags/example_trigger_controller_dag.py
[2025-08-06T14:36:01.795-0400] {logging_mixin.py:190} INFO - [2025-08-06T14:36:01.795-0400] {dag.py:3239} INFO - Sync 1 DAGs
[2025-08-06T14:36:01.807-0400] {logging_mixin.py:190} INFO - [2025-08-06T14:36:01.807-0400] {dag.py:4180} INFO - Setting next_dagrun for example_trigger_controller_dag to 2021-01-01 00:00:00+00:00, run_after=2021-01-01 00:00:00+00:00
[2025-08-06T14:36:01.824-0400] {processor.py:208} INFO - Processing /home/huynguyen2741/airflow_venv/lib/python3.12/site-packages/airflow/example_dags/example_trigger_controller_dag.py took 0.053 seconds
[2025-08-06T14:37:02.948-0400] {processor.py:186} INFO - Started process (PID=28736) to work on /home/huynguyen2741/airflow_venv/lib/python3.12/site-packages/airflow/example_dags/example_trigger_controller_dag.py
[2025-08-06T14:37:02.952-0400] {processor.py:914} INFO - Processing file /home/huynguyen2741/airflow_venv/lib/python3.12/site-packages/airflow/example_dags/example_trigger_controller_dag.py for tasks to queue
[2025-08-06T14:37:02.953-0400] {logging_mixin.py:190} INFO - [2025-08-06T14:37:02.952-0400] {dagbag.py:588} INFO - Filling up the DagBag from /home/huynguyen2741/airflow_venv/lib/python3.12/site-packages/airflow/example_dags/example_trigger_controller_dag.py
[2025-08-06T14:37:02.958-0400] {processor.py:925} INFO - DAG(s) 'example_trigger_controller_dag' retrieved from /home/huynguyen2741/airflow_venv/lib/python3.12/site-packages/airflow/example_dags/example_trigger_controller_dag.py
[2025-08-06T14:37:02.969-0400] {logging_mixin.py:190} INFO - [2025-08-06T14:37:02.968-0400] {dag.py:3239} INFO - Sync 1 DAGs
[2025-08-06T14:37:02.981-0400] {logging_mixin.py:190} INFO - [2025-08-06T14:37:02.981-0400] {dag.py:4180} INFO - Setting next_dagrun for example_trigger_controller_dag to 2021-01-01 00:00:00+00:00, run_after=2021-01-01 00:00:00+00:00
[2025-08-06T14:37:02.997-0400] {processor.py:208} INFO - Processing /home/huynguyen2741/airflow_venv/lib/python3.12/site-packages/airflow/example_dags/example_trigger_controller_dag.py took 0.055 seconds
[2025-08-06T14:38:09.612-0400] {processor.py:186} INFO - Started process (PID=28983) to work on /home/huynguyen2741/airflow_venv/lib/python3.12/site-packages/airflow/example_dags/example_trigger_controller_dag.py
[2025-08-06T14:38:09.621-0400] {processor.py:914} INFO - Processing file /home/huynguyen2741/airflow_venv/lib/python3.12/site-packages/airflow/example_dags/example_trigger_controller_dag.py for tasks to queue
[2025-08-06T14:38:09.622-0400] {logging_mixin.py:190} INFO - [2025-08-06T14:38:09.622-0400] {dagbag.py:588} INFO - Filling up the DagBag from /home/huynguyen2741/airflow_venv/lib/python3.12/site-packages/airflow/example_dags/example_trigger_controller_dag.py
[2025-08-06T14:38:09.627-0400] {processor.py:925} INFO - DAG(s) 'example_trigger_controller_dag' retrieved from /home/huynguyen2741/airflow_venv/lib/python3.12/site-packages/airflow/example_dags/example_trigger_controller_dag.py
[2025-08-06T14:38:09.638-0400] {logging_mixin.py:190} INFO - [2025-08-06T14:38:09.638-0400] {dag.py:3239} INFO - Sync 1 DAGs
[2025-08-06T14:38:09.650-0400] {logging_mixin.py:190} INFO - [2025-08-06T14:38:09.650-0400] {dag.py:4180} INFO - Setting next_dagrun for example_trigger_controller_dag to 2021-01-01 00:00:00+00:00, run_after=2021-01-01 00:00:00+00:00
[2025-08-06T14:38:09.665-0400] {processor.py:208} INFO - Processing /home/huynguyen2741/airflow_venv/lib/python3.12/site-packages/airflow/example_dags/example_trigger_controller_dag.py took 0.058 seconds
[2025-08-06T14:39:17.342-0400] {processor.py:186} INFO - Started process (PID=29282) to work on /home/huynguyen2741/airflow_venv/lib/python3.12/site-packages/airflow/example_dags/example_trigger_controller_dag.py
[2025-08-06T14:39:17.347-0400] {processor.py:914} INFO - Processing file /home/huynguyen2741/airflow_venv/lib/python3.12/site-packages/airflow/example_dags/example_trigger_controller_dag.py for tasks to queue
[2025-08-06T14:39:17.347-0400] {logging_mixin.py:190} INFO - [2025-08-06T14:39:17.347-0400] {dagbag.py:588} INFO - Filling up the DagBag from /home/huynguyen2741/airflow_venv/lib/python3.12/site-packages/airflow/example_dags/example_trigger_controller_dag.py
[2025-08-06T14:39:17.352-0400] {processor.py:925} INFO - DAG(s) 'example_trigger_controller_dag' retrieved from /home/huynguyen2741/airflow_venv/lib/python3.12/site-packages/airflow/example_dags/example_trigger_controller_dag.py
[2025-08-06T14:39:17.363-0400] {logging_mixin.py:190} INFO - [2025-08-06T14:39:17.363-0400] {dag.py:3239} INFO - Sync 1 DAGs
[2025-08-06T14:39:17.375-0400] {logging_mixin.py:190} INFO - [2025-08-06T14:39:17.375-0400] {dag.py:4180} INFO - Setting next_dagrun for example_trigger_controller_dag to 2021-01-01 00:00:00+00:00, run_after=2021-01-01 00:00:00+00:00
[2025-08-06T14:39:17.391-0400] {processor.py:208} INFO - Processing /home/huynguyen2741/airflow_venv/lib/python3.12/site-packages/airflow/example_dags/example_trigger_controller_dag.py took 0.054 seconds
[2025-08-06T14:40:20.183-0400] {processor.py:186} INFO - Started process (PID=29502) to work on /home/huynguyen2741/airflow_venv/lib/python3.12/site-packages/airflow/example_dags/example_trigger_controller_dag.py
[2025-08-06T14:40:20.188-0400] {processor.py:914} INFO - Processing file /home/huynguyen2741/airflow_venv/lib/python3.12/site-packages/airflow/example_dags/example_trigger_controller_dag.py for tasks to queue
[2025-08-06T14:40:20.189-0400] {logging_mixin.py:190} INFO - [2025-08-06T14:40:20.189-0400] {dagbag.py:588} INFO - Filling up the DagBag from /home/huynguyen2741/airflow_venv/lib/python3.12/site-packages/airflow/example_dags/example_trigger_controller_dag.py
[2025-08-06T14:40:20.194-0400] {processor.py:925} INFO - DAG(s) 'example_trigger_controller_dag' retrieved from /home/huynguyen2741/airflow_venv/lib/python3.12/site-packages/airflow/example_dags/example_trigger_controller_dag.py
[2025-08-06T14:40:20.204-0400] {logging_mixin.py:190} INFO - [2025-08-06T14:40:20.204-0400] {dag.py:3239} INFO - Sync 1 DAGs
[2025-08-06T14:40:20.216-0400] {logging_mixin.py:190} INFO - [2025-08-06T14:40:20.216-0400] {dag.py:4180} INFO - Setting next_dagrun for example_trigger_controller_dag to 2021-01-01 00:00:00+00:00, run_after=2021-01-01 00:00:00+00:00
[2025-08-06T14:40:20.232-0400] {processor.py:208} INFO - Processing /home/huynguyen2741/airflow_venv/lib/python3.12/site-packages/airflow/example_dags/example_trigger_controller_dag.py took 0.054 seconds
[2025-08-06T14:41:29.269-0400] {processor.py:186} INFO - Started process (PID=29801) to work on /home/huynguyen2741/airflow_venv/lib/python3.12/site-packages/airflow/example_dags/example_trigger_controller_dag.py
[2025-08-06T14:41:29.273-0400] {processor.py:914} INFO - Processing file /home/huynguyen2741/airflow_venv/lib/python3.12/site-packages/airflow/example_dags/example_trigger_controller_dag.py for tasks to queue
[2025-08-06T14:41:29.274-0400] {logging_mixin.py:190} INFO - [2025-08-06T14:41:29.274-0400] {dagbag.py:588} INFO - Filling up the DagBag from /home/huynguyen2741/airflow_venv/lib/python3.12/site-packages/airflow/example_dags/example_trigger_controller_dag.py
[2025-08-06T14:41:29.279-0400] {processor.py:925} INFO - DAG(s) 'example_trigger_controller_dag' retrieved from /home/huynguyen2741/airflow_venv/lib/python3.12/site-packages/airflow/example_dags/example_trigger_controller_dag.py
[2025-08-06T14:41:29.291-0400] {logging_mixin.py:190} INFO - [2025-08-06T14:41:29.291-0400] {dag.py:3239} INFO - Sync 1 DAGs
[2025-08-06T14:41:29.306-0400] {logging_mixin.py:190} INFO - [2025-08-06T14:41:29.306-0400] {dag.py:4180} INFO - Setting next_dagrun for example_trigger_controller_dag to 2021-01-01 00:00:00+00:00, run_after=2021-01-01 00:00:00+00:00
[2025-08-06T14:41:29.323-0400] {processor.py:208} INFO - Processing /home/huynguyen2741/airflow_venv/lib/python3.12/site-packages/airflow/example_dags/example_trigger_controller_dag.py took 0.059 seconds
[2025-08-06T14:42:31.650-0400] {processor.py:186} INFO - Started process (PID=30022) to work on /home/huynguyen2741/airflow_venv/lib/python3.12/site-packages/airflow/example_dags/example_trigger_controller_dag.py
[2025-08-06T14:42:31.651-0400] {processor.py:914} INFO - Processing file /home/huynguyen2741/airflow_venv/lib/python3.12/site-packages/airflow/example_dags/example_trigger_controller_dag.py for tasks to queue
[2025-08-06T14:42:31.652-0400] {logging_mixin.py:190} INFO - [2025-08-06T14:42:31.652-0400] {dagbag.py:588} INFO - Filling up the DagBag from /home/huynguyen2741/airflow_venv/lib/python3.12/site-packages/airflow/example_dags/example_trigger_controller_dag.py
[2025-08-06T14:42:31.657-0400] {processor.py:925} INFO - DAG(s) 'example_trigger_controller_dag' retrieved from /home/huynguyen2741/airflow_venv/lib/python3.12/site-packages/airflow/example_dags/example_trigger_controller_dag.py
[2025-08-06T14:42:31.668-0400] {logging_mixin.py:190} INFO - [2025-08-06T14:42:31.668-0400] {dag.py:3239} INFO - Sync 1 DAGs
[2025-08-06T14:42:31.680-0400] {logging_mixin.py:190} INFO - [2025-08-06T14:42:31.680-0400] {dag.py:4180} INFO - Setting next_dagrun for example_trigger_controller_dag to 2021-01-01 00:00:00+00:00, run_after=2021-01-01 00:00:00+00:00
[2025-08-06T14:42:31.695-0400] {processor.py:208} INFO - Processing /home/huynguyen2741/airflow_venv/lib/python3.12/site-packages/airflow/example_dags/example_trigger_controller_dag.py took 0.050 seconds
[2025-08-06T14:43:31.060-0400] {processor.py:186} INFO - Started process (PID=30251) to work on /home/huynguyen2741/airflow_venv/lib/python3.12/site-packages/airflow/example_dags/example_trigger_controller_dag.py
[2025-08-06T14:43:31.061-0400] {processor.py:914} INFO - Processing file /home/huynguyen2741/airflow_venv/lib/python3.12/site-packages/airflow/example_dags/example_trigger_controller_dag.py for tasks to queue
[2025-08-06T14:43:31.062-0400] {logging_mixin.py:190} INFO - [2025-08-06T14:43:31.062-0400] {dagbag.py:588} INFO - Filling up the DagBag from /home/huynguyen2741/airflow_venv/lib/python3.12/site-packages/airflow/example_dags/example_trigger_controller_dag.py
[2025-08-06T14:43:31.068-0400] {processor.py:925} INFO - DAG(s) 'example_trigger_controller_dag' retrieved from /home/huynguyen2741/airflow_venv/lib/python3.12/site-packages/airflow/example_dags/example_trigger_controller_dag.py
[2025-08-06T14:43:31.080-0400] {logging_mixin.py:190} INFO - [2025-08-06T14:43:31.080-0400] {dag.py:3239} INFO - Sync 1 DAGs
[2025-08-06T14:43:31.095-0400] {logging_mixin.py:190} INFO - [2025-08-06T14:43:31.095-0400] {dag.py:4180} INFO - Setting next_dagrun for example_trigger_controller_dag to 2021-01-01 00:00:00+00:00, run_after=2021-01-01 00:00:00+00:00
[2025-08-06T14:43:31.114-0400] {processor.py:208} INFO - Processing /home/huynguyen2741/airflow_venv/lib/python3.12/site-packages/airflow/example_dags/example_trigger_controller_dag.py took 0.061 seconds
[2025-08-06T14:44:37.606-0400] {processor.py:186} INFO - Started process (PID=30520) to work on /home/huynguyen2741/airflow_venv/lib/python3.12/site-packages/airflow/example_dags/example_trigger_controller_dag.py
[2025-08-06T14:44:37.607-0400] {processor.py:914} INFO - Processing file /home/huynguyen2741/airflow_venv/lib/python3.12/site-packages/airflow/example_dags/example_trigger_controller_dag.py for tasks to queue
[2025-08-06T14:44:37.609-0400] {logging_mixin.py:190} INFO - [2025-08-06T14:44:37.608-0400] {dagbag.py:588} INFO - Filling up the DagBag from /home/huynguyen2741/airflow_venv/lib/python3.12/site-packages/airflow/example_dags/example_trigger_controller_dag.py
[2025-08-06T14:44:37.614-0400] {processor.py:925} INFO - DAG(s) 'example_trigger_controller_dag' retrieved from /home/huynguyen2741/airflow_venv/lib/python3.12/site-packages/airflow/example_dags/example_trigger_controller_dag.py
[2025-08-06T14:44:37.625-0400] {logging_mixin.py:190} INFO - [2025-08-06T14:44:37.625-0400] {dag.py:3239} INFO - Sync 1 DAGs
[2025-08-06T14:44:37.637-0400] {logging_mixin.py:190} INFO - [2025-08-06T14:44:37.637-0400] {dag.py:4180} INFO - Setting next_dagrun for example_trigger_controller_dag to 2021-01-01 00:00:00+00:00, run_after=2021-01-01 00:00:00+00:00
[2025-08-06T14:44:37.653-0400] {processor.py:208} INFO - Processing /home/huynguyen2741/airflow_venv/lib/python3.12/site-packages/airflow/example_dags/example_trigger_controller_dag.py took 0.052 seconds
[2025-08-06T14:45:35.056-0400] {processor.py:186} INFO - Started process (PID=30776) to work on /home/huynguyen2741/airflow_venv/lib/python3.12/site-packages/airflow/example_dags/example_trigger_controller_dag.py
[2025-08-06T14:45:35.066-0400] {processor.py:914} INFO - Processing file /home/huynguyen2741/airflow_venv/lib/python3.12/site-packages/airflow/example_dags/example_trigger_controller_dag.py for tasks to queue
[2025-08-06T14:45:35.067-0400] {logging_mixin.py:190} INFO - [2025-08-06T14:45:35.067-0400] {dagbag.py:588} INFO - Filling up the DagBag from /home/huynguyen2741/airflow_venv/lib/python3.12/site-packages/airflow/example_dags/example_trigger_controller_dag.py
[2025-08-06T14:45:35.072-0400] {processor.py:925} INFO - DAG(s) 'example_trigger_controller_dag' retrieved from /home/huynguyen2741/airflow_venv/lib/python3.12/site-packages/airflow/example_dags/example_trigger_controller_dag.py
[2025-08-06T14:45:35.084-0400] {logging_mixin.py:190} INFO - [2025-08-06T14:45:35.084-0400] {dag.py:3239} INFO - Sync 1 DAGs
[2025-08-06T14:45:35.097-0400] {logging_mixin.py:190} INFO - [2025-08-06T14:45:35.097-0400] {dag.py:4180} INFO - Setting next_dagrun for example_trigger_controller_dag to 2021-01-01 00:00:00+00:00, run_after=2021-01-01 00:00:00+00:00
[2025-08-06T14:45:35.112-0400] {processor.py:208} INFO - Processing /home/huynguyen2741/airflow_venv/lib/python3.12/site-packages/airflow/example_dags/example_trigger_controller_dag.py took 0.062 seconds
[2025-08-06T14:46:35.700-0400] {processor.py:186} INFO - Started process (PID=31015) to work on /home/huynguyen2741/airflow_venv/lib/python3.12/site-packages/airflow/example_dags/example_trigger_controller_dag.py
[2025-08-06T14:46:35.701-0400] {processor.py:914} INFO - Processing file /home/huynguyen2741/airflow_venv/lib/python3.12/site-packages/airflow/example_dags/example_trigger_controller_dag.py for tasks to queue
[2025-08-06T14:46:35.702-0400] {logging_mixin.py:190} INFO - [2025-08-06T14:46:35.702-0400] {dagbag.py:588} INFO - Filling up the DagBag from /home/huynguyen2741/airflow_venv/lib/python3.12/site-packages/airflow/example_dags/example_trigger_controller_dag.py
[2025-08-06T14:46:35.708-0400] {processor.py:925} INFO - DAG(s) 'example_trigger_controller_dag' retrieved from /home/huynguyen2741/airflow_venv/lib/python3.12/site-packages/airflow/example_dags/example_trigger_controller_dag.py
[2025-08-06T14:46:35.720-0400] {logging_mixin.py:190} INFO - [2025-08-06T14:46:35.720-0400] {dag.py:3239} INFO - Sync 1 DAGs
[2025-08-06T14:46:35.733-0400] {logging_mixin.py:190} INFO - [2025-08-06T14:46:35.733-0400] {dag.py:4180} INFO - Setting next_dagrun for example_trigger_controller_dag to 2021-01-01 00:00:00+00:00, run_after=2021-01-01 00:00:00+00:00
[2025-08-06T14:46:35.749-0400] {processor.py:208} INFO - Processing /home/huynguyen2741/airflow_venv/lib/python3.12/site-packages/airflow/example_dags/example_trigger_controller_dag.py took 0.055 seconds
[2025-08-06T14:47:58.047-0400] {processor.py:186} INFO - Started process (PID=31524) to work on /home/huynguyen2741/airflow_venv/lib/python3.12/site-packages/airflow/example_dags/example_trigger_controller_dag.py
[2025-08-06T14:47:58.052-0400] {processor.py:914} INFO - Processing file /home/huynguyen2741/airflow_venv/lib/python3.12/site-packages/airflow/example_dags/example_trigger_controller_dag.py for tasks to queue
[2025-08-06T14:47:58.053-0400] {logging_mixin.py:190} INFO - [2025-08-06T14:47:58.053-0400] {dagbag.py:588} INFO - Filling up the DagBag from /home/huynguyen2741/airflow_venv/lib/python3.12/site-packages/airflow/example_dags/example_trigger_controller_dag.py
[2025-08-06T14:47:58.059-0400] {processor.py:925} INFO - DAG(s) 'example_trigger_controller_dag' retrieved from /home/huynguyen2741/airflow_venv/lib/python3.12/site-packages/airflow/example_dags/example_trigger_controller_dag.py
[2025-08-06T14:47:58.071-0400] {logging_mixin.py:190} INFO - [2025-08-06T14:47:58.071-0400] {dag.py:3239} INFO - Sync 1 DAGs
[2025-08-06T14:47:58.085-0400] {logging_mixin.py:190} INFO - [2025-08-06T14:47:58.085-0400] {dag.py:4180} INFO - Setting next_dagrun for example_trigger_controller_dag to 2021-01-01 00:00:00+00:00, run_after=2021-01-01 00:00:00+00:00
[2025-08-06T14:47:58.103-0400] {processor.py:208} INFO - Processing /home/huynguyen2741/airflow_venv/lib/python3.12/site-packages/airflow/example_dags/example_trigger_controller_dag.py took 0.062 seconds
[2025-08-06T14:49:11.724-0400] {processor.py:186} INFO - Started process (PID=31830) to work on /home/huynguyen2741/airflow_venv/lib/python3.12/site-packages/airflow/example_dags/example_trigger_controller_dag.py
[2025-08-06T14:49:11.734-0400] {processor.py:914} INFO - Processing file /home/huynguyen2741/airflow_venv/lib/python3.12/site-packages/airflow/example_dags/example_trigger_controller_dag.py for tasks to queue
[2025-08-06T14:49:11.735-0400] {logging_mixin.py:190} INFO - [2025-08-06T14:49:11.735-0400] {dagbag.py:588} INFO - Filling up the DagBag from /home/huynguyen2741/airflow_venv/lib/python3.12/site-packages/airflow/example_dags/example_trigger_controller_dag.py
[2025-08-06T14:49:11.741-0400] {processor.py:925} INFO - DAG(s) 'example_trigger_controller_dag' retrieved from /home/huynguyen2741/airflow_venv/lib/python3.12/site-packages/airflow/example_dags/example_trigger_controller_dag.py
[2025-08-06T14:49:11.751-0400] {logging_mixin.py:190} INFO - [2025-08-06T14:49:11.751-0400] {dag.py:3239} INFO - Sync 1 DAGs
[2025-08-06T14:49:11.764-0400] {logging_mixin.py:190} INFO - [2025-08-06T14:49:11.764-0400] {dag.py:4180} INFO - Setting next_dagrun for example_trigger_controller_dag to 2021-01-01 00:00:00+00:00, run_after=2021-01-01 00:00:00+00:00
[2025-08-06T14:49:11.780-0400] {processor.py:208} INFO - Processing /home/huynguyen2741/airflow_venv/lib/python3.12/site-packages/airflow/example_dags/example_trigger_controller_dag.py took 0.062 seconds
[2025-08-06T14:50:15.238-0400] {processor.py:186} INFO - Started process (PID=32056) to work on /home/huynguyen2741/airflow_venv/lib/python3.12/site-packages/airflow/example_dags/example_trigger_controller_dag.py
[2025-08-06T14:50:15.240-0400] {processor.py:914} INFO - Processing file /home/huynguyen2741/airflow_venv/lib/python3.12/site-packages/airflow/example_dags/example_trigger_controller_dag.py for tasks to queue
[2025-08-06T14:50:15.241-0400] {logging_mixin.py:190} INFO - [2025-08-06T14:50:15.241-0400] {dagbag.py:588} INFO - Filling up the DagBag from /home/huynguyen2741/airflow_venv/lib/python3.12/site-packages/airflow/example_dags/example_trigger_controller_dag.py
[2025-08-06T14:50:15.246-0400] {processor.py:925} INFO - DAG(s) 'example_trigger_controller_dag' retrieved from /home/huynguyen2741/airflow_venv/lib/python3.12/site-packages/airflow/example_dags/example_trigger_controller_dag.py
[2025-08-06T14:50:15.256-0400] {logging_mixin.py:190} INFO - [2025-08-06T14:50:15.256-0400] {dag.py:3239} INFO - Sync 1 DAGs
[2025-08-06T14:50:15.269-0400] {logging_mixin.py:190} INFO - [2025-08-06T14:50:15.269-0400] {dag.py:4180} INFO - Setting next_dagrun for example_trigger_controller_dag to 2021-01-01 00:00:00+00:00, run_after=2021-01-01 00:00:00+00:00
[2025-08-06T14:50:15.285-0400] {processor.py:208} INFO - Processing /home/huynguyen2741/airflow_venv/lib/python3.12/site-packages/airflow/example_dags/example_trigger_controller_dag.py took 0.053 seconds
[2025-08-06T14:51:17.645-0400] {processor.py:186} INFO - Started process (PID=32284) to work on /home/huynguyen2741/airflow_venv/lib/python3.12/site-packages/airflow/example_dags/example_trigger_controller_dag.py
[2025-08-06T14:51:17.655-0400] {processor.py:914} INFO - Processing file /home/huynguyen2741/airflow_venv/lib/python3.12/site-packages/airflow/example_dags/example_trigger_controller_dag.py for tasks to queue
[2025-08-06T14:51:17.657-0400] {logging_mixin.py:190} INFO - [2025-08-06T14:51:17.656-0400] {dagbag.py:588} INFO - Filling up the DagBag from /home/huynguyen2741/airflow_venv/lib/python3.12/site-packages/airflow/example_dags/example_trigger_controller_dag.py
[2025-08-06T14:51:17.663-0400] {processor.py:925} INFO - DAG(s) 'example_trigger_controller_dag' retrieved from /home/huynguyen2741/airflow_venv/lib/python3.12/site-packages/airflow/example_dags/example_trigger_controller_dag.py
[2025-08-06T14:51:17.676-0400] {logging_mixin.py:190} INFO - [2025-08-06T14:51:17.676-0400] {dag.py:3239} INFO - Sync 1 DAGs
[2025-08-06T14:51:17.690-0400] {logging_mixin.py:190} INFO - [2025-08-06T14:51:17.690-0400] {dag.py:4180} INFO - Setting next_dagrun for example_trigger_controller_dag to 2021-01-01 00:00:00+00:00, run_after=2021-01-01 00:00:00+00:00
[2025-08-06T14:51:17.706-0400] {processor.py:208} INFO - Processing /home/huynguyen2741/airflow_venv/lib/python3.12/site-packages/airflow/example_dags/example_trigger_controller_dag.py took 0.067 seconds
[2025-08-06T14:52:16.574-0400] {processor.py:186} INFO - Started process (PID=32539) to work on /home/huynguyen2741/airflow_venv/lib/python3.12/site-packages/airflow/example_dags/example_trigger_controller_dag.py
[2025-08-06T14:52:16.578-0400] {processor.py:914} INFO - Processing file /home/huynguyen2741/airflow_venv/lib/python3.12/site-packages/airflow/example_dags/example_trigger_controller_dag.py for tasks to queue
[2025-08-06T14:52:16.580-0400] {logging_mixin.py:190} INFO - [2025-08-06T14:52:16.579-0400] {dagbag.py:588} INFO - Filling up the DagBag from /home/huynguyen2741/airflow_venv/lib/python3.12/site-packages/airflow/example_dags/example_trigger_controller_dag.py
[2025-08-06T14:52:16.585-0400] {processor.py:925} INFO - DAG(s) 'example_trigger_controller_dag' retrieved from /home/huynguyen2741/airflow_venv/lib/python3.12/site-packages/airflow/example_dags/example_trigger_controller_dag.py
[2025-08-06T14:52:16.595-0400] {logging_mixin.py:190} INFO - [2025-08-06T14:52:16.595-0400] {dag.py:3239} INFO - Sync 1 DAGs
[2025-08-06T14:52:16.608-0400] {logging_mixin.py:190} INFO - [2025-08-06T14:52:16.608-0400] {dag.py:4180} INFO - Setting next_dagrun for example_trigger_controller_dag to 2021-01-01 00:00:00+00:00, run_after=2021-01-01 00:00:00+00:00
[2025-08-06T14:52:16.622-0400] {processor.py:208} INFO - Processing /home/huynguyen2741/airflow_venv/lib/python3.12/site-packages/airflow/example_dags/example_trigger_controller_dag.py took 0.054 seconds
[2025-08-06T14:53:20.840-0400] {processor.py:186} INFO - Started process (PID=32836) to work on /home/huynguyen2741/airflow_venv/lib/python3.12/site-packages/airflow/example_dags/example_trigger_controller_dag.py
[2025-08-06T14:53:20.850-0400] {processor.py:914} INFO - Processing file /home/huynguyen2741/airflow_venv/lib/python3.12/site-packages/airflow/example_dags/example_trigger_controller_dag.py for tasks to queue
[2025-08-06T14:53:20.852-0400] {logging_mixin.py:190} INFO - [2025-08-06T14:53:20.851-0400] {dagbag.py:588} INFO - Filling up the DagBag from /home/huynguyen2741/airflow_venv/lib/python3.12/site-packages/airflow/example_dags/example_trigger_controller_dag.py
[2025-08-06T14:53:20.857-0400] {processor.py:925} INFO - DAG(s) 'example_trigger_controller_dag' retrieved from /home/huynguyen2741/airflow_venv/lib/python3.12/site-packages/airflow/example_dags/example_trigger_controller_dag.py
[2025-08-06T14:53:20.868-0400] {logging_mixin.py:190} INFO - [2025-08-06T14:53:20.868-0400] {dag.py:3239} INFO - Sync 1 DAGs
[2025-08-06T14:53:20.881-0400] {logging_mixin.py:190} INFO - [2025-08-06T14:53:20.881-0400] {dag.py:4180} INFO - Setting next_dagrun for example_trigger_controller_dag to 2021-01-01 00:00:00+00:00, run_after=2021-01-01 00:00:00+00:00
[2025-08-06T14:53:20.897-0400] {processor.py:208} INFO - Processing /home/huynguyen2741/airflow_venv/lib/python3.12/site-packages/airflow/example_dags/example_trigger_controller_dag.py took 0.062 seconds
[2025-08-06T14:54:21.701-0400] {processor.py:186} INFO - Started process (PID=33276) to work on /home/huynguyen2741/airflow_venv/lib/python3.12/site-packages/airflow/example_dags/example_trigger_controller_dag.py
[2025-08-06T14:54:21.710-0400] {processor.py:914} INFO - Processing file /home/huynguyen2741/airflow_venv/lib/python3.12/site-packages/airflow/example_dags/example_trigger_controller_dag.py for tasks to queue
[2025-08-06T14:54:21.711-0400] {logging_mixin.py:190} INFO - [2025-08-06T14:54:21.711-0400] {dagbag.py:588} INFO - Filling up the DagBag from /home/huynguyen2741/airflow_venv/lib/python3.12/site-packages/airflow/example_dags/example_trigger_controller_dag.py
[2025-08-06T14:54:21.717-0400] {processor.py:925} INFO - DAG(s) 'example_trigger_controller_dag' retrieved from /home/huynguyen2741/airflow_venv/lib/python3.12/site-packages/airflow/example_dags/example_trigger_controller_dag.py
[2025-08-06T14:54:21.728-0400] {logging_mixin.py:190} INFO - [2025-08-06T14:54:21.727-0400] {dag.py:3239} INFO - Sync 1 DAGs
[2025-08-06T14:54:21.741-0400] {logging_mixin.py:190} INFO - [2025-08-06T14:54:21.741-0400] {dag.py:4180} INFO - Setting next_dagrun for example_trigger_controller_dag to 2021-01-01 00:00:00+00:00, run_after=2021-01-01 00:00:00+00:00
[2025-08-06T14:54:21.758-0400] {processor.py:208} INFO - Processing /home/huynguyen2741/airflow_venv/lib/python3.12/site-packages/airflow/example_dags/example_trigger_controller_dag.py took 0.063 seconds
[2025-08-06T14:55:15.309-0400] {processor.py:186} INFO - Started process (PID=33574) to work on /home/huynguyen2741/airflow_venv/lib/python3.12/site-packages/airflow/example_dags/example_trigger_controller_dag.py
[2025-08-06T14:55:15.310-0400] {processor.py:914} INFO - Processing file /home/huynguyen2741/airflow_venv/lib/python3.12/site-packages/airflow/example_dags/example_trigger_controller_dag.py for tasks to queue
[2025-08-06T14:55:15.311-0400] {logging_mixin.py:190} INFO - [2025-08-06T14:55:15.311-0400] {dagbag.py:588} INFO - Filling up the DagBag from /home/huynguyen2741/airflow_venv/lib/python3.12/site-packages/airflow/example_dags/example_trigger_controller_dag.py
[2025-08-06T14:55:15.316-0400] {processor.py:925} INFO - DAG(s) 'example_trigger_controller_dag' retrieved from /home/huynguyen2741/airflow_venv/lib/python3.12/site-packages/airflow/example_dags/example_trigger_controller_dag.py
[2025-08-06T14:55:15.327-0400] {logging_mixin.py:190} INFO - [2025-08-06T14:55:15.327-0400] {dag.py:3239} INFO - Sync 1 DAGs
[2025-08-06T14:55:15.339-0400] {logging_mixin.py:190} INFO - [2025-08-06T14:55:15.339-0400] {dag.py:4180} INFO - Setting next_dagrun for example_trigger_controller_dag to 2021-01-01 00:00:00+00:00, run_after=2021-01-01 00:00:00+00:00
[2025-08-06T14:55:15.353-0400] {processor.py:208} INFO - Processing /home/huynguyen2741/airflow_venv/lib/python3.12/site-packages/airflow/example_dags/example_trigger_controller_dag.py took 0.049 seconds
[2025-08-06T14:56:17.638-0400] {processor.py:186} INFO - Started process (PID=33868) to work on /home/huynguyen2741/airflow_venv/lib/python3.12/site-packages/airflow/example_dags/example_trigger_controller_dag.py
[2025-08-06T14:56:17.642-0400] {processor.py:914} INFO - Processing file /home/huynguyen2741/airflow_venv/lib/python3.12/site-packages/airflow/example_dags/example_trigger_controller_dag.py for tasks to queue
[2025-08-06T14:56:17.644-0400] {logging_mixin.py:190} INFO - [2025-08-06T14:56:17.643-0400] {dagbag.py:588} INFO - Filling up the DagBag from /home/huynguyen2741/airflow_venv/lib/python3.12/site-packages/airflow/example_dags/example_trigger_controller_dag.py
[2025-08-06T14:56:17.649-0400] {processor.py:925} INFO - DAG(s) 'example_trigger_controller_dag' retrieved from /home/huynguyen2741/airflow_venv/lib/python3.12/site-packages/airflow/example_dags/example_trigger_controller_dag.py
[2025-08-06T14:56:17.660-0400] {logging_mixin.py:190} INFO - [2025-08-06T14:56:17.660-0400] {dag.py:3239} INFO - Sync 1 DAGs
[2025-08-06T14:56:17.673-0400] {logging_mixin.py:190} INFO - [2025-08-06T14:56:17.673-0400] {dag.py:4180} INFO - Setting next_dagrun for example_trigger_controller_dag to 2021-01-01 00:00:00+00:00, run_after=2021-01-01 00:00:00+00:00
[2025-08-06T14:56:17.691-0400] {processor.py:208} INFO - Processing /home/huynguyen2741/airflow_venv/lib/python3.12/site-packages/airflow/example_dags/example_trigger_controller_dag.py took 0.058 seconds
[2025-08-06T14:57:21.201-0400] {processor.py:186} INFO - Started process (PID=34135) to work on /home/huynguyen2741/airflow_venv/lib/python3.12/site-packages/airflow/example_dags/example_trigger_controller_dag.py
[2025-08-06T14:57:21.202-0400] {processor.py:914} INFO - Processing file /home/huynguyen2741/airflow_venv/lib/python3.12/site-packages/airflow/example_dags/example_trigger_controller_dag.py for tasks to queue
[2025-08-06T14:57:21.203-0400] {logging_mixin.py:190} INFO - [2025-08-06T14:57:21.203-0400] {dagbag.py:588} INFO - Filling up the DagBag from /home/huynguyen2741/airflow_venv/lib/python3.12/site-packages/airflow/example_dags/example_trigger_controller_dag.py
[2025-08-06T14:57:21.209-0400] {processor.py:925} INFO - DAG(s) 'example_trigger_controller_dag' retrieved from /home/huynguyen2741/airflow_venv/lib/python3.12/site-packages/airflow/example_dags/example_trigger_controller_dag.py
[2025-08-06T14:57:21.219-0400] {logging_mixin.py:190} INFO - [2025-08-06T14:57:21.219-0400] {dag.py:3239} INFO - Sync 1 DAGs
[2025-08-06T14:57:21.232-0400] {logging_mixin.py:190} INFO - [2025-08-06T14:57:21.231-0400] {dag.py:4180} INFO - Setting next_dagrun for example_trigger_controller_dag to 2021-01-01 00:00:00+00:00, run_after=2021-01-01 00:00:00+00:00
[2025-08-06T14:57:21.248-0400] {processor.py:208} INFO - Processing /home/huynguyen2741/airflow_venv/lib/python3.12/site-packages/airflow/example_dags/example_trigger_controller_dag.py took 0.053 seconds
[2025-08-06T14:58:22.844-0400] {processor.py:186} INFO - Started process (PID=34403) to work on /home/huynguyen2741/airflow_venv/lib/python3.12/site-packages/airflow/example_dags/example_trigger_controller_dag.py
[2025-08-06T14:58:22.845-0400] {processor.py:914} INFO - Processing file /home/huynguyen2741/airflow_venv/lib/python3.12/site-packages/airflow/example_dags/example_trigger_controller_dag.py for tasks to queue
[2025-08-06T14:58:22.846-0400] {logging_mixin.py:190} INFO - [2025-08-06T14:58:22.846-0400] {dagbag.py:588} INFO - Filling up the DagBag from /home/huynguyen2741/airflow_venv/lib/python3.12/site-packages/airflow/example_dags/example_trigger_controller_dag.py
[2025-08-06T14:58:22.852-0400] {processor.py:925} INFO - DAG(s) 'example_trigger_controller_dag' retrieved from /home/huynguyen2741/airflow_venv/lib/python3.12/site-packages/airflow/example_dags/example_trigger_controller_dag.py
[2025-08-06T14:58:22.864-0400] {logging_mixin.py:190} INFO - [2025-08-06T14:58:22.864-0400] {dag.py:3239} INFO - Sync 1 DAGs
[2025-08-06T14:58:22.879-0400] {logging_mixin.py:190} INFO - [2025-08-06T14:58:22.879-0400] {dag.py:4180} INFO - Setting next_dagrun for example_trigger_controller_dag to 2021-01-01 00:00:00+00:00, run_after=2021-01-01 00:00:00+00:00
[2025-08-06T14:58:22.895-0400] {processor.py:208} INFO - Processing /home/huynguyen2741/airflow_venv/lib/python3.12/site-packages/airflow/example_dags/example_trigger_controller_dag.py took 0.057 seconds
[2025-08-06T14:59:23.097-0400] {processor.py:186} INFO - Started process (PID=34644) to work on /home/huynguyen2741/airflow_venv/lib/python3.12/site-packages/airflow/example_dags/example_trigger_controller_dag.py
[2025-08-06T14:59:23.097-0400] {processor.py:914} INFO - Processing file /home/huynguyen2741/airflow_venv/lib/python3.12/site-packages/airflow/example_dags/example_trigger_controller_dag.py for tasks to queue
[2025-08-06T14:59:23.098-0400] {logging_mixin.py:190} INFO - [2025-08-06T14:59:23.098-0400] {dagbag.py:588} INFO - Filling up the DagBag from /home/huynguyen2741/airflow_venv/lib/python3.12/site-packages/airflow/example_dags/example_trigger_controller_dag.py
[2025-08-06T14:59:23.104-0400] {processor.py:925} INFO - DAG(s) 'example_trigger_controller_dag' retrieved from /home/huynguyen2741/airflow_venv/lib/python3.12/site-packages/airflow/example_dags/example_trigger_controller_dag.py
[2025-08-06T14:59:23.114-0400] {logging_mixin.py:190} INFO - [2025-08-06T14:59:23.114-0400] {dag.py:3239} INFO - Sync 1 DAGs
[2025-08-06T14:59:23.127-0400] {logging_mixin.py:190} INFO - [2025-08-06T14:59:23.127-0400] {dag.py:4180} INFO - Setting next_dagrun for example_trigger_controller_dag to 2021-01-01 00:00:00+00:00, run_after=2021-01-01 00:00:00+00:00
[2025-08-06T14:59:23.142-0400] {processor.py:208} INFO - Processing /home/huynguyen2741/airflow_venv/lib/python3.12/site-packages/airflow/example_dags/example_trigger_controller_dag.py took 0.052 seconds
[2025-08-06T15:00:27.085-0400] {processor.py:186} INFO - Started process (PID=34880) to work on /home/huynguyen2741/airflow_venv/lib/python3.12/site-packages/airflow/example_dags/example_trigger_controller_dag.py
[2025-08-06T15:00:27.087-0400] {processor.py:914} INFO - Processing file /home/huynguyen2741/airflow_venv/lib/python3.12/site-packages/airflow/example_dags/example_trigger_controller_dag.py for tasks to queue
[2025-08-06T15:00:27.088-0400] {logging_mixin.py:190} INFO - [2025-08-06T15:00:27.087-0400] {dagbag.py:588} INFO - Filling up the DagBag from /home/huynguyen2741/airflow_venv/lib/python3.12/site-packages/airflow/example_dags/example_trigger_controller_dag.py
[2025-08-06T15:00:27.093-0400] {processor.py:925} INFO - DAG(s) 'example_trigger_controller_dag' retrieved from /home/huynguyen2741/airflow_venv/lib/python3.12/site-packages/airflow/example_dags/example_trigger_controller_dag.py
[2025-08-06T15:00:27.105-0400] {logging_mixin.py:190} INFO - [2025-08-06T15:00:27.104-0400] {dag.py:3239} INFO - Sync 1 DAGs
[2025-08-06T15:00:27.118-0400] {logging_mixin.py:190} INFO - [2025-08-06T15:00:27.118-0400] {dag.py:4180} INFO - Setting next_dagrun for example_trigger_controller_dag to 2021-01-01 00:00:00+00:00, run_after=2021-01-01 00:00:00+00:00
[2025-08-06T15:00:27.136-0400] {processor.py:208} INFO - Processing /home/huynguyen2741/airflow_venv/lib/python3.12/site-packages/airflow/example_dags/example_trigger_controller_dag.py took 0.055 seconds
