[2025-08-06T13:57:47.331-0400] {processor.py:186} INFO - Started process (PID=17824) to work on /home/huynguyen2741/airflow_venv/lib/python3.12/site-packages/airflow/example_dags/example_branch_labels.py
[2025-08-06T13:57:47.332-0400] {processor.py:914} INFO - Processing file /home/huynguyen2741/airflow_venv/lib/python3.12/site-packages/airflow/example_dags/example_branch_labels.py for tasks to queue
[2025-08-06T13:57:47.333-0400] {logging_mixin.py:190} INFO - [2025-08-06T13:57:47.333-0400] {dagbag.py:588} INFO - Filling up the DagBag from /home/huynguyen2741/airflow_venv/lib/python3.12/site-packages/airflow/example_dags/example_branch_labels.py
[2025-08-06T13:57:47.341-0400] {processor.py:925} INFO - DAG(s) 'example_branch_labels' retrieved from /home/huynguyen2741/airflow_venv/lib/python3.12/site-packages/airflow/example_dags/example_branch_labels.py
[2025-08-06T13:57:47.429-0400] {logging_mixin.py:190} INFO - [2025-08-06T13:57:47.428-0400] {override.py:1930} INFO - Created Permission View: can edit on DAG:example_branch_labels
[2025-08-06T13:57:47.440-0400] {logging_mixin.py:190} INFO - [2025-08-06T13:57:47.440-0400] {override.py:1930} INFO - Created Permission View: can read on DAG:example_branch_labels
[2025-08-06T13:57:47.449-0400] {logging_mixin.py:190} INFO - [2025-08-06T13:57:47.449-0400] {override.py:1930} INFO - Created Permission View: can delete on DAG:example_branch_labels
[2025-08-06T13:57:47.465-0400] {logging_mixin.py:190} INFO - [2025-08-06T13:57:47.465-0400] {override.py:1930} INFO - Created Permission View: menu access on DAG Run:example_branch_labels
[2025-08-06T13:57:47.474-0400] {logging_mixin.py:190} INFO - [2025-08-06T13:57:47.473-0400] {override.py:1930} INFO - Created Permission View: can read on DAG Run:example_branch_labels
[2025-08-06T13:57:47.484-0400] {logging_mixin.py:190} INFO - [2025-08-06T13:57:47.483-0400] {override.py:1930} INFO - Created Permission View: can create on DAG Run:example_branch_labels
[2025-08-06T13:57:47.492-0400] {logging_mixin.py:190} INFO - [2025-08-06T13:57:47.492-0400] {override.py:1930} INFO - Created Permission View: can delete on DAG Run:example_branch_labels
[2025-08-06T13:57:47.493-0400] {logging_mixin.py:190} INFO - [2025-08-06T13:57:47.493-0400] {dag.py:3239} INFO - Sync 1 DAGs
[2025-08-06T13:57:47.500-0400] {logging_mixin.py:190} INFO - [2025-08-06T13:57:47.500-0400] {dag.py:3262} INFO - Creating ORM DAG for example_branch_labels
[2025-08-06T13:57:47.506-0400] {logging_mixin.py:190} INFO - [2025-08-06T13:57:47.506-0400] {dag.py:4180} INFO - Setting next_dagrun for example_branch_labels to 2025-08-05 00:00:00+00:00, run_after=2025-08-06 00:00:00+00:00
[2025-08-06T13:57:47.522-0400] {processor.py:208} INFO - Processing /home/huynguyen2741/airflow_venv/lib/python3.12/site-packages/airflow/example_dags/example_branch_labels.py took 0.195 seconds
[2025-08-06T13:58:55.563-0400] {processor.py:186} INFO - Started process (PID=18073) to work on /home/huynguyen2741/airflow_venv/lib/python3.12/site-packages/airflow/example_dags/example_branch_labels.py
[2025-08-06T13:58:55.564-0400] {processor.py:914} INFO - Processing file /home/huynguyen2741/airflow_venv/lib/python3.12/site-packages/airflow/example_dags/example_branch_labels.py for tasks to queue
[2025-08-06T13:58:55.566-0400] {logging_mixin.py:190} INFO - [2025-08-06T13:58:55.565-0400] {dagbag.py:588} INFO - Filling up the DagBag from /home/huynguyen2741/airflow_venv/lib/python3.12/site-packages/airflow/example_dags/example_branch_labels.py
[2025-08-06T13:58:55.573-0400] {processor.py:925} INFO - DAG(s) 'example_branch_labels' retrieved from /home/huynguyen2741/airflow_venv/lib/python3.12/site-packages/airflow/example_dags/example_branch_labels.py
[2025-08-06T13:58:55.584-0400] {logging_mixin.py:190} INFO - [2025-08-06T13:58:55.584-0400] {dag.py:3239} INFO - Sync 1 DAGs
[2025-08-06T13:58:55.599-0400] {logging_mixin.py:190} INFO - [2025-08-06T13:58:55.599-0400] {dag.py:4180} INFO - Setting next_dagrun for example_branch_labels to 2025-08-05 00:00:00+00:00, run_after=2025-08-06 00:00:00+00:00
[2025-08-06T13:58:55.614-0400] {processor.py:208} INFO - Processing /home/huynguyen2741/airflow_venv/lib/python3.12/site-packages/airflow/example_dags/example_branch_labels.py took 0.055 seconds
[2025-08-06T13:59:53.364-0400] {processor.py:186} INFO - Started process (PID=18287) to work on /home/huynguyen2741/airflow_venv/lib/python3.12/site-packages/airflow/example_dags/example_branch_labels.py
[2025-08-06T13:59:53.368-0400] {processor.py:914} INFO - Processing file /home/huynguyen2741/airflow_venv/lib/python3.12/site-packages/airflow/example_dags/example_branch_labels.py for tasks to queue
[2025-08-06T13:59:53.370-0400] {logging_mixin.py:190} INFO - [2025-08-06T13:59:53.370-0400] {dagbag.py:588} INFO - Filling up the DagBag from /home/huynguyen2741/airflow_venv/lib/python3.12/site-packages/airflow/example_dags/example_branch_labels.py
[2025-08-06T13:59:53.377-0400] {processor.py:925} INFO - DAG(s) 'example_branch_labels' retrieved from /home/huynguyen2741/airflow_venv/lib/python3.12/site-packages/airflow/example_dags/example_branch_labels.py
[2025-08-06T13:59:53.388-0400] {logging_mixin.py:190} INFO - [2025-08-06T13:59:53.388-0400] {dag.py:3239} INFO - Sync 1 DAGs
[2025-08-06T13:59:53.401-0400] {logging_mixin.py:190} INFO - [2025-08-06T13:59:53.401-0400] {dag.py:4180} INFO - Setting next_dagrun for example_branch_labels to 2025-08-05 00:00:00+00:00, run_after=2025-08-06 00:00:00+00:00
[2025-08-06T13:59:53.418-0400] {processor.py:208} INFO - Processing /home/huynguyen2741/airflow_venv/lib/python3.12/site-packages/airflow/example_dags/example_branch_labels.py took 0.057 seconds
[2025-08-06T14:00:55.875-0400] {processor.py:186} INFO - Started process (PID=18506) to work on /home/huynguyen2741/airflow_venv/lib/python3.12/site-packages/airflow/example_dags/example_branch_labels.py
[2025-08-06T14:00:55.885-0400] {processor.py:914} INFO - Processing file /home/huynguyen2741/airflow_venv/lib/python3.12/site-packages/airflow/example_dags/example_branch_labels.py for tasks to queue
[2025-08-06T14:00:55.887-0400] {logging_mixin.py:190} INFO - [2025-08-06T14:00:55.886-0400] {dagbag.py:588} INFO - Filling up the DagBag from /home/huynguyen2741/airflow_venv/lib/python3.12/site-packages/airflow/example_dags/example_branch_labels.py
[2025-08-06T14:00:55.894-0400] {processor.py:925} INFO - DAG(s) 'example_branch_labels' retrieved from /home/huynguyen2741/airflow_venv/lib/python3.12/site-packages/airflow/example_dags/example_branch_labels.py
[2025-08-06T14:00:55.905-0400] {logging_mixin.py:190} INFO - [2025-08-06T14:00:55.904-0400] {dag.py:3239} INFO - Sync 1 DAGs
[2025-08-06T14:00:55.917-0400] {logging_mixin.py:190} INFO - [2025-08-06T14:00:55.916-0400] {dag.py:4180} INFO - Setting next_dagrun for example_branch_labels to 2025-08-05 00:00:00+00:00, run_after=2025-08-06 00:00:00+00:00
[2025-08-06T14:00:55.931-0400] {processor.py:208} INFO - Processing /home/huynguyen2741/airflow_venv/lib/python3.12/site-packages/airflow/example_dags/example_branch_labels.py took 0.060 seconds
[2025-08-06T14:02:01.679-0400] {processor.py:186} INFO - Started process (PID=18740) to work on /home/huynguyen2741/airflow_venv/lib/python3.12/site-packages/airflow/example_dags/example_branch_labels.py
[2025-08-06T14:02:01.683-0400] {processor.py:914} INFO - Processing file /home/huynguyen2741/airflow_venv/lib/python3.12/site-packages/airflow/example_dags/example_branch_labels.py for tasks to queue
[2025-08-06T14:02:01.685-0400] {logging_mixin.py:190} INFO - [2025-08-06T14:02:01.684-0400] {dagbag.py:588} INFO - Filling up the DagBag from /home/huynguyen2741/airflow_venv/lib/python3.12/site-packages/airflow/example_dags/example_branch_labels.py
[2025-08-06T14:02:01.692-0400] {processor.py:925} INFO - DAG(s) 'example_branch_labels' retrieved from /home/huynguyen2741/airflow_venv/lib/python3.12/site-packages/airflow/example_dags/example_branch_labels.py
[2025-08-06T14:02:01.703-0400] {logging_mixin.py:190} INFO - [2025-08-06T14:02:01.703-0400] {dag.py:3239} INFO - Sync 1 DAGs
[2025-08-06T14:02:01.717-0400] {logging_mixin.py:190} INFO - [2025-08-06T14:02:01.717-0400] {dag.py:4180} INFO - Setting next_dagrun for example_branch_labels to 2025-08-05 00:00:00+00:00, run_after=2025-08-06 00:00:00+00:00
[2025-08-06T14:02:01.733-0400] {processor.py:208} INFO - Processing /home/huynguyen2741/airflow_venv/lib/python3.12/site-packages/airflow/example_dags/example_branch_labels.py took 0.059 seconds
[2025-08-06T14:02:58.848-0400] {processor.py:186} INFO - Started process (PID=18981) to work on /home/huynguyen2741/airflow_venv/lib/python3.12/site-packages/airflow/example_dags/example_branch_labels.py
[2025-08-06T14:02:58.850-0400] {processor.py:914} INFO - Processing file /home/huynguyen2741/airflow_venv/lib/python3.12/site-packages/airflow/example_dags/example_branch_labels.py for tasks to queue
[2025-08-06T14:02:58.851-0400] {logging_mixin.py:190} INFO - [2025-08-06T14:02:58.851-0400] {dagbag.py:588} INFO - Filling up the DagBag from /home/huynguyen2741/airflow_venv/lib/python3.12/site-packages/airflow/example_dags/example_branch_labels.py
[2025-08-06T14:02:58.858-0400] {processor.py:925} INFO - DAG(s) 'example_branch_labels' retrieved from /home/huynguyen2741/airflow_venv/lib/python3.12/site-packages/airflow/example_dags/example_branch_labels.py
[2025-08-06T14:02:58.869-0400] {logging_mixin.py:190} INFO - [2025-08-06T14:02:58.869-0400] {dag.py:3239} INFO - Sync 1 DAGs
[2025-08-06T14:02:58.881-0400] {logging_mixin.py:190} INFO - [2025-08-06T14:02:58.881-0400] {dag.py:4180} INFO - Setting next_dagrun for example_branch_labels to 2025-08-05 00:00:00+00:00, run_after=2025-08-06 00:00:00+00:00
[2025-08-06T14:02:58.896-0400] {processor.py:208} INFO - Processing /home/huynguyen2741/airflow_venv/lib/python3.12/site-packages/airflow/example_dags/example_branch_labels.py took 0.053 seconds
[2025-08-06T14:04:03.963-0400] {processor.py:186} INFO - Started process (PID=19210) to work on /home/huynguyen2741/airflow_venv/lib/python3.12/site-packages/airflow/example_dags/example_branch_labels.py
[2025-08-06T14:04:03.973-0400] {processor.py:914} INFO - Processing file /home/huynguyen2741/airflow_venv/lib/python3.12/site-packages/airflow/example_dags/example_branch_labels.py for tasks to queue
[2025-08-06T14:04:03.975-0400] {logging_mixin.py:190} INFO - [2025-08-06T14:04:03.975-0400] {dagbag.py:588} INFO - Filling up the DagBag from /home/huynguyen2741/airflow_venv/lib/python3.12/site-packages/airflow/example_dags/example_branch_labels.py
[2025-08-06T14:04:03.982-0400] {processor.py:925} INFO - DAG(s) 'example_branch_labels' retrieved from /home/huynguyen2741/airflow_venv/lib/python3.12/site-packages/airflow/example_dags/example_branch_labels.py
[2025-08-06T14:04:03.994-0400] {logging_mixin.py:190} INFO - [2025-08-06T14:04:03.994-0400] {dag.py:3239} INFO - Sync 1 DAGs
[2025-08-06T14:04:04.009-0400] {logging_mixin.py:190} INFO - [2025-08-06T14:04:04.009-0400] {dag.py:4180} INFO - Setting next_dagrun for example_branch_labels to 2025-08-05 00:00:00+00:00, run_after=2025-08-06 00:00:00+00:00
[2025-08-06T14:04:04.025-0400] {processor.py:208} INFO - Processing /home/huynguyen2741/airflow_venv/lib/python3.12/site-packages/airflow/example_dags/example_branch_labels.py took 0.066 seconds
[2025-08-06T14:05:06.192-0400] {processor.py:186} INFO - Started process (PID=19429) to work on /home/huynguyen2741/airflow_venv/lib/python3.12/site-packages/airflow/example_dags/example_branch_labels.py
[2025-08-06T14:05:06.196-0400] {processor.py:914} INFO - Processing file /home/huynguyen2741/airflow_venv/lib/python3.12/site-packages/airflow/example_dags/example_branch_labels.py for tasks to queue
[2025-08-06T14:05:06.198-0400] {logging_mixin.py:190} INFO - [2025-08-06T14:05:06.198-0400] {dagbag.py:588} INFO - Filling up the DagBag from /home/huynguyen2741/airflow_venv/lib/python3.12/site-packages/airflow/example_dags/example_branch_labels.py
[2025-08-06T14:05:06.205-0400] {processor.py:925} INFO - DAG(s) 'example_branch_labels' retrieved from /home/huynguyen2741/airflow_venv/lib/python3.12/site-packages/airflow/example_dags/example_branch_labels.py
[2025-08-06T14:05:06.217-0400] {logging_mixin.py:190} INFO - [2025-08-06T14:05:06.217-0400] {dag.py:3239} INFO - Sync 1 DAGs
[2025-08-06T14:05:06.232-0400] {logging_mixin.py:190} INFO - [2025-08-06T14:05:06.232-0400] {dag.py:4180} INFO - Setting next_dagrun for example_branch_labels to 2025-08-05 00:00:00+00:00, run_after=2025-08-06 00:00:00+00:00
[2025-08-06T14:05:06.356-0400] {processor.py:208} INFO - Processing /home/huynguyen2741/airflow_venv/lib/python3.12/site-packages/airflow/example_dags/example_branch_labels.py took 0.168 seconds
[2025-08-06T14:06:10.154-0400] {processor.py:186} INFO - Started process (PID=19802) to work on /home/huynguyen2741/airflow_venv/lib/python3.12/site-packages/airflow/example_dags/example_branch_labels.py
[2025-08-06T14:06:10.158-0400] {processor.py:914} INFO - Processing file /home/huynguyen2741/airflow_venv/lib/python3.12/site-packages/airflow/example_dags/example_branch_labels.py for tasks to queue
[2025-08-06T14:06:10.160-0400] {logging_mixin.py:190} INFO - [2025-08-06T14:06:10.160-0400] {dagbag.py:588} INFO - Filling up the DagBag from /home/huynguyen2741/airflow_venv/lib/python3.12/site-packages/airflow/example_dags/example_branch_labels.py
[2025-08-06T14:06:10.167-0400] {processor.py:925} INFO - DAG(s) 'example_branch_labels' retrieved from /home/huynguyen2741/airflow_venv/lib/python3.12/site-packages/airflow/example_dags/example_branch_labels.py
[2025-08-06T14:06:10.178-0400] {logging_mixin.py:190} INFO - [2025-08-06T14:06:10.178-0400] {dag.py:3239} INFO - Sync 1 DAGs
[2025-08-06T14:06:10.189-0400] {logging_mixin.py:190} INFO - [2025-08-06T14:06:10.189-0400] {dag.py:4180} INFO - Setting next_dagrun for example_branch_labels to 2025-08-05 00:00:00+00:00, run_after=2025-08-06 00:00:00+00:00
[2025-08-06T14:06:10.204-0400] {processor.py:208} INFO - Processing /home/huynguyen2741/airflow_venv/lib/python3.12/site-packages/airflow/example_dags/example_branch_labels.py took 0.054 seconds
[2025-08-06T14:07:18.858-0400] {processor.py:186} INFO - Started process (PID=20044) to work on /home/huynguyen2741/airflow_venv/lib/python3.12/site-packages/airflow/example_dags/example_branch_labels.py
[2025-08-06T14:07:18.868-0400] {processor.py:914} INFO - Processing file /home/huynguyen2741/airflow_venv/lib/python3.12/site-packages/airflow/example_dags/example_branch_labels.py for tasks to queue
[2025-08-06T14:07:18.870-0400] {logging_mixin.py:190} INFO - [2025-08-06T14:07:18.869-0400] {dagbag.py:588} INFO - Filling up the DagBag from /home/huynguyen2741/airflow_venv/lib/python3.12/site-packages/airflow/example_dags/example_branch_labels.py
[2025-08-06T14:07:18.877-0400] {processor.py:925} INFO - DAG(s) 'example_branch_labels' retrieved from /home/huynguyen2741/airflow_venv/lib/python3.12/site-packages/airflow/example_dags/example_branch_labels.py
[2025-08-06T14:07:18.888-0400] {logging_mixin.py:190} INFO - [2025-08-06T14:07:18.888-0400] {dag.py:3239} INFO - Sync 1 DAGs
[2025-08-06T14:07:18.901-0400] {logging_mixin.py:190} INFO - [2025-08-06T14:07:18.901-0400] {dag.py:4180} INFO - Setting next_dagrun for example_branch_labels to 2025-08-05 00:00:00+00:00, run_after=2025-08-06 00:00:00+00:00
[2025-08-06T14:07:18.915-0400] {processor.py:208} INFO - Processing /home/huynguyen2741/airflow_venv/lib/python3.12/site-packages/airflow/example_dags/example_branch_labels.py took 0.063 seconds
[2025-08-06T14:08:22.437-0400] {processor.py:186} INFO - Started process (PID=20348) to work on /home/huynguyen2741/airflow_venv/lib/python3.12/site-packages/airflow/example_dags/example_branch_labels.py
[2025-08-06T14:08:22.438-0400] {processor.py:914} INFO - Processing file /home/huynguyen2741/airflow_venv/lib/python3.12/site-packages/airflow/example_dags/example_branch_labels.py for tasks to queue
[2025-08-06T14:08:22.439-0400] {logging_mixin.py:190} INFO - [2025-08-06T14:08:22.439-0400] {dagbag.py:588} INFO - Filling up the DagBag from /home/huynguyen2741/airflow_venv/lib/python3.12/site-packages/airflow/example_dags/example_branch_labels.py
[2025-08-06T14:08:22.446-0400] {processor.py:925} INFO - DAG(s) 'example_branch_labels' retrieved from /home/huynguyen2741/airflow_venv/lib/python3.12/site-packages/airflow/example_dags/example_branch_labels.py
[2025-08-06T14:08:22.458-0400] {logging_mixin.py:190} INFO - [2025-08-06T14:08:22.458-0400] {dag.py:3239} INFO - Sync 1 DAGs
[2025-08-06T14:08:22.472-0400] {logging_mixin.py:190} INFO - [2025-08-06T14:08:22.472-0400] {dag.py:4180} INFO - Setting next_dagrun for example_branch_labels to 2025-08-05 00:00:00+00:00, run_after=2025-08-06 00:00:00+00:00
[2025-08-06T14:08:22.489-0400] {processor.py:208} INFO - Processing /home/huynguyen2741/airflow_venv/lib/python3.12/site-packages/airflow/example_dags/example_branch_labels.py took 0.057 seconds
[2025-08-06T14:09:31.729-0400] {processor.py:186} INFO - Started process (PID=20769) to work on /home/huynguyen2741/airflow_venv/lib/python3.12/site-packages/airflow/example_dags/example_branch_labels.py
[2025-08-06T14:09:31.730-0400] {processor.py:914} INFO - Processing file /home/huynguyen2741/airflow_venv/lib/python3.12/site-packages/airflow/example_dags/example_branch_labels.py for tasks to queue
[2025-08-06T14:09:31.731-0400] {logging_mixin.py:190} INFO - [2025-08-06T14:09:31.731-0400] {dagbag.py:588} INFO - Filling up the DagBag from /home/huynguyen2741/airflow_venv/lib/python3.12/site-packages/airflow/example_dags/example_branch_labels.py
[2025-08-06T14:09:31.832-0400] {processor.py:925} INFO - DAG(s) 'example_branch_labels' retrieved from /home/huynguyen2741/airflow_venv/lib/python3.12/site-packages/airflow/example_dags/example_branch_labels.py
[2025-08-06T14:09:31.840-0400] {logging_mixin.py:190} INFO - [2025-08-06T14:09:31.840-0400] {dag.py:3239} INFO - Sync 1 DAGs
[2025-08-06T14:09:31.852-0400] {logging_mixin.py:190} INFO - [2025-08-06T14:09:31.852-0400] {dag.py:4180} INFO - Setting next_dagrun for example_branch_labels to 2025-08-05 00:00:00+00:00, run_after=2025-08-06 00:00:00+00:00
[2025-08-06T14:09:31.867-0400] {processor.py:208} INFO - Processing /home/huynguyen2741/airflow_venv/lib/python3.12/site-packages/airflow/example_dags/example_branch_labels.py took 0.143 seconds
[2025-08-06T14:10:32.883-0400] {processor.py:186} INFO - Started process (PID=21156) to work on /home/huynguyen2741/airflow_venv/lib/python3.12/site-packages/airflow/example_dags/example_branch_labels.py
[2025-08-06T14:10:32.885-0400] {processor.py:914} INFO - Processing file /home/huynguyen2741/airflow_venv/lib/python3.12/site-packages/airflow/example_dags/example_branch_labels.py for tasks to queue
[2025-08-06T14:10:32.886-0400] {logging_mixin.py:190} INFO - [2025-08-06T14:10:32.886-0400] {dagbag.py:588} INFO - Filling up the DagBag from /home/huynguyen2741/airflow_venv/lib/python3.12/site-packages/airflow/example_dags/example_branch_labels.py
[2025-08-06T14:10:32.894-0400] {processor.py:925} INFO - DAG(s) 'example_branch_labels' retrieved from /home/huynguyen2741/airflow_venv/lib/python3.12/site-packages/airflow/example_dags/example_branch_labels.py
[2025-08-06T14:10:32.905-0400] {logging_mixin.py:190} INFO - [2025-08-06T14:10:32.905-0400] {dag.py:3239} INFO - Sync 1 DAGs
[2025-08-06T14:10:32.917-0400] {logging_mixin.py:190} INFO - [2025-08-06T14:10:32.917-0400] {dag.py:4180} INFO - Setting next_dagrun for example_branch_labels to 2025-08-05 00:00:00+00:00, run_after=2025-08-06 00:00:00+00:00
[2025-08-06T14:10:32.932-0400] {processor.py:208} INFO - Processing /home/huynguyen2741/airflow_venv/lib/python3.12/site-packages/airflow/example_dags/example_branch_labels.py took 0.054 seconds
[2025-08-06T14:11:36.494-0400] {processor.py:186} INFO - Started process (PID=21415) to work on /home/huynguyen2741/airflow_venv/lib/python3.12/site-packages/airflow/example_dags/example_branch_labels.py
[2025-08-06T14:11:36.495-0400] {processor.py:914} INFO - Processing file /home/huynguyen2741/airflow_venv/lib/python3.12/site-packages/airflow/example_dags/example_branch_labels.py for tasks to queue
[2025-08-06T14:11:36.496-0400] {logging_mixin.py:190} INFO - [2025-08-06T14:11:36.496-0400] {dagbag.py:588} INFO - Filling up the DagBag from /home/huynguyen2741/airflow_venv/lib/python3.12/site-packages/airflow/example_dags/example_branch_labels.py
[2025-08-06T14:11:36.504-0400] {processor.py:925} INFO - DAG(s) 'example_branch_labels' retrieved from /home/huynguyen2741/airflow_venv/lib/python3.12/site-packages/airflow/example_dags/example_branch_labels.py
[2025-08-06T14:11:36.515-0400] {logging_mixin.py:190} INFO - [2025-08-06T14:11:36.515-0400] {dag.py:3239} INFO - Sync 1 DAGs
[2025-08-06T14:11:36.528-0400] {logging_mixin.py:190} INFO - [2025-08-06T14:11:36.528-0400] {dag.py:4180} INFO - Setting next_dagrun for example_branch_labels to 2025-08-05 00:00:00+00:00, run_after=2025-08-06 00:00:00+00:00
[2025-08-06T14:11:36.543-0400] {processor.py:208} INFO - Processing /home/huynguyen2741/airflow_venv/lib/python3.12/site-packages/airflow/example_dags/example_branch_labels.py took 0.054 seconds
[2025-08-06T14:12:41.327-0400] {processor.py:186} INFO - Started process (PID=21796) to work on /home/huynguyen2741/airflow_venv/lib/python3.12/site-packages/airflow/example_dags/example_branch_labels.py
[2025-08-06T14:12:41.331-0400] {processor.py:914} INFO - Processing file /home/huynguyen2741/airflow_venv/lib/python3.12/site-packages/airflow/example_dags/example_branch_labels.py for tasks to queue
[2025-08-06T14:12:41.332-0400] {logging_mixin.py:190} INFO - [2025-08-06T14:12:41.332-0400] {dagbag.py:588} INFO - Filling up the DagBag from /home/huynguyen2741/airflow_venv/lib/python3.12/site-packages/airflow/example_dags/example_branch_labels.py
[2025-08-06T14:12:41.339-0400] {processor.py:925} INFO - DAG(s) 'example_branch_labels' retrieved from /home/huynguyen2741/airflow_venv/lib/python3.12/site-packages/airflow/example_dags/example_branch_labels.py
[2025-08-06T14:12:41.350-0400] {logging_mixin.py:190} INFO - [2025-08-06T14:12:41.350-0400] {dag.py:3239} INFO - Sync 1 DAGs
[2025-08-06T14:12:41.364-0400] {logging_mixin.py:190} INFO - [2025-08-06T14:12:41.364-0400] {dag.py:4180} INFO - Setting next_dagrun for example_branch_labels to 2025-08-05 00:00:00+00:00, run_after=2025-08-06 00:00:00+00:00
[2025-08-06T14:12:41.380-0400] {processor.py:208} INFO - Processing /home/huynguyen2741/airflow_venv/lib/python3.12/site-packages/airflow/example_dags/example_branch_labels.py took 0.058 seconds
[2025-08-06T14:13:42.444-0400] {processor.py:186} INFO - Started process (PID=22244) to work on /home/huynguyen2741/airflow_venv/lib/python3.12/site-packages/airflow/example_dags/example_branch_labels.py
[2025-08-06T14:13:42.445-0400] {processor.py:914} INFO - Processing file /home/huynguyen2741/airflow_venv/lib/python3.12/site-packages/airflow/example_dags/example_branch_labels.py for tasks to queue
[2025-08-06T14:13:42.446-0400] {logging_mixin.py:190} INFO - [2025-08-06T14:13:42.446-0400] {dagbag.py:588} INFO - Filling up the DagBag from /home/huynguyen2741/airflow_venv/lib/python3.12/site-packages/airflow/example_dags/example_branch_labels.py
[2025-08-06T14:13:42.453-0400] {processor.py:925} INFO - DAG(s) 'example_branch_labels' retrieved from /home/huynguyen2741/airflow_venv/lib/python3.12/site-packages/airflow/example_dags/example_branch_labels.py
[2025-08-06T14:13:42.464-0400] {logging_mixin.py:190} INFO - [2025-08-06T14:13:42.464-0400] {dag.py:3239} INFO - Sync 1 DAGs
[2025-08-06T14:13:42.477-0400] {logging_mixin.py:190} INFO - [2025-08-06T14:13:42.477-0400] {dag.py:4180} INFO - Setting next_dagrun for example_branch_labels to 2025-08-05 00:00:00+00:00, run_after=2025-08-06 00:00:00+00:00
[2025-08-06T14:13:42.494-0400] {processor.py:208} INFO - Processing /home/huynguyen2741/airflow_venv/lib/python3.12/site-packages/airflow/example_dags/example_branch_labels.py took 0.054 seconds
[2025-08-06T14:14:52.210-0400] {processor.py:186} INFO - Started process (PID=22647) to work on /home/huynguyen2741/airflow_venv/lib/python3.12/site-packages/airflow/example_dags/example_branch_labels.py
[2025-08-06T14:14:52.211-0400] {processor.py:914} INFO - Processing file /home/huynguyen2741/airflow_venv/lib/python3.12/site-packages/airflow/example_dags/example_branch_labels.py for tasks to queue
[2025-08-06T14:14:52.212-0400] {logging_mixin.py:190} INFO - [2025-08-06T14:14:52.212-0400] {dagbag.py:588} INFO - Filling up the DagBag from /home/huynguyen2741/airflow_venv/lib/python3.12/site-packages/airflow/example_dags/example_branch_labels.py
[2025-08-06T14:14:52.221-0400] {processor.py:925} INFO - DAG(s) 'example_branch_labels' retrieved from /home/huynguyen2741/airflow_venv/lib/python3.12/site-packages/airflow/example_dags/example_branch_labels.py
[2025-08-06T14:14:52.237-0400] {logging_mixin.py:190} INFO - [2025-08-06T14:14:52.237-0400] {dag.py:3239} INFO - Sync 1 DAGs
[2025-08-06T14:14:52.255-0400] {logging_mixin.py:190} INFO - [2025-08-06T14:14:52.255-0400] {dag.py:4180} INFO - Setting next_dagrun for example_branch_labels to 2025-08-05 00:00:00+00:00, run_after=2025-08-06 00:00:00+00:00
[2025-08-06T14:14:52.274-0400] {processor.py:208} INFO - Processing /home/huynguyen2741/airflow_venv/lib/python3.12/site-packages/airflow/example_dags/example_branch_labels.py took 0.067 seconds
[2025-08-06T14:15:52.494-0400] {processor.py:186} INFO - Started process (PID=22995) to work on /home/huynguyen2741/airflow_venv/lib/python3.12/site-packages/airflow/example_dags/example_branch_labels.py
[2025-08-06T14:15:52.504-0400] {processor.py:914} INFO - Processing file /home/huynguyen2741/airflow_venv/lib/python3.12/site-packages/airflow/example_dags/example_branch_labels.py for tasks to queue
[2025-08-06T14:15:52.505-0400] {logging_mixin.py:190} INFO - [2025-08-06T14:15:52.505-0400] {dagbag.py:588} INFO - Filling up the DagBag from /home/huynguyen2741/airflow_venv/lib/python3.12/site-packages/airflow/example_dags/example_branch_labels.py
[2025-08-06T14:15:52.513-0400] {processor.py:925} INFO - DAG(s) 'example_branch_labels' retrieved from /home/huynguyen2741/airflow_venv/lib/python3.12/site-packages/airflow/example_dags/example_branch_labels.py
[2025-08-06T14:15:52.525-0400] {logging_mixin.py:190} INFO - [2025-08-06T14:15:52.525-0400] {dag.py:3239} INFO - Sync 1 DAGs
[2025-08-06T14:15:52.539-0400] {logging_mixin.py:190} INFO - [2025-08-06T14:15:52.539-0400] {dag.py:4180} INFO - Setting next_dagrun for example_branch_labels to 2025-08-05 00:00:00+00:00, run_after=2025-08-06 00:00:00+00:00
[2025-08-06T14:15:52.555-0400] {processor.py:208} INFO - Processing /home/huynguyen2741/airflow_venv/lib/python3.12/site-packages/airflow/example_dags/example_branch_labels.py took 0.065 seconds
[2025-08-06T14:16:57.426-0400] {processor.py:186} INFO - Started process (PID=23230) to work on /home/huynguyen2741/airflow_venv/lib/python3.12/site-packages/airflow/example_dags/example_branch_labels.py
[2025-08-06T14:16:57.427-0400] {processor.py:914} INFO - Processing file /home/huynguyen2741/airflow_venv/lib/python3.12/site-packages/airflow/example_dags/example_branch_labels.py for tasks to queue
[2025-08-06T14:16:57.428-0400] {logging_mixin.py:190} INFO - [2025-08-06T14:16:57.427-0400] {dagbag.py:588} INFO - Filling up the DagBag from /home/huynguyen2741/airflow_venv/lib/python3.12/site-packages/airflow/example_dags/example_branch_labels.py
[2025-08-06T14:16:57.435-0400] {processor.py:925} INFO - DAG(s) 'example_branch_labels' retrieved from /home/huynguyen2741/airflow_venv/lib/python3.12/site-packages/airflow/example_dags/example_branch_labels.py
[2025-08-06T14:16:57.449-0400] {logging_mixin.py:190} INFO - [2025-08-06T14:16:57.449-0400] {dag.py:3239} INFO - Sync 1 DAGs
[2025-08-06T14:16:57.463-0400] {logging_mixin.py:190} INFO - [2025-08-06T14:16:57.463-0400] {dag.py:4180} INFO - Setting next_dagrun for example_branch_labels to 2025-08-05 00:00:00+00:00, run_after=2025-08-06 00:00:00+00:00
[2025-08-06T14:16:57.481-0400] {processor.py:208} INFO - Processing /home/huynguyen2741/airflow_venv/lib/python3.12/site-packages/airflow/example_dags/example_branch_labels.py took 0.060 seconds
[2025-08-06T14:18:05.128-0400] {processor.py:186} INFO - Started process (PID=23476) to work on /home/huynguyen2741/airflow_venv/lib/python3.12/site-packages/airflow/example_dags/example_branch_labels.py
[2025-08-06T14:18:05.129-0400] {processor.py:914} INFO - Processing file /home/huynguyen2741/airflow_venv/lib/python3.12/site-packages/airflow/example_dags/example_branch_labels.py for tasks to queue
[2025-08-06T14:18:05.130-0400] {logging_mixin.py:190} INFO - [2025-08-06T14:18:05.129-0400] {dagbag.py:588} INFO - Filling up the DagBag from /home/huynguyen2741/airflow_venv/lib/python3.12/site-packages/airflow/example_dags/example_branch_labels.py
[2025-08-06T14:18:05.137-0400] {processor.py:925} INFO - DAG(s) 'example_branch_labels' retrieved from /home/huynguyen2741/airflow_venv/lib/python3.12/site-packages/airflow/example_dags/example_branch_labels.py
[2025-08-06T14:18:05.149-0400] {logging_mixin.py:190} INFO - [2025-08-06T14:18:05.149-0400] {dag.py:3239} INFO - Sync 1 DAGs
[2025-08-06T14:18:05.162-0400] {logging_mixin.py:190} INFO - [2025-08-06T14:18:05.162-0400] {dag.py:4180} INFO - Setting next_dagrun for example_branch_labels to 2025-08-05 00:00:00+00:00, run_after=2025-08-06 00:00:00+00:00
[2025-08-06T14:18:05.177-0400] {processor.py:208} INFO - Processing /home/huynguyen2741/airflow_venv/lib/python3.12/site-packages/airflow/example_dags/example_branch_labels.py took 0.055 seconds
[2025-08-06T14:19:08.377-0400] {processor.py:186} INFO - Started process (PID=23746) to work on /home/huynguyen2741/airflow_venv/lib/python3.12/site-packages/airflow/example_dags/example_branch_labels.py
[2025-08-06T14:19:08.381-0400] {processor.py:914} INFO - Processing file /home/huynguyen2741/airflow_venv/lib/python3.12/site-packages/airflow/example_dags/example_branch_labels.py for tasks to queue
[2025-08-06T14:19:08.382-0400] {logging_mixin.py:190} INFO - [2025-08-06T14:19:08.382-0400] {dagbag.py:588} INFO - Filling up the DagBag from /home/huynguyen2741/airflow_venv/lib/python3.12/site-packages/airflow/example_dags/example_branch_labels.py
[2025-08-06T14:19:08.390-0400] {processor.py:925} INFO - DAG(s) 'example_branch_labels' retrieved from /home/huynguyen2741/airflow_venv/lib/python3.12/site-packages/airflow/example_dags/example_branch_labels.py
[2025-08-06T14:19:08.407-0400] {logging_mixin.py:190} INFO - [2025-08-06T14:19:08.406-0400] {dag.py:3239} INFO - Sync 1 DAGs
[2025-08-06T14:19:08.424-0400] {logging_mixin.py:190} INFO - [2025-08-06T14:19:08.423-0400] {dag.py:4180} INFO - Setting next_dagrun for example_branch_labels to 2025-08-05 00:00:00+00:00, run_after=2025-08-06 00:00:00+00:00
[2025-08-06T14:19:12.023-0400] {processor.py:208} INFO - Processing /home/huynguyen2741/airflow_venv/lib/python3.12/site-packages/airflow/example_dags/example_branch_labels.py took 0.069 seconds
[2025-08-06T14:20:12.984-0400] {processor.py:186} INFO - Started process (PID=23974) to work on /home/huynguyen2741/airflow_venv/lib/python3.12/site-packages/airflow/example_dags/example_branch_labels.py
[2025-08-06T14:20:12.985-0400] {processor.py:914} INFO - Processing file /home/huynguyen2741/airflow_venv/lib/python3.12/site-packages/airflow/example_dags/example_branch_labels.py for tasks to queue
[2025-08-06T14:20:12.986-0400] {logging_mixin.py:190} INFO - [2025-08-06T14:20:12.986-0400] {dagbag.py:588} INFO - Filling up the DagBag from /home/huynguyen2741/airflow_venv/lib/python3.12/site-packages/airflow/example_dags/example_branch_labels.py
[2025-08-06T14:20:12.996-0400] {processor.py:925} INFO - DAG(s) 'example_branch_labels' retrieved from /home/huynguyen2741/airflow_venv/lib/python3.12/site-packages/airflow/example_dags/example_branch_labels.py
[2025-08-06T14:20:13.013-0400] {logging_mixin.py:190} INFO - [2025-08-06T14:20:13.012-0400] {dag.py:3239} INFO - Sync 1 DAGs
[2025-08-06T14:20:13.034-0400] {logging_mixin.py:190} INFO - [2025-08-06T14:20:13.034-0400] {dag.py:4180} INFO - Setting next_dagrun for example_branch_labels to 2025-08-05 00:00:00+00:00, run_after=2025-08-06 00:00:00+00:00
[2025-08-06T14:20:13.061-0400] {processor.py:208} INFO - Processing /home/huynguyen2741/airflow_venv/lib/python3.12/site-packages/airflow/example_dags/example_branch_labels.py took 0.083 seconds
[2025-08-06T14:21:18.578-0400] {processor.py:186} INFO - Started process (PID=24207) to work on /home/huynguyen2741/airflow_venv/lib/python3.12/site-packages/airflow/example_dags/example_branch_labels.py
[2025-08-06T14:21:18.588-0400] {processor.py:914} INFO - Processing file /home/huynguyen2741/airflow_venv/lib/python3.12/site-packages/airflow/example_dags/example_branch_labels.py for tasks to queue
[2025-08-06T14:21:18.589-0400] {logging_mixin.py:190} INFO - [2025-08-06T14:21:18.589-0400] {dagbag.py:588} INFO - Filling up the DagBag from /home/huynguyen2741/airflow_venv/lib/python3.12/site-packages/airflow/example_dags/example_branch_labels.py
[2025-08-06T14:21:18.597-0400] {processor.py:925} INFO - DAG(s) 'example_branch_labels' retrieved from /home/huynguyen2741/airflow_venv/lib/python3.12/site-packages/airflow/example_dags/example_branch_labels.py
[2025-08-06T14:21:18.613-0400] {logging_mixin.py:190} INFO - [2025-08-06T14:21:18.613-0400] {dag.py:3239} INFO - Sync 1 DAGs
[2025-08-06T14:21:18.629-0400] {logging_mixin.py:190} INFO - [2025-08-06T14:21:18.629-0400] {dag.py:4180} INFO - Setting next_dagrun for example_branch_labels to 2025-08-05 00:00:00+00:00, run_after=2025-08-06 00:00:00+00:00
[2025-08-06T14:21:18.647-0400] {processor.py:208} INFO - Processing /home/huynguyen2741/airflow_venv/lib/python3.12/site-packages/airflow/example_dags/example_branch_labels.py took 0.073 seconds
[2025-08-06T14:22:26.340-0400] {processor.py:186} INFO - Started process (PID=24542) to work on /home/huynguyen2741/airflow_venv/lib/python3.12/site-packages/airflow/example_dags/example_branch_labels.py
[2025-08-06T14:22:26.344-0400] {processor.py:914} INFO - Processing file /home/huynguyen2741/airflow_venv/lib/python3.12/site-packages/airflow/example_dags/example_branch_labels.py for tasks to queue
[2025-08-06T14:22:26.345-0400] {logging_mixin.py:190} INFO - [2025-08-06T14:22:26.344-0400] {dagbag.py:588} INFO - Filling up the DagBag from /home/huynguyen2741/airflow_venv/lib/python3.12/site-packages/airflow/example_dags/example_branch_labels.py
[2025-08-06T14:22:26.352-0400] {processor.py:925} INFO - DAG(s) 'example_branch_labels' retrieved from /home/huynguyen2741/airflow_venv/lib/python3.12/site-packages/airflow/example_dags/example_branch_labels.py
[2025-08-06T14:22:26.363-0400] {logging_mixin.py:190} INFO - [2025-08-06T14:22:26.363-0400] {dag.py:3239} INFO - Sync 1 DAGs
[2025-08-06T14:22:26.375-0400] {logging_mixin.py:190} INFO - [2025-08-06T14:22:26.375-0400] {dag.py:4180} INFO - Setting next_dagrun for example_branch_labels to 2025-08-05 00:00:00+00:00, run_after=2025-08-06 00:00:00+00:00
[2025-08-06T14:22:26.389-0400] {processor.py:208} INFO - Processing /home/huynguyen2741/airflow_venv/lib/python3.12/site-packages/airflow/example_dags/example_branch_labels.py took 0.054 seconds
[2025-08-06T14:23:30.952-0400] {processor.py:186} INFO - Started process (PID=25023) to work on /home/huynguyen2741/airflow_venv/lib/python3.12/site-packages/airflow/example_dags/example_branch_labels.py
[2025-08-06T14:23:30.953-0400] {processor.py:914} INFO - Processing file /home/huynguyen2741/airflow_venv/lib/python3.12/site-packages/airflow/example_dags/example_branch_labels.py for tasks to queue
[2025-08-06T14:23:30.955-0400] {logging_mixin.py:190} INFO - [2025-08-06T14:23:30.955-0400] {dagbag.py:588} INFO - Filling up the DagBag from /home/huynguyen2741/airflow_venv/lib/python3.12/site-packages/airflow/example_dags/example_branch_labels.py
[2025-08-06T14:23:30.965-0400] {processor.py:925} INFO - DAG(s) 'example_branch_labels' retrieved from /home/huynguyen2741/airflow_venv/lib/python3.12/site-packages/airflow/example_dags/example_branch_labels.py
[2025-08-06T14:23:30.981-0400] {logging_mixin.py:190} INFO - [2025-08-06T14:23:30.981-0400] {dag.py:3239} INFO - Sync 1 DAGs
[2025-08-06T14:23:30.998-0400] {logging_mixin.py:190} INFO - [2025-08-06T14:23:30.998-0400] {dag.py:4180} INFO - Setting next_dagrun for example_branch_labels to 2025-08-05 00:00:00+00:00, run_after=2025-08-06 00:00:00+00:00
[2025-08-06T14:23:31.017-0400] {processor.py:208} INFO - Processing /home/huynguyen2741/airflow_venv/lib/python3.12/site-packages/airflow/example_dags/example_branch_labels.py took 0.072 seconds
[2025-08-06T14:24:35.226-0400] {processor.py:186} INFO - Started process (PID=25305) to work on /home/huynguyen2741/airflow_venv/lib/python3.12/site-packages/airflow/example_dags/example_branch_labels.py
[2025-08-06T14:24:35.230-0400] {processor.py:914} INFO - Processing file /home/huynguyen2741/airflow_venv/lib/python3.12/site-packages/airflow/example_dags/example_branch_labels.py for tasks to queue
[2025-08-06T14:24:35.232-0400] {logging_mixin.py:190} INFO - [2025-08-06T14:24:35.231-0400] {dagbag.py:588} INFO - Filling up the DagBag from /home/huynguyen2741/airflow_venv/lib/python3.12/site-packages/airflow/example_dags/example_branch_labels.py
[2025-08-06T14:24:35.248-0400] {processor.py:925} INFO - DAG(s) 'example_branch_labels' retrieved from /home/huynguyen2741/airflow_venv/lib/python3.12/site-packages/airflow/example_dags/example_branch_labels.py
[2025-08-06T14:24:35.263-0400] {logging_mixin.py:190} INFO - [2025-08-06T14:24:35.263-0400] {dag.py:3239} INFO - Sync 1 DAGs
[2025-08-06T14:24:35.283-0400] {logging_mixin.py:190} INFO - [2025-08-06T14:24:35.282-0400] {dag.py:4180} INFO - Setting next_dagrun for example_branch_labels to 2025-08-05 00:00:00+00:00, run_after=2025-08-06 00:00:00+00:00
[2025-08-06T14:24:35.304-0400] {processor.py:208} INFO - Processing /home/huynguyen2741/airflow_venv/lib/python3.12/site-packages/airflow/example_dags/example_branch_labels.py took 0.084 seconds
[2025-08-06T14:25:38.228-0400] {processor.py:186} INFO - Started process (PID=25650) to work on /home/huynguyen2741/airflow_venv/lib/python3.12/site-packages/airflow/example_dags/example_branch_labels.py
[2025-08-06T14:25:38.229-0400] {processor.py:914} INFO - Processing file /home/huynguyen2741/airflow_venv/lib/python3.12/site-packages/airflow/example_dags/example_branch_labels.py for tasks to queue
[2025-08-06T14:25:38.230-0400] {logging_mixin.py:190} INFO - [2025-08-06T14:25:38.230-0400] {dagbag.py:588} INFO - Filling up the DagBag from /home/huynguyen2741/airflow_venv/lib/python3.12/site-packages/airflow/example_dags/example_branch_labels.py
[2025-08-06T14:25:38.238-0400] {processor.py:925} INFO - DAG(s) 'example_branch_labels' retrieved from /home/huynguyen2741/airflow_venv/lib/python3.12/site-packages/airflow/example_dags/example_branch_labels.py
[2025-08-06T14:25:38.250-0400] {logging_mixin.py:190} INFO - [2025-08-06T14:25:38.250-0400] {dag.py:3239} INFO - Sync 1 DAGs
[2025-08-06T14:25:38.265-0400] {logging_mixin.py:190} INFO - [2025-08-06T14:25:38.265-0400] {dag.py:4180} INFO - Setting next_dagrun for example_branch_labels to 2025-08-05 00:00:00+00:00, run_after=2025-08-06 00:00:00+00:00
[2025-08-06T14:25:38.280-0400] {processor.py:208} INFO - Processing /home/huynguyen2741/airflow_venv/lib/python3.12/site-packages/airflow/example_dags/example_branch_labels.py took 0.057 seconds
[2025-08-06T14:26:40.288-0400] {processor.py:186} INFO - Started process (PID=25879) to work on /home/huynguyen2741/airflow_venv/lib/python3.12/site-packages/airflow/example_dags/example_branch_labels.py
[2025-08-06T14:26:40.293-0400] {processor.py:914} INFO - Processing file /home/huynguyen2741/airflow_venv/lib/python3.12/site-packages/airflow/example_dags/example_branch_labels.py for tasks to queue
[2025-08-06T14:26:40.294-0400] {logging_mixin.py:190} INFO - [2025-08-06T14:26:40.294-0400] {dagbag.py:588} INFO - Filling up the DagBag from /home/huynguyen2741/airflow_venv/lib/python3.12/site-packages/airflow/example_dags/example_branch_labels.py
[2025-08-06T14:26:40.301-0400] {processor.py:925} INFO - DAG(s) 'example_branch_labels' retrieved from /home/huynguyen2741/airflow_venv/lib/python3.12/site-packages/airflow/example_dags/example_branch_labels.py
[2025-08-06T14:26:40.313-0400] {logging_mixin.py:190} INFO - [2025-08-06T14:26:40.313-0400] {dag.py:3239} INFO - Sync 1 DAGs
[2025-08-06T14:26:40.328-0400] {logging_mixin.py:190} INFO - [2025-08-06T14:26:40.328-0400] {dag.py:4180} INFO - Setting next_dagrun for example_branch_labels to 2025-08-05 00:00:00+00:00, run_after=2025-08-06 00:00:00+00:00
[2025-08-06T14:26:40.346-0400] {processor.py:208} INFO - Processing /home/huynguyen2741/airflow_venv/lib/python3.12/site-packages/airflow/example_dags/example_branch_labels.py took 0.063 seconds
[2025-08-06T14:27:47.857-0400] {processor.py:186} INFO - Started process (PID=26172) to work on /home/huynguyen2741/airflow_venv/lib/python3.12/site-packages/airflow/example_dags/example_branch_labels.py
[2025-08-06T14:27:47.858-0400] {processor.py:914} INFO - Processing file /home/huynguyen2741/airflow_venv/lib/python3.12/site-packages/airflow/example_dags/example_branch_labels.py for tasks to queue
[2025-08-06T14:27:47.859-0400] {logging_mixin.py:190} INFO - [2025-08-06T14:27:47.859-0400] {dagbag.py:588} INFO - Filling up the DagBag from /home/huynguyen2741/airflow_venv/lib/python3.12/site-packages/airflow/example_dags/example_branch_labels.py
[2025-08-06T14:27:47.866-0400] {processor.py:925} INFO - DAG(s) 'example_branch_labels' retrieved from /home/huynguyen2741/airflow_venv/lib/python3.12/site-packages/airflow/example_dags/example_branch_labels.py
[2025-08-06T14:27:47.878-0400] {logging_mixin.py:190} INFO - [2025-08-06T14:27:47.878-0400] {dag.py:3239} INFO - Sync 1 DAGs
[2025-08-06T14:27:47.892-0400] {logging_mixin.py:190} INFO - [2025-08-06T14:27:47.892-0400] {dag.py:4180} INFO - Setting next_dagrun for example_branch_labels to 2025-08-05 00:00:00+00:00, run_after=2025-08-06 00:00:00+00:00
[2025-08-06T14:27:47.907-0400] {processor.py:208} INFO - Processing /home/huynguyen2741/airflow_venv/lib/python3.12/site-packages/airflow/example_dags/example_branch_labels.py took 0.055 seconds
[2025-08-06T14:28:55.425-0400] {processor.py:186} INFO - Started process (PID=26464) to work on /home/huynguyen2741/airflow_venv/lib/python3.12/site-packages/airflow/example_dags/example_branch_labels.py
[2025-08-06T14:28:55.429-0400] {processor.py:914} INFO - Processing file /home/huynguyen2741/airflow_venv/lib/python3.12/site-packages/airflow/example_dags/example_branch_labels.py for tasks to queue
[2025-08-06T14:28:55.430-0400] {logging_mixin.py:190} INFO - [2025-08-06T14:28:55.430-0400] {dagbag.py:588} INFO - Filling up the DagBag from /home/huynguyen2741/airflow_venv/lib/python3.12/site-packages/airflow/example_dags/example_branch_labels.py
[2025-08-06T14:28:55.437-0400] {processor.py:925} INFO - DAG(s) 'example_branch_labels' retrieved from /home/huynguyen2741/airflow_venv/lib/python3.12/site-packages/airflow/example_dags/example_branch_labels.py
[2025-08-06T14:28:55.449-0400] {logging_mixin.py:190} INFO - [2025-08-06T14:28:55.449-0400] {dag.py:3239} INFO - Sync 1 DAGs
[2025-08-06T14:28:55.462-0400] {logging_mixin.py:190} INFO - [2025-08-06T14:28:55.462-0400] {dag.py:4180} INFO - Setting next_dagrun for example_branch_labels to 2025-08-05 00:00:00+00:00, run_after=2025-08-06 00:00:00+00:00
[2025-08-06T14:28:55.478-0400] {processor.py:208} INFO - Processing /home/huynguyen2741/airflow_venv/lib/python3.12/site-packages/airflow/example_dags/example_branch_labels.py took 0.058 seconds
[2025-08-06T14:30:00.566-0400] {processor.py:186} INFO - Started process (PID=26727) to work on /home/huynguyen2741/airflow_venv/lib/python3.12/site-packages/airflow/example_dags/example_branch_labels.py
[2025-08-06T14:30:00.571-0400] {processor.py:914} INFO - Processing file /home/huynguyen2741/airflow_venv/lib/python3.12/site-packages/airflow/example_dags/example_branch_labels.py for tasks to queue
[2025-08-06T14:30:00.572-0400] {logging_mixin.py:190} INFO - [2025-08-06T14:30:00.572-0400] {dagbag.py:588} INFO - Filling up the DagBag from /home/huynguyen2741/airflow_venv/lib/python3.12/site-packages/airflow/example_dags/example_branch_labels.py
[2025-08-06T14:30:00.579-0400] {processor.py:925} INFO - DAG(s) 'example_branch_labels' retrieved from /home/huynguyen2741/airflow_venv/lib/python3.12/site-packages/airflow/example_dags/example_branch_labels.py
[2025-08-06T14:30:00.590-0400] {logging_mixin.py:190} INFO - [2025-08-06T14:30:00.590-0400] {dag.py:3239} INFO - Sync 1 DAGs
[2025-08-06T14:30:00.602-0400] {logging_mixin.py:190} INFO - [2025-08-06T14:30:00.602-0400] {dag.py:4180} INFO - Setting next_dagrun for example_branch_labels to 2025-08-05 00:00:00+00:00, run_after=2025-08-06 00:00:00+00:00
[2025-08-06T14:30:00.616-0400] {processor.py:208} INFO - Processing /home/huynguyen2741/airflow_venv/lib/python3.12/site-packages/airflow/example_dags/example_branch_labels.py took 0.055 seconds
[2025-08-06T14:31:18.764-0400] {processor.py:186} INFO - Started process (PID=27166) to work on /home/huynguyen2741/airflow_venv/lib/python3.12/site-packages/airflow/example_dags/example_branch_labels.py
[2025-08-06T14:31:18.765-0400] {processor.py:914} INFO - Processing file /home/huynguyen2741/airflow_venv/lib/python3.12/site-packages/airflow/example_dags/example_branch_labels.py for tasks to queue
[2025-08-06T14:31:18.766-0400] {logging_mixin.py:190} INFO - [2025-08-06T14:31:18.766-0400] {dagbag.py:588} INFO - Filling up the DagBag from /home/huynguyen2741/airflow_venv/lib/python3.12/site-packages/airflow/example_dags/example_branch_labels.py
[2025-08-06T14:31:18.774-0400] {processor.py:925} INFO - DAG(s) 'example_branch_labels' retrieved from /home/huynguyen2741/airflow_venv/lib/python3.12/site-packages/airflow/example_dags/example_branch_labels.py
[2025-08-06T14:31:18.787-0400] {logging_mixin.py:190} INFO - [2025-08-06T14:31:18.786-0400] {dag.py:3239} INFO - Sync 1 DAGs
[2025-08-06T14:31:18.802-0400] {logging_mixin.py:190} INFO - [2025-08-06T14:31:18.802-0400] {dag.py:4180} INFO - Setting next_dagrun for example_branch_labels to 2025-08-05 00:00:00+00:00, run_after=2025-08-06 00:00:00+00:00
[2025-08-06T14:31:18.820-0400] {processor.py:208} INFO - Processing /home/huynguyen2741/airflow_venv/lib/python3.12/site-packages/airflow/example_dags/example_branch_labels.py took 0.061 seconds
[2025-08-06T14:32:28.021-0400] {processor.py:186} INFO - Started process (PID=27418) to work on /home/huynguyen2741/airflow_venv/lib/python3.12/site-packages/airflow/example_dags/example_branch_labels.py
[2025-08-06T14:32:28.022-0400] {processor.py:914} INFO - Processing file /home/huynguyen2741/airflow_venv/lib/python3.12/site-packages/airflow/example_dags/example_branch_labels.py for tasks to queue
[2025-08-06T14:32:28.023-0400] {logging_mixin.py:190} INFO - [2025-08-06T14:32:28.023-0400] {dagbag.py:588} INFO - Filling up the DagBag from /home/huynguyen2741/airflow_venv/lib/python3.12/site-packages/airflow/example_dags/example_branch_labels.py
[2025-08-06T14:32:28.030-0400] {processor.py:925} INFO - DAG(s) 'example_branch_labels' retrieved from /home/huynguyen2741/airflow_venv/lib/python3.12/site-packages/airflow/example_dags/example_branch_labels.py
[2025-08-06T14:32:28.042-0400] {logging_mixin.py:190} INFO - [2025-08-06T14:32:28.042-0400] {dag.py:3239} INFO - Sync 1 DAGs
[2025-08-06T14:32:28.054-0400] {logging_mixin.py:190} INFO - [2025-08-06T14:32:28.054-0400] {dag.py:4180} INFO - Setting next_dagrun for example_branch_labels to 2025-08-05 00:00:00+00:00, run_after=2025-08-06 00:00:00+00:00
[2025-08-06T14:32:28.071-0400] {processor.py:208} INFO - Processing /home/huynguyen2741/airflow_venv/lib/python3.12/site-packages/airflow/example_dags/example_branch_labels.py took 0.055 seconds
[2025-08-06T14:33:37.931-0400] {processor.py:186} INFO - Started process (PID=27742) to work on /home/huynguyen2741/airflow_venv/lib/python3.12/site-packages/airflow/example_dags/example_branch_labels.py
[2025-08-06T14:33:37.936-0400] {processor.py:914} INFO - Processing file /home/huynguyen2741/airflow_venv/lib/python3.12/site-packages/airflow/example_dags/example_branch_labels.py for tasks to queue
[2025-08-06T14:33:37.937-0400] {logging_mixin.py:190} INFO - [2025-08-06T14:33:37.937-0400] {dagbag.py:588} INFO - Filling up the DagBag from /home/huynguyen2741/airflow_venv/lib/python3.12/site-packages/airflow/example_dags/example_branch_labels.py
[2025-08-06T14:33:37.945-0400] {processor.py:925} INFO - DAG(s) 'example_branch_labels' retrieved from /home/huynguyen2741/airflow_venv/lib/python3.12/site-packages/airflow/example_dags/example_branch_labels.py
[2025-08-06T14:33:37.956-0400] {logging_mixin.py:190} INFO - [2025-08-06T14:33:37.956-0400] {dag.py:3239} INFO - Sync 1 DAGs
[2025-08-06T14:33:37.969-0400] {logging_mixin.py:190} INFO - [2025-08-06T14:33:37.968-0400] {dag.py:4180} INFO - Setting next_dagrun for example_branch_labels to 2025-08-05 00:00:00+00:00, run_after=2025-08-06 00:00:00+00:00
[2025-08-06T14:33:37.984-0400] {processor.py:208} INFO - Processing /home/huynguyen2741/airflow_venv/lib/python3.12/site-packages/airflow/example_dags/example_branch_labels.py took 0.058 seconds
[2025-08-06T14:35:31.469-0400] {processor.py:186} INFO - Started process (PID=28365) to work on /home/huynguyen2741/airflow_venv/lib/python3.12/site-packages/airflow/example_dags/example_branch_labels.py
[2025-08-06T14:35:31.471-0400] {processor.py:914} INFO - Processing file /home/huynguyen2741/airflow_venv/lib/python3.12/site-packages/airflow/example_dags/example_branch_labels.py for tasks to queue
[2025-08-06T14:35:31.472-0400] {logging_mixin.py:190} INFO - [2025-08-06T14:35:31.472-0400] {dagbag.py:588} INFO - Filling up the DagBag from /home/huynguyen2741/airflow_venv/lib/python3.12/site-packages/airflow/example_dags/example_branch_labels.py
[2025-08-06T14:35:31.481-0400] {processor.py:925} INFO - DAG(s) 'example_branch_labels' retrieved from /home/huynguyen2741/airflow_venv/lib/python3.12/site-packages/airflow/example_dags/example_branch_labels.py
[2025-08-06T14:35:31.494-0400] {logging_mixin.py:190} INFO - [2025-08-06T14:35:31.494-0400] {dag.py:3239} INFO - Sync 1 DAGs
[2025-08-06T14:35:31.509-0400] {logging_mixin.py:190} INFO - [2025-08-06T14:35:31.509-0400] {dag.py:4180} INFO - Setting next_dagrun for example_branch_labels to 2025-08-05 00:00:00+00:00, run_after=2025-08-06 00:00:00+00:00
[2025-08-06T14:35:31.526-0400] {processor.py:208} INFO - Processing /home/huynguyen2741/airflow_venv/lib/python3.12/site-packages/airflow/example_dags/example_branch_labels.py took 0.062 seconds
[2025-08-06T14:36:37.022-0400] {processor.py:186} INFO - Started process (PID=28629) to work on /home/huynguyen2741/airflow_venv/lib/python3.12/site-packages/airflow/example_dags/example_branch_labels.py
[2025-08-06T14:36:37.027-0400] {processor.py:914} INFO - Processing file /home/huynguyen2741/airflow_venv/lib/python3.12/site-packages/airflow/example_dags/example_branch_labels.py for tasks to queue
[2025-08-06T14:36:37.028-0400] {logging_mixin.py:190} INFO - [2025-08-06T14:36:37.027-0400] {dagbag.py:588} INFO - Filling up the DagBag from /home/huynguyen2741/airflow_venv/lib/python3.12/site-packages/airflow/example_dags/example_branch_labels.py
[2025-08-06T14:36:37.036-0400] {processor.py:925} INFO - DAG(s) 'example_branch_labels' retrieved from /home/huynguyen2741/airflow_venv/lib/python3.12/site-packages/airflow/example_dags/example_branch_labels.py
[2025-08-06T14:36:37.048-0400] {logging_mixin.py:190} INFO - [2025-08-06T14:36:37.048-0400] {dag.py:3239} INFO - Sync 1 DAGs
[2025-08-06T14:36:37.062-0400] {logging_mixin.py:190} INFO - [2025-08-06T14:36:37.062-0400] {dag.py:4180} INFO - Setting next_dagrun for example_branch_labels to 2025-08-05 00:00:00+00:00, run_after=2025-08-06 00:00:00+00:00
[2025-08-06T14:36:37.079-0400] {processor.py:208} INFO - Processing /home/huynguyen2741/airflow_venv/lib/python3.12/site-packages/airflow/example_dags/example_branch_labels.py took 0.062 seconds
[2025-08-06T14:37:39.191-0400] {processor.py:186} INFO - Started process (PID=28877) to work on /home/huynguyen2741/airflow_venv/lib/python3.12/site-packages/airflow/example_dags/example_branch_labels.py
[2025-08-06T14:37:39.202-0400] {processor.py:914} INFO - Processing file /home/huynguyen2741/airflow_venv/lib/python3.12/site-packages/airflow/example_dags/example_branch_labels.py for tasks to queue
[2025-08-06T14:37:39.203-0400] {logging_mixin.py:190} INFO - [2025-08-06T14:37:39.203-0400] {dagbag.py:588} INFO - Filling up the DagBag from /home/huynguyen2741/airflow_venv/lib/python3.12/site-packages/airflow/example_dags/example_branch_labels.py
[2025-08-06T14:37:39.210-0400] {processor.py:925} INFO - DAG(s) 'example_branch_labels' retrieved from /home/huynguyen2741/airflow_venv/lib/python3.12/site-packages/airflow/example_dags/example_branch_labels.py
[2025-08-06T14:37:39.221-0400] {logging_mixin.py:190} INFO - [2025-08-06T14:37:39.221-0400] {dag.py:3239} INFO - Sync 1 DAGs
[2025-08-06T14:37:39.235-0400] {logging_mixin.py:190} INFO - [2025-08-06T14:37:39.235-0400] {dag.py:4180} INFO - Setting next_dagrun for example_branch_labels to 2025-08-05 00:00:00+00:00, run_after=2025-08-06 00:00:00+00:00
[2025-08-06T14:37:42.833-0400] {processor.py:208} INFO - Processing /home/huynguyen2741/airflow_venv/lib/python3.12/site-packages/airflow/example_dags/example_branch_labels.py took 0.064 seconds
[2025-08-06T14:38:47.241-0400] {processor.py:186} INFO - Started process (PID=29176) to work on /home/huynguyen2741/airflow_venv/lib/python3.12/site-packages/airflow/example_dags/example_branch_labels.py
[2025-08-06T14:38:47.242-0400] {processor.py:914} INFO - Processing file /home/huynguyen2741/airflow_venv/lib/python3.12/site-packages/airflow/example_dags/example_branch_labels.py for tasks to queue
[2025-08-06T14:38:47.244-0400] {logging_mixin.py:190} INFO - [2025-08-06T14:38:47.243-0400] {dagbag.py:588} INFO - Filling up the DagBag from /home/huynguyen2741/airflow_venv/lib/python3.12/site-packages/airflow/example_dags/example_branch_labels.py
[2025-08-06T14:38:47.252-0400] {processor.py:925} INFO - DAG(s) 'example_branch_labels' retrieved from /home/huynguyen2741/airflow_venv/lib/python3.12/site-packages/airflow/example_dags/example_branch_labels.py
[2025-08-06T14:38:47.268-0400] {logging_mixin.py:190} INFO - [2025-08-06T14:38:47.267-0400] {dag.py:3239} INFO - Sync 1 DAGs
[2025-08-06T14:38:47.286-0400] {logging_mixin.py:190} INFO - [2025-08-06T14:38:47.286-0400] {dag.py:4180} INFO - Setting next_dagrun for example_branch_labels to 2025-08-05 00:00:00+00:00, run_after=2025-08-06 00:00:00+00:00
[2025-08-06T14:38:47.304-0400] {processor.py:208} INFO - Processing /home/huynguyen2741/airflow_venv/lib/python3.12/site-packages/airflow/example_dags/example_branch_labels.py took 0.067 seconds
[2025-08-06T14:39:54.175-0400] {processor.py:186} INFO - Started process (PID=29413) to work on /home/huynguyen2741/airflow_venv/lib/python3.12/site-packages/airflow/example_dags/example_branch_labels.py
[2025-08-06T14:39:54.179-0400] {processor.py:914} INFO - Processing file /home/huynguyen2741/airflow_venv/lib/python3.12/site-packages/airflow/example_dags/example_branch_labels.py for tasks to queue
[2025-08-06T14:39:54.181-0400] {logging_mixin.py:190} INFO - [2025-08-06T14:39:54.180-0400] {dagbag.py:588} INFO - Filling up the DagBag from /home/huynguyen2741/airflow_venv/lib/python3.12/site-packages/airflow/example_dags/example_branch_labels.py
[2025-08-06T14:39:54.188-0400] {processor.py:925} INFO - DAG(s) 'example_branch_labels' retrieved from /home/huynguyen2741/airflow_venv/lib/python3.12/site-packages/airflow/example_dags/example_branch_labels.py
[2025-08-06T14:39:54.199-0400] {logging_mixin.py:190} INFO - [2025-08-06T14:39:54.199-0400] {dag.py:3239} INFO - Sync 1 DAGs
[2025-08-06T14:39:54.212-0400] {logging_mixin.py:190} INFO - [2025-08-06T14:39:54.211-0400] {dag.py:4180} INFO - Setting next_dagrun for example_branch_labels to 2025-08-05 00:00:00+00:00, run_after=2025-08-06 00:00:00+00:00
[2025-08-06T14:39:54.226-0400] {processor.py:208} INFO - Processing /home/huynguyen2741/airflow_venv/lib/python3.12/site-packages/airflow/example_dags/example_branch_labels.py took 0.057 seconds
[2025-08-06T14:41:00.895-0400] {processor.py:186} INFO - Started process (PID=29647) to work on /home/huynguyen2741/airflow_venv/lib/python3.12/site-packages/airflow/example_dags/example_branch_labels.py
[2025-08-06T14:41:00.900-0400] {processor.py:914} INFO - Processing file /home/huynguyen2741/airflow_venv/lib/python3.12/site-packages/airflow/example_dags/example_branch_labels.py for tasks to queue
[2025-08-06T14:41:00.901-0400] {logging_mixin.py:190} INFO - [2025-08-06T14:41:00.900-0400] {dagbag.py:588} INFO - Filling up the DagBag from /home/huynguyen2741/airflow_venv/lib/python3.12/site-packages/airflow/example_dags/example_branch_labels.py
[2025-08-06T14:41:00.908-0400] {processor.py:925} INFO - DAG(s) 'example_branch_labels' retrieved from /home/huynguyen2741/airflow_venv/lib/python3.12/site-packages/airflow/example_dags/example_branch_labels.py
[2025-08-06T14:41:00.919-0400] {logging_mixin.py:190} INFO - [2025-08-06T14:41:00.919-0400] {dag.py:3239} INFO - Sync 1 DAGs
[2025-08-06T14:41:00.932-0400] {logging_mixin.py:190} INFO - [2025-08-06T14:41:00.932-0400] {dag.py:4180} INFO - Setting next_dagrun for example_branch_labels to 2025-08-05 00:00:00+00:00, run_after=2025-08-06 00:00:00+00:00
[2025-08-06T14:41:00.947-0400] {processor.py:208} INFO - Processing /home/huynguyen2741/airflow_venv/lib/python3.12/site-packages/airflow/example_dags/example_branch_labels.py took 0.057 seconds
[2025-08-06T14:42:06.359-0400] {processor.py:186} INFO - Started process (PID=29932) to work on /home/huynguyen2741/airflow_venv/lib/python3.12/site-packages/airflow/example_dags/example_branch_labels.py
[2025-08-06T14:42:06.363-0400] {processor.py:914} INFO - Processing file /home/huynguyen2741/airflow_venv/lib/python3.12/site-packages/airflow/example_dags/example_branch_labels.py for tasks to queue
[2025-08-06T14:42:06.365-0400] {logging_mixin.py:190} INFO - [2025-08-06T14:42:06.364-0400] {dagbag.py:588} INFO - Filling up the DagBag from /home/huynguyen2741/airflow_venv/lib/python3.12/site-packages/airflow/example_dags/example_branch_labels.py
[2025-08-06T14:42:06.372-0400] {processor.py:925} INFO - DAG(s) 'example_branch_labels' retrieved from /home/huynguyen2741/airflow_venv/lib/python3.12/site-packages/airflow/example_dags/example_branch_labels.py
[2025-08-06T14:42:06.385-0400] {logging_mixin.py:190} INFO - [2025-08-06T14:42:06.385-0400] {dag.py:3239} INFO - Sync 1 DAGs
[2025-08-06T14:42:06.400-0400] {logging_mixin.py:190} INFO - [2025-08-06T14:42:06.400-0400] {dag.py:4180} INFO - Setting next_dagrun for example_branch_labels to 2025-08-05 00:00:00+00:00, run_after=2025-08-06 00:00:00+00:00
[2025-08-06T14:42:06.417-0400] {processor.py:208} INFO - Processing /home/huynguyen2741/airflow_venv/lib/python3.12/site-packages/airflow/example_dags/example_branch_labels.py took 0.063 seconds
[2025-08-06T14:43:08.678-0400] {processor.py:186} INFO - Started process (PID=30167) to work on /home/huynguyen2741/airflow_venv/lib/python3.12/site-packages/airflow/example_dags/example_branch_labels.py
[2025-08-06T14:43:08.679-0400] {processor.py:914} INFO - Processing file /home/huynguyen2741/airflow_venv/lib/python3.12/site-packages/airflow/example_dags/example_branch_labels.py for tasks to queue
[2025-08-06T14:43:08.680-0400] {logging_mixin.py:190} INFO - [2025-08-06T14:43:08.680-0400] {dagbag.py:588} INFO - Filling up the DagBag from /home/huynguyen2741/airflow_venv/lib/python3.12/site-packages/airflow/example_dags/example_branch_labels.py
[2025-08-06T14:43:08.687-0400] {processor.py:925} INFO - DAG(s) 'example_branch_labels' retrieved from /home/huynguyen2741/airflow_venv/lib/python3.12/site-packages/airflow/example_dags/example_branch_labels.py
[2025-08-06T14:43:08.699-0400] {logging_mixin.py:190} INFO - [2025-08-06T14:43:08.699-0400] {dag.py:3239} INFO - Sync 1 DAGs
[2025-08-06T14:43:08.711-0400] {logging_mixin.py:190} INFO - [2025-08-06T14:43:08.711-0400] {dag.py:4180} INFO - Setting next_dagrun for example_branch_labels to 2025-08-05 00:00:00+00:00, run_after=2025-08-06 00:00:00+00:00
[2025-08-06T14:43:08.726-0400] {processor.py:208} INFO - Processing /home/huynguyen2741/airflow_venv/lib/python3.12/site-packages/airflow/example_dags/example_branch_labels.py took 0.054 seconds
[2025-08-06T14:44:16.208-0400] {processor.py:186} INFO - Started process (PID=30431) to work on /home/huynguyen2741/airflow_venv/lib/python3.12/site-packages/airflow/example_dags/example_branch_labels.py
[2025-08-06T14:44:16.209-0400] {processor.py:914} INFO - Processing file /home/huynguyen2741/airflow_venv/lib/python3.12/site-packages/airflow/example_dags/example_branch_labels.py for tasks to queue
[2025-08-06T14:44:16.210-0400] {logging_mixin.py:190} INFO - [2025-08-06T14:44:16.210-0400] {dagbag.py:588} INFO - Filling up the DagBag from /home/huynguyen2741/airflow_venv/lib/python3.12/site-packages/airflow/example_dags/example_branch_labels.py
[2025-08-06T14:44:16.218-0400] {processor.py:925} INFO - DAG(s) 'example_branch_labels' retrieved from /home/huynguyen2741/airflow_venv/lib/python3.12/site-packages/airflow/example_dags/example_branch_labels.py
[2025-08-06T14:44:16.231-0400] {logging_mixin.py:190} INFO - [2025-08-06T14:44:16.231-0400] {dag.py:3239} INFO - Sync 1 DAGs
[2025-08-06T14:44:16.247-0400] {logging_mixin.py:190} INFO - [2025-08-06T14:44:16.246-0400] {dag.py:4180} INFO - Setting next_dagrun for example_branch_labels to 2025-08-05 00:00:00+00:00, run_after=2025-08-06 00:00:00+00:00
[2025-08-06T14:44:16.263-0400] {processor.py:208} INFO - Processing /home/huynguyen2741/airflow_venv/lib/python3.12/site-packages/airflow/example_dags/example_branch_labels.py took 0.061 seconds
[2025-08-06T14:45:10.726-0400] {processor.py:186} INFO - Started process (PID=30651) to work on /home/huynguyen2741/airflow_venv/lib/python3.12/site-packages/airflow/example_dags/example_branch_labels.py
[2025-08-06T14:45:10.730-0400] {processor.py:914} INFO - Processing file /home/huynguyen2741/airflow_venv/lib/python3.12/site-packages/airflow/example_dags/example_branch_labels.py for tasks to queue
[2025-08-06T14:45:10.732-0400] {logging_mixin.py:190} INFO - [2025-08-06T14:45:10.731-0400] {dagbag.py:588} INFO - Filling up the DagBag from /home/huynguyen2741/airflow_venv/lib/python3.12/site-packages/airflow/example_dags/example_branch_labels.py
[2025-08-06T14:45:10.739-0400] {processor.py:925} INFO - DAG(s) 'example_branch_labels' retrieved from /home/huynguyen2741/airflow_venv/lib/python3.12/site-packages/airflow/example_dags/example_branch_labels.py
[2025-08-06T14:45:10.754-0400] {logging_mixin.py:190} INFO - [2025-08-06T14:45:10.754-0400] {dag.py:3239} INFO - Sync 1 DAGs
[2025-08-06T14:45:10.770-0400] {logging_mixin.py:190} INFO - [2025-08-06T14:45:10.769-0400] {dag.py:4180} INFO - Setting next_dagrun for example_branch_labels to 2025-08-05 00:00:00+00:00, run_after=2025-08-06 00:00:00+00:00
[2025-08-06T14:45:10.787-0400] {processor.py:208} INFO - Processing /home/huynguyen2741/airflow_venv/lib/python3.12/site-packages/airflow/example_dags/example_branch_labels.py took 0.066 seconds
[2025-08-06T14:46:13.424-0400] {processor.py:186} INFO - Started process (PID=30921) to work on /home/huynguyen2741/airflow_venv/lib/python3.12/site-packages/airflow/example_dags/example_branch_labels.py
[2025-08-06T14:46:13.425-0400] {processor.py:914} INFO - Processing file /home/huynguyen2741/airflow_venv/lib/python3.12/site-packages/airflow/example_dags/example_branch_labels.py for tasks to queue
[2025-08-06T14:46:13.426-0400] {logging_mixin.py:190} INFO - [2025-08-06T14:46:13.426-0400] {dagbag.py:588} INFO - Filling up the DagBag from /home/huynguyen2741/airflow_venv/lib/python3.12/site-packages/airflow/example_dags/example_branch_labels.py
[2025-08-06T14:46:13.434-0400] {processor.py:925} INFO - DAG(s) 'example_branch_labels' retrieved from /home/huynguyen2741/airflow_venv/lib/python3.12/site-packages/airflow/example_dags/example_branch_labels.py
[2025-08-06T14:46:13.445-0400] {logging_mixin.py:190} INFO - [2025-08-06T14:46:13.445-0400] {dag.py:3239} INFO - Sync 1 DAGs
[2025-08-06T14:46:13.458-0400] {logging_mixin.py:190} INFO - [2025-08-06T14:46:13.458-0400] {dag.py:4180} INFO - Setting next_dagrun for example_branch_labels to 2025-08-05 00:00:00+00:00, run_after=2025-08-06 00:00:00+00:00
[2025-08-06T14:46:13.474-0400] {processor.py:208} INFO - Processing /home/huynguyen2741/airflow_venv/lib/python3.12/site-packages/airflow/example_dags/example_branch_labels.py took 0.056 seconds
[2025-08-06T14:47:16.648-0400] {processor.py:186} INFO - Started process (PID=31209) to work on /home/huynguyen2741/airflow_venv/lib/python3.12/site-packages/airflow/example_dags/example_branch_labels.py
[2025-08-06T14:47:16.653-0400] {processor.py:914} INFO - Processing file /home/huynguyen2741/airflow_venv/lib/python3.12/site-packages/airflow/example_dags/example_branch_labels.py for tasks to queue
[2025-08-06T14:47:16.655-0400] {logging_mixin.py:190} INFO - [2025-08-06T14:47:16.654-0400] {dagbag.py:588} INFO - Filling up the DagBag from /home/huynguyen2741/airflow_venv/lib/python3.12/site-packages/airflow/example_dags/example_branch_labels.py
[2025-08-06T14:47:16.664-0400] {processor.py:925} INFO - DAG(s) 'example_branch_labels' retrieved from /home/huynguyen2741/airflow_venv/lib/python3.12/site-packages/airflow/example_dags/example_branch_labels.py
[2025-08-06T14:47:16.683-0400] {logging_mixin.py:190} INFO - [2025-08-06T14:47:16.683-0400] {dag.py:3239} INFO - Sync 1 DAGs
[2025-08-06T14:47:16.701-0400] {logging_mixin.py:190} INFO - [2025-08-06T14:47:16.701-0400] {dag.py:4180} INFO - Setting next_dagrun for example_branch_labels to 2025-08-05 00:00:00+00:00, run_after=2025-08-06 00:00:00+00:00
[2025-08-06T14:47:16.720-0400] {processor.py:208} INFO - Processing /home/huynguyen2741/airflow_venv/lib/python3.12/site-packages/airflow/example_dags/example_branch_labels.py took 0.078 seconds
[2025-08-06T14:48:46.361-0400] {processor.py:186} INFO - Started process (PID=31741) to work on /home/huynguyen2741/airflow_venv/lib/python3.12/site-packages/airflow/example_dags/example_branch_labels.py
[2025-08-06T14:48:46.364-0400] {processor.py:914} INFO - Processing file /home/huynguyen2741/airflow_venv/lib/python3.12/site-packages/airflow/example_dags/example_branch_labels.py for tasks to queue
[2025-08-06T14:48:46.365-0400] {logging_mixin.py:190} INFO - [2025-08-06T14:48:46.364-0400] {dagbag.py:588} INFO - Filling up the DagBag from /home/huynguyen2741/airflow_venv/lib/python3.12/site-packages/airflow/example_dags/example_branch_labels.py
[2025-08-06T14:48:46.372-0400] {processor.py:925} INFO - DAG(s) 'example_branch_labels' retrieved from /home/huynguyen2741/airflow_venv/lib/python3.12/site-packages/airflow/example_dags/example_branch_labels.py
[2025-08-06T14:48:46.384-0400] {logging_mixin.py:190} INFO - [2025-08-06T14:48:46.384-0400] {dag.py:3239} INFO - Sync 1 DAGs
[2025-08-06T14:48:46.397-0400] {logging_mixin.py:190} INFO - [2025-08-06T14:48:46.397-0400] {dag.py:4180} INFO - Setting next_dagrun for example_branch_labels to 2025-08-05 00:00:00+00:00, run_after=2025-08-06 00:00:00+00:00
[2025-08-06T14:48:46.412-0400] {processor.py:208} INFO - Processing /home/huynguyen2741/airflow_venv/lib/python3.12/site-packages/airflow/example_dags/example_branch_labels.py took 0.057 seconds
[2025-08-06T14:49:48.643-0400] {processor.py:186} INFO - Started process (PID=31967) to work on /home/huynguyen2741/airflow_venv/lib/python3.12/site-packages/airflow/example_dags/example_branch_labels.py
[2025-08-06T14:49:48.644-0400] {processor.py:914} INFO - Processing file /home/huynguyen2741/airflow_venv/lib/python3.12/site-packages/airflow/example_dags/example_branch_labels.py for tasks to queue
[2025-08-06T14:49:48.645-0400] {logging_mixin.py:190} INFO - [2025-08-06T14:49:48.645-0400] {dagbag.py:588} INFO - Filling up the DagBag from /home/huynguyen2741/airflow_venv/lib/python3.12/site-packages/airflow/example_dags/example_branch_labels.py
[2025-08-06T14:49:48.653-0400] {processor.py:925} INFO - DAG(s) 'example_branch_labels' retrieved from /home/huynguyen2741/airflow_venv/lib/python3.12/site-packages/airflow/example_dags/example_branch_labels.py
[2025-08-06T14:49:48.665-0400] {logging_mixin.py:190} INFO - [2025-08-06T14:49:48.665-0400] {dag.py:3239} INFO - Sync 1 DAGs
[2025-08-06T14:49:48.679-0400] {logging_mixin.py:190} INFO - [2025-08-06T14:49:48.679-0400] {dag.py:4180} INFO - Setting next_dagrun for example_branch_labels to 2025-08-05 00:00:00+00:00, run_after=2025-08-06 00:00:00+00:00
[2025-08-06T14:49:48.695-0400] {processor.py:208} INFO - Processing /home/huynguyen2741/airflow_venv/lib/python3.12/site-packages/airflow/example_dags/example_branch_labels.py took 0.057 seconds
[2025-08-06T14:50:55.043-0400] {processor.py:186} INFO - Started process (PID=32203) to work on /home/huynguyen2741/airflow_venv/lib/python3.12/site-packages/airflow/example_dags/example_branch_labels.py
[2025-08-06T14:50:55.045-0400] {processor.py:914} INFO - Processing file /home/huynguyen2741/airflow_venv/lib/python3.12/site-packages/airflow/example_dags/example_branch_labels.py for tasks to queue
[2025-08-06T14:50:55.046-0400] {logging_mixin.py:190} INFO - [2025-08-06T14:50:55.045-0400] {dagbag.py:588} INFO - Filling up the DagBag from /home/huynguyen2741/airflow_venv/lib/python3.12/site-packages/airflow/example_dags/example_branch_labels.py
[2025-08-06T14:50:55.053-0400] {processor.py:925} INFO - DAG(s) 'example_branch_labels' retrieved from /home/huynguyen2741/airflow_venv/lib/python3.12/site-packages/airflow/example_dags/example_branch_labels.py
[2025-08-06T14:50:55.065-0400] {logging_mixin.py:190} INFO - [2025-08-06T14:50:55.064-0400] {dag.py:3239} INFO - Sync 1 DAGs
[2025-08-06T14:50:55.079-0400] {logging_mixin.py:190} INFO - [2025-08-06T14:50:55.079-0400] {dag.py:4180} INFO - Setting next_dagrun for example_branch_labels to 2025-08-05 00:00:00+00:00, run_after=2025-08-06 00:00:00+00:00
[2025-08-06T14:50:55.094-0400] {processor.py:208} INFO - Processing /home/huynguyen2741/airflow_venv/lib/python3.12/site-packages/airflow/example_dags/example_branch_labels.py took 0.056 seconds
[2025-08-06T14:51:57.163-0400] {processor.py:186} INFO - Started process (PID=32436) to work on /home/huynguyen2741/airflow_venv/lib/python3.12/site-packages/airflow/example_dags/example_branch_labels.py
[2025-08-06T14:51:57.173-0400] {processor.py:914} INFO - Processing file /home/huynguyen2741/airflow_venv/lib/python3.12/site-packages/airflow/example_dags/example_branch_labels.py for tasks to queue
[2025-08-06T14:51:57.174-0400] {logging_mixin.py:190} INFO - [2025-08-06T14:51:57.174-0400] {dagbag.py:588} INFO - Filling up the DagBag from /home/huynguyen2741/airflow_venv/lib/python3.12/site-packages/airflow/example_dags/example_branch_labels.py
[2025-08-06T14:51:57.182-0400] {processor.py:925} INFO - DAG(s) 'example_branch_labels' retrieved from /home/huynguyen2741/airflow_venv/lib/python3.12/site-packages/airflow/example_dags/example_branch_labels.py
[2025-08-06T14:51:57.193-0400] {logging_mixin.py:190} INFO - [2025-08-06T14:51:57.193-0400] {dag.py:3239} INFO - Sync 1 DAGs
[2025-08-06T14:51:57.206-0400] {logging_mixin.py:190} INFO - [2025-08-06T14:51:57.206-0400] {dag.py:4180} INFO - Setting next_dagrun for example_branch_labels to 2025-08-05 00:00:00+00:00, run_after=2025-08-06 00:00:00+00:00
[2025-08-06T14:51:57.222-0400] {processor.py:208} INFO - Processing /home/huynguyen2741/airflow_venv/lib/python3.12/site-packages/airflow/example_dags/example_branch_labels.py took 0.064 seconds
[2025-08-06T14:52:56.070-0400] {processor.py:186} INFO - Started process (PID=32722) to work on /home/huynguyen2741/airflow_venv/lib/python3.12/site-packages/airflow/example_dags/example_branch_labels.py
[2025-08-06T14:52:56.074-0400] {processor.py:914} INFO - Processing file /home/huynguyen2741/airflow_venv/lib/python3.12/site-packages/airflow/example_dags/example_branch_labels.py for tasks to queue
[2025-08-06T14:52:56.076-0400] {logging_mixin.py:190} INFO - [2025-08-06T14:52:56.075-0400] {dagbag.py:588} INFO - Filling up the DagBag from /home/huynguyen2741/airflow_venv/lib/python3.12/site-packages/airflow/example_dags/example_branch_labels.py
[2025-08-06T14:52:56.083-0400] {processor.py:925} INFO - DAG(s) 'example_branch_labels' retrieved from /home/huynguyen2741/airflow_venv/lib/python3.12/site-packages/airflow/example_dags/example_branch_labels.py
[2025-08-06T14:52:56.099-0400] {logging_mixin.py:190} INFO - [2025-08-06T14:52:56.099-0400] {dag.py:3239} INFO - Sync 1 DAGs
[2025-08-06T14:52:56.115-0400] {logging_mixin.py:190} INFO - [2025-08-06T14:52:56.114-0400] {dag.py:4180} INFO - Setting next_dagrun for example_branch_labels to 2025-08-05 00:00:00+00:00, run_after=2025-08-06 00:00:00+00:00
[2025-08-06T14:52:56.130-0400] {processor.py:208} INFO - Processing /home/huynguyen2741/airflow_venv/lib/python3.12/site-packages/airflow/example_dags/example_branch_labels.py took 0.066 seconds
[2025-08-06T14:54:00.764-0400] {processor.py:186} INFO - Started process (PID=33166) to work on /home/huynguyen2741/airflow_venv/lib/python3.12/site-packages/airflow/example_dags/example_branch_labels.py
[2025-08-06T14:54:00.768-0400] {processor.py:914} INFO - Processing file /home/huynguyen2741/airflow_venv/lib/python3.12/site-packages/airflow/example_dags/example_branch_labels.py for tasks to queue
[2025-08-06T14:54:00.769-0400] {logging_mixin.py:190} INFO - [2025-08-06T14:54:00.769-0400] {dagbag.py:588} INFO - Filling up the DagBag from /home/huynguyen2741/airflow_venv/lib/python3.12/site-packages/airflow/example_dags/example_branch_labels.py
[2025-08-06T14:54:00.777-0400] {processor.py:925} INFO - DAG(s) 'example_branch_labels' retrieved from /home/huynguyen2741/airflow_venv/lib/python3.12/site-packages/airflow/example_dags/example_branch_labels.py
[2025-08-06T14:54:00.788-0400] {logging_mixin.py:190} INFO - [2025-08-06T14:54:00.788-0400] {dag.py:3239} INFO - Sync 1 DAGs
[2025-08-06T14:54:00.801-0400] {logging_mixin.py:190} INFO - [2025-08-06T14:54:00.801-0400] {dag.py:4180} INFO - Setting next_dagrun for example_branch_labels to 2025-08-05 00:00:00+00:00, run_after=2025-08-06 00:00:00+00:00
[2025-08-06T14:54:00.815-0400] {processor.py:208} INFO - Processing /home/huynguyen2741/airflow_venv/lib/python3.12/site-packages/airflow/example_dags/example_branch_labels.py took 0.057 seconds
[2025-08-06T14:54:59.029-0400] {processor.py:186} INFO - Started process (PID=33510) to work on /home/huynguyen2741/airflow_venv/lib/python3.12/site-packages/airflow/example_dags/example_branch_labels.py
[2025-08-06T14:54:59.034-0400] {processor.py:914} INFO - Processing file /home/huynguyen2741/airflow_venv/lib/python3.12/site-packages/airflow/example_dags/example_branch_labels.py for tasks to queue
[2025-08-06T14:54:59.036-0400] {logging_mixin.py:190} INFO - [2025-08-06T14:54:59.035-0400] {dagbag.py:588} INFO - Filling up the DagBag from /home/huynguyen2741/airflow_venv/lib/python3.12/site-packages/airflow/example_dags/example_branch_labels.py
[2025-08-06T14:54:59.043-0400] {processor.py:925} INFO - DAG(s) 'example_branch_labels' retrieved from /home/huynguyen2741/airflow_venv/lib/python3.12/site-packages/airflow/example_dags/example_branch_labels.py
[2025-08-06T14:54:59.054-0400] {logging_mixin.py:190} INFO - [2025-08-06T14:54:59.054-0400] {dag.py:3239} INFO - Sync 1 DAGs
[2025-08-06T14:54:59.067-0400] {logging_mixin.py:190} INFO - [2025-08-06T14:54:59.067-0400] {dag.py:4180} INFO - Setting next_dagrun for example_branch_labels to 2025-08-05 00:00:00+00:00, run_after=2025-08-06 00:00:00+00:00
[2025-08-06T14:54:59.083-0400] {processor.py:208} INFO - Processing /home/huynguyen2741/airflow_venv/lib/python3.12/site-packages/airflow/example_dags/example_branch_labels.py took 0.059 seconds
[2025-08-06T14:56:02.240-0400] {processor.py:186} INFO - Started process (PID=33774) to work on /home/huynguyen2741/airflow_venv/lib/python3.12/site-packages/airflow/example_dags/example_branch_labels.py
[2025-08-06T14:56:02.244-0400] {processor.py:914} INFO - Processing file /home/huynguyen2741/airflow_venv/lib/python3.12/site-packages/airflow/example_dags/example_branch_labels.py for tasks to queue
[2025-08-06T14:56:02.245-0400] {logging_mixin.py:190} INFO - [2025-08-06T14:56:02.245-0400] {dagbag.py:588} INFO - Filling up the DagBag from /home/huynguyen2741/airflow_venv/lib/python3.12/site-packages/airflow/example_dags/example_branch_labels.py
[2025-08-06T14:56:02.253-0400] {processor.py:925} INFO - DAG(s) 'example_branch_labels' retrieved from /home/huynguyen2741/airflow_venv/lib/python3.12/site-packages/airflow/example_dags/example_branch_labels.py
[2025-08-06T14:56:02.266-0400] {logging_mixin.py:190} INFO - [2025-08-06T14:56:02.266-0400] {dag.py:3239} INFO - Sync 1 DAGs
[2025-08-06T14:56:02.279-0400] {logging_mixin.py:190} INFO - [2025-08-06T14:56:02.279-0400] {dag.py:4180} INFO - Setting next_dagrun for example_branch_labels to 2025-08-05 00:00:00+00:00, run_after=2025-08-06 00:00:00+00:00
[2025-08-06T14:56:02.294-0400] {processor.py:208} INFO - Processing /home/huynguyen2741/airflow_venv/lib/python3.12/site-packages/airflow/example_dags/example_branch_labels.py took 0.059 seconds
[2025-08-06T14:57:03.113-0400] {processor.py:186} INFO - Started process (PID=34062) to work on /home/huynguyen2741/airflow_venv/lib/python3.12/site-packages/airflow/example_dags/example_branch_labels.py
[2025-08-06T14:57:03.118-0400] {processor.py:914} INFO - Processing file /home/huynguyen2741/airflow_venv/lib/python3.12/site-packages/airflow/example_dags/example_branch_labels.py for tasks to queue
[2025-08-06T14:57:03.119-0400] {logging_mixin.py:190} INFO - [2025-08-06T14:57:03.118-0400] {dagbag.py:588} INFO - Filling up the DagBag from /home/huynguyen2741/airflow_venv/lib/python3.12/site-packages/airflow/example_dags/example_branch_labels.py
[2025-08-06T14:57:03.126-0400] {processor.py:925} INFO - DAG(s) 'example_branch_labels' retrieved from /home/huynguyen2741/airflow_venv/lib/python3.12/site-packages/airflow/example_dags/example_branch_labels.py
[2025-08-06T14:57:03.137-0400] {logging_mixin.py:190} INFO - [2025-08-06T14:57:03.137-0400] {dag.py:3239} INFO - Sync 1 DAGs
[2025-08-06T14:57:03.151-0400] {logging_mixin.py:190} INFO - [2025-08-06T14:57:03.151-0400] {dag.py:4180} INFO - Setting next_dagrun for example_branch_labels to 2025-08-05 00:00:00+00:00, run_after=2025-08-06 00:00:00+00:00
[2025-08-06T14:57:03.167-0400] {processor.py:208} INFO - Processing /home/huynguyen2741/airflow_venv/lib/python3.12/site-packages/airflow/example_dags/example_branch_labels.py took 0.059 seconds
[2025-08-06T14:58:04.900-0400] {processor.py:186} INFO - Started process (PID=34324) to work on /home/huynguyen2741/airflow_venv/lib/python3.12/site-packages/airflow/example_dags/example_branch_labels.py
[2025-08-06T14:58:04.904-0400] {processor.py:914} INFO - Processing file /home/huynguyen2741/airflow_venv/lib/python3.12/site-packages/airflow/example_dags/example_branch_labels.py for tasks to queue
[2025-08-06T14:58:04.905-0400] {logging_mixin.py:190} INFO - [2025-08-06T14:58:04.904-0400] {dagbag.py:588} INFO - Filling up the DagBag from /home/huynguyen2741/airflow_venv/lib/python3.12/site-packages/airflow/example_dags/example_branch_labels.py
[2025-08-06T14:58:04.912-0400] {processor.py:925} INFO - DAG(s) 'example_branch_labels' retrieved from /home/huynguyen2741/airflow_venv/lib/python3.12/site-packages/airflow/example_dags/example_branch_labels.py
[2025-08-06T14:58:04.924-0400] {logging_mixin.py:190} INFO - [2025-08-06T14:58:04.924-0400] {dag.py:3239} INFO - Sync 1 DAGs
[2025-08-06T14:58:04.938-0400] {logging_mixin.py:190} INFO - [2025-08-06T14:58:04.937-0400] {dag.py:4180} INFO - Setting next_dagrun for example_branch_labels to 2025-08-05 00:00:00+00:00, run_after=2025-08-06 00:00:00+00:00
[2025-08-06T14:58:04.954-0400] {processor.py:208} INFO - Processing /home/huynguyen2741/airflow_venv/lib/python3.12/site-packages/airflow/example_dags/example_branch_labels.py took 0.060 seconds
[2025-08-06T14:59:07.384-0400] {processor.py:186} INFO - Started process (PID=34587) to work on /home/huynguyen2741/airflow_venv/lib/python3.12/site-packages/airflow/example_dags/example_branch_labels.py
[2025-08-06T14:59:07.385-0400] {processor.py:914} INFO - Processing file /home/huynguyen2741/airflow_venv/lib/python3.12/site-packages/airflow/example_dags/example_branch_labels.py for tasks to queue
[2025-08-06T14:59:07.387-0400] {logging_mixin.py:190} INFO - [2025-08-06T14:59:07.386-0400] {dagbag.py:588} INFO - Filling up the DagBag from /home/huynguyen2741/airflow_venv/lib/python3.12/site-packages/airflow/example_dags/example_branch_labels.py
[2025-08-06T14:59:07.395-0400] {processor.py:925} INFO - DAG(s) 'example_branch_labels' retrieved from /home/huynguyen2741/airflow_venv/lib/python3.12/site-packages/airflow/example_dags/example_branch_labels.py
[2025-08-06T14:59:07.407-0400] {logging_mixin.py:190} INFO - [2025-08-06T14:59:07.407-0400] {dag.py:3239} INFO - Sync 1 DAGs
[2025-08-06T14:59:07.421-0400] {logging_mixin.py:190} INFO - [2025-08-06T14:59:07.421-0400] {dag.py:4180} INFO - Setting next_dagrun for example_branch_labels to 2025-08-05 00:00:00+00:00, run_after=2025-08-06 00:00:00+00:00
[2025-08-06T14:59:07.436-0400] {processor.py:208} INFO - Processing /home/huynguyen2741/airflow_venv/lib/python3.12/site-packages/airflow/example_dags/example_branch_labels.py took 0.057 seconds
[2025-08-06T15:00:13.955-0400] {processor.py:186} INFO - Started process (PID=34824) to work on /home/huynguyen2741/airflow_venv/lib/python3.12/site-packages/airflow/example_dags/example_branch_labels.py
[2025-08-06T15:00:13.958-0400] {processor.py:914} INFO - Processing file /home/huynguyen2741/airflow_venv/lib/python3.12/site-packages/airflow/example_dags/example_branch_labels.py for tasks to queue
[2025-08-06T15:00:13.959-0400] {logging_mixin.py:190} INFO - [2025-08-06T15:00:13.959-0400] {dagbag.py:588} INFO - Filling up the DagBag from /home/huynguyen2741/airflow_venv/lib/python3.12/site-packages/airflow/example_dags/example_branch_labels.py
[2025-08-06T15:00:13.966-0400] {processor.py:925} INFO - DAG(s) 'example_branch_labels' retrieved from /home/huynguyen2741/airflow_venv/lib/python3.12/site-packages/airflow/example_dags/example_branch_labels.py
[2025-08-06T15:00:13.978-0400] {logging_mixin.py:190} INFO - [2025-08-06T15:00:13.978-0400] {dag.py:3239} INFO - Sync 1 DAGs
[2025-08-06T15:00:13.990-0400] {logging_mixin.py:190} INFO - [2025-08-06T15:00:13.990-0400] {dag.py:4180} INFO - Setting next_dagrun for example_branch_labels to 2025-08-05 00:00:00+00:00, run_after=2025-08-06 00:00:00+00:00
[2025-08-06T15:00:14.005-0400] {processor.py:208} INFO - Processing /home/huynguyen2741/airflow_venv/lib/python3.12/site-packages/airflow/example_dags/example_branch_labels.py took 0.056 seconds
