[2025-08-06T13:56:57.747-0400] {processor.py:186} INFO - Started process (PID=17651) to work on /home/huynguyen2741/airflow_venv/lib/python3.12/site-packages/airflow/example_dags/example_latest_only.py
[2025-08-06T13:56:57.748-0400] {processor.py:914} INFO - Processing file /home/huynguyen2741/airflow_venv/lib/python3.12/site-packages/airflow/example_dags/example_latest_only.py for tasks to queue
[2025-08-06T13:56:57.749-0400] {logging_mixin.py:190} INFO - [2025-08-06T13:56:57.749-0400] {dagbag.py:588} INFO - Filling up the DagBag from /home/huynguyen2741/airflow_venv/lib/python3.12/site-packages/airflow/example_dags/example_latest_only.py
[2025-08-06T13:56:57.755-0400] {processor.py:925} INFO - DAG(s) 'latest_only' retrieved from /home/huynguyen2741/airflow_venv/lib/python3.12/site-packages/airflow/example_dags/example_latest_only.py
[2025-08-06T13:56:57.847-0400] {logging_mixin.py:190} INFO - [2025-08-06T13:56:57.846-0400] {override.py:1930} INFO - Created Permission View: can edit on DAG:latest_only
[2025-08-06T13:56:57.860-0400] {logging_mixin.py:190} INFO - [2025-08-06T13:56:57.860-0400] {override.py:1930} INFO - Created Permission View: can read on DAG:latest_only
[2025-08-06T13:56:57.868-0400] {logging_mixin.py:190} INFO - [2025-08-06T13:56:57.868-0400] {override.py:1930} INFO - Created Permission View: can delete on DAG:latest_only
[2025-08-06T13:56:57.882-0400] {logging_mixin.py:190} INFO - [2025-08-06T13:56:57.882-0400] {override.py:1930} INFO - Created Permission View: menu access on DAG Run:latest_only
[2025-08-06T13:56:57.891-0400] {logging_mixin.py:190} INFO - [2025-08-06T13:56:57.890-0400] {override.py:1930} INFO - Created Permission View: can read on DAG Run:latest_only
[2025-08-06T13:56:57.900-0400] {logging_mixin.py:190} INFO - [2025-08-06T13:56:57.899-0400] {override.py:1930} INFO - Created Permission View: can create on DAG Run:latest_only
[2025-08-06T13:56:57.908-0400] {logging_mixin.py:190} INFO - [2025-08-06T13:56:57.907-0400] {override.py:1930} INFO - Created Permission View: can delete on DAG Run:latest_only
[2025-08-06T13:56:57.908-0400] {logging_mixin.py:190} INFO - [2025-08-06T13:56:57.908-0400] {dag.py:3239} INFO - Sync 1 DAGs
[2025-08-06T13:56:57.916-0400] {logging_mixin.py:190} INFO - [2025-08-06T13:56:57.916-0400] {dag.py:3262} INFO - Creating ORM DAG for latest_only
[2025-08-06T13:56:57.921-0400] {logging_mixin.py:190} INFO - [2025-08-06T13:56:57.921-0400] {dag.py:4180} INFO - Setting next_dagrun for latest_only to 2025-08-06 12:00:00+00:00, run_after=2025-08-06 16:00:00+00:00
[2025-08-06T13:56:57.937-0400] {processor.py:208} INFO - Processing /home/huynguyen2741/airflow_venv/lib/python3.12/site-packages/airflow/example_dags/example_latest_only.py took 0.194 seconds
[2025-08-06T13:58:06.358-0400] {processor.py:186} INFO - Started process (PID=17899) to work on /home/huynguyen2741/airflow_venv/lib/python3.12/site-packages/airflow/example_dags/example_latest_only.py
[2025-08-06T13:58:06.362-0400] {processor.py:914} INFO - Processing file /home/huynguyen2741/airflow_venv/lib/python3.12/site-packages/airflow/example_dags/example_latest_only.py for tasks to queue
[2025-08-06T13:58:06.364-0400] {logging_mixin.py:190} INFO - [2025-08-06T13:58:06.364-0400] {dagbag.py:588} INFO - Filling up the DagBag from /home/huynguyen2741/airflow_venv/lib/python3.12/site-packages/airflow/example_dags/example_latest_only.py
[2025-08-06T13:58:06.370-0400] {processor.py:925} INFO - DAG(s) 'latest_only' retrieved from /home/huynguyen2741/airflow_venv/lib/python3.12/site-packages/airflow/example_dags/example_latest_only.py
[2025-08-06T13:58:06.385-0400] {logging_mixin.py:190} INFO - [2025-08-06T13:58:06.385-0400] {dag.py:3239} INFO - Sync 1 DAGs
[2025-08-06T13:58:06.399-0400] {logging_mixin.py:190} INFO - [2025-08-06T13:58:06.399-0400] {dag.py:4180} INFO - Setting next_dagrun for latest_only to 2025-08-06 12:00:00+00:00, run_after=2025-08-06 16:00:00+00:00
[2025-08-06T13:58:06.416-0400] {processor.py:208} INFO - Processing /home/huynguyen2741/airflow_venv/lib/python3.12/site-packages/airflow/example_dags/example_latest_only.py took 0.062 seconds
[2025-08-06T13:59:05.826-0400] {processor.py:186} INFO - Started process (PID=18116) to work on /home/huynguyen2741/airflow_venv/lib/python3.12/site-packages/airflow/example_dags/example_latest_only.py
[2025-08-06T13:59:05.827-0400] {processor.py:914} INFO - Processing file /home/huynguyen2741/airflow_venv/lib/python3.12/site-packages/airflow/example_dags/example_latest_only.py for tasks to queue
[2025-08-06T13:59:05.828-0400] {logging_mixin.py:190} INFO - [2025-08-06T13:59:05.828-0400] {dagbag.py:588} INFO - Filling up the DagBag from /home/huynguyen2741/airflow_venv/lib/python3.12/site-packages/airflow/example_dags/example_latest_only.py
[2025-08-06T13:59:05.834-0400] {processor.py:925} INFO - DAG(s) 'latest_only' retrieved from /home/huynguyen2741/airflow_venv/lib/python3.12/site-packages/airflow/example_dags/example_latest_only.py
[2025-08-06T13:59:05.845-0400] {logging_mixin.py:190} INFO - [2025-08-06T13:59:05.845-0400] {dag.py:3239} INFO - Sync 1 DAGs
[2025-08-06T13:59:05.857-0400] {logging_mixin.py:190} INFO - [2025-08-06T13:59:05.856-0400] {dag.py:4180} INFO - Setting next_dagrun for latest_only to 2025-08-06 12:00:00+00:00, run_after=2025-08-06 16:00:00+00:00
[2025-08-06T13:59:05.871-0400] {processor.py:208} INFO - Processing /home/huynguyen2741/airflow_venv/lib/python3.12/site-packages/airflow/example_dags/example_latest_only.py took 0.050 seconds
[2025-08-06T14:00:08.828-0400] {processor.py:186} INFO - Started process (PID=18335) to work on /home/huynguyen2741/airflow_venv/lib/python3.12/site-packages/airflow/example_dags/example_latest_only.py
[2025-08-06T14:00:08.832-0400] {processor.py:914} INFO - Processing file /home/huynguyen2741/airflow_venv/lib/python3.12/site-packages/airflow/example_dags/example_latest_only.py for tasks to queue
[2025-08-06T14:00:08.834-0400] {logging_mixin.py:190} INFO - [2025-08-06T14:00:08.834-0400] {dagbag.py:588} INFO - Filling up the DagBag from /home/huynguyen2741/airflow_venv/lib/python3.12/site-packages/airflow/example_dags/example_latest_only.py
[2025-08-06T14:00:08.839-0400] {processor.py:925} INFO - DAG(s) 'latest_only' retrieved from /home/huynguyen2741/airflow_venv/lib/python3.12/site-packages/airflow/example_dags/example_latest_only.py
[2025-08-06T14:00:08.851-0400] {logging_mixin.py:190} INFO - [2025-08-06T14:00:08.850-0400] {dag.py:3239} INFO - Sync 1 DAGs
[2025-08-06T14:00:08.865-0400] {logging_mixin.py:190} INFO - [2025-08-06T14:00:08.865-0400] {dag.py:4180} INFO - Setting next_dagrun for latest_only to 2025-08-06 12:00:00+00:00, run_after=2025-08-06 16:00:00+00:00
[2025-08-06T14:00:08.881-0400] {processor.py:208} INFO - Processing /home/huynguyen2741/airflow_venv/lib/python3.12/site-packages/airflow/example_dags/example_latest_only.py took 0.057 seconds
[2025-08-06T14:01:09.008-0400] {processor.py:186} INFO - Started process (PID=18556) to work on /home/huynguyen2741/airflow_venv/lib/python3.12/site-packages/airflow/example_dags/example_latest_only.py
[2025-08-06T14:01:09.009-0400] {processor.py:914} INFO - Processing file /home/huynguyen2741/airflow_venv/lib/python3.12/site-packages/airflow/example_dags/example_latest_only.py for tasks to queue
[2025-08-06T14:01:09.011-0400] {logging_mixin.py:190} INFO - [2025-08-06T14:01:09.010-0400] {dagbag.py:588} INFO - Filling up the DagBag from /home/huynguyen2741/airflow_venv/lib/python3.12/site-packages/airflow/example_dags/example_latest_only.py
[2025-08-06T14:01:09.016-0400] {processor.py:925} INFO - DAG(s) 'latest_only' retrieved from /home/huynguyen2741/airflow_venv/lib/python3.12/site-packages/airflow/example_dags/example_latest_only.py
[2025-08-06T14:01:09.027-0400] {logging_mixin.py:190} INFO - [2025-08-06T14:01:09.027-0400] {dag.py:3239} INFO - Sync 1 DAGs
[2025-08-06T14:01:09.041-0400] {logging_mixin.py:190} INFO - [2025-08-06T14:01:09.040-0400] {dag.py:4180} INFO - Setting next_dagrun for latest_only to 2025-08-06 12:00:00+00:00, run_after=2025-08-06 16:00:00+00:00
[2025-08-06T14:01:09.058-0400] {processor.py:208} INFO - Processing /home/huynguyen2741/airflow_venv/lib/python3.12/site-packages/airflow/example_dags/example_latest_only.py took 0.055 seconds
[2025-08-06T14:02:13.071-0400] {processor.py:186} INFO - Started process (PID=18783) to work on /home/huynguyen2741/airflow_venv/lib/python3.12/site-packages/airflow/example_dags/example_latest_only.py
[2025-08-06T14:02:13.075-0400] {processor.py:914} INFO - Processing file /home/huynguyen2741/airflow_venv/lib/python3.12/site-packages/airflow/example_dags/example_latest_only.py for tasks to queue
[2025-08-06T14:02:13.076-0400] {logging_mixin.py:190} INFO - [2025-08-06T14:02:13.076-0400] {dagbag.py:588} INFO - Filling up the DagBag from /home/huynguyen2741/airflow_venv/lib/python3.12/site-packages/airflow/example_dags/example_latest_only.py
[2025-08-06T14:02:13.082-0400] {processor.py:925} INFO - DAG(s) 'latest_only' retrieved from /home/huynguyen2741/airflow_venv/lib/python3.12/site-packages/airflow/example_dags/example_latest_only.py
[2025-08-06T14:02:13.093-0400] {logging_mixin.py:190} INFO - [2025-08-06T14:02:13.093-0400] {dag.py:3239} INFO - Sync 1 DAGs
[2025-08-06T14:02:13.108-0400] {logging_mixin.py:190} INFO - [2025-08-06T14:02:13.107-0400] {dag.py:4180} INFO - Setting next_dagrun for latest_only to 2025-08-06 12:00:00+00:00, run_after=2025-08-06 16:00:00+00:00
[2025-08-06T14:02:13.124-0400] {processor.py:208} INFO - Processing /home/huynguyen2741/airflow_venv/lib/python3.12/site-packages/airflow/example_dags/example_latest_only.py took 0.057 seconds
[2025-08-06T14:03:14.421-0400] {processor.py:186} INFO - Started process (PID=19030) to work on /home/huynguyen2741/airflow_venv/lib/python3.12/site-packages/airflow/example_dags/example_latest_only.py
[2025-08-06T14:03:14.431-0400] {processor.py:914} INFO - Processing file /home/huynguyen2741/airflow_venv/lib/python3.12/site-packages/airflow/example_dags/example_latest_only.py for tasks to queue
[2025-08-06T14:03:14.433-0400] {logging_mixin.py:190} INFO - [2025-08-06T14:03:14.432-0400] {dagbag.py:588} INFO - Filling up the DagBag from /home/huynguyen2741/airflow_venv/lib/python3.12/site-packages/airflow/example_dags/example_latest_only.py
[2025-08-06T14:03:14.438-0400] {processor.py:925} INFO - DAG(s) 'latest_only' retrieved from /home/huynguyen2741/airflow_venv/lib/python3.12/site-packages/airflow/example_dags/example_latest_only.py
[2025-08-06T14:03:14.450-0400] {logging_mixin.py:190} INFO - [2025-08-06T14:03:14.450-0400] {dag.py:3239} INFO - Sync 1 DAGs
[2025-08-06T14:03:14.464-0400] {logging_mixin.py:190} INFO - [2025-08-06T14:03:14.464-0400] {dag.py:4180} INFO - Setting next_dagrun for latest_only to 2025-08-06 12:00:00+00:00, run_after=2025-08-06 16:00:00+00:00
[2025-08-06T14:03:14.481-0400] {processor.py:208} INFO - Processing /home/huynguyen2741/airflow_venv/lib/python3.12/site-packages/airflow/example_dags/example_latest_only.py took 0.064 seconds
[2025-08-06T14:04:16.686-0400] {processor.py:186} INFO - Started process (PID=19244) to work on /home/huynguyen2741/airflow_venv/lib/python3.12/site-packages/airflow/example_dags/example_latest_only.py
[2025-08-06T14:04:16.687-0400] {processor.py:914} INFO - Processing file /home/huynguyen2741/airflow_venv/lib/python3.12/site-packages/airflow/example_dags/example_latest_only.py for tasks to queue
[2025-08-06T14:04:16.688-0400] {logging_mixin.py:190} INFO - [2025-08-06T14:04:16.688-0400] {dagbag.py:588} INFO - Filling up the DagBag from /home/huynguyen2741/airflow_venv/lib/python3.12/site-packages/airflow/example_dags/example_latest_only.py
[2025-08-06T14:04:16.694-0400] {processor.py:925} INFO - DAG(s) 'latest_only' retrieved from /home/huynguyen2741/airflow_venv/lib/python3.12/site-packages/airflow/example_dags/example_latest_only.py
[2025-08-06T14:04:16.705-0400] {logging_mixin.py:190} INFO - [2025-08-06T14:04:16.705-0400] {dag.py:3239} INFO - Sync 1 DAGs
[2025-08-06T14:04:16.720-0400] {logging_mixin.py:190} INFO - [2025-08-06T14:04:16.720-0400] {dag.py:4180} INFO - Setting next_dagrun for latest_only to 2025-08-06 12:00:00+00:00, run_after=2025-08-06 16:00:00+00:00
[2025-08-06T14:04:16.737-0400] {processor.py:208} INFO - Processing /home/huynguyen2741/airflow_venv/lib/python3.12/site-packages/airflow/example_dags/example_latest_only.py took 0.056 seconds
[2025-08-06T14:05:18.029-0400] {processor.py:186} INFO - Started process (PID=19587) to work on /home/huynguyen2741/airflow_venv/lib/python3.12/site-packages/airflow/example_dags/example_latest_only.py
[2025-08-06T14:05:18.039-0400] {processor.py:914} INFO - Processing file /home/huynguyen2741/airflow_venv/lib/python3.12/site-packages/airflow/example_dags/example_latest_only.py for tasks to queue
[2025-08-06T14:05:18.041-0400] {logging_mixin.py:190} INFO - [2025-08-06T14:05:18.041-0400] {dagbag.py:588} INFO - Filling up the DagBag from /home/huynguyen2741/airflow_venv/lib/python3.12/site-packages/airflow/example_dags/example_latest_only.py
[2025-08-06T14:05:18.049-0400] {processor.py:925} INFO - DAG(s) 'latest_only' retrieved from /home/huynguyen2741/airflow_venv/lib/python3.12/site-packages/airflow/example_dags/example_latest_only.py
[2025-08-06T14:05:18.063-0400] {logging_mixin.py:190} INFO - [2025-08-06T14:05:18.063-0400] {dag.py:3239} INFO - Sync 1 DAGs
[2025-08-06T14:05:18.078-0400] {logging_mixin.py:190} INFO - [2025-08-06T14:05:18.078-0400] {dag.py:4180} INFO - Setting next_dagrun for latest_only to 2025-08-06 12:00:00+00:00, run_after=2025-08-06 16:00:00+00:00
[2025-08-06T14:05:18.094-0400] {processor.py:208} INFO - Processing /home/huynguyen2741/airflow_venv/lib/python3.12/site-packages/airflow/example_dags/example_latest_only.py took 0.071 seconds
[2025-08-06T14:06:21.554-0400] {processor.py:186} INFO - Started process (PID=19849) to work on /home/huynguyen2741/airflow_venv/lib/python3.12/site-packages/airflow/example_dags/example_latest_only.py
[2025-08-06T14:06:21.564-0400] {processor.py:914} INFO - Processing file /home/huynguyen2741/airflow_venv/lib/python3.12/site-packages/airflow/example_dags/example_latest_only.py for tasks to queue
[2025-08-06T14:06:21.565-0400] {logging_mixin.py:190} INFO - [2025-08-06T14:06:21.565-0400] {dagbag.py:588} INFO - Filling up the DagBag from /home/huynguyen2741/airflow_venv/lib/python3.12/site-packages/airflow/example_dags/example_latest_only.py
[2025-08-06T14:06:21.572-0400] {processor.py:925} INFO - DAG(s) 'latest_only' retrieved from /home/huynguyen2741/airflow_venv/lib/python3.12/site-packages/airflow/example_dags/example_latest_only.py
[2025-08-06T14:06:21.586-0400] {logging_mixin.py:190} INFO - [2025-08-06T14:06:21.586-0400] {dag.py:3239} INFO - Sync 1 DAGs
[2025-08-06T14:06:21.600-0400] {logging_mixin.py:190} INFO - [2025-08-06T14:06:21.600-0400] {dag.py:4180} INFO - Setting next_dagrun for latest_only to 2025-08-06 12:00:00+00:00, run_after=2025-08-06 16:00:00+00:00
[2025-08-06T14:06:21.617-0400] {processor.py:208} INFO - Processing /home/huynguyen2741/airflow_venv/lib/python3.12/site-packages/airflow/example_dags/example_latest_only.py took 0.067 seconds
[2025-08-06T14:07:29.865-0400] {processor.py:186} INFO - Started process (PID=20092) to work on /home/huynguyen2741/airflow_venv/lib/python3.12/site-packages/airflow/example_dags/example_latest_only.py
[2025-08-06T14:07:29.868-0400] {processor.py:914} INFO - Processing file /home/huynguyen2741/airflow_venv/lib/python3.12/site-packages/airflow/example_dags/example_latest_only.py for tasks to queue
[2025-08-06T14:07:29.870-0400] {logging_mixin.py:190} INFO - [2025-08-06T14:07:29.870-0400] {dagbag.py:588} INFO - Filling up the DagBag from /home/huynguyen2741/airflow_venv/lib/python3.12/site-packages/airflow/example_dags/example_latest_only.py
[2025-08-06T14:07:29.876-0400] {processor.py:925} INFO - DAG(s) 'latest_only' retrieved from /home/huynguyen2741/airflow_venv/lib/python3.12/site-packages/airflow/example_dags/example_latest_only.py
[2025-08-06T14:07:29.887-0400] {logging_mixin.py:190} INFO - [2025-08-06T14:07:29.887-0400] {dag.py:3239} INFO - Sync 1 DAGs
[2025-08-06T14:07:29.899-0400] {logging_mixin.py:190} INFO - [2025-08-06T14:07:29.899-0400] {dag.py:4180} INFO - Setting next_dagrun for latest_only to 2025-08-06 12:00:00+00:00, run_after=2025-08-06 16:00:00+00:00
[2025-08-06T14:07:29.914-0400] {processor.py:208} INFO - Processing /home/huynguyen2741/airflow_venv/lib/python3.12/site-packages/airflow/example_dags/example_latest_only.py took 0.054 seconds
[2025-08-06T14:08:37.203-0400] {processor.py:186} INFO - Started process (PID=20395) to work on /home/huynguyen2741/airflow_venv/lib/python3.12/site-packages/airflow/example_dags/example_latest_only.py
[2025-08-06T14:08:37.204-0400] {processor.py:914} INFO - Processing file /home/huynguyen2741/airflow_venv/lib/python3.12/site-packages/airflow/example_dags/example_latest_only.py for tasks to queue
[2025-08-06T14:08:37.206-0400] {logging_mixin.py:190} INFO - [2025-08-06T14:08:37.205-0400] {dagbag.py:588} INFO - Filling up the DagBag from /home/huynguyen2741/airflow_venv/lib/python3.12/site-packages/airflow/example_dags/example_latest_only.py
[2025-08-06T14:08:37.212-0400] {processor.py:925} INFO - DAG(s) 'latest_only' retrieved from /home/huynguyen2741/airflow_venv/lib/python3.12/site-packages/airflow/example_dags/example_latest_only.py
[2025-08-06T14:08:37.222-0400] {logging_mixin.py:190} INFO - [2025-08-06T14:08:37.222-0400] {dag.py:3239} INFO - Sync 1 DAGs
[2025-08-06T14:08:37.235-0400] {logging_mixin.py:190} INFO - [2025-08-06T14:08:37.235-0400] {dag.py:4180} INFO - Setting next_dagrun for latest_only to 2025-08-06 12:00:00+00:00, run_after=2025-08-06 16:00:00+00:00
[2025-08-06T14:08:37.252-0400] {processor.py:208} INFO - Processing /home/huynguyen2741/airflow_venv/lib/python3.12/site-packages/airflow/example_dags/example_latest_only.py took 0.053 seconds
[2025-08-06T14:09:49.369-0400] {processor.py:186} INFO - Started process (PID=20901) to work on /home/huynguyen2741/airflow_venv/lib/python3.12/site-packages/airflow/example_dags/example_latest_only.py
[2025-08-06T14:09:49.370-0400] {processor.py:914} INFO - Processing file /home/huynguyen2741/airflow_venv/lib/python3.12/site-packages/airflow/example_dags/example_latest_only.py for tasks to queue
[2025-08-06T14:09:49.372-0400] {logging_mixin.py:190} INFO - [2025-08-06T14:09:49.371-0400] {dagbag.py:588} INFO - Filling up the DagBag from /home/huynguyen2741/airflow_venv/lib/python3.12/site-packages/airflow/example_dags/example_latest_only.py
[2025-08-06T14:09:49.378-0400] {processor.py:925} INFO - DAG(s) 'latest_only' retrieved from /home/huynguyen2741/airflow_venv/lib/python3.12/site-packages/airflow/example_dags/example_latest_only.py
[2025-08-06T14:09:49.389-0400] {logging_mixin.py:190} INFO - [2025-08-06T14:09:49.389-0400] {dag.py:3239} INFO - Sync 1 DAGs
[2025-08-06T14:09:49.402-0400] {logging_mixin.py:190} INFO - [2025-08-06T14:09:49.401-0400] {dag.py:4180} INFO - Setting next_dagrun for latest_only to 2025-08-06 12:00:00+00:00, run_after=2025-08-06 16:00:00+00:00
[2025-08-06T14:09:49.418-0400] {processor.py:208} INFO - Processing /home/huynguyen2741/airflow_venv/lib/python3.12/site-packages/airflow/example_dags/example_latest_only.py took 0.053 seconds
[2025-08-06T14:10:44.895-0400] {processor.py:186} INFO - Started process (PID=21243) to work on /home/huynguyen2741/airflow_venv/lib/python3.12/site-packages/airflow/example_dags/example_latest_only.py
[2025-08-06T14:10:44.896-0400] {processor.py:914} INFO - Processing file /home/huynguyen2741/airflow_venv/lib/python3.12/site-packages/airflow/example_dags/example_latest_only.py for tasks to queue
[2025-08-06T14:10:44.897-0400] {logging_mixin.py:190} INFO - [2025-08-06T14:10:44.897-0400] {dagbag.py:588} INFO - Filling up the DagBag from /home/huynguyen2741/airflow_venv/lib/python3.12/site-packages/airflow/example_dags/example_latest_only.py
[2025-08-06T14:10:44.903-0400] {processor.py:925} INFO - DAG(s) 'latest_only' retrieved from /home/huynguyen2741/airflow_venv/lib/python3.12/site-packages/airflow/example_dags/example_latest_only.py
[2025-08-06T14:10:44.913-0400] {logging_mixin.py:190} INFO - [2025-08-06T14:10:44.913-0400] {dag.py:3239} INFO - Sync 1 DAGs
[2025-08-06T14:10:44.927-0400] {logging_mixin.py:190} INFO - [2025-08-06T14:10:44.927-0400] {dag.py:4180} INFO - Setting next_dagrun for latest_only to 2025-08-06 12:00:00+00:00, run_after=2025-08-06 16:00:00+00:00
[2025-08-06T14:10:44.944-0400] {processor.py:208} INFO - Processing /home/huynguyen2741/airflow_venv/lib/python3.12/site-packages/airflow/example_dags/example_latest_only.py took 0.054 seconds
[2025-08-06T14:11:51.950-0400] {processor.py:186} INFO - Started process (PID=21479) to work on /home/huynguyen2741/airflow_venv/lib/python3.12/site-packages/airflow/example_dags/example_latest_only.py
[2025-08-06T14:11:51.954-0400] {processor.py:914} INFO - Processing file /home/huynguyen2741/airflow_venv/lib/python3.12/site-packages/airflow/example_dags/example_latest_only.py for tasks to queue
[2025-08-06T14:11:51.955-0400] {logging_mixin.py:190} INFO - [2025-08-06T14:11:51.955-0400] {dagbag.py:588} INFO - Filling up the DagBag from /home/huynguyen2741/airflow_venv/lib/python3.12/site-packages/airflow/example_dags/example_latest_only.py
[2025-08-06T14:11:51.961-0400] {processor.py:925} INFO - DAG(s) 'latest_only' retrieved from /home/huynguyen2741/airflow_venv/lib/python3.12/site-packages/airflow/example_dags/example_latest_only.py
[2025-08-06T14:11:51.975-0400] {logging_mixin.py:190} INFO - [2025-08-06T14:11:51.975-0400] {dag.py:3239} INFO - Sync 1 DAGs
[2025-08-06T14:11:51.991-0400] {logging_mixin.py:190} INFO - [2025-08-06T14:11:51.991-0400] {dag.py:4180} INFO - Setting next_dagrun for latest_only to 2025-08-06 12:00:00+00:00, run_after=2025-08-06 16:00:00+00:00
[2025-08-06T14:11:52.009-0400] {processor.py:208} INFO - Processing /home/huynguyen2741/airflow_venv/lib/python3.12/site-packages/airflow/example_dags/example_latest_only.py took 0.063 seconds
[2025-08-06T14:12:55.496-0400] {processor.py:186} INFO - Started process (PID=21905) to work on /home/huynguyen2741/airflow_venv/lib/python3.12/site-packages/airflow/example_dags/example_latest_only.py
[2025-08-06T14:12:55.501-0400] {processor.py:914} INFO - Processing file /home/huynguyen2741/airflow_venv/lib/python3.12/site-packages/airflow/example_dags/example_latest_only.py for tasks to queue
[2025-08-06T14:12:55.502-0400] {logging_mixin.py:190} INFO - [2025-08-06T14:12:55.502-0400] {dagbag.py:588} INFO - Filling up the DagBag from /home/huynguyen2741/airflow_venv/lib/python3.12/site-packages/airflow/example_dags/example_latest_only.py
[2025-08-06T14:12:55.509-0400] {processor.py:925} INFO - DAG(s) 'latest_only' retrieved from /home/huynguyen2741/airflow_venv/lib/python3.12/site-packages/airflow/example_dags/example_latest_only.py
[2025-08-06T14:12:55.522-0400] {logging_mixin.py:190} INFO - [2025-08-06T14:12:55.522-0400] {dag.py:3239} INFO - Sync 1 DAGs
[2025-08-06T14:12:55.537-0400] {logging_mixin.py:190} INFO - [2025-08-06T14:12:55.537-0400] {dag.py:4180} INFO - Setting next_dagrun for latest_only to 2025-08-06 12:00:00+00:00, run_after=2025-08-06 16:00:00+00:00
[2025-08-06T14:12:55.553-0400] {processor.py:208} INFO - Processing /home/huynguyen2741/airflow_venv/lib/python3.12/site-packages/airflow/example_dags/example_latest_only.py took 0.061 seconds
[2025-08-06T14:14:01.308-0400] {processor.py:186} INFO - Started process (PID=22344) to work on /home/huynguyen2741/airflow_venv/lib/python3.12/site-packages/airflow/example_dags/example_latest_only.py
[2025-08-06T14:14:01.312-0400] {processor.py:914} INFO - Processing file /home/huynguyen2741/airflow_venv/lib/python3.12/site-packages/airflow/example_dags/example_latest_only.py for tasks to queue
[2025-08-06T14:14:01.313-0400] {logging_mixin.py:190} INFO - [2025-08-06T14:14:01.313-0400] {dagbag.py:588} INFO - Filling up the DagBag from /home/huynguyen2741/airflow_venv/lib/python3.12/site-packages/airflow/example_dags/example_latest_only.py
[2025-08-06T14:14:01.320-0400] {processor.py:925} INFO - DAG(s) 'latest_only' retrieved from /home/huynguyen2741/airflow_venv/lib/python3.12/site-packages/airflow/example_dags/example_latest_only.py
[2025-08-06T14:14:01.335-0400] {logging_mixin.py:190} INFO - [2025-08-06T14:14:01.335-0400] {dag.py:3239} INFO - Sync 1 DAGs
[2025-08-06T14:14:01.350-0400] {logging_mixin.py:190} INFO - [2025-08-06T14:14:01.350-0400] {dag.py:4180} INFO - Setting next_dagrun for latest_only to 2025-08-06 12:00:00+00:00, run_after=2025-08-06 16:00:00+00:00
[2025-08-06T14:14:01.367-0400] {processor.py:208} INFO - Processing /home/huynguyen2741/airflow_venv/lib/python3.12/site-packages/airflow/example_dags/example_latest_only.py took 0.064 seconds
[2025-08-06T14:15:06.069-0400] {processor.py:186} INFO - Started process (PID=22689) to work on /home/huynguyen2741/airflow_venv/lib/python3.12/site-packages/airflow/example_dags/example_latest_only.py
[2025-08-06T14:15:06.073-0400] {processor.py:914} INFO - Processing file /home/huynguyen2741/airflow_venv/lib/python3.12/site-packages/airflow/example_dags/example_latest_only.py for tasks to queue
[2025-08-06T14:15:06.074-0400] {logging_mixin.py:190} INFO - [2025-08-06T14:15:06.073-0400] {dagbag.py:588} INFO - Filling up the DagBag from /home/huynguyen2741/airflow_venv/lib/python3.12/site-packages/airflow/example_dags/example_latest_only.py
[2025-08-06T14:15:06.080-0400] {processor.py:925} INFO - DAG(s) 'latest_only' retrieved from /home/huynguyen2741/airflow_venv/lib/python3.12/site-packages/airflow/example_dags/example_latest_only.py
[2025-08-06T14:15:06.093-0400] {logging_mixin.py:190} INFO - [2025-08-06T14:15:06.093-0400] {dag.py:3239} INFO - Sync 1 DAGs
[2025-08-06T14:15:06.109-0400] {logging_mixin.py:190} INFO - [2025-08-06T14:15:06.109-0400] {dag.py:4180} INFO - Setting next_dagrun for latest_only to 2025-08-06 12:00:00+00:00, run_after=2025-08-06 16:00:00+00:00
[2025-08-06T14:15:06.126-0400] {processor.py:208} INFO - Processing /home/huynguyen2741/airflow_venv/lib/python3.12/site-packages/airflow/example_dags/example_latest_only.py took 0.062 seconds
[2025-08-06T14:16:02.776-0400] {processor.py:186} INFO - Started process (PID=23036) to work on /home/huynguyen2741/airflow_venv/lib/python3.12/site-packages/airflow/example_dags/example_latest_only.py
[2025-08-06T14:16:02.786-0400] {processor.py:914} INFO - Processing file /home/huynguyen2741/airflow_venv/lib/python3.12/site-packages/airflow/example_dags/example_latest_only.py for tasks to queue
[2025-08-06T14:16:02.787-0400] {logging_mixin.py:190} INFO - [2025-08-06T14:16:02.787-0400] {dagbag.py:588} INFO - Filling up the DagBag from /home/huynguyen2741/airflow_venv/lib/python3.12/site-packages/airflow/example_dags/example_latest_only.py
[2025-08-06T14:16:02.794-0400] {processor.py:925} INFO - DAG(s) 'latest_only' retrieved from /home/huynguyen2741/airflow_venv/lib/python3.12/site-packages/airflow/example_dags/example_latest_only.py
[2025-08-06T14:16:02.809-0400] {logging_mixin.py:190} INFO - [2025-08-06T14:16:02.809-0400] {dag.py:3239} INFO - Sync 1 DAGs
[2025-08-06T14:16:02.826-0400] {logging_mixin.py:190} INFO - [2025-08-06T14:16:02.826-0400] {dag.py:4180} INFO - Setting next_dagrun for latest_only to 2025-08-06 12:00:00+00:00, run_after=2025-08-06 16:00:00+00:00
[2025-08-06T14:16:02.844-0400] {processor.py:208} INFO - Processing /home/huynguyen2741/airflow_venv/lib/python3.12/site-packages/airflow/example_dags/example_latest_only.py took 0.072 seconds
[2025-08-06T14:17:10.501-0400] {processor.py:186} INFO - Started process (PID=23284) to work on /home/huynguyen2741/airflow_venv/lib/python3.12/site-packages/airflow/example_dags/example_latest_only.py
[2025-08-06T14:17:10.505-0400] {processor.py:914} INFO - Processing file /home/huynguyen2741/airflow_venv/lib/python3.12/site-packages/airflow/example_dags/example_latest_only.py for tasks to queue
[2025-08-06T14:17:10.507-0400] {logging_mixin.py:190} INFO - [2025-08-06T14:17:10.507-0400] {dagbag.py:588} INFO - Filling up the DagBag from /home/huynguyen2741/airflow_venv/lib/python3.12/site-packages/airflow/example_dags/example_latest_only.py
[2025-08-06T14:17:10.513-0400] {processor.py:925} INFO - DAG(s) 'latest_only' retrieved from /home/huynguyen2741/airflow_venv/lib/python3.12/site-packages/airflow/example_dags/example_latest_only.py
[2025-08-06T14:17:10.526-0400] {logging_mixin.py:190} INFO - [2025-08-06T14:17:10.526-0400] {dag.py:3239} INFO - Sync 1 DAGs
[2025-08-06T14:17:10.541-0400] {logging_mixin.py:190} INFO - [2025-08-06T14:17:10.541-0400] {dag.py:4180} INFO - Setting next_dagrun for latest_only to 2025-08-06 12:00:00+00:00, run_after=2025-08-06 16:00:00+00:00
[2025-08-06T14:17:10.558-0400] {processor.py:208} INFO - Processing /home/huynguyen2741/airflow_venv/lib/python3.12/site-packages/airflow/example_dags/example_latest_only.py took 0.061 seconds
[2025-08-06T14:18:16.223-0400] {processor.py:186} INFO - Started process (PID=23523) to work on /home/huynguyen2741/airflow_venv/lib/python3.12/site-packages/airflow/example_dags/example_latest_only.py
[2025-08-06T14:18:16.224-0400] {processor.py:914} INFO - Processing file /home/huynguyen2741/airflow_venv/lib/python3.12/site-packages/airflow/example_dags/example_latest_only.py for tasks to queue
[2025-08-06T14:18:16.226-0400] {logging_mixin.py:190} INFO - [2025-08-06T14:18:16.225-0400] {dagbag.py:588} INFO - Filling up the DagBag from /home/huynguyen2741/airflow_venv/lib/python3.12/site-packages/airflow/example_dags/example_latest_only.py
[2025-08-06T14:18:16.233-0400] {processor.py:925} INFO - DAG(s) 'latest_only' retrieved from /home/huynguyen2741/airflow_venv/lib/python3.12/site-packages/airflow/example_dags/example_latest_only.py
[2025-08-06T14:18:16.247-0400] {logging_mixin.py:190} INFO - [2025-08-06T14:18:16.247-0400] {dag.py:3239} INFO - Sync 1 DAGs
[2025-08-06T14:18:16.262-0400] {logging_mixin.py:190} INFO - [2025-08-06T14:18:16.261-0400] {dag.py:4180} INFO - Setting next_dagrun for latest_only to 2025-08-06 12:00:00+00:00, run_after=2025-08-06 16:00:00+00:00
[2025-08-06T14:18:16.278-0400] {processor.py:208} INFO - Processing /home/huynguyen2741/airflow_venv/lib/python3.12/site-packages/airflow/example_dags/example_latest_only.py took 0.060 seconds
[2025-08-06T14:19:23.885-0400] {processor.py:186} INFO - Started process (PID=23794) to work on /home/huynguyen2741/airflow_venv/lib/python3.12/site-packages/airflow/example_dags/example_latest_only.py
[2025-08-06T14:19:23.889-0400] {processor.py:914} INFO - Processing file /home/huynguyen2741/airflow_venv/lib/python3.12/site-packages/airflow/example_dags/example_latest_only.py for tasks to queue
[2025-08-06T14:19:23.890-0400] {logging_mixin.py:190} INFO - [2025-08-06T14:19:23.890-0400] {dagbag.py:588} INFO - Filling up the DagBag from /home/huynguyen2741/airflow_venv/lib/python3.12/site-packages/airflow/example_dags/example_latest_only.py
[2025-08-06T14:19:23.896-0400] {processor.py:925} INFO - DAG(s) 'latest_only' retrieved from /home/huynguyen2741/airflow_venv/lib/python3.12/site-packages/airflow/example_dags/example_latest_only.py
[2025-08-06T14:19:23.909-0400] {logging_mixin.py:190} INFO - [2025-08-06T14:19:23.909-0400] {dag.py:3239} INFO - Sync 1 DAGs
[2025-08-06T14:19:23.923-0400] {logging_mixin.py:190} INFO - [2025-08-06T14:19:23.923-0400] {dag.py:4180} INFO - Setting next_dagrun for latest_only to 2025-08-06 12:00:00+00:00, run_after=2025-08-06 16:00:00+00:00
[2025-08-06T14:19:23.940-0400] {processor.py:208} INFO - Processing /home/huynguyen2741/airflow_venv/lib/python3.12/site-packages/airflow/example_dags/example_latest_only.py took 0.059 seconds
[2025-08-06T14:20:27.806-0400] {processor.py:186} INFO - Started process (PID=24021) to work on /home/huynguyen2741/airflow_venv/lib/python3.12/site-packages/airflow/example_dags/example_latest_only.py
[2025-08-06T14:20:27.808-0400] {processor.py:914} INFO - Processing file /home/huynguyen2741/airflow_venv/lib/python3.12/site-packages/airflow/example_dags/example_latest_only.py for tasks to queue
[2025-08-06T14:20:27.809-0400] {logging_mixin.py:190} INFO - [2025-08-06T14:20:27.808-0400] {dagbag.py:588} INFO - Filling up the DagBag from /home/huynguyen2741/airflow_venv/lib/python3.12/site-packages/airflow/example_dags/example_latest_only.py
[2025-08-06T14:20:27.815-0400] {processor.py:925} INFO - DAG(s) 'latest_only' retrieved from /home/huynguyen2741/airflow_venv/lib/python3.12/site-packages/airflow/example_dags/example_latest_only.py
[2025-08-06T14:20:27.827-0400] {logging_mixin.py:190} INFO - [2025-08-06T14:20:27.827-0400] {dag.py:3239} INFO - Sync 1 DAGs
[2025-08-06T14:20:27.842-0400] {logging_mixin.py:190} INFO - [2025-08-06T14:20:27.841-0400] {dag.py:4180} INFO - Setting next_dagrun for latest_only to 2025-08-06 12:00:00+00:00, run_after=2025-08-06 16:00:00+00:00
[2025-08-06T14:20:27.859-0400] {processor.py:208} INFO - Processing /home/huynguyen2741/airflow_venv/lib/python3.12/site-packages/airflow/example_dags/example_latest_only.py took 0.057 seconds
[2025-08-06T14:21:36.562-0400] {processor.py:186} INFO - Started process (PID=24263) to work on /home/huynguyen2741/airflow_venv/lib/python3.12/site-packages/airflow/example_dags/example_latest_only.py
[2025-08-06T14:21:36.572-0400] {processor.py:914} INFO - Processing file /home/huynguyen2741/airflow_venv/lib/python3.12/site-packages/airflow/example_dags/example_latest_only.py for tasks to queue
[2025-08-06T14:21:36.573-0400] {logging_mixin.py:190} INFO - [2025-08-06T14:21:36.573-0400] {dagbag.py:588} INFO - Filling up the DagBag from /home/huynguyen2741/airflow_venv/lib/python3.12/site-packages/airflow/example_dags/example_latest_only.py
[2025-08-06T14:21:36.579-0400] {processor.py:925} INFO - DAG(s) 'latest_only' retrieved from /home/huynguyen2741/airflow_venv/lib/python3.12/site-packages/airflow/example_dags/example_latest_only.py
[2025-08-06T14:21:36.594-0400] {logging_mixin.py:190} INFO - [2025-08-06T14:21:36.594-0400] {dag.py:3239} INFO - Sync 1 DAGs
[2025-08-06T14:21:36.609-0400] {logging_mixin.py:190} INFO - [2025-08-06T14:21:36.609-0400] {dag.py:4180} INFO - Setting next_dagrun for latest_only to 2025-08-06 12:00:00+00:00, run_after=2025-08-06 16:00:00+00:00
[2025-08-06T14:21:36.626-0400] {processor.py:208} INFO - Processing /home/huynguyen2741/airflow_venv/lib/python3.12/site-packages/airflow/example_dags/example_latest_only.py took 0.068 seconds
[2025-08-06T14:22:37.734-0400] {processor.py:186} INFO - Started process (PID=24610) to work on /home/huynguyen2741/airflow_venv/lib/python3.12/site-packages/airflow/example_dags/example_latest_only.py
[2025-08-06T14:22:37.744-0400] {processor.py:914} INFO - Processing file /home/huynguyen2741/airflow_venv/lib/python3.12/site-packages/airflow/example_dags/example_latest_only.py for tasks to queue
[2025-08-06T14:22:37.746-0400] {logging_mixin.py:190} INFO - [2025-08-06T14:22:37.745-0400] {dagbag.py:588} INFO - Filling up the DagBag from /home/huynguyen2741/airflow_venv/lib/python3.12/site-packages/airflow/example_dags/example_latest_only.py
[2025-08-06T14:22:37.751-0400] {processor.py:925} INFO - DAG(s) 'latest_only' retrieved from /home/huynguyen2741/airflow_venv/lib/python3.12/site-packages/airflow/example_dags/example_latest_only.py
[2025-08-06T14:22:37.763-0400] {logging_mixin.py:190} INFO - [2025-08-06T14:22:37.763-0400] {dag.py:3239} INFO - Sync 1 DAGs
[2025-08-06T14:22:37.778-0400] {logging_mixin.py:190} INFO - [2025-08-06T14:22:37.778-0400] {dag.py:4180} INFO - Setting next_dagrun for latest_only to 2025-08-06 12:00:00+00:00, run_after=2025-08-06 16:00:00+00:00
[2025-08-06T14:22:37.793-0400] {processor.py:208} INFO - Processing /home/huynguyen2741/airflow_venv/lib/python3.12/site-packages/airflow/example_dags/example_latest_only.py took 0.063 seconds
[2025-08-06T14:23:39.476-0400] {processor.py:186} INFO - Started process (PID=25084) to work on /home/huynguyen2741/airflow_venv/lib/python3.12/site-packages/airflow/example_dags/example_latest_only.py
[2025-08-06T14:23:39.477-0400] {processor.py:914} INFO - Processing file /home/huynguyen2741/airflow_venv/lib/python3.12/site-packages/airflow/example_dags/example_latest_only.py for tasks to queue
[2025-08-06T14:23:39.478-0400] {logging_mixin.py:190} INFO - [2025-08-06T14:23:39.477-0400] {dagbag.py:588} INFO - Filling up the DagBag from /home/huynguyen2741/airflow_venv/lib/python3.12/site-packages/airflow/example_dags/example_latest_only.py
[2025-08-06T14:23:39.483-0400] {processor.py:925} INFO - DAG(s) 'latest_only' retrieved from /home/huynguyen2741/airflow_venv/lib/python3.12/site-packages/airflow/example_dags/example_latest_only.py
[2025-08-06T14:23:39.494-0400] {logging_mixin.py:190} INFO - [2025-08-06T14:23:39.494-0400] {dag.py:3239} INFO - Sync 1 DAGs
[2025-08-06T14:23:39.507-0400] {logging_mixin.py:190} INFO - [2025-08-06T14:23:39.506-0400] {dag.py:4180} INFO - Setting next_dagrun for latest_only to 2025-08-06 12:00:00+00:00, run_after=2025-08-06 16:00:00+00:00
[2025-08-06T14:23:39.522-0400] {processor.py:208} INFO - Processing /home/huynguyen2741/airflow_venv/lib/python3.12/site-packages/airflow/example_dags/example_latest_only.py took 0.052 seconds
[2025-08-06T14:24:49.902-0400] {processor.py:186} INFO - Started process (PID=25361) to work on /home/huynguyen2741/airflow_venv/lib/python3.12/site-packages/airflow/example_dags/example_latest_only.py
[2025-08-06T14:24:49.903-0400] {processor.py:914} INFO - Processing file /home/huynguyen2741/airflow_venv/lib/python3.12/site-packages/airflow/example_dags/example_latest_only.py for tasks to queue
[2025-08-06T14:24:49.904-0400] {logging_mixin.py:190} INFO - [2025-08-06T14:24:49.903-0400] {dagbag.py:588} INFO - Filling up the DagBag from /home/huynguyen2741/airflow_venv/lib/python3.12/site-packages/airflow/example_dags/example_latest_only.py
[2025-08-06T14:24:49.909-0400] {processor.py:925} INFO - DAG(s) 'latest_only' retrieved from /home/huynguyen2741/airflow_venv/lib/python3.12/site-packages/airflow/example_dags/example_latest_only.py
[2025-08-06T14:24:49.920-0400] {logging_mixin.py:190} INFO - [2025-08-06T14:24:49.920-0400] {dag.py:3239} INFO - Sync 1 DAGs
[2025-08-06T14:24:49.932-0400] {logging_mixin.py:190} INFO - [2025-08-06T14:24:49.932-0400] {dag.py:4180} INFO - Setting next_dagrun for latest_only to 2025-08-06 12:00:00+00:00, run_after=2025-08-06 16:00:00+00:00
[2025-08-06T14:24:49.951-0400] {processor.py:208} INFO - Processing /home/huynguyen2741/airflow_venv/lib/python3.12/site-packages/airflow/example_dags/example_latest_only.py took 0.054 seconds
[2025-08-06T14:25:50.404-0400] {processor.py:186} INFO - Started process (PID=25683) to work on /home/huynguyen2741/airflow_venv/lib/python3.12/site-packages/airflow/example_dags/example_latest_only.py
[2025-08-06T14:25:50.405-0400] {processor.py:914} INFO - Processing file /home/huynguyen2741/airflow_venv/lib/python3.12/site-packages/airflow/example_dags/example_latest_only.py for tasks to queue
[2025-08-06T14:25:50.406-0400] {logging_mixin.py:190} INFO - [2025-08-06T14:25:50.405-0400] {dagbag.py:588} INFO - Filling up the DagBag from /home/huynguyen2741/airflow_venv/lib/python3.12/site-packages/airflow/example_dags/example_latest_only.py
[2025-08-06T14:25:50.412-0400] {processor.py:925} INFO - DAG(s) 'latest_only' retrieved from /home/huynguyen2741/airflow_venv/lib/python3.12/site-packages/airflow/example_dags/example_latest_only.py
[2025-08-06T14:25:50.423-0400] {logging_mixin.py:190} INFO - [2025-08-06T14:25:50.423-0400] {dag.py:3239} INFO - Sync 1 DAGs
[2025-08-06T14:25:50.435-0400] {logging_mixin.py:190} INFO - [2025-08-06T14:25:50.435-0400] {dag.py:4180} INFO - Setting next_dagrun for latest_only to 2025-08-06 12:00:00+00:00, run_after=2025-08-06 16:00:00+00:00
[2025-08-06T14:25:50.453-0400] {processor.py:208} INFO - Processing /home/huynguyen2741/airflow_venv/lib/python3.12/site-packages/airflow/example_dags/example_latest_only.py took 0.055 seconds
[2025-08-06T14:26:58.132-0400] {processor.py:186} INFO - Started process (PID=25948) to work on /home/huynguyen2741/airflow_venv/lib/python3.12/site-packages/airflow/example_dags/example_latest_only.py
[2025-08-06T14:26:58.136-0400] {processor.py:914} INFO - Processing file /home/huynguyen2741/airflow_venv/lib/python3.12/site-packages/airflow/example_dags/example_latest_only.py for tasks to queue
[2025-08-06T14:26:58.137-0400] {logging_mixin.py:190} INFO - [2025-08-06T14:26:58.137-0400] {dagbag.py:588} INFO - Filling up the DagBag from /home/huynguyen2741/airflow_venv/lib/python3.12/site-packages/airflow/example_dags/example_latest_only.py
[2025-08-06T14:26:58.143-0400] {processor.py:925} INFO - DAG(s) 'latest_only' retrieved from /home/huynguyen2741/airflow_venv/lib/python3.12/site-packages/airflow/example_dags/example_latest_only.py
[2025-08-06T14:26:58.154-0400] {logging_mixin.py:190} INFO - [2025-08-06T14:26:58.154-0400] {dag.py:3239} INFO - Sync 1 DAGs
[2025-08-06T14:26:58.167-0400] {logging_mixin.py:190} INFO - [2025-08-06T14:26:58.166-0400] {dag.py:4180} INFO - Setting next_dagrun for latest_only to 2025-08-06 12:00:00+00:00, run_after=2025-08-06 16:00:00+00:00
[2025-08-06T14:26:58.183-0400] {processor.py:208} INFO - Processing /home/huynguyen2741/airflow_venv/lib/python3.12/site-packages/airflow/example_dags/example_latest_only.py took 0.056 seconds
[2025-08-06T14:28:03.649-0400] {processor.py:186} INFO - Started process (PID=26247) to work on /home/huynguyen2741/airflow_venv/lib/python3.12/site-packages/airflow/example_dags/example_latest_only.py
[2025-08-06T14:28:03.653-0400] {processor.py:914} INFO - Processing file /home/huynguyen2741/airflow_venv/lib/python3.12/site-packages/airflow/example_dags/example_latest_only.py for tasks to queue
[2025-08-06T14:28:03.655-0400] {logging_mixin.py:190} INFO - [2025-08-06T14:28:03.654-0400] {dagbag.py:588} INFO - Filling up the DagBag from /home/huynguyen2741/airflow_venv/lib/python3.12/site-packages/airflow/example_dags/example_latest_only.py
[2025-08-06T14:28:03.661-0400] {processor.py:925} INFO - DAG(s) 'latest_only' retrieved from /home/huynguyen2741/airflow_venv/lib/python3.12/site-packages/airflow/example_dags/example_latest_only.py
[2025-08-06T14:28:03.673-0400] {logging_mixin.py:190} INFO - [2025-08-06T14:28:03.672-0400] {dag.py:3239} INFO - Sync 1 DAGs
[2025-08-06T14:28:03.687-0400] {logging_mixin.py:190} INFO - [2025-08-06T14:28:03.687-0400] {dag.py:4180} INFO - Setting next_dagrun for latest_only to 2025-08-06 12:00:00+00:00, run_after=2025-08-06 16:00:00+00:00
[2025-08-06T14:28:03.704-0400] {processor.py:208} INFO - Processing /home/huynguyen2741/airflow_venv/lib/python3.12/site-packages/airflow/example_dags/example_latest_only.py took 0.061 seconds
[2025-08-06T14:29:10.411-0400] {processor.py:186} INFO - Started process (PID=26523) to work on /home/huynguyen2741/airflow_venv/lib/python3.12/site-packages/airflow/example_dags/example_latest_only.py
[2025-08-06T14:29:10.415-0400] {processor.py:914} INFO - Processing file /home/huynguyen2741/airflow_venv/lib/python3.12/site-packages/airflow/example_dags/example_latest_only.py for tasks to queue
[2025-08-06T14:29:10.416-0400] {logging_mixin.py:190} INFO - [2025-08-06T14:29:10.416-0400] {dagbag.py:588} INFO - Filling up the DagBag from /home/huynguyen2741/airflow_venv/lib/python3.12/site-packages/airflow/example_dags/example_latest_only.py
[2025-08-06T14:29:10.422-0400] {processor.py:925} INFO - DAG(s) 'latest_only' retrieved from /home/huynguyen2741/airflow_venv/lib/python3.12/site-packages/airflow/example_dags/example_latest_only.py
[2025-08-06T14:29:10.433-0400] {logging_mixin.py:190} INFO - [2025-08-06T14:29:10.433-0400] {dag.py:3239} INFO - Sync 1 DAGs
[2025-08-06T14:29:10.448-0400] {logging_mixin.py:190} INFO - [2025-08-06T14:29:10.448-0400] {dag.py:4180} INFO - Setting next_dagrun for latest_only to 2025-08-06 12:00:00+00:00, run_after=2025-08-06 16:00:00+00:00
[2025-08-06T14:29:10.464-0400] {processor.py:208} INFO - Processing /home/huynguyen2741/airflow_venv/lib/python3.12/site-packages/airflow/example_dags/example_latest_only.py took 0.059 seconds
[2025-08-06T14:30:21.550-0400] {processor.py:186} INFO - Started process (PID=26922) to work on /home/huynguyen2741/airflow_venv/lib/python3.12/site-packages/airflow/example_dags/example_latest_only.py
[2025-08-06T14:30:21.552-0400] {processor.py:914} INFO - Processing file /home/huynguyen2741/airflow_venv/lib/python3.12/site-packages/airflow/example_dags/example_latest_only.py for tasks to queue
[2025-08-06T14:30:21.553-0400] {logging_mixin.py:190} INFO - [2025-08-06T14:30:21.552-0400] {dagbag.py:588} INFO - Filling up the DagBag from /home/huynguyen2741/airflow_venv/lib/python3.12/site-packages/airflow/example_dags/example_latest_only.py
[2025-08-06T14:30:21.559-0400] {processor.py:925} INFO - DAG(s) 'latest_only' retrieved from /home/huynguyen2741/airflow_venv/lib/python3.12/site-packages/airflow/example_dags/example_latest_only.py
[2025-08-06T14:30:21.572-0400] {logging_mixin.py:190} INFO - [2025-08-06T14:30:21.571-0400] {dag.py:3239} INFO - Sync 1 DAGs
[2025-08-06T14:30:21.586-0400] {logging_mixin.py:190} INFO - [2025-08-06T14:30:21.586-0400] {dag.py:4180} INFO - Setting next_dagrun for latest_only to 2025-08-06 12:00:00+00:00, run_after=2025-08-06 16:00:00+00:00
[2025-08-06T14:30:21.603-0400] {processor.py:208} INFO - Processing /home/huynguyen2741/airflow_venv/lib/python3.12/site-packages/airflow/example_dags/example_latest_only.py took 0.058 seconds
[2025-08-06T14:31:36.816-0400] {processor.py:186} INFO - Started process (PID=27234) to work on /home/huynguyen2741/airflow_venv/lib/python3.12/site-packages/airflow/example_dags/example_latest_only.py
[2025-08-06T14:31:36.826-0400] {processor.py:914} INFO - Processing file /home/huynguyen2741/airflow_venv/lib/python3.12/site-packages/airflow/example_dags/example_latest_only.py for tasks to queue
[2025-08-06T14:31:36.827-0400] {logging_mixin.py:190} INFO - [2025-08-06T14:31:36.827-0400] {dagbag.py:588} INFO - Filling up the DagBag from /home/huynguyen2741/airflow_venv/lib/python3.12/site-packages/airflow/example_dags/example_latest_only.py
[2025-08-06T14:31:36.833-0400] {processor.py:925} INFO - DAG(s) 'latest_only' retrieved from /home/huynguyen2741/airflow_venv/lib/python3.12/site-packages/airflow/example_dags/example_latest_only.py
[2025-08-06T14:31:36.845-0400] {logging_mixin.py:190} INFO - [2025-08-06T14:31:36.845-0400] {dag.py:3239} INFO - Sync 1 DAGs
[2025-08-06T14:31:36.861-0400] {logging_mixin.py:190} INFO - [2025-08-06T14:31:36.860-0400] {dag.py:4180} INFO - Setting next_dagrun for latest_only to 2025-08-06 12:00:00+00:00, run_after=2025-08-06 16:00:00+00:00
[2025-08-06T14:31:36.879-0400] {processor.py:208} INFO - Processing /home/huynguyen2741/airflow_venv/lib/python3.12/site-packages/airflow/example_dags/example_latest_only.py took 0.068 seconds
[2025-08-06T14:32:46.022-0400] {processor.py:186} INFO - Started process (PID=27491) to work on /home/huynguyen2741/airflow_venv/lib/python3.12/site-packages/airflow/example_dags/example_latest_only.py
[2025-08-06T14:32:46.032-0400] {processor.py:914} INFO - Processing file /home/huynguyen2741/airflow_venv/lib/python3.12/site-packages/airflow/example_dags/example_latest_only.py for tasks to queue
[2025-08-06T14:32:46.033-0400] {logging_mixin.py:190} INFO - [2025-08-06T14:32:46.033-0400] {dagbag.py:588} INFO - Filling up the DagBag from /home/huynguyen2741/airflow_venv/lib/python3.12/site-packages/airflow/example_dags/example_latest_only.py
[2025-08-06T14:32:46.040-0400] {processor.py:925} INFO - DAG(s) 'latest_only' retrieved from /home/huynguyen2741/airflow_venv/lib/python3.12/site-packages/airflow/example_dags/example_latest_only.py
[2025-08-06T14:32:46.055-0400] {logging_mixin.py:190} INFO - [2025-08-06T14:32:46.055-0400] {dag.py:3239} INFO - Sync 1 DAGs
[2025-08-06T14:32:46.071-0400] {logging_mixin.py:190} INFO - [2025-08-06T14:32:46.071-0400] {dag.py:4180} INFO - Setting next_dagrun for latest_only to 2025-08-06 12:00:00+00:00, run_after=2025-08-06 16:00:00+00:00
[2025-08-06T14:32:46.090-0400] {processor.py:208} INFO - Processing /home/huynguyen2741/airflow_venv/lib/python3.12/site-packages/airflow/example_dags/example_latest_only.py took 0.074 seconds
[2025-08-06T14:33:56.216-0400] {processor.py:186} INFO - Started process (PID=27818) to work on /home/huynguyen2741/airflow_venv/lib/python3.12/site-packages/airflow/example_dags/example_latest_only.py
[2025-08-06T14:33:56.226-0400] {processor.py:914} INFO - Processing file /home/huynguyen2741/airflow_venv/lib/python3.12/site-packages/airflow/example_dags/example_latest_only.py for tasks to queue
[2025-08-06T14:33:56.227-0400] {logging_mixin.py:190} INFO - [2025-08-06T14:33:56.227-0400] {dagbag.py:588} INFO - Filling up the DagBag from /home/huynguyen2741/airflow_venv/lib/python3.12/site-packages/airflow/example_dags/example_latest_only.py
[2025-08-06T14:33:56.235-0400] {processor.py:925} INFO - DAG(s) 'latest_only' retrieved from /home/huynguyen2741/airflow_venv/lib/python3.12/site-packages/airflow/example_dags/example_latest_only.py
[2025-08-06T14:33:56.251-0400] {logging_mixin.py:190} INFO - [2025-08-06T14:33:56.250-0400] {dag.py:3239} INFO - Sync 1 DAGs
[2025-08-06T14:33:56.266-0400] {logging_mixin.py:190} INFO - [2025-08-06T14:33:56.266-0400] {dag.py:4180} INFO - Setting next_dagrun for latest_only to 2025-08-06 12:00:00+00:00, run_after=2025-08-06 16:00:00+00:00
[2025-08-06T14:33:56.282-0400] {processor.py:208} INFO - Processing /home/huynguyen2741/airflow_venv/lib/python3.12/site-packages/airflow/example_dags/example_latest_only.py took 0.071 seconds
[2025-08-06T14:34:55.608-0400] {processor.py:186} INFO - Started process (PID=28229) to work on /home/huynguyen2741/airflow_venv/lib/python3.12/site-packages/airflow/example_dags/example_latest_only.py
[2025-08-06T14:34:55.618-0400] {processor.py:914} INFO - Processing file /home/huynguyen2741/airflow_venv/lib/python3.12/site-packages/airflow/example_dags/example_latest_only.py for tasks to queue
[2025-08-06T14:34:55.620-0400] {logging_mixin.py:190} INFO - [2025-08-06T14:34:55.619-0400] {dagbag.py:588} INFO - Filling up the DagBag from /home/huynguyen2741/airflow_venv/lib/python3.12/site-packages/airflow/example_dags/example_latest_only.py
[2025-08-06T14:34:55.626-0400] {processor.py:925} INFO - DAG(s) 'latest_only' retrieved from /home/huynguyen2741/airflow_venv/lib/python3.12/site-packages/airflow/example_dags/example_latest_only.py
[2025-08-06T14:34:55.638-0400] {logging_mixin.py:190} INFO - [2025-08-06T14:34:55.638-0400] {dag.py:3239} INFO - Sync 1 DAGs
[2025-08-06T14:34:55.652-0400] {logging_mixin.py:190} INFO - [2025-08-06T14:34:55.652-0400] {dag.py:4180} INFO - Setting next_dagrun for latest_only to 2025-08-06 12:00:00+00:00, run_after=2025-08-06 16:00:00+00:00
[2025-08-06T14:34:55.672-0400] {processor.py:208} INFO - Processing /home/huynguyen2741/airflow_venv/lib/python3.12/site-packages/airflow/example_dags/example_latest_only.py took 0.069 seconds
[2025-08-06T14:35:49.061-0400] {processor.py:186} INFO - Started process (PID=28465) to work on /home/huynguyen2741/airflow_venv/lib/python3.12/site-packages/airflow/example_dags/example_latest_only.py
[2025-08-06T14:35:49.065-0400] {processor.py:914} INFO - Processing file /home/huynguyen2741/airflow_venv/lib/python3.12/site-packages/airflow/example_dags/example_latest_only.py for tasks to queue
[2025-08-06T14:35:49.066-0400] {logging_mixin.py:190} INFO - [2025-08-06T14:35:49.066-0400] {dagbag.py:588} INFO - Filling up the DagBag from /home/huynguyen2741/airflow_venv/lib/python3.12/site-packages/airflow/example_dags/example_latest_only.py
[2025-08-06T14:35:49.072-0400] {processor.py:925} INFO - DAG(s) 'latest_only' retrieved from /home/huynguyen2741/airflow_venv/lib/python3.12/site-packages/airflow/example_dags/example_latest_only.py
[2025-08-06T14:35:49.084-0400] {logging_mixin.py:190} INFO - [2025-08-06T14:35:49.084-0400] {dag.py:3239} INFO - Sync 1 DAGs
[2025-08-06T14:35:49.098-0400] {logging_mixin.py:190} INFO - [2025-08-06T14:35:49.098-0400] {dag.py:4180} INFO - Setting next_dagrun for latest_only to 2025-08-06 12:00:00+00:00, run_after=2025-08-06 16:00:00+00:00
[2025-08-06T14:35:49.119-0400] {processor.py:208} INFO - Processing /home/huynguyen2741/airflow_venv/lib/python3.12/site-packages/airflow/example_dags/example_latest_only.py took 0.064 seconds
[2025-08-06T14:36:53.948-0400] {processor.py:186} INFO - Started process (PID=28701) to work on /home/huynguyen2741/airflow_venv/lib/python3.12/site-packages/airflow/example_dags/example_latest_only.py
[2025-08-06T14:36:53.951-0400] {processor.py:914} INFO - Processing file /home/huynguyen2741/airflow_venv/lib/python3.12/site-packages/airflow/example_dags/example_latest_only.py for tasks to queue
[2025-08-06T14:36:53.952-0400] {logging_mixin.py:190} INFO - [2025-08-06T14:36:53.952-0400] {dagbag.py:588} INFO - Filling up the DagBag from /home/huynguyen2741/airflow_venv/lib/python3.12/site-packages/airflow/example_dags/example_latest_only.py
[2025-08-06T14:36:53.958-0400] {processor.py:925} INFO - DAG(s) 'latest_only' retrieved from /home/huynguyen2741/airflow_venv/lib/python3.12/site-packages/airflow/example_dags/example_latest_only.py
[2025-08-06T14:36:53.972-0400] {logging_mixin.py:190} INFO - [2025-08-06T14:36:53.971-0400] {dag.py:3239} INFO - Sync 1 DAGs
[2025-08-06T14:36:53.988-0400] {logging_mixin.py:190} INFO - [2025-08-06T14:36:53.988-0400] {dag.py:4180} INFO - Setting next_dagrun for latest_only to 2025-08-06 12:00:00+00:00, run_after=2025-08-06 16:00:00+00:00
[2025-08-06T14:36:54.007-0400] {processor.py:208} INFO - Processing /home/huynguyen2741/airflow_venv/lib/python3.12/site-packages/airflow/example_dags/example_latest_only.py took 0.064 seconds
[2025-08-06T14:38:00.775-0400] {processor.py:186} INFO - Started process (PID=28950) to work on /home/huynguyen2741/airflow_venv/lib/python3.12/site-packages/airflow/example_dags/example_latest_only.py
[2025-08-06T14:38:00.776-0400] {processor.py:914} INFO - Processing file /home/huynguyen2741/airflow_venv/lib/python3.12/site-packages/airflow/example_dags/example_latest_only.py for tasks to queue
[2025-08-06T14:38:00.777-0400] {logging_mixin.py:190} INFO - [2025-08-06T14:38:00.777-0400] {dagbag.py:588} INFO - Filling up the DagBag from /home/huynguyen2741/airflow_venv/lib/python3.12/site-packages/airflow/example_dags/example_latest_only.py
[2025-08-06T14:38:00.783-0400] {processor.py:925} INFO - DAG(s) 'latest_only' retrieved from /home/huynguyen2741/airflow_venv/lib/python3.12/site-packages/airflow/example_dags/example_latest_only.py
[2025-08-06T14:38:00.797-0400] {logging_mixin.py:190} INFO - [2025-08-06T14:38:00.796-0400] {dag.py:3239} INFO - Sync 1 DAGs
[2025-08-06T14:38:00.811-0400] {logging_mixin.py:190} INFO - [2025-08-06T14:38:00.811-0400] {dag.py:4180} INFO - Setting next_dagrun for latest_only to 2025-08-06 12:00:00+00:00, run_after=2025-08-06 16:00:00+00:00
[2025-08-06T14:38:00.829-0400] {processor.py:208} INFO - Processing /home/huynguyen2741/airflow_venv/lib/python3.12/site-packages/airflow/example_dags/example_latest_only.py took 0.060 seconds
[2025-08-06T14:39:08.695-0400] {processor.py:186} INFO - Started process (PID=29243) to work on /home/huynguyen2741/airflow_venv/lib/python3.12/site-packages/airflow/example_dags/example_latest_only.py
[2025-08-06T14:39:08.696-0400] {processor.py:914} INFO - Processing file /home/huynguyen2741/airflow_venv/lib/python3.12/site-packages/airflow/example_dags/example_latest_only.py for tasks to queue
[2025-08-06T14:39:08.697-0400] {logging_mixin.py:190} INFO - [2025-08-06T14:39:08.697-0400] {dagbag.py:588} INFO - Filling up the DagBag from /home/huynguyen2741/airflow_venv/lib/python3.12/site-packages/airflow/example_dags/example_latest_only.py
[2025-08-06T14:39:08.703-0400] {processor.py:925} INFO - DAG(s) 'latest_only' retrieved from /home/huynguyen2741/airflow_venv/lib/python3.12/site-packages/airflow/example_dags/example_latest_only.py
[2025-08-06T14:39:08.718-0400] {logging_mixin.py:190} INFO - [2025-08-06T14:39:08.718-0400] {dag.py:3239} INFO - Sync 1 DAGs
[2025-08-06T14:39:08.734-0400] {logging_mixin.py:190} INFO - [2025-08-06T14:39:08.734-0400] {dag.py:4180} INFO - Setting next_dagrun for latest_only to 2025-08-06 12:00:00+00:00, run_after=2025-08-06 16:00:00+00:00
[2025-08-06T14:39:08.753-0400] {processor.py:208} INFO - Processing /home/huynguyen2741/airflow_venv/lib/python3.12/site-packages/airflow/example_dags/example_latest_only.py took 0.063 seconds
[2025-08-06T14:40:11.782-0400] {processor.py:186} INFO - Started process (PID=29469) to work on /home/huynguyen2741/airflow_venv/lib/python3.12/site-packages/airflow/example_dags/example_latest_only.py
[2025-08-06T14:40:11.786-0400] {processor.py:914} INFO - Processing file /home/huynguyen2741/airflow_venv/lib/python3.12/site-packages/airflow/example_dags/example_latest_only.py for tasks to queue
[2025-08-06T14:40:11.787-0400] {logging_mixin.py:190} INFO - [2025-08-06T14:40:11.787-0400] {dagbag.py:588} INFO - Filling up the DagBag from /home/huynguyen2741/airflow_venv/lib/python3.12/site-packages/airflow/example_dags/example_latest_only.py
[2025-08-06T14:40:11.793-0400] {processor.py:925} INFO - DAG(s) 'latest_only' retrieved from /home/huynguyen2741/airflow_venv/lib/python3.12/site-packages/airflow/example_dags/example_latest_only.py
[2025-08-06T14:40:11.806-0400] {logging_mixin.py:190} INFO - [2025-08-06T14:40:11.806-0400] {dag.py:3239} INFO - Sync 1 DAGs
[2025-08-06T14:40:11.824-0400] {logging_mixin.py:190} INFO - [2025-08-06T14:40:11.824-0400] {dag.py:4180} INFO - Setting next_dagrun for latest_only to 2025-08-06 12:00:00+00:00, run_after=2025-08-06 16:00:00+00:00
[2025-08-06T14:40:11.841-0400] {processor.py:208} INFO - Processing /home/huynguyen2741/airflow_venv/lib/python3.12/site-packages/airflow/example_dags/example_latest_only.py took 0.065 seconds
[2025-08-06T14:41:20.685-0400] {processor.py:186} INFO - Started process (PID=29768) to work on /home/huynguyen2741/airflow_venv/lib/python3.12/site-packages/airflow/example_dags/example_latest_only.py
[2025-08-06T14:41:20.686-0400] {processor.py:914} INFO - Processing file /home/huynguyen2741/airflow_venv/lib/python3.12/site-packages/airflow/example_dags/example_latest_only.py for tasks to queue
[2025-08-06T14:41:20.687-0400] {logging_mixin.py:190} INFO - [2025-08-06T14:41:20.687-0400] {dagbag.py:588} INFO - Filling up the DagBag from /home/huynguyen2741/airflow_venv/lib/python3.12/site-packages/airflow/example_dags/example_latest_only.py
[2025-08-06T14:41:20.694-0400] {processor.py:925} INFO - DAG(s) 'latest_only' retrieved from /home/huynguyen2741/airflow_venv/lib/python3.12/site-packages/airflow/example_dags/example_latest_only.py
[2025-08-06T14:41:20.707-0400] {logging_mixin.py:190} INFO - [2025-08-06T14:41:20.706-0400] {dag.py:3239} INFO - Sync 1 DAGs
[2025-08-06T14:41:20.722-0400] {logging_mixin.py:190} INFO - [2025-08-06T14:41:20.722-0400] {dag.py:4180} INFO - Setting next_dagrun for latest_only to 2025-08-06 12:00:00+00:00, run_after=2025-08-06 16:00:00+00:00
[2025-08-06T14:41:20.739-0400] {processor.py:208} INFO - Processing /home/huynguyen2741/airflow_venv/lib/python3.12/site-packages/airflow/example_dags/example_latest_only.py took 0.059 seconds
[2025-08-06T14:42:19.508-0400] {processor.py:186} INFO - Started process (PID=29983) to work on /home/huynguyen2741/airflow_venv/lib/python3.12/site-packages/airflow/example_dags/example_latest_only.py
[2025-08-06T14:42:19.519-0400] {processor.py:914} INFO - Processing file /home/huynguyen2741/airflow_venv/lib/python3.12/site-packages/airflow/example_dags/example_latest_only.py for tasks to queue
[2025-08-06T14:42:19.520-0400] {logging_mixin.py:190} INFO - [2025-08-06T14:42:19.519-0400] {dagbag.py:588} INFO - Filling up the DagBag from /home/huynguyen2741/airflow_venv/lib/python3.12/site-packages/airflow/example_dags/example_latest_only.py
[2025-08-06T14:42:19.525-0400] {processor.py:925} INFO - DAG(s) 'latest_only' retrieved from /home/huynguyen2741/airflow_venv/lib/python3.12/site-packages/airflow/example_dags/example_latest_only.py
[2025-08-06T14:42:19.537-0400] {logging_mixin.py:190} INFO - [2025-08-06T14:42:19.537-0400] {dag.py:3239} INFO - Sync 1 DAGs
[2025-08-06T14:42:19.551-0400] {logging_mixin.py:190} INFO - [2025-08-06T14:42:19.551-0400] {dag.py:4180} INFO - Setting next_dagrun for latest_only to 2025-08-06 12:00:00+00:00, run_after=2025-08-06 16:00:00+00:00
[2025-08-06T14:42:19.569-0400] {processor.py:208} INFO - Processing /home/huynguyen2741/airflow_venv/lib/python3.12/site-packages/airflow/example_dags/example_latest_only.py took 0.066 seconds
[2025-08-06T14:43:23.286-0400] {processor.py:186} INFO - Started process (PID=30224) to work on /home/huynguyen2741/airflow_venv/lib/python3.12/site-packages/airflow/example_dags/example_latest_only.py
[2025-08-06T14:43:23.290-0400] {processor.py:914} INFO - Processing file /home/huynguyen2741/airflow_venv/lib/python3.12/site-packages/airflow/example_dags/example_latest_only.py for tasks to queue
[2025-08-06T14:43:23.291-0400] {logging_mixin.py:190} INFO - [2025-08-06T14:43:23.290-0400] {dagbag.py:588} INFO - Filling up the DagBag from /home/huynguyen2741/airflow_venv/lib/python3.12/site-packages/airflow/example_dags/example_latest_only.py
[2025-08-06T14:43:23.298-0400] {processor.py:925} INFO - DAG(s) 'latest_only' retrieved from /home/huynguyen2741/airflow_venv/lib/python3.12/site-packages/airflow/example_dags/example_latest_only.py
[2025-08-06T14:43:23.313-0400] {logging_mixin.py:190} INFO - [2025-08-06T14:43:23.313-0400] {dag.py:3239} INFO - Sync 1 DAGs
[2025-08-06T14:43:23.328-0400] {logging_mixin.py:190} INFO - [2025-08-06T14:43:23.328-0400] {dag.py:4180} INFO - Setting next_dagrun for latest_only to 2025-08-06 12:00:00+00:00, run_after=2025-08-06 16:00:00+00:00
[2025-08-06T14:43:23.345-0400] {processor.py:208} INFO - Processing /home/huynguyen2741/airflow_venv/lib/python3.12/site-packages/airflow/example_dags/example_latest_only.py took 0.065 seconds
[2025-08-06T14:44:28.744-0400] {processor.py:186} INFO - Started process (PID=30487) to work on /home/huynguyen2741/airflow_venv/lib/python3.12/site-packages/airflow/example_dags/example_latest_only.py
[2025-08-06T14:44:28.747-0400] {processor.py:914} INFO - Processing file /home/huynguyen2741/airflow_venv/lib/python3.12/site-packages/airflow/example_dags/example_latest_only.py for tasks to queue
[2025-08-06T14:44:28.748-0400] {logging_mixin.py:190} INFO - [2025-08-06T14:44:28.748-0400] {dagbag.py:588} INFO - Filling up the DagBag from /home/huynguyen2741/airflow_venv/lib/python3.12/site-packages/airflow/example_dags/example_latest_only.py
[2025-08-06T14:44:28.754-0400] {processor.py:925} INFO - DAG(s) 'latest_only' retrieved from /home/huynguyen2741/airflow_venv/lib/python3.12/site-packages/airflow/example_dags/example_latest_only.py
[2025-08-06T14:44:28.768-0400] {logging_mixin.py:190} INFO - [2025-08-06T14:44:28.768-0400] {dag.py:3239} INFO - Sync 1 DAGs
[2025-08-06T14:44:28.784-0400] {logging_mixin.py:190} INFO - [2025-08-06T14:44:28.784-0400] {dag.py:4180} INFO - Setting next_dagrun for latest_only to 2025-08-06 12:00:00+00:00, run_after=2025-08-06 16:00:00+00:00
[2025-08-06T14:44:28.802-0400] {processor.py:208} INFO - Processing /home/huynguyen2741/airflow_venv/lib/python3.12/site-packages/airflow/example_dags/example_latest_only.py took 0.064 seconds
[2025-08-06T14:45:26.267-0400] {processor.py:186} INFO - Started process (PID=30715) to work on /home/huynguyen2741/airflow_venv/lib/python3.12/site-packages/airflow/example_dags/example_latest_only.py
[2025-08-06T14:45:26.276-0400] {processor.py:914} INFO - Processing file /home/huynguyen2741/airflow_venv/lib/python3.12/site-packages/airflow/example_dags/example_latest_only.py for tasks to queue
[2025-08-06T14:45:26.278-0400] {logging_mixin.py:190} INFO - [2025-08-06T14:45:26.277-0400] {dagbag.py:588} INFO - Filling up the DagBag from /home/huynguyen2741/airflow_venv/lib/python3.12/site-packages/airflow/example_dags/example_latest_only.py
[2025-08-06T14:45:26.283-0400] {processor.py:925} INFO - DAG(s) 'latest_only' retrieved from /home/huynguyen2741/airflow_venv/lib/python3.12/site-packages/airflow/example_dags/example_latest_only.py
[2025-08-06T14:45:26.296-0400] {logging_mixin.py:190} INFO - [2025-08-06T14:45:26.296-0400] {dag.py:3239} INFO - Sync 1 DAGs
[2025-08-06T14:45:26.311-0400] {logging_mixin.py:190} INFO - [2025-08-06T14:45:26.311-0400] {dag.py:4180} INFO - Setting next_dagrun for latest_only to 2025-08-06 12:00:00+00:00, run_after=2025-08-06 16:00:00+00:00
[2025-08-06T14:45:26.329-0400] {processor.py:208} INFO - Processing /home/huynguyen2741/airflow_venv/lib/python3.12/site-packages/airflow/example_dags/example_latest_only.py took 0.067 seconds
[2025-08-06T14:46:24.842-0400] {processor.py:186} INFO - Started process (PID=30964) to work on /home/huynguyen2741/airflow_venv/lib/python3.12/site-packages/airflow/example_dags/example_latest_only.py
[2025-08-06T14:46:24.843-0400] {processor.py:914} INFO - Processing file /home/huynguyen2741/airflow_venv/lib/python3.12/site-packages/airflow/example_dags/example_latest_only.py for tasks to queue
[2025-08-06T14:46:24.844-0400] {logging_mixin.py:190} INFO - [2025-08-06T14:46:24.844-0400] {dagbag.py:588} INFO - Filling up the DagBag from /home/huynguyen2741/airflow_venv/lib/python3.12/site-packages/airflow/example_dags/example_latest_only.py
[2025-08-06T14:46:24.850-0400] {processor.py:925} INFO - DAG(s) 'latest_only' retrieved from /home/huynguyen2741/airflow_venv/lib/python3.12/site-packages/airflow/example_dags/example_latest_only.py
[2025-08-06T14:46:24.862-0400] {logging_mixin.py:190} INFO - [2025-08-06T14:46:24.862-0400] {dag.py:3239} INFO - Sync 1 DAGs
[2025-08-06T14:46:24.874-0400] {logging_mixin.py:190} INFO - [2025-08-06T14:46:24.874-0400] {dag.py:4180} INFO - Setting next_dagrun for latest_only to 2025-08-06 12:00:00+00:00, run_after=2025-08-06 16:00:00+00:00
[2025-08-06T14:46:24.890-0400] {processor.py:208} INFO - Processing /home/huynguyen2741/airflow_venv/lib/python3.12/site-packages/airflow/example_dags/example_latest_only.py took 0.053 seconds
[2025-08-06T14:47:29.423-0400] {processor.py:186} INFO - Started process (PID=31263) to work on /home/huynguyen2741/airflow_venv/lib/python3.12/site-packages/airflow/example_dags/example_latest_only.py
[2025-08-06T14:47:29.424-0400] {processor.py:914} INFO - Processing file /home/huynguyen2741/airflow_venv/lib/python3.12/site-packages/airflow/example_dags/example_latest_only.py for tasks to queue
[2025-08-06T14:47:29.425-0400] {logging_mixin.py:190} INFO - [2025-08-06T14:47:29.425-0400] {dagbag.py:588} INFO - Filling up the DagBag from /home/huynguyen2741/airflow_venv/lib/python3.12/site-packages/airflow/example_dags/example_latest_only.py
[2025-08-06T14:47:29.432-0400] {processor.py:925} INFO - DAG(s) 'latest_only' retrieved from /home/huynguyen2741/airflow_venv/lib/python3.12/site-packages/airflow/example_dags/example_latest_only.py
[2025-08-06T14:47:29.447-0400] {logging_mixin.py:190} INFO - [2025-08-06T14:47:29.447-0400] {dag.py:3239} INFO - Sync 1 DAGs
[2025-08-06T14:47:29.467-0400] {logging_mixin.py:190} INFO - [2025-08-06T14:47:29.467-0400] {dag.py:4180} INFO - Setting next_dagrun for latest_only to 2025-08-06 12:00:00+00:00, run_after=2025-08-06 16:00:00+00:00
[2025-08-06T14:47:29.490-0400] {processor.py:208} INFO - Processing /home/huynguyen2741/airflow_venv/lib/python3.12/site-packages/airflow/example_dags/example_latest_only.py took 0.073 seconds
[2025-08-06T14:48:24.938-0400] {processor.py:186} INFO - Started process (PID=31656) to work on /home/huynguyen2741/airflow_venv/lib/python3.12/site-packages/airflow/example_dags/example_latest_only.py
[2025-08-06T14:48:24.942-0400] {processor.py:914} INFO - Processing file /home/huynguyen2741/airflow_venv/lib/python3.12/site-packages/airflow/example_dags/example_latest_only.py for tasks to queue
[2025-08-06T14:48:24.944-0400] {logging_mixin.py:190} INFO - [2025-08-06T14:48:24.943-0400] {dagbag.py:588} INFO - Filling up the DagBag from /home/huynguyen2741/airflow_venv/lib/python3.12/site-packages/airflow/example_dags/example_latest_only.py
[2025-08-06T14:48:24.949-0400] {processor.py:925} INFO - DAG(s) 'latest_only' retrieved from /home/huynguyen2741/airflow_venv/lib/python3.12/site-packages/airflow/example_dags/example_latest_only.py
[2025-08-06T14:48:24.961-0400] {logging_mixin.py:190} INFO - [2025-08-06T14:48:24.961-0400] {dag.py:3239} INFO - Sync 1 DAGs
[2025-08-06T14:48:24.975-0400] {logging_mixin.py:190} INFO - [2025-08-06T14:48:24.975-0400] {dag.py:4180} INFO - Setting next_dagrun for latest_only to 2025-08-06 12:00:00+00:00, run_after=2025-08-06 16:00:00+00:00
[2025-08-06T14:48:24.991-0400] {processor.py:208} INFO - Processing /home/huynguyen2741/airflow_venv/lib/python3.12/site-packages/airflow/example_dags/example_latest_only.py took 0.058 seconds
[2025-08-06T14:49:24.241-0400] {processor.py:186} INFO - Started process (PID=31879) to work on /home/huynguyen2741/airflow_venv/lib/python3.12/site-packages/airflow/example_dags/example_latest_only.py
[2025-08-06T14:49:24.245-0400] {processor.py:914} INFO - Processing file /home/huynguyen2741/airflow_venv/lib/python3.12/site-packages/airflow/example_dags/example_latest_only.py for tasks to queue
[2025-08-06T14:49:24.246-0400] {logging_mixin.py:190} INFO - [2025-08-06T14:49:24.246-0400] {dagbag.py:588} INFO - Filling up the DagBag from /home/huynguyen2741/airflow_venv/lib/python3.12/site-packages/airflow/example_dags/example_latest_only.py
[2025-08-06T14:49:24.252-0400] {processor.py:925} INFO - DAG(s) 'latest_only' retrieved from /home/huynguyen2741/airflow_venv/lib/python3.12/site-packages/airflow/example_dags/example_latest_only.py
[2025-08-06T14:49:24.263-0400] {logging_mixin.py:190} INFO - [2025-08-06T14:49:24.263-0400] {dag.py:3239} INFO - Sync 1 DAGs
[2025-08-06T14:49:24.277-0400] {logging_mixin.py:190} INFO - [2025-08-06T14:49:24.277-0400] {dag.py:4180} INFO - Setting next_dagrun for latest_only to 2025-08-06 12:00:00+00:00, run_after=2025-08-06 16:00:00+00:00
[2025-08-06T14:49:24.294-0400] {processor.py:208} INFO - Processing /home/huynguyen2741/airflow_venv/lib/python3.12/site-packages/airflow/example_dags/example_latest_only.py took 0.058 seconds
[2025-08-06T14:50:31.776-0400] {processor.py:186} INFO - Started process (PID=32121) to work on /home/huynguyen2741/airflow_venv/lib/python3.12/site-packages/airflow/example_dags/example_latest_only.py
[2025-08-06T14:50:31.781-0400] {processor.py:914} INFO - Processing file /home/huynguyen2741/airflow_venv/lib/python3.12/site-packages/airflow/example_dags/example_latest_only.py for tasks to queue
[2025-08-06T14:50:31.782-0400] {logging_mixin.py:190} INFO - [2025-08-06T14:50:31.782-0400] {dagbag.py:588} INFO - Filling up the DagBag from /home/huynguyen2741/airflow_venv/lib/python3.12/site-packages/airflow/example_dags/example_latest_only.py
[2025-08-06T14:50:31.788-0400] {processor.py:925} INFO - DAG(s) 'latest_only' retrieved from /home/huynguyen2741/airflow_venv/lib/python3.12/site-packages/airflow/example_dags/example_latest_only.py
[2025-08-06T14:50:31.799-0400] {logging_mixin.py:190} INFO - [2025-08-06T14:50:31.799-0400] {dag.py:3239} INFO - Sync 1 DAGs
[2025-08-06T14:50:31.811-0400] {logging_mixin.py:190} INFO - [2025-08-06T14:50:31.811-0400] {dag.py:4180} INFO - Setting next_dagrun for latest_only to 2025-08-06 12:00:00+00:00, run_after=2025-08-06 16:00:00+00:00
[2025-08-06T14:50:31.829-0400] {processor.py:208} INFO - Processing /home/huynguyen2741/airflow_venv/lib/python3.12/site-packages/airflow/example_dags/example_latest_only.py took 0.058 seconds
[2025-08-06T14:51:32.838-0400] {processor.py:186} INFO - Started process (PID=32345) to work on /home/huynguyen2741/airflow_venv/lib/python3.12/site-packages/airflow/example_dags/example_latest_only.py
[2025-08-06T14:51:32.839-0400] {processor.py:914} INFO - Processing file /home/huynguyen2741/airflow_venv/lib/python3.12/site-packages/airflow/example_dags/example_latest_only.py for tasks to queue
[2025-08-06T14:51:32.840-0400] {logging_mixin.py:190} INFO - [2025-08-06T14:51:32.840-0400] {dagbag.py:588} INFO - Filling up the DagBag from /home/huynguyen2741/airflow_venv/lib/python3.12/site-packages/airflow/example_dags/example_latest_only.py
[2025-08-06T14:51:32.846-0400] {processor.py:925} INFO - DAG(s) 'latest_only' retrieved from /home/huynguyen2741/airflow_venv/lib/python3.12/site-packages/airflow/example_dags/example_latest_only.py
[2025-08-06T14:51:32.858-0400] {logging_mixin.py:190} INFO - [2025-08-06T14:51:32.858-0400] {dag.py:3239} INFO - Sync 1 DAGs
[2025-08-06T14:51:32.874-0400] {logging_mixin.py:190} INFO - [2025-08-06T14:51:32.874-0400] {dag.py:4180} INFO - Setting next_dagrun for latest_only to 2025-08-06 12:00:00+00:00, run_after=2025-08-06 16:00:00+00:00
[2025-08-06T14:51:32.892-0400] {processor.py:208} INFO - Processing /home/huynguyen2741/airflow_venv/lib/python3.12/site-packages/airflow/example_dags/example_latest_only.py took 0.059 seconds
[2025-08-06T14:52:34.639-0400] {processor.py:186} INFO - Started process (PID=32597) to work on /home/huynguyen2741/airflow_venv/lib/python3.12/site-packages/airflow/example_dags/example_latest_only.py
[2025-08-06T14:52:34.640-0400] {processor.py:914} INFO - Processing file /home/huynguyen2741/airflow_venv/lib/python3.12/site-packages/airflow/example_dags/example_latest_only.py for tasks to queue
[2025-08-06T14:52:34.641-0400] {logging_mixin.py:190} INFO - [2025-08-06T14:52:34.641-0400] {dagbag.py:588} INFO - Filling up the DagBag from /home/huynguyen2741/airflow_venv/lib/python3.12/site-packages/airflow/example_dags/example_latest_only.py
[2025-08-06T14:52:34.647-0400] {processor.py:925} INFO - DAG(s) 'latest_only' retrieved from /home/huynguyen2741/airflow_venv/lib/python3.12/site-packages/airflow/example_dags/example_latest_only.py
[2025-08-06T14:52:34.658-0400] {logging_mixin.py:190} INFO - [2025-08-06T14:52:34.658-0400] {dag.py:3239} INFO - Sync 1 DAGs
[2025-08-06T14:52:34.671-0400] {logging_mixin.py:190} INFO - [2025-08-06T14:52:34.671-0400] {dag.py:4180} INFO - Setting next_dagrun for latest_only to 2025-08-06 12:00:00+00:00, run_after=2025-08-06 16:00:00+00:00
[2025-08-06T14:52:34.688-0400] {processor.py:208} INFO - Processing /home/huynguyen2741/airflow_venv/lib/python3.12/site-packages/airflow/example_dags/example_latest_only.py took 0.054 seconds
[2025-08-06T14:53:39.373-0400] {processor.py:186} INFO - Started process (PID=32997) to work on /home/huynguyen2741/airflow_venv/lib/python3.12/site-packages/airflow/example_dags/example_latest_only.py
[2025-08-06T14:53:39.378-0400] {processor.py:914} INFO - Processing file /home/huynguyen2741/airflow_venv/lib/python3.12/site-packages/airflow/example_dags/example_latest_only.py for tasks to queue
[2025-08-06T14:53:39.379-0400] {logging_mixin.py:190} INFO - [2025-08-06T14:53:39.379-0400] {dagbag.py:588} INFO - Filling up the DagBag from /home/huynguyen2741/airflow_venv/lib/python3.12/site-packages/airflow/example_dags/example_latest_only.py
[2025-08-06T14:53:39.385-0400] {processor.py:925} INFO - DAG(s) 'latest_only' retrieved from /home/huynguyen2741/airflow_venv/lib/python3.12/site-packages/airflow/example_dags/example_latest_only.py
[2025-08-06T14:53:39.396-0400] {logging_mixin.py:190} INFO - [2025-08-06T14:53:39.396-0400] {dag.py:3239} INFO - Sync 1 DAGs
[2025-08-06T14:53:39.409-0400] {logging_mixin.py:190} INFO - [2025-08-06T14:53:39.409-0400] {dag.py:4180} INFO - Setting next_dagrun for latest_only to 2025-08-06 12:00:00+00:00, run_after=2025-08-06 16:00:00+00:00
[2025-08-06T14:53:39.425-0400] {processor.py:208} INFO - Processing /home/huynguyen2741/airflow_venv/lib/python3.12/site-packages/airflow/example_dags/example_latest_only.py took 0.058 seconds
[2025-08-06T14:54:34.435-0400] {processor.py:186} INFO - Started process (PID=33357) to work on /home/huynguyen2741/airflow_venv/lib/python3.12/site-packages/airflow/example_dags/example_latest_only.py
[2025-08-06T14:54:34.436-0400] {processor.py:914} INFO - Processing file /home/huynguyen2741/airflow_venv/lib/python3.12/site-packages/airflow/example_dags/example_latest_only.py for tasks to queue
[2025-08-06T14:54:34.437-0400] {logging_mixin.py:190} INFO - [2025-08-06T14:54:34.437-0400] {dagbag.py:588} INFO - Filling up the DagBag from /home/huynguyen2741/airflow_venv/lib/python3.12/site-packages/airflow/example_dags/example_latest_only.py
[2025-08-06T14:54:34.443-0400] {processor.py:925} INFO - DAG(s) 'latest_only' retrieved from /home/huynguyen2741/airflow_venv/lib/python3.12/site-packages/airflow/example_dags/example_latest_only.py
[2025-08-06T14:54:34.454-0400] {logging_mixin.py:190} INFO - [2025-08-06T14:54:34.454-0400] {dag.py:3239} INFO - Sync 1 DAGs
[2025-08-06T14:54:34.466-0400] {logging_mixin.py:190} INFO - [2025-08-06T14:54:34.466-0400] {dag.py:4180} INFO - Setting next_dagrun for latest_only to 2025-08-06 12:00:00+00:00, run_after=2025-08-06 16:00:00+00:00
[2025-08-06T14:54:34.483-0400] {processor.py:208} INFO - Processing /home/huynguyen2741/airflow_venv/lib/python3.12/site-packages/airflow/example_dags/example_latest_only.py took 0.054 seconds
[2025-08-06T14:55:37.652-0400] {processor.py:186} INFO - Started process (PID=33650) to work on /home/huynguyen2741/airflow_venv/lib/python3.12/site-packages/airflow/example_dags/example_latest_only.py
[2025-08-06T14:55:37.656-0400] {processor.py:914} INFO - Processing file /home/huynguyen2741/airflow_venv/lib/python3.12/site-packages/airflow/example_dags/example_latest_only.py for tasks to queue
[2025-08-06T14:55:37.657-0400] {logging_mixin.py:190} INFO - [2025-08-06T14:55:37.657-0400] {dagbag.py:588} INFO - Filling up the DagBag from /home/huynguyen2741/airflow_venv/lib/python3.12/site-packages/airflow/example_dags/example_latest_only.py
[2025-08-06T14:55:37.663-0400] {processor.py:925} INFO - DAG(s) 'latest_only' retrieved from /home/huynguyen2741/airflow_venv/lib/python3.12/site-packages/airflow/example_dags/example_latest_only.py
[2025-08-06T14:55:37.674-0400] {logging_mixin.py:190} INFO - [2025-08-06T14:55:37.674-0400] {dag.py:3239} INFO - Sync 1 DAGs
[2025-08-06T14:55:37.686-0400] {logging_mixin.py:190} INFO - [2025-08-06T14:55:37.686-0400] {dag.py:4180} INFO - Setting next_dagrun for latest_only to 2025-08-06 12:00:00+00:00, run_after=2025-08-06 16:00:00+00:00
[2025-08-06T14:55:37.701-0400] {processor.py:208} INFO - Processing /home/huynguyen2741/airflow_venv/lib/python3.12/site-packages/airflow/example_dags/example_latest_only.py took 0.055 seconds
[2025-08-06T14:56:41.102-0400] {processor.py:186} INFO - Started process (PID=33962) to work on /home/huynguyen2741/airflow_venv/lib/python3.12/site-packages/airflow/example_dags/example_latest_only.py
[2025-08-06T14:56:41.103-0400] {processor.py:914} INFO - Processing file /home/huynguyen2741/airflow_venv/lib/python3.12/site-packages/airflow/example_dags/example_latest_only.py for tasks to queue
[2025-08-06T14:56:41.104-0400] {logging_mixin.py:190} INFO - [2025-08-06T14:56:41.104-0400] {dagbag.py:588} INFO - Filling up the DagBag from /home/huynguyen2741/airflow_venv/lib/python3.12/site-packages/airflow/example_dags/example_latest_only.py
[2025-08-06T14:56:41.110-0400] {processor.py:925} INFO - DAG(s) 'latest_only' retrieved from /home/huynguyen2741/airflow_venv/lib/python3.12/site-packages/airflow/example_dags/example_latest_only.py
[2025-08-06T14:56:41.121-0400] {logging_mixin.py:190} INFO - [2025-08-06T14:56:41.121-0400] {dag.py:3239} INFO - Sync 1 DAGs
[2025-08-06T14:56:41.134-0400] {logging_mixin.py:190} INFO - [2025-08-06T14:56:41.134-0400] {dag.py:4180} INFO - Setting next_dagrun for latest_only to 2025-08-06 12:00:00+00:00, run_after=2025-08-06 16:00:00+00:00
[2025-08-06T14:56:41.150-0400] {processor.py:208} INFO - Processing /home/huynguyen2741/airflow_venv/lib/python3.12/site-packages/airflow/example_dags/example_latest_only.py took 0.053 seconds
[2025-08-06T14:57:42.437-0400] {processor.py:186} INFO - Started process (PID=34236) to work on /home/huynguyen2741/airflow_venv/lib/python3.12/site-packages/airflow/example_dags/example_latest_only.py
[2025-08-06T14:57:42.441-0400] {processor.py:914} INFO - Processing file /home/huynguyen2741/airflow_venv/lib/python3.12/site-packages/airflow/example_dags/example_latest_only.py for tasks to queue
[2025-08-06T14:57:42.442-0400] {logging_mixin.py:190} INFO - [2025-08-06T14:57:42.442-0400] {dagbag.py:588} INFO - Filling up the DagBag from /home/huynguyen2741/airflow_venv/lib/python3.12/site-packages/airflow/example_dags/example_latest_only.py
[2025-08-06T14:57:42.448-0400] {processor.py:925} INFO - DAG(s) 'latest_only' retrieved from /home/huynguyen2741/airflow_venv/lib/python3.12/site-packages/airflow/example_dags/example_latest_only.py
[2025-08-06T14:57:42.459-0400] {logging_mixin.py:190} INFO - [2025-08-06T14:57:42.459-0400] {dag.py:3239} INFO - Sync 1 DAGs
[2025-08-06T14:57:42.470-0400] {logging_mixin.py:190} INFO - [2025-08-06T14:57:42.470-0400] {dag.py:4180} INFO - Setting next_dagrun for latest_only to 2025-08-06 12:00:00+00:00, run_after=2025-08-06 16:00:00+00:00
[2025-08-06T14:57:42.487-0400] {processor.py:208} INFO - Processing /home/huynguyen2741/airflow_venv/lib/python3.12/site-packages/airflow/example_dags/example_latest_only.py took 0.056 seconds
[2025-08-06T14:58:43.052-0400] {processor.py:186} INFO - Started process (PID=34491) to work on /home/huynguyen2741/airflow_venv/lib/python3.12/site-packages/airflow/example_dags/example_latest_only.py
[2025-08-06T14:58:43.053-0400] {processor.py:914} INFO - Processing file /home/huynguyen2741/airflow_venv/lib/python3.12/site-packages/airflow/example_dags/example_latest_only.py for tasks to queue
[2025-08-06T14:58:43.054-0400] {logging_mixin.py:190} INFO - [2025-08-06T14:58:43.054-0400] {dagbag.py:588} INFO - Filling up the DagBag from /home/huynguyen2741/airflow_venv/lib/python3.12/site-packages/airflow/example_dags/example_latest_only.py
[2025-08-06T14:58:43.061-0400] {processor.py:925} INFO - DAG(s) 'latest_only' retrieved from /home/huynguyen2741/airflow_venv/lib/python3.12/site-packages/airflow/example_dags/example_latest_only.py
[2025-08-06T14:58:43.073-0400] {logging_mixin.py:190} INFO - [2025-08-06T14:58:43.073-0400] {dag.py:3239} INFO - Sync 1 DAGs
[2025-08-06T14:58:43.085-0400] {logging_mixin.py:190} INFO - [2025-08-06T14:58:43.085-0400] {dag.py:4180} INFO - Setting next_dagrun for latest_only to 2025-08-06 12:00:00+00:00, run_after=2025-08-06 16:00:00+00:00
[2025-08-06T14:58:43.100-0400] {processor.py:208} INFO - Processing /home/huynguyen2741/airflow_venv/lib/python3.12/site-packages/airflow/example_dags/example_latest_only.py took 0.054 seconds
[2025-08-06T14:59:49.644-0400] {processor.py:186} INFO - Started process (PID=34742) to work on /home/huynguyen2741/airflow_venv/lib/python3.12/site-packages/airflow/example_dags/example_latest_only.py
[2025-08-06T14:59:49.645-0400] {processor.py:914} INFO - Processing file /home/huynguyen2741/airflow_venv/lib/python3.12/site-packages/airflow/example_dags/example_latest_only.py for tasks to queue
[2025-08-06T14:59:49.646-0400] {logging_mixin.py:190} INFO - [2025-08-06T14:59:49.646-0400] {dagbag.py:588} INFO - Filling up the DagBag from /home/huynguyen2741/airflow_venv/lib/python3.12/site-packages/airflow/example_dags/example_latest_only.py
[2025-08-06T14:59:49.652-0400] {processor.py:925} INFO - DAG(s) 'latest_only' retrieved from /home/huynguyen2741/airflow_venv/lib/python3.12/site-packages/airflow/example_dags/example_latest_only.py
[2025-08-06T14:59:49.662-0400] {logging_mixin.py:190} INFO - [2025-08-06T14:59:49.662-0400] {dag.py:3239} INFO - Sync 1 DAGs
[2025-08-06T14:59:49.674-0400] {logging_mixin.py:190} INFO - [2025-08-06T14:59:49.674-0400] {dag.py:4180} INFO - Setting next_dagrun for latest_only to 2025-08-06 12:00:00+00:00, run_after=2025-08-06 16:00:00+00:00
[2025-08-06T14:59:49.690-0400] {processor.py:208} INFO - Processing /home/huynguyen2741/airflow_venv/lib/python3.12/site-packages/airflow/example_dags/example_latest_only.py took 0.051 seconds
