[2025-08-06T13:57:38.939-0400] {processor.py:186} INFO - Started process (PID=17798) to work on /home/huynguyen2741/airflow_venv/lib/python3.12/site-packages/airflow/example_dags/example_dynamic_task_mapping.py
[2025-08-06T13:57:38.940-0400] {processor.py:914} INFO - Processing file /home/huynguyen2741/airflow_venv/lib/python3.12/site-packages/airflow/example_dags/example_dynamic_task_mapping.py for tasks to queue
[2025-08-06T13:57:38.941-0400] {logging_mixin.py:190} INFO - [2025-08-06T13:57:38.941-0400] {dagbag.py:588} INFO - Filling up the DagBag from /home/huynguyen2741/airflow_venv/lib/python3.12/site-packages/airflow/example_dags/example_dynamic_task_mapping.py
[2025-08-06T13:57:38.947-0400] {processor.py:925} INFO - DAG(s) 'example_dynamic_task_mapping' retrieved from /home/huynguyen2741/airflow_venv/lib/python3.12/site-packages/airflow/example_dags/example_dynamic_task_mapping.py
[2025-08-06T13:57:39.033-0400] {logging_mixin.py:190} INFO - [2025-08-06T13:57:39.033-0400] {override.py:1930} INFO - Created Permission View: can edit on DAG:example_dynamic_task_mapping
[2025-08-06T13:57:39.044-0400] {logging_mixin.py:190} INFO - [2025-08-06T13:57:39.044-0400] {override.py:1930} INFO - Created Permission View: can read on DAG:example_dynamic_task_mapping
[2025-08-06T13:57:39.052-0400] {logging_mixin.py:190} INFO - [2025-08-06T13:57:39.052-0400] {override.py:1930} INFO - Created Permission View: can delete on DAG:example_dynamic_task_mapping
[2025-08-06T13:57:39.066-0400] {logging_mixin.py:190} INFO - [2025-08-06T13:57:39.066-0400] {override.py:1930} INFO - Created Permission View: menu access on DAG Run:example_dynamic_task_mapping
[2025-08-06T13:57:39.074-0400] {logging_mixin.py:190} INFO - [2025-08-06T13:57:39.073-0400] {override.py:1930} INFO - Created Permission View: can read on DAG Run:example_dynamic_task_mapping
[2025-08-06T13:57:39.081-0400] {logging_mixin.py:190} INFO - [2025-08-06T13:57:39.081-0400] {override.py:1930} INFO - Created Permission View: can create on DAG Run:example_dynamic_task_mapping
[2025-08-06T13:57:39.089-0400] {logging_mixin.py:190} INFO - [2025-08-06T13:57:39.089-0400] {override.py:1930} INFO - Created Permission View: can delete on DAG Run:example_dynamic_task_mapping
[2025-08-06T13:57:39.089-0400] {logging_mixin.py:190} INFO - [2025-08-06T13:57:39.089-0400] {dag.py:3239} INFO - Sync 1 DAGs
[2025-08-06T13:57:39.097-0400] {logging_mixin.py:190} INFO - [2025-08-06T13:57:39.096-0400] {dag.py:3262} INFO - Creating ORM DAG for example_dynamic_task_mapping
[2025-08-06T13:57:39.097-0400] {logging_mixin.py:190} INFO - [2025-08-06T13:57:39.097-0400] {dag.py:4180} INFO - Setting next_dagrun for example_dynamic_task_mapping to None, run_after=None
[2025-08-06T13:57:39.110-0400] {processor.py:208} INFO - Processing /home/huynguyen2741/airflow_venv/lib/python3.12/site-packages/airflow/example_dags/example_dynamic_task_mapping.py took 0.175 seconds
[2025-08-06T13:58:47.098-0400] {processor.py:186} INFO - Started process (PID=18050) to work on /home/huynguyen2741/airflow_venv/lib/python3.12/site-packages/airflow/example_dags/example_dynamic_task_mapping.py
[2025-08-06T13:58:47.099-0400] {processor.py:914} INFO - Processing file /home/huynguyen2741/airflow_venv/lib/python3.12/site-packages/airflow/example_dags/example_dynamic_task_mapping.py for tasks to queue
[2025-08-06T13:58:47.100-0400] {logging_mixin.py:190} INFO - [2025-08-06T13:58:47.100-0400] {dagbag.py:588} INFO - Filling up the DagBag from /home/huynguyen2741/airflow_venv/lib/python3.12/site-packages/airflow/example_dags/example_dynamic_task_mapping.py
[2025-08-06T13:58:47.107-0400] {processor.py:925} INFO - DAG(s) 'example_dynamic_task_mapping' retrieved from /home/huynguyen2741/airflow_venv/lib/python3.12/site-packages/airflow/example_dags/example_dynamic_task_mapping.py
[2025-08-06T13:58:47.118-0400] {logging_mixin.py:190} INFO - [2025-08-06T13:58:47.118-0400] {dag.py:3239} INFO - Sync 1 DAGs
[2025-08-06T13:58:47.125-0400] {logging_mixin.py:190} INFO - [2025-08-06T13:58:47.125-0400] {dag.py:4180} INFO - Setting next_dagrun for example_dynamic_task_mapping to None, run_after=None
[2025-08-06T13:58:47.140-0400] {processor.py:208} INFO - Processing /home/huynguyen2741/airflow_venv/lib/python3.12/site-packages/airflow/example_dags/example_dynamic_task_mapping.py took 0.047 seconds
[2025-08-06T13:59:48.225-0400] {processor.py:186} INFO - Started process (PID=18270) to work on /home/huynguyen2741/airflow_venv/lib/python3.12/site-packages/airflow/example_dags/example_dynamic_task_mapping.py
[2025-08-06T13:59:48.226-0400] {processor.py:914} INFO - Processing file /home/huynguyen2741/airflow_venv/lib/python3.12/site-packages/airflow/example_dags/example_dynamic_task_mapping.py for tasks to queue
[2025-08-06T13:59:48.228-0400] {logging_mixin.py:190} INFO - [2025-08-06T13:59:48.228-0400] {dagbag.py:588} INFO - Filling up the DagBag from /home/huynguyen2741/airflow_venv/lib/python3.12/site-packages/airflow/example_dags/example_dynamic_task_mapping.py
[2025-08-06T13:59:48.234-0400] {processor.py:925} INFO - DAG(s) 'example_dynamic_task_mapping' retrieved from /home/huynguyen2741/airflow_venv/lib/python3.12/site-packages/airflow/example_dags/example_dynamic_task_mapping.py
[2025-08-06T13:59:48.245-0400] {logging_mixin.py:190} INFO - [2025-08-06T13:59:48.245-0400] {dag.py:3239} INFO - Sync 1 DAGs
[2025-08-06T13:59:48.254-0400] {logging_mixin.py:190} INFO - [2025-08-06T13:59:48.254-0400] {dag.py:4180} INFO - Setting next_dagrun for example_dynamic_task_mapping to None, run_after=None
[2025-08-06T13:59:48.270-0400] {processor.py:208} INFO - Processing /home/huynguyen2741/airflow_venv/lib/python3.12/site-packages/airflow/example_dags/example_dynamic_task_mapping.py took 0.048 seconds
[2025-08-06T14:00:50.743-0400] {processor.py:186} INFO - Started process (PID=18489) to work on /home/huynguyen2741/airflow_venv/lib/python3.12/site-packages/airflow/example_dags/example_dynamic_task_mapping.py
[2025-08-06T14:00:50.753-0400] {processor.py:914} INFO - Processing file /home/huynguyen2741/airflow_venv/lib/python3.12/site-packages/airflow/example_dags/example_dynamic_task_mapping.py for tasks to queue
[2025-08-06T14:00:50.754-0400] {logging_mixin.py:190} INFO - [2025-08-06T14:00:50.754-0400] {dagbag.py:588} INFO - Filling up the DagBag from /home/huynguyen2741/airflow_venv/lib/python3.12/site-packages/airflow/example_dags/example_dynamic_task_mapping.py
[2025-08-06T14:00:50.761-0400] {processor.py:925} INFO - DAG(s) 'example_dynamic_task_mapping' retrieved from /home/huynguyen2741/airflow_venv/lib/python3.12/site-packages/airflow/example_dags/example_dynamic_task_mapping.py
[2025-08-06T14:00:50.771-0400] {logging_mixin.py:190} INFO - [2025-08-06T14:00:50.771-0400] {dag.py:3239} INFO - Sync 1 DAGs
[2025-08-06T14:00:50.779-0400] {logging_mixin.py:190} INFO - [2025-08-06T14:00:50.779-0400] {dag.py:4180} INFO - Setting next_dagrun for example_dynamic_task_mapping to None, run_after=None
[2025-08-06T14:00:50.794-0400] {processor.py:208} INFO - Processing /home/huynguyen2741/airflow_venv/lib/python3.12/site-packages/airflow/example_dags/example_dynamic_task_mapping.py took 0.055 seconds
[2025-08-06T14:01:56.549-0400] {processor.py:186} INFO - Started process (PID=18717) to work on /home/huynguyen2741/airflow_venv/lib/python3.12/site-packages/airflow/example_dags/example_dynamic_task_mapping.py
[2025-08-06T14:01:56.553-0400] {processor.py:914} INFO - Processing file /home/huynguyen2741/airflow_venv/lib/python3.12/site-packages/airflow/example_dags/example_dynamic_task_mapping.py for tasks to queue
[2025-08-06T14:01:56.555-0400] {logging_mixin.py:190} INFO - [2025-08-06T14:01:56.554-0400] {dagbag.py:588} INFO - Filling up the DagBag from /home/huynguyen2741/airflow_venv/lib/python3.12/site-packages/airflow/example_dags/example_dynamic_task_mapping.py
[2025-08-06T14:01:56.561-0400] {processor.py:925} INFO - DAG(s) 'example_dynamic_task_mapping' retrieved from /home/huynguyen2741/airflow_venv/lib/python3.12/site-packages/airflow/example_dags/example_dynamic_task_mapping.py
[2025-08-06T14:01:56.571-0400] {logging_mixin.py:190} INFO - [2025-08-06T14:01:56.571-0400] {dag.py:3239} INFO - Sync 1 DAGs
[2025-08-06T14:01:56.578-0400] {logging_mixin.py:190} INFO - [2025-08-06T14:01:56.578-0400] {dag.py:4180} INFO - Setting next_dagrun for example_dynamic_task_mapping to None, run_after=None
[2025-08-06T14:01:56.592-0400] {processor.py:208} INFO - Processing /home/huynguyen2741/airflow_venv/lib/python3.12/site-packages/airflow/example_dags/example_dynamic_task_mapping.py took 0.048 seconds
[2025-08-06T14:02:53.581-0400] {processor.py:186} INFO - Started process (PID=18958) to work on /home/huynguyen2741/airflow_venv/lib/python3.12/site-packages/airflow/example_dags/example_dynamic_task_mapping.py
[2025-08-06T14:02:53.582-0400] {processor.py:914} INFO - Processing file /home/huynguyen2741/airflow_venv/lib/python3.12/site-packages/airflow/example_dags/example_dynamic_task_mapping.py for tasks to queue
[2025-08-06T14:02:53.584-0400] {logging_mixin.py:190} INFO - [2025-08-06T14:02:53.583-0400] {dagbag.py:588} INFO - Filling up the DagBag from /home/huynguyen2741/airflow_venv/lib/python3.12/site-packages/airflow/example_dags/example_dynamic_task_mapping.py
[2025-08-06T14:02:53.590-0400] {processor.py:925} INFO - DAG(s) 'example_dynamic_task_mapping' retrieved from /home/huynguyen2741/airflow_venv/lib/python3.12/site-packages/airflow/example_dags/example_dynamic_task_mapping.py
[2025-08-06T14:02:53.600-0400] {logging_mixin.py:190} INFO - [2025-08-06T14:02:53.600-0400] {dag.py:3239} INFO - Sync 1 DAGs
[2025-08-06T14:02:53.607-0400] {logging_mixin.py:190} INFO - [2025-08-06T14:02:53.607-0400] {dag.py:4180} INFO - Setting next_dagrun for example_dynamic_task_mapping to None, run_after=None
[2025-08-06T14:02:53.622-0400] {processor.py:208} INFO - Processing /home/huynguyen2741/airflow_venv/lib/python3.12/site-packages/airflow/example_dags/example_dynamic_task_mapping.py took 0.045 seconds
[2025-08-06T14:03:59.952-0400] {processor.py:186} INFO - Started process (PID=19193) to work on /home/huynguyen2741/airflow_venv/lib/python3.12/site-packages/airflow/example_dags/example_dynamic_task_mapping.py
[2025-08-06T14:03:59.954-0400] {processor.py:914} INFO - Processing file /home/huynguyen2741/airflow_venv/lib/python3.12/site-packages/airflow/example_dags/example_dynamic_task_mapping.py for tasks to queue
[2025-08-06T14:03:59.955-0400] {logging_mixin.py:190} INFO - [2025-08-06T14:03:59.955-0400] {dagbag.py:588} INFO - Filling up the DagBag from /home/huynguyen2741/airflow_venv/lib/python3.12/site-packages/airflow/example_dags/example_dynamic_task_mapping.py
[2025-08-06T14:03:59.962-0400] {processor.py:925} INFO - DAG(s) 'example_dynamic_task_mapping' retrieved from /home/huynguyen2741/airflow_venv/lib/python3.12/site-packages/airflow/example_dags/example_dynamic_task_mapping.py
[2025-08-06T14:03:59.972-0400] {logging_mixin.py:190} INFO - [2025-08-06T14:03:59.972-0400] {dag.py:3239} INFO - Sync 1 DAGs
[2025-08-06T14:03:59.980-0400] {logging_mixin.py:190} INFO - [2025-08-06T14:03:59.980-0400] {dag.py:4180} INFO - Setting next_dagrun for example_dynamic_task_mapping to None, run_after=None
[2025-08-06T14:03:59.995-0400] {processor.py:208} INFO - Processing /home/huynguyen2741/airflow_venv/lib/python3.12/site-packages/airflow/example_dags/example_dynamic_task_mapping.py took 0.046 seconds
[2025-08-06T14:05:00.500-0400] {processor.py:186} INFO - Started process (PID=19406) to work on /home/huynguyen2741/airflow_venv/lib/python3.12/site-packages/airflow/example_dags/example_dynamic_task_mapping.py
[2025-08-06T14:05:00.510-0400] {processor.py:914} INFO - Processing file /home/huynguyen2741/airflow_venv/lib/python3.12/site-packages/airflow/example_dags/example_dynamic_task_mapping.py for tasks to queue
[2025-08-06T14:05:00.512-0400] {logging_mixin.py:190} INFO - [2025-08-06T14:05:00.512-0400] {dagbag.py:588} INFO - Filling up the DagBag from /home/huynguyen2741/airflow_venv/lib/python3.12/site-packages/airflow/example_dags/example_dynamic_task_mapping.py
[2025-08-06T14:05:00.518-0400] {processor.py:925} INFO - DAG(s) 'example_dynamic_task_mapping' retrieved from /home/huynguyen2741/airflow_venv/lib/python3.12/site-packages/airflow/example_dags/example_dynamic_task_mapping.py
[2025-08-06T14:05:00.528-0400] {logging_mixin.py:190} INFO - [2025-08-06T14:05:00.528-0400] {dag.py:3239} INFO - Sync 1 DAGs
[2025-08-06T14:05:00.536-0400] {logging_mixin.py:190} INFO - [2025-08-06T14:05:00.535-0400] {dag.py:4180} INFO - Setting next_dagrun for example_dynamic_task_mapping to None, run_after=None
[2025-08-06T14:05:00.550-0400] {processor.py:208} INFO - Processing /home/huynguyen2741/airflow_venv/lib/python3.12/site-packages/airflow/example_dags/example_dynamic_task_mapping.py took 0.054 seconds
[2025-08-06T14:06:05.026-0400] {processor.py:186} INFO - Started process (PID=19785) to work on /home/huynguyen2741/airflow_venv/lib/python3.12/site-packages/airflow/example_dags/example_dynamic_task_mapping.py
[2025-08-06T14:06:05.030-0400] {processor.py:914} INFO - Processing file /home/huynguyen2741/airflow_venv/lib/python3.12/site-packages/airflow/example_dags/example_dynamic_task_mapping.py for tasks to queue
[2025-08-06T14:06:05.032-0400] {logging_mixin.py:190} INFO - [2025-08-06T14:06:05.032-0400] {dagbag.py:588} INFO - Filling up the DagBag from /home/huynguyen2741/airflow_venv/lib/python3.12/site-packages/airflow/example_dags/example_dynamic_task_mapping.py
[2025-08-06T14:06:05.041-0400] {processor.py:925} INFO - DAG(s) 'example_dynamic_task_mapping' retrieved from /home/huynguyen2741/airflow_venv/lib/python3.12/site-packages/airflow/example_dags/example_dynamic_task_mapping.py
[2025-08-06T14:06:05.053-0400] {logging_mixin.py:190} INFO - [2025-08-06T14:06:05.053-0400] {dag.py:3239} INFO - Sync 1 DAGs
[2025-08-06T14:06:05.061-0400] {logging_mixin.py:190} INFO - [2025-08-06T14:06:05.061-0400] {dag.py:4180} INFO - Setting next_dagrun for example_dynamic_task_mapping to None, run_after=None
[2025-08-06T14:06:05.077-0400] {processor.py:208} INFO - Processing /home/huynguyen2741/airflow_venv/lib/python3.12/site-packages/airflow/example_dags/example_dynamic_task_mapping.py took 0.057 seconds
[2025-08-06T14:07:10.366-0400] {processor.py:186} INFO - Started process (PID=20027) to work on /home/huynguyen2741/airflow_venv/lib/python3.12/site-packages/airflow/example_dags/example_dynamic_task_mapping.py
[2025-08-06T14:07:10.370-0400] {processor.py:914} INFO - Processing file /home/huynguyen2741/airflow_venv/lib/python3.12/site-packages/airflow/example_dags/example_dynamic_task_mapping.py for tasks to queue
[2025-08-06T14:07:10.372-0400] {logging_mixin.py:190} INFO - [2025-08-06T14:07:10.371-0400] {dagbag.py:588} INFO - Filling up the DagBag from /home/huynguyen2741/airflow_venv/lib/python3.12/site-packages/airflow/example_dags/example_dynamic_task_mapping.py
[2025-08-06T14:07:10.379-0400] {processor.py:925} INFO - DAG(s) 'example_dynamic_task_mapping' retrieved from /home/huynguyen2741/airflow_venv/lib/python3.12/site-packages/airflow/example_dags/example_dynamic_task_mapping.py
[2025-08-06T14:07:10.391-0400] {logging_mixin.py:190} INFO - [2025-08-06T14:07:10.391-0400] {dag.py:3239} INFO - Sync 1 DAGs
[2025-08-06T14:07:10.399-0400] {logging_mixin.py:190} INFO - [2025-08-06T14:07:10.399-0400] {dag.py:4180} INFO - Setting next_dagrun for example_dynamic_task_mapping to None, run_after=None
[2025-08-06T14:07:10.415-0400] {processor.py:208} INFO - Processing /home/huynguyen2741/airflow_venv/lib/python3.12/site-packages/airflow/example_dags/example_dynamic_task_mapping.py took 0.054 seconds
[2025-08-06T14:08:18.198-0400] {processor.py:186} INFO - Started process (PID=20331) to work on /home/huynguyen2741/airflow_venv/lib/python3.12/site-packages/airflow/example_dags/example_dynamic_task_mapping.py
[2025-08-06T14:08:18.199-0400] {processor.py:914} INFO - Processing file /home/huynguyen2741/airflow_venv/lib/python3.12/site-packages/airflow/example_dags/example_dynamic_task_mapping.py for tasks to queue
[2025-08-06T14:08:18.201-0400] {logging_mixin.py:190} INFO - [2025-08-06T14:08:18.200-0400] {dagbag.py:588} INFO - Filling up the DagBag from /home/huynguyen2741/airflow_venv/lib/python3.12/site-packages/airflow/example_dags/example_dynamic_task_mapping.py
[2025-08-06T14:08:18.207-0400] {processor.py:925} INFO - DAG(s) 'example_dynamic_task_mapping' retrieved from /home/huynguyen2741/airflow_venv/lib/python3.12/site-packages/airflow/example_dags/example_dynamic_task_mapping.py
[2025-08-06T14:08:18.218-0400] {logging_mixin.py:190} INFO - [2025-08-06T14:08:18.217-0400] {dag.py:3239} INFO - Sync 1 DAGs
[2025-08-06T14:08:18.226-0400] {logging_mixin.py:190} INFO - [2025-08-06T14:08:18.226-0400] {dag.py:4180} INFO - Setting next_dagrun for example_dynamic_task_mapping to None, run_after=None
[2025-08-06T14:08:18.243-0400] {processor.py:208} INFO - Processing /home/huynguyen2741/airflow_venv/lib/python3.12/site-packages/airflow/example_dags/example_dynamic_task_mapping.py took 0.049 seconds
[2025-08-06T14:09:26.482-0400] {processor.py:186} INFO - Started process (PID=20729) to work on /home/huynguyen2741/airflow_venv/lib/python3.12/site-packages/airflow/example_dags/example_dynamic_task_mapping.py
[2025-08-06T14:09:26.483-0400] {processor.py:914} INFO - Processing file /home/huynguyen2741/airflow_venv/lib/python3.12/site-packages/airflow/example_dags/example_dynamic_task_mapping.py for tasks to queue
[2025-08-06T14:09:26.484-0400] {logging_mixin.py:190} INFO - [2025-08-06T14:09:26.484-0400] {dagbag.py:588} INFO - Filling up the DagBag from /home/huynguyen2741/airflow_venv/lib/python3.12/site-packages/airflow/example_dags/example_dynamic_task_mapping.py
[2025-08-06T14:09:26.491-0400] {processor.py:925} INFO - DAG(s) 'example_dynamic_task_mapping' retrieved from /home/huynguyen2741/airflow_venv/lib/python3.12/site-packages/airflow/example_dags/example_dynamic_task_mapping.py
[2025-08-06T14:09:26.602-0400] {logging_mixin.py:190} INFO - [2025-08-06T14:09:26.602-0400] {dag.py:3239} INFO - Sync 1 DAGs
[2025-08-06T14:09:26.608-0400] {logging_mixin.py:190} INFO - [2025-08-06T14:09:26.608-0400] {dag.py:4180} INFO - Setting next_dagrun for example_dynamic_task_mapping to None, run_after=None
[2025-08-06T14:09:26.623-0400] {processor.py:208} INFO - Processing /home/huynguyen2741/airflow_venv/lib/python3.12/site-packages/airflow/example_dags/example_dynamic_task_mapping.py took 0.146 seconds
[2025-08-06T14:10:27.747-0400] {processor.py:186} INFO - Started process (PID=21133) to work on /home/huynguyen2741/airflow_venv/lib/python3.12/site-packages/airflow/example_dags/example_dynamic_task_mapping.py
[2025-08-06T14:10:27.748-0400] {processor.py:914} INFO - Processing file /home/huynguyen2741/airflow_venv/lib/python3.12/site-packages/airflow/example_dags/example_dynamic_task_mapping.py for tasks to queue
[2025-08-06T14:10:27.749-0400] {logging_mixin.py:190} INFO - [2025-08-06T14:10:27.749-0400] {dagbag.py:588} INFO - Filling up the DagBag from /home/huynguyen2741/airflow_venv/lib/python3.12/site-packages/airflow/example_dags/example_dynamic_task_mapping.py
[2025-08-06T14:10:27.756-0400] {processor.py:925} INFO - DAG(s) 'example_dynamic_task_mapping' retrieved from /home/huynguyen2741/airflow_venv/lib/python3.12/site-packages/airflow/example_dags/example_dynamic_task_mapping.py
[2025-08-06T14:10:27.767-0400] {logging_mixin.py:190} INFO - [2025-08-06T14:10:27.767-0400] {dag.py:3239} INFO - Sync 1 DAGs
[2025-08-06T14:10:27.774-0400] {logging_mixin.py:190} INFO - [2025-08-06T14:10:27.774-0400] {dag.py:4180} INFO - Setting next_dagrun for example_dynamic_task_mapping to None, run_after=None
[2025-08-06T14:10:27.790-0400] {processor.py:208} INFO - Processing /home/huynguyen2741/airflow_venv/lib/python3.12/site-packages/airflow/example_dags/example_dynamic_task_mapping.py took 0.048 seconds
[2025-08-06T14:11:32.493-0400] {processor.py:186} INFO - Started process (PID=21398) to work on /home/huynguyen2741/airflow_venv/lib/python3.12/site-packages/airflow/example_dags/example_dynamic_task_mapping.py
[2025-08-06T14:11:32.497-0400] {processor.py:914} INFO - Processing file /home/huynguyen2741/airflow_venv/lib/python3.12/site-packages/airflow/example_dags/example_dynamic_task_mapping.py for tasks to queue
[2025-08-06T14:11:32.499-0400] {logging_mixin.py:190} INFO - [2025-08-06T14:11:32.498-0400] {dagbag.py:588} INFO - Filling up the DagBag from /home/huynguyen2741/airflow_venv/lib/python3.12/site-packages/airflow/example_dags/example_dynamic_task_mapping.py
[2025-08-06T14:11:32.506-0400] {processor.py:925} INFO - DAG(s) 'example_dynamic_task_mapping' retrieved from /home/huynguyen2741/airflow_venv/lib/python3.12/site-packages/airflow/example_dags/example_dynamic_task_mapping.py
[2025-08-06T14:11:32.520-0400] {logging_mixin.py:190} INFO - [2025-08-06T14:11:32.520-0400] {dag.py:3239} INFO - Sync 1 DAGs
[2025-08-06T14:11:32.531-0400] {logging_mixin.py:190} INFO - [2025-08-06T14:11:32.531-0400] {dag.py:4180} INFO - Setting next_dagrun for example_dynamic_task_mapping to None, run_after=None
[2025-08-06T14:11:32.549-0400] {processor.py:208} INFO - Processing /home/huynguyen2741/airflow_venv/lib/python3.12/site-packages/airflow/example_dags/example_dynamic_task_mapping.py took 0.061 seconds
[2025-08-06T14:12:32.611-0400] {processor.py:186} INFO - Started process (PID=21765) to work on /home/huynguyen2741/airflow_venv/lib/python3.12/site-packages/airflow/example_dags/example_dynamic_task_mapping.py
[2025-08-06T14:12:32.612-0400] {processor.py:914} INFO - Processing file /home/huynguyen2741/airflow_venv/lib/python3.12/site-packages/airflow/example_dags/example_dynamic_task_mapping.py for tasks to queue
[2025-08-06T14:12:32.613-0400] {logging_mixin.py:190} INFO - [2025-08-06T14:12:32.613-0400] {dagbag.py:588} INFO - Filling up the DagBag from /home/huynguyen2741/airflow_venv/lib/python3.12/site-packages/airflow/example_dags/example_dynamic_task_mapping.py
[2025-08-06T14:12:32.621-0400] {processor.py:925} INFO - DAG(s) 'example_dynamic_task_mapping' retrieved from /home/huynguyen2741/airflow_venv/lib/python3.12/site-packages/airflow/example_dags/example_dynamic_task_mapping.py
[2025-08-06T14:12:32.635-0400] {logging_mixin.py:190} INFO - [2025-08-06T14:12:32.635-0400] {dag.py:3239} INFO - Sync 1 DAGs
[2025-08-06T14:12:32.645-0400] {logging_mixin.py:190} INFO - [2025-08-06T14:12:32.645-0400] {dag.py:4180} INFO - Setting next_dagrun for example_dynamic_task_mapping to None, run_after=None
[2025-08-06T14:12:32.662-0400] {processor.py:208} INFO - Processing /home/huynguyen2741/airflow_venv/lib/python3.12/site-packages/airflow/example_dags/example_dynamic_task_mapping.py took 0.055 seconds
[2025-08-06T14:13:37.523-0400] {processor.py:186} INFO - Started process (PID=22215) to work on /home/huynguyen2741/airflow_venv/lib/python3.12/site-packages/airflow/example_dags/example_dynamic_task_mapping.py
[2025-08-06T14:13:37.525-0400] {processor.py:914} INFO - Processing file /home/huynguyen2741/airflow_venv/lib/python3.12/site-packages/airflow/example_dags/example_dynamic_task_mapping.py for tasks to queue
[2025-08-06T14:13:37.526-0400] {logging_mixin.py:190} INFO - [2025-08-06T14:13:37.525-0400] {dagbag.py:588} INFO - Filling up the DagBag from /home/huynguyen2741/airflow_venv/lib/python3.12/site-packages/airflow/example_dags/example_dynamic_task_mapping.py
[2025-08-06T14:13:37.533-0400] {processor.py:925} INFO - DAG(s) 'example_dynamic_task_mapping' retrieved from /home/huynguyen2741/airflow_venv/lib/python3.12/site-packages/airflow/example_dags/example_dynamic_task_mapping.py
[2025-08-06T14:13:37.543-0400] {logging_mixin.py:190} INFO - [2025-08-06T14:13:37.543-0400] {dag.py:3239} INFO - Sync 1 DAGs
[2025-08-06T14:13:37.553-0400] {logging_mixin.py:190} INFO - [2025-08-06T14:13:37.552-0400] {dag.py:4180} INFO - Setting next_dagrun for example_dynamic_task_mapping to None, run_after=None
[2025-08-06T14:13:37.569-0400] {processor.py:208} INFO - Processing /home/huynguyen2741/airflow_venv/lib/python3.12/site-packages/airflow/example_dags/example_dynamic_task_mapping.py took 0.051 seconds
[2025-08-06T14:14:46.551-0400] {processor.py:186} INFO - Started process (PID=22624) to work on /home/huynguyen2741/airflow_venv/lib/python3.12/site-packages/airflow/example_dags/example_dynamic_task_mapping.py
[2025-08-06T14:14:46.554-0400] {processor.py:914} INFO - Processing file /home/huynguyen2741/airflow_venv/lib/python3.12/site-packages/airflow/example_dags/example_dynamic_task_mapping.py for tasks to queue
[2025-08-06T14:14:46.555-0400] {logging_mixin.py:190} INFO - [2025-08-06T14:14:46.555-0400] {dagbag.py:588} INFO - Filling up the DagBag from /home/huynguyen2741/airflow_venv/lib/python3.12/site-packages/airflow/example_dags/example_dynamic_task_mapping.py
[2025-08-06T14:14:46.562-0400] {processor.py:925} INFO - DAG(s) 'example_dynamic_task_mapping' retrieved from /home/huynguyen2741/airflow_venv/lib/python3.12/site-packages/airflow/example_dags/example_dynamic_task_mapping.py
[2025-08-06T14:14:46.574-0400] {logging_mixin.py:190} INFO - [2025-08-06T14:14:46.573-0400] {dag.py:3239} INFO - Sync 1 DAGs
[2025-08-06T14:14:46.582-0400] {logging_mixin.py:190} INFO - [2025-08-06T14:14:46.581-0400] {dag.py:4180} INFO - Setting next_dagrun for example_dynamic_task_mapping to None, run_after=None
[2025-08-06T14:14:46.606-0400] {processor.py:208} INFO - Processing /home/huynguyen2741/airflow_venv/lib/python3.12/site-packages/airflow/example_dags/example_dynamic_task_mapping.py took 0.059 seconds
[2025-08-06T14:15:48.494-0400] {processor.py:186} INFO - Started process (PID=22966) to work on /home/huynguyen2741/airflow_venv/lib/python3.12/site-packages/airflow/example_dags/example_dynamic_task_mapping.py
[2025-08-06T14:15:48.504-0400] {processor.py:914} INFO - Processing file /home/huynguyen2741/airflow_venv/lib/python3.12/site-packages/airflow/example_dags/example_dynamic_task_mapping.py for tasks to queue
[2025-08-06T14:15:48.505-0400] {logging_mixin.py:190} INFO - [2025-08-06T14:15:48.505-0400] {dagbag.py:588} INFO - Filling up the DagBag from /home/huynguyen2741/airflow_venv/lib/python3.12/site-packages/airflow/example_dags/example_dynamic_task_mapping.py
[2025-08-06T14:15:48.512-0400] {processor.py:925} INFO - DAG(s) 'example_dynamic_task_mapping' retrieved from /home/huynguyen2741/airflow_venv/lib/python3.12/site-packages/airflow/example_dags/example_dynamic_task_mapping.py
[2025-08-06T14:15:48.523-0400] {logging_mixin.py:190} INFO - [2025-08-06T14:15:48.523-0400] {dag.py:3239} INFO - Sync 1 DAGs
[2025-08-06T14:15:48.530-0400] {logging_mixin.py:190} INFO - [2025-08-06T14:15:48.530-0400] {dag.py:4180} INFO - Setting next_dagrun for example_dynamic_task_mapping to None, run_after=None
[2025-08-06T14:15:48.546-0400] {processor.py:208} INFO - Processing /home/huynguyen2741/airflow_venv/lib/python3.12/site-packages/airflow/example_dags/example_dynamic_task_mapping.py took 0.056 seconds
[2025-08-06T14:16:53.193-0400] {processor.py:186} INFO - Started process (PID=23209) to work on /home/huynguyen2741/airflow_venv/lib/python3.12/site-packages/airflow/example_dags/example_dynamic_task_mapping.py
[2025-08-06T14:16:53.194-0400] {processor.py:914} INFO - Processing file /home/huynguyen2741/airflow_venv/lib/python3.12/site-packages/airflow/example_dags/example_dynamic_task_mapping.py for tasks to queue
[2025-08-06T14:16:53.195-0400] {logging_mixin.py:190} INFO - [2025-08-06T14:16:53.194-0400] {dagbag.py:588} INFO - Filling up the DagBag from /home/huynguyen2741/airflow_venv/lib/python3.12/site-packages/airflow/example_dags/example_dynamic_task_mapping.py
[2025-08-06T14:16:53.202-0400] {processor.py:925} INFO - DAG(s) 'example_dynamic_task_mapping' retrieved from /home/huynguyen2741/airflow_venv/lib/python3.12/site-packages/airflow/example_dags/example_dynamic_task_mapping.py
[2025-08-06T14:16:53.212-0400] {logging_mixin.py:190} INFO - [2025-08-06T14:16:53.212-0400] {dag.py:3239} INFO - Sync 1 DAGs
[2025-08-06T14:16:53.220-0400] {logging_mixin.py:190} INFO - [2025-08-06T14:16:53.220-0400] {dag.py:4180} INFO - Setting next_dagrun for example_dynamic_task_mapping to None, run_after=None
[2025-08-06T14:16:53.234-0400] {processor.py:208} INFO - Processing /home/huynguyen2741/airflow_venv/lib/python3.12/site-packages/airflow/example_dags/example_dynamic_task_mapping.py took 0.046 seconds
[2025-08-06T14:18:00.805-0400] {processor.py:186} INFO - Started process (PID=23459) to work on /home/huynguyen2741/airflow_venv/lib/python3.12/site-packages/airflow/example_dags/example_dynamic_task_mapping.py
[2025-08-06T14:18:00.806-0400] {processor.py:914} INFO - Processing file /home/huynguyen2741/airflow_venv/lib/python3.12/site-packages/airflow/example_dags/example_dynamic_task_mapping.py for tasks to queue
[2025-08-06T14:18:00.807-0400] {logging_mixin.py:190} INFO - [2025-08-06T14:18:00.806-0400] {dagbag.py:588} INFO - Filling up the DagBag from /home/huynguyen2741/airflow_venv/lib/python3.12/site-packages/airflow/example_dags/example_dynamic_task_mapping.py
[2025-08-06T14:18:00.814-0400] {processor.py:925} INFO - DAG(s) 'example_dynamic_task_mapping' retrieved from /home/huynguyen2741/airflow_venv/lib/python3.12/site-packages/airflow/example_dags/example_dynamic_task_mapping.py
[2025-08-06T14:18:00.825-0400] {logging_mixin.py:190} INFO - [2025-08-06T14:18:00.824-0400] {dag.py:3239} INFO - Sync 1 DAGs
[2025-08-06T14:18:00.833-0400] {logging_mixin.py:190} INFO - [2025-08-06T14:18:00.832-0400] {dag.py:4180} INFO - Setting next_dagrun for example_dynamic_task_mapping to None, run_after=None
[2025-08-06T14:18:00.848-0400] {processor.py:208} INFO - Processing /home/huynguyen2741/airflow_venv/lib/python3.12/site-packages/airflow/example_dags/example_dynamic_task_mapping.py took 0.048 seconds
[2025-08-06T14:19:02.759-0400] {processor.py:186} INFO - Started process (PID=23723) to work on /home/huynguyen2741/airflow_venv/lib/python3.12/site-packages/airflow/example_dags/example_dynamic_task_mapping.py
[2025-08-06T14:19:02.764-0400] {processor.py:914} INFO - Processing file /home/huynguyen2741/airflow_venv/lib/python3.12/site-packages/airflow/example_dags/example_dynamic_task_mapping.py for tasks to queue
[2025-08-06T14:19:02.765-0400] {logging_mixin.py:190} INFO - [2025-08-06T14:19:02.764-0400] {dagbag.py:588} INFO - Filling up the DagBag from /home/huynguyen2741/airflow_venv/lib/python3.12/site-packages/airflow/example_dags/example_dynamic_task_mapping.py
[2025-08-06T14:19:02.772-0400] {processor.py:925} INFO - DAG(s) 'example_dynamic_task_mapping' retrieved from /home/huynguyen2741/airflow_venv/lib/python3.12/site-packages/airflow/example_dags/example_dynamic_task_mapping.py
[2025-08-06T14:19:02.782-0400] {logging_mixin.py:190} INFO - [2025-08-06T14:19:02.782-0400] {dag.py:3239} INFO - Sync 1 DAGs
[2025-08-06T14:19:02.790-0400] {logging_mixin.py:190} INFO - [2025-08-06T14:19:02.790-0400] {dag.py:4180} INFO - Setting next_dagrun for example_dynamic_task_mapping to None, run_after=None
[2025-08-06T14:19:02.805-0400] {processor.py:208} INFO - Processing /home/huynguyen2741/airflow_venv/lib/python3.12/site-packages/airflow/example_dags/example_dynamic_task_mapping.py took 0.050 seconds
[2025-08-06T14:20:08.312-0400] {processor.py:186} INFO - Started process (PID=23957) to work on /home/huynguyen2741/airflow_venv/lib/python3.12/site-packages/airflow/example_dags/example_dynamic_task_mapping.py
[2025-08-06T14:20:08.313-0400] {processor.py:914} INFO - Processing file /home/huynguyen2741/airflow_venv/lib/python3.12/site-packages/airflow/example_dags/example_dynamic_task_mapping.py for tasks to queue
[2025-08-06T14:20:08.315-0400] {logging_mixin.py:190} INFO - [2025-08-06T14:20:08.314-0400] {dagbag.py:588} INFO - Filling up the DagBag from /home/huynguyen2741/airflow_venv/lib/python3.12/site-packages/airflow/example_dags/example_dynamic_task_mapping.py
[2025-08-06T14:20:08.322-0400] {processor.py:925} INFO - DAG(s) 'example_dynamic_task_mapping' retrieved from /home/huynguyen2741/airflow_venv/lib/python3.12/site-packages/airflow/example_dags/example_dynamic_task_mapping.py
[2025-08-06T14:20:08.334-0400] {logging_mixin.py:190} INFO - [2025-08-06T14:20:08.334-0400] {dag.py:3239} INFO - Sync 1 DAGs
[2025-08-06T14:20:08.343-0400] {logging_mixin.py:190} INFO - [2025-08-06T14:20:08.343-0400] {dag.py:4180} INFO - Setting next_dagrun for example_dynamic_task_mapping to None, run_after=None
[2025-08-06T14:20:08.361-0400] {processor.py:208} INFO - Processing /home/huynguyen2741/airflow_venv/lib/python3.12/site-packages/airflow/example_dags/example_dynamic_task_mapping.py took 0.053 seconds
[2025-08-06T14:21:13.335-0400] {processor.py:186} INFO - Started process (PID=24187) to work on /home/huynguyen2741/airflow_venv/lib/python3.12/site-packages/airflow/example_dags/example_dynamic_task_mapping.py
[2025-08-06T14:21:13.339-0400] {processor.py:914} INFO - Processing file /home/huynguyen2741/airflow_venv/lib/python3.12/site-packages/airflow/example_dags/example_dynamic_task_mapping.py for tasks to queue
[2025-08-06T14:21:13.341-0400] {logging_mixin.py:190} INFO - [2025-08-06T14:21:13.340-0400] {dagbag.py:588} INFO - Filling up the DagBag from /home/huynguyen2741/airflow_venv/lib/python3.12/site-packages/airflow/example_dags/example_dynamic_task_mapping.py
[2025-08-06T14:21:13.348-0400] {processor.py:925} INFO - DAG(s) 'example_dynamic_task_mapping' retrieved from /home/huynguyen2741/airflow_venv/lib/python3.12/site-packages/airflow/example_dags/example_dynamic_task_mapping.py
[2025-08-06T14:21:13.363-0400] {logging_mixin.py:190} INFO - [2025-08-06T14:21:13.363-0400] {dag.py:3239} INFO - Sync 1 DAGs
[2025-08-06T14:21:13.373-0400] {logging_mixin.py:190} INFO - [2025-08-06T14:21:13.373-0400] {dag.py:4180} INFO - Setting next_dagrun for example_dynamic_task_mapping to None, run_after=None
[2025-08-06T14:21:13.389-0400] {processor.py:208} INFO - Processing /home/huynguyen2741/airflow_venv/lib/python3.12/site-packages/airflow/example_dags/example_dynamic_task_mapping.py took 0.058 seconds
[2025-08-06T14:22:21.210-0400] {processor.py:186} INFO - Started process (PID=24500) to work on /home/huynguyen2741/airflow_venv/lib/python3.12/site-packages/airflow/example_dags/example_dynamic_task_mapping.py
[2025-08-06T14:22:21.211-0400] {processor.py:914} INFO - Processing file /home/huynguyen2741/airflow_venv/lib/python3.12/site-packages/airflow/example_dags/example_dynamic_task_mapping.py for tasks to queue
[2025-08-06T14:22:21.212-0400] {logging_mixin.py:190} INFO - [2025-08-06T14:22:21.212-0400] {dagbag.py:588} INFO - Filling up the DagBag from /home/huynguyen2741/airflow_venv/lib/python3.12/site-packages/airflow/example_dags/example_dynamic_task_mapping.py
[2025-08-06T14:22:21.219-0400] {processor.py:925} INFO - DAG(s) 'example_dynamic_task_mapping' retrieved from /home/huynguyen2741/airflow_venv/lib/python3.12/site-packages/airflow/example_dags/example_dynamic_task_mapping.py
[2025-08-06T14:22:21.230-0400] {logging_mixin.py:190} INFO - [2025-08-06T14:22:21.230-0400] {dag.py:3239} INFO - Sync 1 DAGs
[2025-08-06T14:22:21.237-0400] {logging_mixin.py:190} INFO - [2025-08-06T14:22:21.237-0400] {dag.py:4180} INFO - Setting next_dagrun for example_dynamic_task_mapping to None, run_after=None
[2025-08-06T14:22:21.252-0400] {processor.py:208} INFO - Processing /home/huynguyen2741/airflow_venv/lib/python3.12/site-packages/airflow/example_dags/example_dynamic_task_mapping.py took 0.047 seconds
[2025-08-06T14:23:26.216-0400] {processor.py:186} INFO - Started process (PID=24987) to work on /home/huynguyen2741/airflow_venv/lib/python3.12/site-packages/airflow/example_dags/example_dynamic_task_mapping.py
[2025-08-06T14:23:26.217-0400] {processor.py:914} INFO - Processing file /home/huynguyen2741/airflow_venv/lib/python3.12/site-packages/airflow/example_dags/example_dynamic_task_mapping.py for tasks to queue
[2025-08-06T14:23:26.218-0400] {logging_mixin.py:190} INFO - [2025-08-06T14:23:26.218-0400] {dagbag.py:588} INFO - Filling up the DagBag from /home/huynguyen2741/airflow_venv/lib/python3.12/site-packages/airflow/example_dags/example_dynamic_task_mapping.py
[2025-08-06T14:23:26.226-0400] {processor.py:925} INFO - DAG(s) 'example_dynamic_task_mapping' retrieved from /home/huynguyen2741/airflow_venv/lib/python3.12/site-packages/airflow/example_dags/example_dynamic_task_mapping.py
[2025-08-06T14:23:26.237-0400] {logging_mixin.py:190} INFO - [2025-08-06T14:23:26.237-0400] {dag.py:3239} INFO - Sync 1 DAGs
[2025-08-06T14:23:26.245-0400] {logging_mixin.py:190} INFO - [2025-08-06T14:23:26.245-0400] {dag.py:4180} INFO - Setting next_dagrun for example_dynamic_task_mapping to None, run_after=None
[2025-08-06T14:23:26.262-0400] {processor.py:208} INFO - Processing /home/huynguyen2741/airflow_venv/lib/python3.12/site-packages/airflow/example_dags/example_dynamic_task_mapping.py took 0.050 seconds
[2025-08-06T14:24:28.290-0400] {processor.py:186} INFO - Started process (PID=25261) to work on /home/huynguyen2741/airflow_venv/lib/python3.12/site-packages/airflow/example_dags/example_dynamic_task_mapping.py
[2025-08-06T14:24:28.300-0400] {processor.py:914} INFO - Processing file /home/huynguyen2741/airflow_venv/lib/python3.12/site-packages/airflow/example_dags/example_dynamic_task_mapping.py for tasks to queue
[2025-08-06T14:24:28.301-0400] {logging_mixin.py:190} INFO - [2025-08-06T14:24:28.301-0400] {dagbag.py:588} INFO - Filling up the DagBag from /home/huynguyen2741/airflow_venv/lib/python3.12/site-packages/airflow/example_dags/example_dynamic_task_mapping.py
[2025-08-06T14:24:28.309-0400] {processor.py:925} INFO - DAG(s) 'example_dynamic_task_mapping' retrieved from /home/huynguyen2741/airflow_venv/lib/python3.12/site-packages/airflow/example_dags/example_dynamic_task_mapping.py
[2025-08-06T14:24:28.322-0400] {logging_mixin.py:190} INFO - [2025-08-06T14:24:28.321-0400] {dag.py:3239} INFO - Sync 1 DAGs
[2025-08-06T14:24:28.331-0400] {logging_mixin.py:190} INFO - [2025-08-06T14:24:28.331-0400] {dag.py:4180} INFO - Setting next_dagrun for example_dynamic_task_mapping to None, run_after=None
[2025-08-06T14:24:28.346-0400] {processor.py:208} INFO - Processing /home/huynguyen2741/airflow_venv/lib/python3.12/site-packages/airflow/example_dags/example_dynamic_task_mapping.py took 0.063 seconds
[2025-08-06T14:25:33.286-0400] {processor.py:186} INFO - Started process (PID=25627) to work on /home/huynguyen2741/airflow_venv/lib/python3.12/site-packages/airflow/example_dags/example_dynamic_task_mapping.py
[2025-08-06T14:25:33.287-0400] {processor.py:914} INFO - Processing file /home/huynguyen2741/airflow_venv/lib/python3.12/site-packages/airflow/example_dags/example_dynamic_task_mapping.py for tasks to queue
[2025-08-06T14:25:33.288-0400] {logging_mixin.py:190} INFO - [2025-08-06T14:25:33.288-0400] {dagbag.py:588} INFO - Filling up the DagBag from /home/huynguyen2741/airflow_venv/lib/python3.12/site-packages/airflow/example_dags/example_dynamic_task_mapping.py
[2025-08-06T14:25:33.295-0400] {processor.py:925} INFO - DAG(s) 'example_dynamic_task_mapping' retrieved from /home/huynguyen2741/airflow_venv/lib/python3.12/site-packages/airflow/example_dags/example_dynamic_task_mapping.py
[2025-08-06T14:25:33.306-0400] {logging_mixin.py:190} INFO - [2025-08-06T14:25:33.305-0400] {dag.py:3239} INFO - Sync 1 DAGs
[2025-08-06T14:25:33.313-0400] {logging_mixin.py:190} INFO - [2025-08-06T14:25:33.313-0400] {dag.py:4180} INFO - Setting next_dagrun for example_dynamic_task_mapping to None, run_after=None
[2025-08-06T14:25:33.329-0400] {processor.py:208} INFO - Processing /home/huynguyen2741/airflow_venv/lib/python3.12/site-packages/airflow/example_dags/example_dynamic_task_mapping.py took 0.049 seconds
[2025-08-06T14:26:35.534-0400] {processor.py:186} INFO - Started process (PID=25846) to work on /home/huynguyen2741/airflow_venv/lib/python3.12/site-packages/airflow/example_dags/example_dynamic_task_mapping.py
[2025-08-06T14:26:35.535-0400] {processor.py:914} INFO - Processing file /home/huynguyen2741/airflow_venv/lib/python3.12/site-packages/airflow/example_dags/example_dynamic_task_mapping.py for tasks to queue
[2025-08-06T14:26:35.536-0400] {logging_mixin.py:190} INFO - [2025-08-06T14:26:35.536-0400] {dagbag.py:588} INFO - Filling up the DagBag from /home/huynguyen2741/airflow_venv/lib/python3.12/site-packages/airflow/example_dags/example_dynamic_task_mapping.py
[2025-08-06T14:26:35.543-0400] {processor.py:925} INFO - DAG(s) 'example_dynamic_task_mapping' retrieved from /home/huynguyen2741/airflow_venv/lib/python3.12/site-packages/airflow/example_dags/example_dynamic_task_mapping.py
[2025-08-06T14:26:35.554-0400] {logging_mixin.py:190} INFO - [2025-08-06T14:26:35.554-0400] {dag.py:3239} INFO - Sync 1 DAGs
[2025-08-06T14:26:35.561-0400] {logging_mixin.py:190} INFO - [2025-08-06T14:26:35.561-0400] {dag.py:4180} INFO - Setting next_dagrun for example_dynamic_task_mapping to None, run_after=None
[2025-08-06T14:26:35.577-0400] {processor.py:208} INFO - Processing /home/huynguyen2741/airflow_venv/lib/python3.12/site-packages/airflow/example_dags/example_dynamic_task_mapping.py took 0.049 seconds
[2025-08-06T14:27:42.252-0400] {processor.py:186} INFO - Started process (PID=26149) to work on /home/huynguyen2741/airflow_venv/lib/python3.12/site-packages/airflow/example_dags/example_dynamic_task_mapping.py
[2025-08-06T14:27:42.261-0400] {processor.py:914} INFO - Processing file /home/huynguyen2741/airflow_venv/lib/python3.12/site-packages/airflow/example_dags/example_dynamic_task_mapping.py for tasks to queue
[2025-08-06T14:27:42.262-0400] {logging_mixin.py:190} INFO - [2025-08-06T14:27:42.262-0400] {dagbag.py:588} INFO - Filling up the DagBag from /home/huynguyen2741/airflow_venv/lib/python3.12/site-packages/airflow/example_dags/example_dynamic_task_mapping.py
[2025-08-06T14:27:42.269-0400] {processor.py:925} INFO - DAG(s) 'example_dynamic_task_mapping' retrieved from /home/huynguyen2741/airflow_venv/lib/python3.12/site-packages/airflow/example_dags/example_dynamic_task_mapping.py
[2025-08-06T14:27:42.280-0400] {logging_mixin.py:190} INFO - [2025-08-06T14:27:42.280-0400] {dag.py:3239} INFO - Sync 1 DAGs
[2025-08-06T14:27:42.288-0400] {logging_mixin.py:190} INFO - [2025-08-06T14:27:42.288-0400] {dag.py:4180} INFO - Setting next_dagrun for example_dynamic_task_mapping to None, run_after=None
[2025-08-06T14:27:42.303-0400] {processor.py:208} INFO - Processing /home/huynguyen2741/airflow_venv/lib/python3.12/site-packages/airflow/example_dags/example_dynamic_task_mapping.py took 0.056 seconds
[2025-08-06T14:28:50.147-0400] {processor.py:186} INFO - Started process (PID=26441) to work on /home/huynguyen2741/airflow_venv/lib/python3.12/site-packages/airflow/example_dags/example_dynamic_task_mapping.py
[2025-08-06T14:28:50.148-0400] {processor.py:914} INFO - Processing file /home/huynguyen2741/airflow_venv/lib/python3.12/site-packages/airflow/example_dags/example_dynamic_task_mapping.py for tasks to queue
[2025-08-06T14:28:50.149-0400] {logging_mixin.py:190} INFO - [2025-08-06T14:28:50.149-0400] {dagbag.py:588} INFO - Filling up the DagBag from /home/huynguyen2741/airflow_venv/lib/python3.12/site-packages/airflow/example_dags/example_dynamic_task_mapping.py
[2025-08-06T14:28:50.157-0400] {processor.py:925} INFO - DAG(s) 'example_dynamic_task_mapping' retrieved from /home/huynguyen2741/airflow_venv/lib/python3.12/site-packages/airflow/example_dags/example_dynamic_task_mapping.py
[2025-08-06T14:28:50.169-0400] {logging_mixin.py:190} INFO - [2025-08-06T14:28:50.169-0400] {dag.py:3239} INFO - Sync 1 DAGs
[2025-08-06T14:28:50.178-0400] {logging_mixin.py:190} INFO - [2025-08-06T14:28:50.178-0400] {dag.py:4180} INFO - Setting next_dagrun for example_dynamic_task_mapping to None, run_after=None
[2025-08-06T14:28:50.196-0400] {processor.py:208} INFO - Processing /home/huynguyen2741/airflow_venv/lib/python3.12/site-packages/airflow/example_dags/example_dynamic_task_mapping.py took 0.055 seconds
[2025-08-06T14:29:52.698-0400] {processor.py:186} INFO - Started process (PID=26710) to work on /home/huynguyen2741/airflow_venv/lib/python3.12/site-packages/airflow/example_dags/example_dynamic_task_mapping.py
[2025-08-06T14:29:52.699-0400] {processor.py:914} INFO - Processing file /home/huynguyen2741/airflow_venv/lib/python3.12/site-packages/airflow/example_dags/example_dynamic_task_mapping.py for tasks to queue
[2025-08-06T14:29:52.700-0400] {logging_mixin.py:190} INFO - [2025-08-06T14:29:52.700-0400] {dagbag.py:588} INFO - Filling up the DagBag from /home/huynguyen2741/airflow_venv/lib/python3.12/site-packages/airflow/example_dags/example_dynamic_task_mapping.py
[2025-08-06T14:29:52.707-0400] {processor.py:925} INFO - DAG(s) 'example_dynamic_task_mapping' retrieved from /home/huynguyen2741/airflow_venv/lib/python3.12/site-packages/airflow/example_dags/example_dynamic_task_mapping.py
[2025-08-06T14:29:52.719-0400] {logging_mixin.py:190} INFO - [2025-08-06T14:29:52.719-0400] {dag.py:3239} INFO - Sync 1 DAGs
[2025-08-06T14:29:52.727-0400] {logging_mixin.py:190} INFO - [2025-08-06T14:29:52.727-0400] {dag.py:4180} INFO - Setting next_dagrun for example_dynamic_task_mapping to None, run_after=None
[2025-08-06T14:29:52.743-0400] {processor.py:208} INFO - Processing /home/huynguyen2741/airflow_venv/lib/python3.12/site-packages/airflow/example_dags/example_dynamic_task_mapping.py took 0.051 seconds
[2025-08-06T14:31:14.675-0400] {processor.py:186} INFO - Started process (PID=27149) to work on /home/huynguyen2741/airflow_venv/lib/python3.12/site-packages/airflow/example_dags/example_dynamic_task_mapping.py
[2025-08-06T14:31:14.676-0400] {processor.py:914} INFO - Processing file /home/huynguyen2741/airflow_venv/lib/python3.12/site-packages/airflow/example_dags/example_dynamic_task_mapping.py for tasks to queue
[2025-08-06T14:31:14.677-0400] {logging_mixin.py:190} INFO - [2025-08-06T14:31:14.677-0400] {dagbag.py:588} INFO - Filling up the DagBag from /home/huynguyen2741/airflow_venv/lib/python3.12/site-packages/airflow/example_dags/example_dynamic_task_mapping.py
[2025-08-06T14:31:14.684-0400] {processor.py:925} INFO - DAG(s) 'example_dynamic_task_mapping' retrieved from /home/huynguyen2741/airflow_venv/lib/python3.12/site-packages/airflow/example_dags/example_dynamic_task_mapping.py
[2025-08-06T14:31:14.697-0400] {logging_mixin.py:190} INFO - [2025-08-06T14:31:14.697-0400] {dag.py:3239} INFO - Sync 1 DAGs
[2025-08-06T14:31:14.707-0400] {logging_mixin.py:190} INFO - [2025-08-06T14:31:14.706-0400] {dag.py:4180} INFO - Setting next_dagrun for example_dynamic_task_mapping to None, run_after=None
[2025-08-06T14:31:14.726-0400] {processor.py:208} INFO - Processing /home/huynguyen2741/airflow_venv/lib/python3.12/site-packages/airflow/example_dags/example_dynamic_task_mapping.py took 0.056 seconds
[2025-08-06T14:32:23.112-0400] {processor.py:186} INFO - Started process (PID=27393) to work on /home/huynguyen2741/airflow_venv/lib/python3.12/site-packages/airflow/example_dags/example_dynamic_task_mapping.py
[2025-08-06T14:32:23.116-0400] {processor.py:914} INFO - Processing file /home/huynguyen2741/airflow_venv/lib/python3.12/site-packages/airflow/example_dags/example_dynamic_task_mapping.py for tasks to queue
[2025-08-06T14:32:23.117-0400] {logging_mixin.py:190} INFO - [2025-08-06T14:32:23.117-0400] {dagbag.py:588} INFO - Filling up the DagBag from /home/huynguyen2741/airflow_venv/lib/python3.12/site-packages/airflow/example_dags/example_dynamic_task_mapping.py
[2025-08-06T14:32:23.124-0400] {processor.py:925} INFO - DAG(s) 'example_dynamic_task_mapping' retrieved from /home/huynguyen2741/airflow_venv/lib/python3.12/site-packages/airflow/example_dags/example_dynamic_task_mapping.py
[2025-08-06T14:32:23.134-0400] {logging_mixin.py:190} INFO - [2025-08-06T14:32:23.134-0400] {dag.py:3239} INFO - Sync 1 DAGs
[2025-08-06T14:32:23.142-0400] {logging_mixin.py:190} INFO - [2025-08-06T14:32:23.142-0400] {dag.py:4180} INFO - Setting next_dagrun for example_dynamic_task_mapping to None, run_after=None
[2025-08-06T14:32:23.158-0400] {processor.py:208} INFO - Processing /home/huynguyen2741/airflow_venv/lib/python3.12/site-packages/airflow/example_dags/example_dynamic_task_mapping.py took 0.051 seconds
[2025-08-06T14:33:32.788-0400] {processor.py:186} INFO - Started process (PID=27725) to work on /home/huynguyen2741/airflow_venv/lib/python3.12/site-packages/airflow/example_dags/example_dynamic_task_mapping.py
[2025-08-06T14:33:32.792-0400] {processor.py:914} INFO - Processing file /home/huynguyen2741/airflow_venv/lib/python3.12/site-packages/airflow/example_dags/example_dynamic_task_mapping.py for tasks to queue
[2025-08-06T14:33:32.793-0400] {logging_mixin.py:190} INFO - [2025-08-06T14:33:32.793-0400] {dagbag.py:588} INFO - Filling up the DagBag from /home/huynguyen2741/airflow_venv/lib/python3.12/site-packages/airflow/example_dags/example_dynamic_task_mapping.py
[2025-08-06T14:33:32.801-0400] {processor.py:925} INFO - DAG(s) 'example_dynamic_task_mapping' retrieved from /home/huynguyen2741/airflow_venv/lib/python3.12/site-packages/airflow/example_dags/example_dynamic_task_mapping.py
[2025-08-06T14:33:32.815-0400] {logging_mixin.py:190} INFO - [2025-08-06T14:33:32.815-0400] {dag.py:3239} INFO - Sync 1 DAGs
[2025-08-06T14:33:32.824-0400] {logging_mixin.py:190} INFO - [2025-08-06T14:33:32.824-0400] {dag.py:4180} INFO - Setting next_dagrun for example_dynamic_task_mapping to None, run_after=None
[2025-08-06T14:33:32.841-0400] {processor.py:208} INFO - Processing /home/huynguyen2741/airflow_venv/lib/python3.12/site-packages/airflow/example_dags/example_dynamic_task_mapping.py took 0.058 seconds
[2025-08-06T14:35:26.214-0400] {processor.py:186} INFO - Started process (PID=28345) to work on /home/huynguyen2741/airflow_venv/lib/python3.12/site-packages/airflow/example_dags/example_dynamic_task_mapping.py
[2025-08-06T14:35:26.219-0400] {processor.py:914} INFO - Processing file /home/huynguyen2741/airflow_venv/lib/python3.12/site-packages/airflow/example_dags/example_dynamic_task_mapping.py for tasks to queue
[2025-08-06T14:35:26.220-0400] {logging_mixin.py:190} INFO - [2025-08-06T14:35:26.219-0400] {dagbag.py:588} INFO - Filling up the DagBag from /home/huynguyen2741/airflow_venv/lib/python3.12/site-packages/airflow/example_dags/example_dynamic_task_mapping.py
[2025-08-06T14:35:26.226-0400] {processor.py:925} INFO - DAG(s) 'example_dynamic_task_mapping' retrieved from /home/huynguyen2741/airflow_venv/lib/python3.12/site-packages/airflow/example_dags/example_dynamic_task_mapping.py
[2025-08-06T14:35:26.237-0400] {logging_mixin.py:190} INFO - [2025-08-06T14:35:26.237-0400] {dag.py:3239} INFO - Sync 1 DAGs
[2025-08-06T14:35:26.244-0400] {logging_mixin.py:190} INFO - [2025-08-06T14:35:26.244-0400] {dag.py:4180} INFO - Setting next_dagrun for example_dynamic_task_mapping to None, run_after=None
[2025-08-06T14:35:26.259-0400] {processor.py:208} INFO - Processing /home/huynguyen2741/airflow_venv/lib/python3.12/site-packages/airflow/example_dags/example_dynamic_task_mapping.py took 0.050 seconds
[2025-08-06T14:36:32.553-0400] {processor.py:186} INFO - Started process (PID=28606) to work on /home/huynguyen2741/airflow_venv/lib/python3.12/site-packages/airflow/example_dags/example_dynamic_task_mapping.py
[2025-08-06T14:36:32.554-0400] {processor.py:914} INFO - Processing file /home/huynguyen2741/airflow_venv/lib/python3.12/site-packages/airflow/example_dags/example_dynamic_task_mapping.py for tasks to queue
[2025-08-06T14:36:32.555-0400] {logging_mixin.py:190} INFO - [2025-08-06T14:36:32.555-0400] {dagbag.py:588} INFO - Filling up the DagBag from /home/huynguyen2741/airflow_venv/lib/python3.12/site-packages/airflow/example_dags/example_dynamic_task_mapping.py
[2025-08-06T14:36:32.564-0400] {processor.py:925} INFO - DAG(s) 'example_dynamic_task_mapping' retrieved from /home/huynguyen2741/airflow_venv/lib/python3.12/site-packages/airflow/example_dags/example_dynamic_task_mapping.py
[2025-08-06T14:36:32.577-0400] {logging_mixin.py:190} INFO - [2025-08-06T14:36:32.576-0400] {dag.py:3239} INFO - Sync 1 DAGs
[2025-08-06T14:36:32.588-0400] {logging_mixin.py:190} INFO - [2025-08-06T14:36:32.587-0400] {dag.py:4180} INFO - Setting next_dagrun for example_dynamic_task_mapping to None, run_after=None
[2025-08-06T14:36:32.608-0400] {processor.py:208} INFO - Processing /home/huynguyen2741/airflow_venv/lib/python3.12/site-packages/airflow/example_dags/example_dynamic_task_mapping.py took 0.061 seconds
[2025-08-06T14:37:34.098-0400] {processor.py:186} INFO - Started process (PID=28860) to work on /home/huynguyen2741/airflow_venv/lib/python3.12/site-packages/airflow/example_dags/example_dynamic_task_mapping.py
[2025-08-06T14:37:34.108-0400] {processor.py:914} INFO - Processing file /home/huynguyen2741/airflow_venv/lib/python3.12/site-packages/airflow/example_dags/example_dynamic_task_mapping.py for tasks to queue
[2025-08-06T14:37:34.109-0400] {logging_mixin.py:190} INFO - [2025-08-06T14:37:34.109-0400] {dagbag.py:588} INFO - Filling up the DagBag from /home/huynguyen2741/airflow_venv/lib/python3.12/site-packages/airflow/example_dags/example_dynamic_task_mapping.py
[2025-08-06T14:37:34.116-0400] {processor.py:925} INFO - DAG(s) 'example_dynamic_task_mapping' retrieved from /home/huynguyen2741/airflow_venv/lib/python3.12/site-packages/airflow/example_dags/example_dynamic_task_mapping.py
[2025-08-06T14:37:34.130-0400] {logging_mixin.py:190} INFO - [2025-08-06T14:37:34.130-0400] {dag.py:3239} INFO - Sync 1 DAGs
[2025-08-06T14:37:34.138-0400] {logging_mixin.py:190} INFO - [2025-08-06T14:37:34.138-0400] {dag.py:4180} INFO - Setting next_dagrun for example_dynamic_task_mapping to None, run_after=None
[2025-08-06T14:37:34.154-0400] {processor.py:208} INFO - Processing /home/huynguyen2741/airflow_venv/lib/python3.12/site-packages/airflow/example_dags/example_dynamic_task_mapping.py took 0.062 seconds
[2025-08-06T14:38:42.490-0400] {processor.py:186} INFO - Started process (PID=29126) to work on /home/huynguyen2741/airflow_venv/lib/python3.12/site-packages/airflow/example_dags/example_dynamic_task_mapping.py
[2025-08-06T14:38:42.499-0400] {processor.py:914} INFO - Processing file /home/huynguyen2741/airflow_venv/lib/python3.12/site-packages/airflow/example_dags/example_dynamic_task_mapping.py for tasks to queue
[2025-08-06T14:38:42.500-0400] {logging_mixin.py:190} INFO - [2025-08-06T14:38:42.500-0400] {dagbag.py:588} INFO - Filling up the DagBag from /home/huynguyen2741/airflow_venv/lib/python3.12/site-packages/airflow/example_dags/example_dynamic_task_mapping.py
[2025-08-06T14:38:42.507-0400] {processor.py:925} INFO - DAG(s) 'example_dynamic_task_mapping' retrieved from /home/huynguyen2741/airflow_venv/lib/python3.12/site-packages/airflow/example_dags/example_dynamic_task_mapping.py
[2025-08-06T14:38:42.518-0400] {logging_mixin.py:190} INFO - [2025-08-06T14:38:42.518-0400] {dag.py:3239} INFO - Sync 1 DAGs
[2025-08-06T14:38:42.525-0400] {logging_mixin.py:190} INFO - [2025-08-06T14:38:42.525-0400] {dag.py:4180} INFO - Setting next_dagrun for example_dynamic_task_mapping to None, run_after=None
[2025-08-06T14:38:42.542-0400] {processor.py:208} INFO - Processing /home/huynguyen2741/airflow_venv/lib/python3.12/site-packages/airflow/example_dags/example_dynamic_task_mapping.py took 0.058 seconds
[2025-08-06T14:39:49.911-0400] {processor.py:186} INFO - Started process (PID=29396) to work on /home/huynguyen2741/airflow_venv/lib/python3.12/site-packages/airflow/example_dags/example_dynamic_task_mapping.py
[2025-08-06T14:39:49.915-0400] {processor.py:914} INFO - Processing file /home/huynguyen2741/airflow_venv/lib/python3.12/site-packages/airflow/example_dags/example_dynamic_task_mapping.py for tasks to queue
[2025-08-06T14:39:49.917-0400] {logging_mixin.py:190} INFO - [2025-08-06T14:39:49.917-0400] {dagbag.py:588} INFO - Filling up the DagBag from /home/huynguyen2741/airflow_venv/lib/python3.12/site-packages/airflow/example_dags/example_dynamic_task_mapping.py
[2025-08-06T14:39:49.924-0400] {processor.py:925} INFO - DAG(s) 'example_dynamic_task_mapping' retrieved from /home/huynguyen2741/airflow_venv/lib/python3.12/site-packages/airflow/example_dags/example_dynamic_task_mapping.py
[2025-08-06T14:39:49.936-0400] {logging_mixin.py:190} INFO - [2025-08-06T14:39:49.936-0400] {dag.py:3239} INFO - Sync 1 DAGs
[2025-08-06T14:39:49.946-0400] {logging_mixin.py:190} INFO - [2025-08-06T14:39:49.945-0400] {dag.py:4180} INFO - Setting next_dagrun for example_dynamic_task_mapping to None, run_after=None
[2025-08-06T14:39:49.962-0400] {processor.py:208} INFO - Processing /home/huynguyen2741/airflow_venv/lib/python3.12/site-packages/airflow/example_dags/example_dynamic_task_mapping.py took 0.056 seconds
[2025-08-06T14:40:56.409-0400] {processor.py:186} INFO - Started process (PID=29624) to work on /home/huynguyen2741/airflow_venv/lib/python3.12/site-packages/airflow/example_dags/example_dynamic_task_mapping.py
[2025-08-06T14:40:56.410-0400] {processor.py:914} INFO - Processing file /home/huynguyen2741/airflow_venv/lib/python3.12/site-packages/airflow/example_dags/example_dynamic_task_mapping.py for tasks to queue
[2025-08-06T14:40:56.411-0400] {logging_mixin.py:190} INFO - [2025-08-06T14:40:56.410-0400] {dagbag.py:588} INFO - Filling up the DagBag from /home/huynguyen2741/airflow_venv/lib/python3.12/site-packages/airflow/example_dags/example_dynamic_task_mapping.py
[2025-08-06T14:40:56.417-0400] {processor.py:925} INFO - DAG(s) 'example_dynamic_task_mapping' retrieved from /home/huynguyen2741/airflow_venv/lib/python3.12/site-packages/airflow/example_dags/example_dynamic_task_mapping.py
[2025-08-06T14:40:56.428-0400] {logging_mixin.py:190} INFO - [2025-08-06T14:40:56.428-0400] {dag.py:3239} INFO - Sync 1 DAGs
[2025-08-06T14:40:56.435-0400] {logging_mixin.py:190} INFO - [2025-08-06T14:40:56.435-0400] {dag.py:4180} INFO - Setting next_dagrun for example_dynamic_task_mapping to None, run_after=None
[2025-08-06T14:40:56.450-0400] {processor.py:208} INFO - Processing /home/huynguyen2741/airflow_venv/lib/python3.12/site-packages/airflow/example_dags/example_dynamic_task_mapping.py took 0.046 seconds
[2025-08-06T14:42:01.209-0400] {processor.py:186} INFO - Started process (PID=29909) to work on /home/huynguyen2741/airflow_venv/lib/python3.12/site-packages/airflow/example_dags/example_dynamic_task_mapping.py
[2025-08-06T14:42:01.212-0400] {processor.py:914} INFO - Processing file /home/huynguyen2741/airflow_venv/lib/python3.12/site-packages/airflow/example_dags/example_dynamic_task_mapping.py for tasks to queue
[2025-08-06T14:42:01.213-0400] {logging_mixin.py:190} INFO - [2025-08-06T14:42:01.213-0400] {dagbag.py:588} INFO - Filling up the DagBag from /home/huynguyen2741/airflow_venv/lib/python3.12/site-packages/airflow/example_dags/example_dynamic_task_mapping.py
[2025-08-06T14:42:01.220-0400] {processor.py:925} INFO - DAG(s) 'example_dynamic_task_mapping' retrieved from /home/huynguyen2741/airflow_venv/lib/python3.12/site-packages/airflow/example_dags/example_dynamic_task_mapping.py
[2025-08-06T14:42:01.231-0400] {logging_mixin.py:190} INFO - [2025-08-06T14:42:01.231-0400] {dag.py:3239} INFO - Sync 1 DAGs
[2025-08-06T14:42:01.238-0400] {logging_mixin.py:190} INFO - [2025-08-06T14:42:01.238-0400] {dag.py:4180} INFO - Setting next_dagrun for example_dynamic_task_mapping to None, run_after=None
[2025-08-06T14:42:01.254-0400] {processor.py:208} INFO - Processing /home/huynguyen2741/airflow_venv/lib/python3.12/site-packages/airflow/example_dags/example_dynamic_task_mapping.py took 0.051 seconds
[2025-08-06T14:43:03.014-0400] {processor.py:186} INFO - Started process (PID=30144) to work on /home/huynguyen2741/airflow_venv/lib/python3.12/site-packages/airflow/example_dags/example_dynamic_task_mapping.py
[2025-08-06T14:43:03.015-0400] {processor.py:914} INFO - Processing file /home/huynguyen2741/airflow_venv/lib/python3.12/site-packages/airflow/example_dags/example_dynamic_task_mapping.py for tasks to queue
[2025-08-06T14:43:03.016-0400] {logging_mixin.py:190} INFO - [2025-08-06T14:43:03.016-0400] {dagbag.py:588} INFO - Filling up the DagBag from /home/huynguyen2741/airflow_venv/lib/python3.12/site-packages/airflow/example_dags/example_dynamic_task_mapping.py
[2025-08-06T14:43:03.023-0400] {processor.py:925} INFO - DAG(s) 'example_dynamic_task_mapping' retrieved from /home/huynguyen2741/airflow_venv/lib/python3.12/site-packages/airflow/example_dags/example_dynamic_task_mapping.py
[2025-08-06T14:43:03.036-0400] {logging_mixin.py:190} INFO - [2025-08-06T14:43:03.036-0400] {dag.py:3239} INFO - Sync 1 DAGs
[2025-08-06T14:43:03.045-0400] {logging_mixin.py:190} INFO - [2025-08-06T14:43:03.045-0400] {dag.py:4180} INFO - Setting next_dagrun for example_dynamic_task_mapping to None, run_after=None
[2025-08-06T14:43:03.061-0400] {processor.py:208} INFO - Processing /home/huynguyen2741/airflow_venv/lib/python3.12/site-packages/airflow/example_dags/example_dynamic_task_mapping.py took 0.052 seconds
[2025-08-06T14:44:10.747-0400] {processor.py:186} INFO - Started process (PID=30411) to work on /home/huynguyen2741/airflow_venv/lib/python3.12/site-packages/airflow/example_dags/example_dynamic_task_mapping.py
[2025-08-06T14:44:10.752-0400] {processor.py:914} INFO - Processing file /home/huynguyen2741/airflow_venv/lib/python3.12/site-packages/airflow/example_dags/example_dynamic_task_mapping.py for tasks to queue
[2025-08-06T14:44:10.753-0400] {logging_mixin.py:190} INFO - [2025-08-06T14:44:10.753-0400] {dagbag.py:588} INFO - Filling up the DagBag from /home/huynguyen2741/airflow_venv/lib/python3.12/site-packages/airflow/example_dags/example_dynamic_task_mapping.py
[2025-08-06T14:44:10.761-0400] {processor.py:925} INFO - DAG(s) 'example_dynamic_task_mapping' retrieved from /home/huynguyen2741/airflow_venv/lib/python3.12/site-packages/airflow/example_dags/example_dynamic_task_mapping.py
[2025-08-06T14:44:10.777-0400] {logging_mixin.py:190} INFO - [2025-08-06T14:44:10.777-0400] {dag.py:3239} INFO - Sync 1 DAGs
[2025-08-06T14:44:10.787-0400] {logging_mixin.py:190} INFO - [2025-08-06T14:44:10.787-0400] {dag.py:4180} INFO - Setting next_dagrun for example_dynamic_task_mapping to None, run_after=None
[2025-08-06T14:44:10.808-0400] {processor.py:208} INFO - Processing /home/huynguyen2741/airflow_venv/lib/python3.12/site-packages/airflow/example_dags/example_dynamic_task_mapping.py took 0.068 seconds
[2025-08-06T14:45:06.726-0400] {processor.py:186} INFO - Started process (PID=30634) to work on /home/huynguyen2741/airflow_venv/lib/python3.12/site-packages/airflow/example_dags/example_dynamic_task_mapping.py
[2025-08-06T14:45:06.728-0400] {processor.py:914} INFO - Processing file /home/huynguyen2741/airflow_venv/lib/python3.12/site-packages/airflow/example_dags/example_dynamic_task_mapping.py for tasks to queue
[2025-08-06T14:45:06.729-0400] {logging_mixin.py:190} INFO - [2025-08-06T14:45:06.729-0400] {dagbag.py:588} INFO - Filling up the DagBag from /home/huynguyen2741/airflow_venv/lib/python3.12/site-packages/airflow/example_dags/example_dynamic_task_mapping.py
[2025-08-06T14:45:06.736-0400] {processor.py:925} INFO - DAG(s) 'example_dynamic_task_mapping' retrieved from /home/huynguyen2741/airflow_venv/lib/python3.12/site-packages/airflow/example_dags/example_dynamic_task_mapping.py
[2025-08-06T14:45:06.746-0400] {logging_mixin.py:190} INFO - [2025-08-06T14:45:06.746-0400] {dag.py:3239} INFO - Sync 1 DAGs
[2025-08-06T14:45:06.754-0400] {logging_mixin.py:190} INFO - [2025-08-06T14:45:06.754-0400] {dag.py:4180} INFO - Setting next_dagrun for example_dynamic_task_mapping to None, run_after=None
[2025-08-06T14:45:06.769-0400] {processor.py:208} INFO - Processing /home/huynguyen2741/airflow_venv/lib/python3.12/site-packages/airflow/example_dags/example_dynamic_task_mapping.py took 0.049 seconds
[2025-08-06T14:46:07.749-0400] {processor.py:186} INFO - Started process (PID=30898) to work on /home/huynguyen2741/airflow_venv/lib/python3.12/site-packages/airflow/example_dags/example_dynamic_task_mapping.py
[2025-08-06T14:46:07.750-0400] {processor.py:914} INFO - Processing file /home/huynguyen2741/airflow_venv/lib/python3.12/site-packages/airflow/example_dags/example_dynamic_task_mapping.py for tasks to queue
[2025-08-06T14:46:07.751-0400] {logging_mixin.py:190} INFO - [2025-08-06T14:46:07.751-0400] {dagbag.py:588} INFO - Filling up the DagBag from /home/huynguyen2741/airflow_venv/lib/python3.12/site-packages/airflow/example_dags/example_dynamic_task_mapping.py
[2025-08-06T14:46:07.759-0400] {processor.py:925} INFO - DAG(s) 'example_dynamic_task_mapping' retrieved from /home/huynguyen2741/airflow_venv/lib/python3.12/site-packages/airflow/example_dags/example_dynamic_task_mapping.py
[2025-08-06T14:46:07.771-0400] {logging_mixin.py:190} INFO - [2025-08-06T14:46:07.771-0400] {dag.py:3239} INFO - Sync 1 DAGs
[2025-08-06T14:46:07.781-0400] {logging_mixin.py:190} INFO - [2025-08-06T14:46:07.781-0400] {dag.py:4180} INFO - Setting next_dagrun for example_dynamic_task_mapping to None, run_after=None
[2025-08-06T14:46:07.798-0400] {processor.py:208} INFO - Processing /home/huynguyen2741/airflow_venv/lib/python3.12/site-packages/airflow/example_dags/example_dynamic_task_mapping.py took 0.055 seconds
[2025-08-06T14:47:12.388-0400] {processor.py:186} INFO - Started process (PID=31192) to work on /home/huynguyen2741/airflow_venv/lib/python3.12/site-packages/airflow/example_dags/example_dynamic_task_mapping.py
[2025-08-06T14:47:12.392-0400] {processor.py:914} INFO - Processing file /home/huynguyen2741/airflow_venv/lib/python3.12/site-packages/airflow/example_dags/example_dynamic_task_mapping.py for tasks to queue
[2025-08-06T14:47:12.393-0400] {logging_mixin.py:190} INFO - [2025-08-06T14:47:12.393-0400] {dagbag.py:588} INFO - Filling up the DagBag from /home/huynguyen2741/airflow_venv/lib/python3.12/site-packages/airflow/example_dags/example_dynamic_task_mapping.py
[2025-08-06T14:47:12.401-0400] {processor.py:925} INFO - DAG(s) 'example_dynamic_task_mapping' retrieved from /home/huynguyen2741/airflow_venv/lib/python3.12/site-packages/airflow/example_dags/example_dynamic_task_mapping.py
[2025-08-06T14:47:12.416-0400] {logging_mixin.py:190} INFO - [2025-08-06T14:47:12.416-0400] {dag.py:3239} INFO - Sync 1 DAGs
[2025-08-06T14:47:12.426-0400] {logging_mixin.py:190} INFO - [2025-08-06T14:47:12.426-0400] {dag.py:4180} INFO - Setting next_dagrun for example_dynamic_task_mapping to None, run_after=None
[2025-08-06T14:47:12.446-0400] {processor.py:208} INFO - Processing /home/huynguyen2741/airflow_venv/lib/python3.12/site-packages/airflow/example_dags/example_dynamic_task_mapping.py took 0.064 seconds
[2025-08-06T14:48:41.960-0400] {processor.py:186} INFO - Started process (PID=31724) to work on /home/huynguyen2741/airflow_venv/lib/python3.12/site-packages/airflow/example_dags/example_dynamic_task_mapping.py
[2025-08-06T14:48:41.964-0400] {processor.py:914} INFO - Processing file /home/huynguyen2741/airflow_venv/lib/python3.12/site-packages/airflow/example_dags/example_dynamic_task_mapping.py for tasks to queue
[2025-08-06T14:48:41.965-0400] {logging_mixin.py:190} INFO - [2025-08-06T14:48:41.965-0400] {dagbag.py:588} INFO - Filling up the DagBag from /home/huynguyen2741/airflow_venv/lib/python3.12/site-packages/airflow/example_dags/example_dynamic_task_mapping.py
[2025-08-06T14:48:41.972-0400] {processor.py:925} INFO - DAG(s) 'example_dynamic_task_mapping' retrieved from /home/huynguyen2741/airflow_venv/lib/python3.12/site-packages/airflow/example_dags/example_dynamic_task_mapping.py
[2025-08-06T14:48:41.984-0400] {logging_mixin.py:190} INFO - [2025-08-06T14:48:41.984-0400] {dag.py:3239} INFO - Sync 1 DAGs
[2025-08-06T14:48:41.992-0400] {logging_mixin.py:190} INFO - [2025-08-06T14:48:41.992-0400] {dag.py:4180} INFO - Setting next_dagrun for example_dynamic_task_mapping to None, run_after=None
[2025-08-06T14:48:42.008-0400] {processor.py:208} INFO - Processing /home/huynguyen2741/airflow_venv/lib/python3.12/site-packages/airflow/example_dags/example_dynamic_task_mapping.py took 0.054 seconds
[2025-08-06T14:49:43.925-0400] {processor.py:186} INFO - Started process (PID=31944) to work on /home/huynguyen2741/airflow_venv/lib/python3.12/site-packages/airflow/example_dags/example_dynamic_task_mapping.py
[2025-08-06T14:49:43.929-0400] {processor.py:914} INFO - Processing file /home/huynguyen2741/airflow_venv/lib/python3.12/site-packages/airflow/example_dags/example_dynamic_task_mapping.py for tasks to queue
[2025-08-06T14:49:43.930-0400] {logging_mixin.py:190} INFO - [2025-08-06T14:49:43.930-0400] {dagbag.py:588} INFO - Filling up the DagBag from /home/huynguyen2741/airflow_venv/lib/python3.12/site-packages/airflow/example_dags/example_dynamic_task_mapping.py
[2025-08-06T14:49:43.937-0400] {processor.py:925} INFO - DAG(s) 'example_dynamic_task_mapping' retrieved from /home/huynguyen2741/airflow_venv/lib/python3.12/site-packages/airflow/example_dags/example_dynamic_task_mapping.py
[2025-08-06T14:49:43.948-0400] {logging_mixin.py:190} INFO - [2025-08-06T14:49:43.948-0400] {dag.py:3239} INFO - Sync 1 DAGs
[2025-08-06T14:49:43.958-0400] {logging_mixin.py:190} INFO - [2025-08-06T14:49:43.958-0400] {dag.py:4180} INFO - Setting next_dagrun for example_dynamic_task_mapping to None, run_after=None
[2025-08-06T14:49:43.974-0400] {processor.py:208} INFO - Processing /home/huynguyen2741/airflow_venv/lib/python3.12/site-packages/airflow/example_dags/example_dynamic_task_mapping.py took 0.055 seconds
[2025-08-06T14:50:50.511-0400] {processor.py:186} INFO - Started process (PID=32186) to work on /home/huynguyen2741/airflow_venv/lib/python3.12/site-packages/airflow/example_dags/example_dynamic_task_mapping.py
[2025-08-06T14:50:50.515-0400] {processor.py:914} INFO - Processing file /home/huynguyen2741/airflow_venv/lib/python3.12/site-packages/airflow/example_dags/example_dynamic_task_mapping.py for tasks to queue
[2025-08-06T14:50:50.516-0400] {logging_mixin.py:190} INFO - [2025-08-06T14:50:50.516-0400] {dagbag.py:588} INFO - Filling up the DagBag from /home/huynguyen2741/airflow_venv/lib/python3.12/site-packages/airflow/example_dags/example_dynamic_task_mapping.py
[2025-08-06T14:50:50.523-0400] {processor.py:925} INFO - DAG(s) 'example_dynamic_task_mapping' retrieved from /home/huynguyen2741/airflow_venv/lib/python3.12/site-packages/airflow/example_dags/example_dynamic_task_mapping.py
[2025-08-06T14:50:50.535-0400] {logging_mixin.py:190} INFO - [2025-08-06T14:50:50.535-0400] {dag.py:3239} INFO - Sync 1 DAGs
[2025-08-06T14:50:50.543-0400] {logging_mixin.py:190} INFO - [2025-08-06T14:50:50.543-0400] {dag.py:4180} INFO - Setting next_dagrun for example_dynamic_task_mapping to None, run_after=None
[2025-08-06T14:50:50.558-0400] {processor.py:208} INFO - Processing /home/huynguyen2741/airflow_venv/lib/python3.12/site-packages/airflow/example_dags/example_dynamic_task_mapping.py took 0.053 seconds
[2025-08-06T14:51:52.662-0400] {processor.py:186} INFO - Started process (PID=32413) to work on /home/huynguyen2741/airflow_venv/lib/python3.12/site-packages/airflow/example_dags/example_dynamic_task_mapping.py
[2025-08-06T14:51:52.663-0400] {processor.py:914} INFO - Processing file /home/huynguyen2741/airflow_venv/lib/python3.12/site-packages/airflow/example_dags/example_dynamic_task_mapping.py for tasks to queue
[2025-08-06T14:51:52.664-0400] {logging_mixin.py:190} INFO - [2025-08-06T14:51:52.664-0400] {dagbag.py:588} INFO - Filling up the DagBag from /home/huynguyen2741/airflow_venv/lib/python3.12/site-packages/airflow/example_dags/example_dynamic_task_mapping.py
[2025-08-06T14:51:52.671-0400] {processor.py:925} INFO - DAG(s) 'example_dynamic_task_mapping' retrieved from /home/huynguyen2741/airflow_venv/lib/python3.12/site-packages/airflow/example_dags/example_dynamic_task_mapping.py
[2025-08-06T14:51:52.683-0400] {logging_mixin.py:190} INFO - [2025-08-06T14:51:52.683-0400] {dag.py:3239} INFO - Sync 1 DAGs
[2025-08-06T14:51:52.692-0400] {logging_mixin.py:190} INFO - [2025-08-06T14:51:52.692-0400] {dag.py:4180} INFO - Setting next_dagrun for example_dynamic_task_mapping to None, run_after=None
[2025-08-06T14:51:52.709-0400] {processor.py:208} INFO - Processing /home/huynguyen2741/airflow_venv/lib/python3.12/site-packages/airflow/example_dags/example_dynamic_task_mapping.py took 0.052 seconds
[2025-08-06T14:52:50.907-0400] {processor.py:186} INFO - Started process (PID=32675) to work on /home/huynguyen2741/airflow_venv/lib/python3.12/site-packages/airflow/example_dags/example_dynamic_task_mapping.py
[2025-08-06T14:52:50.917-0400] {processor.py:914} INFO - Processing file /home/huynguyen2741/airflow_venv/lib/python3.12/site-packages/airflow/example_dags/example_dynamic_task_mapping.py for tasks to queue
[2025-08-06T14:52:50.919-0400] {logging_mixin.py:190} INFO - [2025-08-06T14:52:50.918-0400] {dagbag.py:588} INFO - Filling up the DagBag from /home/huynguyen2741/airflow_venv/lib/python3.12/site-packages/airflow/example_dags/example_dynamic_task_mapping.py
[2025-08-06T14:52:50.926-0400] {processor.py:925} INFO - DAG(s) 'example_dynamic_task_mapping' retrieved from /home/huynguyen2741/airflow_venv/lib/python3.12/site-packages/airflow/example_dags/example_dynamic_task_mapping.py
[2025-08-06T14:52:50.937-0400] {logging_mixin.py:190} INFO - [2025-08-06T14:52:50.937-0400] {dag.py:3239} INFO - Sync 1 DAGs
[2025-08-06T14:52:50.945-0400] {logging_mixin.py:190} INFO - [2025-08-06T14:52:50.945-0400] {dag.py:4180} INFO - Setting next_dagrun for example_dynamic_task_mapping to None, run_after=None
[2025-08-06T14:52:50.962-0400] {processor.py:208} INFO - Processing /home/huynguyen2741/airflow_venv/lib/python3.12/site-packages/airflow/example_dags/example_dynamic_task_mapping.py took 0.061 seconds
[2025-08-06T14:53:56.100-0400] {processor.py:186} INFO - Started process (PID=33134) to work on /home/huynguyen2741/airflow_venv/lib/python3.12/site-packages/airflow/example_dags/example_dynamic_task_mapping.py
[2025-08-06T14:53:56.104-0400] {processor.py:914} INFO - Processing file /home/huynguyen2741/airflow_venv/lib/python3.12/site-packages/airflow/example_dags/example_dynamic_task_mapping.py for tasks to queue
[2025-08-06T14:53:56.105-0400] {logging_mixin.py:190} INFO - [2025-08-06T14:53:56.104-0400] {dagbag.py:588} INFO - Filling up the DagBag from /home/huynguyen2741/airflow_venv/lib/python3.12/site-packages/airflow/example_dags/example_dynamic_task_mapping.py
[2025-08-06T14:53:56.112-0400] {processor.py:925} INFO - DAG(s) 'example_dynamic_task_mapping' retrieved from /home/huynguyen2741/airflow_venv/lib/python3.12/site-packages/airflow/example_dags/example_dynamic_task_mapping.py
[2025-08-06T14:53:56.123-0400] {logging_mixin.py:190} INFO - [2025-08-06T14:53:56.123-0400] {dag.py:3239} INFO - Sync 1 DAGs
[2025-08-06T14:53:56.131-0400] {logging_mixin.py:190} INFO - [2025-08-06T14:53:56.131-0400] {dag.py:4180} INFO - Setting next_dagrun for example_dynamic_task_mapping to None, run_after=None
[2025-08-06T14:53:56.153-0400] {processor.py:208} INFO - Processing /home/huynguyen2741/airflow_venv/lib/python3.12/site-packages/airflow/example_dags/example_dynamic_task_mapping.py took 0.059 seconds
[2025-08-06T14:54:53.897-0400] {processor.py:186} INFO - Started process (PID=33487) to work on /home/huynguyen2741/airflow_venv/lib/python3.12/site-packages/airflow/example_dags/example_dynamic_task_mapping.py
[2025-08-06T14:54:53.902-0400] {processor.py:914} INFO - Processing file /home/huynguyen2741/airflow_venv/lib/python3.12/site-packages/airflow/example_dags/example_dynamic_task_mapping.py for tasks to queue
[2025-08-06T14:54:53.903-0400] {logging_mixin.py:190} INFO - [2025-08-06T14:54:53.903-0400] {dagbag.py:588} INFO - Filling up the DagBag from /home/huynguyen2741/airflow_venv/lib/python3.12/site-packages/airflow/example_dags/example_dynamic_task_mapping.py
[2025-08-06T14:54:53.910-0400] {processor.py:925} INFO - DAG(s) 'example_dynamic_task_mapping' retrieved from /home/huynguyen2741/airflow_venv/lib/python3.12/site-packages/airflow/example_dags/example_dynamic_task_mapping.py
[2025-08-06T14:54:53.921-0400] {logging_mixin.py:190} INFO - [2025-08-06T14:54:53.921-0400] {dag.py:3239} INFO - Sync 1 DAGs
[2025-08-06T14:54:53.928-0400] {logging_mixin.py:190} INFO - [2025-08-06T14:54:53.928-0400] {dag.py:4180} INFO - Setting next_dagrun for example_dynamic_task_mapping to None, run_after=None
[2025-08-06T14:54:53.944-0400] {processor.py:208} INFO - Processing /home/huynguyen2741/airflow_venv/lib/python3.12/site-packages/airflow/example_dags/example_dynamic_task_mapping.py took 0.052 seconds
[2025-08-06T14:55:57.112-0400] {processor.py:186} INFO - Started process (PID=33739) to work on /home/huynguyen2741/airflow_venv/lib/python3.12/site-packages/airflow/example_dags/example_dynamic_task_mapping.py
[2025-08-06T14:55:57.116-0400] {processor.py:914} INFO - Processing file /home/huynguyen2741/airflow_venv/lib/python3.12/site-packages/airflow/example_dags/example_dynamic_task_mapping.py for tasks to queue
[2025-08-06T14:55:57.118-0400] {logging_mixin.py:190} INFO - [2025-08-06T14:55:57.117-0400] {dagbag.py:588} INFO - Filling up the DagBag from /home/huynguyen2741/airflow_venv/lib/python3.12/site-packages/airflow/example_dags/example_dynamic_task_mapping.py
[2025-08-06T14:55:57.125-0400] {processor.py:925} INFO - DAG(s) 'example_dynamic_task_mapping' retrieved from /home/huynguyen2741/airflow_venv/lib/python3.12/site-packages/airflow/example_dags/example_dynamic_task_mapping.py
[2025-08-06T14:55:57.135-0400] {logging_mixin.py:190} INFO - [2025-08-06T14:55:57.135-0400] {dag.py:3239} INFO - Sync 1 DAGs
[2025-08-06T14:55:57.143-0400] {logging_mixin.py:190} INFO - [2025-08-06T14:55:57.143-0400] {dag.py:4180} INFO - Setting next_dagrun for example_dynamic_task_mapping to None, run_after=None
[2025-08-06T14:55:57.158-0400] {processor.py:208} INFO - Processing /home/huynguyen2741/airflow_venv/lib/python3.12/site-packages/airflow/example_dags/example_dynamic_task_mapping.py took 0.052 seconds
[2025-08-06T14:56:58.502-0400] {processor.py:186} INFO - Started process (PID=34033) to work on /home/huynguyen2741/airflow_venv/lib/python3.12/site-packages/airflow/example_dags/example_dynamic_task_mapping.py
[2025-08-06T14:56:58.506-0400] {processor.py:914} INFO - Processing file /home/huynguyen2741/airflow_venv/lib/python3.12/site-packages/airflow/example_dags/example_dynamic_task_mapping.py for tasks to queue
[2025-08-06T14:56:58.507-0400] {logging_mixin.py:190} INFO - [2025-08-06T14:56:58.507-0400] {dagbag.py:588} INFO - Filling up the DagBag from /home/huynguyen2741/airflow_venv/lib/python3.12/site-packages/airflow/example_dags/example_dynamic_task_mapping.py
[2025-08-06T14:56:58.514-0400] {processor.py:925} INFO - DAG(s) 'example_dynamic_task_mapping' retrieved from /home/huynguyen2741/airflow_venv/lib/python3.12/site-packages/airflow/example_dags/example_dynamic_task_mapping.py
[2025-08-06T14:56:58.525-0400] {logging_mixin.py:190} INFO - [2025-08-06T14:56:58.524-0400] {dag.py:3239} INFO - Sync 1 DAGs
[2025-08-06T14:56:58.532-0400] {logging_mixin.py:190} INFO - [2025-08-06T14:56:58.532-0400] {dag.py:4180} INFO - Setting next_dagrun for example_dynamic_task_mapping to None, run_after=None
[2025-08-06T14:56:58.548-0400] {processor.py:208} INFO - Processing /home/huynguyen2741/airflow_venv/lib/python3.12/site-packages/airflow/example_dags/example_dynamic_task_mapping.py took 0.052 seconds
[2025-08-06T14:57:59.645-0400] {processor.py:186} INFO - Started process (PID=34307) to work on /home/huynguyen2741/airflow_venv/lib/python3.12/site-packages/airflow/example_dags/example_dynamic_task_mapping.py
[2025-08-06T14:57:59.655-0400] {processor.py:914} INFO - Processing file /home/huynguyen2741/airflow_venv/lib/python3.12/site-packages/airflow/example_dags/example_dynamic_task_mapping.py for tasks to queue
[2025-08-06T14:57:59.656-0400] {logging_mixin.py:190} INFO - [2025-08-06T14:57:59.656-0400] {dagbag.py:588} INFO - Filling up the DagBag from /home/huynguyen2741/airflow_venv/lib/python3.12/site-packages/airflow/example_dags/example_dynamic_task_mapping.py
[2025-08-06T14:57:59.663-0400] {processor.py:925} INFO - DAG(s) 'example_dynamic_task_mapping' retrieved from /home/huynguyen2741/airflow_venv/lib/python3.12/site-packages/airflow/example_dags/example_dynamic_task_mapping.py
[2025-08-06T14:57:59.674-0400] {logging_mixin.py:190} INFO - [2025-08-06T14:57:59.674-0400] {dag.py:3239} INFO - Sync 1 DAGs
[2025-08-06T14:57:59.681-0400] {logging_mixin.py:190} INFO - [2025-08-06T14:57:59.681-0400] {dag.py:4180} INFO - Setting next_dagrun for example_dynamic_task_mapping to None, run_after=None
[2025-08-06T14:57:59.696-0400] {processor.py:208} INFO - Processing /home/huynguyen2741/airflow_venv/lib/python3.12/site-packages/airflow/example_dags/example_dynamic_task_mapping.py took 0.056 seconds
[2025-08-06T14:59:02.516-0400] {processor.py:186} INFO - Started process (PID=34563) to work on /home/huynguyen2741/airflow_venv/lib/python3.12/site-packages/airflow/example_dags/example_dynamic_task_mapping.py
[2025-08-06T14:59:02.517-0400] {processor.py:914} INFO - Processing file /home/huynguyen2741/airflow_venv/lib/python3.12/site-packages/airflow/example_dags/example_dynamic_task_mapping.py for tasks to queue
[2025-08-06T14:59:02.518-0400] {logging_mixin.py:190} INFO - [2025-08-06T14:59:02.517-0400] {dagbag.py:588} INFO - Filling up the DagBag from /home/huynguyen2741/airflow_venv/lib/python3.12/site-packages/airflow/example_dags/example_dynamic_task_mapping.py
[2025-08-06T14:59:02.525-0400] {processor.py:925} INFO - DAG(s) 'example_dynamic_task_mapping' retrieved from /home/huynguyen2741/airflow_venv/lib/python3.12/site-packages/airflow/example_dags/example_dynamic_task_mapping.py
[2025-08-06T14:59:02.536-0400] {logging_mixin.py:190} INFO - [2025-08-06T14:59:02.536-0400] {dag.py:3239} INFO - Sync 1 DAGs
[2025-08-06T14:59:02.545-0400] {logging_mixin.py:190} INFO - [2025-08-06T14:59:02.545-0400] {dag.py:4180} INFO - Setting next_dagrun for example_dynamic_task_mapping to None, run_after=None
[2025-08-06T14:59:02.561-0400] {processor.py:208} INFO - Processing /home/huynguyen2741/airflow_venv/lib/python3.12/site-packages/airflow/example_dags/example_dynamic_task_mapping.py took 0.051 seconds
[2025-08-06T15:00:08.820-0400] {processor.py:186} INFO - Started process (PID=34807) to work on /home/huynguyen2741/airflow_venv/lib/python3.12/site-packages/airflow/example_dags/example_dynamic_task_mapping.py
[2025-08-06T15:00:08.825-0400] {processor.py:914} INFO - Processing file /home/huynguyen2741/airflow_venv/lib/python3.12/site-packages/airflow/example_dags/example_dynamic_task_mapping.py for tasks to queue
[2025-08-06T15:00:08.826-0400] {logging_mixin.py:190} INFO - [2025-08-06T15:00:08.825-0400] {dagbag.py:588} INFO - Filling up the DagBag from /home/huynguyen2741/airflow_venv/lib/python3.12/site-packages/airflow/example_dags/example_dynamic_task_mapping.py
[2025-08-06T15:00:08.832-0400] {processor.py:925} INFO - DAG(s) 'example_dynamic_task_mapping' retrieved from /home/huynguyen2741/airflow_venv/lib/python3.12/site-packages/airflow/example_dags/example_dynamic_task_mapping.py
[2025-08-06T15:00:08.843-0400] {logging_mixin.py:190} INFO - [2025-08-06T15:00:08.843-0400] {dag.py:3239} INFO - Sync 1 DAGs
[2025-08-06T15:00:08.851-0400] {logging_mixin.py:190} INFO - [2025-08-06T15:00:08.851-0400] {dag.py:4180} INFO - Setting next_dagrun for example_dynamic_task_mapping to None, run_after=None
[2025-08-06T15:00:08.865-0400] {processor.py:208} INFO - Processing /home/huynguyen2741/airflow_venv/lib/python3.12/site-packages/airflow/example_dags/example_dynamic_task_mapping.py took 0.051 seconds
