[2025-08-06T13:56:51.469-0400] {processor.py:186} INFO - Started process (PID=17593) to work on /home/huynguyen2741/airflow_venv/lib/python3.12/site-packages/airflow/example_dags/tutorial_dag.py
[2025-08-06T13:56:51.470-0400] {processor.py:914} INFO - Processing file /home/huynguyen2741/airflow_venv/lib/python3.12/site-packages/airflow/example_dags/tutorial_dag.py for tasks to queue
[2025-08-06T13:56:51.472-0400] {logging_mixin.py:190} INFO - [2025-08-06T13:56:51.471-0400] {dagbag.py:588} INFO - Filling up the DagBag from /home/huynguyen2741/airflow_venv/lib/python3.12/site-packages/airflow/example_dags/tutorial_dag.py
[2025-08-06T13:56:51.484-0400] {processor.py:925} INFO - DAG(s) 'tutorial_dag' retrieved from /home/huynguyen2741/airflow_venv/lib/python3.12/site-packages/airflow/example_dags/tutorial_dag.py
[2025-08-06T13:56:51.583-0400] {logging_mixin.py:190} INFO - [2025-08-06T13:56:51.582-0400] {override.py:1930} INFO - Created Permission View: can edit on DAG:tutorial_dag
[2025-08-06T13:56:51.593-0400] {logging_mixin.py:190} INFO - [2025-08-06T13:56:51.593-0400] {override.py:1930} INFO - Created Permission View: can read on DAG:tutorial_dag
[2025-08-06T13:56:51.601-0400] {logging_mixin.py:190} INFO - [2025-08-06T13:56:51.601-0400] {override.py:1930} INFO - Created Permission View: can delete on DAG:tutorial_dag
[2025-08-06T13:56:51.614-0400] {logging_mixin.py:190} INFO - [2025-08-06T13:56:51.614-0400] {override.py:1930} INFO - Created Permission View: menu access on DAG Run:tutorial_dag
[2025-08-06T13:56:51.622-0400] {logging_mixin.py:190} INFO - [2025-08-06T13:56:51.622-0400] {override.py:1930} INFO - Created Permission View: can read on DAG Run:tutorial_dag
[2025-08-06T13:56:51.630-0400] {logging_mixin.py:190} INFO - [2025-08-06T13:56:51.629-0400] {override.py:1930} INFO - Created Permission View: can create on DAG Run:tutorial_dag
[2025-08-06T13:56:51.637-0400] {logging_mixin.py:190} INFO - [2025-08-06T13:56:51.637-0400] {override.py:1930} INFO - Created Permission View: can delete on DAG Run:tutorial_dag
[2025-08-06T13:56:51.638-0400] {logging_mixin.py:190} INFO - [2025-08-06T13:56:51.638-0400] {dag.py:3239} INFO - Sync 1 DAGs
[2025-08-06T13:56:51.645-0400] {logging_mixin.py:190} INFO - [2025-08-06T13:56:51.645-0400] {dag.py:3262} INFO - Creating ORM DAG for tutorial_dag
[2025-08-06T13:56:51.646-0400] {logging_mixin.py:190} INFO - [2025-08-06T13:56:51.646-0400] {dag.py:4180} INFO - Setting next_dagrun for tutorial_dag to None, run_after=None
[2025-08-06T13:56:51.663-0400] {processor.py:208} INFO - Processing /home/huynguyen2741/airflow_venv/lib/python3.12/site-packages/airflow/example_dags/tutorial_dag.py took 0.199 seconds
[2025-08-06T13:58:00.088-0400] {processor.py:186} INFO - Started process (PID=17875) to work on /home/huynguyen2741/airflow_venv/lib/python3.12/site-packages/airflow/example_dags/tutorial_dag.py
[2025-08-06T13:58:00.093-0400] {processor.py:914} INFO - Processing file /home/huynguyen2741/airflow_venv/lib/python3.12/site-packages/airflow/example_dags/tutorial_dag.py for tasks to queue
[2025-08-06T13:58:00.094-0400] {logging_mixin.py:190} INFO - [2025-08-06T13:58:00.094-0400] {dagbag.py:588} INFO - Filling up the DagBag from /home/huynguyen2741/airflow_venv/lib/python3.12/site-packages/airflow/example_dags/tutorial_dag.py
[2025-08-06T13:58:00.101-0400] {processor.py:925} INFO - DAG(s) 'tutorial_dag' retrieved from /home/huynguyen2741/airflow_venv/lib/python3.12/site-packages/airflow/example_dags/tutorial_dag.py
[2025-08-06T13:58:00.112-0400] {logging_mixin.py:190} INFO - [2025-08-06T13:58:00.112-0400] {dag.py:3239} INFO - Sync 1 DAGs
[2025-08-06T13:58:00.120-0400] {logging_mixin.py:190} INFO - [2025-08-06T13:58:00.120-0400] {dag.py:4180} INFO - Setting next_dagrun for tutorial_dag to None, run_after=None
[2025-08-06T13:58:00.138-0400] {processor.py:208} INFO - Processing /home/huynguyen2741/airflow_venv/lib/python3.12/site-packages/airflow/example_dags/tutorial_dag.py took 0.054 seconds
[2025-08-06T13:58:59.994-0400] {processor.py:186} INFO - Started process (PID=18092) to work on /home/huynguyen2741/airflow_venv/lib/python3.12/site-packages/airflow/example_dags/tutorial_dag.py
[2025-08-06T13:58:59.995-0400] {processor.py:914} INFO - Processing file /home/huynguyen2741/airflow_venv/lib/python3.12/site-packages/airflow/example_dags/tutorial_dag.py for tasks to queue
[2025-08-06T13:58:59.997-0400] {logging_mixin.py:190} INFO - [2025-08-06T13:58:59.996-0400] {dagbag.py:588} INFO - Filling up the DagBag from /home/huynguyen2741/airflow_venv/lib/python3.12/site-packages/airflow/example_dags/tutorial_dag.py
[2025-08-06T13:59:00.003-0400] {processor.py:925} INFO - DAG(s) 'tutorial_dag' retrieved from /home/huynguyen2741/airflow_venv/lib/python3.12/site-packages/airflow/example_dags/tutorial_dag.py
[2025-08-06T13:59:00.015-0400] {logging_mixin.py:190} INFO - [2025-08-06T13:59:00.015-0400] {dag.py:3239} INFO - Sync 1 DAGs
[2025-08-06T13:59:00.023-0400] {logging_mixin.py:190} INFO - [2025-08-06T13:59:00.023-0400] {dag.py:4180} INFO - Setting next_dagrun for tutorial_dag to None, run_after=None
[2025-08-06T13:59:00.038-0400] {processor.py:208} INFO - Processing /home/huynguyen2741/airflow_venv/lib/python3.12/site-packages/airflow/example_dags/tutorial_dag.py took 0.048 seconds
[2025-08-06T13:59:34.977-0400] {processor.py:186} INFO - Started process (PID=18215) to work on /home/huynguyen2741/airflow_venv/lib/python3.12/site-packages/airflow/example_dags/tutorial_dag.py
[2025-08-06T13:59:34.977-0400] {processor.py:914} INFO - Processing file /home/huynguyen2741/airflow_venv/lib/python3.12/site-packages/airflow/example_dags/tutorial_dag.py for tasks to queue
[2025-08-06T13:59:34.979-0400] {logging_mixin.py:190} INFO - [2025-08-06T13:59:34.978-0400] {dagbag.py:588} INFO - Filling up the DagBag from /home/huynguyen2741/airflow_venv/lib/python3.12/site-packages/airflow/example_dags/tutorial_dag.py
[2025-08-06T13:59:34.984-0400] {processor.py:925} INFO - DAG(s) 'tutorial_dag' retrieved from /home/huynguyen2741/airflow_venv/lib/python3.12/site-packages/airflow/example_dags/tutorial_dag.py
[2025-08-06T13:59:34.995-0400] {logging_mixin.py:190} INFO - [2025-08-06T13:59:34.995-0400] {dag.py:3239} INFO - Sync 1 DAGs
[2025-08-06T13:59:35.004-0400] {logging_mixin.py:190} INFO - [2025-08-06T13:59:35.003-0400] {dag.py:4180} INFO - Setting next_dagrun for tutorial_dag to None, run_after=None
[2025-08-06T13:59:35.021-0400] {processor.py:208} INFO - Processing /home/huynguyen2741/airflow_venv/lib/python3.12/site-packages/airflow/example_dags/tutorial_dag.py took 0.048 seconds
[2025-08-06T14:00:34.021-0400] {processor.py:186} INFO - Started process (PID=18434) to work on /home/huynguyen2741/airflow_venv/lib/python3.12/site-packages/airflow/example_dags/tutorial_dag.py
[2025-08-06T14:00:34.031-0400] {processor.py:914} INFO - Processing file /home/huynguyen2741/airflow_venv/lib/python3.12/site-packages/airflow/example_dags/tutorial_dag.py for tasks to queue
[2025-08-06T14:00:34.033-0400] {logging_mixin.py:190} INFO - [2025-08-06T14:00:34.033-0400] {dagbag.py:588} INFO - Filling up the DagBag from /home/huynguyen2741/airflow_venv/lib/python3.12/site-packages/airflow/example_dags/tutorial_dag.py
[2025-08-06T14:00:34.039-0400] {processor.py:925} INFO - DAG(s) 'tutorial_dag' retrieved from /home/huynguyen2741/airflow_venv/lib/python3.12/site-packages/airflow/example_dags/tutorial_dag.py
[2025-08-06T14:00:34.049-0400] {logging_mixin.py:190} INFO - [2025-08-06T14:00:34.049-0400] {dag.py:3239} INFO - Sync 1 DAGs
[2025-08-06T14:00:34.056-0400] {logging_mixin.py:190} INFO - [2025-08-06T14:00:34.056-0400] {dag.py:4180} INFO - Setting next_dagrun for tutorial_dag to None, run_after=None
[2025-08-06T14:00:34.072-0400] {processor.py:208} INFO - Processing /home/huynguyen2741/airflow_venv/lib/python3.12/site-packages/airflow/example_dags/tutorial_dag.py took 0.055 seconds
[2025-08-06T14:01:40.227-0400] {processor.py:186} INFO - Started process (PID=18668) to work on /home/huynguyen2741/airflow_venv/lib/python3.12/site-packages/airflow/example_dags/tutorial_dag.py
[2025-08-06T14:01:40.228-0400] {processor.py:914} INFO - Processing file /home/huynguyen2741/airflow_venv/lib/python3.12/site-packages/airflow/example_dags/tutorial_dag.py for tasks to queue
[2025-08-06T14:01:40.230-0400] {logging_mixin.py:190} INFO - [2025-08-06T14:01:40.230-0400] {dagbag.py:588} INFO - Filling up the DagBag from /home/huynguyen2741/airflow_venv/lib/python3.12/site-packages/airflow/example_dags/tutorial_dag.py
[2025-08-06T14:01:40.236-0400] {processor.py:925} INFO - DAG(s) 'tutorial_dag' retrieved from /home/huynguyen2741/airflow_venv/lib/python3.12/site-packages/airflow/example_dags/tutorial_dag.py
[2025-08-06T14:01:40.246-0400] {logging_mixin.py:190} INFO - [2025-08-06T14:01:40.246-0400] {dag.py:3239} INFO - Sync 1 DAGs
[2025-08-06T14:01:40.256-0400] {logging_mixin.py:190} INFO - [2025-08-06T14:01:40.256-0400] {dag.py:4180} INFO - Setting next_dagrun for tutorial_dag to None, run_after=None
[2025-08-06T14:01:40.274-0400] {processor.py:208} INFO - Processing /home/huynguyen2741/airflow_venv/lib/python3.12/site-packages/airflow/example_dags/tutorial_dag.py took 0.052 seconds
[2025-08-06T14:02:41.190-0400] {processor.py:186} INFO - Started process (PID=18909) to work on /home/huynguyen2741/airflow_venv/lib/python3.12/site-packages/airflow/example_dags/tutorial_dag.py
[2025-08-06T14:02:41.191-0400] {processor.py:914} INFO - Processing file /home/huynguyen2741/airflow_venv/lib/python3.12/site-packages/airflow/example_dags/tutorial_dag.py for tasks to queue
[2025-08-06T14:02:41.193-0400] {logging_mixin.py:190} INFO - [2025-08-06T14:02:41.192-0400] {dagbag.py:588} INFO - Filling up the DagBag from /home/huynguyen2741/airflow_venv/lib/python3.12/site-packages/airflow/example_dags/tutorial_dag.py
[2025-08-06T14:02:41.198-0400] {processor.py:925} INFO - DAG(s) 'tutorial_dag' retrieved from /home/huynguyen2741/airflow_venv/lib/python3.12/site-packages/airflow/example_dags/tutorial_dag.py
[2025-08-06T14:02:41.209-0400] {logging_mixin.py:190} INFO - [2025-08-06T14:02:41.209-0400] {dag.py:3239} INFO - Sync 1 DAGs
[2025-08-06T14:02:41.218-0400] {logging_mixin.py:190} INFO - [2025-08-06T14:02:41.218-0400] {dag.py:4180} INFO - Setting next_dagrun for tutorial_dag to None, run_after=None
[2025-08-06T14:02:41.235-0400] {processor.py:208} INFO - Processing /home/huynguyen2741/airflow_venv/lib/python3.12/site-packages/airflow/example_dags/tutorial_dag.py took 0.049 seconds
[2025-08-06T14:03:45.776-0400] {processor.py:186} INFO - Started process (PID=19136) to work on /home/huynguyen2741/airflow_venv/lib/python3.12/site-packages/airflow/example_dags/tutorial_dag.py
[2025-08-06T14:03:45.777-0400] {processor.py:914} INFO - Processing file /home/huynguyen2741/airflow_venv/lib/python3.12/site-packages/airflow/example_dags/tutorial_dag.py for tasks to queue
[2025-08-06T14:03:45.778-0400] {logging_mixin.py:190} INFO - [2025-08-06T14:03:45.778-0400] {dagbag.py:588} INFO - Filling up the DagBag from /home/huynguyen2741/airflow_venv/lib/python3.12/site-packages/airflow/example_dags/tutorial_dag.py
[2025-08-06T14:03:45.784-0400] {processor.py:925} INFO - DAG(s) 'tutorial_dag' retrieved from /home/huynguyen2741/airflow_venv/lib/python3.12/site-packages/airflow/example_dags/tutorial_dag.py
[2025-08-06T14:03:45.795-0400] {logging_mixin.py:190} INFO - [2025-08-06T14:03:45.795-0400] {dag.py:3239} INFO - Sync 1 DAGs
[2025-08-06T14:03:45.805-0400] {logging_mixin.py:190} INFO - [2025-08-06T14:03:45.805-0400] {dag.py:4180} INFO - Setting next_dagrun for tutorial_dag to None, run_after=None
[2025-08-06T14:03:45.822-0400] {processor.py:208} INFO - Processing /home/huynguyen2741/airflow_venv/lib/python3.12/site-packages/airflow/example_dags/tutorial_dag.py took 0.050 seconds
[2025-08-06T14:04:43.408-0400] {processor.py:186} INFO - Started process (PID=19350) to work on /home/huynguyen2741/airflow_venv/lib/python3.12/site-packages/airflow/example_dags/tutorial_dag.py
[2025-08-06T14:04:43.419-0400] {processor.py:914} INFO - Processing file /home/huynguyen2741/airflow_venv/lib/python3.12/site-packages/airflow/example_dags/tutorial_dag.py for tasks to queue
[2025-08-06T14:04:43.421-0400] {logging_mixin.py:190} INFO - [2025-08-06T14:04:43.420-0400] {dagbag.py:588} INFO - Filling up the DagBag from /home/huynguyen2741/airflow_venv/lib/python3.12/site-packages/airflow/example_dags/tutorial_dag.py
[2025-08-06T14:04:43.426-0400] {processor.py:925} INFO - DAG(s) 'tutorial_dag' retrieved from /home/huynguyen2741/airflow_venv/lib/python3.12/site-packages/airflow/example_dags/tutorial_dag.py
[2025-08-06T14:04:43.436-0400] {logging_mixin.py:190} INFO - [2025-08-06T14:04:43.436-0400] {dag.py:3239} INFO - Sync 1 DAGs
[2025-08-06T14:04:43.444-0400] {logging_mixin.py:190} INFO - [2025-08-06T14:04:43.444-0400] {dag.py:4180} INFO - Setting next_dagrun for tutorial_dag to None, run_after=None
[2025-08-06T14:04:43.459-0400] {processor.py:208} INFO - Processing /home/huynguyen2741/airflow_venv/lib/python3.12/site-packages/airflow/example_dags/tutorial_dag.py took 0.055 seconds
[2025-08-06T14:05:48.287-0400] {processor.py:186} INFO - Started process (PID=19729) to work on /home/huynguyen2741/airflow_venv/lib/python3.12/site-packages/airflow/example_dags/tutorial_dag.py
[2025-08-06T14:05:48.297-0400] {processor.py:914} INFO - Processing file /home/huynguyen2741/airflow_venv/lib/python3.12/site-packages/airflow/example_dags/tutorial_dag.py for tasks to queue
[2025-08-06T14:05:48.299-0400] {logging_mixin.py:190} INFO - [2025-08-06T14:05:48.298-0400] {dagbag.py:588} INFO - Filling up the DagBag from /home/huynguyen2741/airflow_venv/lib/python3.12/site-packages/airflow/example_dags/tutorial_dag.py
[2025-08-06T14:05:48.305-0400] {processor.py:925} INFO - DAG(s) 'tutorial_dag' retrieved from /home/huynguyen2741/airflow_venv/lib/python3.12/site-packages/airflow/example_dags/tutorial_dag.py
[2025-08-06T14:05:48.316-0400] {logging_mixin.py:190} INFO - [2025-08-06T14:05:48.315-0400] {dag.py:3239} INFO - Sync 1 DAGs
[2025-08-06T14:05:48.323-0400] {logging_mixin.py:190} INFO - [2025-08-06T14:05:48.323-0400] {dag.py:4180} INFO - Setting next_dagrun for tutorial_dag to None, run_after=None
[2025-08-06T14:05:48.339-0400] {processor.py:208} INFO - Processing /home/huynguyen2741/airflow_venv/lib/python3.12/site-packages/airflow/example_dags/tutorial_dag.py took 0.056 seconds
[2025-08-06T14:06:53.872-0400] {processor.py:186} INFO - Started process (PID=19962) to work on /home/huynguyen2741/airflow_venv/lib/python3.12/site-packages/airflow/example_dags/tutorial_dag.py
[2025-08-06T14:06:53.873-0400] {processor.py:914} INFO - Processing file /home/huynguyen2741/airflow_venv/lib/python3.12/site-packages/airflow/example_dags/tutorial_dag.py for tasks to queue
[2025-08-06T14:06:53.874-0400] {logging_mixin.py:190} INFO - [2025-08-06T14:06:53.874-0400] {dagbag.py:588} INFO - Filling up the DagBag from /home/huynguyen2741/airflow_venv/lib/python3.12/site-packages/airflow/example_dags/tutorial_dag.py
[2025-08-06T14:06:53.880-0400] {processor.py:925} INFO - DAG(s) 'tutorial_dag' retrieved from /home/huynguyen2741/airflow_venv/lib/python3.12/site-packages/airflow/example_dags/tutorial_dag.py
[2025-08-06T14:06:53.891-0400] {logging_mixin.py:190} INFO - [2025-08-06T14:06:53.891-0400] {dag.py:3239} INFO - Sync 1 DAGs
[2025-08-06T14:06:53.899-0400] {logging_mixin.py:190} INFO - [2025-08-06T14:06:53.898-0400] {dag.py:4180} INFO - Setting next_dagrun for tutorial_dag to None, run_after=None
[2025-08-06T14:06:53.913-0400] {processor.py:208} INFO - Processing /home/huynguyen2741/airflow_venv/lib/python3.12/site-packages/airflow/example_dags/tutorial_dag.py took 0.045 seconds
[2025-08-06T14:07:27.851-0400] {processor.py:186} INFO - Started process (PID=20084) to work on /home/huynguyen2741/airflow_venv/lib/python3.12/site-packages/airflow/example_dags/tutorial_dag.py
[2025-08-06T14:07:27.855-0400] {processor.py:914} INFO - Processing file /home/huynguyen2741/airflow_venv/lib/python3.12/site-packages/airflow/example_dags/tutorial_dag.py for tasks to queue
[2025-08-06T14:07:27.856-0400] {logging_mixin.py:190} INFO - [2025-08-06T14:07:27.856-0400] {dagbag.py:588} INFO - Filling up the DagBag from /home/huynguyen2741/airflow_venv/lib/python3.12/site-packages/airflow/example_dags/tutorial_dag.py
[2025-08-06T14:07:27.862-0400] {processor.py:925} INFO - DAG(s) 'tutorial_dag' retrieved from /home/huynguyen2741/airflow_venv/lib/python3.12/site-packages/airflow/example_dags/tutorial_dag.py
[2025-08-06T14:07:27.873-0400] {logging_mixin.py:190} INFO - [2025-08-06T14:07:27.873-0400] {dag.py:3239} INFO - Sync 1 DAGs
[2025-08-06T14:07:27.881-0400] {logging_mixin.py:190} INFO - [2025-08-06T14:07:27.881-0400] {dag.py:4180} INFO - Setting next_dagrun for tutorial_dag to None, run_after=None
[2025-08-06T14:07:27.896-0400] {processor.py:208} INFO - Processing /home/huynguyen2741/airflow_venv/lib/python3.12/site-packages/airflow/example_dags/tutorial_dag.py took 0.050 seconds
[2025-08-06T14:08:34.935-0400] {processor.py:186} INFO - Started process (PID=20387) to work on /home/huynguyen2741/airflow_venv/lib/python3.12/site-packages/airflow/example_dags/tutorial_dag.py
[2025-08-06T14:08:34.936-0400] {processor.py:914} INFO - Processing file /home/huynguyen2741/airflow_venv/lib/python3.12/site-packages/airflow/example_dags/tutorial_dag.py for tasks to queue
[2025-08-06T14:08:34.937-0400] {logging_mixin.py:190} INFO - [2025-08-06T14:08:34.937-0400] {dagbag.py:588} INFO - Filling up the DagBag from /home/huynguyen2741/airflow_venv/lib/python3.12/site-packages/airflow/example_dags/tutorial_dag.py
[2025-08-06T14:08:34.943-0400] {processor.py:925} INFO - DAG(s) 'tutorial_dag' retrieved from /home/huynguyen2741/airflow_venv/lib/python3.12/site-packages/airflow/example_dags/tutorial_dag.py
[2025-08-06T14:08:34.954-0400] {logging_mixin.py:190} INFO - [2025-08-06T14:08:34.954-0400] {dag.py:3239} INFO - Sync 1 DAGs
[2025-08-06T14:08:34.962-0400] {logging_mixin.py:190} INFO - [2025-08-06T14:08:34.962-0400] {dag.py:4180} INFO - Setting next_dagrun for tutorial_dag to None, run_after=None
[2025-08-06T14:08:34.977-0400] {processor.py:208} INFO - Processing /home/huynguyen2741/airflow_venv/lib/python3.12/site-packages/airflow/example_dags/tutorial_dag.py took 0.047 seconds
[2025-08-06T14:09:46.500-0400] {processor.py:186} INFO - Started process (PID=20872) to work on /home/huynguyen2741/airflow_venv/lib/python3.12/site-packages/airflow/example_dags/tutorial_dag.py
[2025-08-06T14:09:46.502-0400] {processor.py:914} INFO - Processing file /home/huynguyen2741/airflow_venv/lib/python3.12/site-packages/airflow/example_dags/tutorial_dag.py for tasks to queue
[2025-08-06T14:09:46.504-0400] {logging_mixin.py:190} INFO - [2025-08-06T14:09:46.503-0400] {dagbag.py:588} INFO - Filling up the DagBag from /home/huynguyen2741/airflow_venv/lib/python3.12/site-packages/airflow/example_dags/tutorial_dag.py
[2025-08-06T14:09:46.510-0400] {processor.py:925} INFO - DAG(s) 'tutorial_dag' retrieved from /home/huynguyen2741/airflow_venv/lib/python3.12/site-packages/airflow/example_dags/tutorial_dag.py
[2025-08-06T14:09:46.521-0400] {logging_mixin.py:190} INFO - [2025-08-06T14:09:46.521-0400] {dag.py:3239} INFO - Sync 1 DAGs
[2025-08-06T14:09:46.528-0400] {logging_mixin.py:190} INFO - [2025-08-06T14:09:46.528-0400] {dag.py:4180} INFO - Setting next_dagrun for tutorial_dag to None, run_after=None
[2025-08-06T14:09:46.545-0400] {processor.py:208} INFO - Processing /home/huynguyen2741/airflow_venv/lib/python3.12/site-packages/airflow/example_dags/tutorial_dag.py took 0.050 seconds
[2025-08-06T14:10:42.558-0400] {processor.py:186} INFO - Started process (PID=21234) to work on /home/huynguyen2741/airflow_venv/lib/python3.12/site-packages/airflow/example_dags/tutorial_dag.py
[2025-08-06T14:10:42.559-0400] {processor.py:914} INFO - Processing file /home/huynguyen2741/airflow_venv/lib/python3.12/site-packages/airflow/example_dags/tutorial_dag.py for tasks to queue
[2025-08-06T14:10:42.561-0400] {logging_mixin.py:190} INFO - [2025-08-06T14:10:42.561-0400] {dagbag.py:588} INFO - Filling up the DagBag from /home/huynguyen2741/airflow_venv/lib/python3.12/site-packages/airflow/example_dags/tutorial_dag.py
[2025-08-06T14:10:42.567-0400] {processor.py:925} INFO - DAG(s) 'tutorial_dag' retrieved from /home/huynguyen2741/airflow_venv/lib/python3.12/site-packages/airflow/example_dags/tutorial_dag.py
[2025-08-06T14:10:42.577-0400] {logging_mixin.py:190} INFO - [2025-08-06T14:10:42.577-0400] {dag.py:3239} INFO - Sync 1 DAGs
[2025-08-06T14:10:42.585-0400] {logging_mixin.py:190} INFO - [2025-08-06T14:10:42.585-0400] {dag.py:4180} INFO - Setting next_dagrun for tutorial_dag to None, run_after=None
[2025-08-06T14:10:42.602-0400] {processor.py:208} INFO - Processing /home/huynguyen2741/airflow_venv/lib/python3.12/site-packages/airflow/example_dags/tutorial_dag.py took 0.048 seconds
[2025-08-06T14:11:47.950-0400] {processor.py:186} INFO - Started process (PID=21463) to work on /home/huynguyen2741/airflow_venv/lib/python3.12/site-packages/airflow/example_dags/tutorial_dag.py
[2025-08-06T14:11:47.954-0400] {processor.py:914} INFO - Processing file /home/huynguyen2741/airflow_venv/lib/python3.12/site-packages/airflow/example_dags/tutorial_dag.py for tasks to queue
[2025-08-06T14:11:47.956-0400] {logging_mixin.py:190} INFO - [2025-08-06T14:11:47.955-0400] {dagbag.py:588} INFO - Filling up the DagBag from /home/huynguyen2741/airflow_venv/lib/python3.12/site-packages/airflow/example_dags/tutorial_dag.py
[2025-08-06T14:11:47.962-0400] {processor.py:925} INFO - DAG(s) 'tutorial_dag' retrieved from /home/huynguyen2741/airflow_venv/lib/python3.12/site-packages/airflow/example_dags/tutorial_dag.py
[2025-08-06T14:11:47.973-0400] {logging_mixin.py:190} INFO - [2025-08-06T14:11:47.972-0400] {dag.py:3239} INFO - Sync 1 DAGs
[2025-08-06T14:11:47.981-0400] {logging_mixin.py:190} INFO - [2025-08-06T14:11:47.981-0400] {dag.py:4180} INFO - Setting next_dagrun for tutorial_dag to None, run_after=None
[2025-08-06T14:11:47.996-0400] {processor.py:208} INFO - Processing /home/huynguyen2741/airflow_venv/lib/python3.12/site-packages/airflow/example_dags/tutorial_dag.py took 0.051 seconds
[2025-08-06T14:12:51.496-0400] {processor.py:186} INFO - Started process (PID=21865) to work on /home/huynguyen2741/airflow_venv/lib/python3.12/site-packages/airflow/example_dags/tutorial_dag.py
[2025-08-06T14:12:51.497-0400] {processor.py:914} INFO - Processing file /home/huynguyen2741/airflow_venv/lib/python3.12/site-packages/airflow/example_dags/tutorial_dag.py for tasks to queue
[2025-08-06T14:12:51.498-0400] {logging_mixin.py:190} INFO - [2025-08-06T14:12:51.498-0400] {dagbag.py:588} INFO - Filling up the DagBag from /home/huynguyen2741/airflow_venv/lib/python3.12/site-packages/airflow/example_dags/tutorial_dag.py
[2025-08-06T14:12:51.504-0400] {processor.py:925} INFO - DAG(s) 'tutorial_dag' retrieved from /home/huynguyen2741/airflow_venv/lib/python3.12/site-packages/airflow/example_dags/tutorial_dag.py
[2025-08-06T14:12:51.515-0400] {logging_mixin.py:190} INFO - [2025-08-06T14:12:51.515-0400] {dag.py:3239} INFO - Sync 1 DAGs
[2025-08-06T14:12:51.524-0400] {logging_mixin.py:190} INFO - [2025-08-06T14:12:51.523-0400] {dag.py:4180} INFO - Setting next_dagrun for tutorial_dag to None, run_after=None
[2025-08-06T14:12:51.540-0400] {processor.py:208} INFO - Processing /home/huynguyen2741/airflow_venv/lib/python3.12/site-packages/airflow/example_dags/tutorial_dag.py took 0.048 seconds
[2025-08-06T14:13:57.441-0400] {processor.py:186} INFO - Started process (PID=22316) to work on /home/huynguyen2741/airflow_venv/lib/python3.12/site-packages/airflow/example_dags/tutorial_dag.py
[2025-08-06T14:13:57.445-0400] {processor.py:914} INFO - Processing file /home/huynguyen2741/airflow_venv/lib/python3.12/site-packages/airflow/example_dags/tutorial_dag.py for tasks to queue
[2025-08-06T14:13:57.447-0400] {logging_mixin.py:190} INFO - [2025-08-06T14:13:57.446-0400] {dagbag.py:588} INFO - Filling up the DagBag from /home/huynguyen2741/airflow_venv/lib/python3.12/site-packages/airflow/example_dags/tutorial_dag.py
[2025-08-06T14:13:57.453-0400] {processor.py:925} INFO - DAG(s) 'tutorial_dag' retrieved from /home/huynguyen2741/airflow_venv/lib/python3.12/site-packages/airflow/example_dags/tutorial_dag.py
[2025-08-06T14:13:57.464-0400] {logging_mixin.py:190} INFO - [2025-08-06T14:13:57.464-0400] {dag.py:3239} INFO - Sync 1 DAGs
[2025-08-06T14:13:57.473-0400] {logging_mixin.py:190} INFO - [2025-08-06T14:13:57.472-0400] {dag.py:4180} INFO - Setting next_dagrun for tutorial_dag to None, run_after=None
[2025-08-06T14:13:57.489-0400] {processor.py:208} INFO - Processing /home/huynguyen2741/airflow_venv/lib/python3.12/site-packages/airflow/example_dags/tutorial_dag.py took 0.052 seconds
[2025-08-06T14:15:01.795-0400] {processor.py:186} INFO - Started process (PID=22672) to work on /home/huynguyen2741/airflow_venv/lib/python3.12/site-packages/airflow/example_dags/tutorial_dag.py
[2025-08-06T14:15:01.796-0400] {processor.py:914} INFO - Processing file /home/huynguyen2741/airflow_venv/lib/python3.12/site-packages/airflow/example_dags/tutorial_dag.py for tasks to queue
[2025-08-06T14:15:01.797-0400] {logging_mixin.py:190} INFO - [2025-08-06T14:15:01.796-0400] {dagbag.py:588} INFO - Filling up the DagBag from /home/huynguyen2741/airflow_venv/lib/python3.12/site-packages/airflow/example_dags/tutorial_dag.py
[2025-08-06T14:15:01.803-0400] {processor.py:925} INFO - DAG(s) 'tutorial_dag' retrieved from /home/huynguyen2741/airflow_venv/lib/python3.12/site-packages/airflow/example_dags/tutorial_dag.py
[2025-08-06T14:15:01.816-0400] {logging_mixin.py:190} INFO - [2025-08-06T14:15:01.816-0400] {dag.py:3239} INFO - Sync 1 DAGs
[2025-08-06T14:15:01.827-0400] {logging_mixin.py:190} INFO - [2025-08-06T14:15:01.826-0400] {dag.py:4180} INFO - Setting next_dagrun for tutorial_dag to None, run_after=None
[2025-08-06T14:15:01.844-0400] {processor.py:208} INFO - Processing /home/huynguyen2741/airflow_venv/lib/python3.12/site-packages/airflow/example_dags/tutorial_dag.py took 0.054 seconds
[2025-08-06T14:15:59.906-0400] {processor.py:186} INFO - Started process (PID=23020) to work on /home/huynguyen2741/airflow_venv/lib/python3.12/site-packages/airflow/example_dags/tutorial_dag.py
[2025-08-06T14:15:59.916-0400] {processor.py:914} INFO - Processing file /home/huynguyen2741/airflow_venv/lib/python3.12/site-packages/airflow/example_dags/tutorial_dag.py for tasks to queue
[2025-08-06T14:15:59.918-0400] {logging_mixin.py:190} INFO - [2025-08-06T14:15:59.917-0400] {dagbag.py:588} INFO - Filling up the DagBag from /home/huynguyen2741/airflow_venv/lib/python3.12/site-packages/airflow/example_dags/tutorial_dag.py
[2025-08-06T14:15:59.925-0400] {processor.py:925} INFO - DAG(s) 'tutorial_dag' retrieved from /home/huynguyen2741/airflow_venv/lib/python3.12/site-packages/airflow/example_dags/tutorial_dag.py
[2025-08-06T14:15:59.940-0400] {logging_mixin.py:190} INFO - [2025-08-06T14:15:59.940-0400] {dag.py:3239} INFO - Sync 1 DAGs
[2025-08-06T14:15:59.951-0400] {logging_mixin.py:190} INFO - [2025-08-06T14:15:59.951-0400] {dag.py:4180} INFO - Setting next_dagrun for tutorial_dag to None, run_after=None
[2025-08-06T14:15:59.968-0400] {processor.py:208} INFO - Processing /home/huynguyen2741/airflow_venv/lib/python3.12/site-packages/airflow/example_dags/tutorial_dag.py took 0.066 seconds
[2025-08-06T14:17:06.326-0400] {processor.py:186} INFO - Started process (PID=23265) to work on /home/huynguyen2741/airflow_venv/lib/python3.12/site-packages/airflow/example_dags/tutorial_dag.py
[2025-08-06T14:17:06.327-0400] {processor.py:914} INFO - Processing file /home/huynguyen2741/airflow_venv/lib/python3.12/site-packages/airflow/example_dags/tutorial_dag.py for tasks to queue
[2025-08-06T14:17:06.328-0400] {logging_mixin.py:190} INFO - [2025-08-06T14:17:06.327-0400] {dagbag.py:588} INFO - Filling up the DagBag from /home/huynguyen2741/airflow_venv/lib/python3.12/site-packages/airflow/example_dags/tutorial_dag.py
[2025-08-06T14:17:06.334-0400] {processor.py:925} INFO - DAG(s) 'tutorial_dag' retrieved from /home/huynguyen2741/airflow_venv/lib/python3.12/site-packages/airflow/example_dags/tutorial_dag.py
[2025-08-06T14:17:06.345-0400] {logging_mixin.py:190} INFO - [2025-08-06T14:17:06.345-0400] {dag.py:3239} INFO - Sync 1 DAGs
[2025-08-06T14:17:06.354-0400] {logging_mixin.py:190} INFO - [2025-08-06T14:17:06.353-0400] {dag.py:4180} INFO - Setting next_dagrun for tutorial_dag to None, run_after=None
[2025-08-06T14:17:06.369-0400] {processor.py:208} INFO - Processing /home/huynguyen2741/airflow_venv/lib/python3.12/site-packages/airflow/example_dags/tutorial_dag.py took 0.047 seconds
[2025-08-06T14:17:43.061-0400] {processor.py:186} INFO - Started process (PID=23401) to work on /home/huynguyen2741/airflow_venv/lib/python3.12/site-packages/airflow/example_dags/tutorial_dag.py
[2025-08-06T14:17:43.062-0400] {processor.py:914} INFO - Processing file /home/huynguyen2741/airflow_venv/lib/python3.12/site-packages/airflow/example_dags/tutorial_dag.py for tasks to queue
[2025-08-06T14:17:43.063-0400] {logging_mixin.py:190} INFO - [2025-08-06T14:17:43.062-0400] {dagbag.py:588} INFO - Filling up the DagBag from /home/huynguyen2741/airflow_venv/lib/python3.12/site-packages/airflow/example_dags/tutorial_dag.py
[2025-08-06T14:17:43.070-0400] {processor.py:925} INFO - DAG(s) 'tutorial_dag' retrieved from /home/huynguyen2741/airflow_venv/lib/python3.12/site-packages/airflow/example_dags/tutorial_dag.py
[2025-08-06T14:17:43.085-0400] {logging_mixin.py:190} INFO - [2025-08-06T14:17:43.084-0400] {dag.py:3239} INFO - Sync 1 DAGs
[2025-08-06T14:17:43.095-0400] {logging_mixin.py:190} INFO - [2025-08-06T14:17:43.095-0400] {dag.py:4180} INFO - Setting next_dagrun for tutorial_dag to None, run_after=None
[2025-08-06T14:17:43.112-0400] {processor.py:208} INFO - Processing /home/huynguyen2741/airflow_venv/lib/python3.12/site-packages/airflow/example_dags/tutorial_dag.py took 0.056 seconds
[2025-08-06T14:18:48.879-0400] {processor.py:186} INFO - Started process (PID=23641) to work on /home/huynguyen2741/airflow_venv/lib/python3.12/site-packages/airflow/example_dags/tutorial_dag.py
[2025-08-06T14:18:48.884-0400] {processor.py:914} INFO - Processing file /home/huynguyen2741/airflow_venv/lib/python3.12/site-packages/airflow/example_dags/tutorial_dag.py for tasks to queue
[2025-08-06T14:18:48.885-0400] {logging_mixin.py:190} INFO - [2025-08-06T14:18:48.885-0400] {dagbag.py:588} INFO - Filling up the DagBag from /home/huynguyen2741/airflow_venv/lib/python3.12/site-packages/airflow/example_dags/tutorial_dag.py
[2025-08-06T14:18:48.895-0400] {processor.py:925} INFO - DAG(s) 'tutorial_dag' retrieved from /home/huynguyen2741/airflow_venv/lib/python3.12/site-packages/airflow/example_dags/tutorial_dag.py
[2025-08-06T14:18:48.914-0400] {logging_mixin.py:190} INFO - [2025-08-06T14:18:48.913-0400] {dag.py:3239} INFO - Sync 1 DAGs
[2025-08-06T14:18:48.926-0400] {logging_mixin.py:190} INFO - [2025-08-06T14:18:48.926-0400] {dag.py:4180} INFO - Setting next_dagrun for tutorial_dag to None, run_after=None
[2025-08-06T14:18:48.946-0400] {processor.py:208} INFO - Processing /home/huynguyen2741/airflow_venv/lib/python3.12/site-packages/airflow/example_dags/tutorial_dag.py took 0.071 seconds
[2025-08-06T14:19:51.608-0400] {processor.py:186} INFO - Started process (PID=23893) to work on /home/huynguyen2741/airflow_venv/lib/python3.12/site-packages/airflow/example_dags/tutorial_dag.py
[2025-08-06T14:19:51.609-0400] {processor.py:914} INFO - Processing file /home/huynguyen2741/airflow_venv/lib/python3.12/site-packages/airflow/example_dags/tutorial_dag.py for tasks to queue
[2025-08-06T14:19:51.610-0400] {logging_mixin.py:190} INFO - [2025-08-06T14:19:51.610-0400] {dagbag.py:588} INFO - Filling up the DagBag from /home/huynguyen2741/airflow_venv/lib/python3.12/site-packages/airflow/example_dags/tutorial_dag.py
[2025-08-06T14:19:51.616-0400] {processor.py:925} INFO - DAG(s) 'tutorial_dag' retrieved from /home/huynguyen2741/airflow_venv/lib/python3.12/site-packages/airflow/example_dags/tutorial_dag.py
[2025-08-06T14:19:51.627-0400] {logging_mixin.py:190} INFO - [2025-08-06T14:19:51.627-0400] {dag.py:3239} INFO - Sync 1 DAGs
[2025-08-06T14:19:51.637-0400] {logging_mixin.py:190} INFO - [2025-08-06T14:19:51.637-0400] {dag.py:4180} INFO - Setting next_dagrun for tutorial_dag to None, run_after=None
[2025-08-06T14:19:51.654-0400] {processor.py:208} INFO - Processing /home/huynguyen2741/airflow_venv/lib/python3.12/site-packages/airflow/example_dags/tutorial_dag.py took 0.050 seconds
[2025-08-06T14:20:54.601-0400] {processor.py:186} INFO - Started process (PID=24129) to work on /home/huynguyen2741/airflow_venv/lib/python3.12/site-packages/airflow/example_dags/tutorial_dag.py
[2025-08-06T14:20:54.605-0400] {processor.py:914} INFO - Processing file /home/huynguyen2741/airflow_venv/lib/python3.12/site-packages/airflow/example_dags/tutorial_dag.py for tasks to queue
[2025-08-06T14:20:54.606-0400] {logging_mixin.py:190} INFO - [2025-08-06T14:20:54.605-0400] {dagbag.py:588} INFO - Filling up the DagBag from /home/huynguyen2741/airflow_venv/lib/python3.12/site-packages/airflow/example_dags/tutorial_dag.py
[2025-08-06T14:20:54.613-0400] {processor.py:925} INFO - DAG(s) 'tutorial_dag' retrieved from /home/huynguyen2741/airflow_venv/lib/python3.12/site-packages/airflow/example_dags/tutorial_dag.py
[2025-08-06T14:20:54.628-0400] {logging_mixin.py:190} INFO - [2025-08-06T14:20:54.628-0400] {dag.py:3239} INFO - Sync 1 DAGs
[2025-08-06T14:20:54.640-0400] {logging_mixin.py:190} INFO - [2025-08-06T14:20:54.639-0400] {dag.py:4180} INFO - Setting next_dagrun for tutorial_dag to None, run_after=None
[2025-08-06T14:20:54.657-0400] {processor.py:208} INFO - Processing /home/huynguyen2741/airflow_venv/lib/python3.12/site-packages/airflow/example_dags/tutorial_dag.py took 0.061 seconds
[2025-08-06T14:22:02.683-0400] {processor.py:186} INFO - Started process (PID=24370) to work on /home/huynguyen2741/airflow_venv/lib/python3.12/site-packages/airflow/example_dags/tutorial_dag.py
[2025-08-06T14:22:02.687-0400] {processor.py:914} INFO - Processing file /home/huynguyen2741/airflow_venv/lib/python3.12/site-packages/airflow/example_dags/tutorial_dag.py for tasks to queue
[2025-08-06T14:22:02.688-0400] {logging_mixin.py:190} INFO - [2025-08-06T14:22:02.688-0400] {dagbag.py:588} INFO - Filling up the DagBag from /home/huynguyen2741/airflow_venv/lib/python3.12/site-packages/airflow/example_dags/tutorial_dag.py
[2025-08-06T14:22:02.694-0400] {processor.py:925} INFO - DAG(s) 'tutorial_dag' retrieved from /home/huynguyen2741/airflow_venv/lib/python3.12/site-packages/airflow/example_dags/tutorial_dag.py
[2025-08-06T14:22:02.706-0400] {logging_mixin.py:190} INFO - [2025-08-06T14:22:02.706-0400] {dag.py:3239} INFO - Sync 1 DAGs
[2025-08-06T14:22:02.715-0400] {logging_mixin.py:190} INFO - [2025-08-06T14:22:02.715-0400] {dag.py:4180} INFO - Setting next_dagrun for tutorial_dag to None, run_after=None
[2025-08-06T14:22:02.730-0400] {processor.py:208} INFO - Processing /home/huynguyen2741/airflow_venv/lib/python3.12/site-packages/airflow/example_dags/tutorial_dag.py took 0.051 seconds
[2025-08-06T14:23:09.589-0400] {processor.py:186} INFO - Started process (PID=24817) to work on /home/huynguyen2741/airflow_venv/lib/python3.12/site-packages/airflow/example_dags/tutorial_dag.py
[2025-08-06T14:23:09.592-0400] {processor.py:914} INFO - Processing file /home/huynguyen2741/airflow_venv/lib/python3.12/site-packages/airflow/example_dags/tutorial_dag.py for tasks to queue
[2025-08-06T14:23:09.593-0400] {logging_mixin.py:190} INFO - [2025-08-06T14:23:09.592-0400] {dagbag.py:588} INFO - Filling up the DagBag from /home/huynguyen2741/airflow_venv/lib/python3.12/site-packages/airflow/example_dags/tutorial_dag.py
[2025-08-06T14:23:09.599-0400] {processor.py:925} INFO - DAG(s) 'tutorial_dag' retrieved from /home/huynguyen2741/airflow_venv/lib/python3.12/site-packages/airflow/example_dags/tutorial_dag.py
[2025-08-06T14:23:09.611-0400] {logging_mixin.py:190} INFO - [2025-08-06T14:23:09.610-0400] {dag.py:3239} INFO - Sync 1 DAGs
[2025-08-06T14:23:09.620-0400] {logging_mixin.py:190} INFO - [2025-08-06T14:23:09.620-0400] {dag.py:4180} INFO - Setting next_dagrun for tutorial_dag to None, run_after=None
[2025-08-06T14:23:09.637-0400] {processor.py:208} INFO - Processing /home/huynguyen2741/airflow_venv/lib/python3.12/site-packages/airflow/example_dags/tutorial_dag.py took 0.052 seconds
[2025-08-06T14:24:11.660-0400] {processor.py:186} INFO - Started process (PID=25197) to work on /home/huynguyen2741/airflow_venv/lib/python3.12/site-packages/airflow/example_dags/tutorial_dag.py
[2025-08-06T14:24:11.670-0400] {processor.py:914} INFO - Processing file /home/huynguyen2741/airflow_venv/lib/python3.12/site-packages/airflow/example_dags/tutorial_dag.py for tasks to queue
[2025-08-06T14:24:11.671-0400] {logging_mixin.py:190} INFO - [2025-08-06T14:24:11.671-0400] {dagbag.py:588} INFO - Filling up the DagBag from /home/huynguyen2741/airflow_venv/lib/python3.12/site-packages/airflow/example_dags/tutorial_dag.py
[2025-08-06T14:24:11.678-0400] {processor.py:925} INFO - DAG(s) 'tutorial_dag' retrieved from /home/huynguyen2741/airflow_venv/lib/python3.12/site-packages/airflow/example_dags/tutorial_dag.py
[2025-08-06T14:24:11.689-0400] {logging_mixin.py:190} INFO - [2025-08-06T14:24:11.688-0400] {dag.py:3239} INFO - Sync 1 DAGs
[2025-08-06T14:24:11.697-0400] {logging_mixin.py:190} INFO - [2025-08-06T14:24:11.697-0400] {dag.py:4180} INFO - Setting next_dagrun for tutorial_dag to None, run_after=None
[2025-08-06T14:24:11.713-0400] {processor.py:208} INFO - Processing /home/huynguyen2741/airflow_venv/lib/python3.12/site-packages/airflow/example_dags/tutorial_dag.py took 0.058 seconds
[2025-08-06T14:25:19.015-0400] {processor.py:186} INFO - Started process (PID=25556) to work on /home/huynguyen2741/airflow_venv/lib/python3.12/site-packages/airflow/example_dags/tutorial_dag.py
[2025-08-06T14:25:19.016-0400] {processor.py:914} INFO - Processing file /home/huynguyen2741/airflow_venv/lib/python3.12/site-packages/airflow/example_dags/tutorial_dag.py for tasks to queue
[2025-08-06T14:25:19.017-0400] {logging_mixin.py:190} INFO - [2025-08-06T14:25:19.017-0400] {dagbag.py:588} INFO - Filling up the DagBag from /home/huynguyen2741/airflow_venv/lib/python3.12/site-packages/airflow/example_dags/tutorial_dag.py
[2025-08-06T14:25:19.023-0400] {processor.py:925} INFO - DAG(s) 'tutorial_dag' retrieved from /home/huynguyen2741/airflow_venv/lib/python3.12/site-packages/airflow/example_dags/tutorial_dag.py
[2025-08-06T14:25:19.034-0400] {logging_mixin.py:190} INFO - [2025-08-06T14:25:19.034-0400] {dag.py:3239} INFO - Sync 1 DAGs
[2025-08-06T14:25:19.042-0400] {logging_mixin.py:190} INFO - [2025-08-06T14:25:19.042-0400] {dag.py:4180} INFO - Setting next_dagrun for tutorial_dag to None, run_after=None
[2025-08-06T14:25:19.057-0400] {processor.py:208} INFO - Processing /home/huynguyen2741/airflow_venv/lib/python3.12/site-packages/airflow/example_dags/tutorial_dag.py took 0.048 seconds
[2025-08-06T14:26:17.281-0400] {processor.py:186} INFO - Started process (PID=25788) to work on /home/huynguyen2741/airflow_venv/lib/python3.12/site-packages/airflow/example_dags/tutorial_dag.py
[2025-08-06T14:26:17.283-0400] {processor.py:914} INFO - Processing file /home/huynguyen2741/airflow_venv/lib/python3.12/site-packages/airflow/example_dags/tutorial_dag.py for tasks to queue
[2025-08-06T14:26:17.284-0400] {logging_mixin.py:190} INFO - [2025-08-06T14:26:17.284-0400] {dagbag.py:588} INFO - Filling up the DagBag from /home/huynguyen2741/airflow_venv/lib/python3.12/site-packages/airflow/example_dags/tutorial_dag.py
[2025-08-06T14:26:17.289-0400] {processor.py:925} INFO - DAG(s) 'tutorial_dag' retrieved from /home/huynguyen2741/airflow_venv/lib/python3.12/site-packages/airflow/example_dags/tutorial_dag.py
[2025-08-06T14:26:17.300-0400] {logging_mixin.py:190} INFO - [2025-08-06T14:26:17.300-0400] {dag.py:3239} INFO - Sync 1 DAGs
[2025-08-06T14:26:17.308-0400] {logging_mixin.py:190} INFO - [2025-08-06T14:26:17.308-0400] {dag.py:4180} INFO - Setting next_dagrun for tutorial_dag to None, run_after=None
[2025-08-06T14:26:17.323-0400] {processor.py:208} INFO - Processing /home/huynguyen2741/airflow_venv/lib/python3.12/site-packages/airflow/example_dags/tutorial_dag.py took 0.047 seconds
[2025-08-06T14:27:22.660-0400] {processor.py:186} INFO - Started process (PID=26085) to work on /home/huynguyen2741/airflow_venv/lib/python3.12/site-packages/airflow/example_dags/tutorial_dag.py
[2025-08-06T14:27:22.664-0400] {processor.py:914} INFO - Processing file /home/huynguyen2741/airflow_venv/lib/python3.12/site-packages/airflow/example_dags/tutorial_dag.py for tasks to queue
[2025-08-06T14:27:22.665-0400] {logging_mixin.py:190} INFO - [2025-08-06T14:27:22.665-0400] {dagbag.py:588} INFO - Filling up the DagBag from /home/huynguyen2741/airflow_venv/lib/python3.12/site-packages/airflow/example_dags/tutorial_dag.py
[2025-08-06T14:27:22.670-0400] {processor.py:925} INFO - DAG(s) 'tutorial_dag' retrieved from /home/huynguyen2741/airflow_venv/lib/python3.12/site-packages/airflow/example_dags/tutorial_dag.py
[2025-08-06T14:27:22.681-0400] {logging_mixin.py:190} INFO - [2025-08-06T14:27:22.681-0400] {dag.py:3239} INFO - Sync 1 DAGs
[2025-08-06T14:27:22.689-0400] {logging_mixin.py:190} INFO - [2025-08-06T14:27:22.689-0400] {dag.py:4180} INFO - Setting next_dagrun for tutorial_dag to None, run_after=None
[2025-08-06T14:27:22.705-0400] {processor.py:208} INFO - Processing /home/huynguyen2741/airflow_venv/lib/python3.12/site-packages/airflow/example_dags/tutorial_dag.py took 0.050 seconds
[2025-08-06T14:28:00.311-0400] {processor.py:186} INFO - Started process (PID=26223) to work on /home/huynguyen2741/airflow_venv/lib/python3.12/site-packages/airflow/example_dags/tutorial_dag.py
[2025-08-06T14:28:00.312-0400] {processor.py:914} INFO - Processing file /home/huynguyen2741/airflow_venv/lib/python3.12/site-packages/airflow/example_dags/tutorial_dag.py for tasks to queue
[2025-08-06T14:28:00.313-0400] {logging_mixin.py:190} INFO - [2025-08-06T14:28:00.313-0400] {dagbag.py:588} INFO - Filling up the DagBag from /home/huynguyen2741/airflow_venv/lib/python3.12/site-packages/airflow/example_dags/tutorial_dag.py
[2025-08-06T14:28:00.321-0400] {processor.py:925} INFO - DAG(s) 'tutorial_dag' retrieved from /home/huynguyen2741/airflow_venv/lib/python3.12/site-packages/airflow/example_dags/tutorial_dag.py
[2025-08-06T14:28:00.337-0400] {logging_mixin.py:190} INFO - [2025-08-06T14:28:00.337-0400] {dag.py:3239} INFO - Sync 1 DAGs
[2025-08-06T14:28:00.349-0400] {logging_mixin.py:190} INFO - [2025-08-06T14:28:00.349-0400] {dag.py:4180} INFO - Setting next_dagrun for tutorial_dag to None, run_after=None
[2025-08-06T14:28:00.366-0400] {processor.py:208} INFO - Processing /home/huynguyen2741/airflow_venv/lib/python3.12/site-packages/airflow/example_dags/tutorial_dag.py took 0.063 seconds
[2025-08-06T14:29:06.822-0400] {processor.py:186} INFO - Started process (PID=26507) to work on /home/huynguyen2741/airflow_venv/lib/python3.12/site-packages/airflow/example_dags/tutorial_dag.py
[2025-08-06T14:29:06.823-0400] {processor.py:914} INFO - Processing file /home/huynguyen2741/airflow_venv/lib/python3.12/site-packages/airflow/example_dags/tutorial_dag.py for tasks to queue
[2025-08-06T14:29:06.824-0400] {logging_mixin.py:190} INFO - [2025-08-06T14:29:06.824-0400] {dagbag.py:588} INFO - Filling up the DagBag from /home/huynguyen2741/airflow_venv/lib/python3.12/site-packages/airflow/example_dags/tutorial_dag.py
[2025-08-06T14:29:06.830-0400] {processor.py:925} INFO - DAG(s) 'tutorial_dag' retrieved from /home/huynguyen2741/airflow_venv/lib/python3.12/site-packages/airflow/example_dags/tutorial_dag.py
[2025-08-06T14:29:06.841-0400] {logging_mixin.py:190} INFO - [2025-08-06T14:29:06.841-0400] {dag.py:3239} INFO - Sync 1 DAGs
[2025-08-06T14:29:06.850-0400] {logging_mixin.py:190} INFO - [2025-08-06T14:29:06.849-0400] {dag.py:4180} INFO - Setting next_dagrun for tutorial_dag to None, run_after=None
[2025-08-06T14:29:06.864-0400] {processor.py:208} INFO - Processing /home/huynguyen2741/airflow_venv/lib/python3.12/site-packages/airflow/example_dags/tutorial_dag.py took 0.048 seconds
[2025-08-06T14:30:09.457-0400] {processor.py:186} INFO - Started process (PID=26792) to work on /home/huynguyen2741/airflow_venv/lib/python3.12/site-packages/airflow/example_dags/tutorial_dag.py
[2025-08-06T14:30:09.466-0400] {processor.py:914} INFO - Processing file /home/huynguyen2741/airflow_venv/lib/python3.12/site-packages/airflow/example_dags/tutorial_dag.py for tasks to queue
[2025-08-06T14:30:09.467-0400] {logging_mixin.py:190} INFO - [2025-08-06T14:30:09.467-0400] {dagbag.py:588} INFO - Filling up the DagBag from /home/huynguyen2741/airflow_venv/lib/python3.12/site-packages/airflow/example_dags/tutorial_dag.py
[2025-08-06T14:30:09.474-0400] {processor.py:925} INFO - DAG(s) 'tutorial_dag' retrieved from /home/huynguyen2741/airflow_venv/lib/python3.12/site-packages/airflow/example_dags/tutorial_dag.py
[2025-08-06T14:30:09.489-0400] {logging_mixin.py:190} INFO - [2025-08-06T14:30:09.489-0400] {dag.py:3239} INFO - Sync 1 DAGs
[2025-08-06T14:30:09.499-0400] {logging_mixin.py:190} INFO - [2025-08-06T14:30:09.499-0400] {dag.py:4180} INFO - Setting next_dagrun for tutorial_dag to None, run_after=None
[2025-08-06T14:30:09.517-0400] {processor.py:208} INFO - Processing /home/huynguyen2741/airflow_venv/lib/python3.12/site-packages/airflow/example_dags/tutorial_dag.py took 0.065 seconds
[2025-08-06T14:30:53.171-0400] {processor.py:186} INFO - Started process (PID=27076) to work on /home/huynguyen2741/airflow_venv/lib/python3.12/site-packages/airflow/example_dags/tutorial_dag.py
[2025-08-06T14:30:53.176-0400] {processor.py:914} INFO - Processing file /home/huynguyen2741/airflow_venv/lib/python3.12/site-packages/airflow/example_dags/tutorial_dag.py for tasks to queue
[2025-08-06T14:30:53.177-0400] {logging_mixin.py:190} INFO - [2025-08-06T14:30:53.176-0400] {dagbag.py:588} INFO - Filling up the DagBag from /home/huynguyen2741/airflow_venv/lib/python3.12/site-packages/airflow/example_dags/tutorial_dag.py
[2025-08-06T14:30:53.183-0400] {processor.py:925} INFO - DAG(s) 'tutorial_dag' retrieved from /home/huynguyen2741/airflow_venv/lib/python3.12/site-packages/airflow/example_dags/tutorial_dag.py
[2025-08-06T14:30:53.194-0400] {logging_mixin.py:190} INFO - [2025-08-06T14:30:53.194-0400] {dag.py:3239} INFO - Sync 1 DAGs
[2025-08-06T14:30:53.203-0400] {logging_mixin.py:190} INFO - [2025-08-06T14:30:53.203-0400] {dag.py:4180} INFO - Setting next_dagrun for tutorial_dag to None, run_after=None
[2025-08-06T14:30:53.220-0400] {processor.py:208} INFO - Processing /home/huynguyen2741/airflow_venv/lib/python3.12/site-packages/airflow/example_dags/tutorial_dag.py took 0.054 seconds
[2025-08-06T14:31:31.662-0400] {processor.py:186} INFO - Started process (PID=27217) to work on /home/huynguyen2741/airflow_venv/lib/python3.12/site-packages/airflow/example_dags/tutorial_dag.py
[2025-08-06T14:31:31.662-0400] {processor.py:914} INFO - Processing file /home/huynguyen2741/airflow_venv/lib/python3.12/site-packages/airflow/example_dags/tutorial_dag.py for tasks to queue
[2025-08-06T14:31:31.663-0400] {logging_mixin.py:190} INFO - [2025-08-06T14:31:31.663-0400] {dagbag.py:588} INFO - Filling up the DagBag from /home/huynguyen2741/airflow_venv/lib/python3.12/site-packages/airflow/example_dags/tutorial_dag.py
[2025-08-06T14:31:31.669-0400] {processor.py:925} INFO - DAG(s) 'tutorial_dag' retrieved from /home/huynguyen2741/airflow_venv/lib/python3.12/site-packages/airflow/example_dags/tutorial_dag.py
[2025-08-06T14:31:31.681-0400] {logging_mixin.py:190} INFO - [2025-08-06T14:31:31.681-0400] {dag.py:3239} INFO - Sync 1 DAGs
[2025-08-06T14:31:31.689-0400] {logging_mixin.py:190} INFO - [2025-08-06T14:31:31.689-0400] {dag.py:4180} INFO - Setting next_dagrun for tutorial_dag to None, run_after=None
[2025-08-06T14:31:31.705-0400] {processor.py:208} INFO - Processing /home/huynguyen2741/airflow_venv/lib/python3.12/site-packages/airflow/example_dags/tutorial_dag.py took 0.049 seconds
[2025-08-06T14:32:41.604-0400] {processor.py:186} INFO - Started process (PID=27467) to work on /home/huynguyen2741/airflow_venv/lib/python3.12/site-packages/airflow/example_dags/tutorial_dag.py
[2025-08-06T14:32:41.614-0400] {processor.py:914} INFO - Processing file /home/huynguyen2741/airflow_venv/lib/python3.12/site-packages/airflow/example_dags/tutorial_dag.py for tasks to queue
[2025-08-06T14:32:41.615-0400] {logging_mixin.py:190} INFO - [2025-08-06T14:32:41.615-0400] {dagbag.py:588} INFO - Filling up the DagBag from /home/huynguyen2741/airflow_venv/lib/python3.12/site-packages/airflow/example_dags/tutorial_dag.py
[2025-08-06T14:32:41.621-0400] {processor.py:925} INFO - DAG(s) 'tutorial_dag' retrieved from /home/huynguyen2741/airflow_venv/lib/python3.12/site-packages/airflow/example_dags/tutorial_dag.py
[2025-08-06T14:32:41.632-0400] {logging_mixin.py:190} INFO - [2025-08-06T14:32:41.632-0400] {dag.py:3239} INFO - Sync 1 DAGs
[2025-08-06T14:32:41.640-0400] {logging_mixin.py:190} INFO - [2025-08-06T14:32:41.640-0400] {dag.py:4180} INFO - Setting next_dagrun for tutorial_dag to None, run_after=None
[2025-08-06T14:32:41.656-0400] {processor.py:208} INFO - Processing /home/huynguyen2741/airflow_venv/lib/python3.12/site-packages/airflow/example_dags/tutorial_dag.py took 0.057 seconds
[2025-08-06T14:33:51.635-0400] {processor.py:186} INFO - Started process (PID=27797) to work on /home/huynguyen2741/airflow_venv/lib/python3.12/site-packages/airflow/example_dags/tutorial_dag.py
[2025-08-06T14:33:51.644-0400] {processor.py:914} INFO - Processing file /home/huynguyen2741/airflow_venv/lib/python3.12/site-packages/airflow/example_dags/tutorial_dag.py for tasks to queue
[2025-08-06T14:33:51.646-0400] {logging_mixin.py:190} INFO - [2025-08-06T14:33:51.645-0400] {dagbag.py:588} INFO - Filling up the DagBag from /home/huynguyen2741/airflow_venv/lib/python3.12/site-packages/airflow/example_dags/tutorial_dag.py
[2025-08-06T14:33:51.652-0400] {processor.py:925} INFO - DAG(s) 'tutorial_dag' retrieved from /home/huynguyen2741/airflow_venv/lib/python3.12/site-packages/airflow/example_dags/tutorial_dag.py
[2025-08-06T14:33:51.668-0400] {logging_mixin.py:190} INFO - [2025-08-06T14:33:51.668-0400] {dag.py:3239} INFO - Sync 1 DAGs
[2025-08-06T14:33:51.679-0400] {logging_mixin.py:190} INFO - [2025-08-06T14:33:51.679-0400] {dag.py:4180} INFO - Setting next_dagrun for tutorial_dag to None, run_after=None
[2025-08-06T14:33:51.696-0400] {processor.py:208} INFO - Processing /home/huynguyen2741/airflow_venv/lib/python3.12/site-packages/airflow/example_dags/tutorial_dag.py took 0.068 seconds
[2025-08-06T14:34:50.130-0400] {processor.py:186} INFO - Started process (PID=28205) to work on /home/huynguyen2741/airflow_venv/lib/python3.12/site-packages/airflow/example_dags/tutorial_dag.py
[2025-08-06T14:34:50.134-0400] {processor.py:914} INFO - Processing file /home/huynguyen2741/airflow_venv/lib/python3.12/site-packages/airflow/example_dags/tutorial_dag.py for tasks to queue
[2025-08-06T14:34:50.134-0400] {logging_mixin.py:190} INFO - [2025-08-06T14:34:50.134-0400] {dagbag.py:588} INFO - Filling up the DagBag from /home/huynguyen2741/airflow_venv/lib/python3.12/site-packages/airflow/example_dags/tutorial_dag.py
[2025-08-06T14:34:50.140-0400] {processor.py:925} INFO - DAG(s) 'tutorial_dag' retrieved from /home/huynguyen2741/airflow_venv/lib/python3.12/site-packages/airflow/example_dags/tutorial_dag.py
[2025-08-06T14:34:50.151-0400] {logging_mixin.py:190} INFO - [2025-08-06T14:34:50.151-0400] {dag.py:3239} INFO - Sync 1 DAGs
[2025-08-06T14:34:50.159-0400] {logging_mixin.py:190} INFO - [2025-08-06T14:34:50.159-0400] {dag.py:4180} INFO - Setting next_dagrun for tutorial_dag to None, run_after=None
[2025-08-06T14:34:50.174-0400] {processor.py:208} INFO - Processing /home/huynguyen2741/airflow_venv/lib/python3.12/site-packages/airflow/example_dags/tutorial_dag.py took 0.050 seconds
[2025-08-06T14:35:44.197-0400] {processor.py:186} INFO - Started process (PID=28441) to work on /home/huynguyen2741/airflow_venv/lib/python3.12/site-packages/airflow/example_dags/tutorial_dag.py
[2025-08-06T14:35:44.201-0400] {processor.py:914} INFO - Processing file /home/huynguyen2741/airflow_venv/lib/python3.12/site-packages/airflow/example_dags/tutorial_dag.py for tasks to queue
[2025-08-06T14:35:44.203-0400] {logging_mixin.py:190} INFO - [2025-08-06T14:35:44.202-0400] {dagbag.py:588} INFO - Filling up the DagBag from /home/huynguyen2741/airflow_venv/lib/python3.12/site-packages/airflow/example_dags/tutorial_dag.py
[2025-08-06T14:35:44.209-0400] {processor.py:925} INFO - DAG(s) 'tutorial_dag' retrieved from /home/huynguyen2741/airflow_venv/lib/python3.12/site-packages/airflow/example_dags/tutorial_dag.py
[2025-08-06T14:35:44.220-0400] {logging_mixin.py:190} INFO - [2025-08-06T14:35:44.220-0400] {dag.py:3239} INFO - Sync 1 DAGs
[2025-08-06T14:35:44.228-0400] {logging_mixin.py:190} INFO - [2025-08-06T14:35:44.228-0400] {dag.py:4180} INFO - Setting next_dagrun for tutorial_dag to None, run_after=None
[2025-08-06T14:35:44.243-0400] {processor.py:208} INFO - Processing /home/huynguyen2741/airflow_venv/lib/python3.12/site-packages/airflow/example_dags/tutorial_dag.py took 0.052 seconds
[2025-08-06T14:36:49.318-0400] {processor.py:186} INFO - Started process (PID=28681) to work on /home/huynguyen2741/airflow_venv/lib/python3.12/site-packages/airflow/example_dags/tutorial_dag.py
[2025-08-06T14:36:49.323-0400] {processor.py:914} INFO - Processing file /home/huynguyen2741/airflow_venv/lib/python3.12/site-packages/airflow/example_dags/tutorial_dag.py for tasks to queue
[2025-08-06T14:36:49.325-0400] {logging_mixin.py:190} INFO - [2025-08-06T14:36:49.324-0400] {dagbag.py:588} INFO - Filling up the DagBag from /home/huynguyen2741/airflow_venv/lib/python3.12/site-packages/airflow/example_dags/tutorial_dag.py
[2025-08-06T14:36:49.334-0400] {processor.py:925} INFO - DAG(s) 'tutorial_dag' retrieved from /home/huynguyen2741/airflow_venv/lib/python3.12/site-packages/airflow/example_dags/tutorial_dag.py
[2025-08-06T14:36:49.355-0400] {logging_mixin.py:190} INFO - [2025-08-06T14:36:49.355-0400] {dag.py:3239} INFO - Sync 1 DAGs
[2025-08-06T14:36:49.369-0400] {logging_mixin.py:190} INFO - [2025-08-06T14:36:49.369-0400] {dag.py:4180} INFO - Setting next_dagrun for tutorial_dag to None, run_after=None
[2025-08-06T14:36:49.388-0400] {processor.py:208} INFO - Processing /home/huynguyen2741/airflow_venv/lib/python3.12/site-packages/airflow/example_dags/tutorial_dag.py took 0.078 seconds
[2025-08-06T14:37:55.322-0400] {processor.py:186} INFO - Started process (PID=28926) to work on /home/huynguyen2741/airflow_venv/lib/python3.12/site-packages/airflow/example_dags/tutorial_dag.py
[2025-08-06T14:37:55.331-0400] {processor.py:914} INFO - Processing file /home/huynguyen2741/airflow_venv/lib/python3.12/site-packages/airflow/example_dags/tutorial_dag.py for tasks to queue
[2025-08-06T14:37:55.332-0400] {logging_mixin.py:190} INFO - [2025-08-06T14:37:55.331-0400] {dagbag.py:588} INFO - Filling up the DagBag from /home/huynguyen2741/airflow_venv/lib/python3.12/site-packages/airflow/example_dags/tutorial_dag.py
[2025-08-06T14:37:55.337-0400] {processor.py:925} INFO - DAG(s) 'tutorial_dag' retrieved from /home/huynguyen2741/airflow_venv/lib/python3.12/site-packages/airflow/example_dags/tutorial_dag.py
[2025-08-06T14:37:55.349-0400] {logging_mixin.py:190} INFO - [2025-08-06T14:37:55.349-0400] {dag.py:3239} INFO - Sync 1 DAGs
[2025-08-06T14:37:55.357-0400] {logging_mixin.py:190} INFO - [2025-08-06T14:37:55.357-0400] {dag.py:4180} INFO - Setting next_dagrun for tutorial_dag to None, run_after=None
[2025-08-06T14:37:55.374-0400] {processor.py:208} INFO - Processing /home/huynguyen2741/airflow_venv/lib/python3.12/site-packages/airflow/example_dags/tutorial_dag.py took 0.057 seconds
[2025-08-06T14:39:04.213-0400] {processor.py:186} INFO - Started process (PID=29225) to work on /home/huynguyen2741/airflow_venv/lib/python3.12/site-packages/airflow/example_dags/tutorial_dag.py
[2025-08-06T14:39:04.214-0400] {processor.py:914} INFO - Processing file /home/huynguyen2741/airflow_venv/lib/python3.12/site-packages/airflow/example_dags/tutorial_dag.py for tasks to queue
[2025-08-06T14:39:04.215-0400] {logging_mixin.py:190} INFO - [2025-08-06T14:39:04.215-0400] {dagbag.py:588} INFO - Filling up the DagBag from /home/huynguyen2741/airflow_venv/lib/python3.12/site-packages/airflow/example_dags/tutorial_dag.py
[2025-08-06T14:39:04.222-0400] {processor.py:925} INFO - DAG(s) 'tutorial_dag' retrieved from /home/huynguyen2741/airflow_venv/lib/python3.12/site-packages/airflow/example_dags/tutorial_dag.py
[2025-08-06T14:39:04.237-0400] {logging_mixin.py:190} INFO - [2025-08-06T14:39:04.237-0400] {dag.py:3239} INFO - Sync 1 DAGs
[2025-08-06T14:39:04.247-0400] {logging_mixin.py:190} INFO - [2025-08-06T14:39:04.247-0400] {dag.py:4180} INFO - Setting next_dagrun for tutorial_dag to None, run_after=None
[2025-08-06T14:39:04.265-0400] {processor.py:208} INFO - Processing /home/huynguyen2741/airflow_venv/lib/python3.12/site-packages/airflow/example_dags/tutorial_dag.py took 0.058 seconds
[2025-08-06T14:40:01.927-0400] {processor.py:186} INFO - Started process (PID=29439) to work on /home/huynguyen2741/airflow_venv/lib/python3.12/site-packages/airflow/example_dags/tutorial_dag.py
[2025-08-06T14:40:01.928-0400] {processor.py:914} INFO - Processing file /home/huynguyen2741/airflow_venv/lib/python3.12/site-packages/airflow/example_dags/tutorial_dag.py for tasks to queue
[2025-08-06T14:40:01.929-0400] {logging_mixin.py:190} INFO - [2025-08-06T14:40:01.929-0400] {dagbag.py:588} INFO - Filling up the DagBag from /home/huynguyen2741/airflow_venv/lib/python3.12/site-packages/airflow/example_dags/tutorial_dag.py
[2025-08-06T14:40:01.935-0400] {processor.py:925} INFO - DAG(s) 'tutorial_dag' retrieved from /home/huynguyen2741/airflow_venv/lib/python3.12/site-packages/airflow/example_dags/tutorial_dag.py
[2025-08-06T14:40:01.947-0400] {logging_mixin.py:190} INFO - [2025-08-06T14:40:01.947-0400] {dag.py:3239} INFO - Sync 1 DAGs
[2025-08-06T14:40:01.956-0400] {logging_mixin.py:190} INFO - [2025-08-06T14:40:01.956-0400] {dag.py:4180} INFO - Setting next_dagrun for tutorial_dag to None, run_after=None
[2025-08-06T14:40:01.975-0400] {processor.py:208} INFO - Processing /home/huynguyen2741/airflow_venv/lib/python3.12/site-packages/airflow/example_dags/tutorial_dag.py took 0.053 seconds
[2025-08-06T14:40:38.180-0400] {processor.py:186} INFO - Started process (PID=29568) to work on /home/huynguyen2741/airflow_venv/lib/python3.12/site-packages/airflow/example_dags/tutorial_dag.py
[2025-08-06T14:40:38.184-0400] {processor.py:914} INFO - Processing file /home/huynguyen2741/airflow_venv/lib/python3.12/site-packages/airflow/example_dags/tutorial_dag.py for tasks to queue
[2025-08-06T14:40:38.185-0400] {logging_mixin.py:190} INFO - [2025-08-06T14:40:38.184-0400] {dagbag.py:588} INFO - Filling up the DagBag from /home/huynguyen2741/airflow_venv/lib/python3.12/site-packages/airflow/example_dags/tutorial_dag.py
[2025-08-06T14:40:38.191-0400] {processor.py:925} INFO - DAG(s) 'tutorial_dag' retrieved from /home/huynguyen2741/airflow_venv/lib/python3.12/site-packages/airflow/example_dags/tutorial_dag.py
[2025-08-06T14:40:38.203-0400] {logging_mixin.py:190} INFO - [2025-08-06T14:40:38.202-0400] {dag.py:3239} INFO - Sync 1 DAGs
[2025-08-06T14:40:38.211-0400] {logging_mixin.py:190} INFO - [2025-08-06T14:40:38.211-0400] {dag.py:4180} INFO - Setting next_dagrun for tutorial_dag to None, run_after=None
[2025-08-06T14:40:38.228-0400] {processor.py:208} INFO - Processing /home/huynguyen2741/airflow_venv/lib/python3.12/site-packages/airflow/example_dags/tutorial_dag.py took 0.054 seconds
[2025-08-06T14:41:44.908-0400] {processor.py:186} INFO - Started process (PID=29859) to work on /home/huynguyen2741/airflow_venv/lib/python3.12/site-packages/airflow/example_dags/tutorial_dag.py
[2025-08-06T14:41:44.912-0400] {processor.py:914} INFO - Processing file /home/huynguyen2741/airflow_venv/lib/python3.12/site-packages/airflow/example_dags/tutorial_dag.py for tasks to queue
[2025-08-06T14:41:44.913-0400] {logging_mixin.py:190} INFO - [2025-08-06T14:41:44.913-0400] {dagbag.py:588} INFO - Filling up the DagBag from /home/huynguyen2741/airflow_venv/lib/python3.12/site-packages/airflow/example_dags/tutorial_dag.py
[2025-08-06T14:41:44.919-0400] {processor.py:925} INFO - DAG(s) 'tutorial_dag' retrieved from /home/huynguyen2741/airflow_venv/lib/python3.12/site-packages/airflow/example_dags/tutorial_dag.py
[2025-08-06T14:41:44.930-0400] {logging_mixin.py:190} INFO - [2025-08-06T14:41:44.930-0400] {dag.py:3239} INFO - Sync 1 DAGs
[2025-08-06T14:41:44.938-0400] {logging_mixin.py:190} INFO - [2025-08-06T14:41:44.938-0400] {dag.py:4180} INFO - Setting next_dagrun for tutorial_dag to None, run_after=None
[2025-08-06T14:41:44.954-0400] {processor.py:208} INFO - Processing /home/huynguyen2741/airflow_venv/lib/python3.12/site-packages/airflow/example_dags/tutorial_dag.py took 0.052 seconds
[2025-08-06T14:42:48.772-0400] {processor.py:186} INFO - Started process (PID=30087) to work on /home/huynguyen2741/airflow_venv/lib/python3.12/site-packages/airflow/example_dags/tutorial_dag.py
[2025-08-06T14:42:48.782-0400] {processor.py:914} INFO - Processing file /home/huynguyen2741/airflow_venv/lib/python3.12/site-packages/airflow/example_dags/tutorial_dag.py for tasks to queue
[2025-08-06T14:42:48.783-0400] {logging_mixin.py:190} INFO - [2025-08-06T14:42:48.783-0400] {dagbag.py:588} INFO - Filling up the DagBag from /home/huynguyen2741/airflow_venv/lib/python3.12/site-packages/airflow/example_dags/tutorial_dag.py
[2025-08-06T14:42:48.789-0400] {processor.py:925} INFO - DAG(s) 'tutorial_dag' retrieved from /home/huynguyen2741/airflow_venv/lib/python3.12/site-packages/airflow/example_dags/tutorial_dag.py
[2025-08-06T14:42:48.800-0400] {logging_mixin.py:190} INFO - [2025-08-06T14:42:48.799-0400] {dag.py:3239} INFO - Sync 1 DAGs
[2025-08-06T14:42:48.808-0400] {logging_mixin.py:190} INFO - [2025-08-06T14:42:48.808-0400] {dag.py:4180} INFO - Setting next_dagrun for tutorial_dag to None, run_after=None
[2025-08-06T14:42:48.824-0400] {processor.py:208} INFO - Processing /home/huynguyen2741/airflow_venv/lib/python3.12/site-packages/airflow/example_dags/tutorial_dag.py took 0.058 seconds
[2025-08-06T14:43:55.749-0400] {processor.py:186} INFO - Started process (PID=30329) to work on /home/huynguyen2741/airflow_venv/lib/python3.12/site-packages/airflow/example_dags/tutorial_dag.py
[2025-08-06T14:43:55.761-0400] {processor.py:914} INFO - Processing file /home/huynguyen2741/airflow_venv/lib/python3.12/site-packages/airflow/example_dags/tutorial_dag.py for tasks to queue
[2025-08-06T14:43:55.763-0400] {logging_mixin.py:190} INFO - [2025-08-06T14:43:55.762-0400] {dagbag.py:588} INFO - Filling up the DagBag from /home/huynguyen2741/airflow_venv/lib/python3.12/site-packages/airflow/example_dags/tutorial_dag.py
[2025-08-06T14:43:55.770-0400] {processor.py:925} INFO - DAG(s) 'tutorial_dag' retrieved from /home/huynguyen2741/airflow_venv/lib/python3.12/site-packages/airflow/example_dags/tutorial_dag.py
[2025-08-06T14:43:55.787-0400] {logging_mixin.py:190} INFO - [2025-08-06T14:43:55.787-0400] {dag.py:3239} INFO - Sync 1 DAGs
[2025-08-06T14:43:55.800-0400] {logging_mixin.py:190} INFO - [2025-08-06T14:43:55.800-0400] {dag.py:4180} INFO - Setting next_dagrun for tutorial_dag to None, run_after=None
[2025-08-06T14:43:55.821-0400] {processor.py:208} INFO - Processing /home/huynguyen2741/airflow_venv/lib/python3.12/site-packages/airflow/example_dags/tutorial_dag.py took 0.078 seconds
[2025-08-06T14:44:52.738-0400] {processor.py:186} INFO - Started process (PID=30577) to work on /home/huynguyen2741/airflow_venv/lib/python3.12/site-packages/airflow/example_dags/tutorial_dag.py
[2025-08-06T14:44:52.739-0400] {processor.py:914} INFO - Processing file /home/huynguyen2741/airflow_venv/lib/python3.12/site-packages/airflow/example_dags/tutorial_dag.py for tasks to queue
[2025-08-06T14:44:52.740-0400] {logging_mixin.py:190} INFO - [2025-08-06T14:44:52.740-0400] {dagbag.py:588} INFO - Filling up the DagBag from /home/huynguyen2741/airflow_venv/lib/python3.12/site-packages/airflow/example_dags/tutorial_dag.py
[2025-08-06T14:44:52.746-0400] {processor.py:925} INFO - DAG(s) 'tutorial_dag' retrieved from /home/huynguyen2741/airflow_venv/lib/python3.12/site-packages/airflow/example_dags/tutorial_dag.py
[2025-08-06T14:44:52.757-0400] {logging_mixin.py:190} INFO - [2025-08-06T14:44:52.757-0400] {dag.py:3239} INFO - Sync 1 DAGs
[2025-08-06T14:44:52.766-0400] {logging_mixin.py:190} INFO - [2025-08-06T14:44:52.766-0400] {dag.py:4180} INFO - Setting next_dagrun for tutorial_dag to None, run_after=None
[2025-08-06T14:44:52.783-0400] {processor.py:208} INFO - Processing /home/huynguyen2741/airflow_venv/lib/python3.12/site-packages/airflow/example_dags/tutorial_dag.py took 0.050 seconds
[2025-08-06T14:45:49.725-0400] {processor.py:186} INFO - Started process (PID=30834) to work on /home/huynguyen2741/airflow_venv/lib/python3.12/site-packages/airflow/example_dags/tutorial_dag.py
[2025-08-06T14:45:49.729-0400] {processor.py:914} INFO - Processing file /home/huynguyen2741/airflow_venv/lib/python3.12/site-packages/airflow/example_dags/tutorial_dag.py for tasks to queue
[2025-08-06T14:45:49.730-0400] {logging_mixin.py:190} INFO - [2025-08-06T14:45:49.730-0400] {dagbag.py:588} INFO - Filling up the DagBag from /home/huynguyen2741/airflow_venv/lib/python3.12/site-packages/airflow/example_dags/tutorial_dag.py
[2025-08-06T14:45:49.736-0400] {processor.py:925} INFO - DAG(s) 'tutorial_dag' retrieved from /home/huynguyen2741/airflow_venv/lib/python3.12/site-packages/airflow/example_dags/tutorial_dag.py
[2025-08-06T14:45:49.747-0400] {logging_mixin.py:190} INFO - [2025-08-06T14:45:49.747-0400] {dag.py:3239} INFO - Sync 1 DAGs
[2025-08-06T14:45:49.755-0400] {logging_mixin.py:190} INFO - [2025-08-06T14:45:49.755-0400] {dag.py:4180} INFO - Setting next_dagrun for tutorial_dag to None, run_after=None
[2025-08-06T14:45:49.770-0400] {processor.py:208} INFO - Processing /home/huynguyen2741/airflow_venv/lib/python3.12/site-packages/airflow/example_dags/tutorial_dag.py took 0.051 seconds
[2025-08-06T14:46:53.458-0400] {processor.py:186} INFO - Started process (PID=31127) to work on /home/huynguyen2741/airflow_venv/lib/python3.12/site-packages/airflow/example_dags/tutorial_dag.py
[2025-08-06T14:46:53.459-0400] {processor.py:914} INFO - Processing file /home/huynguyen2741/airflow_venv/lib/python3.12/site-packages/airflow/example_dags/tutorial_dag.py for tasks to queue
[2025-08-06T14:46:53.460-0400] {logging_mixin.py:190} INFO - [2025-08-06T14:46:53.460-0400] {dagbag.py:588} INFO - Filling up the DagBag from /home/huynguyen2741/airflow_venv/lib/python3.12/site-packages/airflow/example_dags/tutorial_dag.py
[2025-08-06T14:46:53.467-0400] {processor.py:925} INFO - DAG(s) 'tutorial_dag' retrieved from /home/huynguyen2741/airflow_venv/lib/python3.12/site-packages/airflow/example_dags/tutorial_dag.py
[2025-08-06T14:46:53.479-0400] {logging_mixin.py:190} INFO - [2025-08-06T14:46:53.479-0400] {dag.py:3239} INFO - Sync 1 DAGs
[2025-08-06T14:46:53.489-0400] {logging_mixin.py:190} INFO - [2025-08-06T14:46:53.489-0400] {dag.py:4180} INFO - Setting next_dagrun for tutorial_dag to None, run_after=None
[2025-08-06T14:46:53.505-0400] {processor.py:208} INFO - Processing /home/huynguyen2741/airflow_venv/lib/python3.12/site-packages/airflow/example_dags/tutorial_dag.py took 0.053 seconds
[2025-08-06T14:48:15.739-0400] {processor.py:186} INFO - Started process (PID=31632) to work on /home/huynguyen2741/airflow_venv/lib/python3.12/site-packages/airflow/example_dags/tutorial_dag.py
[2025-08-06T14:48:15.740-0400] {processor.py:914} INFO - Processing file /home/huynguyen2741/airflow_venv/lib/python3.12/site-packages/airflow/example_dags/tutorial_dag.py for tasks to queue
[2025-08-06T14:48:15.741-0400] {logging_mixin.py:190} INFO - [2025-08-06T14:48:15.741-0400] {dagbag.py:588} INFO - Filling up the DagBag from /home/huynguyen2741/airflow_venv/lib/python3.12/site-packages/airflow/example_dags/tutorial_dag.py
[2025-08-06T14:48:15.747-0400] {processor.py:925} INFO - DAG(s) 'tutorial_dag' retrieved from /home/huynguyen2741/airflow_venv/lib/python3.12/site-packages/airflow/example_dags/tutorial_dag.py
[2025-08-06T14:48:15.759-0400] {logging_mixin.py:190} INFO - [2025-08-06T14:48:15.759-0400] {dag.py:3239} INFO - Sync 1 DAGs
[2025-08-06T14:48:15.768-0400] {logging_mixin.py:190} INFO - [2025-08-06T14:48:15.767-0400] {dag.py:4180} INFO - Setting next_dagrun for tutorial_dag to None, run_after=None
[2025-08-06T14:48:15.785-0400] {processor.py:208} INFO - Processing /home/huynguyen2741/airflow_venv/lib/python3.12/site-packages/airflow/example_dags/tutorial_dag.py took 0.052 seconds
[2025-08-06T14:48:59.430-0400] {processor.py:186} INFO - Started process (PID=31782) to work on /home/huynguyen2741/airflow_venv/lib/python3.12/site-packages/airflow/example_dags/tutorial_dag.py
[2025-08-06T14:48:59.430-0400] {processor.py:914} INFO - Processing file /home/huynguyen2741/airflow_venv/lib/python3.12/site-packages/airflow/example_dags/tutorial_dag.py for tasks to queue
[2025-08-06T14:48:59.431-0400] {logging_mixin.py:190} INFO - [2025-08-06T14:48:59.431-0400] {dagbag.py:588} INFO - Filling up the DagBag from /home/huynguyen2741/airflow_venv/lib/python3.12/site-packages/airflow/example_dags/tutorial_dag.py
[2025-08-06T14:48:59.437-0400] {processor.py:925} INFO - DAG(s) 'tutorial_dag' retrieved from /home/huynguyen2741/airflow_venv/lib/python3.12/site-packages/airflow/example_dags/tutorial_dag.py
[2025-08-06T14:48:59.448-0400] {logging_mixin.py:190} INFO - [2025-08-06T14:48:59.448-0400] {dag.py:3239} INFO - Sync 1 DAGs
[2025-08-06T14:48:59.456-0400] {logging_mixin.py:190} INFO - [2025-08-06T14:48:59.456-0400] {dag.py:4180} INFO - Setting next_dagrun for tutorial_dag to None, run_after=None
[2025-08-06T14:48:59.472-0400] {processor.py:208} INFO - Processing /home/huynguyen2741/airflow_venv/lib/python3.12/site-packages/airflow/example_dags/tutorial_dag.py took 0.048 seconds
[2025-08-06T14:49:59.825-0400] {processor.py:186} INFO - Started process (PID=32008) to work on /home/huynguyen2741/airflow_venv/lib/python3.12/site-packages/airflow/example_dags/tutorial_dag.py
[2025-08-06T14:49:59.826-0400] {processor.py:914} INFO - Processing file /home/huynguyen2741/airflow_venv/lib/python3.12/site-packages/airflow/example_dags/tutorial_dag.py for tasks to queue
[2025-08-06T14:49:59.827-0400] {logging_mixin.py:190} INFO - [2025-08-06T14:49:59.827-0400] {dagbag.py:588} INFO - Filling up the DagBag from /home/huynguyen2741/airflow_venv/lib/python3.12/site-packages/airflow/example_dags/tutorial_dag.py
[2025-08-06T14:49:59.833-0400] {processor.py:925} INFO - DAG(s) 'tutorial_dag' retrieved from /home/huynguyen2741/airflow_venv/lib/python3.12/site-packages/airflow/example_dags/tutorial_dag.py
[2025-08-06T14:49:59.844-0400] {logging_mixin.py:190} INFO - [2025-08-06T14:49:59.843-0400] {dag.py:3239} INFO - Sync 1 DAGs
[2025-08-06T14:49:59.852-0400] {logging_mixin.py:190} INFO - [2025-08-06T14:49:59.852-0400] {dag.py:4180} INFO - Setting next_dagrun for tutorial_dag to None, run_after=None
[2025-08-06T14:49:59.867-0400] {processor.py:208} INFO - Processing /home/huynguyen2741/airflow_venv/lib/python3.12/site-packages/airflow/example_dags/tutorial_dag.py took 0.048 seconds
[2025-08-06T14:51:03.357-0400] {processor.py:186} INFO - Started process (PID=32236) to work on /home/huynguyen2741/airflow_venv/lib/python3.12/site-packages/airflow/example_dags/tutorial_dag.py
[2025-08-06T14:51:03.362-0400] {processor.py:914} INFO - Processing file /home/huynguyen2741/airflow_venv/lib/python3.12/site-packages/airflow/example_dags/tutorial_dag.py for tasks to queue
[2025-08-06T14:51:03.363-0400] {logging_mixin.py:190} INFO - [2025-08-06T14:51:03.363-0400] {dagbag.py:588} INFO - Filling up the DagBag from /home/huynguyen2741/airflow_venv/lib/python3.12/site-packages/airflow/example_dags/tutorial_dag.py
[2025-08-06T14:51:03.369-0400] {processor.py:925} INFO - DAG(s) 'tutorial_dag' retrieved from /home/huynguyen2741/airflow_venv/lib/python3.12/site-packages/airflow/example_dags/tutorial_dag.py
[2025-08-06T14:51:03.379-0400] {logging_mixin.py:190} INFO - [2025-08-06T14:51:03.379-0400] {dag.py:3239} INFO - Sync 1 DAGs
[2025-08-06T14:51:03.388-0400] {logging_mixin.py:190} INFO - [2025-08-06T14:51:03.388-0400] {dag.py:4180} INFO - Setting next_dagrun for tutorial_dag to None, run_after=None
[2025-08-06T14:51:03.403-0400] {processor.py:208} INFO - Processing /home/huynguyen2741/airflow_venv/lib/python3.12/site-packages/airflow/example_dags/tutorial_dag.py took 0.052 seconds
[2025-08-06T14:52:06.166-0400] {processor.py:186} INFO - Started process (PID=32497) to work on /home/huynguyen2741/airflow_venv/lib/python3.12/site-packages/airflow/example_dags/tutorial_dag.py
[2025-08-06T14:52:06.170-0400] {processor.py:914} INFO - Processing file /home/huynguyen2741/airflow_venv/lib/python3.12/site-packages/airflow/example_dags/tutorial_dag.py for tasks to queue
[2025-08-06T14:52:06.171-0400] {logging_mixin.py:190} INFO - [2025-08-06T14:52:06.171-0400] {dagbag.py:588} INFO - Filling up the DagBag from /home/huynguyen2741/airflow_venv/lib/python3.12/site-packages/airflow/example_dags/tutorial_dag.py
[2025-08-06T14:52:06.177-0400] {processor.py:925} INFO - DAG(s) 'tutorial_dag' retrieved from /home/huynguyen2741/airflow_venv/lib/python3.12/site-packages/airflow/example_dags/tutorial_dag.py
[2025-08-06T14:52:06.188-0400] {logging_mixin.py:190} INFO - [2025-08-06T14:52:06.188-0400] {dag.py:3239} INFO - Sync 1 DAGs
[2025-08-06T14:52:06.196-0400] {logging_mixin.py:190} INFO - [2025-08-06T14:52:06.196-0400] {dag.py:4180} INFO - Setting next_dagrun for tutorial_dag to None, run_after=None
[2025-08-06T14:52:06.213-0400] {processor.py:208} INFO - Processing /home/huynguyen2741/airflow_venv/lib/python3.12/site-packages/airflow/example_dags/tutorial_dag.py took 0.053 seconds
[2025-08-06T14:53:08.966-0400] {processor.py:186} INFO - Started process (PID=32794) to work on /home/huynguyen2741/airflow_venv/lib/python3.12/site-packages/airflow/example_dags/tutorial_dag.py
[2025-08-06T14:53:08.970-0400] {processor.py:914} INFO - Processing file /home/huynguyen2741/airflow_venv/lib/python3.12/site-packages/airflow/example_dags/tutorial_dag.py for tasks to queue
[2025-08-06T14:53:08.971-0400] {logging_mixin.py:190} INFO - [2025-08-06T14:53:08.971-0400] {dagbag.py:588} INFO - Filling up the DagBag from /home/huynguyen2741/airflow_venv/lib/python3.12/site-packages/airflow/example_dags/tutorial_dag.py
[2025-08-06T14:53:08.977-0400] {processor.py:925} INFO - DAG(s) 'tutorial_dag' retrieved from /home/huynguyen2741/airflow_venv/lib/python3.12/site-packages/airflow/example_dags/tutorial_dag.py
[2025-08-06T14:53:08.989-0400] {logging_mixin.py:190} INFO - [2025-08-06T14:53:08.988-0400] {dag.py:3239} INFO - Sync 1 DAGs
[2025-08-06T14:53:08.999-0400] {logging_mixin.py:190} INFO - [2025-08-06T14:53:08.999-0400] {dag.py:4180} INFO - Setting next_dagrun for tutorial_dag to None, run_after=None
[2025-08-06T14:53:09.016-0400] {processor.py:208} INFO - Processing /home/huynguyen2741/airflow_venv/lib/python3.12/site-packages/airflow/example_dags/tutorial_dag.py took 0.055 seconds
[2025-08-06T14:54:11.567-0400] {processor.py:186} INFO - Started process (PID=33210) to work on /home/huynguyen2741/airflow_venv/lib/python3.12/site-packages/airflow/example_dags/tutorial_dag.py
[2025-08-06T14:54:11.571-0400] {processor.py:914} INFO - Processing file /home/huynguyen2741/airflow_venv/lib/python3.12/site-packages/airflow/example_dags/tutorial_dag.py for tasks to queue
[2025-08-06T14:54:11.572-0400] {logging_mixin.py:190} INFO - [2025-08-06T14:54:11.571-0400] {dagbag.py:588} INFO - Filling up the DagBag from /home/huynguyen2741/airflow_venv/lib/python3.12/site-packages/airflow/example_dags/tutorial_dag.py
[2025-08-06T14:54:11.577-0400] {processor.py:925} INFO - DAG(s) 'tutorial_dag' retrieved from /home/huynguyen2741/airflow_venv/lib/python3.12/site-packages/airflow/example_dags/tutorial_dag.py
[2025-08-06T14:54:11.588-0400] {logging_mixin.py:190} INFO - [2025-08-06T14:54:11.588-0400] {dag.py:3239} INFO - Sync 1 DAGs
[2025-08-06T14:54:11.596-0400] {logging_mixin.py:190} INFO - [2025-08-06T14:54:11.596-0400] {dag.py:4180} INFO - Setting next_dagrun for tutorial_dag to None, run_after=None
[2025-08-06T14:54:11.611-0400] {processor.py:208} INFO - Processing /home/huynguyen2741/airflow_venv/lib/python3.12/site-packages/airflow/example_dags/tutorial_dag.py took 0.050 seconds
[2025-08-06T14:55:02.899-0400] {processor.py:186} INFO - Started process (PID=33526) to work on /home/huynguyen2741/airflow_venv/lib/python3.12/site-packages/airflow/example_dags/tutorial_dag.py
[2025-08-06T14:55:02.909-0400] {processor.py:914} INFO - Processing file /home/huynguyen2741/airflow_venv/lib/python3.12/site-packages/airflow/example_dags/tutorial_dag.py for tasks to queue
[2025-08-06T14:55:02.910-0400] {logging_mixin.py:190} INFO - [2025-08-06T14:55:02.910-0400] {dagbag.py:588} INFO - Filling up the DagBag from /home/huynguyen2741/airflow_venv/lib/python3.12/site-packages/airflow/example_dags/tutorial_dag.py
[2025-08-06T14:55:02.916-0400] {processor.py:925} INFO - DAG(s) 'tutorial_dag' retrieved from /home/huynguyen2741/airflow_venv/lib/python3.12/site-packages/airflow/example_dags/tutorial_dag.py
[2025-08-06T14:55:02.927-0400] {logging_mixin.py:190} INFO - [2025-08-06T14:55:02.927-0400] {dag.py:3239} INFO - Sync 1 DAGs
[2025-08-06T14:55:02.936-0400] {logging_mixin.py:190} INFO - [2025-08-06T14:55:02.935-0400] {dag.py:4180} INFO - Setting next_dagrun for tutorial_dag to None, run_after=None
[2025-08-06T14:55:02.951-0400] {processor.py:208} INFO - Processing /home/huynguyen2741/airflow_venv/lib/python3.12/site-packages/airflow/example_dags/tutorial_dag.py took 0.058 seconds
[2025-08-06T14:56:06.256-0400] {processor.py:186} INFO - Started process (PID=33802) to work on /home/huynguyen2741/airflow_venv/lib/python3.12/site-packages/airflow/example_dags/tutorial_dag.py
[2025-08-06T14:56:06.261-0400] {processor.py:914} INFO - Processing file /home/huynguyen2741/airflow_venv/lib/python3.12/site-packages/airflow/example_dags/tutorial_dag.py for tasks to queue
[2025-08-06T14:56:06.262-0400] {logging_mixin.py:190} INFO - [2025-08-06T14:56:06.262-0400] {dagbag.py:588} INFO - Filling up the DagBag from /home/huynguyen2741/airflow_venv/lib/python3.12/site-packages/airflow/example_dags/tutorial_dag.py
[2025-08-06T14:56:06.272-0400] {processor.py:925} INFO - DAG(s) 'tutorial_dag' retrieved from /home/huynguyen2741/airflow_venv/lib/python3.12/site-packages/airflow/example_dags/tutorial_dag.py
[2025-08-06T14:56:06.289-0400] {logging_mixin.py:190} INFO - [2025-08-06T14:56:06.288-0400] {dag.py:3239} INFO - Sync 1 DAGs
[2025-08-06T14:56:06.302-0400] {logging_mixin.py:190} INFO - [2025-08-06T14:56:06.302-0400] {dag.py:4180} INFO - Setting next_dagrun for tutorial_dag to None, run_after=None
[2025-08-06T14:56:06.320-0400] {processor.py:208} INFO - Processing /home/huynguyen2741/airflow_venv/lib/python3.12/site-packages/airflow/example_dags/tutorial_dag.py took 0.073 seconds
[2025-08-06T14:57:09.789-0400] {processor.py:186} INFO - Started process (PID=34090) to work on /home/huynguyen2741/airflow_venv/lib/python3.12/site-packages/airflow/example_dags/tutorial_dag.py
[2025-08-06T14:57:09.799-0400] {processor.py:914} INFO - Processing file /home/huynguyen2741/airflow_venv/lib/python3.12/site-packages/airflow/example_dags/tutorial_dag.py for tasks to queue
[2025-08-06T14:57:09.800-0400] {logging_mixin.py:190} INFO - [2025-08-06T14:57:09.800-0400] {dagbag.py:588} INFO - Filling up the DagBag from /home/huynguyen2741/airflow_venv/lib/python3.12/site-packages/airflow/example_dags/tutorial_dag.py
[2025-08-06T14:57:09.806-0400] {processor.py:925} INFO - DAG(s) 'tutorial_dag' retrieved from /home/huynguyen2741/airflow_venv/lib/python3.12/site-packages/airflow/example_dags/tutorial_dag.py
[2025-08-06T14:57:09.816-0400] {logging_mixin.py:190} INFO - [2025-08-06T14:57:09.816-0400] {dag.py:3239} INFO - Sync 1 DAGs
[2025-08-06T14:57:09.825-0400] {logging_mixin.py:190} INFO - [2025-08-06T14:57:09.825-0400] {dag.py:4180} INFO - Setting next_dagrun for tutorial_dag to None, run_after=None
[2025-08-06T14:57:09.843-0400] {processor.py:208} INFO - Processing /home/huynguyen2741/airflow_venv/lib/python3.12/site-packages/airflow/example_dags/tutorial_dag.py took 0.060 seconds
[2025-08-06T14:58:09.316-0400] {processor.py:186} INFO - Started process (PID=34340) to work on /home/huynguyen2741/airflow_venv/lib/python3.12/site-packages/airflow/example_dags/tutorial_dag.py
[2025-08-06T14:58:09.320-0400] {processor.py:914} INFO - Processing file /home/huynguyen2741/airflow_venv/lib/python3.12/site-packages/airflow/example_dags/tutorial_dag.py for tasks to queue
[2025-08-06T14:58:09.321-0400] {logging_mixin.py:190} INFO - [2025-08-06T14:58:09.320-0400] {dagbag.py:588} INFO - Filling up the DagBag from /home/huynguyen2741/airflow_venv/lib/python3.12/site-packages/airflow/example_dags/tutorial_dag.py
[2025-08-06T14:58:09.326-0400] {processor.py:925} INFO - DAG(s) 'tutorial_dag' retrieved from /home/huynguyen2741/airflow_venv/lib/python3.12/site-packages/airflow/example_dags/tutorial_dag.py
[2025-08-06T14:58:09.337-0400] {logging_mixin.py:190} INFO - [2025-08-06T14:58:09.337-0400] {dag.py:3239} INFO - Sync 1 DAGs
[2025-08-06T14:58:09.345-0400] {logging_mixin.py:190} INFO - [2025-08-06T14:58:09.345-0400] {dag.py:4180} INFO - Setting next_dagrun for tutorial_dag to None, run_after=None
[2025-08-06T14:58:09.360-0400] {processor.py:208} INFO - Processing /home/huynguyen2741/airflow_venv/lib/python3.12/site-packages/airflow/example_dags/tutorial_dag.py took 0.050 seconds
[2025-08-06T14:59:10.177-0400] {processor.py:186} INFO - Started process (PID=34596) to work on /home/huynguyen2741/airflow_venv/lib/python3.12/site-packages/airflow/example_dags/tutorial_dag.py
[2025-08-06T14:59:10.177-0400] {processor.py:914} INFO - Processing file /home/huynguyen2741/airflow_venv/lib/python3.12/site-packages/airflow/example_dags/tutorial_dag.py for tasks to queue
[2025-08-06T14:59:10.178-0400] {logging_mixin.py:190} INFO - [2025-08-06T14:59:10.178-0400] {dagbag.py:588} INFO - Filling up the DagBag from /home/huynguyen2741/airflow_venv/lib/python3.12/site-packages/airflow/example_dags/tutorial_dag.py
[2025-08-06T14:59:10.184-0400] {processor.py:925} INFO - DAG(s) 'tutorial_dag' retrieved from /home/huynguyen2741/airflow_venv/lib/python3.12/site-packages/airflow/example_dags/tutorial_dag.py
[2025-08-06T14:59:10.195-0400] {logging_mixin.py:190} INFO - [2025-08-06T14:59:10.195-0400] {dag.py:3239} INFO - Sync 1 DAGs
[2025-08-06T14:59:10.203-0400] {logging_mixin.py:190} INFO - [2025-08-06T14:59:10.203-0400] {dag.py:4180} INFO - Setting next_dagrun for tutorial_dag to None, run_after=None
[2025-08-06T14:59:10.218-0400] {processor.py:208} INFO - Processing /home/huynguyen2741/airflow_venv/lib/python3.12/site-packages/airflow/example_dags/tutorial_dag.py took 0.047 seconds
[2025-08-06T14:59:47.899-0400] {processor.py:186} INFO - Started process (PID=34733) to work on /home/huynguyen2741/airflow_venv/lib/python3.12/site-packages/airflow/example_dags/tutorial_dag.py
[2025-08-06T14:59:47.899-0400] {processor.py:914} INFO - Processing file /home/huynguyen2741/airflow_venv/lib/python3.12/site-packages/airflow/example_dags/tutorial_dag.py for tasks to queue
[2025-08-06T14:59:47.900-0400] {logging_mixin.py:190} INFO - [2025-08-06T14:59:47.900-0400] {dagbag.py:588} INFO - Filling up the DagBag from /home/huynguyen2741/airflow_venv/lib/python3.12/site-packages/airflow/example_dags/tutorial_dag.py
[2025-08-06T14:59:47.906-0400] {processor.py:925} INFO - DAG(s) 'tutorial_dag' retrieved from /home/huynguyen2741/airflow_venv/lib/python3.12/site-packages/airflow/example_dags/tutorial_dag.py
[2025-08-06T14:59:47.917-0400] {logging_mixin.py:190} INFO - [2025-08-06T14:59:47.916-0400] {dag.py:3239} INFO - Sync 1 DAGs
[2025-08-06T14:59:47.925-0400] {logging_mixin.py:190} INFO - [2025-08-06T14:59:47.925-0400] {dag.py:4180} INFO - Setting next_dagrun for tutorial_dag to None, run_after=None
[2025-08-06T14:59:47.940-0400] {processor.py:208} INFO - Processing /home/huynguyen2741/airflow_venv/lib/python3.12/site-packages/airflow/example_dags/tutorial_dag.py took 0.047 seconds
